[2024-12-06T22:19:06.735-0600] {processor.py:186} INFO - Started process (PID=12510) to work on /home/m9d9v9/PycharmProjects/Airflow-2/Airflow-2/.venv/lib/python3.10/site-packages/airflow/example_dags/example_outlet_event_extra.py
[2024-12-06T22:19:06.736-0600] {processor.py:914} INFO - Processing file /home/m9d9v9/PycharmProjects/Airflow-2/Airflow-2/.venv/lib/python3.10/site-packages/airflow/example_dags/example_outlet_event_extra.py for tasks to queue
[2024-12-06T22:19:06.738-0600] {logging_mixin.py:190} INFO - [2024-12-06T22:19:06.738-0600] {dagbag.py:588} INFO - Filling up the DagBag from /home/m9d9v9/PycharmProjects/Airflow-2/Airflow-2/.venv/lib/python3.10/site-packages/airflow/example_dags/example_outlet_event_extra.py
[2024-12-06T22:19:06.749-0600] {processor.py:925} INFO - DAG(s) 'dataset_with_extra_by_yield', 'dataset_with_extra_by_context', 'dataset_with_extra_from_classic_operator' retrieved from /home/m9d9v9/PycharmProjects/Airflow-2/Airflow-2/.venv/lib/python3.10/site-packages/airflow/example_dags/example_outlet_event_extra.py
[2024-12-06T22:19:06.823-0600] {logging_mixin.py:190} INFO - [2024-12-06T22:19:06.822-0600] {override.py:1911} INFO - Created Permission View: can edit on DAG:dataset_with_extra_by_yield
[2024-12-06T22:19:06.831-0600] {logging_mixin.py:190} INFO - [2024-12-06T22:19:06.831-0600] {override.py:1911} INFO - Created Permission View: can read on DAG:dataset_with_extra_by_yield
[2024-12-06T22:19:06.836-0600] {logging_mixin.py:190} INFO - [2024-12-06T22:19:06.835-0600] {override.py:1911} INFO - Created Permission View: can delete on DAG:dataset_with_extra_by_yield
[2024-12-06T22:19:06.843-0600] {logging_mixin.py:190} INFO - [2024-12-06T22:19:06.843-0600] {override.py:1911} INFO - Created Permission View: menu access on DAG Run:dataset_with_extra_by_yield
[2024-12-06T22:19:06.849-0600] {logging_mixin.py:190} INFO - [2024-12-06T22:19:06.849-0600] {override.py:1911} INFO - Created Permission View: can create on DAG Run:dataset_with_extra_by_yield
[2024-12-06T22:19:06.854-0600] {logging_mixin.py:190} INFO - [2024-12-06T22:19:06.854-0600] {override.py:1911} INFO - Created Permission View: can read on DAG Run:dataset_with_extra_by_yield
[2024-12-06T22:19:06.859-0600] {logging_mixin.py:190} INFO - [2024-12-06T22:19:06.858-0600] {override.py:1911} INFO - Created Permission View: can delete on DAG Run:dataset_with_extra_by_yield
[2024-12-06T22:19:06.868-0600] {logging_mixin.py:190} INFO - [2024-12-06T22:19:06.868-0600] {override.py:1911} INFO - Created Permission View: can edit on DAG:dataset_with_extra_by_context
[2024-12-06T22:19:06.873-0600] {logging_mixin.py:190} INFO - [2024-12-06T22:19:06.872-0600] {override.py:1911} INFO - Created Permission View: can read on DAG:dataset_with_extra_by_context
[2024-12-06T22:19:06.878-0600] {logging_mixin.py:190} INFO - [2024-12-06T22:19:06.878-0600] {override.py:1911} INFO - Created Permission View: can delete on DAG:dataset_with_extra_by_context
[2024-12-06T22:19:06.889-0600] {logging_mixin.py:190} INFO - [2024-12-06T22:19:06.888-0600] {override.py:1911} INFO - Created Permission View: menu access on DAG Run:dataset_with_extra_by_context
[2024-12-06T22:19:06.895-0600] {logging_mixin.py:190} INFO - [2024-12-06T22:19:06.894-0600] {override.py:1911} INFO - Created Permission View: can create on DAG Run:dataset_with_extra_by_context
[2024-12-06T22:19:06.899-0600] {logging_mixin.py:190} INFO - [2024-12-06T22:19:06.899-0600] {override.py:1911} INFO - Created Permission View: can read on DAG Run:dataset_with_extra_by_context
[2024-12-06T22:19:06.903-0600] {logging_mixin.py:190} INFO - [2024-12-06T22:19:06.903-0600] {override.py:1911} INFO - Created Permission View: can delete on DAG Run:dataset_with_extra_by_context
[2024-12-06T22:19:06.923-0600] {logging_mixin.py:190} INFO - [2024-12-06T22:19:06.923-0600] {override.py:1911} INFO - Created Permission View: can edit on DAG:dataset_with_extra_from_classic_operator
[2024-12-06T22:19:06.927-0600] {logging_mixin.py:190} INFO - [2024-12-06T22:19:06.927-0600] {override.py:1911} INFO - Created Permission View: can read on DAG:dataset_with_extra_from_classic_operator
[2024-12-06T22:19:06.932-0600] {logging_mixin.py:190} INFO - [2024-12-06T22:19:06.932-0600] {override.py:1911} INFO - Created Permission View: can delete on DAG:dataset_with_extra_from_classic_operator
[2024-12-06T22:19:06.940-0600] {logging_mixin.py:190} INFO - [2024-12-06T22:19:06.939-0600] {override.py:1911} INFO - Created Permission View: menu access on DAG Run:dataset_with_extra_from_classic_operator
[2024-12-06T22:19:06.946-0600] {logging_mixin.py:190} INFO - [2024-12-06T22:19:06.945-0600] {override.py:1911} INFO - Created Permission View: can create on DAG Run:dataset_with_extra_from_classic_operator
[2024-12-06T22:19:06.951-0600] {logging_mixin.py:190} INFO - [2024-12-06T22:19:06.951-0600] {override.py:1911} INFO - Created Permission View: can read on DAG Run:dataset_with_extra_from_classic_operator
[2024-12-06T22:19:06.957-0600] {logging_mixin.py:190} INFO - [2024-12-06T22:19:06.957-0600] {override.py:1911} INFO - Created Permission View: can delete on DAG Run:dataset_with_extra_from_classic_operator
[2024-12-06T22:19:06.958-0600] {logging_mixin.py:190} INFO - [2024-12-06T22:19:06.958-0600] {dag.py:3239} INFO - Sync 3 DAGs
[2024-12-06T22:19:06.966-0600] {logging_mixin.py:190} INFO - [2024-12-06T22:19:06.966-0600] {dag.py:3262} INFO - Creating ORM DAG for dataset_with_extra_by_yield
[2024-12-06T22:19:06.967-0600] {logging_mixin.py:190} INFO - [2024-12-06T22:19:06.967-0600] {dag.py:3262} INFO - Creating ORM DAG for dataset_with_extra_by_context
[2024-12-06T22:19:06.967-0600] {logging_mixin.py:190} INFO - [2024-12-06T22:19:06.967-0600] {dag.py:3262} INFO - Creating ORM DAG for dataset_with_extra_from_classic_operator
[2024-12-06T22:19:06.973-0600] {logging_mixin.py:190} INFO - [2024-12-06T22:19:06.973-0600] {dag.py:4180} INFO - Setting next_dagrun for dataset_with_extra_by_context to 2024-12-06 00:00:00+00:00, run_after=2024-12-07 00:00:00+00:00
[2024-12-06T22:19:06.974-0600] {logging_mixin.py:190} INFO - [2024-12-06T22:19:06.974-0600] {dag.py:4180} INFO - Setting next_dagrun for dataset_with_extra_by_yield to 2024-12-06 00:00:00+00:00, run_after=2024-12-07 00:00:00+00:00
[2024-12-06T22:19:06.975-0600] {logging_mixin.py:190} INFO - [2024-12-06T22:19:06.975-0600] {dag.py:4180} INFO - Setting next_dagrun for dataset_with_extra_from_classic_operator to 2024-12-06 00:00:00+00:00, run_after=2024-12-07 00:00:00+00:00
[2024-12-06T22:19:06.989-0600] {processor.py:208} INFO - Processing /home/m9d9v9/PycharmProjects/Airflow-2/Airflow-2/.venv/lib/python3.10/site-packages/airflow/example_dags/example_outlet_event_extra.py took 0.259 seconds
[2024-12-06T22:20:06.525-0600] {processor.py:186} INFO - Started process (PID=12622) to work on /home/m9d9v9/PycharmProjects/Airflow-2/Airflow-2/.venv/lib/python3.10/site-packages/airflow/example_dags/example_outlet_event_extra.py
[2024-12-06T22:20:06.531-0600] {processor.py:914} INFO - Processing file /home/m9d9v9/PycharmProjects/Airflow-2/Airflow-2/.venv/lib/python3.10/site-packages/airflow/example_dags/example_outlet_event_extra.py for tasks to queue
[2024-12-06T22:20:06.535-0600] {logging_mixin.py:190} INFO - [2024-12-06T22:20:06.534-0600] {dagbag.py:588} INFO - Filling up the DagBag from /home/m9d9v9/PycharmProjects/Airflow-2/Airflow-2/.venv/lib/python3.10/site-packages/airflow/example_dags/example_outlet_event_extra.py
[2024-12-06T22:20:06.556-0600] {processor.py:925} INFO - DAG(s) 'dataset_with_extra_by_yield', 'dataset_with_extra_by_context', 'dataset_with_extra_from_classic_operator' retrieved from /home/m9d9v9/PycharmProjects/Airflow-2/Airflow-2/.venv/lib/python3.10/site-packages/airflow/example_dags/example_outlet_event_extra.py
[2024-12-06T22:20:06.589-0600] {logging_mixin.py:190} INFO - [2024-12-06T22:20:06.589-0600] {dag.py:3239} INFO - Sync 3 DAGs
[2024-12-06T22:20:06.606-0600] {logging_mixin.py:190} INFO - [2024-12-06T22:20:06.605-0600] {dag.py:4180} INFO - Setting next_dagrun for dataset_with_extra_by_context to 2024-12-06 00:00:00+00:00, run_after=2024-12-07 00:00:00+00:00
[2024-12-06T22:20:06.609-0600] {logging_mixin.py:190} INFO - [2024-12-06T22:20:06.609-0600] {dag.py:4180} INFO - Setting next_dagrun for dataset_with_extra_by_yield to 2024-12-06 00:00:00+00:00, run_after=2024-12-07 00:00:00+00:00
[2024-12-06T22:20:06.610-0600] {logging_mixin.py:190} INFO - [2024-12-06T22:20:06.610-0600] {dag.py:4180} INFO - Setting next_dagrun for dataset_with_extra_from_classic_operator to 2024-12-06 00:00:00+00:00, run_after=2024-12-07 00:00:00+00:00
[2024-12-06T22:20:06.626-0600] {processor.py:208} INFO - Processing /home/m9d9v9/PycharmProjects/Airflow-2/Airflow-2/.venv/lib/python3.10/site-packages/airflow/example_dags/example_outlet_event_extra.py took 0.108 seconds
[2024-12-06T22:21:01.263-0600] {processor.py:186} INFO - Started process (PID=12703) to work on /home/m9d9v9/PycharmProjects/Airflow-2/Airflow-2/.venv/lib/python3.10/site-packages/airflow/example_dags/example_outlet_event_extra.py
[2024-12-06T22:21:01.269-0600] {processor.py:914} INFO - Processing file /home/m9d9v9/PycharmProjects/Airflow-2/Airflow-2/.venv/lib/python3.10/site-packages/airflow/example_dags/example_outlet_event_extra.py for tasks to queue
[2024-12-06T22:21:01.271-0600] {logging_mixin.py:190} INFO - [2024-12-06T22:21:01.271-0600] {dagbag.py:588} INFO - Filling up the DagBag from /home/m9d9v9/PycharmProjects/Airflow-2/Airflow-2/.venv/lib/python3.10/site-packages/airflow/example_dags/example_outlet_event_extra.py
[2024-12-06T22:21:01.282-0600] {processor.py:925} INFO - DAG(s) 'dataset_with_extra_from_classic_operator', 'dataset_with_extra_by_yield', 'dataset_with_extra_by_context' retrieved from /home/m9d9v9/PycharmProjects/Airflow-2/Airflow-2/.venv/lib/python3.10/site-packages/airflow/example_dags/example_outlet_event_extra.py
[2024-12-06T22:21:01.297-0600] {logging_mixin.py:190} INFO - [2024-12-06T22:21:01.297-0600] {dag.py:3239} INFO - Sync 3 DAGs
[2024-12-06T22:21:01.311-0600] {logging_mixin.py:190} INFO - [2024-12-06T22:21:01.311-0600] {dag.py:4180} INFO - Setting next_dagrun for dataset_with_extra_by_context to 2024-12-06 00:00:00+00:00, run_after=2024-12-07 00:00:00+00:00
[2024-12-06T22:21:01.314-0600] {logging_mixin.py:190} INFO - [2024-12-06T22:21:01.314-0600] {dag.py:4180} INFO - Setting next_dagrun for dataset_with_extra_by_yield to 2024-12-06 00:00:00+00:00, run_after=2024-12-07 00:00:00+00:00
[2024-12-06T22:21:01.316-0600] {logging_mixin.py:190} INFO - [2024-12-06T22:21:01.316-0600] {dag.py:4180} INFO - Setting next_dagrun for dataset_with_extra_from_classic_operator to 2024-12-06 00:00:00+00:00, run_after=2024-12-07 00:00:00+00:00
[2024-12-06T22:21:01.328-0600] {processor.py:208} INFO - Processing /home/m9d9v9/PycharmProjects/Airflow-2/Airflow-2/.venv/lib/python3.10/site-packages/airflow/example_dags/example_outlet_event_extra.py took 0.070 seconds
[2024-12-06T22:21:59.511-0600] {processor.py:186} INFO - Started process (PID=12779) to work on /home/m9d9v9/PycharmProjects/Airflow-2/Airflow-2/.venv/lib/python3.10/site-packages/airflow/example_dags/example_outlet_event_extra.py
[2024-12-06T22:21:59.519-0600] {processor.py:914} INFO - Processing file /home/m9d9v9/PycharmProjects/Airflow-2/Airflow-2/.venv/lib/python3.10/site-packages/airflow/example_dags/example_outlet_event_extra.py for tasks to queue
[2024-12-06T22:21:59.523-0600] {logging_mixin.py:190} INFO - [2024-12-06T22:21:59.522-0600] {dagbag.py:588} INFO - Filling up the DagBag from /home/m9d9v9/PycharmProjects/Airflow-2/Airflow-2/.venv/lib/python3.10/site-packages/airflow/example_dags/example_outlet_event_extra.py
[2024-12-06T22:21:59.553-0600] {processor.py:925} INFO - DAG(s) 'dataset_with_extra_by_yield', 'dataset_with_extra_from_classic_operator', 'dataset_with_extra_by_context' retrieved from /home/m9d9v9/PycharmProjects/Airflow-2/Airflow-2/.venv/lib/python3.10/site-packages/airflow/example_dags/example_outlet_event_extra.py
[2024-12-06T22:21:59.572-0600] {logging_mixin.py:190} INFO - [2024-12-06T22:21:59.572-0600] {dag.py:3239} INFO - Sync 3 DAGs
[2024-12-06T22:21:59.586-0600] {logging_mixin.py:190} INFO - [2024-12-06T22:21:59.585-0600] {dag.py:4180} INFO - Setting next_dagrun for dataset_with_extra_by_context to 2024-12-06 00:00:00+00:00, run_after=2024-12-07 00:00:00+00:00
[2024-12-06T22:21:59.589-0600] {logging_mixin.py:190} INFO - [2024-12-06T22:21:59.589-0600] {dag.py:4180} INFO - Setting next_dagrun for dataset_with_extra_by_yield to 2024-12-06 00:00:00+00:00, run_after=2024-12-07 00:00:00+00:00
[2024-12-06T22:21:59.590-0600] {logging_mixin.py:190} INFO - [2024-12-06T22:21:59.590-0600] {dag.py:4180} INFO - Setting next_dagrun for dataset_with_extra_from_classic_operator to 2024-12-06 00:00:00+00:00, run_after=2024-12-07 00:00:00+00:00
[2024-12-06T22:21:59.605-0600] {processor.py:208} INFO - Processing /home/m9d9v9/PycharmProjects/Airflow-2/Airflow-2/.venv/lib/python3.10/site-packages/airflow/example_dags/example_outlet_event_extra.py took 0.103 seconds
[2024-12-06T22:23:16.584-0600] {processor.py:186} INFO - Started process (PID=12942) to work on /home/m9d9v9/PycharmProjects/Airflow-2/Airflow-2/.venv/lib/python3.10/site-packages/airflow/example_dags/example_outlet_event_extra.py
[2024-12-06T22:23:16.591-0600] {processor.py:914} INFO - Processing file /home/m9d9v9/PycharmProjects/Airflow-2/Airflow-2/.venv/lib/python3.10/site-packages/airflow/example_dags/example_outlet_event_extra.py for tasks to queue
[2024-12-06T22:23:16.594-0600] {logging_mixin.py:190} INFO - [2024-12-06T22:23:16.593-0600] {dagbag.py:588} INFO - Filling up the DagBag from /home/m9d9v9/PycharmProjects/Airflow-2/Airflow-2/.venv/lib/python3.10/site-packages/airflow/example_dags/example_outlet_event_extra.py
[2024-12-06T22:23:16.624-0600] {processor.py:925} INFO - DAG(s) 'dataset_with_extra_from_classic_operator', 'dataset_with_extra_by_yield', 'dataset_with_extra_by_context' retrieved from /home/m9d9v9/PycharmProjects/Airflow-2/Airflow-2/.venv/lib/python3.10/site-packages/airflow/example_dags/example_outlet_event_extra.py
[2024-12-06T22:23:16.641-0600] {logging_mixin.py:190} INFO - [2024-12-06T22:23:16.641-0600] {dag.py:3239} INFO - Sync 3 DAGs
[2024-12-06T22:23:16.655-0600] {logging_mixin.py:190} INFO - [2024-12-06T22:23:16.654-0600] {dag.py:4180} INFO - Setting next_dagrun for dataset_with_extra_by_context to 2024-12-06 00:00:00+00:00, run_after=2024-12-07 00:00:00+00:00
[2024-12-06T22:23:16.657-0600] {logging_mixin.py:190} INFO - [2024-12-06T22:23:16.657-0600] {dag.py:4180} INFO - Setting next_dagrun for dataset_with_extra_by_yield to 2024-12-06 00:00:00+00:00, run_after=2024-12-07 00:00:00+00:00
[2024-12-06T22:23:16.658-0600] {logging_mixin.py:190} INFO - [2024-12-06T22:23:16.658-0600] {dag.py:4180} INFO - Setting next_dagrun for dataset_with_extra_from_classic_operator to 2024-12-06 00:00:00+00:00, run_after=2024-12-07 00:00:00+00:00
[2024-12-06T22:23:16.671-0600] {processor.py:208} INFO - Processing /home/m9d9v9/PycharmProjects/Airflow-2/Airflow-2/.venv/lib/python3.10/site-packages/airflow/example_dags/example_outlet_event_extra.py took 0.099 seconds
[2024-12-06T22:24:13.974-0600] {processor.py:186} INFO - Started process (PID=13011) to work on /home/m9d9v9/PycharmProjects/Airflow-2/Airflow-2/.venv/lib/python3.10/site-packages/airflow/example_dags/example_outlet_event_extra.py
[2024-12-06T22:24:13.981-0600] {processor.py:914} INFO - Processing file /home/m9d9v9/PycharmProjects/Airflow-2/Airflow-2/.venv/lib/python3.10/site-packages/airflow/example_dags/example_outlet_event_extra.py for tasks to queue
[2024-12-06T22:24:13.983-0600] {logging_mixin.py:190} INFO - [2024-12-06T22:24:13.983-0600] {dagbag.py:588} INFO - Filling up the DagBag from /home/m9d9v9/PycharmProjects/Airflow-2/Airflow-2/.venv/lib/python3.10/site-packages/airflow/example_dags/example_outlet_event_extra.py
[2024-12-06T22:24:14.013-0600] {processor.py:925} INFO - DAG(s) 'dataset_with_extra_by_context', 'dataset_with_extra_by_yield', 'dataset_with_extra_from_classic_operator' retrieved from /home/m9d9v9/PycharmProjects/Airflow-2/Airflow-2/.venv/lib/python3.10/site-packages/airflow/example_dags/example_outlet_event_extra.py
[2024-12-06T22:24:14.034-0600] {logging_mixin.py:190} INFO - [2024-12-06T22:24:14.034-0600] {dag.py:3239} INFO - Sync 3 DAGs
[2024-12-06T22:24:14.049-0600] {logging_mixin.py:190} INFO - [2024-12-06T22:24:14.049-0600] {dag.py:4180} INFO - Setting next_dagrun for dataset_with_extra_by_context to 2024-12-06 00:00:00+00:00, run_after=2024-12-07 00:00:00+00:00
[2024-12-06T22:24:14.052-0600] {logging_mixin.py:190} INFO - [2024-12-06T22:24:14.052-0600] {dag.py:4180} INFO - Setting next_dagrun for dataset_with_extra_by_yield to 2024-12-06 00:00:00+00:00, run_after=2024-12-07 00:00:00+00:00
[2024-12-06T22:24:14.053-0600] {logging_mixin.py:190} INFO - [2024-12-06T22:24:14.053-0600] {dag.py:4180} INFO - Setting next_dagrun for dataset_with_extra_from_classic_operator to 2024-12-06 00:00:00+00:00, run_after=2024-12-07 00:00:00+00:00
[2024-12-06T22:24:14.066-0600] {processor.py:208} INFO - Processing /home/m9d9v9/PycharmProjects/Airflow-2/Airflow-2/.venv/lib/python3.10/site-packages/airflow/example_dags/example_outlet_event_extra.py took 0.105 seconds
[2024-12-06T22:25:10.850-0600] {processor.py:186} INFO - Started process (PID=13099) to work on /home/m9d9v9/PycharmProjects/Airflow-2/Airflow-2/.venv/lib/python3.10/site-packages/airflow/example_dags/example_outlet_event_extra.py
[2024-12-06T22:25:10.856-0600] {processor.py:914} INFO - Processing file /home/m9d9v9/PycharmProjects/Airflow-2/Airflow-2/.venv/lib/python3.10/site-packages/airflow/example_dags/example_outlet_event_extra.py for tasks to queue
[2024-12-06T22:25:10.857-0600] {logging_mixin.py:190} INFO - [2024-12-06T22:25:10.857-0600] {dagbag.py:588} INFO - Filling up the DagBag from /home/m9d9v9/PycharmProjects/Airflow-2/Airflow-2/.venv/lib/python3.10/site-packages/airflow/example_dags/example_outlet_event_extra.py
[2024-12-06T22:25:10.870-0600] {processor.py:925} INFO - DAG(s) 'dataset_with_extra_by_context', 'dataset_with_extra_from_classic_operator', 'dataset_with_extra_by_yield' retrieved from /home/m9d9v9/PycharmProjects/Airflow-2/Airflow-2/.venv/lib/python3.10/site-packages/airflow/example_dags/example_outlet_event_extra.py
[2024-12-06T22:25:10.884-0600] {logging_mixin.py:190} INFO - [2024-12-06T22:25:10.884-0600] {dag.py:3239} INFO - Sync 3 DAGs
[2024-12-06T22:25:10.900-0600] {logging_mixin.py:190} INFO - [2024-12-06T22:25:10.900-0600] {dag.py:4180} INFO - Setting next_dagrun for dataset_with_extra_by_context to 2024-12-06 00:00:00+00:00, run_after=2024-12-07 00:00:00+00:00
[2024-12-06T22:25:10.903-0600] {logging_mixin.py:190} INFO - [2024-12-06T22:25:10.903-0600] {dag.py:4180} INFO - Setting next_dagrun for dataset_with_extra_by_yield to 2024-12-06 00:00:00+00:00, run_after=2024-12-07 00:00:00+00:00
[2024-12-06T22:25:10.905-0600] {logging_mixin.py:190} INFO - [2024-12-06T22:25:10.905-0600] {dag.py:4180} INFO - Setting next_dagrun for dataset_with_extra_from_classic_operator to 2024-12-06 00:00:00+00:00, run_after=2024-12-07 00:00:00+00:00
[2024-12-06T22:25:10.921-0600] {processor.py:208} INFO - Processing /home/m9d9v9/PycharmProjects/Airflow-2/Airflow-2/.venv/lib/python3.10/site-packages/airflow/example_dags/example_outlet_event_extra.py took 0.076 seconds
[2024-12-06T22:26:07.821-0600] {processor.py:186} INFO - Started process (PID=13178) to work on /home/m9d9v9/PycharmProjects/Airflow-2/Airflow-2/.venv/lib/python3.10/site-packages/airflow/example_dags/example_outlet_event_extra.py
[2024-12-06T22:26:07.828-0600] {processor.py:914} INFO - Processing file /home/m9d9v9/PycharmProjects/Airflow-2/Airflow-2/.venv/lib/python3.10/site-packages/airflow/example_dags/example_outlet_event_extra.py for tasks to queue
[2024-12-06T22:26:07.831-0600] {logging_mixin.py:190} INFO - [2024-12-06T22:26:07.830-0600] {dagbag.py:588} INFO - Filling up the DagBag from /home/m9d9v9/PycharmProjects/Airflow-2/Airflow-2/.venv/lib/python3.10/site-packages/airflow/example_dags/example_outlet_event_extra.py
[2024-12-06T22:26:07.860-0600] {processor.py:925} INFO - DAG(s) 'dataset_with_extra_from_classic_operator', 'dataset_with_extra_by_context', 'dataset_with_extra_by_yield' retrieved from /home/m9d9v9/PycharmProjects/Airflow-2/Airflow-2/.venv/lib/python3.10/site-packages/airflow/example_dags/example_outlet_event_extra.py
[2024-12-06T22:26:07.877-0600] {logging_mixin.py:190} INFO - [2024-12-06T22:26:07.877-0600] {dag.py:3239} INFO - Sync 3 DAGs
[2024-12-06T22:26:07.891-0600] {logging_mixin.py:190} INFO - [2024-12-06T22:26:07.891-0600] {dag.py:4180} INFO - Setting next_dagrun for dataset_with_extra_by_context to 2024-12-06 00:00:00+00:00, run_after=2024-12-07 00:00:00+00:00
[2024-12-06T22:26:07.894-0600] {logging_mixin.py:190} INFO - [2024-12-06T22:26:07.894-0600] {dag.py:4180} INFO - Setting next_dagrun for dataset_with_extra_by_yield to 2024-12-06 00:00:00+00:00, run_after=2024-12-07 00:00:00+00:00
[2024-12-06T22:26:07.895-0600] {logging_mixin.py:190} INFO - [2024-12-06T22:26:07.895-0600] {dag.py:4180} INFO - Setting next_dagrun for dataset_with_extra_from_classic_operator to 2024-12-06 00:00:00+00:00, run_after=2024-12-07 00:00:00+00:00
[2024-12-06T22:26:07.908-0600] {processor.py:208} INFO - Processing /home/m9d9v9/PycharmProjects/Airflow-2/Airflow-2/.venv/lib/python3.10/site-packages/airflow/example_dags/example_outlet_event_extra.py took 0.099 seconds
[2024-12-06T22:27:04.731-0600] {processor.py:186} INFO - Started process (PID=13257) to work on /home/m9d9v9/PycharmProjects/Airflow-2/Airflow-2/.venv/lib/python3.10/site-packages/airflow/example_dags/example_outlet_event_extra.py
[2024-12-06T22:27:04.738-0600] {processor.py:914} INFO - Processing file /home/m9d9v9/PycharmProjects/Airflow-2/Airflow-2/.venv/lib/python3.10/site-packages/airflow/example_dags/example_outlet_event_extra.py for tasks to queue
[2024-12-06T22:27:04.740-0600] {logging_mixin.py:190} INFO - [2024-12-06T22:27:04.739-0600] {dagbag.py:588} INFO - Filling up the DagBag from /home/m9d9v9/PycharmProjects/Airflow-2/Airflow-2/.venv/lib/python3.10/site-packages/airflow/example_dags/example_outlet_event_extra.py
[2024-12-06T22:27:04.768-0600] {processor.py:925} INFO - DAG(s) 'dataset_with_extra_by_yield', 'dataset_with_extra_from_classic_operator', 'dataset_with_extra_by_context' retrieved from /home/m9d9v9/PycharmProjects/Airflow-2/Airflow-2/.venv/lib/python3.10/site-packages/airflow/example_dags/example_outlet_event_extra.py
[2024-12-06T22:27:04.793-0600] {logging_mixin.py:190} INFO - [2024-12-06T22:27:04.793-0600] {dag.py:3239} INFO - Sync 3 DAGs
[2024-12-06T22:27:04.809-0600] {logging_mixin.py:190} INFO - [2024-12-06T22:27:04.808-0600] {dag.py:4180} INFO - Setting next_dagrun for dataset_with_extra_by_context to 2024-12-06 00:00:00+00:00, run_after=2024-12-07 00:00:00+00:00
[2024-12-06T22:27:04.811-0600] {logging_mixin.py:190} INFO - [2024-12-06T22:27:04.811-0600] {dag.py:4180} INFO - Setting next_dagrun for dataset_with_extra_by_yield to 2024-12-06 00:00:00+00:00, run_after=2024-12-07 00:00:00+00:00
[2024-12-06T22:27:04.812-0600] {logging_mixin.py:190} INFO - [2024-12-06T22:27:04.812-0600] {dag.py:4180} INFO - Setting next_dagrun for dataset_with_extra_from_classic_operator to 2024-12-06 00:00:00+00:00, run_after=2024-12-07 00:00:00+00:00
[2024-12-06T22:27:04.827-0600] {processor.py:208} INFO - Processing /home/m9d9v9/PycharmProjects/Airflow-2/Airflow-2/.venv/lib/python3.10/site-packages/airflow/example_dags/example_outlet_event_extra.py took 0.100 seconds
[2024-12-06T22:37:24.795-0600] {processor.py:186} INFO - Started process (PID=14651) to work on /home/m9d9v9/PycharmProjects/Airflow-2/Airflow-2/.venv/lib/python3.10/site-packages/airflow/example_dags/example_outlet_event_extra.py
[2024-12-06T22:37:24.801-0600] {processor.py:914} INFO - Processing file /home/m9d9v9/PycharmProjects/Airflow-2/Airflow-2/.venv/lib/python3.10/site-packages/airflow/example_dags/example_outlet_event_extra.py for tasks to queue
[2024-12-06T22:37:24.806-0600] {logging_mixin.py:190} INFO - [2024-12-06T22:37:24.805-0600] {dagbag.py:588} INFO - Filling up the DagBag from /home/m9d9v9/PycharmProjects/Airflow-2/Airflow-2/.venv/lib/python3.10/site-packages/airflow/example_dags/example_outlet_event_extra.py
[2024-12-06T22:37:24.836-0600] {processor.py:925} INFO - DAG(s) 'dataset_with_extra_from_classic_operator', 'dataset_with_extra_by_yield', 'dataset_with_extra_by_context' retrieved from /home/m9d9v9/PycharmProjects/Airflow-2/Airflow-2/.venv/lib/python3.10/site-packages/airflow/example_dags/example_outlet_event_extra.py
[2024-12-06T22:37:24.853-0600] {logging_mixin.py:190} INFO - [2024-12-06T22:37:24.853-0600] {dag.py:3239} INFO - Sync 3 DAGs
[2024-12-06T22:37:24.868-0600] {logging_mixin.py:190} INFO - [2024-12-06T22:37:24.868-0600] {dag.py:4180} INFO - Setting next_dagrun for dataset_with_extra_by_context to 2024-12-06 00:00:00+00:00, run_after=2024-12-07 00:00:00+00:00
[2024-12-06T22:37:24.870-0600] {logging_mixin.py:190} INFO - [2024-12-06T22:37:24.870-0600] {dag.py:4180} INFO - Setting next_dagrun for dataset_with_extra_by_yield to 2024-12-06 00:00:00+00:00, run_after=2024-12-07 00:00:00+00:00
[2024-12-06T22:37:24.872-0600] {logging_mixin.py:190} INFO - [2024-12-06T22:37:24.872-0600] {dag.py:4180} INFO - Setting next_dagrun for dataset_with_extra_from_classic_operator to 2024-12-06 00:00:00+00:00, run_after=2024-12-07 00:00:00+00:00
[2024-12-06T22:37:24.884-0600] {processor.py:208} INFO - Processing /home/m9d9v9/PycharmProjects/Airflow-2/Airflow-2/.venv/lib/python3.10/site-packages/airflow/example_dags/example_outlet_event_extra.py took 0.102 seconds
[2024-12-06T22:38:22.826-0600] {processor.py:186} INFO - Started process (PID=14751) to work on /home/m9d9v9/PycharmProjects/Airflow-2/Airflow-2/.venv/lib/python3.10/site-packages/airflow/example_dags/example_outlet_event_extra.py
[2024-12-06T22:38:22.834-0600] {processor.py:914} INFO - Processing file /home/m9d9v9/PycharmProjects/Airflow-2/Airflow-2/.venv/lib/python3.10/site-packages/airflow/example_dags/example_outlet_event_extra.py for tasks to queue
[2024-12-06T22:38:22.838-0600] {logging_mixin.py:190} INFO - [2024-12-06T22:38:22.837-0600] {dagbag.py:588} INFO - Filling up the DagBag from /home/m9d9v9/PycharmProjects/Airflow-2/Airflow-2/.venv/lib/python3.10/site-packages/airflow/example_dags/example_outlet_event_extra.py
[2024-12-06T22:38:22.866-0600] {processor.py:925} INFO - DAG(s) 'dataset_with_extra_from_classic_operator', 'dataset_with_extra_by_yield', 'dataset_with_extra_by_context' retrieved from /home/m9d9v9/PycharmProjects/Airflow-2/Airflow-2/.venv/lib/python3.10/site-packages/airflow/example_dags/example_outlet_event_extra.py
[2024-12-06T22:38:22.886-0600] {logging_mixin.py:190} INFO - [2024-12-06T22:38:22.886-0600] {dag.py:3239} INFO - Sync 3 DAGs
[2024-12-06T22:38:22.900-0600] {logging_mixin.py:190} INFO - [2024-12-06T22:38:22.900-0600] {dag.py:4180} INFO - Setting next_dagrun for dataset_with_extra_by_context to 2024-12-06 00:00:00+00:00, run_after=2024-12-07 00:00:00+00:00
[2024-12-06T22:38:22.903-0600] {logging_mixin.py:190} INFO - [2024-12-06T22:38:22.902-0600] {dag.py:4180} INFO - Setting next_dagrun for dataset_with_extra_by_yield to 2024-12-06 00:00:00+00:00, run_after=2024-12-07 00:00:00+00:00
[2024-12-06T22:38:22.904-0600] {logging_mixin.py:190} INFO - [2024-12-06T22:38:22.904-0600] {dag.py:4180} INFO - Setting next_dagrun for dataset_with_extra_from_classic_operator to 2024-12-06 00:00:00+00:00, run_after=2024-12-07 00:00:00+00:00
[2024-12-06T22:38:22.919-0600] {processor.py:208} INFO - Processing /home/m9d9v9/PycharmProjects/Airflow-2/Airflow-2/.venv/lib/python3.10/site-packages/airflow/example_dags/example_outlet_event_extra.py took 0.105 seconds
[2024-12-06T22:39:22.059-0600] {processor.py:186} INFO - Started process (PID=14912) to work on /home/m9d9v9/PycharmProjects/Airflow-2/Airflow-2/.venv/lib/python3.10/site-packages/airflow/example_dags/example_outlet_event_extra.py
[2024-12-06T22:39:22.065-0600] {processor.py:914} INFO - Processing file /home/m9d9v9/PycharmProjects/Airflow-2/Airflow-2/.venv/lib/python3.10/site-packages/airflow/example_dags/example_outlet_event_extra.py for tasks to queue
[2024-12-06T22:39:22.069-0600] {logging_mixin.py:190} INFO - [2024-12-06T22:39:22.069-0600] {dagbag.py:588} INFO - Filling up the DagBag from /home/m9d9v9/PycharmProjects/Airflow-2/Airflow-2/.venv/lib/python3.10/site-packages/airflow/example_dags/example_outlet_event_extra.py
[2024-12-06T22:39:22.085-0600] {processor.py:925} INFO - DAG(s) 'dataset_with_extra_by_context', 'dataset_with_extra_by_yield', 'dataset_with_extra_from_classic_operator' retrieved from /home/m9d9v9/PycharmProjects/Airflow-2/Airflow-2/.venv/lib/python3.10/site-packages/airflow/example_dags/example_outlet_event_extra.py
[2024-12-06T22:39:22.110-0600] {logging_mixin.py:190} INFO - [2024-12-06T22:39:22.110-0600] {dag.py:3239} INFO - Sync 3 DAGs
[2024-12-06T22:39:22.124-0600] {logging_mixin.py:190} INFO - [2024-12-06T22:39:22.124-0600] {dag.py:4180} INFO - Setting next_dagrun for dataset_with_extra_by_context to 2024-12-06 00:00:00+00:00, run_after=2024-12-07 00:00:00+00:00
[2024-12-06T22:39:22.128-0600] {logging_mixin.py:190} INFO - [2024-12-06T22:39:22.128-0600] {dag.py:4180} INFO - Setting next_dagrun for dataset_with_extra_by_yield to 2024-12-06 00:00:00+00:00, run_after=2024-12-07 00:00:00+00:00
[2024-12-06T22:39:22.129-0600] {logging_mixin.py:190} INFO - [2024-12-06T22:39:22.129-0600] {dag.py:4180} INFO - Setting next_dagrun for dataset_with_extra_from_classic_operator to 2024-12-06 00:00:00+00:00, run_after=2024-12-07 00:00:00+00:00
[2024-12-06T22:39:22.145-0600] {processor.py:208} INFO - Processing /home/m9d9v9/PycharmProjects/Airflow-2/Airflow-2/.venv/lib/python3.10/site-packages/airflow/example_dags/example_outlet_event_extra.py took 0.095 seconds
[2024-12-06T22:40:21.731-0600] {processor.py:186} INFO - Started process (PID=15049) to work on /home/m9d9v9/PycharmProjects/Airflow-2/Airflow-2/.venv/lib/python3.10/site-packages/airflow/example_dags/example_outlet_event_extra.py
[2024-12-06T22:40:21.737-0600] {processor.py:914} INFO - Processing file /home/m9d9v9/PycharmProjects/Airflow-2/Airflow-2/.venv/lib/python3.10/site-packages/airflow/example_dags/example_outlet_event_extra.py for tasks to queue
[2024-12-06T22:40:21.739-0600] {logging_mixin.py:190} INFO - [2024-12-06T22:40:21.739-0600] {dagbag.py:588} INFO - Filling up the DagBag from /home/m9d9v9/PycharmProjects/Airflow-2/Airflow-2/.venv/lib/python3.10/site-packages/airflow/example_dags/example_outlet_event_extra.py
[2024-12-06T22:40:21.750-0600] {processor.py:925} INFO - DAG(s) 'dataset_with_extra_by_context', 'dataset_with_extra_from_classic_operator', 'dataset_with_extra_by_yield' retrieved from /home/m9d9v9/PycharmProjects/Airflow-2/Airflow-2/.venv/lib/python3.10/site-packages/airflow/example_dags/example_outlet_event_extra.py
[2024-12-06T22:40:21.763-0600] {logging_mixin.py:190} INFO - [2024-12-06T22:40:21.763-0600] {dag.py:3239} INFO - Sync 3 DAGs
[2024-12-06T22:40:21.777-0600] {logging_mixin.py:190} INFO - [2024-12-06T22:40:21.776-0600] {dag.py:4180} INFO - Setting next_dagrun for dataset_with_extra_by_context to 2024-12-06 00:00:00+00:00, run_after=2024-12-07 00:00:00+00:00
[2024-12-06T22:40:21.779-0600] {logging_mixin.py:190} INFO - [2024-12-06T22:40:21.779-0600] {dag.py:4180} INFO - Setting next_dagrun for dataset_with_extra_by_yield to 2024-12-06 00:00:00+00:00, run_after=2024-12-07 00:00:00+00:00
[2024-12-06T22:40:21.780-0600] {logging_mixin.py:190} INFO - [2024-12-06T22:40:21.780-0600] {dag.py:4180} INFO - Setting next_dagrun for dataset_with_extra_from_classic_operator to 2024-12-06 00:00:00+00:00, run_after=2024-12-07 00:00:00+00:00
[2024-12-06T22:40:21.793-0600] {processor.py:208} INFO - Processing /home/m9d9v9/PycharmProjects/Airflow-2/Airflow-2/.venv/lib/python3.10/site-packages/airflow/example_dags/example_outlet_event_extra.py took 0.068 seconds
[2024-12-06T22:41:22.946-0600] {processor.py:186} INFO - Started process (PID=15171) to work on /home/m9d9v9/PycharmProjects/Airflow-2/Airflow-2/.venv/lib/python3.10/site-packages/airflow/example_dags/example_outlet_event_extra.py
[2024-12-06T22:41:22.953-0600] {processor.py:914} INFO - Processing file /home/m9d9v9/PycharmProjects/Airflow-2/Airflow-2/.venv/lib/python3.10/site-packages/airflow/example_dags/example_outlet_event_extra.py for tasks to queue
[2024-12-06T22:41:22.958-0600] {logging_mixin.py:190} INFO - [2024-12-06T22:41:22.957-0600] {dagbag.py:588} INFO - Filling up the DagBag from /home/m9d9v9/PycharmProjects/Airflow-2/Airflow-2/.venv/lib/python3.10/site-packages/airflow/example_dags/example_outlet_event_extra.py
[2024-12-06T22:41:22.987-0600] {processor.py:925} INFO - DAG(s) 'dataset_with_extra_from_classic_operator', 'dataset_with_extra_by_context', 'dataset_with_extra_by_yield' retrieved from /home/m9d9v9/PycharmProjects/Airflow-2/Airflow-2/.venv/lib/python3.10/site-packages/airflow/example_dags/example_outlet_event_extra.py
[2024-12-06T22:41:23.003-0600] {logging_mixin.py:190} INFO - [2024-12-06T22:41:23.003-0600] {dag.py:3239} INFO - Sync 3 DAGs
[2024-12-06T22:41:23.016-0600] {logging_mixin.py:190} INFO - [2024-12-06T22:41:23.016-0600] {dag.py:4180} INFO - Setting next_dagrun for dataset_with_extra_by_context to 2024-12-06 00:00:00+00:00, run_after=2024-12-07 00:00:00+00:00
[2024-12-06T22:41:23.019-0600] {logging_mixin.py:190} INFO - [2024-12-06T22:41:23.019-0600] {dag.py:4180} INFO - Setting next_dagrun for dataset_with_extra_by_yield to 2024-12-06 00:00:00+00:00, run_after=2024-12-07 00:00:00+00:00
[2024-12-06T22:41:23.020-0600] {logging_mixin.py:190} INFO - [2024-12-06T22:41:23.020-0600] {dag.py:4180} INFO - Setting next_dagrun for dataset_with_extra_from_classic_operator to 2024-12-06 00:00:00+00:00, run_after=2024-12-07 00:00:00+00:00
[2024-12-06T22:41:23.033-0600] {processor.py:208} INFO - Processing /home/m9d9v9/PycharmProjects/Airflow-2/Airflow-2/.venv/lib/python3.10/site-packages/airflow/example_dags/example_outlet_event_extra.py took 0.104 seconds
[2024-12-06T23:25:31.938-0600] {processor.py:186} INFO - Started process (PID=17327) to work on /home/m9d9v9/PycharmProjects/Airflow-2/Airflow-2/.venv/lib/python3.10/site-packages/airflow/example_dags/example_outlet_event_extra.py
[2024-12-06T23:25:31.941-0600] {processor.py:914} INFO - Processing file /home/m9d9v9/PycharmProjects/Airflow-2/Airflow-2/.venv/lib/python3.10/site-packages/airflow/example_dags/example_outlet_event_extra.py for tasks to queue
[2024-12-06T23:25:31.945-0600] {logging_mixin.py:190} INFO - [2024-12-06T23:25:31.944-0600] {dagbag.py:588} INFO - Filling up the DagBag from /home/m9d9v9/PycharmProjects/Airflow-2/Airflow-2/.venv/lib/python3.10/site-packages/airflow/example_dags/example_outlet_event_extra.py
[2024-12-06T23:25:31.971-0600] {processor.py:925} INFO - DAG(s) 'dataset_with_extra_by_yield', 'dataset_with_extra_from_classic_operator', 'dataset_with_extra_by_context' retrieved from /home/m9d9v9/PycharmProjects/Airflow-2/Airflow-2/.venv/lib/python3.10/site-packages/airflow/example_dags/example_outlet_event_extra.py
[2024-12-06T23:25:31.996-0600] {logging_mixin.py:190} INFO - [2024-12-06T23:25:31.995-0600] {dag.py:3239} INFO - Sync 3 DAGs
[2024-12-06T23:25:32.014-0600] {logging_mixin.py:190} INFO - [2024-12-06T23:25:32.014-0600] {dag.py:4180} INFO - Setting next_dagrun for dataset_with_extra_by_context to 2024-12-06 00:00:00+00:00, run_after=2024-12-07 00:00:00+00:00
[2024-12-06T23:25:32.018-0600] {logging_mixin.py:190} INFO - [2024-12-06T23:25:32.018-0600] {dag.py:4180} INFO - Setting next_dagrun for dataset_with_extra_by_yield to 2024-12-06 00:00:00+00:00, run_after=2024-12-07 00:00:00+00:00
[2024-12-06T23:25:32.019-0600] {logging_mixin.py:190} INFO - [2024-12-06T23:25:32.019-0600] {dag.py:4180} INFO - Setting next_dagrun for dataset_with_extra_from_classic_operator to 2024-12-06 00:00:00+00:00, run_after=2024-12-07 00:00:00+00:00
[2024-12-06T23:25:32.036-0600] {processor.py:208} INFO - Processing /home/m9d9v9/PycharmProjects/Airflow-2/Airflow-2/.venv/lib/python3.10/site-packages/airflow/example_dags/example_outlet_event_extra.py took 0.110 seconds
[2024-12-06T23:26:29.876-0600] {processor.py:186} INFO - Started process (PID=17409) to work on /home/m9d9v9/PycharmProjects/Airflow-2/Airflow-2/.venv/lib/python3.10/site-packages/airflow/example_dags/example_outlet_event_extra.py
[2024-12-06T23:26:29.883-0600] {processor.py:914} INFO - Processing file /home/m9d9v9/PycharmProjects/Airflow-2/Airflow-2/.venv/lib/python3.10/site-packages/airflow/example_dags/example_outlet_event_extra.py for tasks to queue
[2024-12-06T23:26:29.884-0600] {logging_mixin.py:190} INFO - [2024-12-06T23:26:29.884-0600] {dagbag.py:588} INFO - Filling up the DagBag from /home/m9d9v9/PycharmProjects/Airflow-2/Airflow-2/.venv/lib/python3.10/site-packages/airflow/example_dags/example_outlet_event_extra.py
[2024-12-06T23:26:29.893-0600] {processor.py:925} INFO - DAG(s) 'dataset_with_extra_from_classic_operator', 'dataset_with_extra_by_yield', 'dataset_with_extra_by_context' retrieved from /home/m9d9v9/PycharmProjects/Airflow-2/Airflow-2/.venv/lib/python3.10/site-packages/airflow/example_dags/example_outlet_event_extra.py
[2024-12-06T23:26:29.906-0600] {logging_mixin.py:190} INFO - [2024-12-06T23:26:29.906-0600] {dag.py:3239} INFO - Sync 3 DAGs
[2024-12-06T23:26:29.919-0600] {logging_mixin.py:190} INFO - [2024-12-06T23:26:29.919-0600] {dag.py:4180} INFO - Setting next_dagrun for dataset_with_extra_by_context to 2024-12-06 00:00:00+00:00, run_after=2024-12-07 00:00:00+00:00
[2024-12-06T23:26:29.922-0600] {logging_mixin.py:190} INFO - [2024-12-06T23:26:29.921-0600] {dag.py:4180} INFO - Setting next_dagrun for dataset_with_extra_by_yield to 2024-12-06 00:00:00+00:00, run_after=2024-12-07 00:00:00+00:00
[2024-12-06T23:26:29.923-0600] {logging_mixin.py:190} INFO - [2024-12-06T23:26:29.923-0600] {dag.py:4180} INFO - Setting next_dagrun for dataset_with_extra_from_classic_operator to 2024-12-06 00:00:00+00:00, run_after=2024-12-07 00:00:00+00:00
[2024-12-06T23:26:29.935-0600] {processor.py:208} INFO - Processing /home/m9d9v9/PycharmProjects/Airflow-2/Airflow-2/.venv/lib/python3.10/site-packages/airflow/example_dags/example_outlet_event_extra.py took 0.063 seconds
[2024-12-06T23:27:26.857-0600] {processor.py:186} INFO - Started process (PID=17480) to work on /home/m9d9v9/PycharmProjects/Airflow-2/Airflow-2/.venv/lib/python3.10/site-packages/airflow/example_dags/example_outlet_event_extra.py
[2024-12-06T23:27:26.864-0600] {processor.py:914} INFO - Processing file /home/m9d9v9/PycharmProjects/Airflow-2/Airflow-2/.venv/lib/python3.10/site-packages/airflow/example_dags/example_outlet_event_extra.py for tasks to queue
[2024-12-06T23:27:26.867-0600] {logging_mixin.py:190} INFO - [2024-12-06T23:27:26.866-0600] {dagbag.py:588} INFO - Filling up the DagBag from /home/m9d9v9/PycharmProjects/Airflow-2/Airflow-2/.venv/lib/python3.10/site-packages/airflow/example_dags/example_outlet_event_extra.py
[2024-12-06T23:27:26.892-0600] {processor.py:925} INFO - DAG(s) 'dataset_with_extra_by_yield', 'dataset_with_extra_by_context', 'dataset_with_extra_from_classic_operator' retrieved from /home/m9d9v9/PycharmProjects/Airflow-2/Airflow-2/.venv/lib/python3.10/site-packages/airflow/example_dags/example_outlet_event_extra.py
[2024-12-06T23:27:26.911-0600] {logging_mixin.py:190} INFO - [2024-12-06T23:27:26.911-0600] {dag.py:3239} INFO - Sync 3 DAGs
[2024-12-06T23:27:26.929-0600] {logging_mixin.py:190} INFO - [2024-12-06T23:27:26.929-0600] {dag.py:4180} INFO - Setting next_dagrun for dataset_with_extra_by_context to 2024-12-06 00:00:00+00:00, run_after=2024-12-07 00:00:00+00:00
[2024-12-06T23:27:26.932-0600] {logging_mixin.py:190} INFO - [2024-12-06T23:27:26.932-0600] {dag.py:4180} INFO - Setting next_dagrun for dataset_with_extra_by_yield to 2024-12-06 00:00:00+00:00, run_after=2024-12-07 00:00:00+00:00
[2024-12-06T23:27:26.934-0600] {logging_mixin.py:190} INFO - [2024-12-06T23:27:26.933-0600] {dag.py:4180} INFO - Setting next_dagrun for dataset_with_extra_from_classic_operator to 2024-12-06 00:00:00+00:00, run_after=2024-12-07 00:00:00+00:00
[2024-12-06T23:27:26.945-0600] {processor.py:208} INFO - Processing /home/m9d9v9/PycharmProjects/Airflow-2/Airflow-2/.venv/lib/python3.10/site-packages/airflow/example_dags/example_outlet_event_extra.py took 0.100 seconds
[2024-12-06T23:28:25.051-0600] {processor.py:186} INFO - Started process (PID=17583) to work on /home/m9d9v9/PycharmProjects/Airflow-2/Airflow-2/.venv/lib/python3.10/site-packages/airflow/example_dags/example_outlet_event_extra.py
[2024-12-06T23:28:25.058-0600] {processor.py:914} INFO - Processing file /home/m9d9v9/PycharmProjects/Airflow-2/Airflow-2/.venv/lib/python3.10/site-packages/airflow/example_dags/example_outlet_event_extra.py for tasks to queue
[2024-12-06T23:28:25.061-0600] {logging_mixin.py:190} INFO - [2024-12-06T23:28:25.060-0600] {dagbag.py:588} INFO - Filling up the DagBag from /home/m9d9v9/PycharmProjects/Airflow-2/Airflow-2/.venv/lib/python3.10/site-packages/airflow/example_dags/example_outlet_event_extra.py
[2024-12-06T23:28:25.082-0600] {processor.py:925} INFO - DAG(s) 'dataset_with_extra_from_classic_operator', 'dataset_with_extra_by_yield', 'dataset_with_extra_by_context' retrieved from /home/m9d9v9/PycharmProjects/Airflow-2/Airflow-2/.venv/lib/python3.10/site-packages/airflow/example_dags/example_outlet_event_extra.py
[2024-12-06T23:28:25.107-0600] {logging_mixin.py:190} INFO - [2024-12-06T23:28:25.106-0600] {dag.py:3239} INFO - Sync 3 DAGs
[2024-12-06T23:28:25.120-0600] {logging_mixin.py:190} INFO - [2024-12-06T23:28:25.120-0600] {dag.py:4180} INFO - Setting next_dagrun for dataset_with_extra_by_context to 2024-12-06 00:00:00+00:00, run_after=2024-12-07 00:00:00+00:00
[2024-12-06T23:28:25.122-0600] {logging_mixin.py:190} INFO - [2024-12-06T23:28:25.122-0600] {dag.py:4180} INFO - Setting next_dagrun for dataset_with_extra_by_yield to 2024-12-06 00:00:00+00:00, run_after=2024-12-07 00:00:00+00:00
[2024-12-06T23:28:25.124-0600] {logging_mixin.py:190} INFO - [2024-12-06T23:28:25.123-0600] {dag.py:4180} INFO - Setting next_dagrun for dataset_with_extra_from_classic_operator to 2024-12-06 00:00:00+00:00, run_after=2024-12-07 00:00:00+00:00
[2024-12-06T23:28:25.137-0600] {processor.py:208} INFO - Processing /home/m9d9v9/PycharmProjects/Airflow-2/Airflow-2/.venv/lib/python3.10/site-packages/airflow/example_dags/example_outlet_event_extra.py took 0.095 seconds
[2024-12-06T23:29:21.679-0600] {processor.py:186} INFO - Started process (PID=17727) to work on /home/m9d9v9/PycharmProjects/Airflow-2/Airflow-2/.venv/lib/python3.10/site-packages/airflow/example_dags/example_outlet_event_extra.py
[2024-12-06T23:29:21.686-0600] {processor.py:914} INFO - Processing file /home/m9d9v9/PycharmProjects/Airflow-2/Airflow-2/.venv/lib/python3.10/site-packages/airflow/example_dags/example_outlet_event_extra.py for tasks to queue
[2024-12-06T23:29:21.687-0600] {logging_mixin.py:190} INFO - [2024-12-06T23:29:21.686-0600] {dagbag.py:588} INFO - Filling up the DagBag from /home/m9d9v9/PycharmProjects/Airflow-2/Airflow-2/.venv/lib/python3.10/site-packages/airflow/example_dags/example_outlet_event_extra.py
[2024-12-06T23:29:21.703-0600] {processor.py:925} INFO - DAG(s) 'dataset_with_extra_from_classic_operator', 'dataset_with_extra_by_yield', 'dataset_with_extra_by_context' retrieved from /home/m9d9v9/PycharmProjects/Airflow-2/Airflow-2/.venv/lib/python3.10/site-packages/airflow/example_dags/example_outlet_event_extra.py
[2024-12-06T23:29:21.720-0600] {logging_mixin.py:190} INFO - [2024-12-06T23:29:21.720-0600] {dag.py:3239} INFO - Sync 3 DAGs
[2024-12-06T23:29:21.738-0600] {logging_mixin.py:190} INFO - [2024-12-06T23:29:21.738-0600] {dag.py:4180} INFO - Setting next_dagrun for dataset_with_extra_by_context to 2024-12-06 00:00:00+00:00, run_after=2024-12-07 00:00:00+00:00
[2024-12-06T23:29:21.741-0600] {logging_mixin.py:190} INFO - [2024-12-06T23:29:21.741-0600] {dag.py:4180} INFO - Setting next_dagrun for dataset_with_extra_by_yield to 2024-12-06 00:00:00+00:00, run_after=2024-12-07 00:00:00+00:00
[2024-12-06T23:29:21.742-0600] {logging_mixin.py:190} INFO - [2024-12-06T23:29:21.742-0600] {dag.py:4180} INFO - Setting next_dagrun for dataset_with_extra_from_classic_operator to 2024-12-06 00:00:00+00:00, run_after=2024-12-07 00:00:00+00:00
[2024-12-06T23:29:21.882-0600] {processor.py:208} INFO - Processing /home/m9d9v9/PycharmProjects/Airflow-2/Airflow-2/.venv/lib/python3.10/site-packages/airflow/example_dags/example_outlet_event_extra.py took 0.210 seconds
[2024-12-06T23:30:18.365-0600] {processor.py:186} INFO - Started process (PID=17817) to work on /home/m9d9v9/PycharmProjects/Airflow-2/Airflow-2/.venv/lib/python3.10/site-packages/airflow/example_dags/example_outlet_event_extra.py
[2024-12-06T23:30:18.372-0600] {processor.py:914} INFO - Processing file /home/m9d9v9/PycharmProjects/Airflow-2/Airflow-2/.venv/lib/python3.10/site-packages/airflow/example_dags/example_outlet_event_extra.py for tasks to queue
[2024-12-06T23:30:18.374-0600] {logging_mixin.py:190} INFO - [2024-12-06T23:30:18.373-0600] {dagbag.py:588} INFO - Filling up the DagBag from /home/m9d9v9/PycharmProjects/Airflow-2/Airflow-2/.venv/lib/python3.10/site-packages/airflow/example_dags/example_outlet_event_extra.py
[2024-12-06T23:30:18.400-0600] {processor.py:925} INFO - DAG(s) 'dataset_with_extra_from_classic_operator', 'dataset_with_extra_by_context', 'dataset_with_extra_by_yield' retrieved from /home/m9d9v9/PycharmProjects/Airflow-2/Airflow-2/.venv/lib/python3.10/site-packages/airflow/example_dags/example_outlet_event_extra.py
[2024-12-06T23:30:18.420-0600] {logging_mixin.py:190} INFO - [2024-12-06T23:30:18.420-0600] {dag.py:3239} INFO - Sync 3 DAGs
[2024-12-06T23:30:18.432-0600] {logging_mixin.py:190} INFO - [2024-12-06T23:30:18.432-0600] {dag.py:4180} INFO - Setting next_dagrun for dataset_with_extra_by_context to 2024-12-06 00:00:00+00:00, run_after=2024-12-07 00:00:00+00:00
[2024-12-06T23:30:18.435-0600] {logging_mixin.py:190} INFO - [2024-12-06T23:30:18.435-0600] {dag.py:4180} INFO - Setting next_dagrun for dataset_with_extra_by_yield to 2024-12-06 00:00:00+00:00, run_after=2024-12-07 00:00:00+00:00
[2024-12-06T23:30:18.436-0600] {logging_mixin.py:190} INFO - [2024-12-06T23:30:18.436-0600] {dag.py:4180} INFO - Setting next_dagrun for dataset_with_extra_from_classic_operator to 2024-12-06 00:00:00+00:00, run_after=2024-12-07 00:00:00+00:00
[2024-12-06T23:30:18.449-0600] {processor.py:208} INFO - Processing /home/m9d9v9/PycharmProjects/Airflow-2/Airflow-2/.venv/lib/python3.10/site-packages/airflow/example_dags/example_outlet_event_extra.py took 0.096 seconds
[2024-12-06T23:31:14.405-0600] {processor.py:186} INFO - Started process (PID=17920) to work on /home/m9d9v9/PycharmProjects/Airflow-2/Airflow-2/.venv/lib/python3.10/site-packages/airflow/example_dags/example_outlet_event_extra.py
[2024-12-06T23:31:14.412-0600] {processor.py:914} INFO - Processing file /home/m9d9v9/PycharmProjects/Airflow-2/Airflow-2/.venv/lib/python3.10/site-packages/airflow/example_dags/example_outlet_event_extra.py for tasks to queue
[2024-12-06T23:31:14.415-0600] {logging_mixin.py:190} INFO - [2024-12-06T23:31:14.414-0600] {dagbag.py:588} INFO - Filling up the DagBag from /home/m9d9v9/PycharmProjects/Airflow-2/Airflow-2/.venv/lib/python3.10/site-packages/airflow/example_dags/example_outlet_event_extra.py
[2024-12-06T23:31:14.444-0600] {processor.py:925} INFO - DAG(s) 'dataset_with_extra_from_classic_operator', 'dataset_with_extra_by_yield', 'dataset_with_extra_by_context' retrieved from /home/m9d9v9/PycharmProjects/Airflow-2/Airflow-2/.venv/lib/python3.10/site-packages/airflow/example_dags/example_outlet_event_extra.py
[2024-12-06T23:31:14.462-0600] {logging_mixin.py:190} INFO - [2024-12-06T23:31:14.461-0600] {dag.py:3239} INFO - Sync 3 DAGs
[2024-12-06T23:31:14.474-0600] {logging_mixin.py:190} INFO - [2024-12-06T23:31:14.474-0600] {dag.py:4180} INFO - Setting next_dagrun for dataset_with_extra_by_context to 2024-12-06 00:00:00+00:00, run_after=2024-12-07 00:00:00+00:00
[2024-12-06T23:31:14.477-0600] {logging_mixin.py:190} INFO - [2024-12-06T23:31:14.477-0600] {dag.py:4180} INFO - Setting next_dagrun for dataset_with_extra_by_yield to 2024-12-06 00:00:00+00:00, run_after=2024-12-07 00:00:00+00:00
[2024-12-06T23:31:14.478-0600] {logging_mixin.py:190} INFO - [2024-12-06T23:31:14.478-0600] {dag.py:4180} INFO - Setting next_dagrun for dataset_with_extra_from_classic_operator to 2024-12-06 00:00:00+00:00, run_after=2024-12-07 00:00:00+00:00
[2024-12-06T23:31:14.492-0600] {processor.py:208} INFO - Processing /home/m9d9v9/PycharmProjects/Airflow-2/Airflow-2/.venv/lib/python3.10/site-packages/airflow/example_dags/example_outlet_event_extra.py took 0.097 seconds
[2024-12-06T23:32:12.749-0600] {processor.py:186} INFO - Started process (PID=18025) to work on /home/m9d9v9/PycharmProjects/Airflow-2/Airflow-2/.venv/lib/python3.10/site-packages/airflow/example_dags/example_outlet_event_extra.py
[2024-12-06T23:32:12.756-0600] {processor.py:914} INFO - Processing file /home/m9d9v9/PycharmProjects/Airflow-2/Airflow-2/.venv/lib/python3.10/site-packages/airflow/example_dags/example_outlet_event_extra.py for tasks to queue
[2024-12-06T23:32:12.759-0600] {logging_mixin.py:190} INFO - [2024-12-06T23:32:12.758-0600] {dagbag.py:588} INFO - Filling up the DagBag from /home/m9d9v9/PycharmProjects/Airflow-2/Airflow-2/.venv/lib/python3.10/site-packages/airflow/example_dags/example_outlet_event_extra.py
[2024-12-06T23:32:12.790-0600] {processor.py:925} INFO - DAG(s) 'dataset_with_extra_by_yield', 'dataset_with_extra_from_classic_operator', 'dataset_with_extra_by_context' retrieved from /home/m9d9v9/PycharmProjects/Airflow-2/Airflow-2/.venv/lib/python3.10/site-packages/airflow/example_dags/example_outlet_event_extra.py
[2024-12-06T23:32:12.807-0600] {logging_mixin.py:190} INFO - [2024-12-06T23:32:12.806-0600] {dag.py:3239} INFO - Sync 3 DAGs
[2024-12-06T23:32:12.819-0600] {logging_mixin.py:190} INFO - [2024-12-06T23:32:12.819-0600] {dag.py:4180} INFO - Setting next_dagrun for dataset_with_extra_by_context to 2024-12-06 00:00:00+00:00, run_after=2024-12-07 00:00:00+00:00
[2024-12-06T23:32:12.822-0600] {logging_mixin.py:190} INFO - [2024-12-06T23:32:12.821-0600] {dag.py:4180} INFO - Setting next_dagrun for dataset_with_extra_by_yield to 2024-12-06 00:00:00+00:00, run_after=2024-12-07 00:00:00+00:00
[2024-12-06T23:32:12.823-0600] {logging_mixin.py:190} INFO - [2024-12-06T23:32:12.823-0600] {dag.py:4180} INFO - Setting next_dagrun for dataset_with_extra_from_classic_operator to 2024-12-06 00:00:00+00:00, run_after=2024-12-07 00:00:00+00:00
[2024-12-06T23:32:12.834-0600] {processor.py:208} INFO - Processing /home/m9d9v9/PycharmProjects/Airflow-2/Airflow-2/.venv/lib/python3.10/site-packages/airflow/example_dags/example_outlet_event_extra.py took 0.097 seconds
[2024-12-06T23:33:09.809-0600] {processor.py:186} INFO - Started process (PID=18100) to work on /home/m9d9v9/PycharmProjects/Airflow-2/Airflow-2/.venv/lib/python3.10/site-packages/airflow/example_dags/example_outlet_event_extra.py
[2024-12-06T23:33:09.816-0600] {processor.py:914} INFO - Processing file /home/m9d9v9/PycharmProjects/Airflow-2/Airflow-2/.venv/lib/python3.10/site-packages/airflow/example_dags/example_outlet_event_extra.py for tasks to queue
[2024-12-06T23:33:09.819-0600] {logging_mixin.py:190} INFO - [2024-12-06T23:33:09.818-0600] {dagbag.py:588} INFO - Filling up the DagBag from /home/m9d9v9/PycharmProjects/Airflow-2/Airflow-2/.venv/lib/python3.10/site-packages/airflow/example_dags/example_outlet_event_extra.py
[2024-12-06T23:33:09.847-0600] {processor.py:925} INFO - DAG(s) 'dataset_with_extra_by_yield', 'dataset_with_extra_by_context', 'dataset_with_extra_from_classic_operator' retrieved from /home/m9d9v9/PycharmProjects/Airflow-2/Airflow-2/.venv/lib/python3.10/site-packages/airflow/example_dags/example_outlet_event_extra.py
[2024-12-06T23:33:09.865-0600] {logging_mixin.py:190} INFO - [2024-12-06T23:33:09.865-0600] {dag.py:3239} INFO - Sync 3 DAGs
[2024-12-06T23:33:09.969-0600] {logging_mixin.py:190} INFO - [2024-12-06T23:33:09.969-0600] {dag.py:4180} INFO - Setting next_dagrun for dataset_with_extra_by_context to 2024-12-06 00:00:00+00:00, run_after=2024-12-07 00:00:00+00:00
[2024-12-06T23:33:09.972-0600] {logging_mixin.py:190} INFO - [2024-12-06T23:33:09.972-0600] {dag.py:4180} INFO - Setting next_dagrun for dataset_with_extra_by_yield to 2024-12-06 00:00:00+00:00, run_after=2024-12-07 00:00:00+00:00
[2024-12-06T23:33:09.973-0600] {logging_mixin.py:190} INFO - [2024-12-06T23:33:09.973-0600] {dag.py:4180} INFO - Setting next_dagrun for dataset_with_extra_from_classic_operator to 2024-12-06 00:00:00+00:00, run_after=2024-12-07 00:00:00+00:00
[2024-12-06T23:33:09.990-0600] {processor.py:208} INFO - Processing /home/m9d9v9/PycharmProjects/Airflow-2/Airflow-2/.venv/lib/python3.10/site-packages/airflow/example_dags/example_outlet_event_extra.py took 0.192 seconds
[2024-12-06T23:34:06.642-0600] {processor.py:186} INFO - Started process (PID=18171) to work on /home/m9d9v9/PycharmProjects/Airflow-2/Airflow-2/.venv/lib/python3.10/site-packages/airflow/example_dags/example_outlet_event_extra.py
[2024-12-06T23:34:06.649-0600] {processor.py:914} INFO - Processing file /home/m9d9v9/PycharmProjects/Airflow-2/Airflow-2/.venv/lib/python3.10/site-packages/airflow/example_dags/example_outlet_event_extra.py for tasks to queue
[2024-12-06T23:34:06.651-0600] {logging_mixin.py:190} INFO - [2024-12-06T23:34:06.651-0600] {dagbag.py:588} INFO - Filling up the DagBag from /home/m9d9v9/PycharmProjects/Airflow-2/Airflow-2/.venv/lib/python3.10/site-packages/airflow/example_dags/example_outlet_event_extra.py
[2024-12-06T23:34:06.680-0600] {processor.py:925} INFO - DAG(s) 'dataset_with_extra_by_context', 'dataset_with_extra_by_yield', 'dataset_with_extra_from_classic_operator' retrieved from /home/m9d9v9/PycharmProjects/Airflow-2/Airflow-2/.venv/lib/python3.10/site-packages/airflow/example_dags/example_outlet_event_extra.py
[2024-12-06T23:34:06.698-0600] {logging_mixin.py:190} INFO - [2024-12-06T23:34:06.698-0600] {dag.py:3239} INFO - Sync 3 DAGs
[2024-12-06T23:34:06.710-0600] {logging_mixin.py:190} INFO - [2024-12-06T23:34:06.710-0600] {dag.py:4180} INFO - Setting next_dagrun for dataset_with_extra_by_context to 2024-12-06 00:00:00+00:00, run_after=2024-12-07 00:00:00+00:00
[2024-12-06T23:34:06.713-0600] {logging_mixin.py:190} INFO - [2024-12-06T23:34:06.713-0600] {dag.py:4180} INFO - Setting next_dagrun for dataset_with_extra_by_yield to 2024-12-06 00:00:00+00:00, run_after=2024-12-07 00:00:00+00:00
[2024-12-06T23:34:06.714-0600] {logging_mixin.py:190} INFO - [2024-12-06T23:34:06.714-0600] {dag.py:4180} INFO - Setting next_dagrun for dataset_with_extra_from_classic_operator to 2024-12-06 00:00:00+00:00, run_after=2024-12-07 00:00:00+00:00
[2024-12-06T23:34:06.822-0600] {processor.py:208} INFO - Processing /home/m9d9v9/PycharmProjects/Airflow-2/Airflow-2/.venv/lib/python3.10/site-packages/airflow/example_dags/example_outlet_event_extra.py took 0.191 seconds
[2024-12-06T23:35:06.544-0600] {processor.py:186} INFO - Started process (PID=18301) to work on /home/m9d9v9/PycharmProjects/Airflow-2/Airflow-2/.venv/lib/python3.10/site-packages/airflow/example_dags/example_outlet_event_extra.py
[2024-12-06T23:35:06.550-0600] {processor.py:914} INFO - Processing file /home/m9d9v9/PycharmProjects/Airflow-2/Airflow-2/.venv/lib/python3.10/site-packages/airflow/example_dags/example_outlet_event_extra.py for tasks to queue
[2024-12-06T23:35:06.553-0600] {logging_mixin.py:190} INFO - [2024-12-06T23:35:06.552-0600] {dagbag.py:588} INFO - Filling up the DagBag from /home/m9d9v9/PycharmProjects/Airflow-2/Airflow-2/.venv/lib/python3.10/site-packages/airflow/example_dags/example_outlet_event_extra.py
[2024-12-06T23:35:06.582-0600] {processor.py:925} INFO - DAG(s) 'dataset_with_extra_by_yield', 'dataset_with_extra_from_classic_operator', 'dataset_with_extra_by_context' retrieved from /home/m9d9v9/PycharmProjects/Airflow-2/Airflow-2/.venv/lib/python3.10/site-packages/airflow/example_dags/example_outlet_event_extra.py
[2024-12-06T23:35:06.601-0600] {logging_mixin.py:190} INFO - [2024-12-06T23:35:06.601-0600] {dag.py:3239} INFO - Sync 3 DAGs
[2024-12-06T23:35:06.613-0600] {logging_mixin.py:190} INFO - [2024-12-06T23:35:06.613-0600] {dag.py:4180} INFO - Setting next_dagrun for dataset_with_extra_by_context to 2024-12-06 00:00:00+00:00, run_after=2024-12-07 00:00:00+00:00
[2024-12-06T23:35:06.616-0600] {logging_mixin.py:190} INFO - [2024-12-06T23:35:06.616-0600] {dag.py:4180} INFO - Setting next_dagrun for dataset_with_extra_by_yield to 2024-12-06 00:00:00+00:00, run_after=2024-12-07 00:00:00+00:00
[2024-12-06T23:35:06.617-0600] {logging_mixin.py:190} INFO - [2024-12-06T23:35:06.617-0600] {dag.py:4180} INFO - Setting next_dagrun for dataset_with_extra_from_classic_operator to 2024-12-06 00:00:00+00:00, run_after=2024-12-07 00:00:00+00:00
[2024-12-06T23:35:06.631-0600] {processor.py:208} INFO - Processing /home/m9d9v9/PycharmProjects/Airflow-2/Airflow-2/.venv/lib/python3.10/site-packages/airflow/example_dags/example_outlet_event_extra.py took 0.098 seconds
[2024-12-06T23:36:10.177-0600] {processor.py:186} INFO - Started process (PID=18377) to work on /home/m9d9v9/PycharmProjects/Airflow-2/Airflow-2/.venv/lib/python3.10/site-packages/airflow/example_dags/example_outlet_event_extra.py
[2024-12-06T23:36:10.184-0600] {processor.py:914} INFO - Processing file /home/m9d9v9/PycharmProjects/Airflow-2/Airflow-2/.venv/lib/python3.10/site-packages/airflow/example_dags/example_outlet_event_extra.py for tasks to queue
[2024-12-06T23:36:10.185-0600] {logging_mixin.py:190} INFO - [2024-12-06T23:36:10.184-0600] {dagbag.py:588} INFO - Filling up the DagBag from /home/m9d9v9/PycharmProjects/Airflow-2/Airflow-2/.venv/lib/python3.10/site-packages/airflow/example_dags/example_outlet_event_extra.py
[2024-12-06T23:36:10.211-0600] {processor.py:925} INFO - DAG(s) 'dataset_with_extra_from_classic_operator', 'dataset_with_extra_by_yield', 'dataset_with_extra_by_context' retrieved from /home/m9d9v9/PycharmProjects/Airflow-2/Airflow-2/.venv/lib/python3.10/site-packages/airflow/example_dags/example_outlet_event_extra.py
[2024-12-06T23:36:10.322-0600] {logging_mixin.py:190} INFO - [2024-12-06T23:36:10.322-0600] {dag.py:3239} INFO - Sync 3 DAGs
[2024-12-06T23:36:10.332-0600] {logging_mixin.py:190} INFO - [2024-12-06T23:36:10.332-0600] {dag.py:4180} INFO - Setting next_dagrun for dataset_with_extra_by_context to 2024-12-06 00:00:00+00:00, run_after=2024-12-07 00:00:00+00:00
[2024-12-06T23:36:10.335-0600] {logging_mixin.py:190} INFO - [2024-12-06T23:36:10.335-0600] {dag.py:4180} INFO - Setting next_dagrun for dataset_with_extra_by_yield to 2024-12-06 00:00:00+00:00, run_after=2024-12-07 00:00:00+00:00
[2024-12-06T23:36:10.336-0600] {logging_mixin.py:190} INFO - [2024-12-06T23:36:10.336-0600] {dag.py:4180} INFO - Setting next_dagrun for dataset_with_extra_from_classic_operator to 2024-12-06 00:00:00+00:00, run_after=2024-12-07 00:00:00+00:00
[2024-12-06T23:36:10.353-0600] {processor.py:208} INFO - Processing /home/m9d9v9/PycharmProjects/Airflow-2/Airflow-2/.venv/lib/python3.10/site-packages/airflow/example_dags/example_outlet_event_extra.py took 0.187 seconds
[2024-12-06T23:37:11.611-0600] {processor.py:186} INFO - Started process (PID=18606) to work on /home/m9d9v9/PycharmProjects/Airflow-2/Airflow-2/.venv/lib/python3.10/site-packages/airflow/example_dags/example_outlet_event_extra.py
[2024-12-06T23:37:11.612-0600] {processor.py:914} INFO - Processing file /home/m9d9v9/PycharmProjects/Airflow-2/Airflow-2/.venv/lib/python3.10/site-packages/airflow/example_dags/example_outlet_event_extra.py for tasks to queue
[2024-12-06T23:37:11.613-0600] {logging_mixin.py:190} INFO - [2024-12-06T23:37:11.613-0600] {dagbag.py:588} INFO - Filling up the DagBag from /home/m9d9v9/PycharmProjects/Airflow-2/Airflow-2/.venv/lib/python3.10/site-packages/airflow/example_dags/example_outlet_event_extra.py
[2024-12-06T23:37:11.624-0600] {processor.py:925} INFO - DAG(s) 'dataset_with_extra_by_context', 'dataset_with_extra_from_classic_operator', 'dataset_with_extra_by_yield' retrieved from /home/m9d9v9/PycharmProjects/Airflow-2/Airflow-2/.venv/lib/python3.10/site-packages/airflow/example_dags/example_outlet_event_extra.py
[2024-12-06T23:37:11.638-0600] {logging_mixin.py:190} INFO - [2024-12-06T23:37:11.638-0600] {dag.py:3239} INFO - Sync 3 DAGs
[2024-12-06T23:37:11.781-0600] {logging_mixin.py:190} INFO - [2024-12-06T23:37:11.781-0600] {dag.py:4180} INFO - Setting next_dagrun for dataset_with_extra_by_context to 2024-12-06 00:00:00+00:00, run_after=2024-12-07 00:00:00+00:00
[2024-12-06T23:37:11.784-0600] {logging_mixin.py:190} INFO - [2024-12-06T23:37:11.783-0600] {dag.py:4180} INFO - Setting next_dagrun for dataset_with_extra_by_yield to 2024-12-06 00:00:00+00:00, run_after=2024-12-07 00:00:00+00:00
[2024-12-06T23:37:11.785-0600] {logging_mixin.py:190} INFO - [2024-12-06T23:37:11.785-0600] {dag.py:4180} INFO - Setting next_dagrun for dataset_with_extra_from_classic_operator to 2024-12-06 00:00:00+00:00, run_after=2024-12-07 00:00:00+00:00
[2024-12-06T23:37:11.796-0600] {processor.py:208} INFO - Processing /home/m9d9v9/PycharmProjects/Airflow-2/Airflow-2/.venv/lib/python3.10/site-packages/airflow/example_dags/example_outlet_event_extra.py took 0.189 seconds
[2024-12-06T23:38:12.147-0600] {processor.py:186} INFO - Started process (PID=18782) to work on /home/m9d9v9/PycharmProjects/Airflow-2/Airflow-2/.venv/lib/python3.10/site-packages/airflow/example_dags/example_outlet_event_extra.py
[2024-12-06T23:38:12.153-0600] {processor.py:914} INFO - Processing file /home/m9d9v9/PycharmProjects/Airflow-2/Airflow-2/.venv/lib/python3.10/site-packages/airflow/example_dags/example_outlet_event_extra.py for tasks to queue
[2024-12-06T23:38:12.156-0600] {logging_mixin.py:190} INFO - [2024-12-06T23:38:12.155-0600] {dagbag.py:588} INFO - Filling up the DagBag from /home/m9d9v9/PycharmProjects/Airflow-2/Airflow-2/.venv/lib/python3.10/site-packages/airflow/example_dags/example_outlet_event_extra.py
[2024-12-06T23:38:12.182-0600] {processor.py:925} INFO - DAG(s) 'dataset_with_extra_by_context', 'dataset_with_extra_by_yield', 'dataset_with_extra_from_classic_operator' retrieved from /home/m9d9v9/PycharmProjects/Airflow-2/Airflow-2/.venv/lib/python3.10/site-packages/airflow/example_dags/example_outlet_event_extra.py
[2024-12-06T23:38:12.201-0600] {logging_mixin.py:190} INFO - [2024-12-06T23:38:12.201-0600] {dag.py:3239} INFO - Sync 3 DAGs
[2024-12-06T23:38:12.213-0600] {logging_mixin.py:190} INFO - [2024-12-06T23:38:12.213-0600] {dag.py:4180} INFO - Setting next_dagrun for dataset_with_extra_by_context to 2024-12-06 00:00:00+00:00, run_after=2024-12-07 00:00:00+00:00
[2024-12-06T23:38:12.216-0600] {logging_mixin.py:190} INFO - [2024-12-06T23:38:12.216-0600] {dag.py:4180} INFO - Setting next_dagrun for dataset_with_extra_by_yield to 2024-12-06 00:00:00+00:00, run_after=2024-12-07 00:00:00+00:00
[2024-12-06T23:38:12.217-0600] {logging_mixin.py:190} INFO - [2024-12-06T23:38:12.217-0600] {dag.py:4180} INFO - Setting next_dagrun for dataset_with_extra_from_classic_operator to 2024-12-06 00:00:00+00:00, run_after=2024-12-07 00:00:00+00:00
[2024-12-06T23:38:12.229-0600] {processor.py:208} INFO - Processing /home/m9d9v9/PycharmProjects/Airflow-2/Airflow-2/.venv/lib/python3.10/site-packages/airflow/example_dags/example_outlet_event_extra.py took 0.094 seconds
[2024-12-06T23:39:17.897-0600] {processor.py:186} INFO - Started process (PID=18959) to work on /home/m9d9v9/PycharmProjects/Airflow-2/Airflow-2/.venv/lib/python3.10/site-packages/airflow/example_dags/example_outlet_event_extra.py
[2024-12-06T23:39:17.898-0600] {processor.py:914} INFO - Processing file /home/m9d9v9/PycharmProjects/Airflow-2/Airflow-2/.venv/lib/python3.10/site-packages/airflow/example_dags/example_outlet_event_extra.py for tasks to queue
[2024-12-06T23:39:17.899-0600] {logging_mixin.py:190} INFO - [2024-12-06T23:39:17.899-0600] {dagbag.py:588} INFO - Filling up the DagBag from /home/m9d9v9/PycharmProjects/Airflow-2/Airflow-2/.venv/lib/python3.10/site-packages/airflow/example_dags/example_outlet_event_extra.py
[2024-12-06T23:39:17.911-0600] {processor.py:925} INFO - DAG(s) 'dataset_with_extra_by_yield', 'dataset_with_extra_from_classic_operator', 'dataset_with_extra_by_context' retrieved from /home/m9d9v9/PycharmProjects/Airflow-2/Airflow-2/.venv/lib/python3.10/site-packages/airflow/example_dags/example_outlet_event_extra.py
[2024-12-06T23:39:17.932-0600] {logging_mixin.py:190} INFO - [2024-12-06T23:39:17.932-0600] {dag.py:3239} INFO - Sync 3 DAGs
[2024-12-06T23:39:17.947-0600] {logging_mixin.py:190} INFO - [2024-12-06T23:39:17.947-0600] {dag.py:4180} INFO - Setting next_dagrun for dataset_with_extra_by_context to 2024-12-06 00:00:00+00:00, run_after=2024-12-07 00:00:00+00:00
[2024-12-06T23:39:17.949-0600] {logging_mixin.py:190} INFO - [2024-12-06T23:39:17.949-0600] {dag.py:4180} INFO - Setting next_dagrun for dataset_with_extra_by_yield to 2024-12-06 00:00:00+00:00, run_after=2024-12-07 00:00:00+00:00
[2024-12-06T23:39:17.951-0600] {logging_mixin.py:190} INFO - [2024-12-06T23:39:17.951-0600] {dag.py:4180} INFO - Setting next_dagrun for dataset_with_extra_from_classic_operator to 2024-12-06 00:00:00+00:00, run_after=2024-12-07 00:00:00+00:00
[2024-12-06T23:39:17.963-0600] {processor.py:208} INFO - Processing /home/m9d9v9/PycharmProjects/Airflow-2/Airflow-2/.venv/lib/python3.10/site-packages/airflow/example_dags/example_outlet_event_extra.py took 0.072 seconds
[2024-12-06T23:40:15.907-0600] {processor.py:186} INFO - Started process (PID=19223) to work on /home/m9d9v9/PycharmProjects/Airflow-2/Airflow-2/.venv/lib/python3.10/site-packages/airflow/example_dags/example_outlet_event_extra.py
[2024-12-06T23:40:15.909-0600] {processor.py:914} INFO - Processing file /home/m9d9v9/PycharmProjects/Airflow-2/Airflow-2/.venv/lib/python3.10/site-packages/airflow/example_dags/example_outlet_event_extra.py for tasks to queue
[2024-12-06T23:40:15.910-0600] {logging_mixin.py:190} INFO - [2024-12-06T23:40:15.909-0600] {dagbag.py:588} INFO - Filling up the DagBag from /home/m9d9v9/PycharmProjects/Airflow-2/Airflow-2/.venv/lib/python3.10/site-packages/airflow/example_dags/example_outlet_event_extra.py
[2024-12-06T23:40:15.921-0600] {processor.py:925} INFO - DAG(s) 'dataset_with_extra_by_context', 'dataset_with_extra_by_yield', 'dataset_with_extra_from_classic_operator' retrieved from /home/m9d9v9/PycharmProjects/Airflow-2/Airflow-2/.venv/lib/python3.10/site-packages/airflow/example_dags/example_outlet_event_extra.py
[2024-12-06T23:40:15.935-0600] {logging_mixin.py:190} INFO - [2024-12-06T23:40:15.935-0600] {dag.py:3239} INFO - Sync 3 DAGs
[2024-12-06T23:40:15.950-0600] {logging_mixin.py:190} INFO - [2024-12-06T23:40:15.950-0600] {dag.py:4180} INFO - Setting next_dagrun for dataset_with_extra_by_context to 2024-12-06 00:00:00+00:00, run_after=2024-12-07 00:00:00+00:00
[2024-12-06T23:40:15.953-0600] {logging_mixin.py:190} INFO - [2024-12-06T23:40:15.953-0600] {dag.py:4180} INFO - Setting next_dagrun for dataset_with_extra_by_yield to 2024-12-06 00:00:00+00:00, run_after=2024-12-07 00:00:00+00:00
[2024-12-06T23:40:15.955-0600] {logging_mixin.py:190} INFO - [2024-12-06T23:40:15.954-0600] {dag.py:4180} INFO - Setting next_dagrun for dataset_with_extra_from_classic_operator to 2024-12-06 00:00:00+00:00, run_after=2024-12-07 00:00:00+00:00
[2024-12-06T23:40:15.969-0600] {processor.py:208} INFO - Processing /home/m9d9v9/PycharmProjects/Airflow-2/Airflow-2/.venv/lib/python3.10/site-packages/airflow/example_dags/example_outlet_event_extra.py took 0.065 seconds
[2024-12-06T23:41:11.583-0600] {processor.py:186} INFO - Started process (PID=19317) to work on /home/m9d9v9/PycharmProjects/Airflow-2/Airflow-2/.venv/lib/python3.10/site-packages/airflow/example_dags/example_outlet_event_extra.py
[2024-12-06T23:41:11.590-0600] {processor.py:914} INFO - Processing file /home/m9d9v9/PycharmProjects/Airflow-2/Airflow-2/.venv/lib/python3.10/site-packages/airflow/example_dags/example_outlet_event_extra.py for tasks to queue
[2024-12-06T23:41:11.591-0600] {logging_mixin.py:190} INFO - [2024-12-06T23:41:11.591-0600] {dagbag.py:588} INFO - Filling up the DagBag from /home/m9d9v9/PycharmProjects/Airflow-2/Airflow-2/.venv/lib/python3.10/site-packages/airflow/example_dags/example_outlet_event_extra.py
[2024-12-06T23:41:11.602-0600] {processor.py:925} INFO - DAG(s) 'dataset_with_extra_from_classic_operator', 'dataset_with_extra_by_yield', 'dataset_with_extra_by_context' retrieved from /home/m9d9v9/PycharmProjects/Airflow-2/Airflow-2/.venv/lib/python3.10/site-packages/airflow/example_dags/example_outlet_event_extra.py
[2024-12-06T23:41:11.617-0600] {logging_mixin.py:190} INFO - [2024-12-06T23:41:11.616-0600] {dag.py:3239} INFO - Sync 3 DAGs
[2024-12-06T23:41:11.632-0600] {logging_mixin.py:190} INFO - [2024-12-06T23:41:11.632-0600] {dag.py:4180} INFO - Setting next_dagrun for dataset_with_extra_by_context to 2024-12-06 00:00:00+00:00, run_after=2024-12-07 00:00:00+00:00
[2024-12-06T23:41:11.636-0600] {logging_mixin.py:190} INFO - [2024-12-06T23:41:11.636-0600] {dag.py:4180} INFO - Setting next_dagrun for dataset_with_extra_by_yield to 2024-12-06 00:00:00+00:00, run_after=2024-12-07 00:00:00+00:00
[2024-12-06T23:41:11.637-0600] {logging_mixin.py:190} INFO - [2024-12-06T23:41:11.637-0600] {dag.py:4180} INFO - Setting next_dagrun for dataset_with_extra_from_classic_operator to 2024-12-06 00:00:00+00:00, run_after=2024-12-07 00:00:00+00:00
[2024-12-06T23:41:11.653-0600] {processor.py:208} INFO - Processing /home/m9d9v9/PycharmProjects/Airflow-2/Airflow-2/.venv/lib/python3.10/site-packages/airflow/example_dags/example_outlet_event_extra.py took 0.076 seconds
