[2024-12-06T22:18:29.794-0600] {processor.py:186} INFO - Started process (PID=12346) to work on /home/m9d9v9/PycharmProjects/Airflow-2/Airflow-2/.venv/lib/python3.10/site-packages/airflow/example_dags/example_latest_only.py
[2024-12-06T22:18:29.795-0600] {processor.py:914} INFO - Processing file /home/m9d9v9/PycharmProjects/Airflow-2/Airflow-2/.venv/lib/python3.10/site-packages/airflow/example_dags/example_latest_only.py for tasks to queue
[2024-12-06T22:18:29.799-0600] {logging_mixin.py:190} INFO - [2024-12-06T22:18:29.798-0600] {dagbag.py:588} INFO - Filling up the DagBag from /home/m9d9v9/PycharmProjects/Airflow-2/Airflow-2/.venv/lib/python3.10/site-packages/airflow/example_dags/example_latest_only.py
[2024-12-06T22:18:29.810-0600] {processor.py:925} INFO - DAG(s) 'latest_only' retrieved from /home/m9d9v9/PycharmProjects/Airflow-2/Airflow-2/.venv/lib/python3.10/site-packages/airflow/example_dags/example_latest_only.py
[2024-12-06T22:18:29.892-0600] {logging_mixin.py:190} INFO - [2024-12-06T22:18:29.891-0600] {override.py:1911} INFO - Created Permission View: can edit on DAG:latest_only
[2024-12-06T22:18:29.899-0600] {logging_mixin.py:190} INFO - [2024-12-06T22:18:29.899-0600] {override.py:1911} INFO - Created Permission View: can read on DAG:latest_only
[2024-12-06T22:18:29.905-0600] {logging_mixin.py:190} INFO - [2024-12-06T22:18:29.904-0600] {override.py:1911} INFO - Created Permission View: can delete on DAG:latest_only
[2024-12-06T22:18:29.913-0600] {logging_mixin.py:190} INFO - [2024-12-06T22:18:29.912-0600] {override.py:1911} INFO - Created Permission View: menu access on DAG Run:latest_only
[2024-12-06T22:18:29.918-0600] {logging_mixin.py:190} INFO - [2024-12-06T22:18:29.918-0600] {override.py:1911} INFO - Created Permission View: can create on DAG Run:latest_only
[2024-12-06T22:18:29.923-0600] {logging_mixin.py:190} INFO - [2024-12-06T22:18:29.923-0600] {override.py:1911} INFO - Created Permission View: can read on DAG Run:latest_only
[2024-12-06T22:18:29.931-0600] {logging_mixin.py:190} INFO - [2024-12-06T22:18:29.930-0600] {override.py:1911} INFO - Created Permission View: can delete on DAG Run:latest_only
[2024-12-06T22:18:29.931-0600] {logging_mixin.py:190} INFO - [2024-12-06T22:18:29.931-0600] {dag.py:3239} INFO - Sync 1 DAGs
[2024-12-06T22:18:29.940-0600] {logging_mixin.py:190} INFO - [2024-12-06T22:18:29.940-0600] {dag.py:3262} INFO - Creating ORM DAG for latest_only
[2024-12-06T22:18:29.947-0600] {logging_mixin.py:190} INFO - [2024-12-06T22:18:29.947-0600] {dag.py:4180} INFO - Setting next_dagrun for latest_only to 2024-12-07 00:00:00+00:00, run_after=2024-12-07 04:00:00+00:00
[2024-12-06T22:18:29.960-0600] {processor.py:208} INFO - Processing /home/m9d9v9/PycharmProjects/Airflow-2/Airflow-2/.venv/lib/python3.10/site-packages/airflow/example_dags/example_latest_only.py took 0.171 seconds
[2024-12-06T22:19:35.485-0600] {processor.py:186} INFO - Started process (PID=12580) to work on /home/m9d9v9/PycharmProjects/Airflow-2/Airflow-2/.venv/lib/python3.10/site-packages/airflow/example_dags/example_latest_only.py
[2024-12-06T22:19:35.492-0600] {processor.py:914} INFO - Processing file /home/m9d9v9/PycharmProjects/Airflow-2/Airflow-2/.venv/lib/python3.10/site-packages/airflow/example_dags/example_latest_only.py for tasks to queue
[2024-12-06T22:19:35.496-0600] {logging_mixin.py:190} INFO - [2024-12-06T22:19:35.495-0600] {dagbag.py:588} INFO - Filling up the DagBag from /home/m9d9v9/PycharmProjects/Airflow-2/Airflow-2/.venv/lib/python3.10/site-packages/airflow/example_dags/example_latest_only.py
[2024-12-06T22:19:35.510-0600] {processor.py:925} INFO - DAG(s) 'latest_only' retrieved from /home/m9d9v9/PycharmProjects/Airflow-2/Airflow-2/.venv/lib/python3.10/site-packages/airflow/example_dags/example_latest_only.py
[2024-12-06T22:19:35.532-0600] {logging_mixin.py:190} INFO - [2024-12-06T22:19:35.532-0600] {dag.py:3239} INFO - Sync 1 DAGs
[2024-12-06T22:19:35.547-0600] {logging_mixin.py:190} INFO - [2024-12-06T22:19:35.547-0600] {dag.py:4180} INFO - Setting next_dagrun for latest_only to 2024-12-07 00:00:00+00:00, run_after=2024-12-07 04:00:00+00:00
[2024-12-06T22:19:35.561-0600] {processor.py:208} INFO - Processing /home/m9d9v9/PycharmProjects/Airflow-2/Airflow-2/.venv/lib/python3.10/site-packages/airflow/example_dags/example_latest_only.py took 0.089 seconds
[2024-12-06T22:20:30.157-0600] {processor.py:186} INFO - Started process (PID=12666) to work on /home/m9d9v9/PycharmProjects/Airflow-2/Airflow-2/.venv/lib/python3.10/site-packages/airflow/example_dags/example_latest_only.py
[2024-12-06T22:20:30.163-0600] {processor.py:914} INFO - Processing file /home/m9d9v9/PycharmProjects/Airflow-2/Airflow-2/.venv/lib/python3.10/site-packages/airflow/example_dags/example_latest_only.py for tasks to queue
[2024-12-06T22:20:30.165-0600] {logging_mixin.py:190} INFO - [2024-12-06T22:20:30.165-0600] {dagbag.py:588} INFO - Filling up the DagBag from /home/m9d9v9/PycharmProjects/Airflow-2/Airflow-2/.venv/lib/python3.10/site-packages/airflow/example_dags/example_latest_only.py
[2024-12-06T22:20:30.171-0600] {processor.py:925} INFO - DAG(s) 'latest_only' retrieved from /home/m9d9v9/PycharmProjects/Airflow-2/Airflow-2/.venv/lib/python3.10/site-packages/airflow/example_dags/example_latest_only.py
[2024-12-06T22:20:30.185-0600] {logging_mixin.py:190} INFO - [2024-12-06T22:20:30.185-0600] {dag.py:3239} INFO - Sync 1 DAGs
[2024-12-06T22:20:30.201-0600] {logging_mixin.py:190} INFO - [2024-12-06T22:20:30.201-0600] {dag.py:4180} INFO - Setting next_dagrun for latest_only to 2024-12-07 00:00:00+00:00, run_after=2024-12-07 04:00:00+00:00
[2024-12-06T22:20:30.217-0600] {processor.py:208} INFO - Processing /home/m9d9v9/PycharmProjects/Airflow-2/Airflow-2/.venv/lib/python3.10/site-packages/airflow/example_dags/example_latest_only.py took 0.066 seconds
[2024-12-06T22:21:21.921-0600] {processor.py:186} INFO - Started process (PID=12730) to work on /home/m9d9v9/PycharmProjects/Airflow-2/Airflow-2/.venv/lib/python3.10/site-packages/airflow/example_dags/example_latest_only.py
[2024-12-06T22:21:21.928-0600] {processor.py:914} INFO - Processing file /home/m9d9v9/PycharmProjects/Airflow-2/Airflow-2/.venv/lib/python3.10/site-packages/airflow/example_dags/example_latest_only.py for tasks to queue
[2024-12-06T22:21:21.930-0600] {logging_mixin.py:190} INFO - [2024-12-06T22:21:21.930-0600] {dagbag.py:588} INFO - Filling up the DagBag from /home/m9d9v9/PycharmProjects/Airflow-2/Airflow-2/.venv/lib/python3.10/site-packages/airflow/example_dags/example_latest_only.py
[2024-12-06T22:21:21.936-0600] {processor.py:925} INFO - DAG(s) 'latest_only' retrieved from /home/m9d9v9/PycharmProjects/Airflow-2/Airflow-2/.venv/lib/python3.10/site-packages/airflow/example_dags/example_latest_only.py
[2024-12-06T22:21:21.948-0600] {logging_mixin.py:190} INFO - [2024-12-06T22:21:21.948-0600] {dag.py:3239} INFO - Sync 1 DAGs
[2024-12-06T22:21:21.961-0600] {logging_mixin.py:190} INFO - [2024-12-06T22:21:21.961-0600] {dag.py:4180} INFO - Setting next_dagrun for latest_only to 2024-12-07 00:00:00+00:00, run_after=2024-12-07 04:00:00+00:00
[2024-12-06T22:21:21.977-0600] {processor.py:208} INFO - Processing /home/m9d9v9/PycharmProjects/Airflow-2/Airflow-2/.venv/lib/python3.10/site-packages/airflow/example_dags/example_latest_only.py took 0.060 seconds
[2024-12-06T22:22:18.751-0600] {processor.py:186} INFO - Started process (PID=12807) to work on /home/m9d9v9/PycharmProjects/Airflow-2/Airflow-2/.venv/lib/python3.10/site-packages/airflow/example_dags/example_latest_only.py
[2024-12-06T22:22:18.757-0600] {processor.py:914} INFO - Processing file /home/m9d9v9/PycharmProjects/Airflow-2/Airflow-2/.venv/lib/python3.10/site-packages/airflow/example_dags/example_latest_only.py for tasks to queue
[2024-12-06T22:22:18.760-0600] {logging_mixin.py:190} INFO - [2024-12-06T22:22:18.759-0600] {dagbag.py:588} INFO - Filling up the DagBag from /home/m9d9v9/PycharmProjects/Airflow-2/Airflow-2/.venv/lib/python3.10/site-packages/airflow/example_dags/example_latest_only.py
[2024-12-06T22:22:18.765-0600] {processor.py:925} INFO - DAG(s) 'latest_only' retrieved from /home/m9d9v9/PycharmProjects/Airflow-2/Airflow-2/.venv/lib/python3.10/site-packages/airflow/example_dags/example_latest_only.py
[2024-12-06T22:22:18.795-0600] {logging_mixin.py:190} INFO - [2024-12-06T22:22:18.794-0600] {dag.py:3239} INFO - Sync 1 DAGs
[2024-12-06T22:22:18.814-0600] {logging_mixin.py:190} INFO - [2024-12-06T22:22:18.814-0600] {dag.py:4180} INFO - Setting next_dagrun for latest_only to 2024-12-07 00:00:00+00:00, run_after=2024-12-07 04:00:00+00:00
[2024-12-06T22:22:18.827-0600] {processor.py:208} INFO - Processing /home/m9d9v9/PycharmProjects/Airflow-2/Airflow-2/.venv/lib/python3.10/site-packages/airflow/example_dags/example_latest_only.py took 0.081 seconds
[2024-12-06T22:23:36.127-0600] {processor.py:186} INFO - Started process (PID=12967) to work on /home/m9d9v9/PycharmProjects/Airflow-2/Airflow-2/.venv/lib/python3.10/site-packages/airflow/example_dags/example_latest_only.py
[2024-12-06T22:23:36.128-0600] {processor.py:914} INFO - Processing file /home/m9d9v9/PycharmProjects/Airflow-2/Airflow-2/.venv/lib/python3.10/site-packages/airflow/example_dags/example_latest_only.py for tasks to queue
[2024-12-06T22:23:36.131-0600] {logging_mixin.py:190} INFO - [2024-12-06T22:23:36.130-0600] {dagbag.py:588} INFO - Filling up the DagBag from /home/m9d9v9/PycharmProjects/Airflow-2/Airflow-2/.venv/lib/python3.10/site-packages/airflow/example_dags/example_latest_only.py
[2024-12-06T22:23:36.147-0600] {processor.py:925} INFO - DAG(s) 'latest_only' retrieved from /home/m9d9v9/PycharmProjects/Airflow-2/Airflow-2/.venv/lib/python3.10/site-packages/airflow/example_dags/example_latest_only.py
[2024-12-06T22:23:36.168-0600] {logging_mixin.py:190} INFO - [2024-12-06T22:23:36.168-0600] {dag.py:3239} INFO - Sync 1 DAGs
[2024-12-06T22:23:36.182-0600] {logging_mixin.py:190} INFO - [2024-12-06T22:23:36.182-0600] {dag.py:4180} INFO - Setting next_dagrun for latest_only to 2024-12-07 00:00:00+00:00, run_after=2024-12-07 04:00:00+00:00
[2024-12-06T22:23:36.196-0600] {processor.py:208} INFO - Processing /home/m9d9v9/PycharmProjects/Airflow-2/Airflow-2/.venv/lib/python3.10/site-packages/airflow/example_dags/example_latest_only.py took 0.081 seconds
[2024-12-06T22:24:29.683-0600] {processor.py:186} INFO - Started process (PID=13035) to work on /home/m9d9v9/PycharmProjects/Airflow-2/Airflow-2/.venv/lib/python3.10/site-packages/airflow/example_dags/example_latest_only.py
[2024-12-06T22:24:29.689-0600] {processor.py:914} INFO - Processing file /home/m9d9v9/PycharmProjects/Airflow-2/Airflow-2/.venv/lib/python3.10/site-packages/airflow/example_dags/example_latest_only.py for tasks to queue
[2024-12-06T22:24:29.691-0600] {logging_mixin.py:190} INFO - [2024-12-06T22:24:29.691-0600] {dagbag.py:588} INFO - Filling up the DagBag from /home/m9d9v9/PycharmProjects/Airflow-2/Airflow-2/.venv/lib/python3.10/site-packages/airflow/example_dags/example_latest_only.py
[2024-12-06T22:24:29.698-0600] {processor.py:925} INFO - DAG(s) 'latest_only' retrieved from /home/m9d9v9/PycharmProjects/Airflow-2/Airflow-2/.venv/lib/python3.10/site-packages/airflow/example_dags/example_latest_only.py
[2024-12-06T22:24:29.711-0600] {logging_mixin.py:190} INFO - [2024-12-06T22:24:29.710-0600] {dag.py:3239} INFO - Sync 1 DAGs
[2024-12-06T22:24:29.723-0600] {logging_mixin.py:190} INFO - [2024-12-06T22:24:29.723-0600] {dag.py:4180} INFO - Setting next_dagrun for latest_only to 2024-12-07 00:00:00+00:00, run_after=2024-12-07 04:00:00+00:00
[2024-12-06T22:24:29.735-0600] {processor.py:208} INFO - Processing /home/m9d9v9/PycharmProjects/Airflow-2/Airflow-2/.venv/lib/python3.10/site-packages/airflow/example_dags/example_latest_only.py took 0.057 seconds
[2024-12-06T22:25:25.957-0600] {processor.py:186} INFO - Started process (PID=13122) to work on /home/m9d9v9/PycharmProjects/Airflow-2/Airflow-2/.venv/lib/python3.10/site-packages/airflow/example_dags/example_latest_only.py
[2024-12-06T22:25:25.964-0600] {processor.py:914} INFO - Processing file /home/m9d9v9/PycharmProjects/Airflow-2/Airflow-2/.venv/lib/python3.10/site-packages/airflow/example_dags/example_latest_only.py for tasks to queue
[2024-12-06T22:25:25.967-0600] {logging_mixin.py:190} INFO - [2024-12-06T22:25:25.966-0600] {dagbag.py:588} INFO - Filling up the DagBag from /home/m9d9v9/PycharmProjects/Airflow-2/Airflow-2/.venv/lib/python3.10/site-packages/airflow/example_dags/example_latest_only.py
[2024-12-06T22:25:25.983-0600] {processor.py:925} INFO - DAG(s) 'latest_only' retrieved from /home/m9d9v9/PycharmProjects/Airflow-2/Airflow-2/.venv/lib/python3.10/site-packages/airflow/example_dags/example_latest_only.py
[2024-12-06T22:25:26.007-0600] {logging_mixin.py:190} INFO - [2024-12-06T22:25:26.006-0600] {dag.py:3239} INFO - Sync 1 DAGs
[2024-12-06T22:25:26.021-0600] {logging_mixin.py:190} INFO - [2024-12-06T22:25:26.020-0600] {dag.py:4180} INFO - Setting next_dagrun for latest_only to 2024-12-07 00:00:00+00:00, run_after=2024-12-07 04:00:00+00:00
[2024-12-06T22:25:26.034-0600] {processor.py:208} INFO - Processing /home/m9d9v9/PycharmProjects/Airflow-2/Airflow-2/.venv/lib/python3.10/site-packages/airflow/example_dags/example_latest_only.py took 0.088 seconds
[2024-12-06T22:26:23.338-0600] {processor.py:186} INFO - Started process (PID=13201) to work on /home/m9d9v9/PycharmProjects/Airflow-2/Airflow-2/.venv/lib/python3.10/site-packages/airflow/example_dags/example_latest_only.py
[2024-12-06T22:26:23.345-0600] {processor.py:914} INFO - Processing file /home/m9d9v9/PycharmProjects/Airflow-2/Airflow-2/.venv/lib/python3.10/site-packages/airflow/example_dags/example_latest_only.py for tasks to queue
[2024-12-06T22:26:23.347-0600] {logging_mixin.py:190} INFO - [2024-12-06T22:26:23.347-0600] {dagbag.py:588} INFO - Filling up the DagBag from /home/m9d9v9/PycharmProjects/Airflow-2/Airflow-2/.venv/lib/python3.10/site-packages/airflow/example_dags/example_latest_only.py
[2024-12-06T22:26:23.363-0600] {processor.py:925} INFO - DAG(s) 'latest_only' retrieved from /home/m9d9v9/PycharmProjects/Airflow-2/Airflow-2/.venv/lib/python3.10/site-packages/airflow/example_dags/example_latest_only.py
[2024-12-06T22:26:23.385-0600] {logging_mixin.py:190} INFO - [2024-12-06T22:26:23.385-0600] {dag.py:3239} INFO - Sync 1 DAGs
[2024-12-06T22:26:23.398-0600] {logging_mixin.py:190} INFO - [2024-12-06T22:26:23.398-0600] {dag.py:4180} INFO - Setting next_dagrun for latest_only to 2024-12-07 00:00:00+00:00, run_after=2024-12-07 04:00:00+00:00
[2024-12-06T22:26:23.410-0600] {processor.py:208} INFO - Processing /home/m9d9v9/PycharmProjects/Airflow-2/Airflow-2/.venv/lib/python3.10/site-packages/airflow/example_dags/example_latest_only.py took 0.084 seconds
[2024-12-06T22:36:56.033-0600] {processor.py:186} INFO - Started process (PID=14565) to work on /home/m9d9v9/PycharmProjects/Airflow-2/Airflow-2/.venv/lib/python3.10/site-packages/airflow/example_dags/example_latest_only.py
[2024-12-06T22:36:56.040-0600] {processor.py:914} INFO - Processing file /home/m9d9v9/PycharmProjects/Airflow-2/Airflow-2/.venv/lib/python3.10/site-packages/airflow/example_dags/example_latest_only.py for tasks to queue
[2024-12-06T22:36:56.045-0600] {logging_mixin.py:190} INFO - [2024-12-06T22:36:56.044-0600] {dagbag.py:588} INFO - Filling up the DagBag from /home/m9d9v9/PycharmProjects/Airflow-2/Airflow-2/.venv/lib/python3.10/site-packages/airflow/example_dags/example_latest_only.py
[2024-12-06T22:36:56.058-0600] {processor.py:925} INFO - DAG(s) 'latest_only' retrieved from /home/m9d9v9/PycharmProjects/Airflow-2/Airflow-2/.venv/lib/python3.10/site-packages/airflow/example_dags/example_latest_only.py
[2024-12-06T22:36:56.089-0600] {logging_mixin.py:190} INFO - [2024-12-06T22:36:56.089-0600] {dag.py:3239} INFO - Sync 1 DAGs
[2024-12-06T22:36:56.109-0600] {logging_mixin.py:190} INFO - [2024-12-06T22:36:56.109-0600] {dag.py:4180} INFO - Setting next_dagrun for latest_only to 2024-12-07 00:00:00+00:00, run_after=2024-12-07 04:00:00+00:00
[2024-12-06T22:36:56.124-0600] {processor.py:208} INFO - Processing /home/m9d9v9/PycharmProjects/Airflow-2/Airflow-2/.venv/lib/python3.10/site-packages/airflow/example_dags/example_latest_only.py took 0.100 seconds
[2024-12-06T22:37:52.984-0600] {processor.py:186} INFO - Started process (PID=14709) to work on /home/m9d9v9/PycharmProjects/Airflow-2/Airflow-2/.venv/lib/python3.10/site-packages/airflow/example_dags/example_latest_only.py
[2024-12-06T22:37:52.986-0600] {processor.py:914} INFO - Processing file /home/m9d9v9/PycharmProjects/Airflow-2/Airflow-2/.venv/lib/python3.10/site-packages/airflow/example_dags/example_latest_only.py for tasks to queue
[2024-12-06T22:37:52.991-0600] {logging_mixin.py:190} INFO - [2024-12-06T22:37:52.989-0600] {dagbag.py:588} INFO - Filling up the DagBag from /home/m9d9v9/PycharmProjects/Airflow-2/Airflow-2/.venv/lib/python3.10/site-packages/airflow/example_dags/example_latest_only.py
[2024-12-06T22:37:53.005-0600] {processor.py:925} INFO - DAG(s) 'latest_only' retrieved from /home/m9d9v9/PycharmProjects/Airflow-2/Airflow-2/.venv/lib/python3.10/site-packages/airflow/example_dags/example_latest_only.py
[2024-12-06T22:37:53.024-0600] {logging_mixin.py:190} INFO - [2024-12-06T22:37:53.024-0600] {dag.py:3239} INFO - Sync 1 DAGs
[2024-12-06T22:37:53.037-0600] {logging_mixin.py:190} INFO - [2024-12-06T22:37:53.037-0600] {dag.py:4180} INFO - Setting next_dagrun for latest_only to 2024-12-07 00:00:00+00:00, run_after=2024-12-07 04:00:00+00:00
[2024-12-06T22:37:53.051-0600] {processor.py:208} INFO - Processing /home/m9d9v9/PycharmProjects/Airflow-2/Airflow-2/.venv/lib/python3.10/site-packages/airflow/example_dags/example_latest_only.py took 0.080 seconds
[2024-12-06T22:38:50.790-0600] {processor.py:186} INFO - Started process (PID=14791) to work on /home/m9d9v9/PycharmProjects/Airflow-2/Airflow-2/.venv/lib/python3.10/site-packages/airflow/example_dags/example_latest_only.py
[2024-12-06T22:38:50.796-0600] {processor.py:914} INFO - Processing file /home/m9d9v9/PycharmProjects/Airflow-2/Airflow-2/.venv/lib/python3.10/site-packages/airflow/example_dags/example_latest_only.py for tasks to queue
[2024-12-06T22:38:50.799-0600] {logging_mixin.py:190} INFO - [2024-12-06T22:38:50.798-0600] {dagbag.py:588} INFO - Filling up the DagBag from /home/m9d9v9/PycharmProjects/Airflow-2/Airflow-2/.venv/lib/python3.10/site-packages/airflow/example_dags/example_latest_only.py
[2024-12-06T22:38:50.806-0600] {processor.py:925} INFO - DAG(s) 'latest_only' retrieved from /home/m9d9v9/PycharmProjects/Airflow-2/Airflow-2/.venv/lib/python3.10/site-packages/airflow/example_dags/example_latest_only.py
[2024-12-06T22:38:50.823-0600] {logging_mixin.py:190} INFO - [2024-12-06T22:38:50.823-0600] {dag.py:3239} INFO - Sync 1 DAGs
[2024-12-06T22:38:50.843-0600] {logging_mixin.py:190} INFO - [2024-12-06T22:38:50.843-0600] {dag.py:4180} INFO - Setting next_dagrun for latest_only to 2024-12-07 00:00:00+00:00, run_after=2024-12-07 04:00:00+00:00
[2024-12-06T22:38:50.858-0600] {processor.py:208} INFO - Processing /home/m9d9v9/PycharmProjects/Airflow-2/Airflow-2/.venv/lib/python3.10/site-packages/airflow/example_dags/example_latest_only.py took 0.075 seconds
[2024-12-06T22:39:47.719-0600] {processor.py:186} INFO - Started process (PID=14985) to work on /home/m9d9v9/PycharmProjects/Airflow-2/Airflow-2/.venv/lib/python3.10/site-packages/airflow/example_dags/example_latest_only.py
[2024-12-06T22:39:47.729-0600] {processor.py:914} INFO - Processing file /home/m9d9v9/PycharmProjects/Airflow-2/Airflow-2/.venv/lib/python3.10/site-packages/airflow/example_dags/example_latest_only.py for tasks to queue
[2024-12-06T22:39:47.731-0600] {logging_mixin.py:190} INFO - [2024-12-06T22:39:47.731-0600] {dagbag.py:588} INFO - Filling up the DagBag from /home/m9d9v9/PycharmProjects/Airflow-2/Airflow-2/.venv/lib/python3.10/site-packages/airflow/example_dags/example_latest_only.py
[2024-12-06T22:39:47.745-0600] {processor.py:925} INFO - DAG(s) 'latest_only' retrieved from /home/m9d9v9/PycharmProjects/Airflow-2/Airflow-2/.venv/lib/python3.10/site-packages/airflow/example_dags/example_latest_only.py
[2024-12-06T22:39:47.772-0600] {logging_mixin.py:190} INFO - [2024-12-06T22:39:47.772-0600] {dag.py:3239} INFO - Sync 1 DAGs
[2024-12-06T22:39:47.798-0600] {logging_mixin.py:190} INFO - [2024-12-06T22:39:47.797-0600] {dag.py:4180} INFO - Setting next_dagrun for latest_only to 2024-12-07 00:00:00+00:00, run_after=2024-12-07 04:00:00+00:00
[2024-12-06T22:39:47.819-0600] {processor.py:208} INFO - Processing /home/m9d9v9/PycharmProjects/Airflow-2/Airflow-2/.venv/lib/python3.10/site-packages/airflow/example_dags/example_latest_only.py took 0.114 seconds
[2024-12-06T22:40:47.592-0600] {processor.py:186} INFO - Started process (PID=15112) to work on /home/m9d9v9/PycharmProjects/Airflow-2/Airflow-2/.venv/lib/python3.10/site-packages/airflow/example_dags/example_latest_only.py
[2024-12-06T22:40:47.599-0600] {processor.py:914} INFO - Processing file /home/m9d9v9/PycharmProjects/Airflow-2/Airflow-2/.venv/lib/python3.10/site-packages/airflow/example_dags/example_latest_only.py for tasks to queue
[2024-12-06T22:40:47.603-0600] {logging_mixin.py:190} INFO - [2024-12-06T22:40:47.602-0600] {dagbag.py:588} INFO - Filling up the DagBag from /home/m9d9v9/PycharmProjects/Airflow-2/Airflow-2/.venv/lib/python3.10/site-packages/airflow/example_dags/example_latest_only.py
[2024-12-06T22:40:47.617-0600] {processor.py:925} INFO - DAG(s) 'latest_only' retrieved from /home/m9d9v9/PycharmProjects/Airflow-2/Airflow-2/.venv/lib/python3.10/site-packages/airflow/example_dags/example_latest_only.py
[2024-12-06T22:40:47.638-0600] {logging_mixin.py:190} INFO - [2024-12-06T22:40:47.638-0600] {dag.py:3239} INFO - Sync 1 DAGs
[2024-12-06T22:40:47.650-0600] {logging_mixin.py:190} INFO - [2024-12-06T22:40:47.650-0600] {dag.py:4180} INFO - Setting next_dagrun for latest_only to 2024-12-07 00:00:00+00:00, run_after=2024-12-07 04:00:00+00:00
[2024-12-06T22:40:47.662-0600] {processor.py:208} INFO - Processing /home/m9d9v9/PycharmProjects/Airflow-2/Airflow-2/.venv/lib/python3.10/site-packages/airflow/example_dags/example_latest_only.py took 0.088 seconds
[2024-12-06T23:25:03.233-0600] {processor.py:186} INFO - Started process (PID=17238) to work on /home/m9d9v9/PycharmProjects/Airflow-2/Airflow-2/.venv/lib/python3.10/site-packages/airflow/example_dags/example_latest_only.py
[2024-12-06T23:25:03.234-0600] {processor.py:914} INFO - Processing file /home/m9d9v9/PycharmProjects/Airflow-2/Airflow-2/.venv/lib/python3.10/site-packages/airflow/example_dags/example_latest_only.py for tasks to queue
[2024-12-06T23:25:03.240-0600] {logging_mixin.py:190} INFO - [2024-12-06T23:25:03.240-0600] {dagbag.py:588} INFO - Filling up the DagBag from /home/m9d9v9/PycharmProjects/Airflow-2/Airflow-2/.venv/lib/python3.10/site-packages/airflow/example_dags/example_latest_only.py
[2024-12-06T23:25:03.249-0600] {processor.py:925} INFO - DAG(s) 'latest_only' retrieved from /home/m9d9v9/PycharmProjects/Airflow-2/Airflow-2/.venv/lib/python3.10/site-packages/airflow/example_dags/example_latest_only.py
[2024-12-06T23:25:03.270-0600] {logging_mixin.py:190} INFO - [2024-12-06T23:25:03.270-0600] {dag.py:3239} INFO - Sync 1 DAGs
[2024-12-06T23:25:03.287-0600] {logging_mixin.py:190} INFO - [2024-12-06T23:25:03.287-0600] {dag.py:4180} INFO - Setting next_dagrun for latest_only to 2024-12-07 00:00:00+00:00, run_after=2024-12-07 04:00:00+00:00
[2024-12-06T23:25:03.301-0600] {processor.py:208} INFO - Processing /home/m9d9v9/PycharmProjects/Airflow-2/Airflow-2/.venv/lib/python3.10/site-packages/airflow/example_dags/example_latest_only.py took 0.075 seconds
[2024-12-06T23:26:00.198-0600] {processor.py:186} INFO - Started process (PID=17369) to work on /home/m9d9v9/PycharmProjects/Airflow-2/Airflow-2/.venv/lib/python3.10/site-packages/airflow/example_dags/example_latest_only.py
[2024-12-06T23:26:00.204-0600] {processor.py:914} INFO - Processing file /home/m9d9v9/PycharmProjects/Airflow-2/Airflow-2/.venv/lib/python3.10/site-packages/airflow/example_dags/example_latest_only.py for tasks to queue
[2024-12-06T23:26:00.205-0600] {logging_mixin.py:190} INFO - [2024-12-06T23:26:00.205-0600] {dagbag.py:588} INFO - Filling up the DagBag from /home/m9d9v9/PycharmProjects/Airflow-2/Airflow-2/.venv/lib/python3.10/site-packages/airflow/example_dags/example_latest_only.py
[2024-12-06T23:26:00.211-0600] {processor.py:925} INFO - DAG(s) 'latest_only' retrieved from /home/m9d9v9/PycharmProjects/Airflow-2/Airflow-2/.venv/lib/python3.10/site-packages/airflow/example_dags/example_latest_only.py
[2024-12-06T23:26:00.219-0600] {logging_mixin.py:190} INFO - [2024-12-06T23:26:00.219-0600] {dag.py:3239} INFO - Sync 1 DAGs
[2024-12-06T23:26:00.230-0600] {logging_mixin.py:190} INFO - [2024-12-06T23:26:00.230-0600] {dag.py:4180} INFO - Setting next_dagrun for latest_only to 2024-12-07 00:00:00+00:00, run_after=2024-12-07 04:00:00+00:00
[2024-12-06T23:26:00.241-0600] {processor.py:208} INFO - Processing /home/m9d9v9/PycharmProjects/Airflow-2/Airflow-2/.venv/lib/python3.10/site-packages/airflow/example_dags/example_latest_only.py took 0.046 seconds
[2024-12-06T23:26:57.078-0600] {processor.py:186} INFO - Started process (PID=17444) to work on /home/m9d9v9/PycharmProjects/Airflow-2/Airflow-2/.venv/lib/python3.10/site-packages/airflow/example_dags/example_latest_only.py
[2024-12-06T23:26:57.085-0600] {processor.py:914} INFO - Processing file /home/m9d9v9/PycharmProjects/Airflow-2/Airflow-2/.venv/lib/python3.10/site-packages/airflow/example_dags/example_latest_only.py for tasks to queue
[2024-12-06T23:26:57.087-0600] {logging_mixin.py:190} INFO - [2024-12-06T23:26:57.086-0600] {dagbag.py:588} INFO - Filling up the DagBag from /home/m9d9v9/PycharmProjects/Airflow-2/Airflow-2/.venv/lib/python3.10/site-packages/airflow/example_dags/example_latest_only.py
[2024-12-06T23:26:57.101-0600] {processor.py:925} INFO - DAG(s) 'latest_only' retrieved from /home/m9d9v9/PycharmProjects/Airflow-2/Airflow-2/.venv/lib/python3.10/site-packages/airflow/example_dags/example_latest_only.py
[2024-12-06T23:26:57.126-0600] {logging_mixin.py:190} INFO - [2024-12-06T23:26:57.126-0600] {dag.py:3239} INFO - Sync 1 DAGs
[2024-12-06T23:26:57.137-0600] {logging_mixin.py:190} INFO - [2024-12-06T23:26:57.137-0600] {dag.py:4180} INFO - Setting next_dagrun for latest_only to 2024-12-07 00:00:00+00:00, run_after=2024-12-07 04:00:00+00:00
[2024-12-06T23:26:57.148-0600] {processor.py:208} INFO - Processing /home/m9d9v9/PycharmProjects/Airflow-2/Airflow-2/.venv/lib/python3.10/site-packages/airflow/example_dags/example_latest_only.py took 0.080 seconds
[2024-12-06T23:27:53.429-0600] {processor.py:186} INFO - Started process (PID=17516) to work on /home/m9d9v9/PycharmProjects/Airflow-2/Airflow-2/.venv/lib/python3.10/site-packages/airflow/example_dags/example_latest_only.py
[2024-12-06T23:27:53.431-0600] {processor.py:914} INFO - Processing file /home/m9d9v9/PycharmProjects/Airflow-2/Airflow-2/.venv/lib/python3.10/site-packages/airflow/example_dags/example_latest_only.py for tasks to queue
[2024-12-06T23:27:53.432-0600] {logging_mixin.py:190} INFO - [2024-12-06T23:27:53.432-0600] {dagbag.py:588} INFO - Filling up the DagBag from /home/m9d9v9/PycharmProjects/Airflow-2/Airflow-2/.venv/lib/python3.10/site-packages/airflow/example_dags/example_latest_only.py
[2024-12-06T23:27:53.439-0600] {processor.py:925} INFO - DAG(s) 'latest_only' retrieved from /home/m9d9v9/PycharmProjects/Airflow-2/Airflow-2/.venv/lib/python3.10/site-packages/airflow/example_dags/example_latest_only.py
[2024-12-06T23:27:53.452-0600] {logging_mixin.py:190} INFO - [2024-12-06T23:27:53.451-0600] {dag.py:3239} INFO - Sync 1 DAGs
[2024-12-06T23:27:53.464-0600] {logging_mixin.py:190} INFO - [2024-12-06T23:27:53.464-0600] {dag.py:4180} INFO - Setting next_dagrun for latest_only to 2024-12-07 00:00:00+00:00, run_after=2024-12-07 04:00:00+00:00
[2024-12-06T23:27:53.475-0600] {processor.py:208} INFO - Processing /home/m9d9v9/PycharmProjects/Airflow-2/Airflow-2/.venv/lib/python3.10/site-packages/airflow/example_dags/example_latest_only.py took 0.050 seconds
[2024-12-06T23:28:51.146-0600] {processor.py:186} INFO - Started process (PID=17625) to work on /home/m9d9v9/PycharmProjects/Airflow-2/Airflow-2/.venv/lib/python3.10/site-packages/airflow/example_dags/example_latest_only.py
[2024-12-06T23:28:51.152-0600] {processor.py:914} INFO - Processing file /home/m9d9v9/PycharmProjects/Airflow-2/Airflow-2/.venv/lib/python3.10/site-packages/airflow/example_dags/example_latest_only.py for tasks to queue
[2024-12-06T23:28:51.153-0600] {logging_mixin.py:190} INFO - [2024-12-06T23:28:51.153-0600] {dagbag.py:588} INFO - Filling up the DagBag from /home/m9d9v9/PycharmProjects/Airflow-2/Airflow-2/.venv/lib/python3.10/site-packages/airflow/example_dags/example_latest_only.py
[2024-12-06T23:28:51.163-0600] {processor.py:925} INFO - DAG(s) 'latest_only' retrieved from /home/m9d9v9/PycharmProjects/Airflow-2/Airflow-2/.venv/lib/python3.10/site-packages/airflow/example_dags/example_latest_only.py
[2024-12-06T23:28:51.174-0600] {logging_mixin.py:190} INFO - [2024-12-06T23:28:51.174-0600] {dag.py:3239} INFO - Sync 1 DAGs
[2024-12-06T23:28:51.186-0600] {logging_mixin.py:190} INFO - [2024-12-06T23:28:51.186-0600] {dag.py:4180} INFO - Setting next_dagrun for latest_only to 2024-12-07 00:00:00+00:00, run_after=2024-12-07 04:00:00+00:00
[2024-12-06T23:28:51.198-0600] {processor.py:208} INFO - Processing /home/m9d9v9/PycharmProjects/Airflow-2/Airflow-2/.venv/lib/python3.10/site-packages/airflow/example_dags/example_latest_only.py took 0.057 seconds
[2024-12-06T23:29:47.514-0600] {processor.py:186} INFO - Started process (PID=17762) to work on /home/m9d9v9/PycharmProjects/Airflow-2/Airflow-2/.venv/lib/python3.10/site-packages/airflow/example_dags/example_latest_only.py
[2024-12-06T23:29:47.520-0600] {processor.py:914} INFO - Processing file /home/m9d9v9/PycharmProjects/Airflow-2/Airflow-2/.venv/lib/python3.10/site-packages/airflow/example_dags/example_latest_only.py for tasks to queue
[2024-12-06T23:29:47.521-0600] {logging_mixin.py:190} INFO - [2024-12-06T23:29:47.521-0600] {dagbag.py:588} INFO - Filling up the DagBag from /home/m9d9v9/PycharmProjects/Airflow-2/Airflow-2/.venv/lib/python3.10/site-packages/airflow/example_dags/example_latest_only.py
[2024-12-06T23:29:47.526-0600] {processor.py:925} INFO - DAG(s) 'latest_only' retrieved from /home/m9d9v9/PycharmProjects/Airflow-2/Airflow-2/.venv/lib/python3.10/site-packages/airflow/example_dags/example_latest_only.py
[2024-12-06T23:29:47.535-0600] {logging_mixin.py:190} INFO - [2024-12-06T23:29:47.535-0600] {dag.py:3239} INFO - Sync 1 DAGs
[2024-12-06T23:29:47.547-0600] {logging_mixin.py:190} INFO - [2024-12-06T23:29:47.547-0600] {dag.py:4180} INFO - Setting next_dagrun for latest_only to 2024-12-07 00:00:00+00:00, run_after=2024-12-07 04:00:00+00:00
[2024-12-06T23:29:47.557-0600] {processor.py:208} INFO - Processing /home/m9d9v9/PycharmProjects/Airflow-2/Airflow-2/.venv/lib/python3.10/site-packages/airflow/example_dags/example_latest_only.py took 0.048 seconds
[2024-12-06T23:30:43.278-0600] {processor.py:186} INFO - Started process (PID=17882) to work on /home/m9d9v9/PycharmProjects/Airflow-2/Airflow-2/.venv/lib/python3.10/site-packages/airflow/example_dags/example_latest_only.py
[2024-12-06T23:30:43.286-0600] {processor.py:914} INFO - Processing file /home/m9d9v9/PycharmProjects/Airflow-2/Airflow-2/.venv/lib/python3.10/site-packages/airflow/example_dags/example_latest_only.py for tasks to queue
[2024-12-06T23:30:43.288-0600] {logging_mixin.py:190} INFO - [2024-12-06T23:30:43.287-0600] {dagbag.py:588} INFO - Filling up the DagBag from /home/m9d9v9/PycharmProjects/Airflow-2/Airflow-2/.venv/lib/python3.10/site-packages/airflow/example_dags/example_latest_only.py
[2024-12-06T23:30:43.294-0600] {processor.py:925} INFO - DAG(s) 'latest_only' retrieved from /home/m9d9v9/PycharmProjects/Airflow-2/Airflow-2/.venv/lib/python3.10/site-packages/airflow/example_dags/example_latest_only.py
[2024-12-06T23:30:43.303-0600] {logging_mixin.py:190} INFO - [2024-12-06T23:30:43.303-0600] {dag.py:3239} INFO - Sync 1 DAGs
[2024-12-06T23:30:43.314-0600] {logging_mixin.py:190} INFO - [2024-12-06T23:30:43.314-0600] {dag.py:4180} INFO - Setting next_dagrun for latest_only to 2024-12-07 00:00:00+00:00, run_after=2024-12-07 04:00:00+00:00
[2024-12-06T23:30:43.330-0600] {processor.py:208} INFO - Processing /home/m9d9v9/PycharmProjects/Airflow-2/Airflow-2/.venv/lib/python3.10/site-packages/airflow/example_dags/example_latest_only.py took 0.062 seconds
[2024-12-06T23:31:39.980-0600] {processor.py:186} INFO - Started process (PID=17952) to work on /home/m9d9v9/PycharmProjects/Airflow-2/Airflow-2/.venv/lib/python3.10/site-packages/airflow/example_dags/example_latest_only.py
[2024-12-06T23:31:39.987-0600] {processor.py:914} INFO - Processing file /home/m9d9v9/PycharmProjects/Airflow-2/Airflow-2/.venv/lib/python3.10/site-packages/airflow/example_dags/example_latest_only.py for tasks to queue
[2024-12-06T23:31:39.990-0600] {logging_mixin.py:190} INFO - [2024-12-06T23:31:39.989-0600] {dagbag.py:588} INFO - Filling up the DagBag from /home/m9d9v9/PycharmProjects/Airflow-2/Airflow-2/.venv/lib/python3.10/site-packages/airflow/example_dags/example_latest_only.py
[2024-12-06T23:31:40.002-0600] {processor.py:925} INFO - DAG(s) 'latest_only' retrieved from /home/m9d9v9/PycharmProjects/Airflow-2/Airflow-2/.venv/lib/python3.10/site-packages/airflow/example_dags/example_latest_only.py
[2024-12-06T23:31:40.026-0600] {logging_mixin.py:190} INFO - [2024-12-06T23:31:40.026-0600] {dag.py:3239} INFO - Sync 1 DAGs
[2024-12-06T23:31:40.037-0600] {logging_mixin.py:190} INFO - [2024-12-06T23:31:40.037-0600] {dag.py:4180} INFO - Setting next_dagrun for latest_only to 2024-12-07 00:00:00+00:00, run_after=2024-12-07 04:00:00+00:00
[2024-12-06T23:31:40.048-0600] {processor.py:208} INFO - Processing /home/m9d9v9/PycharmProjects/Airflow-2/Airflow-2/.venv/lib/python3.10/site-packages/airflow/example_dags/example_latest_only.py took 0.079 seconds
[2024-12-06T23:32:39.209-0600] {processor.py:186} INFO - Started process (PID=18062) to work on /home/m9d9v9/PycharmProjects/Airflow-2/Airflow-2/.venv/lib/python3.10/site-packages/airflow/example_dags/example_latest_only.py
[2024-12-06T23:32:39.216-0600] {processor.py:914} INFO - Processing file /home/m9d9v9/PycharmProjects/Airflow-2/Airflow-2/.venv/lib/python3.10/site-packages/airflow/example_dags/example_latest_only.py for tasks to queue
[2024-12-06T23:32:39.218-0600] {logging_mixin.py:190} INFO - [2024-12-06T23:32:39.217-0600] {dagbag.py:588} INFO - Filling up the DagBag from /home/m9d9v9/PycharmProjects/Airflow-2/Airflow-2/.venv/lib/python3.10/site-packages/airflow/example_dags/example_latest_only.py
[2024-12-06T23:32:39.233-0600] {processor.py:925} INFO - DAG(s) 'latest_only' retrieved from /home/m9d9v9/PycharmProjects/Airflow-2/Airflow-2/.venv/lib/python3.10/site-packages/airflow/example_dags/example_latest_only.py
[2024-12-06T23:32:39.257-0600] {logging_mixin.py:190} INFO - [2024-12-06T23:32:39.257-0600] {dag.py:3239} INFO - Sync 1 DAGs
[2024-12-06T23:32:39.268-0600] {logging_mixin.py:190} INFO - [2024-12-06T23:32:39.268-0600] {dag.py:4180} INFO - Setting next_dagrun for latest_only to 2024-12-07 00:00:00+00:00, run_after=2024-12-07 04:00:00+00:00
[2024-12-06T23:32:39.279-0600] {processor.py:208} INFO - Processing /home/m9d9v9/PycharmProjects/Airflow-2/Airflow-2/.venv/lib/python3.10/site-packages/airflow/example_dags/example_latest_only.py took 0.081 seconds
[2024-12-06T23:33:35.752-0600] {processor.py:186} INFO - Started process (PID=18130) to work on /home/m9d9v9/PycharmProjects/Airflow-2/Airflow-2/.venv/lib/python3.10/site-packages/airflow/example_dags/example_latest_only.py
[2024-12-06T23:33:35.759-0600] {processor.py:914} INFO - Processing file /home/m9d9v9/PycharmProjects/Airflow-2/Airflow-2/.venv/lib/python3.10/site-packages/airflow/example_dags/example_latest_only.py for tasks to queue
[2024-12-06T23:33:35.761-0600] {logging_mixin.py:190} INFO - [2024-12-06T23:33:35.760-0600] {dagbag.py:588} INFO - Filling up the DagBag from /home/m9d9v9/PycharmProjects/Airflow-2/Airflow-2/.venv/lib/python3.10/site-packages/airflow/example_dags/example_latest_only.py
[2024-12-06T23:33:35.776-0600] {processor.py:925} INFO - DAG(s) 'latest_only' retrieved from /home/m9d9v9/PycharmProjects/Airflow-2/Airflow-2/.venv/lib/python3.10/site-packages/airflow/example_dags/example_latest_only.py
[2024-12-06T23:33:35.799-0600] {logging_mixin.py:190} INFO - [2024-12-06T23:33:35.799-0600] {dag.py:3239} INFO - Sync 1 DAGs
[2024-12-06T23:33:35.811-0600] {logging_mixin.py:190} INFO - [2024-12-06T23:33:35.810-0600] {dag.py:4180} INFO - Setting next_dagrun for latest_only to 2024-12-07 00:00:00+00:00, run_after=2024-12-07 04:00:00+00:00
[2024-12-06T23:33:35.822-0600] {processor.py:208} INFO - Processing /home/m9d9v9/PycharmProjects/Airflow-2/Airflow-2/.venv/lib/python3.10/site-packages/airflow/example_dags/example_latest_only.py took 0.082 seconds
[2024-12-06T23:34:31.392-0600] {processor.py:186} INFO - Started process (PID=18224) to work on /home/m9d9v9/PycharmProjects/Airflow-2/Airflow-2/.venv/lib/python3.10/site-packages/airflow/example_dags/example_latest_only.py
[2024-12-06T23:34:31.399-0600] {processor.py:914} INFO - Processing file /home/m9d9v9/PycharmProjects/Airflow-2/Airflow-2/.venv/lib/python3.10/site-packages/airflow/example_dags/example_latest_only.py for tasks to queue
[2024-12-06T23:34:31.401-0600] {logging_mixin.py:190} INFO - [2024-12-06T23:34:31.401-0600] {dagbag.py:588} INFO - Filling up the DagBag from /home/m9d9v9/PycharmProjects/Airflow-2/Airflow-2/.venv/lib/python3.10/site-packages/airflow/example_dags/example_latest_only.py
[2024-12-06T23:34:31.416-0600] {processor.py:925} INFO - DAG(s) 'latest_only' retrieved from /home/m9d9v9/PycharmProjects/Airflow-2/Airflow-2/.venv/lib/python3.10/site-packages/airflow/example_dags/example_latest_only.py
[2024-12-06T23:34:31.440-0600] {logging_mixin.py:190} INFO - [2024-12-06T23:34:31.440-0600] {dag.py:3239} INFO - Sync 1 DAGs
[2024-12-06T23:34:31.548-0600] {logging_mixin.py:190} INFO - [2024-12-06T23:34:31.548-0600] {dag.py:4180} INFO - Setting next_dagrun for latest_only to 2024-12-07 00:00:00+00:00, run_after=2024-12-07 04:00:00+00:00
[2024-12-06T23:34:31.568-0600] {processor.py:208} INFO - Processing /home/m9d9v9/PycharmProjects/Airflow-2/Airflow-2/.venv/lib/python3.10/site-packages/airflow/example_dags/example_latest_only.py took 0.186 seconds
[2024-12-06T23:35:34.953-0600] {processor.py:186} INFO - Started process (PID=18336) to work on /home/m9d9v9/PycharmProjects/Airflow-2/Airflow-2/.venv/lib/python3.10/site-packages/airflow/example_dags/example_latest_only.py
[2024-12-06T23:35:34.960-0600] {processor.py:914} INFO - Processing file /home/m9d9v9/PycharmProjects/Airflow-2/Airflow-2/.venv/lib/python3.10/site-packages/airflow/example_dags/example_latest_only.py for tasks to queue
[2024-12-06T23:35:34.962-0600] {logging_mixin.py:190} INFO - [2024-12-06T23:35:34.961-0600] {dagbag.py:588} INFO - Filling up the DagBag from /home/m9d9v9/PycharmProjects/Airflow-2/Airflow-2/.venv/lib/python3.10/site-packages/airflow/example_dags/example_latest_only.py
[2024-12-06T23:35:34.978-0600] {processor.py:925} INFO - DAG(s) 'latest_only' retrieved from /home/m9d9v9/PycharmProjects/Airflow-2/Airflow-2/.venv/lib/python3.10/site-packages/airflow/example_dags/example_latest_only.py
[2024-12-06T23:35:35.003-0600] {logging_mixin.py:190} INFO - [2024-12-06T23:35:35.003-0600] {dag.py:3239} INFO - Sync 1 DAGs
[2024-12-06T23:35:35.014-0600] {logging_mixin.py:190} INFO - [2024-12-06T23:35:35.014-0600] {dag.py:4180} INFO - Setting next_dagrun for latest_only to 2024-12-07 00:00:00+00:00, run_after=2024-12-07 04:00:00+00:00
[2024-12-06T23:35:35.121-0600] {processor.py:208} INFO - Processing /home/m9d9v9/PycharmProjects/Airflow-2/Airflow-2/.venv/lib/python3.10/site-packages/airflow/example_dags/example_latest_only.py took 0.179 seconds
[2024-12-06T23:36:38.874-0600] {processor.py:186} INFO - Started process (PID=18411) to work on /home/m9d9v9/PycharmProjects/Airflow-2/Airflow-2/.venv/lib/python3.10/site-packages/airflow/example_dags/example_latest_only.py
[2024-12-06T23:36:38.881-0600] {processor.py:914} INFO - Processing file /home/m9d9v9/PycharmProjects/Airflow-2/Airflow-2/.venv/lib/python3.10/site-packages/airflow/example_dags/example_latest_only.py for tasks to queue
[2024-12-06T23:36:38.883-0600] {logging_mixin.py:190} INFO - [2024-12-06T23:36:38.883-0600] {dagbag.py:588} INFO - Filling up the DagBag from /home/m9d9v9/PycharmProjects/Airflow-2/Airflow-2/.venv/lib/python3.10/site-packages/airflow/example_dags/example_latest_only.py
[2024-12-06T23:36:38.898-0600] {processor.py:925} INFO - DAG(s) 'latest_only' retrieved from /home/m9d9v9/PycharmProjects/Airflow-2/Airflow-2/.venv/lib/python3.10/site-packages/airflow/example_dags/example_latest_only.py
[2024-12-06T23:36:38.925-0600] {logging_mixin.py:190} INFO - [2024-12-06T23:36:38.925-0600] {dag.py:3239} INFO - Sync 1 DAGs
[2024-12-06T23:36:38.937-0600] {logging_mixin.py:190} INFO - [2024-12-06T23:36:38.937-0600] {dag.py:4180} INFO - Setting next_dagrun for latest_only to 2024-12-07 00:00:00+00:00, run_after=2024-12-07 04:00:00+00:00
[2024-12-06T23:36:38.950-0600] {processor.py:208} INFO - Processing /home/m9d9v9/PycharmProjects/Airflow-2/Airflow-2/.venv/lib/python3.10/site-packages/airflow/example_dags/example_latest_only.py took 0.087 seconds
[2024-12-06T23:37:39.947-0600] {processor.py:186} INFO - Started process (PID=18700) to work on /home/m9d9v9/PycharmProjects/Airflow-2/Airflow-2/.venv/lib/python3.10/site-packages/airflow/example_dags/example_latest_only.py
[2024-12-06T23:37:39.953-0600] {processor.py:914} INFO - Processing file /home/m9d9v9/PycharmProjects/Airflow-2/Airflow-2/.venv/lib/python3.10/site-packages/airflow/example_dags/example_latest_only.py for tasks to queue
[2024-12-06T23:37:39.954-0600] {logging_mixin.py:190} INFO - [2024-12-06T23:37:39.954-0600] {dagbag.py:588} INFO - Filling up the DagBag from /home/m9d9v9/PycharmProjects/Airflow-2/Airflow-2/.venv/lib/python3.10/site-packages/airflow/example_dags/example_latest_only.py
[2024-12-06T23:37:39.962-0600] {processor.py:925} INFO - DAG(s) 'latest_only' retrieved from /home/m9d9v9/PycharmProjects/Airflow-2/Airflow-2/.venv/lib/python3.10/site-packages/airflow/example_dags/example_latest_only.py
[2024-12-06T23:37:39.974-0600] {logging_mixin.py:190} INFO - [2024-12-06T23:37:39.974-0600] {dag.py:3239} INFO - Sync 1 DAGs
[2024-12-06T23:37:39.996-0600] {logging_mixin.py:190} INFO - [2024-12-06T23:37:39.996-0600] {dag.py:4180} INFO - Setting next_dagrun for latest_only to 2024-12-07 00:00:00+00:00, run_after=2024-12-07 04:00:00+00:00
[2024-12-06T23:37:40.012-0600] {processor.py:208} INFO - Processing /home/m9d9v9/PycharmProjects/Airflow-2/Airflow-2/.venv/lib/python3.10/site-packages/airflow/example_dags/example_latest_only.py took 0.070 seconds
[2024-12-06T23:38:38.450-0600] {processor.py:186} INFO - Started process (PID=18831) to work on /home/m9d9v9/PycharmProjects/Airflow-2/Airflow-2/.venv/lib/python3.10/site-packages/airflow/example_dags/example_latest_only.py
[2024-12-06T23:38:38.456-0600] {processor.py:914} INFO - Processing file /home/m9d9v9/PycharmProjects/Airflow-2/Airflow-2/.venv/lib/python3.10/site-packages/airflow/example_dags/example_latest_only.py for tasks to queue
[2024-12-06T23:38:38.457-0600] {logging_mixin.py:190} INFO - [2024-12-06T23:38:38.457-0600] {dagbag.py:588} INFO - Filling up the DagBag from /home/m9d9v9/PycharmProjects/Airflow-2/Airflow-2/.venv/lib/python3.10/site-packages/airflow/example_dags/example_latest_only.py
[2024-12-06T23:38:38.463-0600] {processor.py:925} INFO - DAG(s) 'latest_only' retrieved from /home/m9d9v9/PycharmProjects/Airflow-2/Airflow-2/.venv/lib/python3.10/site-packages/airflow/example_dags/example_latest_only.py
[2024-12-06T23:38:38.476-0600] {logging_mixin.py:190} INFO - [2024-12-06T23:38:38.476-0600] {dag.py:3239} INFO - Sync 1 DAGs
[2024-12-06T23:38:38.490-0600] {logging_mixin.py:190} INFO - [2024-12-06T23:38:38.490-0600] {dag.py:4180} INFO - Setting next_dagrun for latest_only to 2024-12-07 00:00:00+00:00, run_after=2024-12-07 04:00:00+00:00
[2024-12-06T23:38:38.503-0600] {processor.py:208} INFO - Processing /home/m9d9v9/PycharmProjects/Airflow-2/Airflow-2/.venv/lib/python3.10/site-packages/airflow/example_dags/example_latest_only.py took 0.059 seconds
[2024-12-06T23:39:44.200-0600] {processor.py:186} INFO - Started process (PID=19080) to work on /home/m9d9v9/PycharmProjects/Airflow-2/Airflow-2/.venv/lib/python3.10/site-packages/airflow/example_dags/example_latest_only.py
[2024-12-06T23:39:44.202-0600] {processor.py:914} INFO - Processing file /home/m9d9v9/PycharmProjects/Airflow-2/Airflow-2/.venv/lib/python3.10/site-packages/airflow/example_dags/example_latest_only.py for tasks to queue
[2024-12-06T23:39:44.203-0600] {logging_mixin.py:190} INFO - [2024-12-06T23:39:44.202-0600] {dagbag.py:588} INFO - Filling up the DagBag from /home/m9d9v9/PycharmProjects/Airflow-2/Airflow-2/.venv/lib/python3.10/site-packages/airflow/example_dags/example_latest_only.py
[2024-12-06T23:39:44.214-0600] {processor.py:925} INFO - DAG(s) 'latest_only' retrieved from /home/m9d9v9/PycharmProjects/Airflow-2/Airflow-2/.venv/lib/python3.10/site-packages/airflow/example_dags/example_latest_only.py
[2024-12-06T23:39:44.234-0600] {logging_mixin.py:190} INFO - [2024-12-06T23:39:44.234-0600] {dag.py:3239} INFO - Sync 1 DAGs
[2024-12-06T23:39:44.247-0600] {logging_mixin.py:190} INFO - [2024-12-06T23:39:44.247-0600] {dag.py:4180} INFO - Setting next_dagrun for latest_only to 2024-12-07 00:00:00+00:00, run_after=2024-12-07 04:00:00+00:00
[2024-12-06T23:39:44.260-0600] {processor.py:208} INFO - Processing /home/m9d9v9/PycharmProjects/Airflow-2/Airflow-2/.venv/lib/python3.10/site-packages/airflow/example_dags/example_latest_only.py took 0.072 seconds
[2024-12-06T23:40:41.791-0600] {processor.py:186} INFO - Started process (PID=19268) to work on /home/m9d9v9/PycharmProjects/Airflow-2/Airflow-2/.venv/lib/python3.10/site-packages/airflow/example_dags/example_latest_only.py
[2024-12-06T23:40:41.797-0600] {processor.py:914} INFO - Processing file /home/m9d9v9/PycharmProjects/Airflow-2/Airflow-2/.venv/lib/python3.10/site-packages/airflow/example_dags/example_latest_only.py for tasks to queue
[2024-12-06T23:40:41.798-0600] {logging_mixin.py:190} INFO - [2024-12-06T23:40:41.798-0600] {dagbag.py:588} INFO - Filling up the DagBag from /home/m9d9v9/PycharmProjects/Airflow-2/Airflow-2/.venv/lib/python3.10/site-packages/airflow/example_dags/example_latest_only.py
[2024-12-06T23:40:41.804-0600] {processor.py:925} INFO - DAG(s) 'latest_only' retrieved from /home/m9d9v9/PycharmProjects/Airflow-2/Airflow-2/.venv/lib/python3.10/site-packages/airflow/example_dags/example_latest_only.py
[2024-12-06T23:40:41.825-0600] {logging_mixin.py:190} INFO - [2024-12-06T23:40:41.825-0600] {dag.py:3239} INFO - Sync 1 DAGs
[2024-12-06T23:40:41.843-0600] {logging_mixin.py:190} INFO - [2024-12-06T23:40:41.843-0600] {dag.py:4180} INFO - Setting next_dagrun for latest_only to 2024-12-07 00:00:00+00:00, run_after=2024-12-07 04:00:00+00:00
[2024-12-06T23:40:41.855-0600] {processor.py:208} INFO - Processing /home/m9d9v9/PycharmProjects/Airflow-2/Airflow-2/.venv/lib/python3.10/site-packages/airflow/example_dags/example_latest_only.py took 0.072 seconds
[2024-12-06T23:41:33.867-0600] {processor.py:186} INFO - Started process (PID=19349) to work on /home/m9d9v9/PycharmProjects/Airflow-2/Airflow-2/.venv/lib/python3.10/site-packages/airflow/example_dags/example_latest_only.py
[2024-12-06T23:41:33.873-0600] {processor.py:914} INFO - Processing file /home/m9d9v9/PycharmProjects/Airflow-2/Airflow-2/.venv/lib/python3.10/site-packages/airflow/example_dags/example_latest_only.py for tasks to queue
[2024-12-06T23:41:33.874-0600] {logging_mixin.py:190} INFO - [2024-12-06T23:41:33.874-0600] {dagbag.py:588} INFO - Filling up the DagBag from /home/m9d9v9/PycharmProjects/Airflow-2/Airflow-2/.venv/lib/python3.10/site-packages/airflow/example_dags/example_latest_only.py
[2024-12-06T23:41:33.885-0600] {processor.py:925} INFO - DAG(s) 'latest_only' retrieved from /home/m9d9v9/PycharmProjects/Airflow-2/Airflow-2/.venv/lib/python3.10/site-packages/airflow/example_dags/example_latest_only.py
[2024-12-06T23:41:33.902-0600] {logging_mixin.py:190} INFO - [2024-12-06T23:41:33.902-0600] {dag.py:3239} INFO - Sync 1 DAGs
[2024-12-06T23:41:33.921-0600] {logging_mixin.py:190} INFO - [2024-12-06T23:41:33.921-0600] {dag.py:4180} INFO - Setting next_dagrun for latest_only to 2024-12-07 00:00:00+00:00, run_after=2024-12-07 04:00:00+00:00
[2024-12-06T23:41:33.937-0600] {processor.py:208} INFO - Processing /home/m9d9v9/PycharmProjects/Airflow-2/Airflow-2/.venv/lib/python3.10/site-packages/airflow/example_dags/example_latest_only.py took 0.077 seconds
