[2024-12-06T22:19:11.902-0600] {processor.py:186} INFO - Started process (PID=12515) to work on /home/m9d9v9/PycharmProjects/Airflow-2/Airflow-2/.venv/lib/python3.10/site-packages/airflow/example_dags/example_branch_operator_decorator.py
[2024-12-06T22:19:11.904-0600] {processor.py:914} INFO - Processing file /home/m9d9v9/PycharmProjects/Airflow-2/Airflow-2/.venv/lib/python3.10/site-packages/airflow/example_dags/example_branch_operator_decorator.py for tasks to queue
[2024-12-06T22:19:11.908-0600] {logging_mixin.py:190} INFO - [2024-12-06T22:19:11.907-0600] {dagbag.py:588} INFO - Filling up the DagBag from /home/m9d9v9/PycharmProjects/Airflow-2/Airflow-2/.venv/lib/python3.10/site-packages/airflow/example_dags/example_branch_operator_decorator.py
[2024-12-06T22:19:11.914-0600] {processor.py:927} WARNING - No viable dags retrieved from /home/m9d9v9/PycharmProjects/Airflow-2/Airflow-2/.venv/lib/python3.10/site-packages/airflow/example_dags/example_branch_operator_decorator.py
[2024-12-06T22:19:11.934-0600] {processor.py:208} INFO - Processing /home/m9d9v9/PycharmProjects/Airflow-2/Airflow-2/.venv/lib/python3.10/site-packages/airflow/example_dags/example_branch_operator_decorator.py took 0.044 seconds
[2024-12-06T22:20:09.370-0600] {processor.py:186} INFO - Started process (PID=12634) to work on /home/m9d9v9/PycharmProjects/Airflow-2/Airflow-2/.venv/lib/python3.10/site-packages/airflow/example_dags/example_branch_operator_decorator.py
[2024-12-06T22:20:09.377-0600] {processor.py:914} INFO - Processing file /home/m9d9v9/PycharmProjects/Airflow-2/Airflow-2/.venv/lib/python3.10/site-packages/airflow/example_dags/example_branch_operator_decorator.py for tasks to queue
[2024-12-06T22:20:09.381-0600] {logging_mixin.py:190} INFO - [2024-12-06T22:20:09.380-0600] {dagbag.py:588} INFO - Filling up the DagBag from /home/m9d9v9/PycharmProjects/Airflow-2/Airflow-2/.venv/lib/python3.10/site-packages/airflow/example_dags/example_branch_operator_decorator.py
[2024-12-06T22:20:09.386-0600] {processor.py:927} WARNING - No viable dags retrieved from /home/m9d9v9/PycharmProjects/Airflow-2/Airflow-2/.venv/lib/python3.10/site-packages/airflow/example_dags/example_branch_operator_decorator.py
[2024-12-06T22:20:09.405-0600] {processor.py:208} INFO - Processing /home/m9d9v9/PycharmProjects/Airflow-2/Airflow-2/.venv/lib/python3.10/site-packages/airflow/example_dags/example_branch_operator_decorator.py took 0.043 seconds
[2024-12-06T22:21:05.353-0600] {processor.py:186} INFO - Started process (PID=12709) to work on /home/m9d9v9/PycharmProjects/Airflow-2/Airflow-2/.venv/lib/python3.10/site-packages/airflow/example_dags/example_branch_operator_decorator.py
[2024-12-06T22:21:05.354-0600] {processor.py:914} INFO - Processing file /home/m9d9v9/PycharmProjects/Airflow-2/Airflow-2/.venv/lib/python3.10/site-packages/airflow/example_dags/example_branch_operator_decorator.py for tasks to queue
[2024-12-06T22:21:05.356-0600] {logging_mixin.py:190} INFO - [2024-12-06T22:21:05.356-0600] {dagbag.py:588} INFO - Filling up the DagBag from /home/m9d9v9/PycharmProjects/Airflow-2/Airflow-2/.venv/lib/python3.10/site-packages/airflow/example_dags/example_branch_operator_decorator.py
[2024-12-06T22:21:05.359-0600] {processor.py:927} WARNING - No viable dags retrieved from /home/m9d9v9/PycharmProjects/Airflow-2/Airflow-2/.venv/lib/python3.10/site-packages/airflow/example_dags/example_branch_operator_decorator.py
[2024-12-06T22:21:05.372-0600] {processor.py:208} INFO - Processing /home/m9d9v9/PycharmProjects/Airflow-2/Airflow-2/.venv/lib/python3.10/site-packages/airflow/example_dags/example_branch_operator_decorator.py took 0.025 seconds
[2024-12-06T22:22:03.347-0600] {processor.py:186} INFO - Started process (PID=12788) to work on /home/m9d9v9/PycharmProjects/Airflow-2/Airflow-2/.venv/lib/python3.10/site-packages/airflow/example_dags/example_branch_operator_decorator.py
[2024-12-06T22:22:03.354-0600] {processor.py:914} INFO - Processing file /home/m9d9v9/PycharmProjects/Airflow-2/Airflow-2/.venv/lib/python3.10/site-packages/airflow/example_dags/example_branch_operator_decorator.py for tasks to queue
[2024-12-06T22:22:03.358-0600] {logging_mixin.py:190} INFO - [2024-12-06T22:22:03.357-0600] {dagbag.py:588} INFO - Filling up the DagBag from /home/m9d9v9/PycharmProjects/Airflow-2/Airflow-2/.venv/lib/python3.10/site-packages/airflow/example_dags/example_branch_operator_decorator.py
[2024-12-06T22:22:03.361-0600] {processor.py:927} WARNING - No viable dags retrieved from /home/m9d9v9/PycharmProjects/Airflow-2/Airflow-2/.venv/lib/python3.10/site-packages/airflow/example_dags/example_branch_operator_decorator.py
[2024-12-06T22:22:03.373-0600] {processor.py:208} INFO - Processing /home/m9d9v9/PycharmProjects/Airflow-2/Airflow-2/.venv/lib/python3.10/site-packages/airflow/example_dags/example_branch_operator_decorator.py took 0.040 seconds
[2024-12-06T22:23:20.625-0600] {processor.py:186} INFO - Started process (PID=12946) to work on /home/m9d9v9/PycharmProjects/Airflow-2/Airflow-2/.venv/lib/python3.10/site-packages/airflow/example_dags/example_branch_operator_decorator.py
[2024-12-06T22:23:20.632-0600] {processor.py:914} INFO - Processing file /home/m9d9v9/PycharmProjects/Airflow-2/Airflow-2/.venv/lib/python3.10/site-packages/airflow/example_dags/example_branch_operator_decorator.py for tasks to queue
[2024-12-06T22:23:20.635-0600] {logging_mixin.py:190} INFO - [2024-12-06T22:23:20.634-0600] {dagbag.py:588} INFO - Filling up the DagBag from /home/m9d9v9/PycharmProjects/Airflow-2/Airflow-2/.venv/lib/python3.10/site-packages/airflow/example_dags/example_branch_operator_decorator.py
[2024-12-06T22:23:20.640-0600] {processor.py:927} WARNING - No viable dags retrieved from /home/m9d9v9/PycharmProjects/Airflow-2/Airflow-2/.venv/lib/python3.10/site-packages/airflow/example_dags/example_branch_operator_decorator.py
[2024-12-06T22:23:20.660-0600] {processor.py:208} INFO - Processing /home/m9d9v9/PycharmProjects/Airflow-2/Airflow-2/.venv/lib/python3.10/site-packages/airflow/example_dags/example_branch_operator_decorator.py took 0.048 seconds
[2024-12-06T22:24:17.600-0600] {processor.py:186} INFO - Started process (PID=13017) to work on /home/m9d9v9/PycharmProjects/Airflow-2/Airflow-2/.venv/lib/python3.10/site-packages/airflow/example_dags/example_branch_operator_decorator.py
[2024-12-06T22:24:17.607-0600] {processor.py:914} INFO - Processing file /home/m9d9v9/PycharmProjects/Airflow-2/Airflow-2/.venv/lib/python3.10/site-packages/airflow/example_dags/example_branch_operator_decorator.py for tasks to queue
[2024-12-06T22:24:17.610-0600] {logging_mixin.py:190} INFO - [2024-12-06T22:24:17.609-0600] {dagbag.py:588} INFO - Filling up the DagBag from /home/m9d9v9/PycharmProjects/Airflow-2/Airflow-2/.venv/lib/python3.10/site-packages/airflow/example_dags/example_branch_operator_decorator.py
[2024-12-06T22:24:17.616-0600] {processor.py:927} WARNING - No viable dags retrieved from /home/m9d9v9/PycharmProjects/Airflow-2/Airflow-2/.venv/lib/python3.10/site-packages/airflow/example_dags/example_branch_operator_decorator.py
[2024-12-06T22:24:17.638-0600] {processor.py:208} INFO - Processing /home/m9d9v9/PycharmProjects/Airflow-2/Airflow-2/.venv/lib/python3.10/site-packages/airflow/example_dags/example_branch_operator_decorator.py took 0.049 seconds
[2024-12-06T22:25:14.491-0600] {processor.py:186} INFO - Started process (PID=13104) to work on /home/m9d9v9/PycharmProjects/Airflow-2/Airflow-2/.venv/lib/python3.10/site-packages/airflow/example_dags/example_branch_operator_decorator.py
[2024-12-06T22:25:14.498-0600] {processor.py:914} INFO - Processing file /home/m9d9v9/PycharmProjects/Airflow-2/Airflow-2/.venv/lib/python3.10/site-packages/airflow/example_dags/example_branch_operator_decorator.py for tasks to queue
[2024-12-06T22:25:14.501-0600] {logging_mixin.py:190} INFO - [2024-12-06T22:25:14.500-0600] {dagbag.py:588} INFO - Filling up the DagBag from /home/m9d9v9/PycharmProjects/Airflow-2/Airflow-2/.venv/lib/python3.10/site-packages/airflow/example_dags/example_branch_operator_decorator.py
[2024-12-06T22:25:14.507-0600] {processor.py:927} WARNING - No viable dags retrieved from /home/m9d9v9/PycharmProjects/Airflow-2/Airflow-2/.venv/lib/python3.10/site-packages/airflow/example_dags/example_branch_operator_decorator.py
[2024-12-06T22:25:14.527-0600] {processor.py:208} INFO - Processing /home/m9d9v9/PycharmProjects/Airflow-2/Airflow-2/.venv/lib/python3.10/site-packages/airflow/example_dags/example_branch_operator_decorator.py took 0.048 seconds
[2024-12-06T22:26:11.706-0600] {processor.py:186} INFO - Started process (PID=13183) to work on /home/m9d9v9/PycharmProjects/Airflow-2/Airflow-2/.venv/lib/python3.10/site-packages/airflow/example_dags/example_branch_operator_decorator.py
[2024-12-06T22:26:11.713-0600] {processor.py:914} INFO - Processing file /home/m9d9v9/PycharmProjects/Airflow-2/Airflow-2/.venv/lib/python3.10/site-packages/airflow/example_dags/example_branch_operator_decorator.py for tasks to queue
[2024-12-06T22:26:11.715-0600] {logging_mixin.py:190} INFO - [2024-12-06T22:26:11.715-0600] {dagbag.py:588} INFO - Filling up the DagBag from /home/m9d9v9/PycharmProjects/Airflow-2/Airflow-2/.venv/lib/python3.10/site-packages/airflow/example_dags/example_branch_operator_decorator.py
[2024-12-06T22:26:11.721-0600] {processor.py:927} WARNING - No viable dags retrieved from /home/m9d9v9/PycharmProjects/Airflow-2/Airflow-2/.venv/lib/python3.10/site-packages/airflow/example_dags/example_branch_operator_decorator.py
[2024-12-06T22:26:11.741-0600] {processor.py:208} INFO - Processing /home/m9d9v9/PycharmProjects/Airflow-2/Airflow-2/.venv/lib/python3.10/site-packages/airflow/example_dags/example_branch_operator_decorator.py took 0.048 seconds
[2024-12-06T22:37:28.770-0600] {processor.py:186} INFO - Started process (PID=14655) to work on /home/m9d9v9/PycharmProjects/Airflow-2/Airflow-2/.venv/lib/python3.10/site-packages/airflow/example_dags/example_branch_operator_decorator.py
[2024-12-06T22:37:28.776-0600] {processor.py:914} INFO - Processing file /home/m9d9v9/PycharmProjects/Airflow-2/Airflow-2/.venv/lib/python3.10/site-packages/airflow/example_dags/example_branch_operator_decorator.py for tasks to queue
[2024-12-06T22:37:28.778-0600] {logging_mixin.py:190} INFO - [2024-12-06T22:37:28.778-0600] {dagbag.py:588} INFO - Filling up the DagBag from /home/m9d9v9/PycharmProjects/Airflow-2/Airflow-2/.venv/lib/python3.10/site-packages/airflow/example_dags/example_branch_operator_decorator.py
[2024-12-06T22:37:28.781-0600] {processor.py:927} WARNING - No viable dags retrieved from /home/m9d9v9/PycharmProjects/Airflow-2/Airflow-2/.venv/lib/python3.10/site-packages/airflow/example_dags/example_branch_operator_decorator.py
[2024-12-06T22:37:28.790-0600] {processor.py:208} INFO - Processing /home/m9d9v9/PycharmProjects/Airflow-2/Airflow-2/.venv/lib/python3.10/site-packages/airflow/example_dags/example_branch_operator_decorator.py took 0.025 seconds
[2024-12-06T22:38:26.808-0600] {processor.py:186} INFO - Started process (PID=14761) to work on /home/m9d9v9/PycharmProjects/Airflow-2/Airflow-2/.venv/lib/python3.10/site-packages/airflow/example_dags/example_branch_operator_decorator.py
[2024-12-06T22:38:26.814-0600] {processor.py:914} INFO - Processing file /home/m9d9v9/PycharmProjects/Airflow-2/Airflow-2/.venv/lib/python3.10/site-packages/airflow/example_dags/example_branch_operator_decorator.py for tasks to queue
[2024-12-06T22:38:26.817-0600] {logging_mixin.py:190} INFO - [2024-12-06T22:38:26.817-0600] {dagbag.py:588} INFO - Filling up the DagBag from /home/m9d9v9/PycharmProjects/Airflow-2/Airflow-2/.venv/lib/python3.10/site-packages/airflow/example_dags/example_branch_operator_decorator.py
[2024-12-06T22:38:26.821-0600] {processor.py:927} WARNING - No viable dags retrieved from /home/m9d9v9/PycharmProjects/Airflow-2/Airflow-2/.venv/lib/python3.10/site-packages/airflow/example_dags/example_branch_operator_decorator.py
[2024-12-06T22:38:26.831-0600] {processor.py:208} INFO - Processing /home/m9d9v9/PycharmProjects/Airflow-2/Airflow-2/.venv/lib/python3.10/site-packages/airflow/example_dags/example_branch_operator_decorator.py took 0.030 seconds
[2024-12-06T22:39:25.081-0600] {processor.py:186} INFO - Started process (PID=14923) to work on /home/m9d9v9/PycharmProjects/Airflow-2/Airflow-2/.venv/lib/python3.10/site-packages/airflow/example_dags/example_branch_operator_decorator.py
[2024-12-06T22:39:25.082-0600] {processor.py:914} INFO - Processing file /home/m9d9v9/PycharmProjects/Airflow-2/Airflow-2/.venv/lib/python3.10/site-packages/airflow/example_dags/example_branch_operator_decorator.py for tasks to queue
[2024-12-06T22:39:25.083-0600] {logging_mixin.py:190} INFO - [2024-12-06T22:39:25.083-0600] {dagbag.py:588} INFO - Filling up the DagBag from /home/m9d9v9/PycharmProjects/Airflow-2/Airflow-2/.venv/lib/python3.10/site-packages/airflow/example_dags/example_branch_operator_decorator.py
[2024-12-06T22:39:25.085-0600] {processor.py:927} WARNING - No viable dags retrieved from /home/m9d9v9/PycharmProjects/Airflow-2/Airflow-2/.venv/lib/python3.10/site-packages/airflow/example_dags/example_branch_operator_decorator.py
[2024-12-06T22:39:25.092-0600] {processor.py:208} INFO - Processing /home/m9d9v9/PycharmProjects/Airflow-2/Airflow-2/.venv/lib/python3.10/site-packages/airflow/example_dags/example_branch_operator_decorator.py took 0.016 seconds
[2024-12-06T22:40:25.770-0600] {processor.py:186} INFO - Started process (PID=15055) to work on /home/m9d9v9/PycharmProjects/Airflow-2/Airflow-2/.venv/lib/python3.10/site-packages/airflow/example_dags/example_branch_operator_decorator.py
[2024-12-06T22:40:25.777-0600] {processor.py:914} INFO - Processing file /home/m9d9v9/PycharmProjects/Airflow-2/Airflow-2/.venv/lib/python3.10/site-packages/airflow/example_dags/example_branch_operator_decorator.py for tasks to queue
[2024-12-06T22:40:25.782-0600] {logging_mixin.py:190} INFO - [2024-12-06T22:40:25.781-0600] {dagbag.py:588} INFO - Filling up the DagBag from /home/m9d9v9/PycharmProjects/Airflow-2/Airflow-2/.venv/lib/python3.10/site-packages/airflow/example_dags/example_branch_operator_decorator.py
[2024-12-06T22:40:25.788-0600] {processor.py:927} WARNING - No viable dags retrieved from /home/m9d9v9/PycharmProjects/Airflow-2/Airflow-2/.venv/lib/python3.10/site-packages/airflow/example_dags/example_branch_operator_decorator.py
[2024-12-06T22:40:25.807-0600] {processor.py:208} INFO - Processing /home/m9d9v9/PycharmProjects/Airflow-2/Airflow-2/.venv/lib/python3.10/site-packages/airflow/example_dags/example_branch_operator_decorator.py took 0.052 seconds
[2024-12-06T22:41:26.975-0600] {processor.py:186} INFO - Started process (PID=15177) to work on /home/m9d9v9/PycharmProjects/Airflow-2/Airflow-2/.venv/lib/python3.10/site-packages/airflow/example_dags/example_branch_operator_decorator.py
[2024-12-06T22:41:26.982-0600] {processor.py:914} INFO - Processing file /home/m9d9v9/PycharmProjects/Airflow-2/Airflow-2/.venv/lib/python3.10/site-packages/airflow/example_dags/example_branch_operator_decorator.py for tasks to queue
[2024-12-06T22:41:26.987-0600] {logging_mixin.py:190} INFO - [2024-12-06T22:41:26.986-0600] {dagbag.py:588} INFO - Filling up the DagBag from /home/m9d9v9/PycharmProjects/Airflow-2/Airflow-2/.venv/lib/python3.10/site-packages/airflow/example_dags/example_branch_operator_decorator.py
[2024-12-06T22:41:26.993-0600] {processor.py:927} WARNING - No viable dags retrieved from /home/m9d9v9/PycharmProjects/Airflow-2/Airflow-2/.venv/lib/python3.10/site-packages/airflow/example_dags/example_branch_operator_decorator.py
[2024-12-06T22:41:27.012-0600] {processor.py:208} INFO - Processing /home/m9d9v9/PycharmProjects/Airflow-2/Airflow-2/.venv/lib/python3.10/site-packages/airflow/example_dags/example_branch_operator_decorator.py took 0.053 seconds
[2024-12-06T23:25:36.090-0600] {processor.py:186} INFO - Started process (PID=17332) to work on /home/m9d9v9/PycharmProjects/Airflow-2/Airflow-2/.venv/lib/python3.10/site-packages/airflow/example_dags/example_branch_operator_decorator.py
[2024-12-06T23:25:36.093-0600] {processor.py:914} INFO - Processing file /home/m9d9v9/PycharmProjects/Airflow-2/Airflow-2/.venv/lib/python3.10/site-packages/airflow/example_dags/example_branch_operator_decorator.py for tasks to queue
[2024-12-06T23:25:36.096-0600] {logging_mixin.py:190} INFO - [2024-12-06T23:25:36.096-0600] {dagbag.py:588} INFO - Filling up the DagBag from /home/m9d9v9/PycharmProjects/Airflow-2/Airflow-2/.venv/lib/python3.10/site-packages/airflow/example_dags/example_branch_operator_decorator.py
[2024-12-06T23:25:36.100-0600] {processor.py:927} WARNING - No viable dags retrieved from /home/m9d9v9/PycharmProjects/Airflow-2/Airflow-2/.venv/lib/python3.10/site-packages/airflow/example_dags/example_branch_operator_decorator.py
[2024-12-06T23:25:36.115-0600] {processor.py:208} INFO - Processing /home/m9d9v9/PycharmProjects/Airflow-2/Airflow-2/.venv/lib/python3.10/site-packages/airflow/example_dags/example_branch_operator_decorator.py took 0.034 seconds
[2024-12-06T23:26:33.865-0600] {processor.py:186} INFO - Started process (PID=17414) to work on /home/m9d9v9/PycharmProjects/Airflow-2/Airflow-2/.venv/lib/python3.10/site-packages/airflow/example_dags/example_branch_operator_decorator.py
[2024-12-06T23:26:33.871-0600] {processor.py:914} INFO - Processing file /home/m9d9v9/PycharmProjects/Airflow-2/Airflow-2/.venv/lib/python3.10/site-packages/airflow/example_dags/example_branch_operator_decorator.py for tasks to queue
[2024-12-06T23:26:33.873-0600] {logging_mixin.py:190} INFO - [2024-12-06T23:26:33.872-0600] {dagbag.py:588} INFO - Filling up the DagBag from /home/m9d9v9/PycharmProjects/Airflow-2/Airflow-2/.venv/lib/python3.10/site-packages/airflow/example_dags/example_branch_operator_decorator.py
[2024-12-06T23:26:33.875-0600] {processor.py:927} WARNING - No viable dags retrieved from /home/m9d9v9/PycharmProjects/Airflow-2/Airflow-2/.venv/lib/python3.10/site-packages/airflow/example_dags/example_branch_operator_decorator.py
[2024-12-06T23:26:33.882-0600] {processor.py:208} INFO - Processing /home/m9d9v9/PycharmProjects/Airflow-2/Airflow-2/.venv/lib/python3.10/site-packages/airflow/example_dags/example_branch_operator_decorator.py took 0.021 seconds
[2024-12-06T23:27:30.860-0600] {processor.py:186} INFO - Started process (PID=17487) to work on /home/m9d9v9/PycharmProjects/Airflow-2/Airflow-2/.venv/lib/python3.10/site-packages/airflow/example_dags/example_branch_operator_decorator.py
[2024-12-06T23:27:30.867-0600] {processor.py:914} INFO - Processing file /home/m9d9v9/PycharmProjects/Airflow-2/Airflow-2/.venv/lib/python3.10/site-packages/airflow/example_dags/example_branch_operator_decorator.py for tasks to queue
[2024-12-06T23:27:30.870-0600] {logging_mixin.py:190} INFO - [2024-12-06T23:27:30.869-0600] {dagbag.py:588} INFO - Filling up the DagBag from /home/m9d9v9/PycharmProjects/Airflow-2/Airflow-2/.venv/lib/python3.10/site-packages/airflow/example_dags/example_branch_operator_decorator.py
[2024-12-06T23:27:30.875-0600] {processor.py:927} WARNING - No viable dags retrieved from /home/m9d9v9/PycharmProjects/Airflow-2/Airflow-2/.venv/lib/python3.10/site-packages/airflow/example_dags/example_branch_operator_decorator.py
[2024-12-06T23:27:30.889-0600] {processor.py:208} INFO - Processing /home/m9d9v9/PycharmProjects/Airflow-2/Airflow-2/.venv/lib/python3.10/site-packages/airflow/example_dags/example_branch_operator_decorator.py took 0.041 seconds
[2024-12-06T23:28:28.714-0600] {processor.py:186} INFO - Started process (PID=17590) to work on /home/m9d9v9/PycharmProjects/Airflow-2/Airflow-2/.venv/lib/python3.10/site-packages/airflow/example_dags/example_branch_operator_decorator.py
[2024-12-06T23:28:28.717-0600] {processor.py:914} INFO - Processing file /home/m9d9v9/PycharmProjects/Airflow-2/Airflow-2/.venv/lib/python3.10/site-packages/airflow/example_dags/example_branch_operator_decorator.py for tasks to queue
[2024-12-06T23:28:28.719-0600] {logging_mixin.py:190} INFO - [2024-12-06T23:28:28.718-0600] {dagbag.py:588} INFO - Filling up the DagBag from /home/m9d9v9/PycharmProjects/Airflow-2/Airflow-2/.venv/lib/python3.10/site-packages/airflow/example_dags/example_branch_operator_decorator.py
[2024-12-06T23:28:28.725-0600] {processor.py:927} WARNING - No viable dags retrieved from /home/m9d9v9/PycharmProjects/Airflow-2/Airflow-2/.venv/lib/python3.10/site-packages/airflow/example_dags/example_branch_operator_decorator.py
[2024-12-06T23:28:28.742-0600] {processor.py:208} INFO - Processing /home/m9d9v9/PycharmProjects/Airflow-2/Airflow-2/.venv/lib/python3.10/site-packages/airflow/example_dags/example_branch_operator_decorator.py took 0.040 seconds
[2024-12-06T23:29:25.020-0600] {processor.py:186} INFO - Started process (PID=17733) to work on /home/m9d9v9/PycharmProjects/Airflow-2/Airflow-2/.venv/lib/python3.10/site-packages/airflow/example_dags/example_branch_operator_decorator.py
[2024-12-06T23:29:25.026-0600] {processor.py:914} INFO - Processing file /home/m9d9v9/PycharmProjects/Airflow-2/Airflow-2/.venv/lib/python3.10/site-packages/airflow/example_dags/example_branch_operator_decorator.py for tasks to queue
[2024-12-06T23:29:25.027-0600] {logging_mixin.py:190} INFO - [2024-12-06T23:29:25.027-0600] {dagbag.py:588} INFO - Filling up the DagBag from /home/m9d9v9/PycharmProjects/Airflow-2/Airflow-2/.venv/lib/python3.10/site-packages/airflow/example_dags/example_branch_operator_decorator.py
[2024-12-06T23:29:25.033-0600] {processor.py:927} WARNING - No viable dags retrieved from /home/m9d9v9/PycharmProjects/Airflow-2/Airflow-2/.venv/lib/python3.10/site-packages/airflow/example_dags/example_branch_operator_decorator.py
[2024-12-06T23:29:25.047-0600] {processor.py:208} INFO - Processing /home/m9d9v9/PycharmProjects/Airflow-2/Airflow-2/.venv/lib/python3.10/site-packages/airflow/example_dags/example_branch_operator_decorator.py took 0.035 seconds
[2024-12-06T23:30:22.392-0600] {processor.py:186} INFO - Started process (PID=17822) to work on /home/m9d9v9/PycharmProjects/Airflow-2/Airflow-2/.venv/lib/python3.10/site-packages/airflow/example_dags/example_branch_operator_decorator.py
[2024-12-06T23:30:22.399-0600] {processor.py:914} INFO - Processing file /home/m9d9v9/PycharmProjects/Airflow-2/Airflow-2/.venv/lib/python3.10/site-packages/airflow/example_dags/example_branch_operator_decorator.py for tasks to queue
[2024-12-06T23:30:22.401-0600] {logging_mixin.py:190} INFO - [2024-12-06T23:30:22.400-0600] {dagbag.py:588} INFO - Filling up the DagBag from /home/m9d9v9/PycharmProjects/Airflow-2/Airflow-2/.venv/lib/python3.10/site-packages/airflow/example_dags/example_branch_operator_decorator.py
[2024-12-06T23:30:22.406-0600] {processor.py:927} WARNING - No viable dags retrieved from /home/m9d9v9/PycharmProjects/Airflow-2/Airflow-2/.venv/lib/python3.10/site-packages/airflow/example_dags/example_branch_operator_decorator.py
[2024-12-06T23:30:22.423-0600] {processor.py:208} INFO - Processing /home/m9d9v9/PycharmProjects/Airflow-2/Airflow-2/.venv/lib/python3.10/site-packages/airflow/example_dags/example_branch_operator_decorator.py took 0.043 seconds
[2024-12-06T23:31:18.405-0600] {processor.py:186} INFO - Started process (PID=17925) to work on /home/m9d9v9/PycharmProjects/Airflow-2/Airflow-2/.venv/lib/python3.10/site-packages/airflow/example_dags/example_branch_operator_decorator.py
[2024-12-06T23:31:18.411-0600] {processor.py:914} INFO - Processing file /home/m9d9v9/PycharmProjects/Airflow-2/Airflow-2/.venv/lib/python3.10/site-packages/airflow/example_dags/example_branch_operator_decorator.py for tasks to queue
[2024-12-06T23:31:18.414-0600] {logging_mixin.py:190} INFO - [2024-12-06T23:31:18.413-0600] {dagbag.py:588} INFO - Filling up the DagBag from /home/m9d9v9/PycharmProjects/Airflow-2/Airflow-2/.venv/lib/python3.10/site-packages/airflow/example_dags/example_branch_operator_decorator.py
[2024-12-06T23:31:18.419-0600] {processor.py:927} WARNING - No viable dags retrieved from /home/m9d9v9/PycharmProjects/Airflow-2/Airflow-2/.venv/lib/python3.10/site-packages/airflow/example_dags/example_branch_operator_decorator.py
[2024-12-06T23:31:18.437-0600] {processor.py:208} INFO - Processing /home/m9d9v9/PycharmProjects/Airflow-2/Airflow-2/.venv/lib/python3.10/site-packages/airflow/example_dags/example_branch_operator_decorator.py took 0.043 seconds
[2024-12-06T23:32:16.558-0600] {processor.py:186} INFO - Started process (PID=18035) to work on /home/m9d9v9/PycharmProjects/Airflow-2/Airflow-2/.venv/lib/python3.10/site-packages/airflow/example_dags/example_branch_operator_decorator.py
[2024-12-06T23:32:16.565-0600] {processor.py:914} INFO - Processing file /home/m9d9v9/PycharmProjects/Airflow-2/Airflow-2/.venv/lib/python3.10/site-packages/airflow/example_dags/example_branch_operator_decorator.py for tasks to queue
[2024-12-06T23:32:16.568-0600] {logging_mixin.py:190} INFO - [2024-12-06T23:32:16.567-0600] {dagbag.py:588} INFO - Filling up the DagBag from /home/m9d9v9/PycharmProjects/Airflow-2/Airflow-2/.venv/lib/python3.10/site-packages/airflow/example_dags/example_branch_operator_decorator.py
[2024-12-06T23:32:16.571-0600] {processor.py:927} WARNING - No viable dags retrieved from /home/m9d9v9/PycharmProjects/Airflow-2/Airflow-2/.venv/lib/python3.10/site-packages/airflow/example_dags/example_branch_operator_decorator.py
[2024-12-06T23:32:16.588-0600] {processor.py:208} INFO - Processing /home/m9d9v9/PycharmProjects/Airflow-2/Airflow-2/.venv/lib/python3.10/site-packages/airflow/example_dags/example_branch_operator_decorator.py took 0.041 seconds
[2024-12-06T23:33:13.793-0600] {processor.py:186} INFO - Started process (PID=18104) to work on /home/m9d9v9/PycharmProjects/Airflow-2/Airflow-2/.venv/lib/python3.10/site-packages/airflow/example_dags/example_branch_operator_decorator.py
[2024-12-06T23:33:13.800-0600] {processor.py:914} INFO - Processing file /home/m9d9v9/PycharmProjects/Airflow-2/Airflow-2/.venv/lib/python3.10/site-packages/airflow/example_dags/example_branch_operator_decorator.py for tasks to queue
[2024-12-06T23:33:13.802-0600] {logging_mixin.py:190} INFO - [2024-12-06T23:33:13.802-0600] {dagbag.py:588} INFO - Filling up the DagBag from /home/m9d9v9/PycharmProjects/Airflow-2/Airflow-2/.venv/lib/python3.10/site-packages/airflow/example_dags/example_branch_operator_decorator.py
[2024-12-06T23:33:13.808-0600] {processor.py:927} WARNING - No viable dags retrieved from /home/m9d9v9/PycharmProjects/Airflow-2/Airflow-2/.venv/lib/python3.10/site-packages/airflow/example_dags/example_branch_operator_decorator.py
[2024-12-06T23:33:13.827-0600] {processor.py:208} INFO - Processing /home/m9d9v9/PycharmProjects/Airflow-2/Airflow-2/.venv/lib/python3.10/site-packages/airflow/example_dags/example_branch_operator_decorator.py took 0.044 seconds
[2024-12-06T23:34:09.928-0600] {processor.py:186} INFO - Started process (PID=18175) to work on /home/m9d9v9/PycharmProjects/Airflow-2/Airflow-2/.venv/lib/python3.10/site-packages/airflow/example_dags/example_branch_operator_decorator.py
[2024-12-06T23:34:09.935-0600] {processor.py:914} INFO - Processing file /home/m9d9v9/PycharmProjects/Airflow-2/Airflow-2/.venv/lib/python3.10/site-packages/airflow/example_dags/example_branch_operator_decorator.py for tasks to queue
[2024-12-06T23:34:09.937-0600] {logging_mixin.py:190} INFO - [2024-12-06T23:34:09.937-0600] {dagbag.py:588} INFO - Filling up the DagBag from /home/m9d9v9/PycharmProjects/Airflow-2/Airflow-2/.venv/lib/python3.10/site-packages/airflow/example_dags/example_branch_operator_decorator.py
[2024-12-06T23:34:09.942-0600] {processor.py:927} WARNING - No viable dags retrieved from /home/m9d9v9/PycharmProjects/Airflow-2/Airflow-2/.venv/lib/python3.10/site-packages/airflow/example_dags/example_branch_operator_decorator.py
[2024-12-06T23:34:09.960-0600] {processor.py:208} INFO - Processing /home/m9d9v9/PycharmProjects/Airflow-2/Airflow-2/.venv/lib/python3.10/site-packages/airflow/example_dags/example_branch_operator_decorator.py took 0.041 seconds
[2024-12-06T23:35:11.053-0600] {processor.py:186} INFO - Started process (PID=18307) to work on /home/m9d9v9/PycharmProjects/Airflow-2/Airflow-2/.venv/lib/python3.10/site-packages/airflow/example_dags/example_branch_operator_decorator.py
[2024-12-06T23:35:11.060-0600] {processor.py:914} INFO - Processing file /home/m9d9v9/PycharmProjects/Airflow-2/Airflow-2/.venv/lib/python3.10/site-packages/airflow/example_dags/example_branch_operator_decorator.py for tasks to queue
[2024-12-06T23:35:11.062-0600] {logging_mixin.py:190} INFO - [2024-12-06T23:35:11.061-0600] {dagbag.py:588} INFO - Filling up the DagBag from /home/m9d9v9/PycharmProjects/Airflow-2/Airflow-2/.venv/lib/python3.10/site-packages/airflow/example_dags/example_branch_operator_decorator.py
[2024-12-06T23:35:11.068-0600] {processor.py:927} WARNING - No viable dags retrieved from /home/m9d9v9/PycharmProjects/Airflow-2/Airflow-2/.venv/lib/python3.10/site-packages/airflow/example_dags/example_branch_operator_decorator.py
[2024-12-06T23:35:11.085-0600] {processor.py:208} INFO - Processing /home/m9d9v9/PycharmProjects/Airflow-2/Airflow-2/.venv/lib/python3.10/site-packages/airflow/example_dags/example_branch_operator_decorator.py took 0.044 seconds
[2024-12-06T23:36:14.179-0600] {processor.py:186} INFO - Started process (PID=18381) to work on /home/m9d9v9/PycharmProjects/Airflow-2/Airflow-2/.venv/lib/python3.10/site-packages/airflow/example_dags/example_branch_operator_decorator.py
[2024-12-06T23:36:14.185-0600] {processor.py:914} INFO - Processing file /home/m9d9v9/PycharmProjects/Airflow-2/Airflow-2/.venv/lib/python3.10/site-packages/airflow/example_dags/example_branch_operator_decorator.py for tasks to queue
[2024-12-06T23:36:14.188-0600] {logging_mixin.py:190} INFO - [2024-12-06T23:36:14.187-0600] {dagbag.py:588} INFO - Filling up the DagBag from /home/m9d9v9/PycharmProjects/Airflow-2/Airflow-2/.venv/lib/python3.10/site-packages/airflow/example_dags/example_branch_operator_decorator.py
[2024-12-06T23:36:14.192-0600] {processor.py:927} WARNING - No viable dags retrieved from /home/m9d9v9/PycharmProjects/Airflow-2/Airflow-2/.venv/lib/python3.10/site-packages/airflow/example_dags/example_branch_operator_decorator.py
[2024-12-06T23:36:14.210-0600] {processor.py:208} INFO - Processing /home/m9d9v9/PycharmProjects/Airflow-2/Airflow-2/.venv/lib/python3.10/site-packages/airflow/example_dags/example_branch_operator_decorator.py took 0.043 seconds
[2024-12-06T23:37:15.338-0600] {processor.py:186} INFO - Started process (PID=18618) to work on /home/m9d9v9/PycharmProjects/Airflow-2/Airflow-2/.venv/lib/python3.10/site-packages/airflow/example_dags/example_branch_operator_decorator.py
[2024-12-06T23:37:15.340-0600] {processor.py:914} INFO - Processing file /home/m9d9v9/PycharmProjects/Airflow-2/Airflow-2/.venv/lib/python3.10/site-packages/airflow/example_dags/example_branch_operator_decorator.py for tasks to queue
[2024-12-06T23:37:15.342-0600] {logging_mixin.py:190} INFO - [2024-12-06T23:37:15.342-0600] {dagbag.py:588} INFO - Filling up the DagBag from /home/m9d9v9/PycharmProjects/Airflow-2/Airflow-2/.venv/lib/python3.10/site-packages/airflow/example_dags/example_branch_operator_decorator.py
[2024-12-06T23:37:15.348-0600] {processor.py:927} WARNING - No viable dags retrieved from /home/m9d9v9/PycharmProjects/Airflow-2/Airflow-2/.venv/lib/python3.10/site-packages/airflow/example_dags/example_branch_operator_decorator.py
[2024-12-06T23:37:15.364-0600] {processor.py:208} INFO - Processing /home/m9d9v9/PycharmProjects/Airflow-2/Airflow-2/.venv/lib/python3.10/site-packages/airflow/example_dags/example_branch_operator_decorator.py took 0.038 seconds
[2024-12-06T23:38:15.869-0600] {processor.py:186} INFO - Started process (PID=18787) to work on /home/m9d9v9/PycharmProjects/Airflow-2/Airflow-2/.venv/lib/python3.10/site-packages/airflow/example_dags/example_branch_operator_decorator.py
[2024-12-06T23:38:15.876-0600] {processor.py:914} INFO - Processing file /home/m9d9v9/PycharmProjects/Airflow-2/Airflow-2/.venv/lib/python3.10/site-packages/airflow/example_dags/example_branch_operator_decorator.py for tasks to queue
[2024-12-06T23:38:15.879-0600] {logging_mixin.py:190} INFO - [2024-12-06T23:38:15.878-0600] {dagbag.py:588} INFO - Filling up the DagBag from /home/m9d9v9/PycharmProjects/Airflow-2/Airflow-2/.venv/lib/python3.10/site-packages/airflow/example_dags/example_branch_operator_decorator.py
[2024-12-06T23:38:15.884-0600] {processor.py:927} WARNING - No viable dags retrieved from /home/m9d9v9/PycharmProjects/Airflow-2/Airflow-2/.venv/lib/python3.10/site-packages/airflow/example_dags/example_branch_operator_decorator.py
[2024-12-06T23:38:15.903-0600] {processor.py:208} INFO - Processing /home/m9d9v9/PycharmProjects/Airflow-2/Airflow-2/.venv/lib/python3.10/site-packages/airflow/example_dags/example_branch_operator_decorator.py took 0.045 seconds
[2024-12-06T23:39:22.407-0600] {processor.py:186} INFO - Started process (PID=18979) to work on /home/m9d9v9/PycharmProjects/Airflow-2/Airflow-2/.venv/lib/python3.10/site-packages/airflow/example_dags/example_branch_operator_decorator.py
[2024-12-06T23:39:22.413-0600] {processor.py:914} INFO - Processing file /home/m9d9v9/PycharmProjects/Airflow-2/Airflow-2/.venv/lib/python3.10/site-packages/airflow/example_dags/example_branch_operator_decorator.py for tasks to queue
[2024-12-06T23:39:22.414-0600] {logging_mixin.py:190} INFO - [2024-12-06T23:39:22.413-0600] {dagbag.py:588} INFO - Filling up the DagBag from /home/m9d9v9/PycharmProjects/Airflow-2/Airflow-2/.venv/lib/python3.10/site-packages/airflow/example_dags/example_branch_operator_decorator.py
[2024-12-06T23:39:22.416-0600] {processor.py:927} WARNING - No viable dags retrieved from /home/m9d9v9/PycharmProjects/Airflow-2/Airflow-2/.venv/lib/python3.10/site-packages/airflow/example_dags/example_branch_operator_decorator.py
[2024-12-06T23:39:22.426-0600] {processor.py:208} INFO - Processing /home/m9d9v9/PycharmProjects/Airflow-2/Airflow-2/.venv/lib/python3.10/site-packages/airflow/example_dags/example_branch_operator_decorator.py took 0.024 seconds
[2024-12-06T23:40:18.893-0600] {processor.py:186} INFO - Started process (PID=19227) to work on /home/m9d9v9/PycharmProjects/Airflow-2/Airflow-2/.venv/lib/python3.10/site-packages/airflow/example_dags/example_branch_operator_decorator.py
[2024-12-06T23:40:18.894-0600] {processor.py:914} INFO - Processing file /home/m9d9v9/PycharmProjects/Airflow-2/Airflow-2/.venv/lib/python3.10/site-packages/airflow/example_dags/example_branch_operator_decorator.py for tasks to queue
[2024-12-06T23:40:18.895-0600] {logging_mixin.py:190} INFO - [2024-12-06T23:40:18.895-0600] {dagbag.py:588} INFO - Filling up the DagBag from /home/m9d9v9/PycharmProjects/Airflow-2/Airflow-2/.venv/lib/python3.10/site-packages/airflow/example_dags/example_branch_operator_decorator.py
[2024-12-06T23:40:18.899-0600] {processor.py:927} WARNING - No viable dags retrieved from /home/m9d9v9/PycharmProjects/Airflow-2/Airflow-2/.venv/lib/python3.10/site-packages/airflow/example_dags/example_branch_operator_decorator.py
[2024-12-06T23:40:18.910-0600] {processor.py:208} INFO - Processing /home/m9d9v9/PycharmProjects/Airflow-2/Airflow-2/.venv/lib/python3.10/site-packages/airflow/example_dags/example_branch_operator_decorator.py took 0.024 seconds
[2024-12-06T23:41:15.600-0600] {processor.py:186} INFO - Started process (PID=19322) to work on /home/m9d9v9/PycharmProjects/Airflow-2/Airflow-2/.venv/lib/python3.10/site-packages/airflow/example_dags/example_branch_operator_decorator.py
[2024-12-06T23:41:15.606-0600] {processor.py:914} INFO - Processing file /home/m9d9v9/PycharmProjects/Airflow-2/Airflow-2/.venv/lib/python3.10/site-packages/airflow/example_dags/example_branch_operator_decorator.py for tasks to queue
[2024-12-06T23:41:15.608-0600] {logging_mixin.py:190} INFO - [2024-12-06T23:41:15.608-0600] {dagbag.py:588} INFO - Filling up the DagBag from /home/m9d9v9/PycharmProjects/Airflow-2/Airflow-2/.venv/lib/python3.10/site-packages/airflow/example_dags/example_branch_operator_decorator.py
[2024-12-06T23:41:15.611-0600] {processor.py:927} WARNING - No viable dags retrieved from /home/m9d9v9/PycharmProjects/Airflow-2/Airflow-2/.venv/lib/python3.10/site-packages/airflow/example_dags/example_branch_operator_decorator.py
[2024-12-06T23:41:15.622-0600] {processor.py:208} INFO - Processing /home/m9d9v9/PycharmProjects/Airflow-2/Airflow-2/.venv/lib/python3.10/site-packages/airflow/example_dags/example_branch_operator_decorator.py took 0.029 seconds
