[2024-12-06T22:18:59.064-0600] {processor.py:186} INFO - Started process (PID=12502) to work on /home/m9d9v9/PycharmProjects/Airflow-2/Airflow-2/.venv/lib/python3.10/site-packages/airflow/example_dags/example_kubernetes_executor.py
[2024-12-06T22:18:59.066-0600] {processor.py:914} INFO - Processing file /home/m9d9v9/PycharmProjects/Airflow-2/Airflow-2/.venv/lib/python3.10/site-packages/airflow/example_dags/example_kubernetes_executor.py for tasks to queue
[2024-12-06T22:18:59.070-0600] {logging_mixin.py:190} INFO - [2024-12-06T22:18:59.069-0600] {dagbag.py:588} INFO - Filling up the DagBag from /home/m9d9v9/PycharmProjects/Airflow-2/Airflow-2/.venv/lib/python3.10/site-packages/airflow/example_dags/example_kubernetes_executor.py
[2024-12-06T22:18:59.076-0600] {logging_mixin.py:190} INFO - [2024-12-06T22:18:59.076-0600] {example_kubernetes_executor.py:39} WARNING - The example_kubernetes_executor example DAG requires the kubernetes provider. Please install it with: pip install apache-airflow[cncf.kubernetes]
[2024-12-06T22:18:59.076-0600] {processor.py:927} WARNING - No viable dags retrieved from /home/m9d9v9/PycharmProjects/Airflow-2/Airflow-2/.venv/lib/python3.10/site-packages/airflow/example_dags/example_kubernetes_executor.py
[2024-12-06T22:18:59.094-0600] {processor.py:208} INFO - Processing /home/m9d9v9/PycharmProjects/Airflow-2/Airflow-2/.venv/lib/python3.10/site-packages/airflow/example_dags/example_kubernetes_executor.py took 0.043 seconds
[2024-12-06T22:19:59.037-0600] {processor.py:186} INFO - Started process (PID=12609) to work on /home/m9d9v9/PycharmProjects/Airflow-2/Airflow-2/.venv/lib/python3.10/site-packages/airflow/example_dags/example_kubernetes_executor.py
[2024-12-06T22:19:59.040-0600] {processor.py:914} INFO - Processing file /home/m9d9v9/PycharmProjects/Airflow-2/Airflow-2/.venv/lib/python3.10/site-packages/airflow/example_dags/example_kubernetes_executor.py for tasks to queue
[2024-12-06T22:19:59.048-0600] {logging_mixin.py:190} INFO - [2024-12-06T22:19:59.048-0600] {dagbag.py:588} INFO - Filling up the DagBag from /home/m9d9v9/PycharmProjects/Airflow-2/Airflow-2/.venv/lib/python3.10/site-packages/airflow/example_dags/example_kubernetes_executor.py
[2024-12-06T22:19:59.052-0600] {logging_mixin.py:190} INFO - [2024-12-06T22:19:59.052-0600] {example_kubernetes_executor.py:39} WARNING - The example_kubernetes_executor example DAG requires the kubernetes provider. Please install it with: pip install apache-airflow[cncf.kubernetes]
[2024-12-06T22:19:59.052-0600] {processor.py:927} WARNING - No viable dags retrieved from /home/m9d9v9/PycharmProjects/Airflow-2/Airflow-2/.venv/lib/python3.10/site-packages/airflow/example_dags/example_kubernetes_executor.py
[2024-12-06T22:19:59.064-0600] {processor.py:208} INFO - Processing /home/m9d9v9/PycharmProjects/Airflow-2/Airflow-2/.venv/lib/python3.10/site-packages/airflow/example_dags/example_kubernetes_executor.py took 0.033 seconds
[2024-12-06T22:20:54.410-0600] {processor.py:186} INFO - Started process (PID=12695) to work on /home/m9d9v9/PycharmProjects/Airflow-2/Airflow-2/.venv/lib/python3.10/site-packages/airflow/example_dags/example_kubernetes_executor.py
[2024-12-06T22:20:54.416-0600] {processor.py:914} INFO - Processing file /home/m9d9v9/PycharmProjects/Airflow-2/Airflow-2/.venv/lib/python3.10/site-packages/airflow/example_dags/example_kubernetes_executor.py for tasks to queue
[2024-12-06T22:20:54.418-0600] {logging_mixin.py:190} INFO - [2024-12-06T22:20:54.418-0600] {dagbag.py:588} INFO - Filling up the DagBag from /home/m9d9v9/PycharmProjects/Airflow-2/Airflow-2/.venv/lib/python3.10/site-packages/airflow/example_dags/example_kubernetes_executor.py
[2024-12-06T22:20:54.422-0600] {logging_mixin.py:190} INFO - [2024-12-06T22:20:54.422-0600] {example_kubernetes_executor.py:39} WARNING - The example_kubernetes_executor example DAG requires the kubernetes provider. Please install it with: pip install apache-airflow[cncf.kubernetes]
[2024-12-06T22:20:54.423-0600] {processor.py:927} WARNING - No viable dags retrieved from /home/m9d9v9/PycharmProjects/Airflow-2/Airflow-2/.venv/lib/python3.10/site-packages/airflow/example_dags/example_kubernetes_executor.py
[2024-12-06T22:20:54.434-0600] {processor.py:208} INFO - Processing /home/m9d9v9/PycharmProjects/Airflow-2/Airflow-2/.venv/lib/python3.10/site-packages/airflow/example_dags/example_kubernetes_executor.py took 0.033 seconds
[2024-12-06T22:21:52.033-0600] {processor.py:186} INFO - Started process (PID=12770) to work on /home/m9d9v9/PycharmProjects/Airflow-2/Airflow-2/.venv/lib/python3.10/site-packages/airflow/example_dags/example_kubernetes_executor.py
[2024-12-06T22:21:52.039-0600] {processor.py:914} INFO - Processing file /home/m9d9v9/PycharmProjects/Airflow-2/Airflow-2/.venv/lib/python3.10/site-packages/airflow/example_dags/example_kubernetes_executor.py for tasks to queue
[2024-12-06T22:21:52.044-0600] {logging_mixin.py:190} INFO - [2024-12-06T22:21:52.043-0600] {dagbag.py:588} INFO - Filling up the DagBag from /home/m9d9v9/PycharmProjects/Airflow-2/Airflow-2/.venv/lib/python3.10/site-packages/airflow/example_dags/example_kubernetes_executor.py
[2024-12-06T22:21:52.050-0600] {logging_mixin.py:190} INFO - [2024-12-06T22:21:52.050-0600] {example_kubernetes_executor.py:39} WARNING - The example_kubernetes_executor example DAG requires the kubernetes provider. Please install it with: pip install apache-airflow[cncf.kubernetes]
[2024-12-06T22:21:52.050-0600] {processor.py:927} WARNING - No viable dags retrieved from /home/m9d9v9/PycharmProjects/Airflow-2/Airflow-2/.venv/lib/python3.10/site-packages/airflow/example_dags/example_kubernetes_executor.py
[2024-12-06T22:21:52.071-0600] {processor.py:208} INFO - Processing /home/m9d9v9/PycharmProjects/Airflow-2/Airflow-2/.venv/lib/python3.10/site-packages/airflow/example_dags/example_kubernetes_executor.py took 0.051 seconds
[2024-12-06T22:23:10.212-0600] {processor.py:186} INFO - Started process (PID=12931) to work on /home/m9d9v9/PycharmProjects/Airflow-2/Airflow-2/.venv/lib/python3.10/site-packages/airflow/example_dags/example_kubernetes_executor.py
[2024-12-06T22:23:10.218-0600] {processor.py:914} INFO - Processing file /home/m9d9v9/PycharmProjects/Airflow-2/Airflow-2/.venv/lib/python3.10/site-packages/airflow/example_dags/example_kubernetes_executor.py for tasks to queue
[2024-12-06T22:23:10.220-0600] {logging_mixin.py:190} INFO - [2024-12-06T22:23:10.220-0600] {dagbag.py:588} INFO - Filling up the DagBag from /home/m9d9v9/PycharmProjects/Airflow-2/Airflow-2/.venv/lib/python3.10/site-packages/airflow/example_dags/example_kubernetes_executor.py
[2024-12-06T22:23:10.223-0600] {logging_mixin.py:190} INFO - [2024-12-06T22:23:10.223-0600] {example_kubernetes_executor.py:39} WARNING - The example_kubernetes_executor example DAG requires the kubernetes provider. Please install it with: pip install apache-airflow[cncf.kubernetes]
[2024-12-06T22:23:10.223-0600] {processor.py:927} WARNING - No viable dags retrieved from /home/m9d9v9/PycharmProjects/Airflow-2/Airflow-2/.venv/lib/python3.10/site-packages/airflow/example_dags/example_kubernetes_executor.py
[2024-12-06T22:23:10.233-0600] {processor.py:208} INFO - Processing /home/m9d9v9/PycharmProjects/Airflow-2/Airflow-2/.venv/lib/python3.10/site-packages/airflow/example_dags/example_kubernetes_executor.py took 0.026 seconds
[2024-12-06T22:24:07.418-0600] {processor.py:186} INFO - Started process (PID=13004) to work on /home/m9d9v9/PycharmProjects/Airflow-2/Airflow-2/.venv/lib/python3.10/site-packages/airflow/example_dags/example_kubernetes_executor.py
[2024-12-06T22:24:07.424-0600] {processor.py:914} INFO - Processing file /home/m9d9v9/PycharmProjects/Airflow-2/Airflow-2/.venv/lib/python3.10/site-packages/airflow/example_dags/example_kubernetes_executor.py for tasks to queue
[2024-12-06T22:24:07.426-0600] {logging_mixin.py:190} INFO - [2024-12-06T22:24:07.426-0600] {dagbag.py:588} INFO - Filling up the DagBag from /home/m9d9v9/PycharmProjects/Airflow-2/Airflow-2/.venv/lib/python3.10/site-packages/airflow/example_dags/example_kubernetes_executor.py
[2024-12-06T22:24:07.428-0600] {logging_mixin.py:190} INFO - [2024-12-06T22:24:07.428-0600] {example_kubernetes_executor.py:39} WARNING - The example_kubernetes_executor example DAG requires the kubernetes provider. Please install it with: pip install apache-airflow[cncf.kubernetes]
[2024-12-06T22:24:07.428-0600] {processor.py:927} WARNING - No viable dags retrieved from /home/m9d9v9/PycharmProjects/Airflow-2/Airflow-2/.venv/lib/python3.10/site-packages/airflow/example_dags/example_kubernetes_executor.py
[2024-12-06T22:24:07.436-0600] {processor.py:208} INFO - Processing /home/m9d9v9/PycharmProjects/Airflow-2/Airflow-2/.venv/lib/python3.10/site-packages/airflow/example_dags/example_kubernetes_executor.py took 0.023 seconds
[2024-12-06T22:25:03.550-0600] {processor.py:186} INFO - Started process (PID=13087) to work on /home/m9d9v9/PycharmProjects/Airflow-2/Airflow-2/.venv/lib/python3.10/site-packages/airflow/example_dags/example_kubernetes_executor.py
[2024-12-06T22:25:03.556-0600] {processor.py:914} INFO - Processing file /home/m9d9v9/PycharmProjects/Airflow-2/Airflow-2/.venv/lib/python3.10/site-packages/airflow/example_dags/example_kubernetes_executor.py for tasks to queue
[2024-12-06T22:25:03.557-0600] {logging_mixin.py:190} INFO - [2024-12-06T22:25:03.557-0600] {dagbag.py:588} INFO - Filling up the DagBag from /home/m9d9v9/PycharmProjects/Airflow-2/Airflow-2/.venv/lib/python3.10/site-packages/airflow/example_dags/example_kubernetes_executor.py
[2024-12-06T22:25:03.560-0600] {logging_mixin.py:190} INFO - [2024-12-06T22:25:03.559-0600] {example_kubernetes_executor.py:39} WARNING - The example_kubernetes_executor example DAG requires the kubernetes provider. Please install it with: pip install apache-airflow[cncf.kubernetes]
[2024-12-06T22:25:03.560-0600] {processor.py:927} WARNING - No viable dags retrieved from /home/m9d9v9/PycharmProjects/Airflow-2/Airflow-2/.venv/lib/python3.10/site-packages/airflow/example_dags/example_kubernetes_executor.py
[2024-12-06T22:25:03.567-0600] {processor.py:208} INFO - Processing /home/m9d9v9/PycharmProjects/Airflow-2/Airflow-2/.venv/lib/python3.10/site-packages/airflow/example_dags/example_kubernetes_executor.py took 0.022 seconds
[2024-12-06T22:26:00.369-0600] {processor.py:186} INFO - Started process (PID=13170) to work on /home/m9d9v9/PycharmProjects/Airflow-2/Airflow-2/.venv/lib/python3.10/site-packages/airflow/example_dags/example_kubernetes_executor.py
[2024-12-06T22:26:00.376-0600] {processor.py:914} INFO - Processing file /home/m9d9v9/PycharmProjects/Airflow-2/Airflow-2/.venv/lib/python3.10/site-packages/airflow/example_dags/example_kubernetes_executor.py for tasks to queue
[2024-12-06T22:26:00.378-0600] {logging_mixin.py:190} INFO - [2024-12-06T22:26:00.378-0600] {dagbag.py:588} INFO - Filling up the DagBag from /home/m9d9v9/PycharmProjects/Airflow-2/Airflow-2/.venv/lib/python3.10/site-packages/airflow/example_dags/example_kubernetes_executor.py
[2024-12-06T22:26:00.385-0600] {logging_mixin.py:190} INFO - [2024-12-06T22:26:00.384-0600] {example_kubernetes_executor.py:39} WARNING - The example_kubernetes_executor example DAG requires the kubernetes provider. Please install it with: pip install apache-airflow[cncf.kubernetes]
[2024-12-06T22:26:00.385-0600] {processor.py:927} WARNING - No viable dags retrieved from /home/m9d9v9/PycharmProjects/Airflow-2/Airflow-2/.venv/lib/python3.10/site-packages/airflow/example_dags/example_kubernetes_executor.py
[2024-12-06T22:26:00.405-0600] {processor.py:208} INFO - Processing /home/m9d9v9/PycharmProjects/Airflow-2/Airflow-2/.venv/lib/python3.10/site-packages/airflow/example_dags/example_kubernetes_executor.py took 0.049 seconds
[2024-12-06T22:26:58.114-0600] {processor.py:186} INFO - Started process (PID=13249) to work on /home/m9d9v9/PycharmProjects/Airflow-2/Airflow-2/.venv/lib/python3.10/site-packages/airflow/example_dags/example_kubernetes_executor.py
[2024-12-06T22:26:58.121-0600] {processor.py:914} INFO - Processing file /home/m9d9v9/PycharmProjects/Airflow-2/Airflow-2/.venv/lib/python3.10/site-packages/airflow/example_dags/example_kubernetes_executor.py for tasks to queue
[2024-12-06T22:26:58.123-0600] {logging_mixin.py:190} INFO - [2024-12-06T22:26:58.123-0600] {dagbag.py:588} INFO - Filling up the DagBag from /home/m9d9v9/PycharmProjects/Airflow-2/Airflow-2/.venv/lib/python3.10/site-packages/airflow/example_dags/example_kubernetes_executor.py
[2024-12-06T22:26:58.126-0600] {logging_mixin.py:190} INFO - [2024-12-06T22:26:58.126-0600] {example_kubernetes_executor.py:39} WARNING - The example_kubernetes_executor example DAG requires the kubernetes provider. Please install it with: pip install apache-airflow[cncf.kubernetes]
[2024-12-06T22:26:58.127-0600] {processor.py:927} WARNING - No viable dags retrieved from /home/m9d9v9/PycharmProjects/Airflow-2/Airflow-2/.venv/lib/python3.10/site-packages/airflow/example_dags/example_kubernetes_executor.py
[2024-12-06T22:26:58.142-0600] {processor.py:208} INFO - Processing /home/m9d9v9/PycharmProjects/Airflow-2/Airflow-2/.venv/lib/python3.10/site-packages/airflow/example_dags/example_kubernetes_executor.py took 0.036 seconds
[2024-12-06T22:37:17.922-0600] {processor.py:186} INFO - Started process (PID=14636) to work on /home/m9d9v9/PycharmProjects/Airflow-2/Airflow-2/.venv/lib/python3.10/site-packages/airflow/example_dags/example_kubernetes_executor.py
[2024-12-06T22:37:17.929-0600] {processor.py:914} INFO - Processing file /home/m9d9v9/PycharmProjects/Airflow-2/Airflow-2/.venv/lib/python3.10/site-packages/airflow/example_dags/example_kubernetes_executor.py for tasks to queue
[2024-12-06T22:37:17.933-0600] {logging_mixin.py:190} INFO - [2024-12-06T22:37:17.932-0600] {dagbag.py:588} INFO - Filling up the DagBag from /home/m9d9v9/PycharmProjects/Airflow-2/Airflow-2/.venv/lib/python3.10/site-packages/airflow/example_dags/example_kubernetes_executor.py
[2024-12-06T22:37:17.939-0600] {logging_mixin.py:190} INFO - [2024-12-06T22:37:17.939-0600] {example_kubernetes_executor.py:39} WARNING - The example_kubernetes_executor example DAG requires the kubernetes provider. Please install it with: pip install apache-airflow[cncf.kubernetes]
[2024-12-06T22:37:17.939-0600] {processor.py:927} WARNING - No viable dags retrieved from /home/m9d9v9/PycharmProjects/Airflow-2/Airflow-2/.venv/lib/python3.10/site-packages/airflow/example_dags/example_kubernetes_executor.py
[2024-12-06T22:37:17.961-0600] {processor.py:208} INFO - Processing /home/m9d9v9/PycharmProjects/Airflow-2/Airflow-2/.venv/lib/python3.10/site-packages/airflow/example_dags/example_kubernetes_executor.py took 0.052 seconds
[2024-12-06T22:38:15.324-0600] {processor.py:186} INFO - Started process (PID=14741) to work on /home/m9d9v9/PycharmProjects/Airflow-2/Airflow-2/.venv/lib/python3.10/site-packages/airflow/example_dags/example_kubernetes_executor.py
[2024-12-06T22:38:15.326-0600] {processor.py:914} INFO - Processing file /home/m9d9v9/PycharmProjects/Airflow-2/Airflow-2/.venv/lib/python3.10/site-packages/airflow/example_dags/example_kubernetes_executor.py for tasks to queue
[2024-12-06T22:38:15.328-0600] {logging_mixin.py:190} INFO - [2024-12-06T22:38:15.328-0600] {dagbag.py:588} INFO - Filling up the DagBag from /home/m9d9v9/PycharmProjects/Airflow-2/Airflow-2/.venv/lib/python3.10/site-packages/airflow/example_dags/example_kubernetes_executor.py
[2024-12-06T22:38:15.332-0600] {logging_mixin.py:190} INFO - [2024-12-06T22:38:15.331-0600] {example_kubernetes_executor.py:39} WARNING - The example_kubernetes_executor example DAG requires the kubernetes provider. Please install it with: pip install apache-airflow[cncf.kubernetes]
[2024-12-06T22:38:15.332-0600] {processor.py:927} WARNING - No viable dags retrieved from /home/m9d9v9/PycharmProjects/Airflow-2/Airflow-2/.venv/lib/python3.10/site-packages/airflow/example_dags/example_kubernetes_executor.py
[2024-12-06T22:38:15.343-0600] {processor.py:208} INFO - Processing /home/m9d9v9/PycharmProjects/Airflow-2/Airflow-2/.venv/lib/python3.10/site-packages/airflow/example_dags/example_kubernetes_executor.py took 0.025 seconds
[2024-12-06T22:39:13.752-0600] {processor.py:186} INFO - Started process (PID=14854) to work on /home/m9d9v9/PycharmProjects/Airflow-2/Airflow-2/.venv/lib/python3.10/site-packages/airflow/example_dags/example_kubernetes_executor.py
[2024-12-06T22:39:13.759-0600] {processor.py:914} INFO - Processing file /home/m9d9v9/PycharmProjects/Airflow-2/Airflow-2/.venv/lib/python3.10/site-packages/airflow/example_dags/example_kubernetes_executor.py for tasks to queue
[2024-12-06T22:39:13.763-0600] {logging_mixin.py:190} INFO - [2024-12-06T22:39:13.762-0600] {dagbag.py:588} INFO - Filling up the DagBag from /home/m9d9v9/PycharmProjects/Airflow-2/Airflow-2/.venv/lib/python3.10/site-packages/airflow/example_dags/example_kubernetes_executor.py
[2024-12-06T22:39:13.766-0600] {logging_mixin.py:190} INFO - [2024-12-06T22:39:13.766-0600] {example_kubernetes_executor.py:39} WARNING - The example_kubernetes_executor example DAG requires the kubernetes provider. Please install it with: pip install apache-airflow[cncf.kubernetes]
[2024-12-06T22:39:13.767-0600] {processor.py:927} WARNING - No viable dags retrieved from /home/m9d9v9/PycharmProjects/Airflow-2/Airflow-2/.venv/lib/python3.10/site-packages/airflow/example_dags/example_kubernetes_executor.py
[2024-12-06T22:39:13.775-0600] {processor.py:208} INFO - Processing /home/m9d9v9/PycharmProjects/Airflow-2/Airflow-2/.venv/lib/python3.10/site-packages/airflow/example_dags/example_kubernetes_executor.py took 0.028 seconds
[2024-12-06T22:40:14.299-0600] {processor.py:186} INFO - Started process (PID=15041) to work on /home/m9d9v9/PycharmProjects/Airflow-2/Airflow-2/.venv/lib/python3.10/site-packages/airflow/example_dags/example_kubernetes_executor.py
[2024-12-06T22:40:14.306-0600] {processor.py:914} INFO - Processing file /home/m9d9v9/PycharmProjects/Airflow-2/Airflow-2/.venv/lib/python3.10/site-packages/airflow/example_dags/example_kubernetes_executor.py for tasks to queue
[2024-12-06T22:40:14.310-0600] {logging_mixin.py:190} INFO - [2024-12-06T22:40:14.309-0600] {dagbag.py:588} INFO - Filling up the DagBag from /home/m9d9v9/PycharmProjects/Airflow-2/Airflow-2/.venv/lib/python3.10/site-packages/airflow/example_dags/example_kubernetes_executor.py
[2024-12-06T22:40:14.317-0600] {logging_mixin.py:190} INFO - [2024-12-06T22:40:14.316-0600] {example_kubernetes_executor.py:39} WARNING - The example_kubernetes_executor example DAG requires the kubernetes provider. Please install it with: pip install apache-airflow[cncf.kubernetes]
[2024-12-06T22:40:14.317-0600] {processor.py:927} WARNING - No viable dags retrieved from /home/m9d9v9/PycharmProjects/Airflow-2/Airflow-2/.venv/lib/python3.10/site-packages/airflow/example_dags/example_kubernetes_executor.py
[2024-12-06T22:40:14.336-0600] {processor.py:208} INFO - Processing /home/m9d9v9/PycharmProjects/Airflow-2/Airflow-2/.venv/lib/python3.10/site-packages/airflow/example_dags/example_kubernetes_executor.py took 0.054 seconds
[2024-12-06T22:41:16.151-0600] {processor.py:186} INFO - Started process (PID=15162) to work on /home/m9d9v9/PycharmProjects/Airflow-2/Airflow-2/.venv/lib/python3.10/site-packages/airflow/example_dags/example_kubernetes_executor.py
[2024-12-06T22:41:16.158-0600] {processor.py:914} INFO - Processing file /home/m9d9v9/PycharmProjects/Airflow-2/Airflow-2/.venv/lib/python3.10/site-packages/airflow/example_dags/example_kubernetes_executor.py for tasks to queue
[2024-12-06T22:41:16.162-0600] {logging_mixin.py:190} INFO - [2024-12-06T22:41:16.162-0600] {dagbag.py:588} INFO - Filling up the DagBag from /home/m9d9v9/PycharmProjects/Airflow-2/Airflow-2/.venv/lib/python3.10/site-packages/airflow/example_dags/example_kubernetes_executor.py
[2024-12-06T22:41:16.168-0600] {logging_mixin.py:190} INFO - [2024-12-06T22:41:16.168-0600] {example_kubernetes_executor.py:39} WARNING - The example_kubernetes_executor example DAG requires the kubernetes provider. Please install it with: pip install apache-airflow[cncf.kubernetes]
[2024-12-06T22:41:16.169-0600] {processor.py:927} WARNING - No viable dags retrieved from /home/m9d9v9/PycharmProjects/Airflow-2/Airflow-2/.venv/lib/python3.10/site-packages/airflow/example_dags/example_kubernetes_executor.py
[2024-12-06T22:41:16.191-0600] {processor.py:208} INFO - Processing /home/m9d9v9/PycharmProjects/Airflow-2/Airflow-2/.venv/lib/python3.10/site-packages/airflow/example_dags/example_kubernetes_executor.py took 0.051 seconds
[2024-12-06T23:25:25.089-0600] {processor.py:186} INFO - Started process (PID=17281) to work on /home/m9d9v9/PycharmProjects/Airflow-2/Airflow-2/.venv/lib/python3.10/site-packages/airflow/example_dags/example_kubernetes_executor.py
[2024-12-06T23:25:25.090-0600] {processor.py:914} INFO - Processing file /home/m9d9v9/PycharmProjects/Airflow-2/Airflow-2/.venv/lib/python3.10/site-packages/airflow/example_dags/example_kubernetes_executor.py for tasks to queue
[2024-12-06T23:25:25.091-0600] {logging_mixin.py:190} INFO - [2024-12-06T23:25:25.091-0600] {dagbag.py:588} INFO - Filling up the DagBag from /home/m9d9v9/PycharmProjects/Airflow-2/Airflow-2/.venv/lib/python3.10/site-packages/airflow/example_dags/example_kubernetes_executor.py
[2024-12-06T23:25:25.093-0600] {logging_mixin.py:190} INFO - [2024-12-06T23:25:25.093-0600] {example_kubernetes_executor.py:39} WARNING - The example_kubernetes_executor example DAG requires the kubernetes provider. Please install it with: pip install apache-airflow[cncf.kubernetes]
[2024-12-06T23:25:25.094-0600] {processor.py:927} WARNING - No viable dags retrieved from /home/m9d9v9/PycharmProjects/Airflow-2/Airflow-2/.venv/lib/python3.10/site-packages/airflow/example_dags/example_kubernetes_executor.py
[2024-12-06T23:25:25.111-0600] {processor.py:208} INFO - Processing /home/m9d9v9/PycharmProjects/Airflow-2/Airflow-2/.venv/lib/python3.10/site-packages/airflow/example_dags/example_kubernetes_executor.py took 0.026 seconds
[2024-12-06T23:26:23.244-0600] {processor.py:186} INFO - Started process (PID=17399) to work on /home/m9d9v9/PycharmProjects/Airflow-2/Airflow-2/.venv/lib/python3.10/site-packages/airflow/example_dags/example_kubernetes_executor.py
[2024-12-06T23:26:23.250-0600] {processor.py:914} INFO - Processing file /home/m9d9v9/PycharmProjects/Airflow-2/Airflow-2/.venv/lib/python3.10/site-packages/airflow/example_dags/example_kubernetes_executor.py for tasks to queue
[2024-12-06T23:26:23.252-0600] {logging_mixin.py:190} INFO - [2024-12-06T23:26:23.251-0600] {dagbag.py:588} INFO - Filling up the DagBag from /home/m9d9v9/PycharmProjects/Airflow-2/Airflow-2/.venv/lib/python3.10/site-packages/airflow/example_dags/example_kubernetes_executor.py
[2024-12-06T23:26:23.253-0600] {logging_mixin.py:190} INFO - [2024-12-06T23:26:23.253-0600] {example_kubernetes_executor.py:39} WARNING - The example_kubernetes_executor example DAG requires the kubernetes provider. Please install it with: pip install apache-airflow[cncf.kubernetes]
[2024-12-06T23:26:23.254-0600] {processor.py:927} WARNING - No viable dags retrieved from /home/m9d9v9/PycharmProjects/Airflow-2/Airflow-2/.venv/lib/python3.10/site-packages/airflow/example_dags/example_kubernetes_executor.py
[2024-12-06T23:26:23.260-0600] {processor.py:208} INFO - Processing /home/m9d9v9/PycharmProjects/Airflow-2/Airflow-2/.venv/lib/python3.10/site-packages/airflow/example_dags/example_kubernetes_executor.py took 0.020 seconds
[2024-12-06T23:27:20.524-0600] {processor.py:186} INFO - Started process (PID=17472) to work on /home/m9d9v9/PycharmProjects/Airflow-2/Airflow-2/.venv/lib/python3.10/site-packages/airflow/example_dags/example_kubernetes_executor.py
[2024-12-06T23:27:20.531-0600] {processor.py:914} INFO - Processing file /home/m9d9v9/PycharmProjects/Airflow-2/Airflow-2/.venv/lib/python3.10/site-packages/airflow/example_dags/example_kubernetes_executor.py for tasks to queue
[2024-12-06T23:27:20.534-0600] {logging_mixin.py:190} INFO - [2024-12-06T23:27:20.533-0600] {dagbag.py:588} INFO - Filling up the DagBag from /home/m9d9v9/PycharmProjects/Airflow-2/Airflow-2/.venv/lib/python3.10/site-packages/airflow/example_dags/example_kubernetes_executor.py
[2024-12-06T23:27:20.540-0600] {logging_mixin.py:190} INFO - [2024-12-06T23:27:20.539-0600] {example_kubernetes_executor.py:39} WARNING - The example_kubernetes_executor example DAG requires the kubernetes provider. Please install it with: pip install apache-airflow[cncf.kubernetes]
[2024-12-06T23:27:20.540-0600] {processor.py:927} WARNING - No viable dags retrieved from /home/m9d9v9/PycharmProjects/Airflow-2/Airflow-2/.venv/lib/python3.10/site-packages/airflow/example_dags/example_kubernetes_executor.py
[2024-12-06T23:27:20.555-0600] {processor.py:208} INFO - Processing /home/m9d9v9/PycharmProjects/Airflow-2/Airflow-2/.venv/lib/python3.10/site-packages/airflow/example_dags/example_kubernetes_executor.py took 0.041 seconds
[2024-12-06T23:28:18.384-0600] {processor.py:186} INFO - Started process (PID=17575) to work on /home/m9d9v9/PycharmProjects/Airflow-2/Airflow-2/.venv/lib/python3.10/site-packages/airflow/example_dags/example_kubernetes_executor.py
[2024-12-06T23:28:18.390-0600] {processor.py:914} INFO - Processing file /home/m9d9v9/PycharmProjects/Airflow-2/Airflow-2/.venv/lib/python3.10/site-packages/airflow/example_dags/example_kubernetes_executor.py for tasks to queue
[2024-12-06T23:28:18.392-0600] {logging_mixin.py:190} INFO - [2024-12-06T23:28:18.391-0600] {dagbag.py:588} INFO - Filling up the DagBag from /home/m9d9v9/PycharmProjects/Airflow-2/Airflow-2/.venv/lib/python3.10/site-packages/airflow/example_dags/example_kubernetes_executor.py
[2024-12-06T23:28:18.396-0600] {logging_mixin.py:190} INFO - [2024-12-06T23:28:18.395-0600] {example_kubernetes_executor.py:39} WARNING - The example_kubernetes_executor example DAG requires the kubernetes provider. Please install it with: pip install apache-airflow[cncf.kubernetes]
[2024-12-06T23:28:18.396-0600] {processor.py:927} WARNING - No viable dags retrieved from /home/m9d9v9/PycharmProjects/Airflow-2/Airflow-2/.venv/lib/python3.10/site-packages/airflow/example_dags/example_kubernetes_executor.py
[2024-12-06T23:28:18.411-0600] {processor.py:208} INFO - Processing /home/m9d9v9/PycharmProjects/Airflow-2/Airflow-2/.venv/lib/python3.10/site-packages/airflow/example_dags/example_kubernetes_executor.py took 0.039 seconds
[2024-12-06T23:29:14.245-0600] {processor.py:186} INFO - Started process (PID=17717) to work on /home/m9d9v9/PycharmProjects/Airflow-2/Airflow-2/.venv/lib/python3.10/site-packages/airflow/example_dags/example_kubernetes_executor.py
[2024-12-06T23:29:14.246-0600] {processor.py:914} INFO - Processing file /home/m9d9v9/PycharmProjects/Airflow-2/Airflow-2/.venv/lib/python3.10/site-packages/airflow/example_dags/example_kubernetes_executor.py for tasks to queue
[2024-12-06T23:29:14.247-0600] {logging_mixin.py:190} INFO - [2024-12-06T23:29:14.246-0600] {dagbag.py:588} INFO - Filling up the DagBag from /home/m9d9v9/PycharmProjects/Airflow-2/Airflow-2/.venv/lib/python3.10/site-packages/airflow/example_dags/example_kubernetes_executor.py
[2024-12-06T23:29:14.251-0600] {logging_mixin.py:190} INFO - [2024-12-06T23:29:14.250-0600] {example_kubernetes_executor.py:39} WARNING - The example_kubernetes_executor example DAG requires the kubernetes provider. Please install it with: pip install apache-airflow[cncf.kubernetes]
[2024-12-06T23:29:14.251-0600] {processor.py:927} WARNING - No viable dags retrieved from /home/m9d9v9/PycharmProjects/Airflow-2/Airflow-2/.venv/lib/python3.10/site-packages/airflow/example_dags/example_kubernetes_executor.py
[2024-12-06T23:29:14.268-0600] {processor.py:208} INFO - Processing /home/m9d9v9/PycharmProjects/Airflow-2/Airflow-2/.venv/lib/python3.10/site-packages/airflow/example_dags/example_kubernetes_executor.py took 0.037 seconds
[2024-12-06T23:30:10.905-0600] {processor.py:186} INFO - Started process (PID=17806) to work on /home/m9d9v9/PycharmProjects/Airflow-2/Airflow-2/.venv/lib/python3.10/site-packages/airflow/example_dags/example_kubernetes_executor.py
[2024-12-06T23:30:10.912-0600] {processor.py:914} INFO - Processing file /home/m9d9v9/PycharmProjects/Airflow-2/Airflow-2/.venv/lib/python3.10/site-packages/airflow/example_dags/example_kubernetes_executor.py for tasks to queue
[2024-12-06T23:30:10.914-0600] {logging_mixin.py:190} INFO - [2024-12-06T23:30:10.914-0600] {dagbag.py:588} INFO - Filling up the DagBag from /home/m9d9v9/PycharmProjects/Airflow-2/Airflow-2/.venv/lib/python3.10/site-packages/airflow/example_dags/example_kubernetes_executor.py
[2024-12-06T23:30:10.920-0600] {logging_mixin.py:190} INFO - [2024-12-06T23:30:10.920-0600] {example_kubernetes_executor.py:39} WARNING - The example_kubernetes_executor example DAG requires the kubernetes provider. Please install it with: pip install apache-airflow[cncf.kubernetes]
[2024-12-06T23:30:10.921-0600] {processor.py:927} WARNING - No viable dags retrieved from /home/m9d9v9/PycharmProjects/Airflow-2/Airflow-2/.venv/lib/python3.10/site-packages/airflow/example_dags/example_kubernetes_executor.py
[2024-12-06T23:30:10.939-0600] {processor.py:208} INFO - Processing /home/m9d9v9/PycharmProjects/Airflow-2/Airflow-2/.venv/lib/python3.10/site-packages/airflow/example_dags/example_kubernetes_executor.py took 0.046 seconds
[2024-12-06T23:31:07.432-0600] {processor.py:186} INFO - Started process (PID=17913) to work on /home/m9d9v9/PycharmProjects/Airflow-2/Airflow-2/.venv/lib/python3.10/site-packages/airflow/example_dags/example_kubernetes_executor.py
[2024-12-06T23:31:07.438-0600] {processor.py:914} INFO - Processing file /home/m9d9v9/PycharmProjects/Airflow-2/Airflow-2/.venv/lib/python3.10/site-packages/airflow/example_dags/example_kubernetes_executor.py for tasks to queue
[2024-12-06T23:31:07.439-0600] {logging_mixin.py:190} INFO - [2024-12-06T23:31:07.439-0600] {dagbag.py:588} INFO - Filling up the DagBag from /home/m9d9v9/PycharmProjects/Airflow-2/Airflow-2/.venv/lib/python3.10/site-packages/airflow/example_dags/example_kubernetes_executor.py
[2024-12-06T23:31:07.441-0600] {logging_mixin.py:190} INFO - [2024-12-06T23:31:07.441-0600] {example_kubernetes_executor.py:39} WARNING - The example_kubernetes_executor example DAG requires the kubernetes provider. Please install it with: pip install apache-airflow[cncf.kubernetes]
[2024-12-06T23:31:07.441-0600] {processor.py:927} WARNING - No viable dags retrieved from /home/m9d9v9/PycharmProjects/Airflow-2/Airflow-2/.venv/lib/python3.10/site-packages/airflow/example_dags/example_kubernetes_executor.py
[2024-12-06T23:31:07.449-0600] {processor.py:208} INFO - Processing /home/m9d9v9/PycharmProjects/Airflow-2/Airflow-2/.venv/lib/python3.10/site-packages/airflow/example_dags/example_kubernetes_executor.py took 0.021 seconds
[2024-12-06T23:32:07.474-0600] {processor.py:186} INFO - Started process (PID=18018) to work on /home/m9d9v9/PycharmProjects/Airflow-2/Airflow-2/.venv/lib/python3.10/site-packages/airflow/example_dags/example_kubernetes_executor.py
[2024-12-06T23:32:07.481-0600] {processor.py:914} INFO - Processing file /home/m9d9v9/PycharmProjects/Airflow-2/Airflow-2/.venv/lib/python3.10/site-packages/airflow/example_dags/example_kubernetes_executor.py for tasks to queue
[2024-12-06T23:32:07.483-0600] {logging_mixin.py:190} INFO - [2024-12-06T23:32:07.482-0600] {dagbag.py:588} INFO - Filling up the DagBag from /home/m9d9v9/PycharmProjects/Airflow-2/Airflow-2/.venv/lib/python3.10/site-packages/airflow/example_dags/example_kubernetes_executor.py
[2024-12-06T23:32:07.489-0600] {logging_mixin.py:190} INFO - [2024-12-06T23:32:07.488-0600] {example_kubernetes_executor.py:39} WARNING - The example_kubernetes_executor example DAG requires the kubernetes provider. Please install it with: pip install apache-airflow[cncf.kubernetes]
[2024-12-06T23:32:07.489-0600] {processor.py:927} WARNING - No viable dags retrieved from /home/m9d9v9/PycharmProjects/Airflow-2/Airflow-2/.venv/lib/python3.10/site-packages/airflow/example_dags/example_kubernetes_executor.py
[2024-12-06T23:32:07.508-0600] {processor.py:208} INFO - Processing /home/m9d9v9/PycharmProjects/Airflow-2/Airflow-2/.venv/lib/python3.10/site-packages/airflow/example_dags/example_kubernetes_executor.py took 0.046 seconds
[2024-12-06T23:33:02.133-0600] {processor.py:186} INFO - Started process (PID=18092) to work on /home/m9d9v9/PycharmProjects/Airflow-2/Airflow-2/.venv/lib/python3.10/site-packages/airflow/example_dags/example_kubernetes_executor.py
[2024-12-06T23:33:02.140-0600] {processor.py:914} INFO - Processing file /home/m9d9v9/PycharmProjects/Airflow-2/Airflow-2/.venv/lib/python3.10/site-packages/airflow/example_dags/example_kubernetes_executor.py for tasks to queue
[2024-12-06T23:33:02.141-0600] {logging_mixin.py:190} INFO - [2024-12-06T23:33:02.141-0600] {dagbag.py:588} INFO - Filling up the DagBag from /home/m9d9v9/PycharmProjects/Airflow-2/Airflow-2/.venv/lib/python3.10/site-packages/airflow/example_dags/example_kubernetes_executor.py
[2024-12-06T23:33:02.147-0600] {logging_mixin.py:190} INFO - [2024-12-06T23:33:02.146-0600] {example_kubernetes_executor.py:39} WARNING - The example_kubernetes_executor example DAG requires the kubernetes provider. Please install it with: pip install apache-airflow[cncf.kubernetes]
[2024-12-06T23:33:02.147-0600] {processor.py:927} WARNING - No viable dags retrieved from /home/m9d9v9/PycharmProjects/Airflow-2/Airflow-2/.venv/lib/python3.10/site-packages/airflow/example_dags/example_kubernetes_executor.py
[2024-12-06T23:33:02.166-0600] {processor.py:208} INFO - Processing /home/m9d9v9/PycharmProjects/Airflow-2/Airflow-2/.venv/lib/python3.10/site-packages/airflow/example_dags/example_kubernetes_executor.py took 0.043 seconds
[2024-12-06T23:33:59.216-0600] {processor.py:186} INFO - Started process (PID=18160) to work on /home/m9d9v9/PycharmProjects/Airflow-2/Airflow-2/.venv/lib/python3.10/site-packages/airflow/example_dags/example_kubernetes_executor.py
[2024-12-06T23:33:59.223-0600] {processor.py:914} INFO - Processing file /home/m9d9v9/PycharmProjects/Airflow-2/Airflow-2/.venv/lib/python3.10/site-packages/airflow/example_dags/example_kubernetes_executor.py for tasks to queue
[2024-12-06T23:33:59.226-0600] {logging_mixin.py:190} INFO - [2024-12-06T23:33:59.225-0600] {dagbag.py:588} INFO - Filling up the DagBag from /home/m9d9v9/PycharmProjects/Airflow-2/Airflow-2/.venv/lib/python3.10/site-packages/airflow/example_dags/example_kubernetes_executor.py
[2024-12-06T23:33:59.231-0600] {logging_mixin.py:190} INFO - [2024-12-06T23:33:59.230-0600] {example_kubernetes_executor.py:39} WARNING - The example_kubernetes_executor example DAG requires the kubernetes provider. Please install it with: pip install apache-airflow[cncf.kubernetes]
[2024-12-06T23:33:59.231-0600] {processor.py:927} WARNING - No viable dags retrieved from /home/m9d9v9/PycharmProjects/Airflow-2/Airflow-2/.venv/lib/python3.10/site-packages/airflow/example_dags/example_kubernetes_executor.py
[2024-12-06T23:33:59.248-0600] {processor.py:208} INFO - Processing /home/m9d9v9/PycharmProjects/Airflow-2/Airflow-2/.venv/lib/python3.10/site-packages/airflow/example_dags/example_kubernetes_executor.py took 0.044 seconds
[2024-12-06T23:34:59.647-0600] {processor.py:186} INFO - Started process (PID=18289) to work on /home/m9d9v9/PycharmProjects/Airflow-2/Airflow-2/.venv/lib/python3.10/site-packages/airflow/example_dags/example_kubernetes_executor.py
[2024-12-06T23:34:59.653-0600] {processor.py:914} INFO - Processing file /home/m9d9v9/PycharmProjects/Airflow-2/Airflow-2/.venv/lib/python3.10/site-packages/airflow/example_dags/example_kubernetes_executor.py for tasks to queue
[2024-12-06T23:34:59.654-0600] {logging_mixin.py:190} INFO - [2024-12-06T23:34:59.654-0600] {dagbag.py:588} INFO - Filling up the DagBag from /home/m9d9v9/PycharmProjects/Airflow-2/Airflow-2/.venv/lib/python3.10/site-packages/airflow/example_dags/example_kubernetes_executor.py
[2024-12-06T23:34:59.657-0600] {logging_mixin.py:190} INFO - [2024-12-06T23:34:59.657-0600] {example_kubernetes_executor.py:39} WARNING - The example_kubernetes_executor example DAG requires the kubernetes provider. Please install it with: pip install apache-airflow[cncf.kubernetes]
[2024-12-06T23:34:59.657-0600] {processor.py:927} WARNING - No viable dags retrieved from /home/m9d9v9/PycharmProjects/Airflow-2/Airflow-2/.venv/lib/python3.10/site-packages/airflow/example_dags/example_kubernetes_executor.py
[2024-12-06T23:34:59.664-0600] {processor.py:208} INFO - Processing /home/m9d9v9/PycharmProjects/Airflow-2/Airflow-2/.venv/lib/python3.10/site-packages/airflow/example_dags/example_kubernetes_executor.py took 0.022 seconds
[2024-12-06T23:36:03.450-0600] {processor.py:186} INFO - Started process (PID=18369) to work on /home/m9d9v9/PycharmProjects/Airflow-2/Airflow-2/.venv/lib/python3.10/site-packages/airflow/example_dags/example_kubernetes_executor.py
[2024-12-06T23:36:03.457-0600] {processor.py:914} INFO - Processing file /home/m9d9v9/PycharmProjects/Airflow-2/Airflow-2/.venv/lib/python3.10/site-packages/airflow/example_dags/example_kubernetes_executor.py for tasks to queue
[2024-12-06T23:36:03.459-0600] {logging_mixin.py:190} INFO - [2024-12-06T23:36:03.458-0600] {dagbag.py:588} INFO - Filling up the DagBag from /home/m9d9v9/PycharmProjects/Airflow-2/Airflow-2/.venv/lib/python3.10/site-packages/airflow/example_dags/example_kubernetes_executor.py
[2024-12-06T23:36:03.465-0600] {logging_mixin.py:190} INFO - [2024-12-06T23:36:03.465-0600] {example_kubernetes_executor.py:39} WARNING - The example_kubernetes_executor example DAG requires the kubernetes provider. Please install it with: pip install apache-airflow[cncf.kubernetes]
[2024-12-06T23:36:03.466-0600] {processor.py:927} WARNING - No viable dags retrieved from /home/m9d9v9/PycharmProjects/Airflow-2/Airflow-2/.venv/lib/python3.10/site-packages/airflow/example_dags/example_kubernetes_executor.py
[2024-12-06T23:36:03.483-0600] {processor.py:208} INFO - Processing /home/m9d9v9/PycharmProjects/Airflow-2/Airflow-2/.venv/lib/python3.10/site-packages/airflow/example_dags/example_kubernetes_executor.py took 0.045 seconds
[2024-12-06T23:37:04.737-0600] {processor.py:186} INFO - Started process (PID=18527) to work on /home/m9d9v9/PycharmProjects/Airflow-2/Airflow-2/.venv/lib/python3.10/site-packages/airflow/example_dags/example_kubernetes_executor.py
[2024-12-06T23:37:04.738-0600] {processor.py:914} INFO - Processing file /home/m9d9v9/PycharmProjects/Airflow-2/Airflow-2/.venv/lib/python3.10/site-packages/airflow/example_dags/example_kubernetes_executor.py for tasks to queue
[2024-12-06T23:37:04.739-0600] {logging_mixin.py:190} INFO - [2024-12-06T23:37:04.738-0600] {dagbag.py:588} INFO - Filling up the DagBag from /home/m9d9v9/PycharmProjects/Airflow-2/Airflow-2/.venv/lib/python3.10/site-packages/airflow/example_dags/example_kubernetes_executor.py
[2024-12-06T23:37:04.741-0600] {logging_mixin.py:190} INFO - [2024-12-06T23:37:04.741-0600] {example_kubernetes_executor.py:39} WARNING - The example_kubernetes_executor example DAG requires the kubernetes provider. Please install it with: pip install apache-airflow[cncf.kubernetes]
[2024-12-06T23:37:04.741-0600] {processor.py:927} WARNING - No viable dags retrieved from /home/m9d9v9/PycharmProjects/Airflow-2/Airflow-2/.venv/lib/python3.10/site-packages/airflow/example_dags/example_kubernetes_executor.py
[2024-12-06T23:37:04.754-0600] {processor.py:208} INFO - Processing /home/m9d9v9/PycharmProjects/Airflow-2/Airflow-2/.venv/lib/python3.10/site-packages/airflow/example_dags/example_kubernetes_executor.py took 0.022 seconds
[2024-12-06T23:38:04.562-0600] {processor.py:186} INFO - Started process (PID=18764) to work on /home/m9d9v9/PycharmProjects/Airflow-2/Airflow-2/.venv/lib/python3.10/site-packages/airflow/example_dags/example_kubernetes_executor.py
[2024-12-06T23:38:04.569-0600] {processor.py:914} INFO - Processing file /home/m9d9v9/PycharmProjects/Airflow-2/Airflow-2/.venv/lib/python3.10/site-packages/airflow/example_dags/example_kubernetes_executor.py for tasks to queue
[2024-12-06T23:38:04.572-0600] {logging_mixin.py:190} INFO - [2024-12-06T23:38:04.571-0600] {dagbag.py:588} INFO - Filling up the DagBag from /home/m9d9v9/PycharmProjects/Airflow-2/Airflow-2/.venv/lib/python3.10/site-packages/airflow/example_dags/example_kubernetes_executor.py
[2024-12-06T23:38:04.577-0600] {logging_mixin.py:190} INFO - [2024-12-06T23:38:04.577-0600] {example_kubernetes_executor.py:39} WARNING - The example_kubernetes_executor example DAG requires the kubernetes provider. Please install it with: pip install apache-airflow[cncf.kubernetes]
[2024-12-06T23:38:04.578-0600] {processor.py:927} WARNING - No viable dags retrieved from /home/m9d9v9/PycharmProjects/Airflow-2/Airflow-2/.venv/lib/python3.10/site-packages/airflow/example_dags/example_kubernetes_executor.py
[2024-12-06T23:38:04.597-0600] {processor.py:208} INFO - Processing /home/m9d9v9/PycharmProjects/Airflow-2/Airflow-2/.venv/lib/python3.10/site-packages/airflow/example_dags/example_kubernetes_executor.py took 0.046 seconds
[2024-12-06T23:39:12.095-0600] {processor.py:186} INFO - Started process (PID=18909) to work on /home/m9d9v9/PycharmProjects/Airflow-2/Airflow-2/.venv/lib/python3.10/site-packages/airflow/example_dags/example_kubernetes_executor.py
[2024-12-06T23:39:12.102-0600] {processor.py:914} INFO - Processing file /home/m9d9v9/PycharmProjects/Airflow-2/Airflow-2/.venv/lib/python3.10/site-packages/airflow/example_dags/example_kubernetes_executor.py for tasks to queue
[2024-12-06T23:39:12.103-0600] {logging_mixin.py:190} INFO - [2024-12-06T23:39:12.103-0600] {dagbag.py:588} INFO - Filling up the DagBag from /home/m9d9v9/PycharmProjects/Airflow-2/Airflow-2/.venv/lib/python3.10/site-packages/airflow/example_dags/example_kubernetes_executor.py
[2024-12-06T23:39:12.107-0600] {logging_mixin.py:190} INFO - [2024-12-06T23:39:12.106-0600] {example_kubernetes_executor.py:39} WARNING - The example_kubernetes_executor example DAG requires the kubernetes provider. Please install it with: pip install apache-airflow[cncf.kubernetes]
[2024-12-06T23:39:12.107-0600] {processor.py:927} WARNING - No viable dags retrieved from /home/m9d9v9/PycharmProjects/Airflow-2/Airflow-2/.venv/lib/python3.10/site-packages/airflow/example_dags/example_kubernetes_executor.py
[2024-12-06T23:39:12.121-0600] {processor.py:208} INFO - Processing /home/m9d9v9/PycharmProjects/Airflow-2/Airflow-2/.venv/lib/python3.10/site-packages/airflow/example_dags/example_kubernetes_executor.py took 0.034 seconds
[2024-12-06T23:40:08.595-0600] {processor.py:186} INFO - Started process (PID=19201) to work on /home/m9d9v9/PycharmProjects/Airflow-2/Airflow-2/.venv/lib/python3.10/site-packages/airflow/example_dags/example_kubernetes_executor.py
[2024-12-06T23:40:08.596-0600] {processor.py:914} INFO - Processing file /home/m9d9v9/PycharmProjects/Airflow-2/Airflow-2/.venv/lib/python3.10/site-packages/airflow/example_dags/example_kubernetes_executor.py for tasks to queue
[2024-12-06T23:40:08.598-0600] {logging_mixin.py:190} INFO - [2024-12-06T23:40:08.597-0600] {dagbag.py:588} INFO - Filling up the DagBag from /home/m9d9v9/PycharmProjects/Airflow-2/Airflow-2/.venv/lib/python3.10/site-packages/airflow/example_dags/example_kubernetes_executor.py
[2024-12-06T23:40:08.601-0600] {logging_mixin.py:190} INFO - [2024-12-06T23:40:08.601-0600] {example_kubernetes_executor.py:39} WARNING - The example_kubernetes_executor example DAG requires the kubernetes provider. Please install it with: pip install apache-airflow[cncf.kubernetes]
[2024-12-06T23:40:08.601-0600] {processor.py:927} WARNING - No viable dags retrieved from /home/m9d9v9/PycharmProjects/Airflow-2/Airflow-2/.venv/lib/python3.10/site-packages/airflow/example_dags/example_kubernetes_executor.py
[2024-12-06T23:40:08.613-0600] {processor.py:208} INFO - Processing /home/m9d9v9/PycharmProjects/Airflow-2/Airflow-2/.venv/lib/python3.10/site-packages/airflow/example_dags/example_kubernetes_executor.py took 0.026 seconds
[2024-12-06T23:41:04.144-0600] {processor.py:186} INFO - Started process (PID=19306) to work on /home/m9d9v9/PycharmProjects/Airflow-2/Airflow-2/.venv/lib/python3.10/site-packages/airflow/example_dags/example_kubernetes_executor.py
[2024-12-06T23:41:04.145-0600] {processor.py:914} INFO - Processing file /home/m9d9v9/PycharmProjects/Airflow-2/Airflow-2/.venv/lib/python3.10/site-packages/airflow/example_dags/example_kubernetes_executor.py for tasks to queue
[2024-12-06T23:41:04.147-0600] {logging_mixin.py:190} INFO - [2024-12-06T23:41:04.146-0600] {dagbag.py:588} INFO - Filling up the DagBag from /home/m9d9v9/PycharmProjects/Airflow-2/Airflow-2/.venv/lib/python3.10/site-packages/airflow/example_dags/example_kubernetes_executor.py
[2024-12-06T23:41:04.151-0600] {logging_mixin.py:190} INFO - [2024-12-06T23:41:04.151-0600] {example_kubernetes_executor.py:39} WARNING - The example_kubernetes_executor example DAG requires the kubernetes provider. Please install it with: pip install apache-airflow[cncf.kubernetes]
[2024-12-06T23:41:04.151-0600] {processor.py:927} WARNING - No viable dags retrieved from /home/m9d9v9/PycharmProjects/Airflow-2/Airflow-2/.venv/lib/python3.10/site-packages/airflow/example_dags/example_kubernetes_executor.py
[2024-12-06T23:41:04.164-0600] {processor.py:208} INFO - Processing /home/m9d9v9/PycharmProjects/Airflow-2/Airflow-2/.venv/lib/python3.10/site-packages/airflow/example_dags/example_kubernetes_executor.py took 0.025 seconds
