[2024-12-06T22:18:25.625-0600] {processor.py:186} INFO - Started process (PID=12331) to work on /home/m9d9v9/PycharmProjects/Airflow-2/Airflow-2/.venv/lib/python3.10/site-packages/airflow/example_dags/example_workday_timetable.py
[2024-12-06T22:18:25.626-0600] {processor.py:914} INFO - Processing file /home/m9d9v9/PycharmProjects/Airflow-2/Airflow-2/.venv/lib/python3.10/site-packages/airflow/example_dags/example_workday_timetable.py for tasks to queue
[2024-12-06T22:18:25.631-0600] {logging_mixin.py:190} INFO - [2024-12-06T22:18:25.630-0600] {dagbag.py:588} INFO - Filling up the DagBag from /home/m9d9v9/PycharmProjects/Airflow-2/Airflow-2/.venv/lib/python3.10/site-packages/airflow/example_dags/example_workday_timetable.py
[2024-12-06T22:18:25.646-0600] {processor.py:925} INFO - DAG(s) 'example_workday_timetable' retrieved from /home/m9d9v9/PycharmProjects/Airflow-2/Airflow-2/.venv/lib/python3.10/site-packages/airflow/example_dags/example_workday_timetable.py
[2024-12-06T22:18:25.722-0600] {logging_mixin.py:190} INFO - [2024-12-06T22:18:25.722-0600] {override.py:1911} INFO - Created Permission View: can edit on DAG:example_workday_timetable
[2024-12-06T22:18:25.730-0600] {logging_mixin.py:190} INFO - [2024-12-06T22:18:25.730-0600] {override.py:1911} INFO - Created Permission View: can read on DAG:example_workday_timetable
[2024-12-06T22:18:25.734-0600] {logging_mixin.py:190} INFO - [2024-12-06T22:18:25.734-0600] {override.py:1911} INFO - Created Permission View: can delete on DAG:example_workday_timetable
[2024-12-06T22:18:25.740-0600] {logging_mixin.py:190} INFO - [2024-12-06T22:18:25.740-0600] {override.py:1911} INFO - Created Permission View: menu access on DAG Run:example_workday_timetable
[2024-12-06T22:18:25.745-0600] {logging_mixin.py:190} INFO - [2024-12-06T22:18:25.744-0600] {override.py:1911} INFO - Created Permission View: can create on DAG Run:example_workday_timetable
[2024-12-06T22:18:25.750-0600] {logging_mixin.py:190} INFO - [2024-12-06T22:18:25.750-0600] {override.py:1911} INFO - Created Permission View: can read on DAG Run:example_workday_timetable
[2024-12-06T22:18:25.756-0600] {logging_mixin.py:190} INFO - [2024-12-06T22:18:25.755-0600] {override.py:1911} INFO - Created Permission View: can delete on DAG Run:example_workday_timetable
[2024-12-06T22:18:25.756-0600] {logging_mixin.py:190} INFO - [2024-12-06T22:18:25.756-0600] {dag.py:3239} INFO - Sync 1 DAGs
[2024-12-06T22:18:25.763-0600] {logging_mixin.py:190} INFO - [2024-12-06T22:18:25.763-0600] {dag.py:3262} INFO - Creating ORM DAG for example_workday_timetable
[2024-12-06T22:18:25.768-0600] {logging_mixin.py:190} INFO - [2024-12-06T22:18:25.768-0600] {dag.py:4180} INFO - Setting next_dagrun for example_workday_timetable to 2021-01-01 00:00:00+00:00, run_after=2021-01-02 00:00:00+00:00
[2024-12-06T22:18:25.780-0600] {processor.py:208} INFO - Processing /home/m9d9v9/PycharmProjects/Airflow-2/Airflow-2/.venv/lib/python3.10/site-packages/airflow/example_dags/example_workday_timetable.py took 0.167 seconds
[2024-12-06T22:19:31.432-0600] {processor.py:186} INFO - Started process (PID=12575) to work on /home/m9d9v9/PycharmProjects/Airflow-2/Airflow-2/.venv/lib/python3.10/site-packages/airflow/example_dags/example_workday_timetable.py
[2024-12-06T22:19:31.439-0600] {processor.py:914} INFO - Processing file /home/m9d9v9/PycharmProjects/Airflow-2/Airflow-2/.venv/lib/python3.10/site-packages/airflow/example_dags/example_workday_timetable.py for tasks to queue
[2024-12-06T22:19:31.444-0600] {logging_mixin.py:190} INFO - [2024-12-06T22:19:31.443-0600] {dagbag.py:588} INFO - Filling up the DagBag from /home/m9d9v9/PycharmProjects/Airflow-2/Airflow-2/.venv/lib/python3.10/site-packages/airflow/example_dags/example_workday_timetable.py
[2024-12-06T22:19:31.456-0600] {processor.py:925} INFO - DAG(s) 'example_workday_timetable' retrieved from /home/m9d9v9/PycharmProjects/Airflow-2/Airflow-2/.venv/lib/python3.10/site-packages/airflow/example_dags/example_workday_timetable.py
[2024-12-06T22:19:31.479-0600] {logging_mixin.py:190} INFO - [2024-12-06T22:19:31.479-0600] {dag.py:3239} INFO - Sync 1 DAGs
[2024-12-06T22:19:31.493-0600] {logging_mixin.py:190} INFO - [2024-12-06T22:19:31.493-0600] {dag.py:4180} INFO - Setting next_dagrun for example_workday_timetable to 2021-01-01 00:00:00+00:00, run_after=2021-01-02 00:00:00+00:00
[2024-12-06T22:19:31.506-0600] {processor.py:208} INFO - Processing /home/m9d9v9/PycharmProjects/Airflow-2/Airflow-2/.venv/lib/python3.10/site-packages/airflow/example_dags/example_workday_timetable.py took 0.086 seconds
[2024-12-06T22:20:26.169-0600] {processor.py:186} INFO - Started process (PID=12659) to work on /home/m9d9v9/PycharmProjects/Airflow-2/Airflow-2/.venv/lib/python3.10/site-packages/airflow/example_dags/example_workday_timetable.py
[2024-12-06T22:20:26.175-0600] {processor.py:914} INFO - Processing file /home/m9d9v9/PycharmProjects/Airflow-2/Airflow-2/.venv/lib/python3.10/site-packages/airflow/example_dags/example_workday_timetable.py for tasks to queue
[2024-12-06T22:20:26.177-0600] {logging_mixin.py:190} INFO - [2024-12-06T22:20:26.177-0600] {dagbag.py:588} INFO - Filling up the DagBag from /home/m9d9v9/PycharmProjects/Airflow-2/Airflow-2/.venv/lib/python3.10/site-packages/airflow/example_dags/example_workday_timetable.py
[2024-12-06T22:20:26.182-0600] {processor.py:925} INFO - DAG(s) 'example_workday_timetable' retrieved from /home/m9d9v9/PycharmProjects/Airflow-2/Airflow-2/.venv/lib/python3.10/site-packages/airflow/example_dags/example_workday_timetable.py
[2024-12-06T22:20:26.193-0600] {logging_mixin.py:190} INFO - [2024-12-06T22:20:26.193-0600] {dag.py:3239} INFO - Sync 1 DAGs
[2024-12-06T22:20:26.205-0600] {logging_mixin.py:190} INFO - [2024-12-06T22:20:26.205-0600] {dag.py:4180} INFO - Setting next_dagrun for example_workday_timetable to 2021-01-01 00:00:00+00:00, run_after=2021-01-02 00:00:00+00:00
[2024-12-06T22:20:26.222-0600] {processor.py:208} INFO - Processing /home/m9d9v9/PycharmProjects/Airflow-2/Airflow-2/.venv/lib/python3.10/site-packages/airflow/example_dags/example_workday_timetable.py took 0.058 seconds
[2024-12-06T22:21:18.211-0600] {processor.py:186} INFO - Started process (PID=12726) to work on /home/m9d9v9/PycharmProjects/Airflow-2/Airflow-2/.venv/lib/python3.10/site-packages/airflow/example_dags/example_workday_timetable.py
[2024-12-06T22:21:18.217-0600] {processor.py:914} INFO - Processing file /home/m9d9v9/PycharmProjects/Airflow-2/Airflow-2/.venv/lib/python3.10/site-packages/airflow/example_dags/example_workday_timetable.py for tasks to queue
[2024-12-06T22:21:18.219-0600] {logging_mixin.py:190} INFO - [2024-12-06T22:21:18.219-0600] {dagbag.py:588} INFO - Filling up the DagBag from /home/m9d9v9/PycharmProjects/Airflow-2/Airflow-2/.venv/lib/python3.10/site-packages/airflow/example_dags/example_workday_timetable.py
[2024-12-06T22:21:18.226-0600] {processor.py:925} INFO - DAG(s) 'example_workday_timetable' retrieved from /home/m9d9v9/PycharmProjects/Airflow-2/Airflow-2/.venv/lib/python3.10/site-packages/airflow/example_dags/example_workday_timetable.py
[2024-12-06T22:21:18.240-0600] {logging_mixin.py:190} INFO - [2024-12-06T22:21:18.240-0600] {dag.py:3239} INFO - Sync 1 DAGs
[2024-12-06T22:21:18.256-0600] {logging_mixin.py:190} INFO - [2024-12-06T22:21:18.256-0600] {dag.py:4180} INFO - Setting next_dagrun for example_workday_timetable to 2021-01-01 00:00:00+00:00, run_after=2021-01-02 00:00:00+00:00
[2024-12-06T22:21:18.273-0600] {processor.py:208} INFO - Processing /home/m9d9v9/PycharmProjects/Airflow-2/Airflow-2/.venv/lib/python3.10/site-packages/airflow/example_dags/example_workday_timetable.py took 0.068 seconds
[2024-12-06T22:22:15.106-0600] {processor.py:186} INFO - Started process (PID=12803) to work on /home/m9d9v9/PycharmProjects/Airflow-2/Airflow-2/.venv/lib/python3.10/site-packages/airflow/example_dags/example_workday_timetable.py
[2024-12-06T22:22:15.107-0600] {processor.py:914} INFO - Processing file /home/m9d9v9/PycharmProjects/Airflow-2/Airflow-2/.venv/lib/python3.10/site-packages/airflow/example_dags/example_workday_timetable.py for tasks to queue
[2024-12-06T22:22:15.108-0600] {logging_mixin.py:190} INFO - [2024-12-06T22:22:15.108-0600] {dagbag.py:588} INFO - Filling up the DagBag from /home/m9d9v9/PycharmProjects/Airflow-2/Airflow-2/.venv/lib/python3.10/site-packages/airflow/example_dags/example_workday_timetable.py
[2024-12-06T22:22:15.114-0600] {processor.py:925} INFO - DAG(s) 'example_workday_timetable' retrieved from /home/m9d9v9/PycharmProjects/Airflow-2/Airflow-2/.venv/lib/python3.10/site-packages/airflow/example_dags/example_workday_timetable.py
[2024-12-06T22:22:15.126-0600] {logging_mixin.py:190} INFO - [2024-12-06T22:22:15.126-0600] {dag.py:3239} INFO - Sync 1 DAGs
[2024-12-06T22:22:15.140-0600] {logging_mixin.py:190} INFO - [2024-12-06T22:22:15.139-0600] {dag.py:4180} INFO - Setting next_dagrun for example_workday_timetable to 2021-01-01 00:00:00+00:00, run_after=2021-01-02 00:00:00+00:00
[2024-12-06T22:22:15.151-0600] {processor.py:208} INFO - Processing /home/m9d9v9/PycharmProjects/Airflow-2/Airflow-2/.venv/lib/python3.10/site-packages/airflow/example_dags/example_workday_timetable.py took 0.051 seconds
[2024-12-06T22:22:56.224-0600] {processor.py:186} INFO - Started process (PID=12915) to work on /home/m9d9v9/PycharmProjects/Airflow-2/Airflow-2/.venv/lib/python3.10/site-packages/airflow/example_dags/example_workday_timetable.py
[2024-12-06T22:22:56.225-0600] {processor.py:914} INFO - Processing file /home/m9d9v9/PycharmProjects/Airflow-2/Airflow-2/.venv/lib/python3.10/site-packages/airflow/example_dags/example_workday_timetable.py for tasks to queue
[2024-12-06T22:22:56.227-0600] {logging_mixin.py:190} INFO - [2024-12-06T22:22:56.227-0600] {dagbag.py:588} INFO - Filling up the DagBag from /home/m9d9v9/PycharmProjects/Airflow-2/Airflow-2/.venv/lib/python3.10/site-packages/airflow/example_dags/example_workday_timetable.py
[2024-12-06T22:22:56.232-0600] {processor.py:925} INFO - DAG(s) 'example_workday_timetable' retrieved from /home/m9d9v9/PycharmProjects/Airflow-2/Airflow-2/.venv/lib/python3.10/site-packages/airflow/example_dags/example_workday_timetable.py
[2024-12-06T22:22:56.245-0600] {logging_mixin.py:190} INFO - [2024-12-06T22:22:56.245-0600] {dag.py:3239} INFO - Sync 1 DAGs
[2024-12-06T22:22:56.271-0600] {logging_mixin.py:190} INFO - [2024-12-06T22:22:56.270-0600] {dag.py:4180} INFO - Setting next_dagrun for example_workday_timetable to 2021-01-01 00:00:00+00:00, run_after=2021-01-02 00:00:00+00:00
[2024-12-06T22:22:56.290-0600] {processor.py:208} INFO - Processing /home/m9d9v9/PycharmProjects/Airflow-2/Airflow-2/.venv/lib/python3.10/site-packages/airflow/example_dags/example_workday_timetable.py took 0.074 seconds
[2024-12-06T22:23:34.952-0600] {processor.py:186} INFO - Started process (PID=12966) to work on /home/m9d9v9/PycharmProjects/Airflow-2/Airflow-2/.venv/lib/python3.10/site-packages/airflow/example_dags/example_workday_timetable.py
[2024-12-06T22:23:34.958-0600] {processor.py:914} INFO - Processing file /home/m9d9v9/PycharmProjects/Airflow-2/Airflow-2/.venv/lib/python3.10/site-packages/airflow/example_dags/example_workday_timetable.py for tasks to queue
[2024-12-06T22:23:34.959-0600] {logging_mixin.py:190} INFO - [2024-12-06T22:23:34.959-0600] {dagbag.py:588} INFO - Filling up the DagBag from /home/m9d9v9/PycharmProjects/Airflow-2/Airflow-2/.venv/lib/python3.10/site-packages/airflow/example_dags/example_workday_timetable.py
[2024-12-06T22:23:34.965-0600] {processor.py:925} INFO - DAG(s) 'example_workday_timetable' retrieved from /home/m9d9v9/PycharmProjects/Airflow-2/Airflow-2/.venv/lib/python3.10/site-packages/airflow/example_dags/example_workday_timetable.py
[2024-12-06T22:23:34.976-0600] {logging_mixin.py:190} INFO - [2024-12-06T22:23:34.976-0600] {dag.py:3239} INFO - Sync 1 DAGs
[2024-12-06T22:23:34.988-0600] {logging_mixin.py:190} INFO - [2024-12-06T22:23:34.988-0600] {dag.py:4180} INFO - Setting next_dagrun for example_workday_timetable to 2021-01-01 00:00:00+00:00, run_after=2021-01-02 00:00:00+00:00
[2024-12-06T22:23:35.001-0600] {processor.py:208} INFO - Processing /home/m9d9v9/PycharmProjects/Airflow-2/Airflow-2/.venv/lib/python3.10/site-packages/airflow/example_dags/example_workday_timetable.py took 0.054 seconds
[2024-12-06T22:24:28.940-0600] {processor.py:186} INFO - Started process (PID=13034) to work on /home/m9d9v9/PycharmProjects/Airflow-2/Airflow-2/.venv/lib/python3.10/site-packages/airflow/example_dags/example_workday_timetable.py
[2024-12-06T22:24:28.941-0600] {processor.py:914} INFO - Processing file /home/m9d9v9/PycharmProjects/Airflow-2/Airflow-2/.venv/lib/python3.10/site-packages/airflow/example_dags/example_workday_timetable.py for tasks to queue
[2024-12-06T22:24:28.942-0600] {logging_mixin.py:190} INFO - [2024-12-06T22:24:28.942-0600] {dagbag.py:588} INFO - Filling up the DagBag from /home/m9d9v9/PycharmProjects/Airflow-2/Airflow-2/.venv/lib/python3.10/site-packages/airflow/example_dags/example_workday_timetable.py
[2024-12-06T22:24:28.948-0600] {processor.py:925} INFO - DAG(s) 'example_workday_timetable' retrieved from /home/m9d9v9/PycharmProjects/Airflow-2/Airflow-2/.venv/lib/python3.10/site-packages/airflow/example_dags/example_workday_timetable.py
[2024-12-06T22:24:28.960-0600] {logging_mixin.py:190} INFO - [2024-12-06T22:24:28.960-0600] {dag.py:3239} INFO - Sync 1 DAGs
[2024-12-06T22:24:28.973-0600] {logging_mixin.py:190} INFO - [2024-12-06T22:24:28.973-0600] {dag.py:4180} INFO - Setting next_dagrun for example_workday_timetable to 2021-01-01 00:00:00+00:00, run_after=2021-01-02 00:00:00+00:00
[2024-12-06T22:24:28.986-0600] {processor.py:208} INFO - Processing /home/m9d9v9/PycharmProjects/Airflow-2/Airflow-2/.venv/lib/python3.10/site-packages/airflow/example_dags/example_workday_timetable.py took 0.051 seconds
[2024-12-06T22:25:24.807-0600] {processor.py:186} INFO - Started process (PID=13121) to work on /home/m9d9v9/PycharmProjects/Airflow-2/Airflow-2/.venv/lib/python3.10/site-packages/airflow/example_dags/example_workday_timetable.py
[2024-12-06T22:25:24.814-0600] {processor.py:914} INFO - Processing file /home/m9d9v9/PycharmProjects/Airflow-2/Airflow-2/.venv/lib/python3.10/site-packages/airflow/example_dags/example_workday_timetable.py for tasks to queue
[2024-12-06T22:25:24.817-0600] {logging_mixin.py:190} INFO - [2024-12-06T22:25:24.816-0600] {dagbag.py:588} INFO - Filling up the DagBag from /home/m9d9v9/PycharmProjects/Airflow-2/Airflow-2/.venv/lib/python3.10/site-packages/airflow/example_dags/example_workday_timetable.py
[2024-12-06T22:25:24.830-0600] {processor.py:925} INFO - DAG(s) 'example_workday_timetable' retrieved from /home/m9d9v9/PycharmProjects/Airflow-2/Airflow-2/.venv/lib/python3.10/site-packages/airflow/example_dags/example_workday_timetable.py
[2024-12-06T22:25:24.854-0600] {logging_mixin.py:190} INFO - [2024-12-06T22:25:24.854-0600] {dag.py:3239} INFO - Sync 1 DAGs
[2024-12-06T22:25:24.869-0600] {logging_mixin.py:190} INFO - [2024-12-06T22:25:24.869-0600] {dag.py:4180} INFO - Setting next_dagrun for example_workday_timetable to 2021-01-01 00:00:00+00:00, run_after=2021-01-02 00:00:00+00:00
[2024-12-06T22:25:24.884-0600] {processor.py:208} INFO - Processing /home/m9d9v9/PycharmProjects/Airflow-2/Airflow-2/.venv/lib/python3.10/site-packages/airflow/example_dags/example_workday_timetable.py took 0.090 seconds
[2024-12-06T22:26:23.044-0600] {processor.py:186} INFO - Started process (PID=13199) to work on /home/m9d9v9/PycharmProjects/Airflow-2/Airflow-2/.venv/lib/python3.10/site-packages/airflow/example_dags/example_workday_timetable.py
[2024-12-06T22:26:23.050-0600] {processor.py:914} INFO - Processing file /home/m9d9v9/PycharmProjects/Airflow-2/Airflow-2/.venv/lib/python3.10/site-packages/airflow/example_dags/example_workday_timetable.py for tasks to queue
[2024-12-06T22:26:23.053-0600] {logging_mixin.py:190} INFO - [2024-12-06T22:26:23.052-0600] {dagbag.py:588} INFO - Filling up the DagBag from /home/m9d9v9/PycharmProjects/Airflow-2/Airflow-2/.venv/lib/python3.10/site-packages/airflow/example_dags/example_workday_timetable.py
[2024-12-06T22:26:23.066-0600] {processor.py:925} INFO - DAG(s) 'example_workday_timetable' retrieved from /home/m9d9v9/PycharmProjects/Airflow-2/Airflow-2/.venv/lib/python3.10/site-packages/airflow/example_dags/example_workday_timetable.py
[2024-12-06T22:26:23.092-0600] {logging_mixin.py:190} INFO - [2024-12-06T22:26:23.091-0600] {dag.py:3239} INFO - Sync 1 DAGs
[2024-12-06T22:26:23.104-0600] {logging_mixin.py:190} INFO - [2024-12-06T22:26:23.104-0600] {dag.py:4180} INFO - Setting next_dagrun for example_workday_timetable to 2021-01-01 00:00:00+00:00, run_after=2021-01-02 00:00:00+00:00
[2024-12-06T22:26:23.120-0600] {processor.py:208} INFO - Processing /home/m9d9v9/PycharmProjects/Airflow-2/Airflow-2/.venv/lib/python3.10/site-packages/airflow/example_dags/example_workday_timetable.py took 0.089 seconds
[2024-12-06T22:36:51.971-0600] {processor.py:186} INFO - Started process (PID=14521) to work on /home/m9d9v9/PycharmProjects/Airflow-2/Airflow-2/.venv/lib/python3.10/site-packages/airflow/example_dags/example_workday_timetable.py
[2024-12-06T22:36:51.979-0600] {processor.py:914} INFO - Processing file /home/m9d9v9/PycharmProjects/Airflow-2/Airflow-2/.venv/lib/python3.10/site-packages/airflow/example_dags/example_workday_timetable.py for tasks to queue
[2024-12-06T22:36:51.982-0600] {logging_mixin.py:190} INFO - [2024-12-06T22:36:51.982-0600] {dagbag.py:588} INFO - Filling up the DagBag from /home/m9d9v9/PycharmProjects/Airflow-2/Airflow-2/.venv/lib/python3.10/site-packages/airflow/example_dags/example_workday_timetable.py
[2024-12-06T22:36:51.996-0600] {processor.py:925} INFO - DAG(s) 'example_workday_timetable' retrieved from /home/m9d9v9/PycharmProjects/Airflow-2/Airflow-2/.venv/lib/python3.10/site-packages/airflow/example_dags/example_workday_timetable.py
[2024-12-06T22:36:52.048-0600] {logging_mixin.py:190} INFO - [2024-12-06T22:36:52.047-0600] {dag.py:3239} INFO - Sync 1 DAGs
[2024-12-06T22:36:52.064-0600] {logging_mixin.py:190} INFO - [2024-12-06T22:36:52.064-0600] {dag.py:4180} INFO - Setting next_dagrun for example_workday_timetable to 2021-01-01 00:00:00+00:00, run_after=2021-01-02 00:00:00+00:00
[2024-12-06T22:36:52.078-0600] {processor.py:208} INFO - Processing /home/m9d9v9/PycharmProjects/Airflow-2/Airflow-2/.venv/lib/python3.10/site-packages/airflow/example_dags/example_workday_timetable.py took 0.118 seconds
[2024-12-06T22:37:49.034-0600] {processor.py:186} INFO - Started process (PID=14686) to work on /home/m9d9v9/PycharmProjects/Airflow-2/Airflow-2/.venv/lib/python3.10/site-packages/airflow/example_dags/example_workday_timetable.py
[2024-12-06T22:37:49.041-0600] {processor.py:914} INFO - Processing file /home/m9d9v9/PycharmProjects/Airflow-2/Airflow-2/.venv/lib/python3.10/site-packages/airflow/example_dags/example_workday_timetable.py for tasks to queue
[2024-12-06T22:37:49.044-0600] {logging_mixin.py:190} INFO - [2024-12-06T22:37:49.043-0600] {dagbag.py:588} INFO - Filling up the DagBag from /home/m9d9v9/PycharmProjects/Airflow-2/Airflow-2/.venv/lib/python3.10/site-packages/airflow/example_dags/example_workday_timetable.py
[2024-12-06T22:37:49.057-0600] {processor.py:925} INFO - DAG(s) 'example_workday_timetable' retrieved from /home/m9d9v9/PycharmProjects/Airflow-2/Airflow-2/.venv/lib/python3.10/site-packages/airflow/example_dags/example_workday_timetable.py
[2024-12-06T22:37:49.081-0600] {logging_mixin.py:190} INFO - [2024-12-06T22:37:49.080-0600] {dag.py:3239} INFO - Sync 1 DAGs
[2024-12-06T22:37:49.094-0600] {logging_mixin.py:190} INFO - [2024-12-06T22:37:49.093-0600] {dag.py:4180} INFO - Setting next_dagrun for example_workday_timetable to 2021-01-01 00:00:00+00:00, run_after=2021-01-02 00:00:00+00:00
[2024-12-06T22:37:49.106-0600] {processor.py:208} INFO - Processing /home/m9d9v9/PycharmProjects/Airflow-2/Airflow-2/.venv/lib/python3.10/site-packages/airflow/example_dags/example_workday_timetable.py took 0.084 seconds
[2024-12-06T22:38:46.190-0600] {processor.py:186} INFO - Started process (PID=14786) to work on /home/m9d9v9/PycharmProjects/Airflow-2/Airflow-2/.venv/lib/python3.10/site-packages/airflow/example_dags/example_workday_timetable.py
[2024-12-06T22:38:46.196-0600] {processor.py:914} INFO - Processing file /home/m9d9v9/PycharmProjects/Airflow-2/Airflow-2/.venv/lib/python3.10/site-packages/airflow/example_dags/example_workday_timetable.py for tasks to queue
[2024-12-06T22:38:46.198-0600] {logging_mixin.py:190} INFO - [2024-12-06T22:38:46.197-0600] {dagbag.py:588} INFO - Filling up the DagBag from /home/m9d9v9/PycharmProjects/Airflow-2/Airflow-2/.venv/lib/python3.10/site-packages/airflow/example_dags/example_workday_timetable.py
[2024-12-06T22:38:46.203-0600] {processor.py:925} INFO - DAG(s) 'example_workday_timetable' retrieved from /home/m9d9v9/PycharmProjects/Airflow-2/Airflow-2/.venv/lib/python3.10/site-packages/airflow/example_dags/example_workday_timetable.py
[2024-12-06T22:38:46.215-0600] {logging_mixin.py:190} INFO - [2024-12-06T22:38:46.215-0600] {dag.py:3239} INFO - Sync 1 DAGs
[2024-12-06T22:38:46.233-0600] {logging_mixin.py:190} INFO - [2024-12-06T22:38:46.232-0600] {dag.py:4180} INFO - Setting next_dagrun for example_workday_timetable to 2021-01-01 00:00:00+00:00, run_after=2021-01-02 00:00:00+00:00
[2024-12-06T22:38:46.247-0600] {processor.py:208} INFO - Processing /home/m9d9v9/PycharmProjects/Airflow-2/Airflow-2/.venv/lib/python3.10/site-packages/airflow/example_dags/example_workday_timetable.py took 0.061 seconds
[2024-12-06T22:39:43.982-0600] {processor.py:186} INFO - Started process (PID=14981) to work on /home/m9d9v9/PycharmProjects/Airflow-2/Airflow-2/.venv/lib/python3.10/site-packages/airflow/example_dags/example_workday_timetable.py
[2024-12-06T22:39:43.988-0600] {processor.py:914} INFO - Processing file /home/m9d9v9/PycharmProjects/Airflow-2/Airflow-2/.venv/lib/python3.10/site-packages/airflow/example_dags/example_workday_timetable.py for tasks to queue
[2024-12-06T22:39:43.990-0600] {logging_mixin.py:190} INFO - [2024-12-06T22:39:43.989-0600] {dagbag.py:588} INFO - Filling up the DagBag from /home/m9d9v9/PycharmProjects/Airflow-2/Airflow-2/.venv/lib/python3.10/site-packages/airflow/example_dags/example_workday_timetable.py
[2024-12-06T22:39:43.994-0600] {processor.py:925} INFO - DAG(s) 'example_workday_timetable' retrieved from /home/m9d9v9/PycharmProjects/Airflow-2/Airflow-2/.venv/lib/python3.10/site-packages/airflow/example_dags/example_workday_timetable.py
[2024-12-06T22:39:44.004-0600] {logging_mixin.py:190} INFO - [2024-12-06T22:39:44.004-0600] {dag.py:3239} INFO - Sync 1 DAGs
[2024-12-06T22:39:44.018-0600] {logging_mixin.py:190} INFO - [2024-12-06T22:39:44.018-0600] {dag.py:4180} INFO - Setting next_dagrun for example_workday_timetable to 2021-01-01 00:00:00+00:00, run_after=2021-01-02 00:00:00+00:00
[2024-12-06T22:39:44.032-0600] {processor.py:208} INFO - Processing /home/m9d9v9/PycharmProjects/Airflow-2/Airflow-2/.venv/lib/python3.10/site-packages/airflow/example_dags/example_workday_timetable.py took 0.057 seconds
[2024-12-06T22:40:43.790-0600] {processor.py:186} INFO - Started process (PID=15108) to work on /home/m9d9v9/PycharmProjects/Airflow-2/Airflow-2/.venv/lib/python3.10/site-packages/airflow/example_dags/example_workday_timetable.py
[2024-12-06T22:40:43.796-0600] {processor.py:914} INFO - Processing file /home/m9d9v9/PycharmProjects/Airflow-2/Airflow-2/.venv/lib/python3.10/site-packages/airflow/example_dags/example_workday_timetable.py for tasks to queue
[2024-12-06T22:40:43.798-0600] {logging_mixin.py:190} INFO - [2024-12-06T22:40:43.798-0600] {dagbag.py:588} INFO - Filling up the DagBag from /home/m9d9v9/PycharmProjects/Airflow-2/Airflow-2/.venv/lib/python3.10/site-packages/airflow/example_dags/example_workday_timetable.py
[2024-12-06T22:40:43.805-0600] {processor.py:925} INFO - DAG(s) 'example_workday_timetable' retrieved from /home/m9d9v9/PycharmProjects/Airflow-2/Airflow-2/.venv/lib/python3.10/site-packages/airflow/example_dags/example_workday_timetable.py
[2024-12-06T22:40:43.820-0600] {logging_mixin.py:190} INFO - [2024-12-06T22:40:43.819-0600] {dag.py:3239} INFO - Sync 1 DAGs
[2024-12-06T22:40:43.837-0600] {logging_mixin.py:190} INFO - [2024-12-06T22:40:43.836-0600] {dag.py:4180} INFO - Setting next_dagrun for example_workday_timetable to 2021-01-01 00:00:00+00:00, run_after=2021-01-02 00:00:00+00:00
[2024-12-06T22:40:43.852-0600] {processor.py:208} INFO - Processing /home/m9d9v9/PycharmProjects/Airflow-2/Airflow-2/.venv/lib/python3.10/site-packages/airflow/example_dags/example_workday_timetable.py took 0.070 seconds
[2024-12-06T23:25:00.399-0600] {processor.py:186} INFO - Started process (PID=17096) to work on /home/m9d9v9/PycharmProjects/Airflow-2/Airflow-2/.venv/lib/python3.10/site-packages/airflow/example_dags/example_workday_timetable.py
[2024-12-06T23:25:00.406-0600] {processor.py:914} INFO - Processing file /home/m9d9v9/PycharmProjects/Airflow-2/Airflow-2/.venv/lib/python3.10/site-packages/airflow/example_dags/example_workday_timetable.py for tasks to queue
[2024-12-06T23:25:00.410-0600] {logging_mixin.py:190} INFO - [2024-12-06T23:25:00.409-0600] {dagbag.py:588} INFO - Filling up the DagBag from /home/m9d9v9/PycharmProjects/Airflow-2/Airflow-2/.venv/lib/python3.10/site-packages/airflow/example_dags/example_workday_timetable.py
[2024-12-06T23:25:00.427-0600] {processor.py:925} INFO - DAG(s) 'example_workday_timetable' retrieved from /home/m9d9v9/PycharmProjects/Airflow-2/Airflow-2/.venv/lib/python3.10/site-packages/airflow/example_dags/example_workday_timetable.py
[2024-12-06T23:25:00.454-0600] {logging_mixin.py:190} INFO - [2024-12-06T23:25:00.454-0600] {dag.py:3239} INFO - Sync 1 DAGs
[2024-12-06T23:25:00.483-0600] {logging_mixin.py:190} INFO - [2024-12-06T23:25:00.483-0600] {dag.py:4180} INFO - Setting next_dagrun for example_workday_timetable to 2021-01-04 00:00:00+00:00, run_after=2021-01-05 00:00:00+00:00
[2024-12-06T23:25:00.497-0600] {processor.py:208} INFO - Processing /home/m9d9v9/PycharmProjects/Airflow-2/Airflow-2/.venv/lib/python3.10/site-packages/airflow/example_dags/example_workday_timetable.py took 0.109 seconds
[2024-12-06T23:25:56.197-0600] {processor.py:186} INFO - Started process (PID=17363) to work on /home/m9d9v9/PycharmProjects/Airflow-2/Airflow-2/.venv/lib/python3.10/site-packages/airflow/example_dags/example_workday_timetable.py
[2024-12-06T23:25:56.198-0600] {processor.py:914} INFO - Processing file /home/m9d9v9/PycharmProjects/Airflow-2/Airflow-2/.venv/lib/python3.10/site-packages/airflow/example_dags/example_workday_timetable.py for tasks to queue
[2024-12-06T23:25:56.198-0600] {logging_mixin.py:190} INFO - [2024-12-06T23:25:56.198-0600] {dagbag.py:588} INFO - Filling up the DagBag from /home/m9d9v9/PycharmProjects/Airflow-2/Airflow-2/.venv/lib/python3.10/site-packages/airflow/example_dags/example_workday_timetable.py
[2024-12-06T23:25:56.202-0600] {processor.py:925} INFO - DAG(s) 'example_workday_timetable' retrieved from /home/m9d9v9/PycharmProjects/Airflow-2/Airflow-2/.venv/lib/python3.10/site-packages/airflow/example_dags/example_workday_timetable.py
[2024-12-06T23:25:56.212-0600] {logging_mixin.py:190} INFO - [2024-12-06T23:25:56.212-0600] {dag.py:3239} INFO - Sync 1 DAGs
[2024-12-06T23:25:56.259-0600] {logging_mixin.py:190} INFO - [2024-12-06T23:25:56.258-0600] {dag.py:4180} INFO - Setting next_dagrun for example_workday_timetable to 2021-01-04 00:00:00+00:00, run_after=2021-01-05 00:00:00+00:00
[2024-12-06T23:25:56.277-0600] {processor.py:208} INFO - Processing /home/m9d9v9/PycharmProjects/Airflow-2/Airflow-2/.venv/lib/python3.10/site-packages/airflow/example_dags/example_workday_timetable.py took 0.084 seconds
[2024-12-06T23:26:52.510-0600] {processor.py:186} INFO - Started process (PID=17438) to work on /home/m9d9v9/PycharmProjects/Airflow-2/Airflow-2/.venv/lib/python3.10/site-packages/airflow/example_dags/example_workday_timetable.py
[2024-12-06T23:26:52.517-0600] {processor.py:914} INFO - Processing file /home/m9d9v9/PycharmProjects/Airflow-2/Airflow-2/.venv/lib/python3.10/site-packages/airflow/example_dags/example_workday_timetable.py for tasks to queue
[2024-12-06T23:26:52.518-0600] {logging_mixin.py:190} INFO - [2024-12-06T23:26:52.518-0600] {dagbag.py:588} INFO - Filling up the DagBag from /home/m9d9v9/PycharmProjects/Airflow-2/Airflow-2/.venv/lib/python3.10/site-packages/airflow/example_dags/example_workday_timetable.py
[2024-12-06T23:26:52.522-0600] {processor.py:925} INFO - DAG(s) 'example_workday_timetable' retrieved from /home/m9d9v9/PycharmProjects/Airflow-2/Airflow-2/.venv/lib/python3.10/site-packages/airflow/example_dags/example_workday_timetable.py
[2024-12-06T23:26:52.532-0600] {logging_mixin.py:190} INFO - [2024-12-06T23:26:52.531-0600] {dag.py:3239} INFO - Sync 1 DAGs
[2024-12-06T23:26:52.564-0600] {logging_mixin.py:190} INFO - [2024-12-06T23:26:52.564-0600] {dag.py:4180} INFO - Setting next_dagrun for example_workday_timetable to 2021-01-04 00:00:00+00:00, run_after=2021-01-05 00:00:00+00:00
[2024-12-06T23:26:52.577-0600] {processor.py:208} INFO - Processing /home/m9d9v9/PycharmProjects/Airflow-2/Airflow-2/.venv/lib/python3.10/site-packages/airflow/example_dags/example_workday_timetable.py took 0.076 seconds
[2024-12-06T23:27:49.841-0600] {processor.py:186} INFO - Started process (PID=17512) to work on /home/m9d9v9/PycharmProjects/Airflow-2/Airflow-2/.venv/lib/python3.10/site-packages/airflow/example_dags/example_workday_timetable.py
[2024-12-06T23:27:49.842-0600] {processor.py:914} INFO - Processing file /home/m9d9v9/PycharmProjects/Airflow-2/Airflow-2/.venv/lib/python3.10/site-packages/airflow/example_dags/example_workday_timetable.py for tasks to queue
[2024-12-06T23:27:49.843-0600] {logging_mixin.py:190} INFO - [2024-12-06T23:27:49.843-0600] {dagbag.py:588} INFO - Filling up the DagBag from /home/m9d9v9/PycharmProjects/Airflow-2/Airflow-2/.venv/lib/python3.10/site-packages/airflow/example_dags/example_workday_timetable.py
[2024-12-06T23:27:49.849-0600] {processor.py:925} INFO - DAG(s) 'example_workday_timetable' retrieved from /home/m9d9v9/PycharmProjects/Airflow-2/Airflow-2/.venv/lib/python3.10/site-packages/airflow/example_dags/example_workday_timetable.py
[2024-12-06T23:27:49.864-0600] {logging_mixin.py:190} INFO - [2024-12-06T23:27:49.863-0600] {dag.py:3239} INFO - Sync 1 DAGs
[2024-12-06T23:27:49.904-0600] {logging_mixin.py:190} INFO - [2024-12-06T23:27:49.904-0600] {dag.py:4180} INFO - Setting next_dagrun for example_workday_timetable to 2021-01-04 00:00:00+00:00, run_after=2021-01-05 00:00:00+00:00
[2024-12-06T23:27:49.918-0600] {processor.py:208} INFO - Processing /home/m9d9v9/PycharmProjects/Airflow-2/Airflow-2/.venv/lib/python3.10/site-packages/airflow/example_dags/example_workday_timetable.py took 0.083 seconds
[2024-12-06T23:28:47.698-0600] {processor.py:186} INFO - Started process (PID=17616) to work on /home/m9d9v9/PycharmProjects/Airflow-2/Airflow-2/.venv/lib/python3.10/site-packages/airflow/example_dags/example_workday_timetable.py
[2024-12-06T23:28:47.699-0600] {processor.py:914} INFO - Processing file /home/m9d9v9/PycharmProjects/Airflow-2/Airflow-2/.venv/lib/python3.10/site-packages/airflow/example_dags/example_workday_timetable.py for tasks to queue
[2024-12-06T23:28:47.700-0600] {logging_mixin.py:190} INFO - [2024-12-06T23:28:47.700-0600] {dagbag.py:588} INFO - Filling up the DagBag from /home/m9d9v9/PycharmProjects/Airflow-2/Airflow-2/.venv/lib/python3.10/site-packages/airflow/example_dags/example_workday_timetable.py
[2024-12-06T23:28:47.707-0600] {processor.py:925} INFO - DAG(s) 'example_workday_timetable' retrieved from /home/m9d9v9/PycharmProjects/Airflow-2/Airflow-2/.venv/lib/python3.10/site-packages/airflow/example_dags/example_workday_timetable.py
[2024-12-06T23:28:47.724-0600] {logging_mixin.py:190} INFO - [2024-12-06T23:28:47.724-0600] {dag.py:3239} INFO - Sync 1 DAGs
[2024-12-06T23:28:47.765-0600] {logging_mixin.py:190} INFO - [2024-12-06T23:28:47.765-0600] {dag.py:4180} INFO - Setting next_dagrun for example_workday_timetable to 2021-01-04 00:00:00+00:00, run_after=2021-01-05 00:00:00+00:00
[2024-12-06T23:28:47.778-0600] {processor.py:208} INFO - Processing /home/m9d9v9/PycharmProjects/Airflow-2/Airflow-2/.venv/lib/python3.10/site-packages/airflow/example_dags/example_workday_timetable.py took 0.087 seconds
[2024-12-06T23:29:43.510-0600] {processor.py:186} INFO - Started process (PID=17756) to work on /home/m9d9v9/PycharmProjects/Airflow-2/Airflow-2/.venv/lib/python3.10/site-packages/airflow/example_dags/example_workday_timetable.py
[2024-12-06T23:29:43.516-0600] {processor.py:914} INFO - Processing file /home/m9d9v9/PycharmProjects/Airflow-2/Airflow-2/.venv/lib/python3.10/site-packages/airflow/example_dags/example_workday_timetable.py for tasks to queue
[2024-12-06T23:29:43.517-0600] {logging_mixin.py:190} INFO - [2024-12-06T23:29:43.517-0600] {dagbag.py:588} INFO - Filling up the DagBag from /home/m9d9v9/PycharmProjects/Airflow-2/Airflow-2/.venv/lib/python3.10/site-packages/airflow/example_dags/example_workday_timetable.py
[2024-12-06T23:29:43.521-0600] {processor.py:925} INFO - DAG(s) 'example_workday_timetable' retrieved from /home/m9d9v9/PycharmProjects/Airflow-2/Airflow-2/.venv/lib/python3.10/site-packages/airflow/example_dags/example_workday_timetable.py
[2024-12-06T23:29:43.530-0600] {logging_mixin.py:190} INFO - [2024-12-06T23:29:43.530-0600] {dag.py:3239} INFO - Sync 1 DAGs
[2024-12-06T23:29:43.561-0600] {logging_mixin.py:190} INFO - [2024-12-06T23:29:43.560-0600] {dag.py:4180} INFO - Setting next_dagrun for example_workday_timetable to 2021-01-04 00:00:00+00:00, run_after=2021-01-05 00:00:00+00:00
[2024-12-06T23:29:43.572-0600] {processor.py:208} INFO - Processing /home/m9d9v9/PycharmProjects/Airflow-2/Airflow-2/.venv/lib/python3.10/site-packages/airflow/example_dags/example_workday_timetable.py took 0.066 seconds
[2024-12-06T23:30:39.208-0600] {processor.py:186} INFO - Started process (PID=17876) to work on /home/m9d9v9/PycharmProjects/Airflow-2/Airflow-2/.venv/lib/python3.10/site-packages/airflow/example_dags/example_workday_timetable.py
[2024-12-06T23:30:39.215-0600] {processor.py:914} INFO - Processing file /home/m9d9v9/PycharmProjects/Airflow-2/Airflow-2/.venv/lib/python3.10/site-packages/airflow/example_dags/example_workday_timetable.py for tasks to queue
[2024-12-06T23:30:39.218-0600] {logging_mixin.py:190} INFO - [2024-12-06T23:30:39.217-0600] {dagbag.py:588} INFO - Filling up the DagBag from /home/m9d9v9/PycharmProjects/Airflow-2/Airflow-2/.venv/lib/python3.10/site-packages/airflow/example_dags/example_workday_timetable.py
[2024-12-06T23:30:39.229-0600] {processor.py:925} INFO - DAG(s) 'example_workday_timetable' retrieved from /home/m9d9v9/PycharmProjects/Airflow-2/Airflow-2/.venv/lib/python3.10/site-packages/airflow/example_dags/example_workday_timetable.py
[2024-12-06T23:30:39.254-0600] {logging_mixin.py:190} INFO - [2024-12-06T23:30:39.254-0600] {dag.py:3239} INFO - Sync 1 DAGs
[2024-12-06T23:30:39.284-0600] {logging_mixin.py:190} INFO - [2024-12-06T23:30:39.284-0600] {dag.py:4180} INFO - Setting next_dagrun for example_workday_timetable to 2021-01-04 00:00:00+00:00, run_after=2021-01-05 00:00:00+00:00
[2024-12-06T23:30:39.296-0600] {processor.py:208} INFO - Processing /home/m9d9v9/PycharmProjects/Airflow-2/Airflow-2/.venv/lib/python3.10/site-packages/airflow/example_dags/example_workday_timetable.py took 0.099 seconds
[2024-12-06T23:31:36.364-0600] {processor.py:186} INFO - Started process (PID=17946) to work on /home/m9d9v9/PycharmProjects/Airflow-2/Airflow-2/.venv/lib/python3.10/site-packages/airflow/example_dags/example_workday_timetable.py
[2024-12-06T23:31:36.371-0600] {processor.py:914} INFO - Processing file /home/m9d9v9/PycharmProjects/Airflow-2/Airflow-2/.venv/lib/python3.10/site-packages/airflow/example_dags/example_workday_timetable.py for tasks to queue
[2024-12-06T23:31:36.374-0600] {logging_mixin.py:190} INFO - [2024-12-06T23:31:36.373-0600] {dagbag.py:588} INFO - Filling up the DagBag from /home/m9d9v9/PycharmProjects/Airflow-2/Airflow-2/.venv/lib/python3.10/site-packages/airflow/example_dags/example_workday_timetable.py
[2024-12-06T23:31:36.386-0600] {processor.py:925} INFO - DAG(s) 'example_workday_timetable' retrieved from /home/m9d9v9/PycharmProjects/Airflow-2/Airflow-2/.venv/lib/python3.10/site-packages/airflow/example_dags/example_workday_timetable.py
[2024-12-06T23:31:36.411-0600] {logging_mixin.py:190} INFO - [2024-12-06T23:31:36.411-0600] {dag.py:3239} INFO - Sync 1 DAGs
[2024-12-06T23:31:36.443-0600] {logging_mixin.py:190} INFO - [2024-12-06T23:31:36.443-0600] {dag.py:4180} INFO - Setting next_dagrun for example_workday_timetable to 2021-01-04 00:00:00+00:00, run_after=2021-01-05 00:00:00+00:00
[2024-12-06T23:31:36.550-0600] {processor.py:208} INFO - Processing /home/m9d9v9/PycharmProjects/Airflow-2/Airflow-2/.venv/lib/python3.10/site-packages/airflow/example_dags/example_workday_timetable.py took 0.197 seconds
[2024-12-06T23:32:35.777-0600] {processor.py:186} INFO - Started process (PID=18058) to work on /home/m9d9v9/PycharmProjects/Airflow-2/Airflow-2/.venv/lib/python3.10/site-packages/airflow/example_dags/example_workday_timetable.py
[2024-12-06T23:32:35.784-0600] {processor.py:914} INFO - Processing file /home/m9d9v9/PycharmProjects/Airflow-2/Airflow-2/.venv/lib/python3.10/site-packages/airflow/example_dags/example_workday_timetable.py for tasks to queue
[2024-12-06T23:32:35.786-0600] {logging_mixin.py:190} INFO - [2024-12-06T23:32:35.785-0600] {dagbag.py:588} INFO - Filling up the DagBag from /home/m9d9v9/PycharmProjects/Airflow-2/Airflow-2/.venv/lib/python3.10/site-packages/airflow/example_dags/example_workday_timetable.py
[2024-12-06T23:32:35.798-0600] {processor.py:925} INFO - DAG(s) 'example_workday_timetable' retrieved from /home/m9d9v9/PycharmProjects/Airflow-2/Airflow-2/.venv/lib/python3.10/site-packages/airflow/example_dags/example_workday_timetable.py
[2024-12-06T23:32:35.823-0600] {logging_mixin.py:190} INFO - [2024-12-06T23:32:35.823-0600] {dag.py:3239} INFO - Sync 1 DAGs
[2024-12-06T23:32:35.852-0600] {logging_mixin.py:190} INFO - [2024-12-06T23:32:35.852-0600] {dag.py:4180} INFO - Setting next_dagrun for example_workday_timetable to 2021-01-04 00:00:00+00:00, run_after=2021-01-05 00:00:00+00:00
[2024-12-06T23:32:35.864-0600] {processor.py:208} INFO - Processing /home/m9d9v9/PycharmProjects/Airflow-2/Airflow-2/.venv/lib/python3.10/site-packages/airflow/example_dags/example_workday_timetable.py took 0.099 seconds
[2024-12-06T23:33:31.441-0600] {processor.py:186} INFO - Started process (PID=18126) to work on /home/m9d9v9/PycharmProjects/Airflow-2/Airflow-2/.venv/lib/python3.10/site-packages/airflow/example_dags/example_workday_timetable.py
[2024-12-06T23:33:31.447-0600] {processor.py:914} INFO - Processing file /home/m9d9v9/PycharmProjects/Airflow-2/Airflow-2/.venv/lib/python3.10/site-packages/airflow/example_dags/example_workday_timetable.py for tasks to queue
[2024-12-06T23:33:31.449-0600] {logging_mixin.py:190} INFO - [2024-12-06T23:33:31.448-0600] {dagbag.py:588} INFO - Filling up the DagBag from /home/m9d9v9/PycharmProjects/Airflow-2/Airflow-2/.venv/lib/python3.10/site-packages/airflow/example_dags/example_workday_timetable.py
[2024-12-06T23:33:31.460-0600] {processor.py:925} INFO - DAG(s) 'example_workday_timetable' retrieved from /home/m9d9v9/PycharmProjects/Airflow-2/Airflow-2/.venv/lib/python3.10/site-packages/airflow/example_dags/example_workday_timetable.py
[2024-12-06T23:33:31.484-0600] {logging_mixin.py:190} INFO - [2024-12-06T23:33:31.483-0600] {dag.py:3239} INFO - Sync 1 DAGs
[2024-12-06T23:33:31.514-0600] {logging_mixin.py:190} INFO - [2024-12-06T23:33:31.514-0600] {dag.py:4180} INFO - Setting next_dagrun for example_workday_timetable to 2021-01-04 00:00:00+00:00, run_after=2021-01-05 00:00:00+00:00
[2024-12-06T23:33:31.527-0600] {processor.py:208} INFO - Processing /home/m9d9v9/PycharmProjects/Airflow-2/Airflow-2/.venv/lib/python3.10/site-packages/airflow/example_dags/example_workday_timetable.py took 0.095 seconds
[2024-12-06T23:34:26.696-0600] {processor.py:186} INFO - Started process (PID=18194) to work on /home/m9d9v9/PycharmProjects/Airflow-2/Airflow-2/.venv/lib/python3.10/site-packages/airflow/example_dags/example_workday_timetable.py
[2024-12-06T23:34:26.702-0600] {processor.py:914} INFO - Processing file /home/m9d9v9/PycharmProjects/Airflow-2/Airflow-2/.venv/lib/python3.10/site-packages/airflow/example_dags/example_workday_timetable.py for tasks to queue
[2024-12-06T23:34:26.705-0600] {logging_mixin.py:190} INFO - [2024-12-06T23:34:26.704-0600] {dagbag.py:588} INFO - Filling up the DagBag from /home/m9d9v9/PycharmProjects/Airflow-2/Airflow-2/.venv/lib/python3.10/site-packages/airflow/example_dags/example_workday_timetable.py
[2024-12-06T23:34:26.715-0600] {processor.py:925} INFO - DAG(s) 'example_workday_timetable' retrieved from /home/m9d9v9/PycharmProjects/Airflow-2/Airflow-2/.venv/lib/python3.10/site-packages/airflow/example_dags/example_workday_timetable.py
[2024-12-06T23:34:26.742-0600] {logging_mixin.py:190} INFO - [2024-12-06T23:34:26.742-0600] {dag.py:3239} INFO - Sync 1 DAGs
[2024-12-06T23:34:26.863-0600] {logging_mixin.py:190} INFO - [2024-12-06T23:34:26.863-0600] {dag.py:4180} INFO - Setting next_dagrun for example_workday_timetable to 2021-01-04 00:00:00+00:00, run_after=2021-01-05 00:00:00+00:00
[2024-12-06T23:34:26.880-0600] {processor.py:208} INFO - Processing /home/m9d9v9/PycharmProjects/Airflow-2/Airflow-2/.venv/lib/python3.10/site-packages/airflow/example_dags/example_workday_timetable.py took 0.196 seconds
[2024-12-06T23:35:30.033-0600] {processor.py:186} INFO - Started process (PID=18330) to work on /home/m9d9v9/PycharmProjects/Airflow-2/Airflow-2/.venv/lib/python3.10/site-packages/airflow/example_dags/example_workday_timetable.py
[2024-12-06T23:35:30.035-0600] {processor.py:914} INFO - Processing file /home/m9d9v9/PycharmProjects/Airflow-2/Airflow-2/.venv/lib/python3.10/site-packages/airflow/example_dags/example_workday_timetable.py for tasks to queue
[2024-12-06T23:35:30.036-0600] {logging_mixin.py:190} INFO - [2024-12-06T23:35:30.035-0600] {dagbag.py:588} INFO - Filling up the DagBag from /home/m9d9v9/PycharmProjects/Airflow-2/Airflow-2/.venv/lib/python3.10/site-packages/airflow/example_dags/example_workday_timetable.py
[2024-12-06T23:35:30.040-0600] {processor.py:925} INFO - DAG(s) 'example_workday_timetable' retrieved from /home/m9d9v9/PycharmProjects/Airflow-2/Airflow-2/.venv/lib/python3.10/site-packages/airflow/example_dags/example_workday_timetable.py
[2024-12-06T23:35:30.052-0600] {logging_mixin.py:190} INFO - [2024-12-06T23:35:30.052-0600] {dag.py:3239} INFO - Sync 1 DAGs
[2024-12-06T23:35:30.210-0600] {logging_mixin.py:190} INFO - [2024-12-06T23:35:30.210-0600] {dag.py:4180} INFO - Setting next_dagrun for example_workday_timetable to 2021-01-04 00:00:00+00:00, run_after=2021-01-05 00:00:00+00:00
[2024-12-06T23:35:30.229-0600] {processor.py:208} INFO - Processing /home/m9d9v9/PycharmProjects/Airflow-2/Airflow-2/.venv/lib/python3.10/site-packages/airflow/example_dags/example_workday_timetable.py took 0.202 seconds
[2024-12-06T23:36:33.998-0600] {processor.py:186} INFO - Started process (PID=18405) to work on /home/m9d9v9/PycharmProjects/Airflow-2/Airflow-2/.venv/lib/python3.10/site-packages/airflow/example_dags/example_workday_timetable.py
[2024-12-06T23:36:33.999-0600] {processor.py:914} INFO - Processing file /home/m9d9v9/PycharmProjects/Airflow-2/Airflow-2/.venv/lib/python3.10/site-packages/airflow/example_dags/example_workday_timetable.py for tasks to queue
[2024-12-06T23:36:34.000-0600] {logging_mixin.py:190} INFO - [2024-12-06T23:36:34.000-0600] {dagbag.py:588} INFO - Filling up the DagBag from /home/m9d9v9/PycharmProjects/Airflow-2/Airflow-2/.venv/lib/python3.10/site-packages/airflow/example_dags/example_workday_timetable.py
[2024-12-06T23:36:34.004-0600] {processor.py:925} INFO - DAG(s) 'example_workday_timetable' retrieved from /home/m9d9v9/PycharmProjects/Airflow-2/Airflow-2/.venv/lib/python3.10/site-packages/airflow/example_dags/example_workday_timetable.py
[2024-12-06T23:36:34.016-0600] {logging_mixin.py:190} INFO - [2024-12-06T23:36:34.016-0600] {dag.py:3239} INFO - Sync 1 DAGs
[2024-12-06T23:36:34.052-0600] {logging_mixin.py:190} INFO - [2024-12-06T23:36:34.052-0600] {dag.py:4180} INFO - Setting next_dagrun for example_workday_timetable to 2021-01-04 00:00:00+00:00, run_after=2021-01-05 00:00:00+00:00
[2024-12-06T23:36:34.169-0600] {processor.py:208} INFO - Processing /home/m9d9v9/PycharmProjects/Airflow-2/Airflow-2/.venv/lib/python3.10/site-packages/airflow/example_dags/example_workday_timetable.py took 0.176 seconds
[2024-12-06T23:37:35.386-0600] {processor.py:186} INFO - Started process (PID=18688) to work on /home/m9d9v9/PycharmProjects/Airflow-2/Airflow-2/.venv/lib/python3.10/site-packages/airflow/example_dags/example_workday_timetable.py
[2024-12-06T23:37:35.392-0600] {processor.py:914} INFO - Processing file /home/m9d9v9/PycharmProjects/Airflow-2/Airflow-2/.venv/lib/python3.10/site-packages/airflow/example_dags/example_workday_timetable.py for tasks to queue
[2024-12-06T23:37:35.393-0600] {logging_mixin.py:190} INFO - [2024-12-06T23:37:35.393-0600] {dagbag.py:588} INFO - Filling up the DagBag from /home/m9d9v9/PycharmProjects/Airflow-2/Airflow-2/.venv/lib/python3.10/site-packages/airflow/example_dags/example_workday_timetable.py
[2024-12-06T23:37:35.397-0600] {processor.py:925} INFO - DAG(s) 'example_workday_timetable' retrieved from /home/m9d9v9/PycharmProjects/Airflow-2/Airflow-2/.venv/lib/python3.10/site-packages/airflow/example_dags/example_workday_timetable.py
[2024-12-06T23:37:35.408-0600] {logging_mixin.py:190} INFO - [2024-12-06T23:37:35.407-0600] {dag.py:3239} INFO - Sync 1 DAGs
[2024-12-06T23:37:35.442-0600] {logging_mixin.py:190} INFO - [2024-12-06T23:37:35.441-0600] {dag.py:4180} INFO - Setting next_dagrun for example_workday_timetable to 2021-01-04 00:00:00+00:00, run_after=2021-01-05 00:00:00+00:00
[2024-12-06T23:37:35.455-0600] {processor.py:208} INFO - Processing /home/m9d9v9/PycharmProjects/Airflow-2/Airflow-2/.venv/lib/python3.10/site-packages/airflow/example_dags/example_workday_timetable.py took 0.074 seconds
[2024-12-06T23:38:34.382-0600] {processor.py:186} INFO - Started process (PID=18822) to work on /home/m9d9v9/PycharmProjects/Airflow-2/Airflow-2/.venv/lib/python3.10/site-packages/airflow/example_dags/example_workday_timetable.py
[2024-12-06T23:38:34.388-0600] {processor.py:914} INFO - Processing file /home/m9d9v9/PycharmProjects/Airflow-2/Airflow-2/.venv/lib/python3.10/site-packages/airflow/example_dags/example_workday_timetable.py for tasks to queue
[2024-12-06T23:38:34.390-0600] {logging_mixin.py:190} INFO - [2024-12-06T23:38:34.390-0600] {dagbag.py:588} INFO - Filling up the DagBag from /home/m9d9v9/PycharmProjects/Airflow-2/Airflow-2/.venv/lib/python3.10/site-packages/airflow/example_dags/example_workday_timetable.py
[2024-12-06T23:38:34.397-0600] {processor.py:925} INFO - DAG(s) 'example_workday_timetable' retrieved from /home/m9d9v9/PycharmProjects/Airflow-2/Airflow-2/.venv/lib/python3.10/site-packages/airflow/example_dags/example_workday_timetable.py
[2024-12-06T23:38:34.415-0600] {logging_mixin.py:190} INFO - [2024-12-06T23:38:34.414-0600] {dag.py:3239} INFO - Sync 1 DAGs
[2024-12-06T23:38:34.455-0600] {logging_mixin.py:190} INFO - [2024-12-06T23:38:34.455-0600] {dag.py:4180} INFO - Setting next_dagrun for example_workday_timetable to 2021-01-04 00:00:00+00:00, run_after=2021-01-05 00:00:00+00:00
[2024-12-06T23:38:34.470-0600] {processor.py:208} INFO - Processing /home/m9d9v9/PycharmProjects/Airflow-2/Airflow-2/.venv/lib/python3.10/site-packages/airflow/example_dags/example_workday_timetable.py took 0.095 seconds
[2024-12-06T23:39:39.588-0600] {processor.py:186} INFO - Started process (PID=19068) to work on /home/m9d9v9/PycharmProjects/Airflow-2/Airflow-2/.venv/lib/python3.10/site-packages/airflow/example_dags/example_workday_timetable.py
[2024-12-06T23:39:39.588-0600] {processor.py:914} INFO - Processing file /home/m9d9v9/PycharmProjects/Airflow-2/Airflow-2/.venv/lib/python3.10/site-packages/airflow/example_dags/example_workday_timetable.py for tasks to queue
[2024-12-06T23:39:39.589-0600] {logging_mixin.py:190} INFO - [2024-12-06T23:39:39.589-0600] {dagbag.py:588} INFO - Filling up the DagBag from /home/m9d9v9/PycharmProjects/Airflow-2/Airflow-2/.venv/lib/python3.10/site-packages/airflow/example_dags/example_workday_timetable.py
[2024-12-06T23:39:39.596-0600] {processor.py:925} INFO - DAG(s) 'example_workday_timetable' retrieved from /home/m9d9v9/PycharmProjects/Airflow-2/Airflow-2/.venv/lib/python3.10/site-packages/airflow/example_dags/example_workday_timetable.py
[2024-12-06T23:39:39.611-0600] {logging_mixin.py:190} INFO - [2024-12-06T23:39:39.610-0600] {dag.py:3239} INFO - Sync 1 DAGs
[2024-12-06T23:39:39.645-0600] {logging_mixin.py:190} INFO - [2024-12-06T23:39:39.645-0600] {dag.py:4180} INFO - Setting next_dagrun for example_workday_timetable to 2021-01-04 00:00:00+00:00, run_after=2021-01-05 00:00:00+00:00
[2024-12-06T23:39:39.658-0600] {processor.py:208} INFO - Processing /home/m9d9v9/PycharmProjects/Airflow-2/Airflow-2/.venv/lib/python3.10/site-packages/airflow/example_dags/example_workday_timetable.py took 0.075 seconds
[2024-12-06T23:40:37.722-0600] {processor.py:186} INFO - Started process (PID=19261) to work on /home/m9d9v9/PycharmProjects/Airflow-2/Airflow-2/.venv/lib/python3.10/site-packages/airflow/example_dags/example_workday_timetable.py
[2024-12-06T23:40:37.728-0600] {processor.py:914} INFO - Processing file /home/m9d9v9/PycharmProjects/Airflow-2/Airflow-2/.venv/lib/python3.10/site-packages/airflow/example_dags/example_workday_timetable.py for tasks to queue
[2024-12-06T23:40:37.729-0600] {logging_mixin.py:190} INFO - [2024-12-06T23:40:37.729-0600] {dagbag.py:588} INFO - Filling up the DagBag from /home/m9d9v9/PycharmProjects/Airflow-2/Airflow-2/.venv/lib/python3.10/site-packages/airflow/example_dags/example_workday_timetable.py
[2024-12-06T23:40:37.733-0600] {processor.py:925} INFO - DAG(s) 'example_workday_timetable' retrieved from /home/m9d9v9/PycharmProjects/Airflow-2/Airflow-2/.venv/lib/python3.10/site-packages/airflow/example_dags/example_workday_timetable.py
[2024-12-06T23:40:37.742-0600] {logging_mixin.py:190} INFO - [2024-12-06T23:40:37.742-0600] {dag.py:3239} INFO - Sync 1 DAGs
[2024-12-06T23:40:37.773-0600] {logging_mixin.py:190} INFO - [2024-12-06T23:40:37.773-0600] {dag.py:4180} INFO - Setting next_dagrun for example_workday_timetable to 2021-01-04 00:00:00+00:00, run_after=2021-01-05 00:00:00+00:00
[2024-12-06T23:40:37.787-0600] {processor.py:208} INFO - Processing /home/m9d9v9/PycharmProjects/Airflow-2/Airflow-2/.venv/lib/python3.10/site-packages/airflow/example_dags/example_workday_timetable.py took 0.069 seconds
[2024-12-06T23:41:29.793-0600] {processor.py:186} INFO - Started process (PID=19344) to work on /home/m9d9v9/PycharmProjects/Airflow-2/Airflow-2/.venv/lib/python3.10/site-packages/airflow/example_dags/example_workday_timetable.py
[2024-12-06T23:41:29.795-0600] {processor.py:914} INFO - Processing file /home/m9d9v9/PycharmProjects/Airflow-2/Airflow-2/.venv/lib/python3.10/site-packages/airflow/example_dags/example_workday_timetable.py for tasks to queue
[2024-12-06T23:41:29.796-0600] {logging_mixin.py:190} INFO - [2024-12-06T23:41:29.796-0600] {dagbag.py:588} INFO - Filling up the DagBag from /home/m9d9v9/PycharmProjects/Airflow-2/Airflow-2/.venv/lib/python3.10/site-packages/airflow/example_dags/example_workday_timetable.py
[2024-12-06T23:41:29.802-0600] {processor.py:925} INFO - DAG(s) 'example_workday_timetable' retrieved from /home/m9d9v9/PycharmProjects/Airflow-2/Airflow-2/.venv/lib/python3.10/site-packages/airflow/example_dags/example_workday_timetable.py
[2024-12-06T23:41:29.817-0600] {logging_mixin.py:190} INFO - [2024-12-06T23:41:29.817-0600] {dag.py:3239} INFO - Sync 1 DAGs
[2024-12-06T23:41:29.862-0600] {logging_mixin.py:190} INFO - [2024-12-06T23:41:29.862-0600] {dag.py:4180} INFO - Setting next_dagrun for example_workday_timetable to 2021-01-04 00:00:00+00:00, run_after=2021-01-05 00:00:00+00:00
[2024-12-06T23:41:29.876-0600] {processor.py:208} INFO - Processing /home/m9d9v9/PycharmProjects/Airflow-2/Airflow-2/.venv/lib/python3.10/site-packages/airflow/example_dags/example_workday_timetable.py took 0.090 seconds
