[2024-12-06T22:19:05.481-0600] {processor.py:186} INFO - Started process (PID=12509) to work on /home/m9d9v9/PycharmProjects/Airflow-2/Airflow-2/.venv/lib/python3.10/site-packages/airflow/example_dags/example_task_group_decorator.py
[2024-12-06T22:19:05.482-0600] {processor.py:914} INFO - Processing file /home/m9d9v9/PycharmProjects/Airflow-2/Airflow-2/.venv/lib/python3.10/site-packages/airflow/example_dags/example_task_group_decorator.py for tasks to queue
[2024-12-06T22:19:05.484-0600] {logging_mixin.py:190} INFO - [2024-12-06T22:19:05.484-0600] {dagbag.py:588} INFO - Filling up the DagBag from /home/m9d9v9/PycharmProjects/Airflow-2/Airflow-2/.venv/lib/python3.10/site-packages/airflow/example_dags/example_task_group_decorator.py
[2024-12-06T22:19:05.499-0600] {processor.py:925} INFO - DAG(s) 'example_task_group_decorator' retrieved from /home/m9d9v9/PycharmProjects/Airflow-2/Airflow-2/.venv/lib/python3.10/site-packages/airflow/example_dags/example_task_group_decorator.py
[2024-12-06T22:19:05.585-0600] {logging_mixin.py:190} INFO - [2024-12-06T22:19:05.584-0600] {override.py:1911} INFO - Created Permission View: can edit on DAG:example_task_group_decorator
[2024-12-06T22:19:05.593-0600] {logging_mixin.py:190} INFO - [2024-12-06T22:19:05.592-0600] {override.py:1911} INFO - Created Permission View: can read on DAG:example_task_group_decorator
[2024-12-06T22:19:05.598-0600] {logging_mixin.py:190} INFO - [2024-12-06T22:19:05.597-0600] {override.py:1911} INFO - Created Permission View: can delete on DAG:example_task_group_decorator
[2024-12-06T22:19:05.605-0600] {logging_mixin.py:190} INFO - [2024-12-06T22:19:05.605-0600] {override.py:1911} INFO - Created Permission View: menu access on DAG Run:example_task_group_decorator
[2024-12-06T22:19:05.610-0600] {logging_mixin.py:190} INFO - [2024-12-06T22:19:05.610-0600] {override.py:1911} INFO - Created Permission View: can create on DAG Run:example_task_group_decorator
[2024-12-06T22:19:05.615-0600] {logging_mixin.py:190} INFO - [2024-12-06T22:19:05.615-0600] {override.py:1911} INFO - Created Permission View: can read on DAG Run:example_task_group_decorator
[2024-12-06T22:19:05.621-0600] {logging_mixin.py:190} INFO - [2024-12-06T22:19:05.621-0600] {override.py:1911} INFO - Created Permission View: can delete on DAG Run:example_task_group_decorator
[2024-12-06T22:19:05.621-0600] {logging_mixin.py:190} INFO - [2024-12-06T22:19:05.621-0600] {dag.py:3239} INFO - Sync 1 DAGs
[2024-12-06T22:19:05.634-0600] {logging_mixin.py:190} INFO - [2024-12-06T22:19:05.633-0600] {dag.py:3262} INFO - Creating ORM DAG for example_task_group_decorator
[2024-12-06T22:19:05.635-0600] {logging_mixin.py:190} INFO - [2024-12-06T22:19:05.634-0600] {dag.py:4180} INFO - Setting next_dagrun for example_task_group_decorator to None, run_after=None
[2024-12-06T22:19:05.650-0600] {processor.py:208} INFO - Processing /home/m9d9v9/PycharmProjects/Airflow-2/Airflow-2/.venv/lib/python3.10/site-packages/airflow/example_dags/example_task_group_decorator.py took 0.173 seconds
[2024-12-06T22:20:05.366-0600] {processor.py:186} INFO - Started process (PID=12621) to work on /home/m9d9v9/PycharmProjects/Airflow-2/Airflow-2/.venv/lib/python3.10/site-packages/airflow/example_dags/example_task_group_decorator.py
[2024-12-06T22:20:05.372-0600] {processor.py:914} INFO - Processing file /home/m9d9v9/PycharmProjects/Airflow-2/Airflow-2/.venv/lib/python3.10/site-packages/airflow/example_dags/example_task_group_decorator.py for tasks to queue
[2024-12-06T22:20:05.374-0600] {logging_mixin.py:190} INFO - [2024-12-06T22:20:05.374-0600] {dagbag.py:588} INFO - Filling up the DagBag from /home/m9d9v9/PycharmProjects/Airflow-2/Airflow-2/.venv/lib/python3.10/site-packages/airflow/example_dags/example_task_group_decorator.py
[2024-12-06T22:20:05.394-0600] {processor.py:925} INFO - DAG(s) 'example_task_group_decorator' retrieved from /home/m9d9v9/PycharmProjects/Airflow-2/Airflow-2/.venv/lib/python3.10/site-packages/airflow/example_dags/example_task_group_decorator.py
[2024-12-06T22:20:05.419-0600] {logging_mixin.py:190} INFO - [2024-12-06T22:20:05.419-0600] {dag.py:3239} INFO - Sync 1 DAGs
[2024-12-06T22:20:05.432-0600] {logging_mixin.py:190} INFO - [2024-12-06T22:20:05.431-0600] {dag.py:4180} INFO - Setting next_dagrun for example_task_group_decorator to None, run_after=None
[2024-12-06T22:20:05.452-0600] {processor.py:208} INFO - Processing /home/m9d9v9/PycharmProjects/Airflow-2/Airflow-2/.venv/lib/python3.10/site-packages/airflow/example_dags/example_task_group_decorator.py took 0.093 seconds
[2024-12-06T22:21:00.151-0600] {processor.py:186} INFO - Started process (PID=12702) to work on /home/m9d9v9/PycharmProjects/Airflow-2/Airflow-2/.venv/lib/python3.10/site-packages/airflow/example_dags/example_task_group_decorator.py
[2024-12-06T22:21:00.157-0600] {processor.py:914} INFO - Processing file /home/m9d9v9/PycharmProjects/Airflow-2/Airflow-2/.venv/lib/python3.10/site-packages/airflow/example_dags/example_task_group_decorator.py for tasks to queue
[2024-12-06T22:21:00.159-0600] {logging_mixin.py:190} INFO - [2024-12-06T22:21:00.159-0600] {dagbag.py:588} INFO - Filling up the DagBag from /home/m9d9v9/PycharmProjects/Airflow-2/Airflow-2/.venv/lib/python3.10/site-packages/airflow/example_dags/example_task_group_decorator.py
[2024-12-06T22:21:00.174-0600] {processor.py:925} INFO - DAG(s) 'example_task_group_decorator' retrieved from /home/m9d9v9/PycharmProjects/Airflow-2/Airflow-2/.venv/lib/python3.10/site-packages/airflow/example_dags/example_task_group_decorator.py
[2024-12-06T22:21:00.194-0600] {logging_mixin.py:190} INFO - [2024-12-06T22:21:00.194-0600] {dag.py:3239} INFO - Sync 1 DAGs
[2024-12-06T22:21:00.206-0600] {logging_mixin.py:190} INFO - [2024-12-06T22:21:00.206-0600] {dag.py:4180} INFO - Setting next_dagrun for example_task_group_decorator to None, run_after=None
[2024-12-06T22:21:00.223-0600] {processor.py:208} INFO - Processing /home/m9d9v9/PycharmProjects/Airflow-2/Airflow-2/.venv/lib/python3.10/site-packages/airflow/example_dags/example_task_group_decorator.py took 0.078 seconds
[2024-12-06T22:21:58.353-0600] {processor.py:186} INFO - Started process (PID=12778) to work on /home/m9d9v9/PycharmProjects/Airflow-2/Airflow-2/.venv/lib/python3.10/site-packages/airflow/example_dags/example_task_group_decorator.py
[2024-12-06T22:21:58.359-0600] {processor.py:914} INFO - Processing file /home/m9d9v9/PycharmProjects/Airflow-2/Airflow-2/.venv/lib/python3.10/site-packages/airflow/example_dags/example_task_group_decorator.py for tasks to queue
[2024-12-06T22:21:58.361-0600] {logging_mixin.py:190} INFO - [2024-12-06T22:21:58.360-0600] {dagbag.py:588} INFO - Filling up the DagBag from /home/m9d9v9/PycharmProjects/Airflow-2/Airflow-2/.venv/lib/python3.10/site-packages/airflow/example_dags/example_task_group_decorator.py
[2024-12-06T22:21:58.376-0600] {processor.py:925} INFO - DAG(s) 'example_task_group_decorator' retrieved from /home/m9d9v9/PycharmProjects/Airflow-2/Airflow-2/.venv/lib/python3.10/site-packages/airflow/example_dags/example_task_group_decorator.py
[2024-12-06T22:21:58.396-0600] {logging_mixin.py:190} INFO - [2024-12-06T22:21:58.395-0600] {dag.py:3239} INFO - Sync 1 DAGs
[2024-12-06T22:21:58.408-0600] {logging_mixin.py:190} INFO - [2024-12-06T22:21:58.407-0600] {dag.py:4180} INFO - Setting next_dagrun for example_task_group_decorator to None, run_after=None
[2024-12-06T22:21:58.423-0600] {processor.py:208} INFO - Processing /home/m9d9v9/PycharmProjects/Airflow-2/Airflow-2/.venv/lib/python3.10/site-packages/airflow/example_dags/example_task_group_decorator.py took 0.077 seconds
[2024-12-06T22:23:16.365-0600] {processor.py:186} INFO - Started process (PID=12941) to work on /home/m9d9v9/PycharmProjects/Airflow-2/Airflow-2/.venv/lib/python3.10/site-packages/airflow/example_dags/example_task_group_decorator.py
[2024-12-06T22:23:16.372-0600] {processor.py:914} INFO - Processing file /home/m9d9v9/PycharmProjects/Airflow-2/Airflow-2/.venv/lib/python3.10/site-packages/airflow/example_dags/example_task_group_decorator.py for tasks to queue
[2024-12-06T22:23:16.374-0600] {logging_mixin.py:190} INFO - [2024-12-06T22:23:16.373-0600] {dagbag.py:588} INFO - Filling up the DagBag from /home/m9d9v9/PycharmProjects/Airflow-2/Airflow-2/.venv/lib/python3.10/site-packages/airflow/example_dags/example_task_group_decorator.py
[2024-12-06T22:23:16.407-0600] {processor.py:925} INFO - DAG(s) 'example_task_group_decorator' retrieved from /home/m9d9v9/PycharmProjects/Airflow-2/Airflow-2/.venv/lib/python3.10/site-packages/airflow/example_dags/example_task_group_decorator.py
[2024-12-06T22:23:16.423-0600] {logging_mixin.py:190} INFO - [2024-12-06T22:23:16.423-0600] {dag.py:3239} INFO - Sync 1 DAGs
[2024-12-06T22:23:16.431-0600] {logging_mixin.py:190} INFO - [2024-12-06T22:23:16.431-0600] {dag.py:4180} INFO - Setting next_dagrun for example_task_group_decorator to None, run_after=None
[2024-12-06T22:23:16.444-0600] {processor.py:208} INFO - Processing /home/m9d9v9/PycharmProjects/Airflow-2/Airflow-2/.venv/lib/python3.10/site-packages/airflow/example_dags/example_task_group_decorator.py took 0.092 seconds
[2024-12-06T22:24:13.445-0600] {processor.py:186} INFO - Started process (PID=13010) to work on /home/m9d9v9/PycharmProjects/Airflow-2/Airflow-2/.venv/lib/python3.10/site-packages/airflow/example_dags/example_task_group_decorator.py
[2024-12-06T22:24:13.451-0600] {processor.py:914} INFO - Processing file /home/m9d9v9/PycharmProjects/Airflow-2/Airflow-2/.venv/lib/python3.10/site-packages/airflow/example_dags/example_task_group_decorator.py for tasks to queue
[2024-12-06T22:24:13.454-0600] {logging_mixin.py:190} INFO - [2024-12-06T22:24:13.453-0600] {dagbag.py:588} INFO - Filling up the DagBag from /home/m9d9v9/PycharmProjects/Airflow-2/Airflow-2/.venv/lib/python3.10/site-packages/airflow/example_dags/example_task_group_decorator.py
[2024-12-06T22:24:13.486-0600] {processor.py:925} INFO - DAG(s) 'example_task_group_decorator' retrieved from /home/m9d9v9/PycharmProjects/Airflow-2/Airflow-2/.venv/lib/python3.10/site-packages/airflow/example_dags/example_task_group_decorator.py
[2024-12-06T22:24:13.502-0600] {logging_mixin.py:190} INFO - [2024-12-06T22:24:13.502-0600] {dag.py:3239} INFO - Sync 1 DAGs
[2024-12-06T22:24:13.511-0600] {logging_mixin.py:190} INFO - [2024-12-06T22:24:13.511-0600] {dag.py:4180} INFO - Setting next_dagrun for example_task_group_decorator to None, run_after=None
[2024-12-06T22:24:13.525-0600] {processor.py:208} INFO - Processing /home/m9d9v9/PycharmProjects/Airflow-2/Airflow-2/.venv/lib/python3.10/site-packages/airflow/example_dags/example_task_group_decorator.py took 0.093 seconds
[2024-12-06T22:25:09.713-0600] {processor.py:186} INFO - Started process (PID=13098) to work on /home/m9d9v9/PycharmProjects/Airflow-2/Airflow-2/.venv/lib/python3.10/site-packages/airflow/example_dags/example_task_group_decorator.py
[2024-12-06T22:25:09.719-0600] {processor.py:914} INFO - Processing file /home/m9d9v9/PycharmProjects/Airflow-2/Airflow-2/.venv/lib/python3.10/site-packages/airflow/example_dags/example_task_group_decorator.py for tasks to queue
[2024-12-06T22:25:09.720-0600] {logging_mixin.py:190} INFO - [2024-12-06T22:25:09.720-0600] {dagbag.py:588} INFO - Filling up the DagBag from /home/m9d9v9/PycharmProjects/Airflow-2/Airflow-2/.venv/lib/python3.10/site-packages/airflow/example_dags/example_task_group_decorator.py
[2024-12-06T22:25:09.732-0600] {processor.py:925} INFO - DAG(s) 'example_task_group_decorator' retrieved from /home/m9d9v9/PycharmProjects/Airflow-2/Airflow-2/.venv/lib/python3.10/site-packages/airflow/example_dags/example_task_group_decorator.py
[2024-12-06T22:25:09.747-0600] {logging_mixin.py:190} INFO - [2024-12-06T22:25:09.747-0600] {dag.py:3239} INFO - Sync 1 DAGs
[2024-12-06T22:25:09.757-0600] {logging_mixin.py:190} INFO - [2024-12-06T22:25:09.756-0600] {dag.py:4180} INFO - Setting next_dagrun for example_task_group_decorator to None, run_after=None
[2024-12-06T22:25:09.770-0600] {processor.py:208} INFO - Processing /home/m9d9v9/PycharmProjects/Airflow-2/Airflow-2/.venv/lib/python3.10/site-packages/airflow/example_dags/example_task_group_decorator.py took 0.062 seconds
[2024-12-06T22:26:06.552-0600] {processor.py:186} INFO - Started process (PID=13177) to work on /home/m9d9v9/PycharmProjects/Airflow-2/Airflow-2/.venv/lib/python3.10/site-packages/airflow/example_dags/example_task_group_decorator.py
[2024-12-06T22:26:06.559-0600] {processor.py:914} INFO - Processing file /home/m9d9v9/PycharmProjects/Airflow-2/Airflow-2/.venv/lib/python3.10/site-packages/airflow/example_dags/example_task_group_decorator.py for tasks to queue
[2024-12-06T22:26:06.562-0600] {logging_mixin.py:190} INFO - [2024-12-06T22:26:06.561-0600] {dagbag.py:588} INFO - Filling up the DagBag from /home/m9d9v9/PycharmProjects/Airflow-2/Airflow-2/.venv/lib/python3.10/site-packages/airflow/example_dags/example_task_group_decorator.py
[2024-12-06T22:26:06.594-0600] {processor.py:925} INFO - DAG(s) 'example_task_group_decorator' retrieved from /home/m9d9v9/PycharmProjects/Airflow-2/Airflow-2/.venv/lib/python3.10/site-packages/airflow/example_dags/example_task_group_decorator.py
[2024-12-06T22:26:06.610-0600] {logging_mixin.py:190} INFO - [2024-12-06T22:26:06.610-0600] {dag.py:3239} INFO - Sync 1 DAGs
[2024-12-06T22:26:06.619-0600] {logging_mixin.py:190} INFO - [2024-12-06T22:26:06.619-0600] {dag.py:4180} INFO - Setting next_dagrun for example_task_group_decorator to None, run_after=None
[2024-12-06T22:26:06.635-0600] {processor.py:208} INFO - Processing /home/m9d9v9/PycharmProjects/Airflow-2/Airflow-2/.venv/lib/python3.10/site-packages/airflow/example_dags/example_task_group_decorator.py took 0.095 seconds
[2024-12-06T22:27:03.592-0600] {processor.py:186} INFO - Started process (PID=13256) to work on /home/m9d9v9/PycharmProjects/Airflow-2/Airflow-2/.venv/lib/python3.10/site-packages/airflow/example_dags/example_task_group_decorator.py
[2024-12-06T22:27:03.599-0600] {processor.py:914} INFO - Processing file /home/m9d9v9/PycharmProjects/Airflow-2/Airflow-2/.venv/lib/python3.10/site-packages/airflow/example_dags/example_task_group_decorator.py for tasks to queue
[2024-12-06T22:27:03.602-0600] {logging_mixin.py:190} INFO - [2024-12-06T22:27:03.601-0600] {dagbag.py:588} INFO - Filling up the DagBag from /home/m9d9v9/PycharmProjects/Airflow-2/Airflow-2/.venv/lib/python3.10/site-packages/airflow/example_dags/example_task_group_decorator.py
[2024-12-06T22:27:03.635-0600] {processor.py:925} INFO - DAG(s) 'example_task_group_decorator' retrieved from /home/m9d9v9/PycharmProjects/Airflow-2/Airflow-2/.venv/lib/python3.10/site-packages/airflow/example_dags/example_task_group_decorator.py
[2024-12-06T22:27:03.654-0600] {logging_mixin.py:190} INFO - [2024-12-06T22:27:03.654-0600] {dag.py:3239} INFO - Sync 1 DAGs
[2024-12-06T22:27:03.663-0600] {logging_mixin.py:190} INFO - [2024-12-06T22:27:03.663-0600] {dag.py:4180} INFO - Setting next_dagrun for example_task_group_decorator to None, run_after=None
[2024-12-06T22:27:03.676-0600] {processor.py:208} INFO - Processing /home/m9d9v9/PycharmProjects/Airflow-2/Airflow-2/.venv/lib/python3.10/site-packages/airflow/example_dags/example_task_group_decorator.py took 0.095 seconds
[2024-12-06T22:37:23.614-0600] {processor.py:186} INFO - Started process (PID=14646) to work on /home/m9d9v9/PycharmProjects/Airflow-2/Airflow-2/.venv/lib/python3.10/site-packages/airflow/example_dags/example_task_group_decorator.py
[2024-12-06T22:37:23.616-0600] {processor.py:914} INFO - Processing file /home/m9d9v9/PycharmProjects/Airflow-2/Airflow-2/.venv/lib/python3.10/site-packages/airflow/example_dags/example_task_group_decorator.py for tasks to queue
[2024-12-06T22:37:23.617-0600] {logging_mixin.py:190} INFO - [2024-12-06T22:37:23.617-0600] {dagbag.py:588} INFO - Filling up the DagBag from /home/m9d9v9/PycharmProjects/Airflow-2/Airflow-2/.venv/lib/python3.10/site-packages/airflow/example_dags/example_task_group_decorator.py
[2024-12-06T22:37:23.646-0600] {processor.py:925} INFO - DAG(s) 'example_task_group_decorator' retrieved from /home/m9d9v9/PycharmProjects/Airflow-2/Airflow-2/.venv/lib/python3.10/site-packages/airflow/example_dags/example_task_group_decorator.py
[2024-12-06T22:37:23.661-0600] {logging_mixin.py:190} INFO - [2024-12-06T22:37:23.661-0600] {dag.py:3239} INFO - Sync 1 DAGs
[2024-12-06T22:37:23.669-0600] {logging_mixin.py:190} INFO - [2024-12-06T22:37:23.669-0600] {dag.py:4180} INFO - Setting next_dagrun for example_task_group_decorator to None, run_after=None
[2024-12-06T22:37:23.683-0600] {processor.py:208} INFO - Processing /home/m9d9v9/PycharmProjects/Airflow-2/Airflow-2/.venv/lib/python3.10/site-packages/airflow/example_dags/example_task_group_decorator.py took 0.073 seconds
[2024-12-06T22:38:21.669-0600] {processor.py:186} INFO - Started process (PID=14749) to work on /home/m9d9v9/PycharmProjects/Airflow-2/Airflow-2/.venv/lib/python3.10/site-packages/airflow/example_dags/example_task_group_decorator.py
[2024-12-06T22:38:21.677-0600] {processor.py:914} INFO - Processing file /home/m9d9v9/PycharmProjects/Airflow-2/Airflow-2/.venv/lib/python3.10/site-packages/airflow/example_dags/example_task_group_decorator.py for tasks to queue
[2024-12-06T22:38:21.681-0600] {logging_mixin.py:190} INFO - [2024-12-06T22:38:21.680-0600] {dagbag.py:588} INFO - Filling up the DagBag from /home/m9d9v9/PycharmProjects/Airflow-2/Airflow-2/.venv/lib/python3.10/site-packages/airflow/example_dags/example_task_group_decorator.py
[2024-12-06T22:38:21.702-0600] {processor.py:925} INFO - DAG(s) 'example_task_group_decorator' retrieved from /home/m9d9v9/PycharmProjects/Airflow-2/Airflow-2/.venv/lib/python3.10/site-packages/airflow/example_dags/example_task_group_decorator.py
[2024-12-06T22:38:21.726-0600] {logging_mixin.py:190} INFO - [2024-12-06T22:38:21.726-0600] {dag.py:3239} INFO - Sync 1 DAGs
[2024-12-06T22:38:21.735-0600] {logging_mixin.py:190} INFO - [2024-12-06T22:38:21.735-0600] {dag.py:4180} INFO - Setting next_dagrun for example_task_group_decorator to None, run_after=None
[2024-12-06T22:38:21.748-0600] {processor.py:208} INFO - Processing /home/m9d9v9/PycharmProjects/Airflow-2/Airflow-2/.venv/lib/python3.10/site-packages/airflow/example_dags/example_task_group_decorator.py took 0.090 seconds
[2024-12-06T22:39:20.903-0600] {processor.py:186} INFO - Started process (PID=14888) to work on /home/m9d9v9/PycharmProjects/Airflow-2/Airflow-2/.venv/lib/python3.10/site-packages/airflow/example_dags/example_task_group_decorator.py
[2024-12-06T22:39:20.909-0600] {processor.py:914} INFO - Processing file /home/m9d9v9/PycharmProjects/Airflow-2/Airflow-2/.venv/lib/python3.10/site-packages/airflow/example_dags/example_task_group_decorator.py for tasks to queue
[2024-12-06T22:39:20.912-0600] {logging_mixin.py:190} INFO - [2024-12-06T22:39:20.911-0600] {dagbag.py:588} INFO - Filling up the DagBag from /home/m9d9v9/PycharmProjects/Airflow-2/Airflow-2/.venv/lib/python3.10/site-packages/airflow/example_dags/example_task_group_decorator.py
[2024-12-06T22:39:20.924-0600] {processor.py:925} INFO - DAG(s) 'example_task_group_decorator' retrieved from /home/m9d9v9/PycharmProjects/Airflow-2/Airflow-2/.venv/lib/python3.10/site-packages/airflow/example_dags/example_task_group_decorator.py
[2024-12-06T22:39:20.941-0600] {logging_mixin.py:190} INFO - [2024-12-06T22:39:20.941-0600] {dag.py:3239} INFO - Sync 1 DAGs
[2024-12-06T22:39:20.950-0600] {logging_mixin.py:190} INFO - [2024-12-06T22:39:20.950-0600] {dag.py:4180} INFO - Setting next_dagrun for example_task_group_decorator to None, run_after=None
[2024-12-06T22:39:20.964-0600] {processor.py:208} INFO - Processing /home/m9d9v9/PycharmProjects/Airflow-2/Airflow-2/.venv/lib/python3.10/site-packages/airflow/example_dags/example_task_group_decorator.py took 0.068 seconds
[2024-12-06T22:40:20.584-0600] {processor.py:186} INFO - Started process (PID=15047) to work on /home/m9d9v9/PycharmProjects/Airflow-2/Airflow-2/.venv/lib/python3.10/site-packages/airflow/example_dags/example_task_group_decorator.py
[2024-12-06T22:40:20.591-0600] {processor.py:914} INFO - Processing file /home/m9d9v9/PycharmProjects/Airflow-2/Airflow-2/.venv/lib/python3.10/site-packages/airflow/example_dags/example_task_group_decorator.py for tasks to queue
[2024-12-06T22:40:20.595-0600] {logging_mixin.py:190} INFO - [2024-12-06T22:40:20.594-0600] {dagbag.py:588} INFO - Filling up the DagBag from /home/m9d9v9/PycharmProjects/Airflow-2/Airflow-2/.venv/lib/python3.10/site-packages/airflow/example_dags/example_task_group_decorator.py
[2024-12-06T22:40:20.626-0600] {processor.py:925} INFO - DAG(s) 'example_task_group_decorator' retrieved from /home/m9d9v9/PycharmProjects/Airflow-2/Airflow-2/.venv/lib/python3.10/site-packages/airflow/example_dags/example_task_group_decorator.py
[2024-12-06T22:40:20.640-0600] {logging_mixin.py:190} INFO - [2024-12-06T22:40:20.640-0600] {dag.py:3239} INFO - Sync 1 DAGs
[2024-12-06T22:40:20.648-0600] {logging_mixin.py:190} INFO - [2024-12-06T22:40:20.648-0600] {dag.py:4180} INFO - Setting next_dagrun for example_task_group_decorator to None, run_after=None
[2024-12-06T22:40:20.660-0600] {processor.py:208} INFO - Processing /home/m9d9v9/PycharmProjects/Airflow-2/Airflow-2/.venv/lib/python3.10/site-packages/airflow/example_dags/example_task_group_decorator.py took 0.093 seconds
[2024-12-06T22:41:21.761-0600] {processor.py:186} INFO - Started process (PID=15170) to work on /home/m9d9v9/PycharmProjects/Airflow-2/Airflow-2/.venv/lib/python3.10/site-packages/airflow/example_dags/example_task_group_decorator.py
[2024-12-06T22:41:21.768-0600] {processor.py:914} INFO - Processing file /home/m9d9v9/PycharmProjects/Airflow-2/Airflow-2/.venv/lib/python3.10/site-packages/airflow/example_dags/example_task_group_decorator.py for tasks to queue
[2024-12-06T22:41:21.770-0600] {logging_mixin.py:190} INFO - [2024-12-06T22:41:21.770-0600] {dagbag.py:588} INFO - Filling up the DagBag from /home/m9d9v9/PycharmProjects/Airflow-2/Airflow-2/.venv/lib/python3.10/site-packages/airflow/example_dags/example_task_group_decorator.py
[2024-12-06T22:41:21.782-0600] {processor.py:925} INFO - DAG(s) 'example_task_group_decorator' retrieved from /home/m9d9v9/PycharmProjects/Airflow-2/Airflow-2/.venv/lib/python3.10/site-packages/airflow/example_dags/example_task_group_decorator.py
[2024-12-06T22:41:21.797-0600] {logging_mixin.py:190} INFO - [2024-12-06T22:41:21.797-0600] {dag.py:3239} INFO - Sync 1 DAGs
[2024-12-06T22:41:21.806-0600] {logging_mixin.py:190} INFO - [2024-12-06T22:41:21.806-0600] {dag.py:4180} INFO - Setting next_dagrun for example_task_group_decorator to None, run_after=None
[2024-12-06T22:41:21.818-0600] {processor.py:208} INFO - Processing /home/m9d9v9/PycharmProjects/Airflow-2/Airflow-2/.venv/lib/python3.10/site-packages/airflow/example_dags/example_task_group_decorator.py took 0.064 seconds
[2024-12-06T23:25:31.093-0600] {processor.py:186} INFO - Started process (PID=17317) to work on /home/m9d9v9/PycharmProjects/Airflow-2/Airflow-2/.venv/lib/python3.10/site-packages/airflow/example_dags/example_task_group_decorator.py
[2024-12-06T23:25:31.095-0600] {processor.py:914} INFO - Processing file /home/m9d9v9/PycharmProjects/Airflow-2/Airflow-2/.venv/lib/python3.10/site-packages/airflow/example_dags/example_task_group_decorator.py for tasks to queue
[2024-12-06T23:25:31.099-0600] {logging_mixin.py:190} INFO - [2024-12-06T23:25:31.098-0600] {dagbag.py:588} INFO - Filling up the DagBag from /home/m9d9v9/PycharmProjects/Airflow-2/Airflow-2/.venv/lib/python3.10/site-packages/airflow/example_dags/example_task_group_decorator.py
[2024-12-06T23:25:31.117-0600] {processor.py:925} INFO - DAG(s) 'example_task_group_decorator' retrieved from /home/m9d9v9/PycharmProjects/Airflow-2/Airflow-2/.venv/lib/python3.10/site-packages/airflow/example_dags/example_task_group_decorator.py
[2024-12-06T23:25:31.148-0600] {logging_mixin.py:190} INFO - [2024-12-06T23:25:31.148-0600] {dag.py:3239} INFO - Sync 1 DAGs
[2024-12-06T23:25:31.162-0600] {logging_mixin.py:190} INFO - [2024-12-06T23:25:31.162-0600] {dag.py:4180} INFO - Setting next_dagrun for example_task_group_decorator to None, run_after=None
[2024-12-06T23:25:31.184-0600] {processor.py:208} INFO - Processing /home/m9d9v9/PycharmProjects/Airflow-2/Airflow-2/.venv/lib/python3.10/site-packages/airflow/example_dags/example_task_group_decorator.py took 0.101 seconds
[2024-12-06T23:26:28.696-0600] {processor.py:186} INFO - Started process (PID=17407) to work on /home/m9d9v9/PycharmProjects/Airflow-2/Airflow-2/.venv/lib/python3.10/site-packages/airflow/example_dags/example_task_group_decorator.py
[2024-12-06T23:26:28.702-0600] {processor.py:914} INFO - Processing file /home/m9d9v9/PycharmProjects/Airflow-2/Airflow-2/.venv/lib/python3.10/site-packages/airflow/example_dags/example_task_group_decorator.py for tasks to queue
[2024-12-06T23:26:28.703-0600] {logging_mixin.py:190} INFO - [2024-12-06T23:26:28.703-0600] {dagbag.py:588} INFO - Filling up the DagBag from /home/m9d9v9/PycharmProjects/Airflow-2/Airflow-2/.venv/lib/python3.10/site-packages/airflow/example_dags/example_task_group_decorator.py
[2024-12-06T23:26:28.713-0600] {processor.py:925} INFO - DAG(s) 'example_task_group_decorator' retrieved from /home/m9d9v9/PycharmProjects/Airflow-2/Airflow-2/.venv/lib/python3.10/site-packages/airflow/example_dags/example_task_group_decorator.py
[2024-12-06T23:26:28.726-0600] {logging_mixin.py:190} INFO - [2024-12-06T23:26:28.726-0600] {dag.py:3239} INFO - Sync 1 DAGs
[2024-12-06T23:26:28.734-0600] {logging_mixin.py:190} INFO - [2024-12-06T23:26:28.734-0600] {dag.py:4180} INFO - Setting next_dagrun for example_task_group_decorator to None, run_after=None
[2024-12-06T23:26:28.746-0600] {processor.py:208} INFO - Processing /home/m9d9v9/PycharmProjects/Airflow-2/Airflow-2/.venv/lib/python3.10/site-packages/airflow/example_dags/example_task_group_decorator.py took 0.054 seconds
[2024-12-06T23:27:25.704-0600] {processor.py:186} INFO - Started process (PID=17479) to work on /home/m9d9v9/PycharmProjects/Airflow-2/Airflow-2/.venv/lib/python3.10/site-packages/airflow/example_dags/example_task_group_decorator.py
[2024-12-06T23:27:25.711-0600] {processor.py:914} INFO - Processing file /home/m9d9v9/PycharmProjects/Airflow-2/Airflow-2/.venv/lib/python3.10/site-packages/airflow/example_dags/example_task_group_decorator.py for tasks to queue
[2024-12-06T23:27:25.713-0600] {logging_mixin.py:190} INFO - [2024-12-06T23:27:25.712-0600] {dagbag.py:588} INFO - Filling up the DagBag from /home/m9d9v9/PycharmProjects/Airflow-2/Airflow-2/.venv/lib/python3.10/site-packages/airflow/example_dags/example_task_group_decorator.py
[2024-12-06T23:27:25.743-0600] {processor.py:925} INFO - DAG(s) 'example_task_group_decorator' retrieved from /home/m9d9v9/PycharmProjects/Airflow-2/Airflow-2/.venv/lib/python3.10/site-packages/airflow/example_dags/example_task_group_decorator.py
[2024-12-06T23:27:25.759-0600] {logging_mixin.py:190} INFO - [2024-12-06T23:27:25.759-0600] {dag.py:3239} INFO - Sync 1 DAGs
[2024-12-06T23:27:25.767-0600] {logging_mixin.py:190} INFO - [2024-12-06T23:27:25.767-0600] {dag.py:4180} INFO - Setting next_dagrun for example_task_group_decorator to None, run_after=None
[2024-12-06T23:27:25.779-0600] {processor.py:208} INFO - Processing /home/m9d9v9/PycharmProjects/Airflow-2/Airflow-2/.venv/lib/python3.10/site-packages/airflow/example_dags/example_task_group_decorator.py took 0.087 seconds
[2024-12-06T23:28:23.895-0600] {processor.py:186} INFO - Started process (PID=17581) to work on /home/m9d9v9/PycharmProjects/Airflow-2/Airflow-2/.venv/lib/python3.10/site-packages/airflow/example_dags/example_task_group_decorator.py
[2024-12-06T23:28:23.896-0600] {processor.py:914} INFO - Processing file /home/m9d9v9/PycharmProjects/Airflow-2/Airflow-2/.venv/lib/python3.10/site-packages/airflow/example_dags/example_task_group_decorator.py for tasks to queue
[2024-12-06T23:28:23.898-0600] {logging_mixin.py:190} INFO - [2024-12-06T23:28:23.898-0600] {dagbag.py:588} INFO - Filling up the DagBag from /home/m9d9v9/PycharmProjects/Airflow-2/Airflow-2/.venv/lib/python3.10/site-packages/airflow/example_dags/example_task_group_decorator.py
[2024-12-06T23:28:23.923-0600] {processor.py:925} INFO - DAG(s) 'example_task_group_decorator' retrieved from /home/m9d9v9/PycharmProjects/Airflow-2/Airflow-2/.venv/lib/python3.10/site-packages/airflow/example_dags/example_task_group_decorator.py
[2024-12-06T23:28:23.939-0600] {logging_mixin.py:190} INFO - [2024-12-06T23:28:23.938-0600] {dag.py:3239} INFO - Sync 1 DAGs
[2024-12-06T23:28:23.946-0600] {logging_mixin.py:190} INFO - [2024-12-06T23:28:23.946-0600] {dag.py:4180} INFO - Setting next_dagrun for example_task_group_decorator to None, run_after=None
[2024-12-06T23:28:23.958-0600] {processor.py:208} INFO - Processing /home/m9d9v9/PycharmProjects/Airflow-2/Airflow-2/.venv/lib/python3.10/site-packages/airflow/example_dags/example_task_group_decorator.py took 0.076 seconds
[2024-12-06T23:29:20.534-0600] {processor.py:186} INFO - Started process (PID=17726) to work on /home/m9d9v9/PycharmProjects/Airflow-2/Airflow-2/.venv/lib/python3.10/site-packages/airflow/example_dags/example_task_group_decorator.py
[2024-12-06T23:29:20.540-0600] {processor.py:914} INFO - Processing file /home/m9d9v9/PycharmProjects/Airflow-2/Airflow-2/.venv/lib/python3.10/site-packages/airflow/example_dags/example_task_group_decorator.py for tasks to queue
[2024-12-06T23:29:20.541-0600] {logging_mixin.py:190} INFO - [2024-12-06T23:29:20.541-0600] {dagbag.py:588} INFO - Filling up the DagBag from /home/m9d9v9/PycharmProjects/Airflow-2/Airflow-2/.venv/lib/python3.10/site-packages/airflow/example_dags/example_task_group_decorator.py
[2024-12-06T23:29:20.553-0600] {processor.py:925} INFO - DAG(s) 'example_task_group_decorator' retrieved from /home/m9d9v9/PycharmProjects/Airflow-2/Airflow-2/.venv/lib/python3.10/site-packages/airflow/example_dags/example_task_group_decorator.py
[2024-12-06T23:29:20.567-0600] {logging_mixin.py:190} INFO - [2024-12-06T23:29:20.567-0600] {dag.py:3239} INFO - Sync 1 DAGs
[2024-12-06T23:29:20.575-0600] {logging_mixin.py:190} INFO - [2024-12-06T23:29:20.575-0600] {dag.py:4180} INFO - Setting next_dagrun for example_task_group_decorator to None, run_after=None
[2024-12-06T23:29:20.588-0600] {processor.py:208} INFO - Processing /home/m9d9v9/PycharmProjects/Airflow-2/Airflow-2/.venv/lib/python3.10/site-packages/airflow/example_dags/example_task_group_decorator.py took 0.058 seconds
[2024-12-06T23:30:17.232-0600] {processor.py:186} INFO - Started process (PID=17816) to work on /home/m9d9v9/PycharmProjects/Airflow-2/Airflow-2/.venv/lib/python3.10/site-packages/airflow/example_dags/example_task_group_decorator.py
[2024-12-06T23:30:17.239-0600] {processor.py:914} INFO - Processing file /home/m9d9v9/PycharmProjects/Airflow-2/Airflow-2/.venv/lib/python3.10/site-packages/airflow/example_dags/example_task_group_decorator.py for tasks to queue
[2024-12-06T23:30:17.241-0600] {logging_mixin.py:190} INFO - [2024-12-06T23:30:17.241-0600] {dagbag.py:588} INFO - Filling up the DagBag from /home/m9d9v9/PycharmProjects/Airflow-2/Airflow-2/.venv/lib/python3.10/site-packages/airflow/example_dags/example_task_group_decorator.py
[2024-12-06T23:30:17.272-0600] {processor.py:925} INFO - DAG(s) 'example_task_group_decorator' retrieved from /home/m9d9v9/PycharmProjects/Airflow-2/Airflow-2/.venv/lib/python3.10/site-packages/airflow/example_dags/example_task_group_decorator.py
[2024-12-06T23:30:17.291-0600] {logging_mixin.py:190} INFO - [2024-12-06T23:30:17.291-0600] {dag.py:3239} INFO - Sync 1 DAGs
[2024-12-06T23:30:17.298-0600] {logging_mixin.py:190} INFO - [2024-12-06T23:30:17.298-0600] {dag.py:4180} INFO - Setting next_dagrun for example_task_group_decorator to None, run_after=None
[2024-12-06T23:30:17.310-0600] {processor.py:208} INFO - Processing /home/m9d9v9/PycharmProjects/Airflow-2/Airflow-2/.venv/lib/python3.10/site-packages/airflow/example_dags/example_task_group_decorator.py took 0.088 seconds
[2024-12-06T23:31:13.230-0600] {processor.py:186} INFO - Started process (PID=17919) to work on /home/m9d9v9/PycharmProjects/Airflow-2/Airflow-2/.venv/lib/python3.10/site-packages/airflow/example_dags/example_task_group_decorator.py
[2024-12-06T23:31:13.237-0600] {processor.py:914} INFO - Processing file /home/m9d9v9/PycharmProjects/Airflow-2/Airflow-2/.venv/lib/python3.10/site-packages/airflow/example_dags/example_task_group_decorator.py for tasks to queue
[2024-12-06T23:31:13.239-0600] {logging_mixin.py:190} INFO - [2024-12-06T23:31:13.238-0600] {dagbag.py:588} INFO - Filling up the DagBag from /home/m9d9v9/PycharmProjects/Airflow-2/Airflow-2/.venv/lib/python3.10/site-packages/airflow/example_dags/example_task_group_decorator.py
[2024-12-06T23:31:13.270-0600] {processor.py:925} INFO - DAG(s) 'example_task_group_decorator' retrieved from /home/m9d9v9/PycharmProjects/Airflow-2/Airflow-2/.venv/lib/python3.10/site-packages/airflow/example_dags/example_task_group_decorator.py
[2024-12-06T23:31:13.287-0600] {logging_mixin.py:190} INFO - [2024-12-06T23:31:13.287-0600] {dag.py:3239} INFO - Sync 1 DAGs
[2024-12-06T23:31:13.295-0600] {logging_mixin.py:190} INFO - [2024-12-06T23:31:13.295-0600] {dag.py:4180} INFO - Setting next_dagrun for example_task_group_decorator to None, run_after=None
[2024-12-06T23:31:13.308-0600] {processor.py:208} INFO - Processing /home/m9d9v9/PycharmProjects/Airflow-2/Airflow-2/.venv/lib/python3.10/site-packages/airflow/example_dags/example_task_group_decorator.py took 0.088 seconds
[2024-12-06T23:32:11.575-0600] {processor.py:186} INFO - Started process (PID=18024) to work on /home/m9d9v9/PycharmProjects/Airflow-2/Airflow-2/.venv/lib/python3.10/site-packages/airflow/example_dags/example_task_group_decorator.py
[2024-12-06T23:32:11.581-0600] {processor.py:914} INFO - Processing file /home/m9d9v9/PycharmProjects/Airflow-2/Airflow-2/.venv/lib/python3.10/site-packages/airflow/example_dags/example_task_group_decorator.py for tasks to queue
[2024-12-06T23:32:11.583-0600] {logging_mixin.py:190} INFO - [2024-12-06T23:32:11.583-0600] {dagbag.py:588} INFO - Filling up the DagBag from /home/m9d9v9/PycharmProjects/Airflow-2/Airflow-2/.venv/lib/python3.10/site-packages/airflow/example_dags/example_task_group_decorator.py
[2024-12-06T23:32:11.592-0600] {processor.py:925} INFO - DAG(s) 'example_task_group_decorator' retrieved from /home/m9d9v9/PycharmProjects/Airflow-2/Airflow-2/.venv/lib/python3.10/site-packages/airflow/example_dags/example_task_group_decorator.py
[2024-12-06T23:32:11.605-0600] {logging_mixin.py:190} INFO - [2024-12-06T23:32:11.605-0600] {dag.py:3239} INFO - Sync 1 DAGs
[2024-12-06T23:32:11.612-0600] {logging_mixin.py:190} INFO - [2024-12-06T23:32:11.612-0600] {dag.py:4180} INFO - Setting next_dagrun for example_task_group_decorator to None, run_after=None
[2024-12-06T23:32:11.623-0600] {processor.py:208} INFO - Processing /home/m9d9v9/PycharmProjects/Airflow-2/Airflow-2/.venv/lib/python3.10/site-packages/airflow/example_dags/example_task_group_decorator.py took 0.051 seconds
[2024-12-06T23:33:08.542-0600] {processor.py:186} INFO - Started process (PID=18099) to work on /home/m9d9v9/PycharmProjects/Airflow-2/Airflow-2/.venv/lib/python3.10/site-packages/airflow/example_dags/example_task_group_decorator.py
[2024-12-06T23:33:08.549-0600] {processor.py:914} INFO - Processing file /home/m9d9v9/PycharmProjects/Airflow-2/Airflow-2/.venv/lib/python3.10/site-packages/airflow/example_dags/example_task_group_decorator.py for tasks to queue
[2024-12-06T23:33:08.551-0600] {logging_mixin.py:190} INFO - [2024-12-06T23:33:08.551-0600] {dagbag.py:588} INFO - Filling up the DagBag from /home/m9d9v9/PycharmProjects/Airflow-2/Airflow-2/.venv/lib/python3.10/site-packages/airflow/example_dags/example_task_group_decorator.py
[2024-12-06T23:33:08.581-0600] {processor.py:925} INFO - DAG(s) 'example_task_group_decorator' retrieved from /home/m9d9v9/PycharmProjects/Airflow-2/Airflow-2/.venv/lib/python3.10/site-packages/airflow/example_dags/example_task_group_decorator.py
[2024-12-06T23:33:08.599-0600] {logging_mixin.py:190} INFO - [2024-12-06T23:33:08.599-0600] {dag.py:3239} INFO - Sync 1 DAGs
[2024-12-06T23:33:08.607-0600] {logging_mixin.py:190} INFO - [2024-12-06T23:33:08.607-0600] {dag.py:4180} INFO - Setting next_dagrun for example_task_group_decorator to None, run_after=None
[2024-12-06T23:33:08.716-0600] {processor.py:208} INFO - Processing /home/m9d9v9/PycharmProjects/Airflow-2/Airflow-2/.venv/lib/python3.10/site-packages/airflow/example_dags/example_task_group_decorator.py took 0.184 seconds
[2024-12-06T23:34:05.502-0600] {processor.py:186} INFO - Started process (PID=18170) to work on /home/m9d9v9/PycharmProjects/Airflow-2/Airflow-2/.venv/lib/python3.10/site-packages/airflow/example_dags/example_task_group_decorator.py
[2024-12-06T23:34:05.509-0600] {processor.py:914} INFO - Processing file /home/m9d9v9/PycharmProjects/Airflow-2/Airflow-2/.venv/lib/python3.10/site-packages/airflow/example_dags/example_task_group_decorator.py for tasks to queue
[2024-12-06T23:34:05.511-0600] {logging_mixin.py:190} INFO - [2024-12-06T23:34:05.510-0600] {dagbag.py:588} INFO - Filling up the DagBag from /home/m9d9v9/PycharmProjects/Airflow-2/Airflow-2/.venv/lib/python3.10/site-packages/airflow/example_dags/example_task_group_decorator.py
[2024-12-06T23:34:05.541-0600] {processor.py:925} INFO - DAG(s) 'example_task_group_decorator' retrieved from /home/m9d9v9/PycharmProjects/Airflow-2/Airflow-2/.venv/lib/python3.10/site-packages/airflow/example_dags/example_task_group_decorator.py
[2024-12-06T23:34:05.559-0600] {logging_mixin.py:190} INFO - [2024-12-06T23:34:05.559-0600] {dag.py:3239} INFO - Sync 1 DAGs
[2024-12-06T23:34:05.567-0600] {logging_mixin.py:190} INFO - [2024-12-06T23:34:05.567-0600] {dag.py:4180} INFO - Setting next_dagrun for example_task_group_decorator to None, run_after=None
[2024-12-06T23:34:05.578-0600] {processor.py:208} INFO - Processing /home/m9d9v9/PycharmProjects/Airflow-2/Airflow-2/.venv/lib/python3.10/site-packages/airflow/example_dags/example_task_group_decorator.py took 0.088 seconds
[2024-12-06T23:35:05.996-0600] {processor.py:186} INFO - Started process (PID=18300) to work on /home/m9d9v9/PycharmProjects/Airflow-2/Airflow-2/.venv/lib/python3.10/site-packages/airflow/example_dags/example_task_group_decorator.py
[2024-12-06T23:35:06.003-0600] {processor.py:914} INFO - Processing file /home/m9d9v9/PycharmProjects/Airflow-2/Airflow-2/.venv/lib/python3.10/site-packages/airflow/example_dags/example_task_group_decorator.py for tasks to queue
[2024-12-06T23:35:06.005-0600] {logging_mixin.py:190} INFO - [2024-12-06T23:35:06.004-0600] {dagbag.py:588} INFO - Filling up the DagBag from /home/m9d9v9/PycharmProjects/Airflow-2/Airflow-2/.venv/lib/python3.10/site-packages/airflow/example_dags/example_task_group_decorator.py
[2024-12-06T23:35:06.034-0600] {processor.py:925} INFO - DAG(s) 'example_task_group_decorator' retrieved from /home/m9d9v9/PycharmProjects/Airflow-2/Airflow-2/.venv/lib/python3.10/site-packages/airflow/example_dags/example_task_group_decorator.py
[2024-12-06T23:35:06.054-0600] {logging_mixin.py:190} INFO - [2024-12-06T23:35:06.054-0600] {dag.py:3239} INFO - Sync 1 DAGs
[2024-12-06T23:35:06.062-0600] {logging_mixin.py:190} INFO - [2024-12-06T23:35:06.062-0600] {dag.py:4180} INFO - Setting next_dagrun for example_task_group_decorator to None, run_after=None
[2024-12-06T23:35:06.073-0600] {processor.py:208} INFO - Processing /home/m9d9v9/PycharmProjects/Airflow-2/Airflow-2/.venv/lib/python3.10/site-packages/airflow/example_dags/example_task_group_decorator.py took 0.088 seconds
[2024-12-06T23:36:09.008-0600] {processor.py:186} INFO - Started process (PID=18376) to work on /home/m9d9v9/PycharmProjects/Airflow-2/Airflow-2/.venv/lib/python3.10/site-packages/airflow/example_dags/example_task_group_decorator.py
[2024-12-06T23:36:09.015-0600] {processor.py:914} INFO - Processing file /home/m9d9v9/PycharmProjects/Airflow-2/Airflow-2/.venv/lib/python3.10/site-packages/airflow/example_dags/example_task_group_decorator.py for tasks to queue
[2024-12-06T23:36:09.017-0600] {logging_mixin.py:190} INFO - [2024-12-06T23:36:09.016-0600] {dagbag.py:588} INFO - Filling up the DagBag from /home/m9d9v9/PycharmProjects/Airflow-2/Airflow-2/.venv/lib/python3.10/site-packages/airflow/example_dags/example_task_group_decorator.py
[2024-12-06T23:36:09.047-0600] {processor.py:925} INFO - DAG(s) 'example_task_group_decorator' retrieved from /home/m9d9v9/PycharmProjects/Airflow-2/Airflow-2/.venv/lib/python3.10/site-packages/airflow/example_dags/example_task_group_decorator.py
[2024-12-06T23:36:09.065-0600] {logging_mixin.py:190} INFO - [2024-12-06T23:36:09.065-0600] {dag.py:3239} INFO - Sync 1 DAGs
[2024-12-06T23:36:09.072-0600] {logging_mixin.py:190} INFO - [2024-12-06T23:36:09.072-0600] {dag.py:4180} INFO - Setting next_dagrun for example_task_group_decorator to None, run_after=None
[2024-12-06T23:36:09.084-0600] {processor.py:208} INFO - Processing /home/m9d9v9/PycharmProjects/Airflow-2/Airflow-2/.venv/lib/python3.10/site-packages/airflow/example_dags/example_task_group_decorator.py took 0.085 seconds
[2024-12-06T23:37:11.336-0600] {processor.py:186} INFO - Started process (PID=18605) to work on /home/m9d9v9/PycharmProjects/Airflow-2/Airflow-2/.venv/lib/python3.10/site-packages/airflow/example_dags/example_task_group_decorator.py
[2024-12-06T23:37:11.343-0600] {processor.py:914} INFO - Processing file /home/m9d9v9/PycharmProjects/Airflow-2/Airflow-2/.venv/lib/python3.10/site-packages/airflow/example_dags/example_task_group_decorator.py for tasks to queue
[2024-12-06T23:37:11.345-0600] {logging_mixin.py:190} INFO - [2024-12-06T23:37:11.344-0600] {dagbag.py:588} INFO - Filling up the DagBag from /home/m9d9v9/PycharmProjects/Airflow-2/Airflow-2/.venv/lib/python3.10/site-packages/airflow/example_dags/example_task_group_decorator.py
[2024-12-06T23:37:11.362-0600] {processor.py:925} INFO - DAG(s) 'example_task_group_decorator' retrieved from /home/m9d9v9/PycharmProjects/Airflow-2/Airflow-2/.venv/lib/python3.10/site-packages/airflow/example_dags/example_task_group_decorator.py
[2024-12-06T23:37:11.387-0600] {logging_mixin.py:190} INFO - [2024-12-06T23:37:11.387-0600] {dag.py:3239} INFO - Sync 1 DAGs
[2024-12-06T23:37:11.511-0600] {logging_mixin.py:190} INFO - [2024-12-06T23:37:11.511-0600] {dag.py:4180} INFO - Setting next_dagrun for example_task_group_decorator to None, run_after=None
[2024-12-06T23:37:11.523-0600] {processor.py:208} INFO - Processing /home/m9d9v9/PycharmProjects/Airflow-2/Airflow-2/.venv/lib/python3.10/site-packages/airflow/example_dags/example_task_group_decorator.py took 0.194 seconds
[2024-12-06T23:38:10.987-0600] {processor.py:186} INFO - Started process (PID=18781) to work on /home/m9d9v9/PycharmProjects/Airflow-2/Airflow-2/.venv/lib/python3.10/site-packages/airflow/example_dags/example_task_group_decorator.py
[2024-12-06T23:38:10.993-0600] {processor.py:914} INFO - Processing file /home/m9d9v9/PycharmProjects/Airflow-2/Airflow-2/.venv/lib/python3.10/site-packages/airflow/example_dags/example_task_group_decorator.py for tasks to queue
[2024-12-06T23:38:10.996-0600] {logging_mixin.py:190} INFO - [2024-12-06T23:38:10.995-0600] {dagbag.py:588} INFO - Filling up the DagBag from /home/m9d9v9/PycharmProjects/Airflow-2/Airflow-2/.venv/lib/python3.10/site-packages/airflow/example_dags/example_task_group_decorator.py
[2024-12-06T23:38:11.025-0600] {processor.py:925} INFO - DAG(s) 'example_task_group_decorator' retrieved from /home/m9d9v9/PycharmProjects/Airflow-2/Airflow-2/.venv/lib/python3.10/site-packages/airflow/example_dags/example_task_group_decorator.py
[2024-12-06T23:38:11.040-0600] {logging_mixin.py:190} INFO - [2024-12-06T23:38:11.040-0600] {dag.py:3239} INFO - Sync 1 DAGs
[2024-12-06T23:38:11.048-0600] {logging_mixin.py:190} INFO - [2024-12-06T23:38:11.048-0600] {dag.py:4180} INFO - Setting next_dagrun for example_task_group_decorator to None, run_after=None
[2024-12-06T23:38:11.059-0600] {processor.py:208} INFO - Processing /home/m9d9v9/PycharmProjects/Airflow-2/Airflow-2/.venv/lib/python3.10/site-packages/airflow/example_dags/example_task_group_decorator.py took 0.085 seconds
[2024-12-06T23:39:16.760-0600] {processor.py:186} INFO - Started process (PID=18957) to work on /home/m9d9v9/PycharmProjects/Airflow-2/Airflow-2/.venv/lib/python3.10/site-packages/airflow/example_dags/example_task_group_decorator.py
[2024-12-06T23:39:16.761-0600] {processor.py:914} INFO - Processing file /home/m9d9v9/PycharmProjects/Airflow-2/Airflow-2/.venv/lib/python3.10/site-packages/airflow/example_dags/example_task_group_decorator.py for tasks to queue
[2024-12-06T23:39:16.762-0600] {logging_mixin.py:190} INFO - [2024-12-06T23:39:16.762-0600] {dagbag.py:588} INFO - Filling up the DagBag from /home/m9d9v9/PycharmProjects/Airflow-2/Airflow-2/.venv/lib/python3.10/site-packages/airflow/example_dags/example_task_group_decorator.py
[2024-12-06T23:39:16.776-0600] {processor.py:925} INFO - DAG(s) 'example_task_group_decorator' retrieved from /home/m9d9v9/PycharmProjects/Airflow-2/Airflow-2/.venv/lib/python3.10/site-packages/airflow/example_dags/example_task_group_decorator.py
[2024-12-06T23:39:16.793-0600] {logging_mixin.py:190} INFO - [2024-12-06T23:39:16.793-0600] {dag.py:3239} INFO - Sync 1 DAGs
[2024-12-06T23:39:16.803-0600] {logging_mixin.py:190} INFO - [2024-12-06T23:39:16.803-0600] {dag.py:4180} INFO - Setting next_dagrun for example_task_group_decorator to None, run_after=None
[2024-12-06T23:39:16.818-0600] {processor.py:208} INFO - Processing /home/m9d9v9/PycharmProjects/Airflow-2/Airflow-2/.venv/lib/python3.10/site-packages/airflow/example_dags/example_task_group_decorator.py took 0.064 seconds
[2024-12-06T23:40:14.886-0600] {processor.py:186} INFO - Started process (PID=19218) to work on /home/m9d9v9/PycharmProjects/Airflow-2/Airflow-2/.venv/lib/python3.10/site-packages/airflow/example_dags/example_task_group_decorator.py
[2024-12-06T23:40:14.891-0600] {processor.py:914} INFO - Processing file /home/m9d9v9/PycharmProjects/Airflow-2/Airflow-2/.venv/lib/python3.10/site-packages/airflow/example_dags/example_task_group_decorator.py for tasks to queue
[2024-12-06T23:40:14.892-0600] {logging_mixin.py:190} INFO - [2024-12-06T23:40:14.892-0600] {dagbag.py:588} INFO - Filling up the DagBag from /home/m9d9v9/PycharmProjects/Airflow-2/Airflow-2/.venv/lib/python3.10/site-packages/airflow/example_dags/example_task_group_decorator.py
[2024-12-06T23:40:14.903-0600] {processor.py:925} INFO - DAG(s) 'example_task_group_decorator' retrieved from /home/m9d9v9/PycharmProjects/Airflow-2/Airflow-2/.venv/lib/python3.10/site-packages/airflow/example_dags/example_task_group_decorator.py
[2024-12-06T23:40:14.919-0600] {logging_mixin.py:190} INFO - [2024-12-06T23:40:14.919-0600] {dag.py:3239} INFO - Sync 1 DAGs
[2024-12-06T23:40:14.927-0600] {logging_mixin.py:190} INFO - [2024-12-06T23:40:14.927-0600] {dag.py:4180} INFO - Setting next_dagrun for example_task_group_decorator to None, run_after=None
[2024-12-06T23:40:14.940-0600] {processor.py:208} INFO - Processing /home/m9d9v9/PycharmProjects/Airflow-2/Airflow-2/.venv/lib/python3.10/site-packages/airflow/example_dags/example_task_group_decorator.py took 0.061 seconds
[2024-12-06T23:41:10.444-0600] {processor.py:186} INFO - Started process (PID=19316) to work on /home/m9d9v9/PycharmProjects/Airflow-2/Airflow-2/.venv/lib/python3.10/site-packages/airflow/example_dags/example_task_group_decorator.py
[2024-12-06T23:41:10.451-0600] {processor.py:914} INFO - Processing file /home/m9d9v9/PycharmProjects/Airflow-2/Airflow-2/.venv/lib/python3.10/site-packages/airflow/example_dags/example_task_group_decorator.py for tasks to queue
[2024-12-06T23:41:10.452-0600] {logging_mixin.py:190} INFO - [2024-12-06T23:41:10.451-0600] {dagbag.py:588} INFO - Filling up the DagBag from /home/m9d9v9/PycharmProjects/Airflow-2/Airflow-2/.venv/lib/python3.10/site-packages/airflow/example_dags/example_task_group_decorator.py
[2024-12-06T23:41:10.462-0600] {processor.py:925} INFO - DAG(s) 'example_task_group_decorator' retrieved from /home/m9d9v9/PycharmProjects/Airflow-2/Airflow-2/.venv/lib/python3.10/site-packages/airflow/example_dags/example_task_group_decorator.py
[2024-12-06T23:41:10.478-0600] {logging_mixin.py:190} INFO - [2024-12-06T23:41:10.478-0600] {dag.py:3239} INFO - Sync 1 DAGs
[2024-12-06T23:41:10.487-0600] {logging_mixin.py:190} INFO - [2024-12-06T23:41:10.487-0600] {dag.py:4180} INFO - Setting next_dagrun for example_task_group_decorator to None, run_after=None
[2024-12-06T23:41:10.500-0600] {processor.py:208} INFO - Processing /home/m9d9v9/PycharmProjects/Airflow-2/Airflow-2/.venv/lib/python3.10/site-packages/airflow/example_dags/example_task_group_decorator.py took 0.061 seconds
