[2024-12-06T22:19:13.506-0600] {processor.py:186} INFO - Started process (PID=12517) to work on /home/m9d9v9/PycharmProjects/Airflow-2/Airflow-2/.venv/lib/python3.10/site-packages/airflow/example_dags/example_bash_operator.py
[2024-12-06T22:19:13.507-0600] {processor.py:914} INFO - Processing file /home/m9d9v9/PycharmProjects/Airflow-2/Airflow-2/.venv/lib/python3.10/site-packages/airflow/example_dags/example_bash_operator.py for tasks to queue
[2024-12-06T22:19:13.508-0600] {logging_mixin.py:190} INFO - [2024-12-06T22:19:13.508-0600] {dagbag.py:588} INFO - Filling up the DagBag from /home/m9d9v9/PycharmProjects/Airflow-2/Airflow-2/.venv/lib/python3.10/site-packages/airflow/example_dags/example_bash_operator.py
[2024-12-06T22:19:13.519-0600] {processor.py:925} INFO - DAG(s) 'example_bash_operator' retrieved from /home/m9d9v9/PycharmProjects/Airflow-2/Airflow-2/.venv/lib/python3.10/site-packages/airflow/example_dags/example_bash_operator.py
[2024-12-06T22:19:13.591-0600] {logging_mixin.py:190} INFO - [2024-12-06T22:19:13.591-0600] {override.py:1911} INFO - Created Permission View: can edit on DAG:example_bash_operator
[2024-12-06T22:19:13.597-0600] {logging_mixin.py:190} INFO - [2024-12-06T22:19:13.597-0600] {override.py:1911} INFO - Created Permission View: can read on DAG:example_bash_operator
[2024-12-06T22:19:13.605-0600] {logging_mixin.py:190} INFO - [2024-12-06T22:19:13.604-0600] {override.py:1911} INFO - Created Permission View: can delete on DAG:example_bash_operator
[2024-12-06T22:19:13.612-0600] {logging_mixin.py:190} INFO - [2024-12-06T22:19:13.612-0600] {override.py:1911} INFO - Created Permission View: menu access on DAG Run:example_bash_operator
[2024-12-06T22:19:13.617-0600] {logging_mixin.py:190} INFO - [2024-12-06T22:19:13.616-0600] {override.py:1911} INFO - Created Permission View: can create on DAG Run:example_bash_operator
[2024-12-06T22:19:13.621-0600] {logging_mixin.py:190} INFO - [2024-12-06T22:19:13.621-0600] {override.py:1911} INFO - Created Permission View: can read on DAG Run:example_bash_operator
[2024-12-06T22:19:13.626-0600] {logging_mixin.py:190} INFO - [2024-12-06T22:19:13.625-0600] {override.py:1911} INFO - Created Permission View: can delete on DAG Run:example_bash_operator
[2024-12-06T22:19:13.626-0600] {logging_mixin.py:190} INFO - [2024-12-06T22:19:13.626-0600] {dag.py:3239} INFO - Sync 1 DAGs
[2024-12-06T22:19:13.634-0600] {logging_mixin.py:190} INFO - [2024-12-06T22:19:13.634-0600] {dag.py:3262} INFO - Creating ORM DAG for example_bash_operator
[2024-12-06T22:19:13.639-0600] {logging_mixin.py:190} INFO - [2024-12-06T22:19:13.639-0600] {dag.py:4180} INFO - Setting next_dagrun for example_bash_operator to 2024-12-06 00:00:00+00:00, run_after=2024-12-07 00:00:00+00:00
[2024-12-06T22:19:13.655-0600] {processor.py:208} INFO - Processing /home/m9d9v9/PycharmProjects/Airflow-2/Airflow-2/.venv/lib/python3.10/site-packages/airflow/example_dags/example_bash_operator.py took 0.155 seconds
[2024-12-06T22:20:11.688-0600] {processor.py:186} INFO - Started process (PID=12637) to work on /home/m9d9v9/PycharmProjects/Airflow-2/Airflow-2/.venv/lib/python3.10/site-packages/airflow/example_dags/example_bash_operator.py
[2024-12-06T22:20:11.693-0600] {processor.py:914} INFO - Processing file /home/m9d9v9/PycharmProjects/Airflow-2/Airflow-2/.venv/lib/python3.10/site-packages/airflow/example_dags/example_bash_operator.py for tasks to queue
[2024-12-06T22:20:11.696-0600] {logging_mixin.py:190} INFO - [2024-12-06T22:20:11.696-0600] {dagbag.py:588} INFO - Filling up the DagBag from /home/m9d9v9/PycharmProjects/Airflow-2/Airflow-2/.venv/lib/python3.10/site-packages/airflow/example_dags/example_bash_operator.py
[2024-12-06T22:20:11.705-0600] {processor.py:925} INFO - DAG(s) 'example_bash_operator' retrieved from /home/m9d9v9/PycharmProjects/Airflow-2/Airflow-2/.venv/lib/python3.10/site-packages/airflow/example_dags/example_bash_operator.py
[2024-12-06T22:20:11.718-0600] {logging_mixin.py:190} INFO - [2024-12-06T22:20:11.718-0600] {dag.py:3239} INFO - Sync 1 DAGs
[2024-12-06T22:20:11.729-0600] {logging_mixin.py:190} INFO - [2024-12-06T22:20:11.729-0600] {dag.py:4180} INFO - Setting next_dagrun for example_bash_operator to 2024-12-06 00:00:00+00:00, run_after=2024-12-07 00:00:00+00:00
[2024-12-06T22:20:11.741-0600] {processor.py:208} INFO - Processing /home/m9d9v9/PycharmProjects/Airflow-2/Airflow-2/.venv/lib/python3.10/site-packages/airflow/example_dags/example_bash_operator.py took 0.057 seconds
[2024-12-06T22:21:07.550-0600] {processor.py:186} INFO - Started process (PID=12711) to work on /home/m9d9v9/PycharmProjects/Airflow-2/Airflow-2/.venv/lib/python3.10/site-packages/airflow/example_dags/example_bash_operator.py
[2024-12-06T22:21:07.555-0600] {processor.py:914} INFO - Processing file /home/m9d9v9/PycharmProjects/Airflow-2/Airflow-2/.venv/lib/python3.10/site-packages/airflow/example_dags/example_bash_operator.py for tasks to queue
[2024-12-06T22:21:07.557-0600] {logging_mixin.py:190} INFO - [2024-12-06T22:21:07.557-0600] {dagbag.py:588} INFO - Filling up the DagBag from /home/m9d9v9/PycharmProjects/Airflow-2/Airflow-2/.venv/lib/python3.10/site-packages/airflow/example_dags/example_bash_operator.py
[2024-12-06T22:21:07.570-0600] {processor.py:925} INFO - DAG(s) 'example_bash_operator' retrieved from /home/m9d9v9/PycharmProjects/Airflow-2/Airflow-2/.venv/lib/python3.10/site-packages/airflow/example_dags/example_bash_operator.py
[2024-12-06T22:21:07.591-0600] {logging_mixin.py:190} INFO - [2024-12-06T22:21:07.591-0600] {dag.py:3239} INFO - Sync 1 DAGs
[2024-12-06T22:21:07.608-0600] {logging_mixin.py:190} INFO - [2024-12-06T22:21:07.608-0600] {dag.py:4180} INFO - Setting next_dagrun for example_bash_operator to 2024-12-06 00:00:00+00:00, run_after=2024-12-07 00:00:00+00:00
[2024-12-06T22:21:07.621-0600] {processor.py:208} INFO - Processing /home/m9d9v9/PycharmProjects/Airflow-2/Airflow-2/.venv/lib/python3.10/site-packages/airflow/example_dags/example_bash_operator.py took 0.076 seconds
[2024-12-06T22:22:04.761-0600] {processor.py:186} INFO - Started process (PID=12791) to work on /home/m9d9v9/PycharmProjects/Airflow-2/Airflow-2/.venv/lib/python3.10/site-packages/airflow/example_dags/example_bash_operator.py
[2024-12-06T22:22:04.767-0600] {processor.py:914} INFO - Processing file /home/m9d9v9/PycharmProjects/Airflow-2/Airflow-2/.venv/lib/python3.10/site-packages/airflow/example_dags/example_bash_operator.py for tasks to queue
[2024-12-06T22:22:04.769-0600] {logging_mixin.py:190} INFO - [2024-12-06T22:22:04.769-0600] {dagbag.py:588} INFO - Filling up the DagBag from /home/m9d9v9/PycharmProjects/Airflow-2/Airflow-2/.venv/lib/python3.10/site-packages/airflow/example_dags/example_bash_operator.py
[2024-12-06T22:22:04.780-0600] {processor.py:925} INFO - DAG(s) 'example_bash_operator' retrieved from /home/m9d9v9/PycharmProjects/Airflow-2/Airflow-2/.venv/lib/python3.10/site-packages/airflow/example_dags/example_bash_operator.py
[2024-12-06T22:22:04.796-0600] {logging_mixin.py:190} INFO - [2024-12-06T22:22:04.796-0600] {dag.py:3239} INFO - Sync 1 DAGs
[2024-12-06T22:22:04.811-0600] {logging_mixin.py:190} INFO - [2024-12-06T22:22:04.811-0600] {dag.py:4180} INFO - Setting next_dagrun for example_bash_operator to 2024-12-06 00:00:00+00:00, run_after=2024-12-07 00:00:00+00:00
[2024-12-06T22:22:04.827-0600] {processor.py:208} INFO - Processing /home/m9d9v9/PycharmProjects/Airflow-2/Airflow-2/.venv/lib/python3.10/site-packages/airflow/example_dags/example_bash_operator.py took 0.071 seconds
[2024-12-06T22:23:22.258-0600] {processor.py:186} INFO - Started process (PID=12949) to work on /home/m9d9v9/PycharmProjects/Airflow-2/Airflow-2/.venv/lib/python3.10/site-packages/airflow/example_dags/example_bash_operator.py
[2024-12-06T22:23:22.264-0600] {processor.py:914} INFO - Processing file /home/m9d9v9/PycharmProjects/Airflow-2/Airflow-2/.venv/lib/python3.10/site-packages/airflow/example_dags/example_bash_operator.py for tasks to queue
[2024-12-06T22:23:22.265-0600] {logging_mixin.py:190} INFO - [2024-12-06T22:23:22.265-0600] {dagbag.py:588} INFO - Filling up the DagBag from /home/m9d9v9/PycharmProjects/Airflow-2/Airflow-2/.venv/lib/python3.10/site-packages/airflow/example_dags/example_bash_operator.py
[2024-12-06T22:23:22.278-0600] {processor.py:925} INFO - DAG(s) 'example_bash_operator' retrieved from /home/m9d9v9/PycharmProjects/Airflow-2/Airflow-2/.venv/lib/python3.10/site-packages/airflow/example_dags/example_bash_operator.py
[2024-12-06T22:23:22.299-0600] {logging_mixin.py:190} INFO - [2024-12-06T22:23:22.299-0600] {dag.py:3239} INFO - Sync 1 DAGs
[2024-12-06T22:23:22.315-0600] {logging_mixin.py:190} INFO - [2024-12-06T22:23:22.315-0600] {dag.py:4180} INFO - Setting next_dagrun for example_bash_operator to 2024-12-07 00:00:00+00:00, run_after=2024-12-08 00:00:00+00:00
[2024-12-06T22:23:22.328-0600] {processor.py:208} INFO - Processing /home/m9d9v9/PycharmProjects/Airflow-2/Airflow-2/.venv/lib/python3.10/site-packages/airflow/example_dags/example_bash_operator.py took 0.077 seconds
[2024-12-06T22:24:19.256-0600] {processor.py:186} INFO - Started process (PID=13019) to work on /home/m9d9v9/PycharmProjects/Airflow-2/Airflow-2/.venv/lib/python3.10/site-packages/airflow/example_dags/example_bash_operator.py
[2024-12-06T22:24:19.260-0600] {processor.py:914} INFO - Processing file /home/m9d9v9/PycharmProjects/Airflow-2/Airflow-2/.venv/lib/python3.10/site-packages/airflow/example_dags/example_bash_operator.py for tasks to queue
[2024-12-06T22:24:19.263-0600] {logging_mixin.py:190} INFO - [2024-12-06T22:24:19.262-0600] {dagbag.py:588} INFO - Filling up the DagBag from /home/m9d9v9/PycharmProjects/Airflow-2/Airflow-2/.venv/lib/python3.10/site-packages/airflow/example_dags/example_bash_operator.py
[2024-12-06T22:24:19.293-0600] {processor.py:925} INFO - DAG(s) 'example_bash_operator' retrieved from /home/m9d9v9/PycharmProjects/Airflow-2/Airflow-2/.venv/lib/python3.10/site-packages/airflow/example_dags/example_bash_operator.py
[2024-12-06T22:24:19.326-0600] {logging_mixin.py:190} INFO - [2024-12-06T22:24:19.325-0600] {dag.py:3239} INFO - Sync 1 DAGs
[2024-12-06T22:24:19.343-0600] {logging_mixin.py:190} INFO - [2024-12-06T22:24:19.343-0600] {dag.py:4180} INFO - Setting next_dagrun for example_bash_operator to 2024-12-07 00:00:00+00:00, run_after=2024-12-08 00:00:00+00:00
[2024-12-06T22:24:19.357-0600] {processor.py:208} INFO - Processing /home/m9d9v9/PycharmProjects/Airflow-2/Airflow-2/.venv/lib/python3.10/site-packages/airflow/example_dags/example_bash_operator.py took 0.114 seconds
[2024-12-06T22:25:39.010-0600] {processor.py:186} INFO - Started process (PID=13137) to work on /home/m9d9v9/PycharmProjects/Airflow-2/Airflow-2/.venv/lib/python3.10/site-packages/airflow/example_dags/example_bash_operator.py
[2024-12-06T22:25:39.017-0600] {processor.py:914} INFO - Processing file /home/m9d9v9/PycharmProjects/Airflow-2/Airflow-2/.venv/lib/python3.10/site-packages/airflow/example_dags/example_bash_operator.py for tasks to queue
[2024-12-06T22:25:39.018-0600] {logging_mixin.py:190} INFO - [2024-12-06T22:25:39.018-0600] {dagbag.py:588} INFO - Filling up the DagBag from /home/m9d9v9/PycharmProjects/Airflow-2/Airflow-2/.venv/lib/python3.10/site-packages/airflow/example_dags/example_bash_operator.py
[2024-12-06T22:25:39.029-0600] {processor.py:925} INFO - DAG(s) 'example_bash_operator' retrieved from /home/m9d9v9/PycharmProjects/Airflow-2/Airflow-2/.venv/lib/python3.10/site-packages/airflow/example_dags/example_bash_operator.py
[2024-12-06T22:25:39.046-0600] {logging_mixin.py:190} INFO - [2024-12-06T22:25:39.046-0600] {dag.py:3239} INFO - Sync 1 DAGs
[2024-12-06T22:25:39.060-0600] {logging_mixin.py:190} INFO - [2024-12-06T22:25:39.059-0600] {dag.py:4180} INFO - Setting next_dagrun for example_bash_operator to 2024-12-07 00:00:00+00:00, run_after=2024-12-08 00:00:00+00:00
[2024-12-06T22:25:39.072-0600] {processor.py:208} INFO - Processing /home/m9d9v9/PycharmProjects/Airflow-2/Airflow-2/.venv/lib/python3.10/site-packages/airflow/example_dags/example_bash_operator.py took 0.066 seconds
[2024-12-06T22:26:36.015-0600] {processor.py:186} INFO - Started process (PID=13218) to work on /home/m9d9v9/PycharmProjects/Airflow-2/Airflow-2/.venv/lib/python3.10/site-packages/airflow/example_dags/example_bash_operator.py
[2024-12-06T22:26:36.023-0600] {processor.py:914} INFO - Processing file /home/m9d9v9/PycharmProjects/Airflow-2/Airflow-2/.venv/lib/python3.10/site-packages/airflow/example_dags/example_bash_operator.py for tasks to queue
[2024-12-06T22:26:36.026-0600] {logging_mixin.py:190} INFO - [2024-12-06T22:26:36.025-0600] {dagbag.py:588} INFO - Filling up the DagBag from /home/m9d9v9/PycharmProjects/Airflow-2/Airflow-2/.venv/lib/python3.10/site-packages/airflow/example_dags/example_bash_operator.py
[2024-12-06T22:26:36.049-0600] {processor.py:925} INFO - DAG(s) 'example_bash_operator' retrieved from /home/m9d9v9/PycharmProjects/Airflow-2/Airflow-2/.venv/lib/python3.10/site-packages/airflow/example_dags/example_bash_operator.py
[2024-12-06T22:26:36.063-0600] {logging_mixin.py:190} INFO - [2024-12-06T22:26:36.063-0600] {dag.py:3239} INFO - Sync 1 DAGs
[2024-12-06T22:26:36.075-0600] {logging_mixin.py:190} INFO - [2024-12-06T22:26:36.075-0600] {dag.py:4180} INFO - Setting next_dagrun for example_bash_operator to 2024-12-07 00:00:00+00:00, run_after=2024-12-08 00:00:00+00:00
[2024-12-06T22:26:36.086-0600] {processor.py:208} INFO - Processing /home/m9d9v9/PycharmProjects/Airflow-2/Airflow-2/.venv/lib/python3.10/site-packages/airflow/example_dags/example_bash_operator.py took 0.088 seconds
[2024-12-06T22:37:31.188-0600] {processor.py:186} INFO - Started process (PID=14657) to work on /home/m9d9v9/PycharmProjects/Airflow-2/Airflow-2/.venv/lib/python3.10/site-packages/airflow/example_dags/example_bash_operator.py
[2024-12-06T22:37:31.195-0600] {processor.py:914} INFO - Processing file /home/m9d9v9/PycharmProjects/Airflow-2/Airflow-2/.venv/lib/python3.10/site-packages/airflow/example_dags/example_bash_operator.py for tasks to queue
[2024-12-06T22:37:31.199-0600] {logging_mixin.py:190} INFO - [2024-12-06T22:37:31.198-0600] {dagbag.py:588} INFO - Filling up the DagBag from /home/m9d9v9/PycharmProjects/Airflow-2/Airflow-2/.venv/lib/python3.10/site-packages/airflow/example_dags/example_bash_operator.py
[2024-12-06T22:37:31.226-0600] {processor.py:925} INFO - DAG(s) 'example_bash_operator' retrieved from /home/m9d9v9/PycharmProjects/Airflow-2/Airflow-2/.venv/lib/python3.10/site-packages/airflow/example_dags/example_bash_operator.py
[2024-12-06T22:37:31.246-0600] {logging_mixin.py:190} INFO - [2024-12-06T22:37:31.246-0600] {dag.py:3239} INFO - Sync 1 DAGs
[2024-12-06T22:37:31.261-0600] {logging_mixin.py:190} INFO - [2024-12-06T22:37:31.261-0600] {dag.py:4180} INFO - Setting next_dagrun for example_bash_operator to 2024-12-07 00:00:00+00:00, run_after=2024-12-08 00:00:00+00:00
[2024-12-06T22:37:31.273-0600] {processor.py:208} INFO - Processing /home/m9d9v9/PycharmProjects/Airflow-2/Airflow-2/.venv/lib/python3.10/site-packages/airflow/example_dags/example_bash_operator.py took 0.097 seconds
[2024-12-06T22:38:28.290-0600] {processor.py:186} INFO - Started process (PID=14763) to work on /home/m9d9v9/PycharmProjects/Airflow-2/Airflow-2/.venv/lib/python3.10/site-packages/airflow/example_dags/example_bash_operator.py
[2024-12-06T22:38:28.296-0600] {processor.py:914} INFO - Processing file /home/m9d9v9/PycharmProjects/Airflow-2/Airflow-2/.venv/lib/python3.10/site-packages/airflow/example_dags/example_bash_operator.py for tasks to queue
[2024-12-06T22:38:28.299-0600] {logging_mixin.py:190} INFO - [2024-12-06T22:38:28.298-0600] {dagbag.py:588} INFO - Filling up the DagBag from /home/m9d9v9/PycharmProjects/Airflow-2/Airflow-2/.venv/lib/python3.10/site-packages/airflow/example_dags/example_bash_operator.py
[2024-12-06T22:38:28.313-0600] {processor.py:925} INFO - DAG(s) 'example_bash_operator' retrieved from /home/m9d9v9/PycharmProjects/Airflow-2/Airflow-2/.venv/lib/python3.10/site-packages/airflow/example_dags/example_bash_operator.py
[2024-12-06T22:38:28.338-0600] {logging_mixin.py:190} INFO - [2024-12-06T22:38:28.338-0600] {dag.py:3239} INFO - Sync 1 DAGs
[2024-12-06T22:38:28.357-0600] {logging_mixin.py:190} INFO - [2024-12-06T22:38:28.357-0600] {dag.py:4180} INFO - Setting next_dagrun for example_bash_operator to 2024-12-07 00:00:00+00:00, run_after=2024-12-08 00:00:00+00:00
[2024-12-06T22:38:28.374-0600] {processor.py:208} INFO - Processing /home/m9d9v9/PycharmProjects/Airflow-2/Airflow-2/.venv/lib/python3.10/site-packages/airflow/example_dags/example_bash_operator.py took 0.090 seconds
[2024-12-06T22:39:27.412-0600] {processor.py:186} INFO - Started process (PID=14933) to work on /home/m9d9v9/PycharmProjects/Airflow-2/Airflow-2/.venv/lib/python3.10/site-packages/airflow/example_dags/example_bash_operator.py
[2024-12-06T22:39:27.420-0600] {processor.py:914} INFO - Processing file /home/m9d9v9/PycharmProjects/Airflow-2/Airflow-2/.venv/lib/python3.10/site-packages/airflow/example_dags/example_bash_operator.py for tasks to queue
[2024-12-06T22:39:27.423-0600] {logging_mixin.py:190} INFO - [2024-12-06T22:39:27.423-0600] {dagbag.py:588} INFO - Filling up the DagBag from /home/m9d9v9/PycharmProjects/Airflow-2/Airflow-2/.venv/lib/python3.10/site-packages/airflow/example_dags/example_bash_operator.py
[2024-12-06T22:39:27.448-0600] {processor.py:925} INFO - DAG(s) 'example_bash_operator' retrieved from /home/m9d9v9/PycharmProjects/Airflow-2/Airflow-2/.venv/lib/python3.10/site-packages/airflow/example_dags/example_bash_operator.py
[2024-12-06T22:39:27.470-0600] {logging_mixin.py:190} INFO - [2024-12-06T22:39:27.470-0600] {dag.py:3239} INFO - Sync 1 DAGs
[2024-12-06T22:39:27.484-0600] {logging_mixin.py:190} INFO - [2024-12-06T22:39:27.484-0600] {dag.py:4180} INFO - Setting next_dagrun for example_bash_operator to 2024-12-07 00:00:00+00:00, run_after=2024-12-08 00:00:00+00:00
[2024-12-06T22:39:27.500-0600] {processor.py:208} INFO - Processing /home/m9d9v9/PycharmProjects/Airflow-2/Airflow-2/.venv/lib/python3.10/site-packages/airflow/example_dags/example_bash_operator.py took 0.102 seconds
[2024-12-06T22:40:27.228-0600] {processor.py:186} INFO - Started process (PID=15057) to work on /home/m9d9v9/PycharmProjects/Airflow-2/Airflow-2/.venv/lib/python3.10/site-packages/airflow/example_dags/example_bash_operator.py
[2024-12-06T22:40:27.232-0600] {processor.py:914} INFO - Processing file /home/m9d9v9/PycharmProjects/Airflow-2/Airflow-2/.venv/lib/python3.10/site-packages/airflow/example_dags/example_bash_operator.py for tasks to queue
[2024-12-06T22:40:27.238-0600] {logging_mixin.py:190} INFO - [2024-12-06T22:40:27.237-0600] {dagbag.py:588} INFO - Filling up the DagBag from /home/m9d9v9/PycharmProjects/Airflow-2/Airflow-2/.venv/lib/python3.10/site-packages/airflow/example_dags/example_bash_operator.py
[2024-12-06T22:40:27.263-0600] {processor.py:925} INFO - DAG(s) 'example_bash_operator' retrieved from /home/m9d9v9/PycharmProjects/Airflow-2/Airflow-2/.venv/lib/python3.10/site-packages/airflow/example_dags/example_bash_operator.py
[2024-12-06T22:40:27.289-0600] {logging_mixin.py:190} INFO - [2024-12-06T22:40:27.289-0600] {dag.py:3239} INFO - Sync 1 DAGs
[2024-12-06T22:40:27.308-0600] {logging_mixin.py:190} INFO - [2024-12-06T22:40:27.307-0600] {dag.py:4180} INFO - Setting next_dagrun for example_bash_operator to 2024-12-07 00:00:00+00:00, run_after=2024-12-08 00:00:00+00:00
[2024-12-06T22:40:27.322-0600] {processor.py:208} INFO - Processing /home/m9d9v9/PycharmProjects/Airflow-2/Airflow-2/.venv/lib/python3.10/site-packages/airflow/example_dags/example_bash_operator.py took 0.108 seconds
[2024-12-06T22:41:28.422-0600] {processor.py:186} INFO - Started process (PID=15180) to work on /home/m9d9v9/PycharmProjects/Airflow-2/Airflow-2/.venv/lib/python3.10/site-packages/airflow/example_dags/example_bash_operator.py
[2024-12-06T22:41:28.429-0600] {processor.py:914} INFO - Processing file /home/m9d9v9/PycharmProjects/Airflow-2/Airflow-2/.venv/lib/python3.10/site-packages/airflow/example_dags/example_bash_operator.py for tasks to queue
[2024-12-06T22:41:28.432-0600] {logging_mixin.py:190} INFO - [2024-12-06T22:41:28.431-0600] {dagbag.py:588} INFO - Filling up the DagBag from /home/m9d9v9/PycharmProjects/Airflow-2/Airflow-2/.venv/lib/python3.10/site-packages/airflow/example_dags/example_bash_operator.py
[2024-12-06T22:41:28.453-0600] {processor.py:925} INFO - DAG(s) 'example_bash_operator' retrieved from /home/m9d9v9/PycharmProjects/Airflow-2/Airflow-2/.venv/lib/python3.10/site-packages/airflow/example_dags/example_bash_operator.py
[2024-12-06T22:41:28.477-0600] {logging_mixin.py:190} INFO - [2024-12-06T22:41:28.477-0600] {dag.py:3239} INFO - Sync 1 DAGs
[2024-12-06T22:41:28.491-0600] {logging_mixin.py:190} INFO - [2024-12-06T22:41:28.491-0600] {dag.py:4180} INFO - Setting next_dagrun for example_bash_operator to 2024-12-07 00:00:00+00:00, run_after=2024-12-08 00:00:00+00:00
[2024-12-06T22:41:28.504-0600] {processor.py:208} INFO - Processing /home/m9d9v9/PycharmProjects/Airflow-2/Airflow-2/.venv/lib/python3.10/site-packages/airflow/example_dags/example_bash_operator.py took 0.097 seconds
[2024-12-06T23:25:38.345-0600] {processor.py:186} INFO - Started process (PID=17334) to work on /home/m9d9v9/PycharmProjects/Airflow-2/Airflow-2/.venv/lib/python3.10/site-packages/airflow/example_dags/example_bash_operator.py
[2024-12-06T23:25:38.351-0600] {processor.py:914} INFO - Processing file /home/m9d9v9/PycharmProjects/Airflow-2/Airflow-2/.venv/lib/python3.10/site-packages/airflow/example_dags/example_bash_operator.py for tasks to queue
[2024-12-06T23:25:38.353-0600] {logging_mixin.py:190} INFO - [2024-12-06T23:25:38.353-0600] {dagbag.py:588} INFO - Filling up the DagBag from /home/m9d9v9/PycharmProjects/Airflow-2/Airflow-2/.venv/lib/python3.10/site-packages/airflow/example_dags/example_bash_operator.py
[2024-12-06T23:25:38.364-0600] {processor.py:925} INFO - DAG(s) 'example_bash_operator' retrieved from /home/m9d9v9/PycharmProjects/Airflow-2/Airflow-2/.venv/lib/python3.10/site-packages/airflow/example_dags/example_bash_operator.py
[2024-12-06T23:25:38.381-0600] {logging_mixin.py:190} INFO - [2024-12-06T23:25:38.381-0600] {dag.py:3239} INFO - Sync 1 DAGs
[2024-12-06T23:25:38.395-0600] {logging_mixin.py:190} INFO - [2024-12-06T23:25:38.394-0600] {dag.py:4180} INFO - Setting next_dagrun for example_bash_operator to 2024-12-07 00:00:00+00:00, run_after=2024-12-08 00:00:00+00:00
[2024-12-06T23:25:38.407-0600] {processor.py:208} INFO - Processing /home/m9d9v9/PycharmProjects/Airflow-2/Airflow-2/.venv/lib/python3.10/site-packages/airflow/example_dags/example_bash_operator.py took 0.067 seconds
[2024-12-06T23:26:36.197-0600] {processor.py:186} INFO - Started process (PID=17419) to work on /home/m9d9v9/PycharmProjects/Airflow-2/Airflow-2/.venv/lib/python3.10/site-packages/airflow/example_dags/example_bash_operator.py
[2024-12-06T23:26:36.203-0600] {processor.py:914} INFO - Processing file /home/m9d9v9/PycharmProjects/Airflow-2/Airflow-2/.venv/lib/python3.10/site-packages/airflow/example_dags/example_bash_operator.py for tasks to queue
[2024-12-06T23:26:36.204-0600] {logging_mixin.py:190} INFO - [2024-12-06T23:26:36.204-0600] {dagbag.py:588} INFO - Filling up the DagBag from /home/m9d9v9/PycharmProjects/Airflow-2/Airflow-2/.venv/lib/python3.10/site-packages/airflow/example_dags/example_bash_operator.py
[2024-12-06T23:26:36.214-0600] {processor.py:925} INFO - DAG(s) 'example_bash_operator' retrieved from /home/m9d9v9/PycharmProjects/Airflow-2/Airflow-2/.venv/lib/python3.10/site-packages/airflow/example_dags/example_bash_operator.py
[2024-12-06T23:26:36.228-0600] {logging_mixin.py:190} INFO - [2024-12-06T23:26:36.228-0600] {dag.py:3239} INFO - Sync 1 DAGs
[2024-12-06T23:26:36.240-0600] {logging_mixin.py:190} INFO - [2024-12-06T23:26:36.240-0600] {dag.py:4180} INFO - Setting next_dagrun for example_bash_operator to 2024-12-07 00:00:00+00:00, run_after=2024-12-08 00:00:00+00:00
[2024-12-06T23:26:36.252-0600] {processor.py:208} INFO - Processing /home/m9d9v9/PycharmProjects/Airflow-2/Airflow-2/.venv/lib/python3.10/site-packages/airflow/example_dags/example_bash_operator.py took 0.060 seconds
[2024-12-06T23:27:33.153-0600] {processor.py:186} INFO - Started process (PID=17489) to work on /home/m9d9v9/PycharmProjects/Airflow-2/Airflow-2/.venv/lib/python3.10/site-packages/airflow/example_dags/example_bash_operator.py
[2024-12-06T23:27:33.155-0600] {processor.py:914} INFO - Processing file /home/m9d9v9/PycharmProjects/Airflow-2/Airflow-2/.venv/lib/python3.10/site-packages/airflow/example_dags/example_bash_operator.py for tasks to queue
[2024-12-06T23:27:33.159-0600] {logging_mixin.py:190} INFO - [2024-12-06T23:27:33.158-0600] {dagbag.py:588} INFO - Filling up the DagBag from /home/m9d9v9/PycharmProjects/Airflow-2/Airflow-2/.venv/lib/python3.10/site-packages/airflow/example_dags/example_bash_operator.py
[2024-12-06T23:27:33.188-0600] {processor.py:925} INFO - DAG(s) 'example_bash_operator' retrieved from /home/m9d9v9/PycharmProjects/Airflow-2/Airflow-2/.venv/lib/python3.10/site-packages/airflow/example_dags/example_bash_operator.py
[2024-12-06T23:27:33.203-0600] {logging_mixin.py:190} INFO - [2024-12-06T23:27:33.203-0600] {dag.py:3239} INFO - Sync 1 DAGs
[2024-12-06T23:27:33.215-0600] {logging_mixin.py:190} INFO - [2024-12-06T23:27:33.215-0600] {dag.py:4180} INFO - Setting next_dagrun for example_bash_operator to 2024-12-07 00:00:00+00:00, run_after=2024-12-08 00:00:00+00:00
[2024-12-06T23:27:33.226-0600] {processor.py:208} INFO - Processing /home/m9d9v9/PycharmProjects/Airflow-2/Airflow-2/.venv/lib/python3.10/site-packages/airflow/example_dags/example_bash_operator.py took 0.087 seconds
[2024-12-06T23:28:31.113-0600] {processor.py:186} INFO - Started process (PID=17593) to work on /home/m9d9v9/PycharmProjects/Airflow-2/Airflow-2/.venv/lib/python3.10/site-packages/airflow/example_dags/example_bash_operator.py
[2024-12-06T23:28:31.119-0600] {processor.py:914} INFO - Processing file /home/m9d9v9/PycharmProjects/Airflow-2/Airflow-2/.venv/lib/python3.10/site-packages/airflow/example_dags/example_bash_operator.py for tasks to queue
[2024-12-06T23:28:31.121-0600] {logging_mixin.py:190} INFO - [2024-12-06T23:28:31.121-0600] {dagbag.py:588} INFO - Filling up the DagBag from /home/m9d9v9/PycharmProjects/Airflow-2/Airflow-2/.venv/lib/python3.10/site-packages/airflow/example_dags/example_bash_operator.py
[2024-12-06T23:28:31.130-0600] {processor.py:925} INFO - DAG(s) 'example_bash_operator' retrieved from /home/m9d9v9/PycharmProjects/Airflow-2/Airflow-2/.venv/lib/python3.10/site-packages/airflow/example_dags/example_bash_operator.py
[2024-12-06T23:28:31.143-0600] {logging_mixin.py:190} INFO - [2024-12-06T23:28:31.143-0600] {dag.py:3239} INFO - Sync 1 DAGs
[2024-12-06T23:28:31.156-0600] {logging_mixin.py:190} INFO - [2024-12-06T23:28:31.155-0600] {dag.py:4180} INFO - Setting next_dagrun for example_bash_operator to 2024-12-07 00:00:00+00:00, run_after=2024-12-08 00:00:00+00:00
[2024-12-06T23:28:31.166-0600] {processor.py:208} INFO - Processing /home/m9d9v9/PycharmProjects/Airflow-2/Airflow-2/.venv/lib/python3.10/site-packages/airflow/example_dags/example_bash_operator.py took 0.057 seconds
[2024-12-06T23:29:27.307-0600] {processor.py:186} INFO - Started process (PID=17735) to work on /home/m9d9v9/PycharmProjects/Airflow-2/Airflow-2/.venv/lib/python3.10/site-packages/airflow/example_dags/example_bash_operator.py
[2024-12-06T23:29:27.313-0600] {processor.py:914} INFO - Processing file /home/m9d9v9/PycharmProjects/Airflow-2/Airflow-2/.venv/lib/python3.10/site-packages/airflow/example_dags/example_bash_operator.py for tasks to queue
[2024-12-06T23:29:27.315-0600] {logging_mixin.py:190} INFO - [2024-12-06T23:29:27.314-0600] {dagbag.py:588} INFO - Filling up the DagBag from /home/m9d9v9/PycharmProjects/Airflow-2/Airflow-2/.venv/lib/python3.10/site-packages/airflow/example_dags/example_bash_operator.py
[2024-12-06T23:29:27.330-0600] {processor.py:925} INFO - DAG(s) 'example_bash_operator' retrieved from /home/m9d9v9/PycharmProjects/Airflow-2/Airflow-2/.venv/lib/python3.10/site-packages/airflow/example_dags/example_bash_operator.py
[2024-12-06T23:29:27.353-0600] {logging_mixin.py:190} INFO - [2024-12-06T23:29:27.353-0600] {dag.py:3239} INFO - Sync 1 DAGs
[2024-12-06T23:29:27.370-0600] {logging_mixin.py:190} INFO - [2024-12-06T23:29:27.370-0600] {dag.py:4180} INFO - Setting next_dagrun for example_bash_operator to 2024-12-07 00:00:00+00:00, run_after=2024-12-08 00:00:00+00:00
[2024-12-06T23:29:27.499-0600] {processor.py:208} INFO - Processing /home/m9d9v9/PycharmProjects/Airflow-2/Airflow-2/.venv/lib/python3.10/site-packages/airflow/example_dags/example_bash_operator.py took 0.199 seconds
[2024-12-06T23:30:24.051-0600] {processor.py:186} INFO - Started process (PID=17850) to work on /home/m9d9v9/PycharmProjects/Airflow-2/Airflow-2/.venv/lib/python3.10/site-packages/airflow/example_dags/example_bash_operator.py
[2024-12-06T23:30:24.058-0600] {processor.py:914} INFO - Processing file /home/m9d9v9/PycharmProjects/Airflow-2/Airflow-2/.venv/lib/python3.10/site-packages/airflow/example_dags/example_bash_operator.py for tasks to queue
[2024-12-06T23:30:24.061-0600] {logging_mixin.py:190} INFO - [2024-12-06T23:30:24.060-0600] {dagbag.py:588} INFO - Filling up the DagBag from /home/m9d9v9/PycharmProjects/Airflow-2/Airflow-2/.venv/lib/python3.10/site-packages/airflow/example_dags/example_bash_operator.py
[2024-12-06T23:30:24.086-0600] {processor.py:925} INFO - DAG(s) 'example_bash_operator' retrieved from /home/m9d9v9/PycharmProjects/Airflow-2/Airflow-2/.venv/lib/python3.10/site-packages/airflow/example_dags/example_bash_operator.py
[2024-12-06T23:30:24.110-0600] {logging_mixin.py:190} INFO - [2024-12-06T23:30:24.110-0600] {dag.py:3239} INFO - Sync 1 DAGs
[2024-12-06T23:30:24.122-0600] {logging_mixin.py:190} INFO - [2024-12-06T23:30:24.121-0600] {dag.py:4180} INFO - Setting next_dagrun for example_bash_operator to 2024-12-07 00:00:00+00:00, run_after=2024-12-08 00:00:00+00:00
[2024-12-06T23:30:24.133-0600] {processor.py:208} INFO - Processing /home/m9d9v9/PycharmProjects/Airflow-2/Airflow-2/.venv/lib/python3.10/site-packages/airflow/example_dags/example_bash_operator.py took 0.093 seconds
[2024-12-06T23:31:20.742-0600] {processor.py:186} INFO - Started process (PID=17928) to work on /home/m9d9v9/PycharmProjects/Airflow-2/Airflow-2/.venv/lib/python3.10/site-packages/airflow/example_dags/example_bash_operator.py
[2024-12-06T23:31:20.749-0600] {processor.py:914} INFO - Processing file /home/m9d9v9/PycharmProjects/Airflow-2/Airflow-2/.venv/lib/python3.10/site-packages/airflow/example_dags/example_bash_operator.py for tasks to queue
[2024-12-06T23:31:20.751-0600] {logging_mixin.py:190} INFO - [2024-12-06T23:31:20.750-0600] {dagbag.py:588} INFO - Filling up the DagBag from /home/m9d9v9/PycharmProjects/Airflow-2/Airflow-2/.venv/lib/python3.10/site-packages/airflow/example_dags/example_bash_operator.py
[2024-12-06T23:31:20.777-0600] {processor.py:925} INFO - DAG(s) 'example_bash_operator' retrieved from /home/m9d9v9/PycharmProjects/Airflow-2/Airflow-2/.venv/lib/python3.10/site-packages/airflow/example_dags/example_bash_operator.py
[2024-12-06T23:31:20.799-0600] {logging_mixin.py:190} INFO - [2024-12-06T23:31:20.798-0600] {dag.py:3239} INFO - Sync 1 DAGs
[2024-12-06T23:31:20.811-0600] {logging_mixin.py:190} INFO - [2024-12-06T23:31:20.811-0600] {dag.py:4180} INFO - Setting next_dagrun for example_bash_operator to 2024-12-07 00:00:00+00:00, run_after=2024-12-08 00:00:00+00:00
[2024-12-06T23:31:20.822-0600] {processor.py:208} INFO - Processing /home/m9d9v9/PycharmProjects/Airflow-2/Airflow-2/.venv/lib/python3.10/site-packages/airflow/example_dags/example_bash_operator.py took 0.092 seconds
[2024-12-06T23:32:18.883-0600] {processor.py:186} INFO - Started process (PID=18037) to work on /home/m9d9v9/PycharmProjects/Airflow-2/Airflow-2/.venv/lib/python3.10/site-packages/airflow/example_dags/example_bash_operator.py
[2024-12-06T23:32:18.890-0600] {processor.py:914} INFO - Processing file /home/m9d9v9/PycharmProjects/Airflow-2/Airflow-2/.venv/lib/python3.10/site-packages/airflow/example_dags/example_bash_operator.py for tasks to queue
[2024-12-06T23:32:18.892-0600] {logging_mixin.py:190} INFO - [2024-12-06T23:32:18.892-0600] {dagbag.py:588} INFO - Filling up the DagBag from /home/m9d9v9/PycharmProjects/Airflow-2/Airflow-2/.venv/lib/python3.10/site-packages/airflow/example_dags/example_bash_operator.py
[2024-12-06T23:32:18.918-0600] {processor.py:925} INFO - DAG(s) 'example_bash_operator' retrieved from /home/m9d9v9/PycharmProjects/Airflow-2/Airflow-2/.venv/lib/python3.10/site-packages/airflow/example_dags/example_bash_operator.py
[2024-12-06T23:32:18.940-0600] {logging_mixin.py:190} INFO - [2024-12-06T23:32:18.940-0600] {dag.py:3239} INFO - Sync 1 DAGs
[2024-12-06T23:32:18.952-0600] {logging_mixin.py:190} INFO - [2024-12-06T23:32:18.952-0600] {dag.py:4180} INFO - Setting next_dagrun for example_bash_operator to 2024-12-07 00:00:00+00:00, run_after=2024-12-08 00:00:00+00:00
[2024-12-06T23:32:18.963-0600] {processor.py:208} INFO - Processing /home/m9d9v9/PycharmProjects/Airflow-2/Airflow-2/.venv/lib/python3.10/site-packages/airflow/example_dags/example_bash_operator.py took 0.092 seconds
[2024-12-06T23:33:16.181-0600] {processor.py:186} INFO - Started process (PID=18107) to work on /home/m9d9v9/PycharmProjects/Airflow-2/Airflow-2/.venv/lib/python3.10/site-packages/airflow/example_dags/example_bash_operator.py
[2024-12-06T23:33:16.187-0600] {processor.py:914} INFO - Processing file /home/m9d9v9/PycharmProjects/Airflow-2/Airflow-2/.venv/lib/python3.10/site-packages/airflow/example_dags/example_bash_operator.py for tasks to queue
[2024-12-06T23:33:16.188-0600] {logging_mixin.py:190} INFO - [2024-12-06T23:33:16.188-0600] {dagbag.py:588} INFO - Filling up the DagBag from /home/m9d9v9/PycharmProjects/Airflow-2/Airflow-2/.venv/lib/python3.10/site-packages/airflow/example_dags/example_bash_operator.py
[2024-12-06T23:33:16.211-0600] {processor.py:925} INFO - DAG(s) 'example_bash_operator' retrieved from /home/m9d9v9/PycharmProjects/Airflow-2/Airflow-2/.venv/lib/python3.10/site-packages/airflow/example_dags/example_bash_operator.py
[2024-12-06T23:33:16.237-0600] {logging_mixin.py:190} INFO - [2024-12-06T23:33:16.237-0600] {dag.py:3239} INFO - Sync 1 DAGs
[2024-12-06T23:33:16.342-0600] {logging_mixin.py:190} INFO - [2024-12-06T23:33:16.342-0600] {dag.py:4180} INFO - Setting next_dagrun for example_bash_operator to 2024-12-07 00:00:00+00:00, run_after=2024-12-08 00:00:00+00:00
[2024-12-06T23:33:16.358-0600] {processor.py:208} INFO - Processing /home/m9d9v9/PycharmProjects/Airflow-2/Airflow-2/.venv/lib/python3.10/site-packages/airflow/example_dags/example_bash_operator.py took 0.187 seconds
[2024-12-06T23:34:11.452-0600] {processor.py:186} INFO - Started process (PID=18177) to work on /home/m9d9v9/PycharmProjects/Airflow-2/Airflow-2/.venv/lib/python3.10/site-packages/airflow/example_dags/example_bash_operator.py
[2024-12-06T23:34:11.459-0600] {processor.py:914} INFO - Processing file /home/m9d9v9/PycharmProjects/Airflow-2/Airflow-2/.venv/lib/python3.10/site-packages/airflow/example_dags/example_bash_operator.py for tasks to queue
[2024-12-06T23:34:11.461-0600] {logging_mixin.py:190} INFO - [2024-12-06T23:34:11.461-0600] {dagbag.py:588} INFO - Filling up the DagBag from /home/m9d9v9/PycharmProjects/Airflow-2/Airflow-2/.venv/lib/python3.10/site-packages/airflow/example_dags/example_bash_operator.py
[2024-12-06T23:34:11.487-0600] {processor.py:925} INFO - DAG(s) 'example_bash_operator' retrieved from /home/m9d9v9/PycharmProjects/Airflow-2/Airflow-2/.venv/lib/python3.10/site-packages/airflow/example_dags/example_bash_operator.py
[2024-12-06T23:34:11.507-0600] {logging_mixin.py:190} INFO - [2024-12-06T23:34:11.507-0600] {dag.py:3239} INFO - Sync 1 DAGs
[2024-12-06T23:34:11.519-0600] {logging_mixin.py:190} INFO - [2024-12-06T23:34:11.519-0600] {dag.py:4180} INFO - Setting next_dagrun for example_bash_operator to 2024-12-07 00:00:00+00:00, run_after=2024-12-08 00:00:00+00:00
[2024-12-06T23:34:11.625-0600] {processor.py:208} INFO - Processing /home/m9d9v9/PycharmProjects/Airflow-2/Airflow-2/.venv/lib/python3.10/site-packages/airflow/example_dags/example_bash_operator.py took 0.185 seconds
[2024-12-06T23:35:12.508-0600] {processor.py:186} INFO - Started process (PID=18309) to work on /home/m9d9v9/PycharmProjects/Airflow-2/Airflow-2/.venv/lib/python3.10/site-packages/airflow/example_dags/example_bash_operator.py
[2024-12-06T23:35:12.514-0600] {processor.py:914} INFO - Processing file /home/m9d9v9/PycharmProjects/Airflow-2/Airflow-2/.venv/lib/python3.10/site-packages/airflow/example_dags/example_bash_operator.py for tasks to queue
[2024-12-06T23:35:12.516-0600] {logging_mixin.py:190} INFO - [2024-12-06T23:35:12.516-0600] {dagbag.py:588} INFO - Filling up the DagBag from /home/m9d9v9/PycharmProjects/Airflow-2/Airflow-2/.venv/lib/python3.10/site-packages/airflow/example_dags/example_bash_operator.py
[2024-12-06T23:35:12.541-0600] {processor.py:925} INFO - DAG(s) 'example_bash_operator' retrieved from /home/m9d9v9/PycharmProjects/Airflow-2/Airflow-2/.venv/lib/python3.10/site-packages/airflow/example_dags/example_bash_operator.py
[2024-12-06T23:35:12.563-0600] {logging_mixin.py:190} INFO - [2024-12-06T23:35:12.562-0600] {dag.py:3239} INFO - Sync 1 DAGs
[2024-12-06T23:35:12.575-0600] {logging_mixin.py:190} INFO - [2024-12-06T23:35:12.575-0600] {dag.py:4180} INFO - Setting next_dagrun for example_bash_operator to 2024-12-07 00:00:00+00:00, run_after=2024-12-08 00:00:00+00:00
[2024-12-06T23:35:12.587-0600] {processor.py:208} INFO - Processing /home/m9d9v9/PycharmProjects/Airflow-2/Airflow-2/.venv/lib/python3.10/site-packages/airflow/example_dags/example_bash_operator.py took 0.091 seconds
[2024-12-06T23:36:16.520-0600] {processor.py:186} INFO - Started process (PID=18384) to work on /home/m9d9v9/PycharmProjects/Airflow-2/Airflow-2/.venv/lib/python3.10/site-packages/airflow/example_dags/example_bash_operator.py
[2024-12-06T23:36:16.527-0600] {processor.py:914} INFO - Processing file /home/m9d9v9/PycharmProjects/Airflow-2/Airflow-2/.venv/lib/python3.10/site-packages/airflow/example_dags/example_bash_operator.py for tasks to queue
[2024-12-06T23:36:16.528-0600] {logging_mixin.py:190} INFO - [2024-12-06T23:36:16.527-0600] {dagbag.py:588} INFO - Filling up the DagBag from /home/m9d9v9/PycharmProjects/Airflow-2/Airflow-2/.venv/lib/python3.10/site-packages/airflow/example_dags/example_bash_operator.py
[2024-12-06T23:36:16.552-0600] {processor.py:925} INFO - DAG(s) 'example_bash_operator' retrieved from /home/m9d9v9/PycharmProjects/Airflow-2/Airflow-2/.venv/lib/python3.10/site-packages/airflow/example_dags/example_bash_operator.py
[2024-12-06T23:36:16.578-0600] {logging_mixin.py:190} INFO - [2024-12-06T23:36:16.578-0600] {dag.py:3239} INFO - Sync 1 DAGs
[2024-12-06T23:36:16.591-0600] {logging_mixin.py:190} INFO - [2024-12-06T23:36:16.591-0600] {dag.py:4180} INFO - Setting next_dagrun for example_bash_operator to 2024-12-07 00:00:00+00:00, run_after=2024-12-08 00:00:00+00:00
[2024-12-06T23:36:16.603-0600] {processor.py:208} INFO - Processing /home/m9d9v9/PycharmProjects/Airflow-2/Airflow-2/.venv/lib/python3.10/site-packages/airflow/example_dags/example_bash_operator.py took 0.095 seconds
[2024-12-06T23:37:16.884-0600] {processor.py:186} INFO - Started process (PID=18620) to work on /home/m9d9v9/PycharmProjects/Airflow-2/Airflow-2/.venv/lib/python3.10/site-packages/airflow/example_dags/example_bash_operator.py
[2024-12-06T23:37:16.891-0600] {processor.py:914} INFO - Processing file /home/m9d9v9/PycharmProjects/Airflow-2/Airflow-2/.venv/lib/python3.10/site-packages/airflow/example_dags/example_bash_operator.py for tasks to queue
[2024-12-06T23:37:16.894-0600] {logging_mixin.py:190} INFO - [2024-12-06T23:37:16.893-0600] {dagbag.py:588} INFO - Filling up the DagBag from /home/m9d9v9/PycharmProjects/Airflow-2/Airflow-2/.venv/lib/python3.10/site-packages/airflow/example_dags/example_bash_operator.py
[2024-12-06T23:37:16.921-0600] {processor.py:925} INFO - DAG(s) 'example_bash_operator' retrieved from /home/m9d9v9/PycharmProjects/Airflow-2/Airflow-2/.venv/lib/python3.10/site-packages/airflow/example_dags/example_bash_operator.py
[2024-12-06T23:37:17.032-0600] {logging_mixin.py:190} INFO - [2024-12-06T23:37:17.032-0600] {dag.py:3239} INFO - Sync 1 DAGs
[2024-12-06T23:37:17.043-0600] {logging_mixin.py:190} INFO - [2024-12-06T23:37:17.043-0600] {dag.py:4180} INFO - Setting next_dagrun for example_bash_operator to 2024-12-07 00:00:00+00:00, run_after=2024-12-08 00:00:00+00:00
[2024-12-06T23:37:17.059-0600] {processor.py:208} INFO - Processing /home/m9d9v9/PycharmProjects/Airflow-2/Airflow-2/.venv/lib/python3.10/site-packages/airflow/example_dags/example_bash_operator.py took 0.184 seconds
[2024-12-06T23:38:18.287-0600] {processor.py:186} INFO - Started process (PID=18789) to work on /home/m9d9v9/PycharmProjects/Airflow-2/Airflow-2/.venv/lib/python3.10/site-packages/airflow/example_dags/example_bash_operator.py
[2024-12-06T23:38:18.289-0600] {processor.py:914} INFO - Processing file /home/m9d9v9/PycharmProjects/Airflow-2/Airflow-2/.venv/lib/python3.10/site-packages/airflow/example_dags/example_bash_operator.py for tasks to queue
[2024-12-06T23:38:18.291-0600] {logging_mixin.py:190} INFO - [2024-12-06T23:38:18.291-0600] {dagbag.py:588} INFO - Filling up the DagBag from /home/m9d9v9/PycharmProjects/Airflow-2/Airflow-2/.venv/lib/python3.10/site-packages/airflow/example_dags/example_bash_operator.py
[2024-12-06T23:38:18.318-0600] {processor.py:925} INFO - DAG(s) 'example_bash_operator' retrieved from /home/m9d9v9/PycharmProjects/Airflow-2/Airflow-2/.venv/lib/python3.10/site-packages/airflow/example_dags/example_bash_operator.py
[2024-12-06T23:38:18.333-0600] {logging_mixin.py:190} INFO - [2024-12-06T23:38:18.333-0600] {dag.py:3239} INFO - Sync 1 DAGs
[2024-12-06T23:38:18.345-0600] {logging_mixin.py:190} INFO - [2024-12-06T23:38:18.345-0600] {dag.py:4180} INFO - Setting next_dagrun for example_bash_operator to 2024-12-07 00:00:00+00:00, run_after=2024-12-08 00:00:00+00:00
[2024-12-06T23:38:18.356-0600] {processor.py:208} INFO - Processing /home/m9d9v9/PycharmProjects/Airflow-2/Airflow-2/.venv/lib/python3.10/site-packages/airflow/example_dags/example_bash_operator.py took 0.080 seconds
[2024-12-06T23:39:24.104-0600] {processor.py:186} INFO - Started process (PID=19048) to work on /home/m9d9v9/PycharmProjects/Airflow-2/Airflow-2/.venv/lib/python3.10/site-packages/airflow/example_dags/example_bash_operator.py
[2024-12-06T23:39:24.104-0600] {processor.py:914} INFO - Processing file /home/m9d9v9/PycharmProjects/Airflow-2/Airflow-2/.venv/lib/python3.10/site-packages/airflow/example_dags/example_bash_operator.py for tasks to queue
[2024-12-06T23:39:24.105-0600] {logging_mixin.py:190} INFO - [2024-12-06T23:39:24.105-0600] {dagbag.py:588} INFO - Filling up the DagBag from /home/m9d9v9/PycharmProjects/Airflow-2/Airflow-2/.venv/lib/python3.10/site-packages/airflow/example_dags/example_bash_operator.py
[2024-12-06T23:39:24.116-0600] {processor.py:925} INFO - DAG(s) 'example_bash_operator' retrieved from /home/m9d9v9/PycharmProjects/Airflow-2/Airflow-2/.venv/lib/python3.10/site-packages/airflow/example_dags/example_bash_operator.py
[2024-12-06T23:39:24.134-0600] {logging_mixin.py:190} INFO - [2024-12-06T23:39:24.134-0600] {dag.py:3239} INFO - Sync 1 DAGs
[2024-12-06T23:39:24.150-0600] {logging_mixin.py:190} INFO - [2024-12-06T23:39:24.150-0600] {dag.py:4180} INFO - Setting next_dagrun for example_bash_operator to 2024-12-07 00:00:00+00:00, run_after=2024-12-08 00:00:00+00:00
[2024-12-06T23:39:24.164-0600] {processor.py:208} INFO - Processing /home/m9d9v9/PycharmProjects/Airflow-2/Airflow-2/.venv/lib/python3.10/site-packages/airflow/example_dags/example_bash_operator.py took 0.065 seconds
[2024-12-06T23:40:21.172-0600] {processor.py:186} INFO - Started process (PID=19230) to work on /home/m9d9v9/PycharmProjects/Airflow-2/Airflow-2/.venv/lib/python3.10/site-packages/airflow/example_dags/example_bash_operator.py
[2024-12-06T23:40:21.174-0600] {processor.py:914} INFO - Processing file /home/m9d9v9/PycharmProjects/Airflow-2/Airflow-2/.venv/lib/python3.10/site-packages/airflow/example_dags/example_bash_operator.py for tasks to queue
[2024-12-06T23:40:21.175-0600] {logging_mixin.py:190} INFO - [2024-12-06T23:40:21.175-0600] {dagbag.py:588} INFO - Filling up the DagBag from /home/m9d9v9/PycharmProjects/Airflow-2/Airflow-2/.venv/lib/python3.10/site-packages/airflow/example_dags/example_bash_operator.py
[2024-12-06T23:40:21.194-0600] {processor.py:925} INFO - DAG(s) 'example_bash_operator' retrieved from /home/m9d9v9/PycharmProjects/Airflow-2/Airflow-2/.venv/lib/python3.10/site-packages/airflow/example_dags/example_bash_operator.py
[2024-12-06T23:40:21.218-0600] {logging_mixin.py:190} INFO - [2024-12-06T23:40:21.218-0600] {dag.py:3239} INFO - Sync 1 DAGs
[2024-12-06T23:40:21.233-0600] {logging_mixin.py:190} INFO - [2024-12-06T23:40:21.232-0600] {dag.py:4180} INFO - Setting next_dagrun for example_bash_operator to 2024-12-07 00:00:00+00:00, run_after=2024-12-08 00:00:00+00:00
[2024-12-06T23:40:21.245-0600] {processor.py:208} INFO - Processing /home/m9d9v9/PycharmProjects/Airflow-2/Airflow-2/.venv/lib/python3.10/site-packages/airflow/example_dags/example_bash_operator.py took 0.080 seconds
[2024-12-06T23:41:17.573-0600] {processor.py:186} INFO - Started process (PID=19325) to work on /home/m9d9v9/PycharmProjects/Airflow-2/Airflow-2/.venv/lib/python3.10/site-packages/airflow/example_dags/example_bash_operator.py
[2024-12-06T23:41:17.579-0600] {processor.py:914} INFO - Processing file /home/m9d9v9/PycharmProjects/Airflow-2/Airflow-2/.venv/lib/python3.10/site-packages/airflow/example_dags/example_bash_operator.py for tasks to queue
[2024-12-06T23:41:17.581-0600] {logging_mixin.py:190} INFO - [2024-12-06T23:41:17.580-0600] {dagbag.py:588} INFO - Filling up the DagBag from /home/m9d9v9/PycharmProjects/Airflow-2/Airflow-2/.venv/lib/python3.10/site-packages/airflow/example_dags/example_bash_operator.py
[2024-12-06T23:41:17.591-0600] {processor.py:925} INFO - DAG(s) 'example_bash_operator' retrieved from /home/m9d9v9/PycharmProjects/Airflow-2/Airflow-2/.venv/lib/python3.10/site-packages/airflow/example_dags/example_bash_operator.py
[2024-12-06T23:41:17.609-0600] {logging_mixin.py:190} INFO - [2024-12-06T23:41:17.609-0600] {dag.py:3239} INFO - Sync 1 DAGs
[2024-12-06T23:41:17.623-0600] {logging_mixin.py:190} INFO - [2024-12-06T23:41:17.622-0600] {dag.py:4180} INFO - Setting next_dagrun for example_bash_operator to 2024-12-07 00:00:00+00:00, run_after=2024-12-08 00:00:00+00:00
[2024-12-06T23:41:17.637-0600] {processor.py:208} INFO - Processing /home/m9d9v9/PycharmProjects/Airflow-2/Airflow-2/.venv/lib/python3.10/site-packages/airflow/example_dags/example_bash_operator.py took 0.069 seconds
