[2024-12-06T22:18:43.613-0600] {processor.py:186} INFO - Started process (PID=12485) to work on /home/m9d9v9/PycharmProjects/Airflow-2/Airflow-2/.venv/lib/python3.10/site-packages/airflow/example_dags/example_nested_branch_dag.py
[2024-12-06T22:18:43.614-0600] {processor.py:914} INFO - Processing file /home/m9d9v9/PycharmProjects/Airflow-2/Airflow-2/.venv/lib/python3.10/site-packages/airflow/example_dags/example_nested_branch_dag.py for tasks to queue
[2024-12-06T22:18:43.619-0600] {logging_mixin.py:190} INFO - [2024-12-06T22:18:43.619-0600] {dagbag.py:588} INFO - Filling up the DagBag from /home/m9d9v9/PycharmProjects/Airflow-2/Airflow-2/.venv/lib/python3.10/site-packages/airflow/example_dags/example_nested_branch_dag.py
[2024-12-06T22:18:43.634-0600] {processor.py:925} INFO - DAG(s) 'example_nested_branch_dag' retrieved from /home/m9d9v9/PycharmProjects/Airflow-2/Airflow-2/.venv/lib/python3.10/site-packages/airflow/example_dags/example_nested_branch_dag.py
[2024-12-06T22:18:43.762-0600] {logging_mixin.py:190} INFO - [2024-12-06T22:18:43.759-0600] {override.py:1911} INFO - Created Permission View: can edit on DAG:example_nested_branch_dag
[2024-12-06T22:18:43.786-0600] {logging_mixin.py:190} INFO - [2024-12-06T22:18:43.784-0600] {override.py:1911} INFO - Created Permission View: can read on DAG:example_nested_branch_dag
[2024-12-06T22:18:43.812-0600] {logging_mixin.py:190} INFO - [2024-12-06T22:18:43.811-0600] {override.py:1911} INFO - Created Permission View: can delete on DAG:example_nested_branch_dag
[2024-12-06T22:18:43.831-0600] {logging_mixin.py:190} INFO - [2024-12-06T22:18:43.830-0600] {override.py:1911} INFO - Created Permission View: menu access on DAG Run:example_nested_branch_dag
[2024-12-06T22:18:43.841-0600] {logging_mixin.py:190} INFO - [2024-12-06T22:18:43.840-0600] {override.py:1911} INFO - Created Permission View: can create on DAG Run:example_nested_branch_dag
[2024-12-06T22:18:43.850-0600] {logging_mixin.py:190} INFO - [2024-12-06T22:18:43.849-0600] {override.py:1911} INFO - Created Permission View: can read on DAG Run:example_nested_branch_dag
[2024-12-06T22:18:43.860-0600] {logging_mixin.py:190} INFO - [2024-12-06T22:18:43.859-0600] {override.py:1911} INFO - Created Permission View: can delete on DAG Run:example_nested_branch_dag
[2024-12-06T22:18:43.860-0600] {logging_mixin.py:190} INFO - [2024-12-06T22:18:43.860-0600] {dag.py:3239} INFO - Sync 1 DAGs
[2024-12-06T22:18:43.874-0600] {logging_mixin.py:190} INFO - [2024-12-06T22:18:43.874-0600] {dag.py:3262} INFO - Creating ORM DAG for example_nested_branch_dag
[2024-12-06T22:18:43.887-0600] {logging_mixin.py:190} INFO - [2024-12-06T22:18:43.886-0600] {dag.py:4180} INFO - Setting next_dagrun for example_nested_branch_dag to 2024-12-06 00:00:00+00:00, run_after=2024-12-07 00:00:00+00:00
[2024-12-06T22:18:43.917-0600] {processor.py:208} INFO - Processing /home/m9d9v9/PycharmProjects/Airflow-2/Airflow-2/.venv/lib/python3.10/site-packages/airflow/example_dags/example_nested_branch_dag.py took 0.310 seconds
[2024-12-06T22:19:46.956-0600] {processor.py:186} INFO - Started process (PID=12591) to work on /home/m9d9v9/PycharmProjects/Airflow-2/Airflow-2/.venv/lib/python3.10/site-packages/airflow/example_dags/example_nested_branch_dag.py
[2024-12-06T22:19:46.964-0600] {processor.py:914} INFO - Processing file /home/m9d9v9/PycharmProjects/Airflow-2/Airflow-2/.venv/lib/python3.10/site-packages/airflow/example_dags/example_nested_branch_dag.py for tasks to queue
[2024-12-06T22:19:46.969-0600] {logging_mixin.py:190} INFO - [2024-12-06T22:19:46.968-0600] {dagbag.py:588} INFO - Filling up the DagBag from /home/m9d9v9/PycharmProjects/Airflow-2/Airflow-2/.venv/lib/python3.10/site-packages/airflow/example_dags/example_nested_branch_dag.py
[2024-12-06T22:19:46.987-0600] {processor.py:925} INFO - DAG(s) 'example_nested_branch_dag' retrieved from /home/m9d9v9/PycharmProjects/Airflow-2/Airflow-2/.venv/lib/python3.10/site-packages/airflow/example_dags/example_nested_branch_dag.py
[2024-12-06T22:19:47.008-0600] {logging_mixin.py:190} INFO - [2024-12-06T22:19:47.008-0600] {dag.py:3239} INFO - Sync 1 DAGs
[2024-12-06T22:19:47.021-0600] {logging_mixin.py:190} INFO - [2024-12-06T22:19:47.021-0600] {dag.py:4180} INFO - Setting next_dagrun for example_nested_branch_dag to 2024-12-06 00:00:00+00:00, run_after=2024-12-07 00:00:00+00:00
[2024-12-06T22:19:47.034-0600] {processor.py:208} INFO - Processing /home/m9d9v9/PycharmProjects/Airflow-2/Airflow-2/.venv/lib/python3.10/site-packages/airflow/example_dags/example_nested_branch_dag.py took 0.091 seconds
[2024-12-06T22:20:40.501-0600] {processor.py:186} INFO - Started process (PID=12681) to work on /home/m9d9v9/PycharmProjects/Airflow-2/Airflow-2/.venv/lib/python3.10/site-packages/airflow/example_dags/example_nested_branch_dag.py
[2024-12-06T22:20:40.508-0600] {processor.py:914} INFO - Processing file /home/m9d9v9/PycharmProjects/Airflow-2/Airflow-2/.venv/lib/python3.10/site-packages/airflow/example_dags/example_nested_branch_dag.py for tasks to queue
[2024-12-06T22:20:40.513-0600] {logging_mixin.py:190} INFO - [2024-12-06T22:20:40.512-0600] {dagbag.py:588} INFO - Filling up the DagBag from /home/m9d9v9/PycharmProjects/Airflow-2/Airflow-2/.venv/lib/python3.10/site-packages/airflow/example_dags/example_nested_branch_dag.py
[2024-12-06T22:20:40.537-0600] {processor.py:925} INFO - DAG(s) 'example_nested_branch_dag' retrieved from /home/m9d9v9/PycharmProjects/Airflow-2/Airflow-2/.venv/lib/python3.10/site-packages/airflow/example_dags/example_nested_branch_dag.py
[2024-12-06T22:20:40.554-0600] {logging_mixin.py:190} INFO - [2024-12-06T22:20:40.554-0600] {dag.py:3239} INFO - Sync 1 DAGs
[2024-12-06T22:20:40.567-0600] {logging_mixin.py:190} INFO - [2024-12-06T22:20:40.567-0600] {dag.py:4180} INFO - Setting next_dagrun for example_nested_branch_dag to 2024-12-06 00:00:00+00:00, run_after=2024-12-07 00:00:00+00:00
[2024-12-06T22:20:40.581-0600] {processor.py:208} INFO - Processing /home/m9d9v9/PycharmProjects/Airflow-2/Airflow-2/.venv/lib/python3.10/site-packages/airflow/example_dags/example_nested_branch_dag.py took 0.092 seconds
[2024-12-06T22:21:33.365-0600] {processor.py:186} INFO - Started process (PID=12749) to work on /home/m9d9v9/PycharmProjects/Airflow-2/Airflow-2/.venv/lib/python3.10/site-packages/airflow/example_dags/example_nested_branch_dag.py
[2024-12-06T22:21:33.371-0600] {processor.py:914} INFO - Processing file /home/m9d9v9/PycharmProjects/Airflow-2/Airflow-2/.venv/lib/python3.10/site-packages/airflow/example_dags/example_nested_branch_dag.py for tasks to queue
[2024-12-06T22:21:33.374-0600] {logging_mixin.py:190} INFO - [2024-12-06T22:21:33.374-0600] {dagbag.py:588} INFO - Filling up the DagBag from /home/m9d9v9/PycharmProjects/Airflow-2/Airflow-2/.venv/lib/python3.10/site-packages/airflow/example_dags/example_nested_branch_dag.py
[2024-12-06T22:21:33.384-0600] {processor.py:925} INFO - DAG(s) 'example_nested_branch_dag' retrieved from /home/m9d9v9/PycharmProjects/Airflow-2/Airflow-2/.venv/lib/python3.10/site-packages/airflow/example_dags/example_nested_branch_dag.py
[2024-12-06T22:21:33.397-0600] {logging_mixin.py:190} INFO - [2024-12-06T22:21:33.397-0600] {dag.py:3239} INFO - Sync 1 DAGs
[2024-12-06T22:21:33.412-0600] {logging_mixin.py:190} INFO - [2024-12-06T22:21:33.412-0600] {dag.py:4180} INFO - Setting next_dagrun for example_nested_branch_dag to 2024-12-06 00:00:00+00:00, run_after=2024-12-07 00:00:00+00:00
[2024-12-06T22:21:33.426-0600] {processor.py:208} INFO - Processing /home/m9d9v9/PycharmProjects/Airflow-2/Airflow-2/.venv/lib/python3.10/site-packages/airflow/example_dags/example_nested_branch_dag.py took 0.066 seconds
[2024-12-06T22:22:29.559-0600] {processor.py:186} INFO - Started process (PID=12825) to work on /home/m9d9v9/PycharmProjects/Airflow-2/Airflow-2/.venv/lib/python3.10/site-packages/airflow/example_dags/example_nested_branch_dag.py
[2024-12-06T22:22:29.566-0600] {processor.py:914} INFO - Processing file /home/m9d9v9/PycharmProjects/Airflow-2/Airflow-2/.venv/lib/python3.10/site-packages/airflow/example_dags/example_nested_branch_dag.py for tasks to queue
[2024-12-06T22:22:29.571-0600] {logging_mixin.py:190} INFO - [2024-12-06T22:22:29.570-0600] {dagbag.py:588} INFO - Filling up the DagBag from /home/m9d9v9/PycharmProjects/Airflow-2/Airflow-2/.venv/lib/python3.10/site-packages/airflow/example_dags/example_nested_branch_dag.py
[2024-12-06T22:22:29.596-0600] {processor.py:925} INFO - DAG(s) 'example_nested_branch_dag' retrieved from /home/m9d9v9/PycharmProjects/Airflow-2/Airflow-2/.venv/lib/python3.10/site-packages/airflow/example_dags/example_nested_branch_dag.py
[2024-12-06T22:22:29.616-0600] {logging_mixin.py:190} INFO - [2024-12-06T22:22:29.616-0600] {dag.py:3239} INFO - Sync 1 DAGs
[2024-12-06T22:22:29.631-0600] {logging_mixin.py:190} INFO - [2024-12-06T22:22:29.631-0600] {dag.py:4180} INFO - Setting next_dagrun for example_nested_branch_dag to 2024-12-06 00:00:00+00:00, run_after=2024-12-07 00:00:00+00:00
[2024-12-06T22:22:29.644-0600] {processor.py:208} INFO - Processing /home/m9d9v9/PycharmProjects/Airflow-2/Airflow-2/.venv/lib/python3.10/site-packages/airflow/example_dags/example_nested_branch_dag.py took 0.097 seconds
[2024-12-06T22:23:46.690-0600] {processor.py:186} INFO - Started process (PID=12980) to work on /home/m9d9v9/PycharmProjects/Airflow-2/Airflow-2/.venv/lib/python3.10/site-packages/airflow/example_dags/example_nested_branch_dag.py
[2024-12-06T22:23:46.696-0600] {processor.py:914} INFO - Processing file /home/m9d9v9/PycharmProjects/Airflow-2/Airflow-2/.venv/lib/python3.10/site-packages/airflow/example_dags/example_nested_branch_dag.py for tasks to queue
[2024-12-06T22:23:46.698-0600] {logging_mixin.py:190} INFO - [2024-12-06T22:23:46.697-0600] {dagbag.py:588} INFO - Filling up the DagBag from /home/m9d9v9/PycharmProjects/Airflow-2/Airflow-2/.venv/lib/python3.10/site-packages/airflow/example_dags/example_nested_branch_dag.py
[2024-12-06T22:23:46.708-0600] {processor.py:925} INFO - DAG(s) 'example_nested_branch_dag' retrieved from /home/m9d9v9/PycharmProjects/Airflow-2/Airflow-2/.venv/lib/python3.10/site-packages/airflow/example_dags/example_nested_branch_dag.py
[2024-12-06T22:23:46.725-0600] {logging_mixin.py:190} INFO - [2024-12-06T22:23:46.724-0600] {dag.py:3239} INFO - Sync 1 DAGs
[2024-12-06T22:23:46.742-0600] {logging_mixin.py:190} INFO - [2024-12-06T22:23:46.742-0600] {dag.py:4180} INFO - Setting next_dagrun for example_nested_branch_dag to 2024-12-06 00:00:00+00:00, run_after=2024-12-07 00:00:00+00:00
[2024-12-06T22:23:46.755-0600] {processor.py:208} INFO - Processing /home/m9d9v9/PycharmProjects/Airflow-2/Airflow-2/.venv/lib/python3.10/site-packages/airflow/example_dags/example_nested_branch_dag.py took 0.071 seconds
[2024-12-06T22:24:41.208-0600] {processor.py:186} INFO - Started process (PID=13050) to work on /home/m9d9v9/PycharmProjects/Airflow-2/Airflow-2/.venv/lib/python3.10/site-packages/airflow/example_dags/example_nested_branch_dag.py
[2024-12-06T22:24:41.215-0600] {processor.py:914} INFO - Processing file /home/m9d9v9/PycharmProjects/Airflow-2/Airflow-2/.venv/lib/python3.10/site-packages/airflow/example_dags/example_nested_branch_dag.py for tasks to queue
[2024-12-06T22:24:41.217-0600] {logging_mixin.py:190} INFO - [2024-12-06T22:24:41.216-0600] {dagbag.py:588} INFO - Filling up the DagBag from /home/m9d9v9/PycharmProjects/Airflow-2/Airflow-2/.venv/lib/python3.10/site-packages/airflow/example_dags/example_nested_branch_dag.py
[2024-12-06T22:24:41.226-0600] {processor.py:925} INFO - DAG(s) 'example_nested_branch_dag' retrieved from /home/m9d9v9/PycharmProjects/Airflow-2/Airflow-2/.venv/lib/python3.10/site-packages/airflow/example_dags/example_nested_branch_dag.py
[2024-12-06T22:24:41.240-0600] {logging_mixin.py:190} INFO - [2024-12-06T22:24:41.240-0600] {dag.py:3239} INFO - Sync 1 DAGs
[2024-12-06T22:24:41.253-0600] {logging_mixin.py:190} INFO - [2024-12-06T22:24:41.253-0600] {dag.py:4180} INFO - Setting next_dagrun for example_nested_branch_dag to 2024-12-06 00:00:00+00:00, run_after=2024-12-07 00:00:00+00:00
[2024-12-06T22:24:41.265-0600] {processor.py:208} INFO - Processing /home/m9d9v9/PycharmProjects/Airflow-2/Airflow-2/.venv/lib/python3.10/site-packages/airflow/example_dags/example_nested_branch_dag.py took 0.062 seconds
[2024-12-06T22:25:36.866-0600] {processor.py:186} INFO - Started process (PID=13135) to work on /home/m9d9v9/PycharmProjects/Airflow-2/Airflow-2/.venv/lib/python3.10/site-packages/airflow/example_dags/example_nested_branch_dag.py
[2024-12-06T22:25:36.873-0600] {processor.py:914} INFO - Processing file /home/m9d9v9/PycharmProjects/Airflow-2/Airflow-2/.venv/lib/python3.10/site-packages/airflow/example_dags/example_nested_branch_dag.py for tasks to queue
[2024-12-06T22:25:36.875-0600] {logging_mixin.py:190} INFO - [2024-12-06T22:25:36.875-0600] {dagbag.py:588} INFO - Filling up the DagBag from /home/m9d9v9/PycharmProjects/Airflow-2/Airflow-2/.venv/lib/python3.10/site-packages/airflow/example_dags/example_nested_branch_dag.py
[2024-12-06T22:25:36.900-0600] {processor.py:925} INFO - DAG(s) 'example_nested_branch_dag' retrieved from /home/m9d9v9/PycharmProjects/Airflow-2/Airflow-2/.venv/lib/python3.10/site-packages/airflow/example_dags/example_nested_branch_dag.py
[2024-12-06T22:25:36.923-0600] {logging_mixin.py:190} INFO - [2024-12-06T22:25:36.922-0600] {dag.py:3239} INFO - Sync 1 DAGs
[2024-12-06T22:25:36.942-0600] {logging_mixin.py:190} INFO - [2024-12-06T22:25:36.941-0600] {dag.py:4180} INFO - Setting next_dagrun for example_nested_branch_dag to 2024-12-06 00:00:00+00:00, run_after=2024-12-07 00:00:00+00:00
[2024-12-06T22:25:36.960-0600] {processor.py:208} INFO - Processing /home/m9d9v9/PycharmProjects/Airflow-2/Airflow-2/.venv/lib/python3.10/site-packages/airflow/example_dags/example_nested_branch_dag.py took 0.107 seconds
[2024-12-06T22:26:33.708-0600] {processor.py:186} INFO - Started process (PID=13216) to work on /home/m9d9v9/PycharmProjects/Airflow-2/Airflow-2/.venv/lib/python3.10/site-packages/airflow/example_dags/example_nested_branch_dag.py
[2024-12-06T22:26:33.715-0600] {processor.py:914} INFO - Processing file /home/m9d9v9/PycharmProjects/Airflow-2/Airflow-2/.venv/lib/python3.10/site-packages/airflow/example_dags/example_nested_branch_dag.py for tasks to queue
[2024-12-06T22:26:33.718-0600] {logging_mixin.py:190} INFO - [2024-12-06T22:26:33.717-0600] {dagbag.py:588} INFO - Filling up the DagBag from /home/m9d9v9/PycharmProjects/Airflow-2/Airflow-2/.venv/lib/python3.10/site-packages/airflow/example_dags/example_nested_branch_dag.py
[2024-12-06T22:26:33.743-0600] {processor.py:925} INFO - DAG(s) 'example_nested_branch_dag' retrieved from /home/m9d9v9/PycharmProjects/Airflow-2/Airflow-2/.venv/lib/python3.10/site-packages/airflow/example_dags/example_nested_branch_dag.py
[2024-12-06T22:26:33.757-0600] {logging_mixin.py:190} INFO - [2024-12-06T22:26:33.757-0600] {dag.py:3239} INFO - Sync 1 DAGs
[2024-12-06T22:26:33.770-0600] {logging_mixin.py:190} INFO - [2024-12-06T22:26:33.770-0600] {dag.py:4180} INFO - Setting next_dagrun for example_nested_branch_dag to 2024-12-06 00:00:00+00:00, run_after=2024-12-07 00:00:00+00:00
[2024-12-06T22:26:33.788-0600] {processor.py:208} INFO - Processing /home/m9d9v9/PycharmProjects/Airflow-2/Airflow-2/.venv/lib/python3.10/site-packages/airflow/example_dags/example_nested_branch_dag.py took 0.093 seconds
[2024-12-06T22:37:06.418-0600] {processor.py:186} INFO - Started process (PID=14584) to work on /home/m9d9v9/PycharmProjects/Airflow-2/Airflow-2/.venv/lib/python3.10/site-packages/airflow/example_dags/example_nested_branch_dag.py
[2024-12-06T22:37:06.425-0600] {processor.py:914} INFO - Processing file /home/m9d9v9/PycharmProjects/Airflow-2/Airflow-2/.venv/lib/python3.10/site-packages/airflow/example_dags/example_nested_branch_dag.py for tasks to queue
[2024-12-06T22:37:06.427-0600] {logging_mixin.py:190} INFO - [2024-12-06T22:37:06.427-0600] {dagbag.py:588} INFO - Filling up the DagBag from /home/m9d9v9/PycharmProjects/Airflow-2/Airflow-2/.venv/lib/python3.10/site-packages/airflow/example_dags/example_nested_branch_dag.py
[2024-12-06T22:37:06.438-0600] {processor.py:925} INFO - DAG(s) 'example_nested_branch_dag' retrieved from /home/m9d9v9/PycharmProjects/Airflow-2/Airflow-2/.venv/lib/python3.10/site-packages/airflow/example_dags/example_nested_branch_dag.py
[2024-12-06T22:37:06.461-0600] {logging_mixin.py:190} INFO - [2024-12-06T22:37:06.460-0600] {dag.py:3239} INFO - Sync 1 DAGs
[2024-12-06T22:37:06.478-0600] {logging_mixin.py:190} INFO - [2024-12-06T22:37:06.478-0600] {dag.py:4180} INFO - Setting next_dagrun for example_nested_branch_dag to 2024-12-06 00:00:00+00:00, run_after=2024-12-07 00:00:00+00:00
[2024-12-06T22:37:06.492-0600] {processor.py:208} INFO - Processing /home/m9d9v9/PycharmProjects/Airflow-2/Airflow-2/.venv/lib/python3.10/site-packages/airflow/example_dags/example_nested_branch_dag.py took 0.079 seconds
[2024-12-06T22:38:03.890-0600] {processor.py:186} INFO - Started process (PID=14726) to work on /home/m9d9v9/PycharmProjects/Airflow-2/Airflow-2/.venv/lib/python3.10/site-packages/airflow/example_dags/example_nested_branch_dag.py
[2024-12-06T22:38:03.897-0600] {processor.py:914} INFO - Processing file /home/m9d9v9/PycharmProjects/Airflow-2/Airflow-2/.venv/lib/python3.10/site-packages/airflow/example_dags/example_nested_branch_dag.py for tasks to queue
[2024-12-06T22:38:03.899-0600] {logging_mixin.py:190} INFO - [2024-12-06T22:38:03.899-0600] {dagbag.py:588} INFO - Filling up the DagBag from /home/m9d9v9/PycharmProjects/Airflow-2/Airflow-2/.venv/lib/python3.10/site-packages/airflow/example_dags/example_nested_branch_dag.py
[2024-12-06T22:38:03.915-0600] {processor.py:925} INFO - DAG(s) 'example_nested_branch_dag' retrieved from /home/m9d9v9/PycharmProjects/Airflow-2/Airflow-2/.venv/lib/python3.10/site-packages/airflow/example_dags/example_nested_branch_dag.py
[2024-12-06T22:38:03.936-0600] {logging_mixin.py:190} INFO - [2024-12-06T22:38:03.936-0600] {dag.py:3239} INFO - Sync 1 DAGs
[2024-12-06T22:38:03.953-0600] {logging_mixin.py:190} INFO - [2024-12-06T22:38:03.952-0600] {dag.py:4180} INFO - Setting next_dagrun for example_nested_branch_dag to 2024-12-06 00:00:00+00:00, run_after=2024-12-07 00:00:00+00:00
[2024-12-06T22:38:03.969-0600] {processor.py:208} INFO - Processing /home/m9d9v9/PycharmProjects/Airflow-2/Airflow-2/.venv/lib/python3.10/site-packages/airflow/example_dags/example_nested_branch_dag.py took 0.089 seconds
[2024-12-06T22:39:01.710-0600] {processor.py:186} INFO - Started process (PID=14835) to work on /home/m9d9v9/PycharmProjects/Airflow-2/Airflow-2/.venv/lib/python3.10/site-packages/airflow/example_dags/example_nested_branch_dag.py
[2024-12-06T22:39:01.716-0600] {processor.py:914} INFO - Processing file /home/m9d9v9/PycharmProjects/Airflow-2/Airflow-2/.venv/lib/python3.10/site-packages/airflow/example_dags/example_nested_branch_dag.py for tasks to queue
[2024-12-06T22:39:01.719-0600] {logging_mixin.py:190} INFO - [2024-12-06T22:39:01.718-0600] {dagbag.py:588} INFO - Filling up the DagBag from /home/m9d9v9/PycharmProjects/Airflow-2/Airflow-2/.venv/lib/python3.10/site-packages/airflow/example_dags/example_nested_branch_dag.py
[2024-12-06T22:39:01.729-0600] {processor.py:925} INFO - DAG(s) 'example_nested_branch_dag' retrieved from /home/m9d9v9/PycharmProjects/Airflow-2/Airflow-2/.venv/lib/python3.10/site-packages/airflow/example_dags/example_nested_branch_dag.py
[2024-12-06T22:39:01.743-0600] {logging_mixin.py:190} INFO - [2024-12-06T22:39:01.742-0600] {dag.py:3239} INFO - Sync 1 DAGs
[2024-12-06T22:39:01.758-0600] {logging_mixin.py:190} INFO - [2024-12-06T22:39:01.758-0600] {dag.py:4180} INFO - Setting next_dagrun for example_nested_branch_dag to 2024-12-06 00:00:00+00:00, run_after=2024-12-07 00:00:00+00:00
[2024-12-06T22:39:01.771-0600] {processor.py:208} INFO - Processing /home/m9d9v9/PycharmProjects/Airflow-2/Airflow-2/.venv/lib/python3.10/site-packages/airflow/example_dags/example_nested_branch_dag.py took 0.067 seconds
[2024-12-06T22:40:00.295-0600] {processor.py:186} INFO - Started process (PID=15020) to work on /home/m9d9v9/PycharmProjects/Airflow-2/Airflow-2/.venv/lib/python3.10/site-packages/airflow/example_dags/example_nested_branch_dag.py
[2024-12-06T22:40:00.301-0600] {processor.py:914} INFO - Processing file /home/m9d9v9/PycharmProjects/Airflow-2/Airflow-2/.venv/lib/python3.10/site-packages/airflow/example_dags/example_nested_branch_dag.py for tasks to queue
[2024-12-06T22:40:00.303-0600] {logging_mixin.py:190} INFO - [2024-12-06T22:40:00.303-0600] {dagbag.py:588} INFO - Filling up the DagBag from /home/m9d9v9/PycharmProjects/Airflow-2/Airflow-2/.venv/lib/python3.10/site-packages/airflow/example_dags/example_nested_branch_dag.py
[2024-12-06T22:40:00.312-0600] {processor.py:925} INFO - DAG(s) 'example_nested_branch_dag' retrieved from /home/m9d9v9/PycharmProjects/Airflow-2/Airflow-2/.venv/lib/python3.10/site-packages/airflow/example_dags/example_nested_branch_dag.py
[2024-12-06T22:40:00.323-0600] {logging_mixin.py:190} INFO - [2024-12-06T22:40:00.323-0600] {dag.py:3239} INFO - Sync 1 DAGs
[2024-12-06T22:40:00.337-0600] {logging_mixin.py:190} INFO - [2024-12-06T22:40:00.337-0600] {dag.py:4180} INFO - Setting next_dagrun for example_nested_branch_dag to 2024-12-06 00:00:00+00:00, run_after=2024-12-07 00:00:00+00:00
[2024-12-06T22:40:00.348-0600] {processor.py:208} INFO - Processing /home/m9d9v9/PycharmProjects/Airflow-2/Airflow-2/.venv/lib/python3.10/site-packages/airflow/example_dags/example_nested_branch_dag.py took 0.060 seconds
[2024-12-06T22:40:59.005-0600] {processor.py:186} INFO - Started process (PID=15125) to work on /home/m9d9v9/PycharmProjects/Airflow-2/Airflow-2/.venv/lib/python3.10/site-packages/airflow/example_dags/example_nested_branch_dag.py
[2024-12-06T22:40:59.012-0600] {processor.py:914} INFO - Processing file /home/m9d9v9/PycharmProjects/Airflow-2/Airflow-2/.venv/lib/python3.10/site-packages/airflow/example_dags/example_nested_branch_dag.py for tasks to queue
[2024-12-06T22:40:59.017-0600] {logging_mixin.py:190} INFO - [2024-12-06T22:40:59.016-0600] {dagbag.py:588} INFO - Filling up the DagBag from /home/m9d9v9/PycharmProjects/Airflow-2/Airflow-2/.venv/lib/python3.10/site-packages/airflow/example_dags/example_nested_branch_dag.py
[2024-12-06T22:40:59.041-0600] {processor.py:925} INFO - DAG(s) 'example_nested_branch_dag' retrieved from /home/m9d9v9/PycharmProjects/Airflow-2/Airflow-2/.venv/lib/python3.10/site-packages/airflow/example_dags/example_nested_branch_dag.py
[2024-12-06T22:40:59.056-0600] {logging_mixin.py:190} INFO - [2024-12-06T22:40:59.056-0600] {dag.py:3239} INFO - Sync 1 DAGs
[2024-12-06T22:40:59.069-0600] {logging_mixin.py:190} INFO - [2024-12-06T22:40:59.069-0600] {dag.py:4180} INFO - Setting next_dagrun for example_nested_branch_dag to 2024-12-06 00:00:00+00:00, run_after=2024-12-07 00:00:00+00:00
[2024-12-06T22:40:59.080-0600] {processor.py:208} INFO - Processing /home/m9d9v9/PycharmProjects/Airflow-2/Airflow-2/.venv/lib/python3.10/site-packages/airflow/example_dags/example_nested_branch_dag.py took 0.092 seconds
[2024-12-06T23:25:12.364-0600] {processor.py:186} INFO - Started process (PID=17263) to work on /home/m9d9v9/PycharmProjects/Airflow-2/Airflow-2/.venv/lib/python3.10/site-packages/airflow/example_dags/example_nested_branch_dag.py
[2024-12-06T23:25:12.371-0600] {processor.py:914} INFO - Processing file /home/m9d9v9/PycharmProjects/Airflow-2/Airflow-2/.venv/lib/python3.10/site-packages/airflow/example_dags/example_nested_branch_dag.py for tasks to queue
[2024-12-06T23:25:12.375-0600] {logging_mixin.py:190} INFO - [2024-12-06T23:25:12.374-0600] {dagbag.py:588} INFO - Filling up the DagBag from /home/m9d9v9/PycharmProjects/Airflow-2/Airflow-2/.venv/lib/python3.10/site-packages/airflow/example_dags/example_nested_branch_dag.py
[2024-12-06T23:25:12.396-0600] {processor.py:925} INFO - DAG(s) 'example_nested_branch_dag' retrieved from /home/m9d9v9/PycharmProjects/Airflow-2/Airflow-2/.venv/lib/python3.10/site-packages/airflow/example_dags/example_nested_branch_dag.py
[2024-12-06T23:25:12.420-0600] {logging_mixin.py:190} INFO - [2024-12-06T23:25:12.420-0600] {dag.py:3239} INFO - Sync 1 DAGs
[2024-12-06T23:25:12.432-0600] {logging_mixin.py:190} INFO - [2024-12-06T23:25:12.431-0600] {dag.py:4180} INFO - Setting next_dagrun for example_nested_branch_dag to 2024-12-06 00:00:00+00:00, run_after=2024-12-07 00:00:00+00:00
[2024-12-06T23:25:12.443-0600] {processor.py:208} INFO - Processing /home/m9d9v9/PycharmProjects/Airflow-2/Airflow-2/.venv/lib/python3.10/site-packages/airflow/example_dags/example_nested_branch_dag.py took 0.090 seconds
[2024-12-06T23:26:11.581-0600] {processor.py:186} INFO - Started process (PID=17382) to work on /home/m9d9v9/PycharmProjects/Airflow-2/Airflow-2/.venv/lib/python3.10/site-packages/airflow/example_dags/example_nested_branch_dag.py
[2024-12-06T23:26:11.587-0600] {processor.py:914} INFO - Processing file /home/m9d9v9/PycharmProjects/Airflow-2/Airflow-2/.venv/lib/python3.10/site-packages/airflow/example_dags/example_nested_branch_dag.py for tasks to queue
[2024-12-06T23:26:11.589-0600] {logging_mixin.py:190} INFO - [2024-12-06T23:26:11.589-0600] {dagbag.py:588} INFO - Filling up the DagBag from /home/m9d9v9/PycharmProjects/Airflow-2/Airflow-2/.venv/lib/python3.10/site-packages/airflow/example_dags/example_nested_branch_dag.py
[2024-12-06T23:26:11.596-0600] {processor.py:925} INFO - DAG(s) 'example_nested_branch_dag' retrieved from /home/m9d9v9/PycharmProjects/Airflow-2/Airflow-2/.venv/lib/python3.10/site-packages/airflow/example_dags/example_nested_branch_dag.py
[2024-12-06T23:26:11.607-0600] {logging_mixin.py:190} INFO - [2024-12-06T23:26:11.607-0600] {dag.py:3239} INFO - Sync 1 DAGs
[2024-12-06T23:26:11.620-0600] {logging_mixin.py:190} INFO - [2024-12-06T23:26:11.620-0600] {dag.py:4180} INFO - Setting next_dagrun for example_nested_branch_dag to 2024-12-06 00:00:00+00:00, run_after=2024-12-07 00:00:00+00:00
[2024-12-06T23:26:11.631-0600] {processor.py:208} INFO - Processing /home/m9d9v9/PycharmProjects/Airflow-2/Airflow-2/.venv/lib/python3.10/site-packages/airflow/example_dags/example_nested_branch_dag.py took 0.054 seconds
[2024-12-06T23:27:08.229-0600] {processor.py:186} INFO - Started process (PID=17457) to work on /home/m9d9v9/PycharmProjects/Airflow-2/Airflow-2/.venv/lib/python3.10/site-packages/airflow/example_dags/example_nested_branch_dag.py
[2024-12-06T23:27:08.235-0600] {processor.py:914} INFO - Processing file /home/m9d9v9/PycharmProjects/Airflow-2/Airflow-2/.venv/lib/python3.10/site-packages/airflow/example_dags/example_nested_branch_dag.py for tasks to queue
[2024-12-06T23:27:08.236-0600] {logging_mixin.py:190} INFO - [2024-12-06T23:27:08.236-0600] {dagbag.py:588} INFO - Filling up the DagBag from /home/m9d9v9/PycharmProjects/Airflow-2/Airflow-2/.venv/lib/python3.10/site-packages/airflow/example_dags/example_nested_branch_dag.py
[2024-12-06T23:27:08.244-0600] {processor.py:925} INFO - DAG(s) 'example_nested_branch_dag' retrieved from /home/m9d9v9/PycharmProjects/Airflow-2/Airflow-2/.venv/lib/python3.10/site-packages/airflow/example_dags/example_nested_branch_dag.py
[2024-12-06T23:27:08.254-0600] {logging_mixin.py:190} INFO - [2024-12-06T23:27:08.254-0600] {dag.py:3239} INFO - Sync 1 DAGs
[2024-12-06T23:27:08.265-0600] {logging_mixin.py:190} INFO - [2024-12-06T23:27:08.265-0600] {dag.py:4180} INFO - Setting next_dagrun for example_nested_branch_dag to 2024-12-06 00:00:00+00:00, run_after=2024-12-07 00:00:00+00:00
[2024-12-06T23:27:08.276-0600] {processor.py:208} INFO - Processing /home/m9d9v9/PycharmProjects/Airflow-2/Airflow-2/.venv/lib/python3.10/site-packages/airflow/example_dags/example_nested_branch_dag.py took 0.051 seconds
[2024-12-06T23:28:04.728-0600] {processor.py:186} INFO - Started process (PID=17533) to work on /home/m9d9v9/PycharmProjects/Airflow-2/Airflow-2/.venv/lib/python3.10/site-packages/airflow/example_dags/example_nested_branch_dag.py
[2024-12-06T23:28:04.734-0600] {processor.py:914} INFO - Processing file /home/m9d9v9/PycharmProjects/Airflow-2/Airflow-2/.venv/lib/python3.10/site-packages/airflow/example_dags/example_nested_branch_dag.py for tasks to queue
[2024-12-06T23:28:04.736-0600] {logging_mixin.py:190} INFO - [2024-12-06T23:28:04.736-0600] {dagbag.py:588} INFO - Filling up the DagBag from /home/m9d9v9/PycharmProjects/Airflow-2/Airflow-2/.venv/lib/python3.10/site-packages/airflow/example_dags/example_nested_branch_dag.py
[2024-12-06T23:28:04.761-0600] {processor.py:925} INFO - DAG(s) 'example_nested_branch_dag' retrieved from /home/m9d9v9/PycharmProjects/Airflow-2/Airflow-2/.venv/lib/python3.10/site-packages/airflow/example_dags/example_nested_branch_dag.py
[2024-12-06T23:28:04.783-0600] {logging_mixin.py:190} INFO - [2024-12-06T23:28:04.782-0600] {dag.py:3239} INFO - Sync 1 DAGs
[2024-12-06T23:28:04.795-0600] {logging_mixin.py:190} INFO - [2024-12-06T23:28:04.795-0600] {dag.py:4180} INFO - Setting next_dagrun for example_nested_branch_dag to 2024-12-06 00:00:00+00:00, run_after=2024-12-07 00:00:00+00:00
[2024-12-06T23:28:04.808-0600] {processor.py:208} INFO - Processing /home/m9d9v9/PycharmProjects/Airflow-2/Airflow-2/.venv/lib/python3.10/site-packages/airflow/example_dags/example_nested_branch_dag.py took 0.090 seconds
[2024-12-06T23:29:02.226-0600] {processor.py:186} INFO - Started process (PID=17664) to work on /home/m9d9v9/PycharmProjects/Airflow-2/Airflow-2/.venv/lib/python3.10/site-packages/airflow/example_dags/example_nested_branch_dag.py
[2024-12-06T23:29:02.228-0600] {processor.py:914} INFO - Processing file /home/m9d9v9/PycharmProjects/Airflow-2/Airflow-2/.venv/lib/python3.10/site-packages/airflow/example_dags/example_nested_branch_dag.py for tasks to queue
[2024-12-06T23:29:02.233-0600] {logging_mixin.py:190} INFO - [2024-12-06T23:29:02.232-0600] {dagbag.py:588} INFO - Filling up the DagBag from /home/m9d9v9/PycharmProjects/Airflow-2/Airflow-2/.venv/lib/python3.10/site-packages/airflow/example_dags/example_nested_branch_dag.py
[2024-12-06T23:29:02.263-0600] {processor.py:925} INFO - DAG(s) 'example_nested_branch_dag' retrieved from /home/m9d9v9/PycharmProjects/Airflow-2/Airflow-2/.venv/lib/python3.10/site-packages/airflow/example_dags/example_nested_branch_dag.py
[2024-12-06T23:29:02.293-0600] {logging_mixin.py:190} INFO - [2024-12-06T23:29:02.292-0600] {dag.py:3239} INFO - Sync 1 DAGs
[2024-12-06T23:29:02.333-0600] {logging_mixin.py:190} INFO - [2024-12-06T23:29:02.333-0600] {dag.py:4180} INFO - Setting next_dagrun for example_nested_branch_dag to 2024-12-06 00:00:00+00:00, run_after=2024-12-07 00:00:00+00:00
[2024-12-06T23:29:02.369-0600] {processor.py:208} INFO - Processing /home/m9d9v9/PycharmProjects/Airflow-2/Airflow-2/.venv/lib/python3.10/site-packages/airflow/example_dags/example_nested_branch_dag.py took 0.156 seconds
[2024-12-06T23:29:57.722-0600] {processor.py:186} INFO - Started process (PID=17774) to work on /home/m9d9v9/PycharmProjects/Airflow-2/Airflow-2/.venv/lib/python3.10/site-packages/airflow/example_dags/example_nested_branch_dag.py
[2024-12-06T23:29:57.729-0600] {processor.py:914} INFO - Processing file /home/m9d9v9/PycharmProjects/Airflow-2/Airflow-2/.venv/lib/python3.10/site-packages/airflow/example_dags/example_nested_branch_dag.py for tasks to queue
[2024-12-06T23:29:57.730-0600] {logging_mixin.py:190} INFO - [2024-12-06T23:29:57.730-0600] {dagbag.py:588} INFO - Filling up the DagBag from /home/m9d9v9/PycharmProjects/Airflow-2/Airflow-2/.venv/lib/python3.10/site-packages/airflow/example_dags/example_nested_branch_dag.py
[2024-12-06T23:29:57.750-0600] {processor.py:925} INFO - DAG(s) 'example_nested_branch_dag' retrieved from /home/m9d9v9/PycharmProjects/Airflow-2/Airflow-2/.venv/lib/python3.10/site-packages/airflow/example_dags/example_nested_branch_dag.py
[2024-12-06T23:29:57.772-0600] {logging_mixin.py:190} INFO - [2024-12-06T23:29:57.772-0600] {dag.py:3239} INFO - Sync 1 DAGs
[2024-12-06T23:29:57.784-0600] {logging_mixin.py:190} INFO - [2024-12-06T23:29:57.784-0600] {dag.py:4180} INFO - Setting next_dagrun for example_nested_branch_dag to 2024-12-06 00:00:00+00:00, run_after=2024-12-07 00:00:00+00:00
[2024-12-06T23:29:57.795-0600] {processor.py:208} INFO - Processing /home/m9d9v9/PycharmProjects/Airflow-2/Airflow-2/.venv/lib/python3.10/site-packages/airflow/example_dags/example_nested_branch_dag.py took 0.083 seconds
[2024-12-06T23:30:54.477-0600] {processor.py:186} INFO - Started process (PID=17898) to work on /home/m9d9v9/PycharmProjects/Airflow-2/Airflow-2/.venv/lib/python3.10/site-packages/airflow/example_dags/example_nested_branch_dag.py
[2024-12-06T23:30:54.484-0600] {processor.py:914} INFO - Processing file /home/m9d9v9/PycharmProjects/Airflow-2/Airflow-2/.venv/lib/python3.10/site-packages/airflow/example_dags/example_nested_branch_dag.py for tasks to queue
[2024-12-06T23:30:54.486-0600] {logging_mixin.py:190} INFO - [2024-12-06T23:30:54.486-0600] {dagbag.py:588} INFO - Filling up the DagBag from /home/m9d9v9/PycharmProjects/Airflow-2/Airflow-2/.venv/lib/python3.10/site-packages/airflow/example_dags/example_nested_branch_dag.py
[2024-12-06T23:30:54.507-0600] {processor.py:925} INFO - DAG(s) 'example_nested_branch_dag' retrieved from /home/m9d9v9/PycharmProjects/Airflow-2/Airflow-2/.venv/lib/python3.10/site-packages/airflow/example_dags/example_nested_branch_dag.py
[2024-12-06T23:30:54.526-0600] {logging_mixin.py:190} INFO - [2024-12-06T23:30:54.526-0600] {dag.py:3239} INFO - Sync 1 DAGs
[2024-12-06T23:30:54.538-0600] {logging_mixin.py:190} INFO - [2024-12-06T23:30:54.538-0600] {dag.py:4180} INFO - Setting next_dagrun for example_nested_branch_dag to 2024-12-06 00:00:00+00:00, run_after=2024-12-07 00:00:00+00:00
[2024-12-06T23:30:54.549-0600] {processor.py:208} INFO - Processing /home/m9d9v9/PycharmProjects/Airflow-2/Airflow-2/.venv/lib/python3.10/site-packages/airflow/example_dags/example_nested_branch_dag.py took 0.084 seconds
[2024-12-06T23:31:51.715-0600] {processor.py:186} INFO - Started process (PID=18000) to work on /home/m9d9v9/PycharmProjects/Airflow-2/Airflow-2/.venv/lib/python3.10/site-packages/airflow/example_dags/example_nested_branch_dag.py
[2024-12-06T23:31:51.722-0600] {processor.py:914} INFO - Processing file /home/m9d9v9/PycharmProjects/Airflow-2/Airflow-2/.venv/lib/python3.10/site-packages/airflow/example_dags/example_nested_branch_dag.py for tasks to queue
[2024-12-06T23:31:51.723-0600] {logging_mixin.py:190} INFO - [2024-12-06T23:31:51.723-0600] {dagbag.py:588} INFO - Filling up the DagBag from /home/m9d9v9/PycharmProjects/Airflow-2/Airflow-2/.venv/lib/python3.10/site-packages/airflow/example_dags/example_nested_branch_dag.py
[2024-12-06T23:31:51.747-0600] {processor.py:925} INFO - DAG(s) 'example_nested_branch_dag' retrieved from /home/m9d9v9/PycharmProjects/Airflow-2/Airflow-2/.venv/lib/python3.10/site-packages/airflow/example_dags/example_nested_branch_dag.py
[2024-12-06T23:31:51.766-0600] {logging_mixin.py:190} INFO - [2024-12-06T23:31:51.766-0600] {dag.py:3239} INFO - Sync 1 DAGs
[2024-12-06T23:31:51.778-0600] {logging_mixin.py:190} INFO - [2024-12-06T23:31:51.778-0600] {dag.py:4180} INFO - Setting next_dagrun for example_nested_branch_dag to 2024-12-06 00:00:00+00:00, run_after=2024-12-07 00:00:00+00:00
[2024-12-06T23:31:51.885-0600] {processor.py:208} INFO - Processing /home/m9d9v9/PycharmProjects/Airflow-2/Airflow-2/.venv/lib/python3.10/site-packages/airflow/example_dags/example_nested_branch_dag.py took 0.181 seconds
[2024-12-06T23:32:50.527-0600] {processor.py:186} INFO - Started process (PID=18076) to work on /home/m9d9v9/PycharmProjects/Airflow-2/Airflow-2/.venv/lib/python3.10/site-packages/airflow/example_dags/example_nested_branch_dag.py
[2024-12-06T23:32:50.528-0600] {processor.py:914} INFO - Processing file /home/m9d9v9/PycharmProjects/Airflow-2/Airflow-2/.venv/lib/python3.10/site-packages/airflow/example_dags/example_nested_branch_dag.py for tasks to queue
[2024-12-06T23:32:50.529-0600] {logging_mixin.py:190} INFO - [2024-12-06T23:32:50.529-0600] {dagbag.py:588} INFO - Filling up the DagBag from /home/m9d9v9/PycharmProjects/Airflow-2/Airflow-2/.venv/lib/python3.10/site-packages/airflow/example_dags/example_nested_branch_dag.py
[2024-12-06T23:32:50.537-0600] {processor.py:925} INFO - DAG(s) 'example_nested_branch_dag' retrieved from /home/m9d9v9/PycharmProjects/Airflow-2/Airflow-2/.venv/lib/python3.10/site-packages/airflow/example_dags/example_nested_branch_dag.py
[2024-12-06T23:32:50.547-0600] {logging_mixin.py:190} INFO - [2024-12-06T23:32:50.546-0600] {dag.py:3239} INFO - Sync 1 DAGs
[2024-12-06T23:32:50.559-0600] {logging_mixin.py:190} INFO - [2024-12-06T23:32:50.558-0600] {dag.py:4180} INFO - Setting next_dagrun for example_nested_branch_dag to 2024-12-06 00:00:00+00:00, run_after=2024-12-07 00:00:00+00:00
[2024-12-06T23:32:50.571-0600] {processor.py:208} INFO - Processing /home/m9d9v9/PycharmProjects/Airflow-2/Airflow-2/.venv/lib/python3.10/site-packages/airflow/example_dags/example_nested_branch_dag.py took 0.048 seconds
[2024-12-06T23:33:46.047-0600] {processor.py:186} INFO - Started process (PID=18144) to work on /home/m9d9v9/PycharmProjects/Airflow-2/Airflow-2/.venv/lib/python3.10/site-packages/airflow/example_dags/example_nested_branch_dag.py
[2024-12-06T23:33:46.052-0600] {processor.py:914} INFO - Processing file /home/m9d9v9/PycharmProjects/Airflow-2/Airflow-2/.venv/lib/python3.10/site-packages/airflow/example_dags/example_nested_branch_dag.py for tasks to queue
[2024-12-06T23:33:46.053-0600] {logging_mixin.py:190} INFO - [2024-12-06T23:33:46.053-0600] {dagbag.py:588} INFO - Filling up the DagBag from /home/m9d9v9/PycharmProjects/Airflow-2/Airflow-2/.venv/lib/python3.10/site-packages/airflow/example_dags/example_nested_branch_dag.py
[2024-12-06T23:33:46.077-0600] {processor.py:925} INFO - DAG(s) 'example_nested_branch_dag' retrieved from /home/m9d9v9/PycharmProjects/Airflow-2/Airflow-2/.venv/lib/python3.10/site-packages/airflow/example_dags/example_nested_branch_dag.py
[2024-12-06T23:33:46.092-0600] {logging_mixin.py:190} INFO - [2024-12-06T23:33:46.092-0600] {dag.py:3239} INFO - Sync 1 DAGs
[2024-12-06T23:33:46.104-0600] {logging_mixin.py:190} INFO - [2024-12-06T23:33:46.104-0600] {dag.py:4180} INFO - Setting next_dagrun for example_nested_branch_dag to 2024-12-06 00:00:00+00:00, run_after=2024-12-07 00:00:00+00:00
[2024-12-06T23:33:46.115-0600] {processor.py:208} INFO - Processing /home/m9d9v9/PycharmProjects/Airflow-2/Airflow-2/.venv/lib/python3.10/site-packages/airflow/example_dags/example_nested_branch_dag.py took 0.080 seconds
[2024-12-06T23:34:44.586-0600] {processor.py:186} INFO - Started process (PID=18273) to work on /home/m9d9v9/PycharmProjects/Airflow-2/Airflow-2/.venv/lib/python3.10/site-packages/airflow/example_dags/example_nested_branch_dag.py
[2024-12-06T23:34:44.593-0600] {processor.py:914} INFO - Processing file /home/m9d9v9/PycharmProjects/Airflow-2/Airflow-2/.venv/lib/python3.10/site-packages/airflow/example_dags/example_nested_branch_dag.py for tasks to queue
[2024-12-06T23:34:44.596-0600] {logging_mixin.py:190} INFO - [2024-12-06T23:34:44.595-0600] {dagbag.py:588} INFO - Filling up the DagBag from /home/m9d9v9/PycharmProjects/Airflow-2/Airflow-2/.venv/lib/python3.10/site-packages/airflow/example_dags/example_nested_branch_dag.py
[2024-12-06T23:34:44.604-0600] {processor.py:925} INFO - DAG(s) 'example_nested_branch_dag' retrieved from /home/m9d9v9/PycharmProjects/Airflow-2/Airflow-2/.venv/lib/python3.10/site-packages/airflow/example_dags/example_nested_branch_dag.py
[2024-12-06T23:34:44.614-0600] {logging_mixin.py:190} INFO - [2024-12-06T23:34:44.614-0600] {dag.py:3239} INFO - Sync 1 DAGs
[2024-12-06T23:34:44.747-0600] {logging_mixin.py:190} INFO - [2024-12-06T23:34:44.747-0600] {dag.py:4180} INFO - Setting next_dagrun for example_nested_branch_dag to 2024-12-06 00:00:00+00:00, run_after=2024-12-07 00:00:00+00:00
[2024-12-06T23:34:44.759-0600] {processor.py:208} INFO - Processing /home/m9d9v9/PycharmProjects/Airflow-2/Airflow-2/.venv/lib/python3.10/site-packages/airflow/example_dags/example_nested_branch_dag.py took 0.185 seconds
[2024-12-06T23:35:47.827-0600] {processor.py:186} INFO - Started process (PID=18352) to work on /home/m9d9v9/PycharmProjects/Airflow-2/Airflow-2/.venv/lib/python3.10/site-packages/airflow/example_dags/example_nested_branch_dag.py
[2024-12-06T23:35:47.834-0600] {processor.py:914} INFO - Processing file /home/m9d9v9/PycharmProjects/Airflow-2/Airflow-2/.venv/lib/python3.10/site-packages/airflow/example_dags/example_nested_branch_dag.py for tasks to queue
[2024-12-06T23:35:47.836-0600] {logging_mixin.py:190} INFO - [2024-12-06T23:35:47.836-0600] {dagbag.py:588} INFO - Filling up the DagBag from /home/m9d9v9/PycharmProjects/Airflow-2/Airflow-2/.venv/lib/python3.10/site-packages/airflow/example_dags/example_nested_branch_dag.py
[2024-12-06T23:35:47.860-0600] {processor.py:925} INFO - DAG(s) 'example_nested_branch_dag' retrieved from /home/m9d9v9/PycharmProjects/Airflow-2/Airflow-2/.venv/lib/python3.10/site-packages/airflow/example_dags/example_nested_branch_dag.py
[2024-12-06T23:35:47.878-0600] {logging_mixin.py:190} INFO - [2024-12-06T23:35:47.878-0600] {dag.py:3239} INFO - Sync 1 DAGs
[2024-12-06T23:35:47.978-0600] {logging_mixin.py:190} INFO - [2024-12-06T23:35:47.978-0600] {dag.py:4180} INFO - Setting next_dagrun for example_nested_branch_dag to 2024-12-06 00:00:00+00:00, run_after=2024-12-07 00:00:00+00:00
[2024-12-06T23:35:47.994-0600] {processor.py:208} INFO - Processing /home/m9d9v9/PycharmProjects/Airflow-2/Airflow-2/.venv/lib/python3.10/site-packages/airflow/example_dags/example_nested_branch_dag.py took 0.180 seconds
[2024-12-06T23:36:50.452-0600] {processor.py:186} INFO - Started process (PID=18425) to work on /home/m9d9v9/PycharmProjects/Airflow-2/Airflow-2/.venv/lib/python3.10/site-packages/airflow/example_dags/example_nested_branch_dag.py
[2024-12-06T23:36:50.453-0600] {processor.py:914} INFO - Processing file /home/m9d9v9/PycharmProjects/Airflow-2/Airflow-2/.venv/lib/python3.10/site-packages/airflow/example_dags/example_nested_branch_dag.py for tasks to queue
[2024-12-06T23:36:50.455-0600] {logging_mixin.py:190} INFO - [2024-12-06T23:36:50.454-0600] {dagbag.py:588} INFO - Filling up the DagBag from /home/m9d9v9/PycharmProjects/Airflow-2/Airflow-2/.venv/lib/python3.10/site-packages/airflow/example_dags/example_nested_branch_dag.py
[2024-12-06T23:36:50.477-0600] {processor.py:925} INFO - DAG(s) 'example_nested_branch_dag' retrieved from /home/m9d9v9/PycharmProjects/Airflow-2/Airflow-2/.venv/lib/python3.10/site-packages/airflow/example_dags/example_nested_branch_dag.py
[2024-12-06T23:36:50.498-0600] {logging_mixin.py:190} INFO - [2024-12-06T23:36:50.498-0600] {dag.py:3239} INFO - Sync 1 DAGs
[2024-12-06T23:36:50.510-0600] {logging_mixin.py:190} INFO - [2024-12-06T23:36:50.510-0600] {dag.py:4180} INFO - Setting next_dagrun for example_nested_branch_dag to 2024-12-06 00:00:00+00:00, run_after=2024-12-07 00:00:00+00:00
[2024-12-06T23:36:50.616-0600] {processor.py:208} INFO - Processing /home/m9d9v9/PycharmProjects/Airflow-2/Airflow-2/.venv/lib/python3.10/site-packages/airflow/example_dags/example_nested_branch_dag.py took 0.172 seconds
[2024-12-06T23:37:51.450-0600] {processor.py:186} INFO - Started process (PID=18716) to work on /home/m9d9v9/PycharmProjects/Airflow-2/Airflow-2/.venv/lib/python3.10/site-packages/airflow/example_dags/example_nested_branch_dag.py
[2024-12-06T23:37:51.457-0600] {processor.py:914} INFO - Processing file /home/m9d9v9/PycharmProjects/Airflow-2/Airflow-2/.venv/lib/python3.10/site-packages/airflow/example_dags/example_nested_branch_dag.py for tasks to queue
[2024-12-06T23:37:51.460-0600] {logging_mixin.py:190} INFO - [2024-12-06T23:37:51.459-0600] {dagbag.py:588} INFO - Filling up the DagBag from /home/m9d9v9/PycharmProjects/Airflow-2/Airflow-2/.venv/lib/python3.10/site-packages/airflow/example_dags/example_nested_branch_dag.py
[2024-12-06T23:37:51.482-0600] {processor.py:925} INFO - DAG(s) 'example_nested_branch_dag' retrieved from /home/m9d9v9/PycharmProjects/Airflow-2/Airflow-2/.venv/lib/python3.10/site-packages/airflow/example_dags/example_nested_branch_dag.py
[2024-12-06T23:37:51.502-0600] {logging_mixin.py:190} INFO - [2024-12-06T23:37:51.502-0600] {dag.py:3239} INFO - Sync 1 DAGs
[2024-12-06T23:37:51.515-0600] {logging_mixin.py:190} INFO - [2024-12-06T23:37:51.514-0600] {dag.py:4180} INFO - Setting next_dagrun for example_nested_branch_dag to 2024-12-06 00:00:00+00:00, run_after=2024-12-07 00:00:00+00:00
[2024-12-06T23:37:51.527-0600] {processor.py:208} INFO - Processing /home/m9d9v9/PycharmProjects/Airflow-2/Airflow-2/.venv/lib/python3.10/site-packages/airflow/example_dags/example_nested_branch_dag.py took 0.089 seconds
[2024-12-06T23:38:53.157-0600] {processor.py:186} INFO - Started process (PID=18883) to work on /home/m9d9v9/PycharmProjects/Airflow-2/Airflow-2/.venv/lib/python3.10/site-packages/airflow/example_dags/example_nested_branch_dag.py
[2024-12-06T23:38:53.163-0600] {processor.py:914} INFO - Processing file /home/m9d9v9/PycharmProjects/Airflow-2/Airflow-2/.venv/lib/python3.10/site-packages/airflow/example_dags/example_nested_branch_dag.py for tasks to queue
[2024-12-06T23:38:53.164-0600] {logging_mixin.py:190} INFO - [2024-12-06T23:38:53.164-0600] {dagbag.py:588} INFO - Filling up the DagBag from /home/m9d9v9/PycharmProjects/Airflow-2/Airflow-2/.venv/lib/python3.10/site-packages/airflow/example_dags/example_nested_branch_dag.py
[2024-12-06T23:38:53.173-0600] {processor.py:925} INFO - DAG(s) 'example_nested_branch_dag' retrieved from /home/m9d9v9/PycharmProjects/Airflow-2/Airflow-2/.venv/lib/python3.10/site-packages/airflow/example_dags/example_nested_branch_dag.py
[2024-12-06T23:38:53.187-0600] {logging_mixin.py:190} INFO - [2024-12-06T23:38:53.187-0600] {dag.py:3239} INFO - Sync 1 DAGs
[2024-12-06T23:38:53.202-0600] {logging_mixin.py:190} INFO - [2024-12-06T23:38:53.201-0600] {dag.py:4180} INFO - Setting next_dagrun for example_nested_branch_dag to 2024-12-06 00:00:00+00:00, run_after=2024-12-07 00:00:00+00:00
[2024-12-06T23:38:53.215-0600] {processor.py:208} INFO - Processing /home/m9d9v9/PycharmProjects/Airflow-2/Airflow-2/.venv/lib/python3.10/site-packages/airflow/example_dags/example_nested_branch_dag.py took 0.064 seconds
[2024-12-06T23:39:52.886-0600] {processor.py:186} INFO - Started process (PID=19104) to work on /home/m9d9v9/PycharmProjects/Airflow-2/Airflow-2/.venv/lib/python3.10/site-packages/airflow/example_dags/example_nested_branch_dag.py
[2024-12-06T23:39:52.888-0600] {processor.py:914} INFO - Processing file /home/m9d9v9/PycharmProjects/Airflow-2/Airflow-2/.venv/lib/python3.10/site-packages/airflow/example_dags/example_nested_branch_dag.py for tasks to queue
[2024-12-06T23:39:52.890-0600] {logging_mixin.py:190} INFO - [2024-12-06T23:39:52.889-0600] {dagbag.py:588} INFO - Filling up the DagBag from /home/m9d9v9/PycharmProjects/Airflow-2/Airflow-2/.venv/lib/python3.10/site-packages/airflow/example_dags/example_nested_branch_dag.py
[2024-12-06T23:39:52.904-0600] {processor.py:925} INFO - DAG(s) 'example_nested_branch_dag' retrieved from /home/m9d9v9/PycharmProjects/Airflow-2/Airflow-2/.venv/lib/python3.10/site-packages/airflow/example_dags/example_nested_branch_dag.py
[2024-12-06T23:39:52.924-0600] {logging_mixin.py:190} INFO - [2024-12-06T23:39:52.924-0600] {dag.py:3239} INFO - Sync 1 DAGs
[2024-12-06T23:39:52.941-0600] {logging_mixin.py:190} INFO - [2024-12-06T23:39:52.941-0600] {dag.py:4180} INFO - Setting next_dagrun for example_nested_branch_dag to 2024-12-06 00:00:00+00:00, run_after=2024-12-07 00:00:00+00:00
[2024-12-06T23:39:52.956-0600] {processor.py:208} INFO - Processing /home/m9d9v9/PycharmProjects/Airflow-2/Airflow-2/.venv/lib/python3.10/site-packages/airflow/example_dags/example_nested_branch_dag.py took 0.078 seconds
[2024-12-06T23:40:51.598-0600] {processor.py:186} INFO - Started process (PID=19280) to work on /home/m9d9v9/PycharmProjects/Airflow-2/Airflow-2/.venv/lib/python3.10/site-packages/airflow/example_dags/example_nested_branch_dag.py
[2024-12-06T23:40:51.606-0600] {processor.py:914} INFO - Processing file /home/m9d9v9/PycharmProjects/Airflow-2/Airflow-2/.venv/lib/python3.10/site-packages/airflow/example_dags/example_nested_branch_dag.py for tasks to queue
[2024-12-06T23:40:51.608-0600] {logging_mixin.py:190} INFO - [2024-12-06T23:40:51.607-0600] {dagbag.py:588} INFO - Filling up the DagBag from /home/m9d9v9/PycharmProjects/Airflow-2/Airflow-2/.venv/lib/python3.10/site-packages/airflow/example_dags/example_nested_branch_dag.py
[2024-12-06T23:40:51.630-0600] {processor.py:925} INFO - DAG(s) 'example_nested_branch_dag' retrieved from /home/m9d9v9/PycharmProjects/Airflow-2/Airflow-2/.venv/lib/python3.10/site-packages/airflow/example_dags/example_nested_branch_dag.py
[2024-12-06T23:40:51.649-0600] {logging_mixin.py:190} INFO - [2024-12-06T23:40:51.649-0600] {dag.py:3239} INFO - Sync 1 DAGs
[2024-12-06T23:40:51.661-0600] {logging_mixin.py:190} INFO - [2024-12-06T23:40:51.661-0600] {dag.py:4180} INFO - Setting next_dagrun for example_nested_branch_dag to 2024-12-06 00:00:00+00:00, run_after=2024-12-07 00:00:00+00:00
[2024-12-06T23:40:51.674-0600] {processor.py:208} INFO - Processing /home/m9d9v9/PycharmProjects/Airflow-2/Airflow-2/.venv/lib/python3.10/site-packages/airflow/example_dags/example_nested_branch_dag.py took 0.087 seconds
[2024-12-06T23:41:44.684-0600] {processor.py:186} INFO - Started process (PID=19363) to work on /home/m9d9v9/PycharmProjects/Airflow-2/Airflow-2/.venv/lib/python3.10/site-packages/airflow/example_dags/example_nested_branch_dag.py
[2024-12-06T23:41:44.685-0600] {processor.py:914} INFO - Processing file /home/m9d9v9/PycharmProjects/Airflow-2/Airflow-2/.venv/lib/python3.10/site-packages/airflow/example_dags/example_nested_branch_dag.py for tasks to queue
[2024-12-06T23:41:44.686-0600] {logging_mixin.py:190} INFO - [2024-12-06T23:41:44.686-0600] {dagbag.py:588} INFO - Filling up the DagBag from /home/m9d9v9/PycharmProjects/Airflow-2/Airflow-2/.venv/lib/python3.10/site-packages/airflow/example_dags/example_nested_branch_dag.py
[2024-12-06T23:41:44.696-0600] {processor.py:925} INFO - DAG(s) 'example_nested_branch_dag' retrieved from /home/m9d9v9/PycharmProjects/Airflow-2/Airflow-2/.venv/lib/python3.10/site-packages/airflow/example_dags/example_nested_branch_dag.py
[2024-12-06T23:41:44.708-0600] {logging_mixin.py:190} INFO - [2024-12-06T23:41:44.708-0600] {dag.py:3239} INFO - Sync 1 DAGs
[2024-12-06T23:41:44.721-0600] {logging_mixin.py:190} INFO - [2024-12-06T23:41:44.721-0600] {dag.py:4180} INFO - Setting next_dagrun for example_nested_branch_dag to 2024-12-06 00:00:00+00:00, run_after=2024-12-07 00:00:00+00:00
[2024-12-06T23:41:44.733-0600] {processor.py:208} INFO - Processing /home/m9d9v9/PycharmProjects/Airflow-2/Airflow-2/.venv/lib/python3.10/site-packages/airflow/example_dags/example_nested_branch_dag.py took 0.056 seconds
