[2024-12-06T22:18:30.930-0600] {processor.py:186} INFO - Started process (PID=12347) to work on /home/m9d9v9/PycharmProjects/Airflow-2/Airflow-2/.venv/lib/python3.10/site-packages/airflow/example_dags/example_params_trigger_ui.py
[2024-12-06T22:18:30.931-0600] {processor.py:914} INFO - Processing file /home/m9d9v9/PycharmProjects/Airflow-2/Airflow-2/.venv/lib/python3.10/site-packages/airflow/example_dags/example_params_trigger_ui.py for tasks to queue
[2024-12-06T22:18:30.935-0600] {logging_mixin.py:190} INFO - [2024-12-06T22:18:30.935-0600] {dagbag.py:588} INFO - Filling up the DagBag from /home/m9d9v9/PycharmProjects/Airflow-2/Airflow-2/.venv/lib/python3.10/site-packages/airflow/example_dags/example_params_trigger_ui.py
[2024-12-06T22:18:30.959-0600] {processor.py:925} INFO - DAG(s) 'example_params_trigger_ui' retrieved from /home/m9d9v9/PycharmProjects/Airflow-2/Airflow-2/.venv/lib/python3.10/site-packages/airflow/example_dags/example_params_trigger_ui.py
[2024-12-06T22:18:31.053-0600] {logging_mixin.py:190} INFO - [2024-12-06T22:18:31.052-0600] {override.py:1911} INFO - Created Permission View: can edit on DAG:example_params_trigger_ui
[2024-12-06T22:18:31.061-0600] {logging_mixin.py:190} INFO - [2024-12-06T22:18:31.060-0600] {override.py:1911} INFO - Created Permission View: can read on DAG:example_params_trigger_ui
[2024-12-06T22:18:31.065-0600] {logging_mixin.py:190} INFO - [2024-12-06T22:18:31.065-0600] {override.py:1911} INFO - Created Permission View: can delete on DAG:example_params_trigger_ui
[2024-12-06T22:18:31.071-0600] {logging_mixin.py:190} INFO - [2024-12-06T22:18:31.071-0600] {override.py:1911} INFO - Created Permission View: menu access on DAG Run:example_params_trigger_ui
[2024-12-06T22:18:31.076-0600] {logging_mixin.py:190} INFO - [2024-12-06T22:18:31.075-0600] {override.py:1911} INFO - Created Permission View: can create on DAG Run:example_params_trigger_ui
[2024-12-06T22:18:31.081-0600] {logging_mixin.py:190} INFO - [2024-12-06T22:18:31.080-0600] {override.py:1911} INFO - Created Permission View: can read on DAG Run:example_params_trigger_ui
[2024-12-06T22:18:31.085-0600] {logging_mixin.py:190} INFO - [2024-12-06T22:18:31.085-0600] {override.py:1911} INFO - Created Permission View: can delete on DAG Run:example_params_trigger_ui
[2024-12-06T22:18:31.086-0600] {logging_mixin.py:190} INFO - [2024-12-06T22:18:31.086-0600] {dag.py:3239} INFO - Sync 1 DAGs
[2024-12-06T22:18:31.093-0600] {logging_mixin.py:190} INFO - [2024-12-06T22:18:31.093-0600] {dag.py:3262} INFO - Creating ORM DAG for example_params_trigger_ui
[2024-12-06T22:18:31.093-0600] {logging_mixin.py:190} INFO - [2024-12-06T22:18:31.093-0600] {dag.py:4180} INFO - Setting next_dagrun for example_params_trigger_ui to None, run_after=None
[2024-12-06T22:18:31.106-0600] {processor.py:208} INFO - Processing /home/m9d9v9/PycharmProjects/Airflow-2/Airflow-2/.venv/lib/python3.10/site-packages/airflow/example_dags/example_params_trigger_ui.py took 0.189 seconds
[2024-12-06T22:19:36.634-0600] {processor.py:186} INFO - Started process (PID=12581) to work on /home/m9d9v9/PycharmProjects/Airflow-2/Airflow-2/.venv/lib/python3.10/site-packages/airflow/example_dags/example_params_trigger_ui.py
[2024-12-06T22:19:36.641-0600] {processor.py:914} INFO - Processing file /home/m9d9v9/PycharmProjects/Airflow-2/Airflow-2/.venv/lib/python3.10/site-packages/airflow/example_dags/example_params_trigger_ui.py for tasks to queue
[2024-12-06T22:19:36.645-0600] {logging_mixin.py:190} INFO - [2024-12-06T22:19:36.644-0600] {dagbag.py:588} INFO - Filling up the DagBag from /home/m9d9v9/PycharmProjects/Airflow-2/Airflow-2/.venv/lib/python3.10/site-packages/airflow/example_dags/example_params_trigger_ui.py
[2024-12-06T22:19:36.667-0600] {processor.py:925} INFO - DAG(s) 'example_params_trigger_ui' retrieved from /home/m9d9v9/PycharmProjects/Airflow-2/Airflow-2/.venv/lib/python3.10/site-packages/airflow/example_dags/example_params_trigger_ui.py
[2024-12-06T22:19:36.700-0600] {logging_mixin.py:190} INFO - [2024-12-06T22:19:36.700-0600] {dag.py:3239} INFO - Sync 1 DAGs
[2024-12-06T22:19:36.708-0600] {logging_mixin.py:190} INFO - [2024-12-06T22:19:36.708-0600] {dag.py:4180} INFO - Setting next_dagrun for example_params_trigger_ui to None, run_after=None
[2024-12-06T22:19:36.720-0600] {processor.py:208} INFO - Processing /home/m9d9v9/PycharmProjects/Airflow-2/Airflow-2/.venv/lib/python3.10/site-packages/airflow/example_dags/example_params_trigger_ui.py took 0.098 seconds
[2024-12-06T22:20:31.299-0600] {processor.py:186} INFO - Started process (PID=12667) to work on /home/m9d9v9/PycharmProjects/Airflow-2/Airflow-2/.venv/lib/python3.10/site-packages/airflow/example_dags/example_params_trigger_ui.py
[2024-12-06T22:20:31.301-0600] {processor.py:914} INFO - Processing file /home/m9d9v9/PycharmProjects/Airflow-2/Airflow-2/.venv/lib/python3.10/site-packages/airflow/example_dags/example_params_trigger_ui.py for tasks to queue
[2024-12-06T22:20:31.303-0600] {logging_mixin.py:190} INFO - [2024-12-06T22:20:31.302-0600] {dagbag.py:588} INFO - Filling up the DagBag from /home/m9d9v9/PycharmProjects/Airflow-2/Airflow-2/.venv/lib/python3.10/site-packages/airflow/example_dags/example_params_trigger_ui.py
[2024-12-06T22:20:31.312-0600] {processor.py:925} INFO - DAG(s) 'example_params_trigger_ui' retrieved from /home/m9d9v9/PycharmProjects/Airflow-2/Airflow-2/.venv/lib/python3.10/site-packages/airflow/example_dags/example_params_trigger_ui.py
[2024-12-06T22:20:31.346-0600] {logging_mixin.py:190} INFO - [2024-12-06T22:20:31.346-0600] {dag.py:3239} INFO - Sync 1 DAGs
[2024-12-06T22:20:31.355-0600] {logging_mixin.py:190} INFO - [2024-12-06T22:20:31.355-0600] {dag.py:4180} INFO - Setting next_dagrun for example_params_trigger_ui to None, run_after=None
[2024-12-06T22:20:31.368-0600] {processor.py:208} INFO - Processing /home/m9d9v9/PycharmProjects/Airflow-2/Airflow-2/.venv/lib/python3.10/site-packages/airflow/example_dags/example_params_trigger_ui.py took 0.074 seconds
[2024-12-06T22:21:23.087-0600] {processor.py:186} INFO - Started process (PID=12732) to work on /home/m9d9v9/PycharmProjects/Airflow-2/Airflow-2/.venv/lib/python3.10/site-packages/airflow/example_dags/example_params_trigger_ui.py
[2024-12-06T22:21:23.093-0600] {processor.py:914} INFO - Processing file /home/m9d9v9/PycharmProjects/Airflow-2/Airflow-2/.venv/lib/python3.10/site-packages/airflow/example_dags/example_params_trigger_ui.py for tasks to queue
[2024-12-06T22:21:23.095-0600] {logging_mixin.py:190} INFO - [2024-12-06T22:21:23.095-0600] {dagbag.py:588} INFO - Filling up the DagBag from /home/m9d9v9/PycharmProjects/Airflow-2/Airflow-2/.venv/lib/python3.10/site-packages/airflow/example_dags/example_params_trigger_ui.py
[2024-12-06T22:21:23.104-0600] {processor.py:925} INFO - DAG(s) 'example_params_trigger_ui' retrieved from /home/m9d9v9/PycharmProjects/Airflow-2/Airflow-2/.venv/lib/python3.10/site-packages/airflow/example_dags/example_params_trigger_ui.py
[2024-12-06T22:21:23.138-0600] {logging_mixin.py:190} INFO - [2024-12-06T22:21:23.138-0600] {dag.py:3239} INFO - Sync 1 DAGs
[2024-12-06T22:21:23.149-0600] {logging_mixin.py:190} INFO - [2024-12-06T22:21:23.148-0600] {dag.py:4180} INFO - Setting next_dagrun for example_params_trigger_ui to None, run_after=None
[2024-12-06T22:21:23.162-0600] {processor.py:208} INFO - Processing /home/m9d9v9/PycharmProjects/Airflow-2/Airflow-2/.venv/lib/python3.10/site-packages/airflow/example_dags/example_params_trigger_ui.py took 0.080 seconds
[2024-12-06T22:22:19.119-0600] {processor.py:186} INFO - Started process (PID=12808) to work on /home/m9d9v9/PycharmProjects/Airflow-2/Airflow-2/.venv/lib/python3.10/site-packages/airflow/example_dags/example_params_trigger_ui.py
[2024-12-06T22:22:19.126-0600] {processor.py:914} INFO - Processing file /home/m9d9v9/PycharmProjects/Airflow-2/Airflow-2/.venv/lib/python3.10/site-packages/airflow/example_dags/example_params_trigger_ui.py for tasks to queue
[2024-12-06T22:22:19.130-0600] {logging_mixin.py:190} INFO - [2024-12-06T22:22:19.129-0600] {dagbag.py:588} INFO - Filling up the DagBag from /home/m9d9v9/PycharmProjects/Airflow-2/Airflow-2/.venv/lib/python3.10/site-packages/airflow/example_dags/example_params_trigger_ui.py
[2024-12-06T22:22:19.153-0600] {processor.py:925} INFO - DAG(s) 'example_params_trigger_ui' retrieved from /home/m9d9v9/PycharmProjects/Airflow-2/Airflow-2/.venv/lib/python3.10/site-packages/airflow/example_dags/example_params_trigger_ui.py
[2024-12-06T22:22:19.189-0600] {logging_mixin.py:190} INFO - [2024-12-06T22:22:19.188-0600] {dag.py:3239} INFO - Sync 1 DAGs
[2024-12-06T22:22:19.197-0600] {logging_mixin.py:190} INFO - [2024-12-06T22:22:19.197-0600] {dag.py:4180} INFO - Setting next_dagrun for example_params_trigger_ui to None, run_after=None
[2024-12-06T22:22:19.210-0600] {processor.py:208} INFO - Processing /home/m9d9v9/PycharmProjects/Airflow-2/Airflow-2/.venv/lib/python3.10/site-packages/airflow/example_dags/example_params_trigger_ui.py took 0.103 seconds
[2024-12-06T22:23:36.731-0600] {processor.py:186} INFO - Started process (PID=12968) to work on /home/m9d9v9/PycharmProjects/Airflow-2/Airflow-2/.venv/lib/python3.10/site-packages/airflow/example_dags/example_params_trigger_ui.py
[2024-12-06T22:23:36.738-0600] {processor.py:914} INFO - Processing file /home/m9d9v9/PycharmProjects/Airflow-2/Airflow-2/.venv/lib/python3.10/site-packages/airflow/example_dags/example_params_trigger_ui.py for tasks to queue
[2024-12-06T22:23:36.741-0600] {logging_mixin.py:190} INFO - [2024-12-06T22:23:36.740-0600] {dagbag.py:588} INFO - Filling up the DagBag from /home/m9d9v9/PycharmProjects/Airflow-2/Airflow-2/.venv/lib/python3.10/site-packages/airflow/example_dags/example_params_trigger_ui.py
[2024-12-06T22:23:36.763-0600] {processor.py:925} INFO - DAG(s) 'example_params_trigger_ui' retrieved from /home/m9d9v9/PycharmProjects/Airflow-2/Airflow-2/.venv/lib/python3.10/site-packages/airflow/example_dags/example_params_trigger_ui.py
[2024-12-06T22:23:36.801-0600] {logging_mixin.py:190} INFO - [2024-12-06T22:23:36.800-0600] {dag.py:3239} INFO - Sync 1 DAGs
[2024-12-06T22:23:36.810-0600] {logging_mixin.py:190} INFO - [2024-12-06T22:23:36.810-0600] {dag.py:4180} INFO - Setting next_dagrun for example_params_trigger_ui to None, run_after=None
[2024-12-06T22:23:36.824-0600] {processor.py:208} INFO - Processing /home/m9d9v9/PycharmProjects/Airflow-2/Airflow-2/.venv/lib/python3.10/site-packages/airflow/example_dags/example_params_trigger_ui.py took 0.106 seconds
[2024-12-06T22:24:30.865-0600] {processor.py:186} INFO - Started process (PID=13036) to work on /home/m9d9v9/PycharmProjects/Airflow-2/Airflow-2/.venv/lib/python3.10/site-packages/airflow/example_dags/example_params_trigger_ui.py
[2024-12-06T22:24:30.871-0600] {processor.py:914} INFO - Processing file /home/m9d9v9/PycharmProjects/Airflow-2/Airflow-2/.venv/lib/python3.10/site-packages/airflow/example_dags/example_params_trigger_ui.py for tasks to queue
[2024-12-06T22:24:30.874-0600] {logging_mixin.py:190} INFO - [2024-12-06T22:24:30.873-0600] {dagbag.py:588} INFO - Filling up the DagBag from /home/m9d9v9/PycharmProjects/Airflow-2/Airflow-2/.venv/lib/python3.10/site-packages/airflow/example_dags/example_params_trigger_ui.py
[2024-12-06T22:24:30.887-0600] {processor.py:925} INFO - DAG(s) 'example_params_trigger_ui' retrieved from /home/m9d9v9/PycharmProjects/Airflow-2/Airflow-2/.venv/lib/python3.10/site-packages/airflow/example_dags/example_params_trigger_ui.py
[2024-12-06T22:24:30.915-0600] {logging_mixin.py:190} INFO - [2024-12-06T22:24:30.915-0600] {dag.py:3239} INFO - Sync 1 DAGs
[2024-12-06T22:24:30.924-0600] {logging_mixin.py:190} INFO - [2024-12-06T22:24:30.924-0600] {dag.py:4180} INFO - Setting next_dagrun for example_params_trigger_ui to None, run_after=None
[2024-12-06T22:24:30.936-0600] {processor.py:208} INFO - Processing /home/m9d9v9/PycharmProjects/Airflow-2/Airflow-2/.venv/lib/python3.10/site-packages/airflow/example_dags/example_params_trigger_ui.py took 0.076 seconds
[2024-12-06T22:25:26.495-0600] {processor.py:186} INFO - Started process (PID=13123) to work on /home/m9d9v9/PycharmProjects/Airflow-2/Airflow-2/.venv/lib/python3.10/site-packages/airflow/example_dags/example_params_trigger_ui.py
[2024-12-06T22:25:26.497-0600] {processor.py:914} INFO - Processing file /home/m9d9v9/PycharmProjects/Airflow-2/Airflow-2/.venv/lib/python3.10/site-packages/airflow/example_dags/example_params_trigger_ui.py for tasks to queue
[2024-12-06T22:25:26.499-0600] {logging_mixin.py:190} INFO - [2024-12-06T22:25:26.499-0600] {dagbag.py:588} INFO - Filling up the DagBag from /home/m9d9v9/PycharmProjects/Airflow-2/Airflow-2/.venv/lib/python3.10/site-packages/airflow/example_dags/example_params_trigger_ui.py
[2024-12-06T22:25:26.523-0600] {processor.py:925} INFO - DAG(s) 'example_params_trigger_ui' retrieved from /home/m9d9v9/PycharmProjects/Airflow-2/Airflow-2/.venv/lib/python3.10/site-packages/airflow/example_dags/example_params_trigger_ui.py
[2024-12-06T22:25:26.552-0600] {logging_mixin.py:190} INFO - [2024-12-06T22:25:26.552-0600] {dag.py:3239} INFO - Sync 1 DAGs
[2024-12-06T22:25:26.561-0600] {logging_mixin.py:190} INFO - [2024-12-06T22:25:26.561-0600] {dag.py:4180} INFO - Setting next_dagrun for example_params_trigger_ui to None, run_after=None
[2024-12-06T22:25:26.574-0600] {processor.py:208} INFO - Processing /home/m9d9v9/PycharmProjects/Airflow-2/Airflow-2/.venv/lib/python3.10/site-packages/airflow/example_dags/example_params_trigger_ui.py took 0.093 seconds
[2024-12-06T22:26:24.525-0600] {processor.py:186} INFO - Started process (PID=13202) to work on /home/m9d9v9/PycharmProjects/Airflow-2/Airflow-2/.venv/lib/python3.10/site-packages/airflow/example_dags/example_params_trigger_ui.py
[2024-12-06T22:26:24.531-0600] {processor.py:914} INFO - Processing file /home/m9d9v9/PycharmProjects/Airflow-2/Airflow-2/.venv/lib/python3.10/site-packages/airflow/example_dags/example_params_trigger_ui.py for tasks to queue
[2024-12-06T22:26:24.533-0600] {logging_mixin.py:190} INFO - [2024-12-06T22:26:24.533-0600] {dagbag.py:588} INFO - Filling up the DagBag from /home/m9d9v9/PycharmProjects/Airflow-2/Airflow-2/.venv/lib/python3.10/site-packages/airflow/example_dags/example_params_trigger_ui.py
[2024-12-06T22:26:24.551-0600] {processor.py:925} INFO - DAG(s) 'example_params_trigger_ui' retrieved from /home/m9d9v9/PycharmProjects/Airflow-2/Airflow-2/.venv/lib/python3.10/site-packages/airflow/example_dags/example_params_trigger_ui.py
[2024-12-06T22:26:24.595-0600] {logging_mixin.py:190} INFO - [2024-12-06T22:26:24.595-0600] {dag.py:3239} INFO - Sync 1 DAGs
[2024-12-06T22:26:24.608-0600] {logging_mixin.py:190} INFO - [2024-12-06T22:26:24.608-0600] {dag.py:4180} INFO - Setting next_dagrun for example_params_trigger_ui to None, run_after=None
[2024-12-06T22:26:24.637-0600] {processor.py:208} INFO - Processing /home/m9d9v9/PycharmProjects/Airflow-2/Airflow-2/.venv/lib/python3.10/site-packages/airflow/example_dags/example_params_trigger_ui.py took 0.126 seconds
[2024-12-06T22:36:57.288-0600] {processor.py:186} INFO - Started process (PID=14572) to work on /home/m9d9v9/PycharmProjects/Airflow-2/Airflow-2/.venv/lib/python3.10/site-packages/airflow/example_dags/example_params_trigger_ui.py
[2024-12-06T22:36:57.295-0600] {processor.py:914} INFO - Processing file /home/m9d9v9/PycharmProjects/Airflow-2/Airflow-2/.venv/lib/python3.10/site-packages/airflow/example_dags/example_params_trigger_ui.py for tasks to queue
[2024-12-06T22:36:57.297-0600] {logging_mixin.py:190} INFO - [2024-12-06T22:36:57.297-0600] {dagbag.py:588} INFO - Filling up the DagBag from /home/m9d9v9/PycharmProjects/Airflow-2/Airflow-2/.venv/lib/python3.10/site-packages/airflow/example_dags/example_params_trigger_ui.py
[2024-12-06T22:36:57.317-0600] {processor.py:925} INFO - DAG(s) 'example_params_trigger_ui' retrieved from /home/m9d9v9/PycharmProjects/Airflow-2/Airflow-2/.venv/lib/python3.10/site-packages/airflow/example_dags/example_params_trigger_ui.py
[2024-12-06T22:36:57.385-0600] {logging_mixin.py:190} INFO - [2024-12-06T22:36:57.383-0600] {dag.py:3239} INFO - Sync 1 DAGs
[2024-12-06T22:36:57.404-0600] {logging_mixin.py:190} INFO - [2024-12-06T22:36:57.403-0600] {dag.py:4180} INFO - Setting next_dagrun for example_params_trigger_ui to None, run_after=None
[2024-12-06T22:36:57.436-0600] {processor.py:208} INFO - Processing /home/m9d9v9/PycharmProjects/Airflow-2/Airflow-2/.venv/lib/python3.10/site-packages/airflow/example_dags/example_params_trigger_ui.py took 0.155 seconds
[2024-12-06T22:37:53.641-0600] {processor.py:186} INFO - Started process (PID=14710) to work on /home/m9d9v9/PycharmProjects/Airflow-2/Airflow-2/.venv/lib/python3.10/site-packages/airflow/example_dags/example_params_trigger_ui.py
[2024-12-06T22:37:53.648-0600] {processor.py:914} INFO - Processing file /home/m9d9v9/PycharmProjects/Airflow-2/Airflow-2/.venv/lib/python3.10/site-packages/airflow/example_dags/example_params_trigger_ui.py for tasks to queue
[2024-12-06T22:37:53.653-0600] {logging_mixin.py:190} INFO - [2024-12-06T22:37:53.652-0600] {dagbag.py:588} INFO - Filling up the DagBag from /home/m9d9v9/PycharmProjects/Airflow-2/Airflow-2/.venv/lib/python3.10/site-packages/airflow/example_dags/example_params_trigger_ui.py
[2024-12-06T22:37:53.676-0600] {processor.py:925} INFO - DAG(s) 'example_params_trigger_ui' retrieved from /home/m9d9v9/PycharmProjects/Airflow-2/Airflow-2/.venv/lib/python3.10/site-packages/airflow/example_dags/example_params_trigger_ui.py
[2024-12-06T22:37:53.708-0600] {logging_mixin.py:190} INFO - [2024-12-06T22:37:53.708-0600] {dag.py:3239} INFO - Sync 1 DAGs
[2024-12-06T22:37:53.716-0600] {logging_mixin.py:190} INFO - [2024-12-06T22:37:53.716-0600] {dag.py:4180} INFO - Setting next_dagrun for example_params_trigger_ui to None, run_after=None
[2024-12-06T22:37:53.728-0600] {processor.py:208} INFO - Processing /home/m9d9v9/PycharmProjects/Airflow-2/Airflow-2/.venv/lib/python3.10/site-packages/airflow/example_dags/example_params_trigger_ui.py took 0.099 seconds
[2024-12-06T22:38:51.363-0600] {processor.py:186} INFO - Started process (PID=14792) to work on /home/m9d9v9/PycharmProjects/Airflow-2/Airflow-2/.venv/lib/python3.10/site-packages/airflow/example_dags/example_params_trigger_ui.py
[2024-12-06T22:38:51.366-0600] {processor.py:914} INFO - Processing file /home/m9d9v9/PycharmProjects/Airflow-2/Airflow-2/.venv/lib/python3.10/site-packages/airflow/example_dags/example_params_trigger_ui.py for tasks to queue
[2024-12-06T22:38:51.370-0600] {logging_mixin.py:190} INFO - [2024-12-06T22:38:51.369-0600] {dagbag.py:588} INFO - Filling up the DagBag from /home/m9d9v9/PycharmProjects/Airflow-2/Airflow-2/.venv/lib/python3.10/site-packages/airflow/example_dags/example_params_trigger_ui.py
[2024-12-06T22:38:51.392-0600] {processor.py:925} INFO - DAG(s) 'example_params_trigger_ui' retrieved from /home/m9d9v9/PycharmProjects/Airflow-2/Airflow-2/.venv/lib/python3.10/site-packages/airflow/example_dags/example_params_trigger_ui.py
[2024-12-06T22:38:51.421-0600] {logging_mixin.py:190} INFO - [2024-12-06T22:38:51.421-0600] {dag.py:3239} INFO - Sync 1 DAGs
[2024-12-06T22:38:51.429-0600] {logging_mixin.py:190} INFO - [2024-12-06T22:38:51.429-0600] {dag.py:4180} INFO - Setting next_dagrun for example_params_trigger_ui to None, run_after=None
[2024-12-06T22:38:51.441-0600] {processor.py:208} INFO - Processing /home/m9d9v9/PycharmProjects/Airflow-2/Airflow-2/.venv/lib/python3.10/site-packages/airflow/example_dags/example_params_trigger_ui.py took 0.091 seconds
[2024-12-06T22:39:47.983-0600] {processor.py:186} INFO - Started process (PID=14987) to work on /home/m9d9v9/PycharmProjects/Airflow-2/Airflow-2/.venv/lib/python3.10/site-packages/airflow/example_dags/example_params_trigger_ui.py
[2024-12-06T22:39:47.984-0600] {processor.py:914} INFO - Processing file /home/m9d9v9/PycharmProjects/Airflow-2/Airflow-2/.venv/lib/python3.10/site-packages/airflow/example_dags/example_params_trigger_ui.py for tasks to queue
[2024-12-06T22:39:47.986-0600] {logging_mixin.py:190} INFO - [2024-12-06T22:39:47.985-0600] {dagbag.py:588} INFO - Filling up the DagBag from /home/m9d9v9/PycharmProjects/Airflow-2/Airflow-2/.venv/lib/python3.10/site-packages/airflow/example_dags/example_params_trigger_ui.py
[2024-12-06T22:39:47.997-0600] {processor.py:925} INFO - DAG(s) 'example_params_trigger_ui' retrieved from /home/m9d9v9/PycharmProjects/Airflow-2/Airflow-2/.venv/lib/python3.10/site-packages/airflow/example_dags/example_params_trigger_ui.py
[2024-12-06T22:39:48.034-0600] {logging_mixin.py:190} INFO - [2024-12-06T22:39:48.034-0600] {dag.py:3239} INFO - Sync 1 DAGs
[2024-12-06T22:39:48.049-0600] {logging_mixin.py:190} INFO - [2024-12-06T22:39:48.048-0600] {dag.py:4180} INFO - Setting next_dagrun for example_params_trigger_ui to None, run_after=None
[2024-12-06T22:39:48.073-0600] {processor.py:208} INFO - Processing /home/m9d9v9/PycharmProjects/Airflow-2/Airflow-2/.venv/lib/python3.10/site-packages/airflow/example_dags/example_params_trigger_ui.py took 0.096 seconds
[2024-12-06T22:40:48.748-0600] {processor.py:186} INFO - Started process (PID=15114) to work on /home/m9d9v9/PycharmProjects/Airflow-2/Airflow-2/.venv/lib/python3.10/site-packages/airflow/example_dags/example_params_trigger_ui.py
[2024-12-06T22:40:48.754-0600] {processor.py:914} INFO - Processing file /home/m9d9v9/PycharmProjects/Airflow-2/Airflow-2/.venv/lib/python3.10/site-packages/airflow/example_dags/example_params_trigger_ui.py for tasks to queue
[2024-12-06T22:40:48.756-0600] {logging_mixin.py:190} INFO - [2024-12-06T22:40:48.756-0600] {dagbag.py:588} INFO - Filling up the DagBag from /home/m9d9v9/PycharmProjects/Airflow-2/Airflow-2/.venv/lib/python3.10/site-packages/airflow/example_dags/example_params_trigger_ui.py
[2024-12-06T22:40:48.764-0600] {processor.py:925} INFO - DAG(s) 'example_params_trigger_ui' retrieved from /home/m9d9v9/PycharmProjects/Airflow-2/Airflow-2/.venv/lib/python3.10/site-packages/airflow/example_dags/example_params_trigger_ui.py
[2024-12-06T22:40:48.792-0600] {logging_mixin.py:190} INFO - [2024-12-06T22:40:48.792-0600] {dag.py:3239} INFO - Sync 1 DAGs
[2024-12-06T22:40:48.801-0600] {logging_mixin.py:190} INFO - [2024-12-06T22:40:48.801-0600] {dag.py:4180} INFO - Setting next_dagrun for example_params_trigger_ui to None, run_after=None
[2024-12-06T22:40:48.813-0600] {processor.py:208} INFO - Processing /home/m9d9v9/PycharmProjects/Airflow-2/Airflow-2/.venv/lib/python3.10/site-packages/airflow/example_dags/example_params_trigger_ui.py took 0.072 seconds
[2024-12-06T23:25:04.418-0600] {processor.py:186} INFO - Started process (PID=17249) to work on /home/m9d9v9/PycharmProjects/Airflow-2/Airflow-2/.venv/lib/python3.10/site-packages/airflow/example_dags/example_params_trigger_ui.py
[2024-12-06T23:25:04.419-0600] {processor.py:914} INFO - Processing file /home/m9d9v9/PycharmProjects/Airflow-2/Airflow-2/.venv/lib/python3.10/site-packages/airflow/example_dags/example_params_trigger_ui.py for tasks to queue
[2024-12-06T23:25:04.421-0600] {logging_mixin.py:190} INFO - [2024-12-06T23:25:04.421-0600] {dagbag.py:588} INFO - Filling up the DagBag from /home/m9d9v9/PycharmProjects/Airflow-2/Airflow-2/.venv/lib/python3.10/site-packages/airflow/example_dags/example_params_trigger_ui.py
[2024-12-06T23:25:04.431-0600] {processor.py:925} INFO - DAG(s) 'example_params_trigger_ui' retrieved from /home/m9d9v9/PycharmProjects/Airflow-2/Airflow-2/.venv/lib/python3.10/site-packages/airflow/example_dags/example_params_trigger_ui.py
[2024-12-06T23:25:04.467-0600] {logging_mixin.py:190} INFO - [2024-12-06T23:25:04.467-0600] {dag.py:3239} INFO - Sync 1 DAGs
[2024-12-06T23:25:04.475-0600] {logging_mixin.py:190} INFO - [2024-12-06T23:25:04.475-0600] {dag.py:4180} INFO - Setting next_dagrun for example_params_trigger_ui to None, run_after=None
[2024-12-06T23:25:04.491-0600] {processor.py:208} INFO - Processing /home/m9d9v9/PycharmProjects/Airflow-2/Airflow-2/.venv/lib/python3.10/site-packages/airflow/example_dags/example_params_trigger_ui.py took 0.079 seconds
[2024-12-06T23:26:01.360-0600] {processor.py:186} INFO - Started process (PID=17370) to work on /home/m9d9v9/PycharmProjects/Airflow-2/Airflow-2/.venv/lib/python3.10/site-packages/airflow/example_dags/example_params_trigger_ui.py
[2024-12-06T23:26:01.366-0600] {processor.py:914} INFO - Processing file /home/m9d9v9/PycharmProjects/Airflow-2/Airflow-2/.venv/lib/python3.10/site-packages/airflow/example_dags/example_params_trigger_ui.py for tasks to queue
[2024-12-06T23:26:01.367-0600] {logging_mixin.py:190} INFO - [2024-12-06T23:26:01.367-0600] {dagbag.py:588} INFO - Filling up the DagBag from /home/m9d9v9/PycharmProjects/Airflow-2/Airflow-2/.venv/lib/python3.10/site-packages/airflow/example_dags/example_params_trigger_ui.py
[2024-12-06T23:26:01.375-0600] {processor.py:925} INFO - DAG(s) 'example_params_trigger_ui' retrieved from /home/m9d9v9/PycharmProjects/Airflow-2/Airflow-2/.venv/lib/python3.10/site-packages/airflow/example_dags/example_params_trigger_ui.py
[2024-12-06T23:26:01.406-0600] {logging_mixin.py:190} INFO - [2024-12-06T23:26:01.406-0600] {dag.py:3239} INFO - Sync 1 DAGs
[2024-12-06T23:26:01.414-0600] {logging_mixin.py:190} INFO - [2024-12-06T23:26:01.413-0600] {dag.py:4180} INFO - Setting next_dagrun for example_params_trigger_ui to None, run_after=None
[2024-12-06T23:26:01.427-0600] {processor.py:208} INFO - Processing /home/m9d9v9/PycharmProjects/Airflow-2/Airflow-2/.venv/lib/python3.10/site-packages/airflow/example_dags/example_params_trigger_ui.py took 0.070 seconds
[2024-12-06T23:26:58.244-0600] {processor.py:186} INFO - Started process (PID=17445) to work on /home/m9d9v9/PycharmProjects/Airflow-2/Airflow-2/.venv/lib/python3.10/site-packages/airflow/example_dags/example_params_trigger_ui.py
[2024-12-06T23:26:58.251-0600] {processor.py:914} INFO - Processing file /home/m9d9v9/PycharmProjects/Airflow-2/Airflow-2/.venv/lib/python3.10/site-packages/airflow/example_dags/example_params_trigger_ui.py for tasks to queue
[2024-12-06T23:26:58.253-0600] {logging_mixin.py:190} INFO - [2024-12-06T23:26:58.253-0600] {dagbag.py:588} INFO - Filling up the DagBag from /home/m9d9v9/PycharmProjects/Airflow-2/Airflow-2/.venv/lib/python3.10/site-packages/airflow/example_dags/example_params_trigger_ui.py
[2024-12-06T23:26:58.276-0600] {processor.py:925} INFO - DAG(s) 'example_params_trigger_ui' retrieved from /home/m9d9v9/PycharmProjects/Airflow-2/Airflow-2/.venv/lib/python3.10/site-packages/airflow/example_dags/example_params_trigger_ui.py
[2024-12-06T23:26:58.309-0600] {logging_mixin.py:190} INFO - [2024-12-06T23:26:58.309-0600] {dag.py:3239} INFO - Sync 1 DAGs
[2024-12-06T23:26:58.316-0600] {logging_mixin.py:190} INFO - [2024-12-06T23:26:58.316-0600] {dag.py:4180} INFO - Setting next_dagrun for example_params_trigger_ui to None, run_after=None
[2024-12-06T23:26:58.327-0600] {processor.py:208} INFO - Processing /home/m9d9v9/PycharmProjects/Airflow-2/Airflow-2/.venv/lib/python3.10/site-packages/airflow/example_dags/example_params_trigger_ui.py took 0.094 seconds
[2024-12-06T23:27:54.585-0600] {processor.py:186} INFO - Started process (PID=17518) to work on /home/m9d9v9/PycharmProjects/Airflow-2/Airflow-2/.venv/lib/python3.10/site-packages/airflow/example_dags/example_params_trigger_ui.py
[2024-12-06T23:27:54.586-0600] {processor.py:914} INFO - Processing file /home/m9d9v9/PycharmProjects/Airflow-2/Airflow-2/.venv/lib/python3.10/site-packages/airflow/example_dags/example_params_trigger_ui.py for tasks to queue
[2024-12-06T23:27:54.588-0600] {logging_mixin.py:190} INFO - [2024-12-06T23:27:54.587-0600] {dagbag.py:588} INFO - Filling up the DagBag from /home/m9d9v9/PycharmProjects/Airflow-2/Airflow-2/.venv/lib/python3.10/site-packages/airflow/example_dags/example_params_trigger_ui.py
[2024-12-06T23:27:54.597-0600] {processor.py:925} INFO - DAG(s) 'example_params_trigger_ui' retrieved from /home/m9d9v9/PycharmProjects/Airflow-2/Airflow-2/.venv/lib/python3.10/site-packages/airflow/example_dags/example_params_trigger_ui.py
[2024-12-06T23:27:54.631-0600] {logging_mixin.py:190} INFO - [2024-12-06T23:27:54.631-0600] {dag.py:3239} INFO - Sync 1 DAGs
[2024-12-06T23:27:54.640-0600] {logging_mixin.py:190} INFO - [2024-12-06T23:27:54.640-0600] {dag.py:4180} INFO - Setting next_dagrun for example_params_trigger_ui to None, run_after=None
[2024-12-06T23:27:54.653-0600] {processor.py:208} INFO - Processing /home/m9d9v9/PycharmProjects/Airflow-2/Airflow-2/.venv/lib/python3.10/site-packages/airflow/example_dags/example_params_trigger_ui.py took 0.074 seconds
[2024-12-06T23:28:52.304-0600] {processor.py:186} INFO - Started process (PID=17626) to work on /home/m9d9v9/PycharmProjects/Airflow-2/Airflow-2/.venv/lib/python3.10/site-packages/airflow/example_dags/example_params_trigger_ui.py
[2024-12-06T23:28:52.310-0600] {processor.py:914} INFO - Processing file /home/m9d9v9/PycharmProjects/Airflow-2/Airflow-2/.venv/lib/python3.10/site-packages/airflow/example_dags/example_params_trigger_ui.py for tasks to queue
[2024-12-06T23:28:52.311-0600] {logging_mixin.py:190} INFO - [2024-12-06T23:28:52.310-0600] {dagbag.py:588} INFO - Filling up the DagBag from /home/m9d9v9/PycharmProjects/Airflow-2/Airflow-2/.venv/lib/python3.10/site-packages/airflow/example_dags/example_params_trigger_ui.py
[2024-12-06T23:28:52.325-0600] {processor.py:925} INFO - DAG(s) 'example_params_trigger_ui' retrieved from /home/m9d9v9/PycharmProjects/Airflow-2/Airflow-2/.venv/lib/python3.10/site-packages/airflow/example_dags/example_params_trigger_ui.py
[2024-12-06T23:28:52.372-0600] {logging_mixin.py:190} INFO - [2024-12-06T23:28:52.371-0600] {dag.py:3239} INFO - Sync 1 DAGs
[2024-12-06T23:28:52.384-0600] {logging_mixin.py:190} INFO - [2024-12-06T23:28:52.384-0600] {dag.py:4180} INFO - Setting next_dagrun for example_params_trigger_ui to None, run_after=None
[2024-12-06T23:28:52.399-0600] {processor.py:208} INFO - Processing /home/m9d9v9/PycharmProjects/Airflow-2/Airflow-2/.venv/lib/python3.10/site-packages/airflow/example_dags/example_params_trigger_ui.py took 0.101 seconds
[2024-12-06T23:29:48.676-0600] {processor.py:186} INFO - Started process (PID=17763) to work on /home/m9d9v9/PycharmProjects/Airflow-2/Airflow-2/.venv/lib/python3.10/site-packages/airflow/example_dags/example_params_trigger_ui.py
[2024-12-06T23:29:48.682-0600] {processor.py:914} INFO - Processing file /home/m9d9v9/PycharmProjects/Airflow-2/Airflow-2/.venv/lib/python3.10/site-packages/airflow/example_dags/example_params_trigger_ui.py for tasks to queue
[2024-12-06T23:29:48.683-0600] {logging_mixin.py:190} INFO - [2024-12-06T23:29:48.683-0600] {dagbag.py:588} INFO - Filling up the DagBag from /home/m9d9v9/PycharmProjects/Airflow-2/Airflow-2/.venv/lib/python3.10/site-packages/airflow/example_dags/example_params_trigger_ui.py
[2024-12-06T23:29:48.694-0600] {processor.py:925} INFO - DAG(s) 'example_params_trigger_ui' retrieved from /home/m9d9v9/PycharmProjects/Airflow-2/Airflow-2/.venv/lib/python3.10/site-packages/airflow/example_dags/example_params_trigger_ui.py
[2024-12-06T23:29:48.719-0600] {logging_mixin.py:190} INFO - [2024-12-06T23:29:48.719-0600] {dag.py:3239} INFO - Sync 1 DAGs
[2024-12-06T23:29:48.727-0600] {logging_mixin.py:190} INFO - [2024-12-06T23:29:48.726-0600] {dag.py:4180} INFO - Setting next_dagrun for example_params_trigger_ui to None, run_after=None
[2024-12-06T23:29:48.738-0600] {processor.py:208} INFO - Processing /home/m9d9v9/PycharmProjects/Airflow-2/Airflow-2/.venv/lib/python3.10/site-packages/airflow/example_dags/example_params_trigger_ui.py took 0.066 seconds
[2024-12-06T23:30:44.440-0600] {processor.py:186} INFO - Started process (PID=17883) to work on /home/m9d9v9/PycharmProjects/Airflow-2/Airflow-2/.venv/lib/python3.10/site-packages/airflow/example_dags/example_params_trigger_ui.py
[2024-12-06T23:30:44.447-0600] {processor.py:914} INFO - Processing file /home/m9d9v9/PycharmProjects/Airflow-2/Airflow-2/.venv/lib/python3.10/site-packages/airflow/example_dags/example_params_trigger_ui.py for tasks to queue
[2024-12-06T23:30:44.449-0600] {logging_mixin.py:190} INFO - [2024-12-06T23:30:44.449-0600] {dagbag.py:588} INFO - Filling up the DagBag from /home/m9d9v9/PycharmProjects/Airflow-2/Airflow-2/.venv/lib/python3.10/site-packages/airflow/example_dags/example_params_trigger_ui.py
[2024-12-06T23:30:44.473-0600] {processor.py:925} INFO - DAG(s) 'example_params_trigger_ui' retrieved from /home/m9d9v9/PycharmProjects/Airflow-2/Airflow-2/.venv/lib/python3.10/site-packages/airflow/example_dags/example_params_trigger_ui.py
[2024-12-06T23:30:44.507-0600] {logging_mixin.py:190} INFO - [2024-12-06T23:30:44.507-0600] {dag.py:3239} INFO - Sync 1 DAGs
[2024-12-06T23:30:44.515-0600] {logging_mixin.py:190} INFO - [2024-12-06T23:30:44.514-0600] {dag.py:4180} INFO - Setting next_dagrun for example_params_trigger_ui to None, run_after=None
[2024-12-06T23:30:44.542-0600] {processor.py:208} INFO - Processing /home/m9d9v9/PycharmProjects/Airflow-2/Airflow-2/.venv/lib/python3.10/site-packages/airflow/example_dags/example_params_trigger_ui.py took 0.111 seconds
[2024-12-06T23:31:41.143-0600] {processor.py:186} INFO - Started process (PID=17953) to work on /home/m9d9v9/PycharmProjects/Airflow-2/Airflow-2/.venv/lib/python3.10/site-packages/airflow/example_dags/example_params_trigger_ui.py
[2024-12-06T23:31:41.150-0600] {processor.py:914} INFO - Processing file /home/m9d9v9/PycharmProjects/Airflow-2/Airflow-2/.venv/lib/python3.10/site-packages/airflow/example_dags/example_params_trigger_ui.py for tasks to queue
[2024-12-06T23:31:41.152-0600] {logging_mixin.py:190} INFO - [2024-12-06T23:31:41.151-0600] {dagbag.py:588} INFO - Filling up the DagBag from /home/m9d9v9/PycharmProjects/Airflow-2/Airflow-2/.venv/lib/python3.10/site-packages/airflow/example_dags/example_params_trigger_ui.py
[2024-12-06T23:31:41.174-0600] {processor.py:925} INFO - DAG(s) 'example_params_trigger_ui' retrieved from /home/m9d9v9/PycharmProjects/Airflow-2/Airflow-2/.venv/lib/python3.10/site-packages/airflow/example_dags/example_params_trigger_ui.py
[2024-12-06T23:31:41.208-0600] {logging_mixin.py:190} INFO - [2024-12-06T23:31:41.208-0600] {dag.py:3239} INFO - Sync 1 DAGs
[2024-12-06T23:31:41.215-0600] {logging_mixin.py:190} INFO - [2024-12-06T23:31:41.215-0600] {dag.py:4180} INFO - Setting next_dagrun for example_params_trigger_ui to None, run_after=None
[2024-12-06T23:31:41.321-0600] {processor.py:208} INFO - Processing /home/m9d9v9/PycharmProjects/Airflow-2/Airflow-2/.venv/lib/python3.10/site-packages/airflow/example_dags/example_params_trigger_ui.py took 0.187 seconds
[2024-12-06T23:32:40.372-0600] {processor.py:186} INFO - Started process (PID=18064) to work on /home/m9d9v9/PycharmProjects/Airflow-2/Airflow-2/.venv/lib/python3.10/site-packages/airflow/example_dags/example_params_trigger_ui.py
[2024-12-06T23:32:40.379-0600] {processor.py:914} INFO - Processing file /home/m9d9v9/PycharmProjects/Airflow-2/Airflow-2/.venv/lib/python3.10/site-packages/airflow/example_dags/example_params_trigger_ui.py for tasks to queue
[2024-12-06T23:32:40.380-0600] {logging_mixin.py:190} INFO - [2024-12-06T23:32:40.380-0600] {dagbag.py:588} INFO - Filling up the DagBag from /home/m9d9v9/PycharmProjects/Airflow-2/Airflow-2/.venv/lib/python3.10/site-packages/airflow/example_dags/example_params_trigger_ui.py
[2024-12-06T23:32:40.402-0600] {processor.py:925} INFO - DAG(s) 'example_params_trigger_ui' retrieved from /home/m9d9v9/PycharmProjects/Airflow-2/Airflow-2/.venv/lib/python3.10/site-packages/airflow/example_dags/example_params_trigger_ui.py
[2024-12-06T23:32:40.436-0600] {logging_mixin.py:190} INFO - [2024-12-06T23:32:40.436-0600] {dag.py:3239} INFO - Sync 1 DAGs
[2024-12-06T23:32:40.443-0600] {logging_mixin.py:190} INFO - [2024-12-06T23:32:40.443-0600] {dag.py:4180} INFO - Setting next_dagrun for example_params_trigger_ui to None, run_after=None
[2024-12-06T23:32:40.455-0600] {processor.py:208} INFO - Processing /home/m9d9v9/PycharmProjects/Airflow-2/Airflow-2/.venv/lib/python3.10/site-packages/airflow/example_dags/example_params_trigger_ui.py took 0.095 seconds
[2024-12-06T23:33:36.891-0600] {processor.py:186} INFO - Started process (PID=18131) to work on /home/m9d9v9/PycharmProjects/Airflow-2/Airflow-2/.venv/lib/python3.10/site-packages/airflow/example_dags/example_params_trigger_ui.py
[2024-12-06T23:33:36.898-0600] {processor.py:914} INFO - Processing file /home/m9d9v9/PycharmProjects/Airflow-2/Airflow-2/.venv/lib/python3.10/site-packages/airflow/example_dags/example_params_trigger_ui.py for tasks to queue
[2024-12-06T23:33:36.899-0600] {logging_mixin.py:190} INFO - [2024-12-06T23:33:36.899-0600] {dagbag.py:588} INFO - Filling up the DagBag from /home/m9d9v9/PycharmProjects/Airflow-2/Airflow-2/.venv/lib/python3.10/site-packages/airflow/example_dags/example_params_trigger_ui.py
[2024-12-06T23:33:36.922-0600] {processor.py:925} INFO - DAG(s) 'example_params_trigger_ui' retrieved from /home/m9d9v9/PycharmProjects/Airflow-2/Airflow-2/.venv/lib/python3.10/site-packages/airflow/example_dags/example_params_trigger_ui.py
[2024-12-06T23:33:36.956-0600] {logging_mixin.py:190} INFO - [2024-12-06T23:33:36.956-0600] {dag.py:3239} INFO - Sync 1 DAGs
[2024-12-06T23:33:36.963-0600] {logging_mixin.py:190} INFO - [2024-12-06T23:33:36.963-0600] {dag.py:4180} INFO - Setting next_dagrun for example_params_trigger_ui to None, run_after=None
[2024-12-06T23:33:36.975-0600] {processor.py:208} INFO - Processing /home/m9d9v9/PycharmProjects/Airflow-2/Airflow-2/.venv/lib/python3.10/site-packages/airflow/example_dags/example_params_trigger_ui.py took 0.094 seconds
[2024-12-06T23:34:32.641-0600] {processor.py:186} INFO - Started process (PID=18225) to work on /home/m9d9v9/PycharmProjects/Airflow-2/Airflow-2/.venv/lib/python3.10/site-packages/airflow/example_dags/example_params_trigger_ui.py
[2024-12-06T23:34:32.648-0600] {processor.py:914} INFO - Processing file /home/m9d9v9/PycharmProjects/Airflow-2/Airflow-2/.venv/lib/python3.10/site-packages/airflow/example_dags/example_params_trigger_ui.py for tasks to queue
[2024-12-06T23:34:32.651-0600] {logging_mixin.py:190} INFO - [2024-12-06T23:34:32.650-0600] {dagbag.py:588} INFO - Filling up the DagBag from /home/m9d9v9/PycharmProjects/Airflow-2/Airflow-2/.venv/lib/python3.10/site-packages/airflow/example_dags/example_params_trigger_ui.py
[2024-12-06T23:34:32.674-0600] {processor.py:925} INFO - DAG(s) 'example_params_trigger_ui' retrieved from /home/m9d9v9/PycharmProjects/Airflow-2/Airflow-2/.venv/lib/python3.10/site-packages/airflow/example_dags/example_params_trigger_ui.py
[2024-12-06T23:34:32.710-0600] {logging_mixin.py:190} INFO - [2024-12-06T23:34:32.710-0600] {dag.py:3239} INFO - Sync 1 DAGs
[2024-12-06T23:34:32.810-0600] {logging_mixin.py:190} INFO - [2024-12-06T23:34:32.810-0600] {dag.py:4180} INFO - Setting next_dagrun for example_params_trigger_ui to None, run_after=None
[2024-12-06T23:34:32.826-0600] {processor.py:208} INFO - Processing /home/m9d9v9/PycharmProjects/Airflow-2/Airflow-2/.venv/lib/python3.10/site-packages/airflow/example_dags/example_params_trigger_ui.py took 0.197 seconds
[2024-12-06T23:35:36.211-0600] {processor.py:186} INFO - Started process (PID=18337) to work on /home/m9d9v9/PycharmProjects/Airflow-2/Airflow-2/.venv/lib/python3.10/site-packages/airflow/example_dags/example_params_trigger_ui.py
[2024-12-06T23:35:36.217-0600] {processor.py:914} INFO - Processing file /home/m9d9v9/PycharmProjects/Airflow-2/Airflow-2/.venv/lib/python3.10/site-packages/airflow/example_dags/example_params_trigger_ui.py for tasks to queue
[2024-12-06T23:35:36.220-0600] {logging_mixin.py:190} INFO - [2024-12-06T23:35:36.219-0600] {dagbag.py:588} INFO - Filling up the DagBag from /home/m9d9v9/PycharmProjects/Airflow-2/Airflow-2/.venv/lib/python3.10/site-packages/airflow/example_dags/example_params_trigger_ui.py
[2024-12-06T23:35:36.241-0600] {processor.py:925} INFO - DAG(s) 'example_params_trigger_ui' retrieved from /home/m9d9v9/PycharmProjects/Airflow-2/Airflow-2/.venv/lib/python3.10/site-packages/airflow/example_dags/example_params_trigger_ui.py
[2024-12-06T23:35:36.276-0600] {logging_mixin.py:190} INFO - [2024-12-06T23:35:36.275-0600] {dag.py:3239} INFO - Sync 1 DAGs
[2024-12-06T23:35:36.369-0600] {logging_mixin.py:190} INFO - [2024-12-06T23:35:36.369-0600] {dag.py:4180} INFO - Setting next_dagrun for example_params_trigger_ui to None, run_after=None
[2024-12-06T23:35:36.386-0600] {processor.py:208} INFO - Processing /home/m9d9v9/PycharmProjects/Airflow-2/Airflow-2/.venv/lib/python3.10/site-packages/airflow/example_dags/example_params_trigger_ui.py took 0.186 seconds
[2024-12-06T23:36:40.024-0600] {processor.py:186} INFO - Started process (PID=18412) to work on /home/m9d9v9/PycharmProjects/Airflow-2/Airflow-2/.venv/lib/python3.10/site-packages/airflow/example_dags/example_params_trigger_ui.py
[2024-12-06T23:36:40.031-0600] {processor.py:914} INFO - Processing file /home/m9d9v9/PycharmProjects/Airflow-2/Airflow-2/.venv/lib/python3.10/site-packages/airflow/example_dags/example_params_trigger_ui.py for tasks to queue
[2024-12-06T23:36:40.034-0600] {logging_mixin.py:190} INFO - [2024-12-06T23:36:40.033-0600] {dagbag.py:588} INFO - Filling up the DagBag from /home/m9d9v9/PycharmProjects/Airflow-2/Airflow-2/.venv/lib/python3.10/site-packages/airflow/example_dags/example_params_trigger_ui.py
[2024-12-06T23:36:40.056-0600] {processor.py:925} INFO - DAG(s) 'example_params_trigger_ui' retrieved from /home/m9d9v9/PycharmProjects/Airflow-2/Airflow-2/.venv/lib/python3.10/site-packages/airflow/example_dags/example_params_trigger_ui.py
[2024-12-06T23:36:40.086-0600] {logging_mixin.py:190} INFO - [2024-12-06T23:36:40.086-0600] {dag.py:3239} INFO - Sync 1 DAGs
[2024-12-06T23:36:40.094-0600] {logging_mixin.py:190} INFO - [2024-12-06T23:36:40.094-0600] {dag.py:4180} INFO - Setting next_dagrun for example_params_trigger_ui to None, run_after=None
[2024-12-06T23:36:40.201-0600] {processor.py:208} INFO - Processing /home/m9d9v9/PycharmProjects/Airflow-2/Airflow-2/.venv/lib/python3.10/site-packages/airflow/example_dags/example_params_trigger_ui.py took 0.189 seconds
[2024-12-06T23:37:41.092-0600] {processor.py:186} INFO - Started process (PID=18703) to work on /home/m9d9v9/PycharmProjects/Airflow-2/Airflow-2/.venv/lib/python3.10/site-packages/airflow/example_dags/example_params_trigger_ui.py
[2024-12-06T23:37:41.099-0600] {processor.py:914} INFO - Processing file /home/m9d9v9/PycharmProjects/Airflow-2/Airflow-2/.venv/lib/python3.10/site-packages/airflow/example_dags/example_params_trigger_ui.py for tasks to queue
[2024-12-06T23:37:41.102-0600] {logging_mixin.py:190} INFO - [2024-12-06T23:37:41.101-0600] {dagbag.py:588} INFO - Filling up the DagBag from /home/m9d9v9/PycharmProjects/Airflow-2/Airflow-2/.venv/lib/python3.10/site-packages/airflow/example_dags/example_params_trigger_ui.py
[2024-12-06T23:37:41.127-0600] {processor.py:925} INFO - DAG(s) 'example_params_trigger_ui' retrieved from /home/m9d9v9/PycharmProjects/Airflow-2/Airflow-2/.venv/lib/python3.10/site-packages/airflow/example_dags/example_params_trigger_ui.py
[2024-12-06T23:37:41.161-0600] {logging_mixin.py:190} INFO - [2024-12-06T23:37:41.161-0600] {dag.py:3239} INFO - Sync 1 DAGs
[2024-12-06T23:37:41.169-0600] {logging_mixin.py:190} INFO - [2024-12-06T23:37:41.169-0600] {dag.py:4180} INFO - Setting next_dagrun for example_params_trigger_ui to None, run_after=None
[2024-12-06T23:37:41.181-0600] {processor.py:208} INFO - Processing /home/m9d9v9/PycharmProjects/Airflow-2/Airflow-2/.venv/lib/python3.10/site-packages/airflow/example_dags/example_params_trigger_ui.py took 0.098 seconds
[2024-12-06T23:38:43.019-0600] {processor.py:186} INFO - Started process (PID=18852) to work on /home/m9d9v9/PycharmProjects/Airflow-2/Airflow-2/.venv/lib/python3.10/site-packages/airflow/example_dags/example_params_trigger_ui.py
[2024-12-06T23:38:43.019-0600] {processor.py:914} INFO - Processing file /home/m9d9v9/PycharmProjects/Airflow-2/Airflow-2/.venv/lib/python3.10/site-packages/airflow/example_dags/example_params_trigger_ui.py for tasks to queue
[2024-12-06T23:38:43.020-0600] {logging_mixin.py:190} INFO - [2024-12-06T23:38:43.020-0600] {dagbag.py:588} INFO - Filling up the DagBag from /home/m9d9v9/PycharmProjects/Airflow-2/Airflow-2/.venv/lib/python3.10/site-packages/airflow/example_dags/example_params_trigger_ui.py
[2024-12-06T23:38:43.035-0600] {processor.py:925} INFO - DAG(s) 'example_params_trigger_ui' retrieved from /home/m9d9v9/PycharmProjects/Airflow-2/Airflow-2/.venv/lib/python3.10/site-packages/airflow/example_dags/example_params_trigger_ui.py
[2024-12-06T23:38:43.071-0600] {logging_mixin.py:190} INFO - [2024-12-06T23:38:43.071-0600] {dag.py:3239} INFO - Sync 1 DAGs
[2024-12-06T23:38:43.079-0600] {logging_mixin.py:190} INFO - [2024-12-06T23:38:43.079-0600] {dag.py:4180} INFO - Setting next_dagrun for example_params_trigger_ui to None, run_after=None
[2024-12-06T23:38:43.090-0600] {processor.py:208} INFO - Processing /home/m9d9v9/PycharmProjects/Airflow-2/Airflow-2/.venv/lib/python3.10/site-packages/airflow/example_dags/example_params_trigger_ui.py took 0.078 seconds
[2024-12-06T23:39:44.747-0600] {processor.py:186} INFO - Started process (PID=19082) to work on /home/m9d9v9/PycharmProjects/Airflow-2/Airflow-2/.venv/lib/python3.10/site-packages/airflow/example_dags/example_params_trigger_ui.py
[2024-12-06T23:39:44.748-0600] {processor.py:914} INFO - Processing file /home/m9d9v9/PycharmProjects/Airflow-2/Airflow-2/.venv/lib/python3.10/site-packages/airflow/example_dags/example_params_trigger_ui.py for tasks to queue
[2024-12-06T23:39:44.749-0600] {logging_mixin.py:190} INFO - [2024-12-06T23:39:44.749-0600] {dagbag.py:588} INFO - Filling up the DagBag from /home/m9d9v9/PycharmProjects/Airflow-2/Airflow-2/.venv/lib/python3.10/site-packages/airflow/example_dags/example_params_trigger_ui.py
[2024-12-06T23:39:44.758-0600] {processor.py:925} INFO - DAG(s) 'example_params_trigger_ui' retrieved from /home/m9d9v9/PycharmProjects/Airflow-2/Airflow-2/.venv/lib/python3.10/site-packages/airflow/example_dags/example_params_trigger_ui.py
[2024-12-06T23:39:44.784-0600] {logging_mixin.py:190} INFO - [2024-12-06T23:39:44.784-0600] {dag.py:3239} INFO - Sync 1 DAGs
[2024-12-06T23:39:44.792-0600] {logging_mixin.py:190} INFO - [2024-12-06T23:39:44.792-0600] {dag.py:4180} INFO - Setting next_dagrun for example_params_trigger_ui to None, run_after=None
[2024-12-06T23:39:44.803-0600] {processor.py:208} INFO - Processing /home/m9d9v9/PycharmProjects/Airflow-2/Airflow-2/.venv/lib/python3.10/site-packages/airflow/example_dags/example_params_trigger_ui.py took 0.060 seconds
[2024-12-06T23:40:42.959-0600] {processor.py:186} INFO - Started process (PID=19269) to work on /home/m9d9v9/PycharmProjects/Airflow-2/Airflow-2/.venv/lib/python3.10/site-packages/airflow/example_dags/example_params_trigger_ui.py
[2024-12-06T23:40:42.965-0600] {processor.py:914} INFO - Processing file /home/m9d9v9/PycharmProjects/Airflow-2/Airflow-2/.venv/lib/python3.10/site-packages/airflow/example_dags/example_params_trigger_ui.py for tasks to queue
[2024-12-06T23:40:42.967-0600] {logging_mixin.py:190} INFO - [2024-12-06T23:40:42.966-0600] {dagbag.py:588} INFO - Filling up the DagBag from /home/m9d9v9/PycharmProjects/Airflow-2/Airflow-2/.venv/lib/python3.10/site-packages/airflow/example_dags/example_params_trigger_ui.py
[2024-12-06T23:40:42.987-0600] {processor.py:925} INFO - DAG(s) 'example_params_trigger_ui' retrieved from /home/m9d9v9/PycharmProjects/Airflow-2/Airflow-2/.venv/lib/python3.10/site-packages/airflow/example_dags/example_params_trigger_ui.py
[2024-12-06T23:40:43.024-0600] {logging_mixin.py:190} INFO - [2024-12-06T23:40:43.024-0600] {dag.py:3239} INFO - Sync 1 DAGs
[2024-12-06T23:40:43.031-0600] {logging_mixin.py:190} INFO - [2024-12-06T23:40:43.031-0600] {dag.py:4180} INFO - Setting next_dagrun for example_params_trigger_ui to None, run_after=None
[2024-12-06T23:40:43.043-0600] {processor.py:208} INFO - Processing /home/m9d9v9/PycharmProjects/Airflow-2/Airflow-2/.venv/lib/python3.10/site-packages/airflow/example_dags/example_params_trigger_ui.py took 0.096 seconds
[2024-12-06T23:41:34.937-0600] {processor.py:186} INFO - Started process (PID=19350) to work on /home/m9d9v9/PycharmProjects/Airflow-2/Airflow-2/.venv/lib/python3.10/site-packages/airflow/example_dags/example_params_trigger_ui.py
[2024-12-06T23:41:34.943-0600] {processor.py:914} INFO - Processing file /home/m9d9v9/PycharmProjects/Airflow-2/Airflow-2/.venv/lib/python3.10/site-packages/airflow/example_dags/example_params_trigger_ui.py for tasks to queue
[2024-12-06T23:41:34.944-0600] {logging_mixin.py:190} INFO - [2024-12-06T23:41:34.944-0600] {dagbag.py:588} INFO - Filling up the DagBag from /home/m9d9v9/PycharmProjects/Airflow-2/Airflow-2/.venv/lib/python3.10/site-packages/airflow/example_dags/example_params_trigger_ui.py
[2024-12-06T23:41:34.953-0600] {processor.py:925} INFO - DAG(s) 'example_params_trigger_ui' retrieved from /home/m9d9v9/PycharmProjects/Airflow-2/Airflow-2/.venv/lib/python3.10/site-packages/airflow/example_dags/example_params_trigger_ui.py
[2024-12-06T23:41:34.981-0600] {logging_mixin.py:190} INFO - [2024-12-06T23:41:34.981-0600] {dag.py:3239} INFO - Sync 1 DAGs
[2024-12-06T23:41:34.990-0600] {logging_mixin.py:190} INFO - [2024-12-06T23:41:34.989-0600] {dag.py:4180} INFO - Setting next_dagrun for example_params_trigger_ui to None, run_after=None
[2024-12-06T23:41:35.003-0600] {processor.py:208} INFO - Processing /home/m9d9v9/PycharmProjects/Airflow-2/Airflow-2/.venv/lib/python3.10/site-packages/airflow/example_dags/example_params_trigger_ui.py took 0.070 seconds
