[2024-12-06T22:18:33.426-0600] {processor.py:186} INFO - Started process (PID=12470) to work on /home/m9d9v9/PycharmProjects/Airflow-2/Airflow-2/.venv/lib/python3.10/site-packages/airflow/example_dags/example_skip_dag.py
[2024-12-06T22:18:33.428-0600] {processor.py:914} INFO - Processing file /home/m9d9v9/PycharmProjects/Airflow-2/Airflow-2/.venv/lib/python3.10/site-packages/airflow/example_dags/example_skip_dag.py for tasks to queue
[2024-12-06T22:18:33.431-0600] {logging_mixin.py:190} INFO - [2024-12-06T22:18:33.430-0600] {dagbag.py:588} INFO - Filling up the DagBag from /home/m9d9v9/PycharmProjects/Airflow-2/Airflow-2/.venv/lib/python3.10/site-packages/airflow/example_dags/example_skip_dag.py
[2024-12-06T22:18:33.449-0600] {processor.py:925} INFO - DAG(s) 'example_skip_dag' retrieved from /home/m9d9v9/PycharmProjects/Airflow-2/Airflow-2/.venv/lib/python3.10/site-packages/airflow/example_dags/example_skip_dag.py
[2024-12-06T22:18:33.528-0600] {logging_mixin.py:190} INFO - [2024-12-06T22:18:33.527-0600] {override.py:1911} INFO - Created Permission View: can edit on DAG:example_skip_dag
[2024-12-06T22:18:33.534-0600] {logging_mixin.py:190} INFO - [2024-12-06T22:18:33.534-0600] {override.py:1911} INFO - Created Permission View: can read on DAG:example_skip_dag
[2024-12-06T22:18:33.541-0600] {logging_mixin.py:190} INFO - [2024-12-06T22:18:33.540-0600] {override.py:1911} INFO - Created Permission View: can delete on DAG:example_skip_dag
[2024-12-06T22:18:33.548-0600] {logging_mixin.py:190} INFO - [2024-12-06T22:18:33.548-0600] {override.py:1911} INFO - Created Permission View: menu access on DAG Run:example_skip_dag
[2024-12-06T22:18:33.552-0600] {logging_mixin.py:190} INFO - [2024-12-06T22:18:33.552-0600] {override.py:1911} INFO - Created Permission View: can create on DAG Run:example_skip_dag
[2024-12-06T22:18:33.557-0600] {logging_mixin.py:190} INFO - [2024-12-06T22:18:33.556-0600] {override.py:1911} INFO - Created Permission View: can read on DAG Run:example_skip_dag
[2024-12-06T22:18:33.561-0600] {logging_mixin.py:190} INFO - [2024-12-06T22:18:33.561-0600] {override.py:1911} INFO - Created Permission View: can delete on DAG Run:example_skip_dag
[2024-12-06T22:18:33.561-0600] {logging_mixin.py:190} INFO - [2024-12-06T22:18:33.561-0600] {dag.py:3239} INFO - Sync 1 DAGs
[2024-12-06T22:18:33.568-0600] {logging_mixin.py:190} INFO - [2024-12-06T22:18:33.568-0600] {dag.py:3262} INFO - Creating ORM DAG for example_skip_dag
[2024-12-06T22:18:33.573-0600] {logging_mixin.py:190} INFO - [2024-12-06T22:18:33.573-0600] {dag.py:4180} INFO - Setting next_dagrun for example_skip_dag to 2024-12-06 00:00:00+00:00, run_after=2024-12-07 00:00:00+00:00
[2024-12-06T22:18:33.583-0600] {processor.py:208} INFO - Processing /home/m9d9v9/PycharmProjects/Airflow-2/Airflow-2/.venv/lib/python3.10/site-packages/airflow/example_dags/example_skip_dag.py took 0.168 seconds
[2024-12-06T22:19:38.319-0600] {processor.py:186} INFO - Started process (PID=12583) to work on /home/m9d9v9/PycharmProjects/Airflow-2/Airflow-2/.venv/lib/python3.10/site-packages/airflow/example_dags/example_skip_dag.py
[2024-12-06T22:19:38.321-0600] {processor.py:914} INFO - Processing file /home/m9d9v9/PycharmProjects/Airflow-2/Airflow-2/.venv/lib/python3.10/site-packages/airflow/example_dags/example_skip_dag.py for tasks to queue
[2024-12-06T22:19:38.325-0600] {logging_mixin.py:190} INFO - [2024-12-06T22:19:38.324-0600] {dagbag.py:588} INFO - Filling up the DagBag from /home/m9d9v9/PycharmProjects/Airflow-2/Airflow-2/.venv/lib/python3.10/site-packages/airflow/example_dags/example_skip_dag.py
[2024-12-06T22:19:38.343-0600] {processor.py:925} INFO - DAG(s) 'example_skip_dag' retrieved from /home/m9d9v9/PycharmProjects/Airflow-2/Airflow-2/.venv/lib/python3.10/site-packages/airflow/example_dags/example_skip_dag.py
[2024-12-06T22:19:38.360-0600] {logging_mixin.py:190} INFO - [2024-12-06T22:19:38.360-0600] {dag.py:3239} INFO - Sync 1 DAGs
[2024-12-06T22:19:38.373-0600] {logging_mixin.py:190} INFO - [2024-12-06T22:19:38.372-0600] {dag.py:4180} INFO - Setting next_dagrun for example_skip_dag to 2024-12-06 00:00:00+00:00, run_after=2024-12-07 00:00:00+00:00
[2024-12-06T22:19:38.384-0600] {processor.py:208} INFO - Processing /home/m9d9v9/PycharmProjects/Airflow-2/Airflow-2/.venv/lib/python3.10/site-packages/airflow/example_dags/example_skip_dag.py took 0.079 seconds
[2024-12-06T22:20:32.769-0600] {processor.py:186} INFO - Started process (PID=12669) to work on /home/m9d9v9/PycharmProjects/Airflow-2/Airflow-2/.venv/lib/python3.10/site-packages/airflow/example_dags/example_skip_dag.py
[2024-12-06T22:20:32.776-0600] {processor.py:914} INFO - Processing file /home/m9d9v9/PycharmProjects/Airflow-2/Airflow-2/.venv/lib/python3.10/site-packages/airflow/example_dags/example_skip_dag.py for tasks to queue
[2024-12-06T22:20:32.779-0600] {logging_mixin.py:190} INFO - [2024-12-06T22:20:32.779-0600] {dagbag.py:588} INFO - Filling up the DagBag from /home/m9d9v9/PycharmProjects/Airflow-2/Airflow-2/.venv/lib/python3.10/site-packages/airflow/example_dags/example_skip_dag.py
[2024-12-06T22:20:32.795-0600] {processor.py:925} INFO - DAG(s) 'example_skip_dag' retrieved from /home/m9d9v9/PycharmProjects/Airflow-2/Airflow-2/.venv/lib/python3.10/site-packages/airflow/example_dags/example_skip_dag.py
[2024-12-06T22:20:32.820-0600] {logging_mixin.py:190} INFO - [2024-12-06T22:20:32.820-0600] {dag.py:3239} INFO - Sync 1 DAGs
[2024-12-06T22:20:32.833-0600] {logging_mixin.py:190} INFO - [2024-12-06T22:20:32.833-0600] {dag.py:4180} INFO - Setting next_dagrun for example_skip_dag to 2024-12-06 00:00:00+00:00, run_after=2024-12-07 00:00:00+00:00
[2024-12-06T22:20:32.846-0600] {processor.py:208} INFO - Processing /home/m9d9v9/PycharmProjects/Airflow-2/Airflow-2/.venv/lib/python3.10/site-packages/airflow/example_dags/example_skip_dag.py took 0.086 seconds
[2024-12-06T22:21:25.408-0600] {processor.py:186} INFO - Started process (PID=12736) to work on /home/m9d9v9/PycharmProjects/Airflow-2/Airflow-2/.venv/lib/python3.10/site-packages/airflow/example_dags/example_skip_dag.py
[2024-12-06T22:21:25.415-0600] {processor.py:914} INFO - Processing file /home/m9d9v9/PycharmProjects/Airflow-2/Airflow-2/.venv/lib/python3.10/site-packages/airflow/example_dags/example_skip_dag.py for tasks to queue
[2024-12-06T22:21:25.421-0600] {logging_mixin.py:190} INFO - [2024-12-06T22:21:25.420-0600] {dagbag.py:588} INFO - Filling up the DagBag from /home/m9d9v9/PycharmProjects/Airflow-2/Airflow-2/.venv/lib/python3.10/site-packages/airflow/example_dags/example_skip_dag.py
[2024-12-06T22:21:25.444-0600] {processor.py:925} INFO - DAG(s) 'example_skip_dag' retrieved from /home/m9d9v9/PycharmProjects/Airflow-2/Airflow-2/.venv/lib/python3.10/site-packages/airflow/example_dags/example_skip_dag.py
[2024-12-06T22:21:25.460-0600] {logging_mixin.py:190} INFO - [2024-12-06T22:21:25.460-0600] {dag.py:3239} INFO - Sync 1 DAGs
[2024-12-06T22:21:25.474-0600] {logging_mixin.py:190} INFO - [2024-12-06T22:21:25.474-0600] {dag.py:4180} INFO - Setting next_dagrun for example_skip_dag to 2024-12-06 00:00:00+00:00, run_after=2024-12-07 00:00:00+00:00
[2024-12-06T22:21:25.492-0600] {processor.py:208} INFO - Processing /home/m9d9v9/PycharmProjects/Airflow-2/Airflow-2/.venv/lib/python3.10/site-packages/airflow/example_dags/example_skip_dag.py took 0.103 seconds
[2024-12-06T22:22:21.237-0600] {processor.py:186} INFO - Started process (PID=12814) to work on /home/m9d9v9/PycharmProjects/Airflow-2/Airflow-2/.venv/lib/python3.10/site-packages/airflow/example_dags/example_skip_dag.py
[2024-12-06T22:22:21.244-0600] {processor.py:914} INFO - Processing file /home/m9d9v9/PycharmProjects/Airflow-2/Airflow-2/.venv/lib/python3.10/site-packages/airflow/example_dags/example_skip_dag.py for tasks to queue
[2024-12-06T22:22:21.247-0600] {logging_mixin.py:190} INFO - [2024-12-06T22:22:21.247-0600] {dagbag.py:588} INFO - Filling up the DagBag from /home/m9d9v9/PycharmProjects/Airflow-2/Airflow-2/.venv/lib/python3.10/site-packages/airflow/example_dags/example_skip_dag.py
[2024-12-06T22:22:21.256-0600] {processor.py:925} INFO - DAG(s) 'example_skip_dag' retrieved from /home/m9d9v9/PycharmProjects/Airflow-2/Airflow-2/.venv/lib/python3.10/site-packages/airflow/example_dags/example_skip_dag.py
[2024-12-06T22:22:21.284-0600] {logging_mixin.py:190} INFO - [2024-12-06T22:22:21.283-0600] {dag.py:3239} INFO - Sync 1 DAGs
[2024-12-06T22:22:21.307-0600] {logging_mixin.py:190} INFO - [2024-12-06T22:22:21.307-0600] {dag.py:4180} INFO - Setting next_dagrun for example_skip_dag to 2024-12-06 00:00:00+00:00, run_after=2024-12-07 00:00:00+00:00
[2024-12-06T22:22:21.323-0600] {processor.py:208} INFO - Processing /home/m9d9v9/PycharmProjects/Airflow-2/Airflow-2/.venv/lib/python3.10/site-packages/airflow/example_dags/example_skip_dag.py took 0.094 seconds
[2024-12-06T22:23:38.945-0600] {processor.py:186} INFO - Started process (PID=12970) to work on /home/m9d9v9/PycharmProjects/Airflow-2/Airflow-2/.venv/lib/python3.10/site-packages/airflow/example_dags/example_skip_dag.py
[2024-12-06T22:23:38.946-0600] {processor.py:914} INFO - Processing file /home/m9d9v9/PycharmProjects/Airflow-2/Airflow-2/.venv/lib/python3.10/site-packages/airflow/example_dags/example_skip_dag.py for tasks to queue
[2024-12-06T22:23:38.947-0600] {logging_mixin.py:190} INFO - [2024-12-06T22:23:38.947-0600] {dagbag.py:588} INFO - Filling up the DagBag from /home/m9d9v9/PycharmProjects/Airflow-2/Airflow-2/.venv/lib/python3.10/site-packages/airflow/example_dags/example_skip_dag.py
[2024-12-06T22:23:38.953-0600] {processor.py:925} INFO - DAG(s) 'example_skip_dag' retrieved from /home/m9d9v9/PycharmProjects/Airflow-2/Airflow-2/.venv/lib/python3.10/site-packages/airflow/example_dags/example_skip_dag.py
[2024-12-06T22:23:38.964-0600] {logging_mixin.py:190} INFO - [2024-12-06T22:23:38.964-0600] {dag.py:3239} INFO - Sync 1 DAGs
[2024-12-06T22:23:38.976-0600] {logging_mixin.py:190} INFO - [2024-12-06T22:23:38.976-0600] {dag.py:4180} INFO - Setting next_dagrun for example_skip_dag to 2024-12-06 00:00:00+00:00, run_after=2024-12-07 00:00:00+00:00
[2024-12-06T22:23:38.988-0600] {processor.py:208} INFO - Processing /home/m9d9v9/PycharmProjects/Airflow-2/Airflow-2/.venv/lib/python3.10/site-packages/airflow/example_dags/example_skip_dag.py took 0.047 seconds
[2024-12-06T22:24:33.215-0600] {processor.py:186} INFO - Started process (PID=13041) to work on /home/m9d9v9/PycharmProjects/Airflow-2/Airflow-2/.venv/lib/python3.10/site-packages/airflow/example_dags/example_skip_dag.py
[2024-12-06T22:24:33.222-0600] {processor.py:914} INFO - Processing file /home/m9d9v9/PycharmProjects/Airflow-2/Airflow-2/.venv/lib/python3.10/site-packages/airflow/example_dags/example_skip_dag.py for tasks to queue
[2024-12-06T22:24:33.224-0600] {logging_mixin.py:190} INFO - [2024-12-06T22:24:33.223-0600] {dagbag.py:588} INFO - Filling up the DagBag from /home/m9d9v9/PycharmProjects/Airflow-2/Airflow-2/.venv/lib/python3.10/site-packages/airflow/example_dags/example_skip_dag.py
[2024-12-06T22:24:33.242-0600] {processor.py:925} INFO - DAG(s) 'example_skip_dag' retrieved from /home/m9d9v9/PycharmProjects/Airflow-2/Airflow-2/.venv/lib/python3.10/site-packages/airflow/example_dags/example_skip_dag.py
[2024-12-06T22:24:33.266-0600] {logging_mixin.py:190} INFO - [2024-12-06T22:24:33.266-0600] {dag.py:3239} INFO - Sync 1 DAGs
[2024-12-06T22:24:33.278-0600] {logging_mixin.py:190} INFO - [2024-12-06T22:24:33.278-0600] {dag.py:4180} INFO - Setting next_dagrun for example_skip_dag to 2024-12-06 00:00:00+00:00, run_after=2024-12-07 00:00:00+00:00
[2024-12-06T22:24:33.291-0600] {processor.py:208} INFO - Processing /home/m9d9v9/PycharmProjects/Airflow-2/Airflow-2/.venv/lib/python3.10/site-packages/airflow/example_dags/example_skip_dag.py took 0.087 seconds
[2024-12-06T22:25:28.847-0600] {processor.py:186} INFO - Started process (PID=13125) to work on /home/m9d9v9/PycharmProjects/Airflow-2/Airflow-2/.venv/lib/python3.10/site-packages/airflow/example_dags/example_skip_dag.py
[2024-12-06T22:25:28.854-0600] {processor.py:914} INFO - Processing file /home/m9d9v9/PycharmProjects/Airflow-2/Airflow-2/.venv/lib/python3.10/site-packages/airflow/example_dags/example_skip_dag.py for tasks to queue
[2024-12-06T22:25:28.856-0600] {logging_mixin.py:190} INFO - [2024-12-06T22:25:28.855-0600] {dagbag.py:588} INFO - Filling up the DagBag from /home/m9d9v9/PycharmProjects/Airflow-2/Airflow-2/.venv/lib/python3.10/site-packages/airflow/example_dags/example_skip_dag.py
[2024-12-06T22:25:28.874-0600] {processor.py:925} INFO - DAG(s) 'example_skip_dag' retrieved from /home/m9d9v9/PycharmProjects/Airflow-2/Airflow-2/.venv/lib/python3.10/site-packages/airflow/example_dags/example_skip_dag.py
[2024-12-06T22:25:28.898-0600] {logging_mixin.py:190} INFO - [2024-12-06T22:25:28.898-0600] {dag.py:3239} INFO - Sync 1 DAGs
[2024-12-06T22:25:28.912-0600] {logging_mixin.py:190} INFO - [2024-12-06T22:25:28.912-0600] {dag.py:4180} INFO - Setting next_dagrun for example_skip_dag to 2024-12-06 00:00:00+00:00, run_after=2024-12-07 00:00:00+00:00
[2024-12-06T22:25:28.927-0600] {processor.py:208} INFO - Processing /home/m9d9v9/PycharmProjects/Airflow-2/Airflow-2/.venv/lib/python3.10/site-packages/airflow/example_dags/example_skip_dag.py took 0.092 seconds
[2024-12-06T22:26:26.934-0600] {processor.py:186} INFO - Started process (PID=13205) to work on /home/m9d9v9/PycharmProjects/Airflow-2/Airflow-2/.venv/lib/python3.10/site-packages/airflow/example_dags/example_skip_dag.py
[2024-12-06T22:26:26.940-0600] {processor.py:914} INFO - Processing file /home/m9d9v9/PycharmProjects/Airflow-2/Airflow-2/.venv/lib/python3.10/site-packages/airflow/example_dags/example_skip_dag.py for tasks to queue
[2024-12-06T22:26:26.943-0600] {logging_mixin.py:190} INFO - [2024-12-06T22:26:26.942-0600] {dagbag.py:588} INFO - Filling up the DagBag from /home/m9d9v9/PycharmProjects/Airflow-2/Airflow-2/.venv/lib/python3.10/site-packages/airflow/example_dags/example_skip_dag.py
[2024-12-06T22:26:26.954-0600] {processor.py:925} INFO - DAG(s) 'example_skip_dag' retrieved from /home/m9d9v9/PycharmProjects/Airflow-2/Airflow-2/.venv/lib/python3.10/site-packages/airflow/example_dags/example_skip_dag.py
[2024-12-06T22:26:26.973-0600] {logging_mixin.py:190} INFO - [2024-12-06T22:26:26.972-0600] {dag.py:3239} INFO - Sync 1 DAGs
[2024-12-06T22:26:26.990-0600] {logging_mixin.py:190} INFO - [2024-12-06T22:26:26.990-0600] {dag.py:4180} INFO - Setting next_dagrun for example_skip_dag to 2024-12-06 00:00:00+00:00, run_after=2024-12-07 00:00:00+00:00
[2024-12-06T22:26:27.004-0600] {processor.py:208} INFO - Processing /home/m9d9v9/PycharmProjects/Airflow-2/Airflow-2/.venv/lib/python3.10/site-packages/airflow/example_dags/example_skip_dag.py took 0.077 seconds
[2024-12-06T22:36:58.859-0600] {processor.py:186} INFO - Started process (PID=14574) to work on /home/m9d9v9/PycharmProjects/Airflow-2/Airflow-2/.venv/lib/python3.10/site-packages/airflow/example_dags/example_skip_dag.py
[2024-12-06T22:36:58.865-0600] {processor.py:914} INFO - Processing file /home/m9d9v9/PycharmProjects/Airflow-2/Airflow-2/.venv/lib/python3.10/site-packages/airflow/example_dags/example_skip_dag.py for tasks to queue
[2024-12-06T22:36:58.867-0600] {logging_mixin.py:190} INFO - [2024-12-06T22:36:58.867-0600] {dagbag.py:588} INFO - Filling up the DagBag from /home/m9d9v9/PycharmProjects/Airflow-2/Airflow-2/.venv/lib/python3.10/site-packages/airflow/example_dags/example_skip_dag.py
[2024-12-06T22:36:58.876-0600] {processor.py:925} INFO - DAG(s) 'example_skip_dag' retrieved from /home/m9d9v9/PycharmProjects/Airflow-2/Airflow-2/.venv/lib/python3.10/site-packages/airflow/example_dags/example_skip_dag.py
[2024-12-06T22:36:58.897-0600] {logging_mixin.py:190} INFO - [2024-12-06T22:36:58.896-0600] {dag.py:3239} INFO - Sync 1 DAGs
[2024-12-06T22:36:58.914-0600] {logging_mixin.py:190} INFO - [2024-12-06T22:36:58.914-0600] {dag.py:4180} INFO - Setting next_dagrun for example_skip_dag to 2024-12-06 00:00:00+00:00, run_after=2024-12-07 00:00:00+00:00
[2024-12-06T22:36:58.929-0600] {processor.py:208} INFO - Processing /home/m9d9v9/PycharmProjects/Airflow-2/Airflow-2/.venv/lib/python3.10/site-packages/airflow/example_dags/example_skip_dag.py took 0.075 seconds
[2024-12-06T22:37:55.850-0600] {processor.py:186} INFO - Started process (PID=14713) to work on /home/m9d9v9/PycharmProjects/Airflow-2/Airflow-2/.venv/lib/python3.10/site-packages/airflow/example_dags/example_skip_dag.py
[2024-12-06T22:37:55.856-0600] {processor.py:914} INFO - Processing file /home/m9d9v9/PycharmProjects/Airflow-2/Airflow-2/.venv/lib/python3.10/site-packages/airflow/example_dags/example_skip_dag.py for tasks to queue
[2024-12-06T22:37:55.859-0600] {logging_mixin.py:190} INFO - [2024-12-06T22:37:55.859-0600] {dagbag.py:588} INFO - Filling up the DagBag from /home/m9d9v9/PycharmProjects/Airflow-2/Airflow-2/.venv/lib/python3.10/site-packages/airflow/example_dags/example_skip_dag.py
[2024-12-06T22:37:55.866-0600] {processor.py:925} INFO - DAG(s) 'example_skip_dag' retrieved from /home/m9d9v9/PycharmProjects/Airflow-2/Airflow-2/.venv/lib/python3.10/site-packages/airflow/example_dags/example_skip_dag.py
[2024-12-06T22:37:55.879-0600] {logging_mixin.py:190} INFO - [2024-12-06T22:37:55.879-0600] {dag.py:3239} INFO - Sync 1 DAGs
[2024-12-06T22:37:55.892-0600] {logging_mixin.py:190} INFO - [2024-12-06T22:37:55.892-0600] {dag.py:4180} INFO - Setting next_dagrun for example_skip_dag to 2024-12-06 00:00:00+00:00, run_after=2024-12-07 00:00:00+00:00
[2024-12-06T22:37:55.904-0600] {processor.py:208} INFO - Processing /home/m9d9v9/PycharmProjects/Airflow-2/Airflow-2/.venv/lib/python3.10/site-packages/airflow/example_dags/example_skip_dag.py took 0.059 seconds
[2024-12-06T22:38:53.793-0600] {processor.py:186} INFO - Started process (PID=14797) to work on /home/m9d9v9/PycharmProjects/Airflow-2/Airflow-2/.venv/lib/python3.10/site-packages/airflow/example_dags/example_skip_dag.py
[2024-12-06T22:38:53.800-0600] {processor.py:914} INFO - Processing file /home/m9d9v9/PycharmProjects/Airflow-2/Airflow-2/.venv/lib/python3.10/site-packages/airflow/example_dags/example_skip_dag.py for tasks to queue
[2024-12-06T22:38:53.803-0600] {logging_mixin.py:190} INFO - [2024-12-06T22:38:53.802-0600] {dagbag.py:588} INFO - Filling up the DagBag from /home/m9d9v9/PycharmProjects/Airflow-2/Airflow-2/.venv/lib/python3.10/site-packages/airflow/example_dags/example_skip_dag.py
[2024-12-06T22:38:53.811-0600] {processor.py:925} INFO - DAG(s) 'example_skip_dag' retrieved from /home/m9d9v9/PycharmProjects/Airflow-2/Airflow-2/.venv/lib/python3.10/site-packages/airflow/example_dags/example_skip_dag.py
[2024-12-06T22:38:53.825-0600] {logging_mixin.py:190} INFO - [2024-12-06T22:38:53.825-0600] {dag.py:3239} INFO - Sync 1 DAGs
[2024-12-06T22:38:53.841-0600] {logging_mixin.py:190} INFO - [2024-12-06T22:38:53.841-0600] {dag.py:4180} INFO - Setting next_dagrun for example_skip_dag to 2024-12-06 00:00:00+00:00, run_after=2024-12-07 00:00:00+00:00
[2024-12-06T22:38:53.855-0600] {processor.py:208} INFO - Processing /home/m9d9v9/PycharmProjects/Airflow-2/Airflow-2/.venv/lib/python3.10/site-packages/airflow/example_dags/example_skip_dag.py took 0.067 seconds
[2024-12-06T22:39:50.297-0600] {processor.py:186} INFO - Started process (PID=14989) to work on /home/m9d9v9/PycharmProjects/Airflow-2/Airflow-2/.venv/lib/python3.10/site-packages/airflow/example_dags/example_skip_dag.py
[2024-12-06T22:39:50.298-0600] {processor.py:914} INFO - Processing file /home/m9d9v9/PycharmProjects/Airflow-2/Airflow-2/.venv/lib/python3.10/site-packages/airflow/example_dags/example_skip_dag.py for tasks to queue
[2024-12-06T22:39:50.299-0600] {logging_mixin.py:190} INFO - [2024-12-06T22:39:50.299-0600] {dagbag.py:588} INFO - Filling up the DagBag from /home/m9d9v9/PycharmProjects/Airflow-2/Airflow-2/.venv/lib/python3.10/site-packages/airflow/example_dags/example_skip_dag.py
[2024-12-06T22:39:50.306-0600] {processor.py:925} INFO - DAG(s) 'example_skip_dag' retrieved from /home/m9d9v9/PycharmProjects/Airflow-2/Airflow-2/.venv/lib/python3.10/site-packages/airflow/example_dags/example_skip_dag.py
[2024-12-06T22:39:50.318-0600] {logging_mixin.py:190} INFO - [2024-12-06T22:39:50.318-0600] {dag.py:3239} INFO - Sync 1 DAGs
[2024-12-06T22:39:50.332-0600] {logging_mixin.py:190} INFO - [2024-12-06T22:39:50.332-0600] {dag.py:4180} INFO - Setting next_dagrun for example_skip_dag to 2024-12-06 00:00:00+00:00, run_after=2024-12-07 00:00:00+00:00
[2024-12-06T22:39:50.344-0600] {processor.py:208} INFO - Processing /home/m9d9v9/PycharmProjects/Airflow-2/Airflow-2/.venv/lib/python3.10/site-packages/airflow/example_dags/example_skip_dag.py took 0.054 seconds
[2024-12-06T22:40:50.643-0600] {processor.py:186} INFO - Started process (PID=15116) to work on /home/m9d9v9/PycharmProjects/Airflow-2/Airflow-2/.venv/lib/python3.10/site-packages/airflow/example_dags/example_skip_dag.py
[2024-12-06T22:40:50.650-0600] {processor.py:914} INFO - Processing file /home/m9d9v9/PycharmProjects/Airflow-2/Airflow-2/.venv/lib/python3.10/site-packages/airflow/example_dags/example_skip_dag.py for tasks to queue
[2024-12-06T22:40:50.654-0600] {logging_mixin.py:190} INFO - [2024-12-06T22:40:50.653-0600] {dagbag.py:588} INFO - Filling up the DagBag from /home/m9d9v9/PycharmProjects/Airflow-2/Airflow-2/.venv/lib/python3.10/site-packages/airflow/example_dags/example_skip_dag.py
[2024-12-06T22:40:50.671-0600] {processor.py:925} INFO - DAG(s) 'example_skip_dag' retrieved from /home/m9d9v9/PycharmProjects/Airflow-2/Airflow-2/.venv/lib/python3.10/site-packages/airflow/example_dags/example_skip_dag.py
[2024-12-06T22:40:50.693-0600] {logging_mixin.py:190} INFO - [2024-12-06T22:40:50.692-0600] {dag.py:3239} INFO - Sync 1 DAGs
[2024-12-06T22:40:50.706-0600] {logging_mixin.py:190} INFO - [2024-12-06T22:40:50.706-0600] {dag.py:4180} INFO - Setting next_dagrun for example_skip_dag to 2024-12-06 00:00:00+00:00, run_after=2024-12-07 00:00:00+00:00
[2024-12-06T22:40:50.718-0600] {processor.py:208} INFO - Processing /home/m9d9v9/PycharmProjects/Airflow-2/Airflow-2/.venv/lib/python3.10/site-packages/airflow/example_dags/example_skip_dag.py took 0.093 seconds
[2024-12-06T23:25:05.781-0600] {processor.py:186} INFO - Started process (PID=17254) to work on /home/m9d9v9/PycharmProjects/Airflow-2/Airflow-2/.venv/lib/python3.10/site-packages/airflow/example_dags/example_skip_dag.py
[2024-12-06T23:25:05.783-0600] {processor.py:914} INFO - Processing file /home/m9d9v9/PycharmProjects/Airflow-2/Airflow-2/.venv/lib/python3.10/site-packages/airflow/example_dags/example_skip_dag.py for tasks to queue
[2024-12-06T23:25:05.787-0600] {logging_mixin.py:190} INFO - [2024-12-06T23:25:05.786-0600] {dagbag.py:588} INFO - Filling up the DagBag from /home/m9d9v9/PycharmProjects/Airflow-2/Airflow-2/.venv/lib/python3.10/site-packages/airflow/example_dags/example_skip_dag.py
[2024-12-06T23:25:05.801-0600] {processor.py:925} INFO - DAG(s) 'example_skip_dag' retrieved from /home/m9d9v9/PycharmProjects/Airflow-2/Airflow-2/.venv/lib/python3.10/site-packages/airflow/example_dags/example_skip_dag.py
[2024-12-06T23:25:05.825-0600] {logging_mixin.py:190} INFO - [2024-12-06T23:25:05.825-0600] {dag.py:3239} INFO - Sync 1 DAGs
[2024-12-06T23:25:05.836-0600] {logging_mixin.py:190} INFO - [2024-12-06T23:25:05.835-0600] {dag.py:4180} INFO - Setting next_dagrun for example_skip_dag to 2024-12-06 00:00:00+00:00, run_after=2024-12-07 00:00:00+00:00
[2024-12-06T23:25:05.846-0600] {processor.py:208} INFO - Processing /home/m9d9v9/PycharmProjects/Airflow-2/Airflow-2/.venv/lib/python3.10/site-packages/airflow/example_dags/example_skip_dag.py took 0.076 seconds
[2024-12-06T23:26:02.936-0600] {processor.py:186} INFO - Started process (PID=17373) to work on /home/m9d9v9/PycharmProjects/Airflow-2/Airflow-2/.venv/lib/python3.10/site-packages/airflow/example_dags/example_skip_dag.py
[2024-12-06T23:26:02.943-0600] {processor.py:914} INFO - Processing file /home/m9d9v9/PycharmProjects/Airflow-2/Airflow-2/.venv/lib/python3.10/site-packages/airflow/example_dags/example_skip_dag.py for tasks to queue
[2024-12-06T23:26:02.945-0600] {logging_mixin.py:190} INFO - [2024-12-06T23:26:02.944-0600] {dagbag.py:588} INFO - Filling up the DagBag from /home/m9d9v9/PycharmProjects/Airflow-2/Airflow-2/.venv/lib/python3.10/site-packages/airflow/example_dags/example_skip_dag.py
[2024-12-06T23:26:02.960-0600] {processor.py:925} INFO - DAG(s) 'example_skip_dag' retrieved from /home/m9d9v9/PycharmProjects/Airflow-2/Airflow-2/.venv/lib/python3.10/site-packages/airflow/example_dags/example_skip_dag.py
[2024-12-06T23:26:02.984-0600] {logging_mixin.py:190} INFO - [2024-12-06T23:26:02.983-0600] {dag.py:3239} INFO - Sync 1 DAGs
[2024-12-06T23:26:02.995-0600] {logging_mixin.py:190} INFO - [2024-12-06T23:26:02.995-0600] {dag.py:4180} INFO - Setting next_dagrun for example_skip_dag to 2024-12-06 00:00:00+00:00, run_after=2024-12-07 00:00:00+00:00
[2024-12-06T23:26:03.007-0600] {processor.py:208} INFO - Processing /home/m9d9v9/PycharmProjects/Airflow-2/Airflow-2/.venv/lib/python3.10/site-packages/airflow/example_dags/example_skip_dag.py took 0.083 seconds
[2024-12-06T23:26:59.907-0600] {processor.py:186} INFO - Started process (PID=17447) to work on /home/m9d9v9/PycharmProjects/Airflow-2/Airflow-2/.venv/lib/python3.10/site-packages/airflow/example_dags/example_skip_dag.py
[2024-12-06T23:26:59.912-0600] {processor.py:914} INFO - Processing file /home/m9d9v9/PycharmProjects/Airflow-2/Airflow-2/.venv/lib/python3.10/site-packages/airflow/example_dags/example_skip_dag.py for tasks to queue
[2024-12-06T23:26:59.913-0600] {logging_mixin.py:190} INFO - [2024-12-06T23:26:59.913-0600] {dagbag.py:588} INFO - Filling up the DagBag from /home/m9d9v9/PycharmProjects/Airflow-2/Airflow-2/.venv/lib/python3.10/site-packages/airflow/example_dags/example_skip_dag.py
[2024-12-06T23:26:59.919-0600] {processor.py:925} INFO - DAG(s) 'example_skip_dag' retrieved from /home/m9d9v9/PycharmProjects/Airflow-2/Airflow-2/.venv/lib/python3.10/site-packages/airflow/example_dags/example_skip_dag.py
[2024-12-06T23:26:59.929-0600] {logging_mixin.py:190} INFO - [2024-12-06T23:26:59.929-0600] {dag.py:3239} INFO - Sync 1 DAGs
[2024-12-06T23:26:59.940-0600] {logging_mixin.py:190} INFO - [2024-12-06T23:26:59.940-0600] {dag.py:4180} INFO - Setting next_dagrun for example_skip_dag to 2024-12-06 00:00:00+00:00, run_after=2024-12-07 00:00:00+00:00
[2024-12-06T23:26:59.951-0600] {processor.py:208} INFO - Processing /home/m9d9v9/PycharmProjects/Airflow-2/Airflow-2/.venv/lib/python3.10/site-packages/airflow/example_dags/example_skip_dag.py took 0.048 seconds
[2024-12-06T23:27:56.711-0600] {processor.py:186} INFO - Started process (PID=17521) to work on /home/m9d9v9/PycharmProjects/Airflow-2/Airflow-2/.venv/lib/python3.10/site-packages/airflow/example_dags/example_skip_dag.py
[2024-12-06T23:27:56.713-0600] {processor.py:914} INFO - Processing file /home/m9d9v9/PycharmProjects/Airflow-2/Airflow-2/.venv/lib/python3.10/site-packages/airflow/example_dags/example_skip_dag.py for tasks to queue
[2024-12-06T23:27:56.714-0600] {logging_mixin.py:190} INFO - [2024-12-06T23:27:56.714-0600] {dagbag.py:588} INFO - Filling up the DagBag from /home/m9d9v9/PycharmProjects/Airflow-2/Airflow-2/.venv/lib/python3.10/site-packages/airflow/example_dags/example_skip_dag.py
[2024-12-06T23:27:56.725-0600] {processor.py:925} INFO - DAG(s) 'example_skip_dag' retrieved from /home/m9d9v9/PycharmProjects/Airflow-2/Airflow-2/.venv/lib/python3.10/site-packages/airflow/example_dags/example_skip_dag.py
[2024-12-06T23:27:56.739-0600] {logging_mixin.py:190} INFO - [2024-12-06T23:27:56.739-0600] {dag.py:3239} INFO - Sync 1 DAGs
[2024-12-06T23:27:56.757-0600] {logging_mixin.py:190} INFO - [2024-12-06T23:27:56.757-0600] {dag.py:4180} INFO - Setting next_dagrun for example_skip_dag to 2024-12-06 00:00:00+00:00, run_after=2024-12-07 00:00:00+00:00
[2024-12-06T23:27:56.770-0600] {processor.py:208} INFO - Processing /home/m9d9v9/PycharmProjects/Airflow-2/Airflow-2/.venv/lib/python3.10/site-packages/airflow/example_dags/example_skip_dag.py took 0.065 seconds
[2024-12-06T23:28:53.624-0600] {processor.py:186} INFO - Started process (PID=17629) to work on /home/m9d9v9/PycharmProjects/Airflow-2/Airflow-2/.venv/lib/python3.10/site-packages/airflow/example_dags/example_skip_dag.py
[2024-12-06T23:28:53.630-0600] {processor.py:914} INFO - Processing file /home/m9d9v9/PycharmProjects/Airflow-2/Airflow-2/.venv/lib/python3.10/site-packages/airflow/example_dags/example_skip_dag.py for tasks to queue
[2024-12-06T23:28:53.632-0600] {logging_mixin.py:190} INFO - [2024-12-06T23:28:53.631-0600] {dagbag.py:588} INFO - Filling up the DagBag from /home/m9d9v9/PycharmProjects/Airflow-2/Airflow-2/.venv/lib/python3.10/site-packages/airflow/example_dags/example_skip_dag.py
[2024-12-06T23:28:53.646-0600] {processor.py:925} INFO - DAG(s) 'example_skip_dag' retrieved from /home/m9d9v9/PycharmProjects/Airflow-2/Airflow-2/.venv/lib/python3.10/site-packages/airflow/example_dags/example_skip_dag.py
[2024-12-06T23:28:53.674-0600] {logging_mixin.py:190} INFO - [2024-12-06T23:28:53.674-0600] {dag.py:3239} INFO - Sync 1 DAGs
[2024-12-06T23:28:53.686-0600] {logging_mixin.py:190} INFO - [2024-12-06T23:28:53.686-0600] {dag.py:4180} INFO - Setting next_dagrun for example_skip_dag to 2024-12-06 00:00:00+00:00, run_after=2024-12-07 00:00:00+00:00
[2024-12-06T23:28:53.700-0600] {processor.py:208} INFO - Processing /home/m9d9v9/PycharmProjects/Airflow-2/Airflow-2/.venv/lib/python3.10/site-packages/airflow/example_dags/example_skip_dag.py took 0.085 seconds
[2024-12-06T23:29:50.361-0600] {processor.py:186} INFO - Started process (PID=17765) to work on /home/m9d9v9/PycharmProjects/Airflow-2/Airflow-2/.venv/lib/python3.10/site-packages/airflow/example_dags/example_skip_dag.py
[2024-12-06T23:29:50.367-0600] {processor.py:914} INFO - Processing file /home/m9d9v9/PycharmProjects/Airflow-2/Airflow-2/.venv/lib/python3.10/site-packages/airflow/example_dags/example_skip_dag.py for tasks to queue
[2024-12-06T23:29:50.368-0600] {logging_mixin.py:190} INFO - [2024-12-06T23:29:50.368-0600] {dagbag.py:588} INFO - Filling up the DagBag from /home/m9d9v9/PycharmProjects/Airflow-2/Airflow-2/.venv/lib/python3.10/site-packages/airflow/example_dags/example_skip_dag.py
[2024-12-06T23:29:50.382-0600] {processor.py:925} INFO - DAG(s) 'example_skip_dag' retrieved from /home/m9d9v9/PycharmProjects/Airflow-2/Airflow-2/.venv/lib/python3.10/site-packages/airflow/example_dags/example_skip_dag.py
[2024-12-06T23:29:50.414-0600] {logging_mixin.py:190} INFO - [2024-12-06T23:29:50.413-0600] {dag.py:3239} INFO - Sync 1 DAGs
[2024-12-06T23:29:50.427-0600] {logging_mixin.py:190} INFO - [2024-12-06T23:29:50.427-0600] {dag.py:4180} INFO - Setting next_dagrun for example_skip_dag to 2024-12-06 00:00:00+00:00, run_after=2024-12-07 00:00:00+00:00
[2024-12-06T23:29:50.439-0600] {processor.py:208} INFO - Processing /home/m9d9v9/PycharmProjects/Airflow-2/Airflow-2/.venv/lib/python3.10/site-packages/airflow/example_dags/example_skip_dag.py took 0.082 seconds
[2024-12-06T23:30:46.103-0600] {processor.py:186} INFO - Started process (PID=17886) to work on /home/m9d9v9/PycharmProjects/Airflow-2/Airflow-2/.venv/lib/python3.10/site-packages/airflow/example_dags/example_skip_dag.py
[2024-12-06T23:30:46.109-0600] {processor.py:914} INFO - Processing file /home/m9d9v9/PycharmProjects/Airflow-2/Airflow-2/.venv/lib/python3.10/site-packages/airflow/example_dags/example_skip_dag.py for tasks to queue
[2024-12-06T23:30:46.111-0600] {logging_mixin.py:190} INFO - [2024-12-06T23:30:46.111-0600] {dagbag.py:588} INFO - Filling up the DagBag from /home/m9d9v9/PycharmProjects/Airflow-2/Airflow-2/.venv/lib/python3.10/site-packages/airflow/example_dags/example_skip_dag.py
[2024-12-06T23:30:46.129-0600] {processor.py:925} INFO - DAG(s) 'example_skip_dag' retrieved from /home/m9d9v9/PycharmProjects/Airflow-2/Airflow-2/.venv/lib/python3.10/site-packages/airflow/example_dags/example_skip_dag.py
[2024-12-06T23:30:46.153-0600] {logging_mixin.py:190} INFO - [2024-12-06T23:30:46.152-0600] {dag.py:3239} INFO - Sync 1 DAGs
[2024-12-06T23:30:46.164-0600] {logging_mixin.py:190} INFO - [2024-12-06T23:30:46.164-0600] {dag.py:4180} INFO - Setting next_dagrun for example_skip_dag to 2024-12-06 00:00:00+00:00, run_after=2024-12-07 00:00:00+00:00
[2024-12-06T23:30:46.175-0600] {processor.py:208} INFO - Processing /home/m9d9v9/PycharmProjects/Airflow-2/Airflow-2/.venv/lib/python3.10/site-packages/airflow/example_dags/example_skip_dag.py took 0.083 seconds
[2024-12-06T23:31:43.652-0600] {processor.py:186} INFO - Started process (PID=17955) to work on /home/m9d9v9/PycharmProjects/Airflow-2/Airflow-2/.venv/lib/python3.10/site-packages/airflow/example_dags/example_skip_dag.py
[2024-12-06T23:31:43.658-0600] {processor.py:914} INFO - Processing file /home/m9d9v9/PycharmProjects/Airflow-2/Airflow-2/.venv/lib/python3.10/site-packages/airflow/example_dags/example_skip_dag.py for tasks to queue
[2024-12-06T23:31:43.659-0600] {logging_mixin.py:190} INFO - [2024-12-06T23:31:43.659-0600] {dagbag.py:588} INFO - Filling up the DagBag from /home/m9d9v9/PycharmProjects/Airflow-2/Airflow-2/.venv/lib/python3.10/site-packages/airflow/example_dags/example_skip_dag.py
[2024-12-06T23:31:43.667-0600] {processor.py:925} INFO - DAG(s) 'example_skip_dag' retrieved from /home/m9d9v9/PycharmProjects/Airflow-2/Airflow-2/.venv/lib/python3.10/site-packages/airflow/example_dags/example_skip_dag.py
[2024-12-06T23:31:43.677-0600] {logging_mixin.py:190} INFO - [2024-12-06T23:31:43.677-0600] {dag.py:3239} INFO - Sync 1 DAGs
[2024-12-06T23:31:43.688-0600] {logging_mixin.py:190} INFO - [2024-12-06T23:31:43.688-0600] {dag.py:4180} INFO - Setting next_dagrun for example_skip_dag to 2024-12-06 00:00:00+00:00, run_after=2024-12-07 00:00:00+00:00
[2024-12-06T23:31:43.792-0600] {processor.py:208} INFO - Processing /home/m9d9v9/PycharmProjects/Airflow-2/Airflow-2/.venv/lib/python3.10/site-packages/airflow/example_dags/example_skip_dag.py took 0.143 seconds
[2024-12-06T23:32:42.646-0600] {processor.py:186} INFO - Started process (PID=18066) to work on /home/m9d9v9/PycharmProjects/Airflow-2/Airflow-2/.venv/lib/python3.10/site-packages/airflow/example_dags/example_skip_dag.py
[2024-12-06T23:32:42.653-0600] {processor.py:914} INFO - Processing file /home/m9d9v9/PycharmProjects/Airflow-2/Airflow-2/.venv/lib/python3.10/site-packages/airflow/example_dags/example_skip_dag.py for tasks to queue
[2024-12-06T23:32:42.656-0600] {logging_mixin.py:190} INFO - [2024-12-06T23:32:42.655-0600] {dagbag.py:588} INFO - Filling up the DagBag from /home/m9d9v9/PycharmProjects/Airflow-2/Airflow-2/.venv/lib/python3.10/site-packages/airflow/example_dags/example_skip_dag.py
[2024-12-06T23:32:42.673-0600] {processor.py:925} INFO - DAG(s) 'example_skip_dag' retrieved from /home/m9d9v9/PycharmProjects/Airflow-2/Airflow-2/.venv/lib/python3.10/site-packages/airflow/example_dags/example_skip_dag.py
[2024-12-06T23:32:42.696-0600] {logging_mixin.py:190} INFO - [2024-12-06T23:32:42.696-0600] {dag.py:3239} INFO - Sync 1 DAGs
[2024-12-06T23:32:42.707-0600] {logging_mixin.py:190} INFO - [2024-12-06T23:32:42.707-0600] {dag.py:4180} INFO - Setting next_dagrun for example_skip_dag to 2024-12-06 00:00:00+00:00, run_after=2024-12-07 00:00:00+00:00
[2024-12-06T23:32:42.718-0600] {processor.py:208} INFO - Processing /home/m9d9v9/PycharmProjects/Airflow-2/Airflow-2/.venv/lib/python3.10/site-packages/airflow/example_dags/example_skip_dag.py took 0.083 seconds
[2024-12-06T23:33:38.609-0600] {processor.py:186} INFO - Started process (PID=18133) to work on /home/m9d9v9/PycharmProjects/Airflow-2/Airflow-2/.venv/lib/python3.10/site-packages/airflow/example_dags/example_skip_dag.py
[2024-12-06T23:33:38.616-0600] {processor.py:914} INFO - Processing file /home/m9d9v9/PycharmProjects/Airflow-2/Airflow-2/.venv/lib/python3.10/site-packages/airflow/example_dags/example_skip_dag.py for tasks to queue
[2024-12-06T23:33:38.618-0600] {logging_mixin.py:190} INFO - [2024-12-06T23:33:38.617-0600] {dagbag.py:588} INFO - Filling up the DagBag from /home/m9d9v9/PycharmProjects/Airflow-2/Airflow-2/.venv/lib/python3.10/site-packages/airflow/example_dags/example_skip_dag.py
[2024-12-06T23:33:38.636-0600] {processor.py:925} INFO - DAG(s) 'example_skip_dag' retrieved from /home/m9d9v9/PycharmProjects/Airflow-2/Airflow-2/.venv/lib/python3.10/site-packages/airflow/example_dags/example_skip_dag.py
[2024-12-06T23:33:38.658-0600] {logging_mixin.py:190} INFO - [2024-12-06T23:33:38.658-0600] {dag.py:3239} INFO - Sync 1 DAGs
[2024-12-06T23:33:38.669-0600] {logging_mixin.py:190} INFO - [2024-12-06T23:33:38.669-0600] {dag.py:4180} INFO - Setting next_dagrun for example_skip_dag to 2024-12-06 00:00:00+00:00, run_after=2024-12-07 00:00:00+00:00
[2024-12-06T23:33:38.680-0600] {processor.py:208} INFO - Processing /home/m9d9v9/PycharmProjects/Airflow-2/Airflow-2/.venv/lib/python3.10/site-packages/airflow/example_dags/example_skip_dag.py took 0.083 seconds
[2024-12-06T23:34:35.226-0600] {processor.py:186} INFO - Started process (PID=18228) to work on /home/m9d9v9/PycharmProjects/Airflow-2/Airflow-2/.venv/lib/python3.10/site-packages/airflow/example_dags/example_skip_dag.py
[2024-12-06T23:34:35.228-0600] {processor.py:914} INFO - Processing file /home/m9d9v9/PycharmProjects/Airflow-2/Airflow-2/.venv/lib/python3.10/site-packages/airflow/example_dags/example_skip_dag.py for tasks to queue
[2024-12-06T23:34:35.230-0600] {logging_mixin.py:190} INFO - [2024-12-06T23:34:35.229-0600] {dagbag.py:588} INFO - Filling up the DagBag from /home/m9d9v9/PycharmProjects/Airflow-2/Airflow-2/.venv/lib/python3.10/site-packages/airflow/example_dags/example_skip_dag.py
[2024-12-06T23:34:35.245-0600] {processor.py:925} INFO - DAG(s) 'example_skip_dag' retrieved from /home/m9d9v9/PycharmProjects/Airflow-2/Airflow-2/.venv/lib/python3.10/site-packages/airflow/example_dags/example_skip_dag.py
[2024-12-06T23:34:35.269-0600] {logging_mixin.py:190} INFO - [2024-12-06T23:34:35.269-0600] {dag.py:3239} INFO - Sync 1 DAGs
[2024-12-06T23:34:35.373-0600] {logging_mixin.py:190} INFO - [2024-12-06T23:34:35.373-0600] {dag.py:4180} INFO - Setting next_dagrun for example_skip_dag to 2024-12-06 00:00:00+00:00, run_after=2024-12-07 00:00:00+00:00
[2024-12-06T23:34:35.389-0600] {processor.py:208} INFO - Processing /home/m9d9v9/PycharmProjects/Airflow-2/Airflow-2/.venv/lib/python3.10/site-packages/airflow/example_dags/example_skip_dag.py took 0.170 seconds
[2024-12-06T23:35:38.757-0600] {processor.py:186} INFO - Started process (PID=18339) to work on /home/m9d9v9/PycharmProjects/Airflow-2/Airflow-2/.venv/lib/python3.10/site-packages/airflow/example_dags/example_skip_dag.py
[2024-12-06T23:35:38.764-0600] {processor.py:914} INFO - Processing file /home/m9d9v9/PycharmProjects/Airflow-2/Airflow-2/.venv/lib/python3.10/site-packages/airflow/example_dags/example_skip_dag.py for tasks to queue
[2024-12-06T23:35:38.767-0600] {logging_mixin.py:190} INFO - [2024-12-06T23:35:38.766-0600] {dagbag.py:588} INFO - Filling up the DagBag from /home/m9d9v9/PycharmProjects/Airflow-2/Airflow-2/.venv/lib/python3.10/site-packages/airflow/example_dags/example_skip_dag.py
[2024-12-06T23:35:38.784-0600] {processor.py:925} INFO - DAG(s) 'example_skip_dag' retrieved from /home/m9d9v9/PycharmProjects/Airflow-2/Airflow-2/.venv/lib/python3.10/site-packages/airflow/example_dags/example_skip_dag.py
[2024-12-06T23:35:38.805-0600] {logging_mixin.py:190} INFO - [2024-12-06T23:35:38.805-0600] {dag.py:3239} INFO - Sync 1 DAGs
[2024-12-06T23:35:38.908-0600] {logging_mixin.py:190} INFO - [2024-12-06T23:35:38.908-0600] {dag.py:4180} INFO - Setting next_dagrun for example_skip_dag to 2024-12-06 00:00:00+00:00, run_after=2024-12-07 00:00:00+00:00
[2024-12-06T23:35:38.924-0600] {processor.py:208} INFO - Processing /home/m9d9v9/PycharmProjects/Airflow-2/Airflow-2/.venv/lib/python3.10/site-packages/airflow/example_dags/example_skip_dag.py took 0.179 seconds
[2024-12-06T23:36:41.742-0600] {processor.py:186} INFO - Started process (PID=18416) to work on /home/m9d9v9/PycharmProjects/Airflow-2/Airflow-2/.venv/lib/python3.10/site-packages/airflow/example_dags/example_skip_dag.py
[2024-12-06T23:36:41.749-0600] {processor.py:914} INFO - Processing file /home/m9d9v9/PycharmProjects/Airflow-2/Airflow-2/.venv/lib/python3.10/site-packages/airflow/example_dags/example_skip_dag.py for tasks to queue
[2024-12-06T23:36:41.752-0600] {logging_mixin.py:190} INFO - [2024-12-06T23:36:41.751-0600] {dagbag.py:588} INFO - Filling up the DagBag from /home/m9d9v9/PycharmProjects/Airflow-2/Airflow-2/.venv/lib/python3.10/site-packages/airflow/example_dags/example_skip_dag.py
[2024-12-06T23:36:41.767-0600] {processor.py:925} INFO - DAG(s) 'example_skip_dag' retrieved from /home/m9d9v9/PycharmProjects/Airflow-2/Airflow-2/.venv/lib/python3.10/site-packages/airflow/example_dags/example_skip_dag.py
[2024-12-06T23:36:41.794-0600] {logging_mixin.py:190} INFO - [2024-12-06T23:36:41.794-0600] {dag.py:3239} INFO - Sync 1 DAGs
[2024-12-06T23:36:41.806-0600] {logging_mixin.py:190} INFO - [2024-12-06T23:36:41.806-0600] {dag.py:4180} INFO - Setting next_dagrun for example_skip_dag to 2024-12-06 00:00:00+00:00, run_after=2024-12-07 00:00:00+00:00
[2024-12-06T23:36:41.920-0600] {processor.py:208} INFO - Processing /home/m9d9v9/PycharmProjects/Airflow-2/Airflow-2/.venv/lib/python3.10/site-packages/airflow/example_dags/example_skip_dag.py took 0.188 seconds
[2024-12-06T23:37:42.806-0600] {processor.py:186} INFO - Started process (PID=18705) to work on /home/m9d9v9/PycharmProjects/Airflow-2/Airflow-2/.venv/lib/python3.10/site-packages/airflow/example_dags/example_skip_dag.py
[2024-12-06T23:37:42.812-0600] {processor.py:914} INFO - Processing file /home/m9d9v9/PycharmProjects/Airflow-2/Airflow-2/.venv/lib/python3.10/site-packages/airflow/example_dags/example_skip_dag.py for tasks to queue
[2024-12-06T23:37:42.814-0600] {logging_mixin.py:190} INFO - [2024-12-06T23:37:42.814-0600] {dagbag.py:588} INFO - Filling up the DagBag from /home/m9d9v9/PycharmProjects/Airflow-2/Airflow-2/.venv/lib/python3.10/site-packages/airflow/example_dags/example_skip_dag.py
[2024-12-06T23:37:42.827-0600] {processor.py:925} INFO - DAG(s) 'example_skip_dag' retrieved from /home/m9d9v9/PycharmProjects/Airflow-2/Airflow-2/.venv/lib/python3.10/site-packages/airflow/example_dags/example_skip_dag.py
[2024-12-06T23:37:42.846-0600] {logging_mixin.py:190} INFO - [2024-12-06T23:37:42.845-0600] {dag.py:3239} INFO - Sync 1 DAGs
[2024-12-06T23:37:42.862-0600] {logging_mixin.py:190} INFO - [2024-12-06T23:37:42.862-0600] {dag.py:4180} INFO - Setting next_dagrun for example_skip_dag to 2024-12-06 00:00:00+00:00, run_after=2024-12-07 00:00:00+00:00
[2024-12-06T23:37:42.873-0600] {processor.py:208} INFO - Processing /home/m9d9v9/PycharmProjects/Airflow-2/Airflow-2/.venv/lib/python3.10/site-packages/airflow/example_dags/example_skip_dag.py took 0.076 seconds
[2024-12-06T23:38:46.303-0600] {processor.py:186} INFO - Started process (PID=18874) to work on /home/m9d9v9/PycharmProjects/Airflow-2/Airflow-2/.venv/lib/python3.10/site-packages/airflow/example_dags/example_skip_dag.py
[2024-12-06T23:38:46.309-0600] {processor.py:914} INFO - Processing file /home/m9d9v9/PycharmProjects/Airflow-2/Airflow-2/.venv/lib/python3.10/site-packages/airflow/example_dags/example_skip_dag.py for tasks to queue
[2024-12-06T23:38:46.310-0600] {logging_mixin.py:190} INFO - [2024-12-06T23:38:46.310-0600] {dagbag.py:588} INFO - Filling up the DagBag from /home/m9d9v9/PycharmProjects/Airflow-2/Airflow-2/.venv/lib/python3.10/site-packages/airflow/example_dags/example_skip_dag.py
[2024-12-06T23:38:46.316-0600] {processor.py:925} INFO - DAG(s) 'example_skip_dag' retrieved from /home/m9d9v9/PycharmProjects/Airflow-2/Airflow-2/.venv/lib/python3.10/site-packages/airflow/example_dags/example_skip_dag.py
[2024-12-06T23:38:46.327-0600] {logging_mixin.py:190} INFO - [2024-12-06T23:38:46.327-0600] {dag.py:3239} INFO - Sync 1 DAGs
[2024-12-06T23:38:46.339-0600] {logging_mixin.py:190} INFO - [2024-12-06T23:38:46.339-0600] {dag.py:4180} INFO - Setting next_dagrun for example_skip_dag to 2024-12-06 00:00:00+00:00, run_after=2024-12-07 00:00:00+00:00
[2024-12-06T23:38:46.351-0600] {processor.py:208} INFO - Processing /home/m9d9v9/PycharmProjects/Airflow-2/Airflow-2/.venv/lib/python3.10/site-packages/airflow/example_dags/example_skip_dag.py took 0.052 seconds
[2024-12-06T23:39:46.051-0600] {processor.py:186} INFO - Started process (PID=19089) to work on /home/m9d9v9/PycharmProjects/Airflow-2/Airflow-2/.venv/lib/python3.10/site-packages/airflow/example_dags/example_skip_dag.py
[2024-12-06T23:39:46.057-0600] {processor.py:914} INFO - Processing file /home/m9d9v9/PycharmProjects/Airflow-2/Airflow-2/.venv/lib/python3.10/site-packages/airflow/example_dags/example_skip_dag.py for tasks to queue
[2024-12-06T23:39:46.059-0600] {logging_mixin.py:190} INFO - [2024-12-06T23:39:46.058-0600] {dagbag.py:588} INFO - Filling up the DagBag from /home/m9d9v9/PycharmProjects/Airflow-2/Airflow-2/.venv/lib/python3.10/site-packages/airflow/example_dags/example_skip_dag.py
[2024-12-06T23:39:46.069-0600] {processor.py:925} INFO - DAG(s) 'example_skip_dag' retrieved from /home/m9d9v9/PycharmProjects/Airflow-2/Airflow-2/.venv/lib/python3.10/site-packages/airflow/example_dags/example_skip_dag.py
[2024-12-06T23:39:46.088-0600] {logging_mixin.py:190} INFO - [2024-12-06T23:39:46.087-0600] {dag.py:3239} INFO - Sync 1 DAGs
[2024-12-06T23:39:46.108-0600] {logging_mixin.py:190} INFO - [2024-12-06T23:39:46.108-0600] {dag.py:4180} INFO - Setting next_dagrun for example_skip_dag to 2024-12-06 00:00:00+00:00, run_after=2024-12-07 00:00:00+00:00
[2024-12-06T23:39:46.120-0600] {processor.py:208} INFO - Processing /home/m9d9v9/PycharmProjects/Airflow-2/Airflow-2/.venv/lib/python3.10/site-packages/airflow/example_dags/example_skip_dag.py took 0.076 seconds
[2024-12-06T23:40:44.652-0600] {processor.py:186} INFO - Started process (PID=19271) to work on /home/m9d9v9/PycharmProjects/Airflow-2/Airflow-2/.venv/lib/python3.10/site-packages/airflow/example_dags/example_skip_dag.py
[2024-12-06T23:40:44.653-0600] {processor.py:914} INFO - Processing file /home/m9d9v9/PycharmProjects/Airflow-2/Airflow-2/.venv/lib/python3.10/site-packages/airflow/example_dags/example_skip_dag.py for tasks to queue
[2024-12-06T23:40:44.655-0600] {logging_mixin.py:190} INFO - [2024-12-06T23:40:44.654-0600] {dagbag.py:588} INFO - Filling up the DagBag from /home/m9d9v9/PycharmProjects/Airflow-2/Airflow-2/.venv/lib/python3.10/site-packages/airflow/example_dags/example_skip_dag.py
[2024-12-06T23:40:44.669-0600] {processor.py:925} INFO - DAG(s) 'example_skip_dag' retrieved from /home/m9d9v9/PycharmProjects/Airflow-2/Airflow-2/.venv/lib/python3.10/site-packages/airflow/example_dags/example_skip_dag.py
[2024-12-06T23:40:44.695-0600] {logging_mixin.py:190} INFO - [2024-12-06T23:40:44.695-0600] {dag.py:3239} INFO - Sync 1 DAGs
[2024-12-06T23:40:44.710-0600] {logging_mixin.py:190} INFO - [2024-12-06T23:40:44.710-0600] {dag.py:4180} INFO - Setting next_dagrun for example_skip_dag to 2024-12-06 00:00:00+00:00, run_after=2024-12-07 00:00:00+00:00
[2024-12-06T23:40:44.736-0600] {processor.py:208} INFO - Processing /home/m9d9v9/PycharmProjects/Airflow-2/Airflow-2/.venv/lib/python3.10/site-packages/airflow/example_dags/example_skip_dag.py took 0.089 seconds
[2024-12-06T23:41:37.243-0600] {processor.py:186} INFO - Started process (PID=19353) to work on /home/m9d9v9/PycharmProjects/Airflow-2/Airflow-2/.venv/lib/python3.10/site-packages/airflow/example_dags/example_skip_dag.py
[2024-12-06T23:41:37.250-0600] {processor.py:914} INFO - Processing file /home/m9d9v9/PycharmProjects/Airflow-2/Airflow-2/.venv/lib/python3.10/site-packages/airflow/example_dags/example_skip_dag.py for tasks to queue
[2024-12-06T23:41:37.251-0600] {logging_mixin.py:190} INFO - [2024-12-06T23:41:37.251-0600] {dagbag.py:588} INFO - Filling up the DagBag from /home/m9d9v9/PycharmProjects/Airflow-2/Airflow-2/.venv/lib/python3.10/site-packages/airflow/example_dags/example_skip_dag.py
[2024-12-06T23:41:37.266-0600] {processor.py:925} INFO - DAG(s) 'example_skip_dag' retrieved from /home/m9d9v9/PycharmProjects/Airflow-2/Airflow-2/.venv/lib/python3.10/site-packages/airflow/example_dags/example_skip_dag.py
[2024-12-06T23:41:37.290-0600] {logging_mixin.py:190} INFO - [2024-12-06T23:41:37.289-0600] {dag.py:3239} INFO - Sync 1 DAGs
[2024-12-06T23:41:37.303-0600] {logging_mixin.py:190} INFO - [2024-12-06T23:41:37.303-0600] {dag.py:4180} INFO - Setting next_dagrun for example_skip_dag to 2024-12-06 00:00:00+00:00, run_after=2024-12-07 00:00:00+00:00
[2024-12-06T23:41:37.315-0600] {processor.py:208} INFO - Processing /home/m9d9v9/PycharmProjects/Airflow-2/Airflow-2/.venv/lib/python3.10/site-packages/airflow/example_dags/example_skip_dag.py took 0.081 seconds
