[2024-12-06T22:18:52.757-0600] {processor.py:186} INFO - Started process (PID=12497) to work on /home/m9d9v9/PycharmProjects/Airflow-2/Airflow-2/.venv/lib/python3.10/site-packages/airflow/example_dags/example_short_circuit_operator.py
[2024-12-06T22:18:52.758-0600] {processor.py:914} INFO - Processing file /home/m9d9v9/PycharmProjects/Airflow-2/Airflow-2/.venv/lib/python3.10/site-packages/airflow/example_dags/example_short_circuit_operator.py for tasks to queue
[2024-12-06T22:18:52.759-0600] {logging_mixin.py:190} INFO - [2024-12-06T22:18:52.759-0600] {dagbag.py:588} INFO - Filling up the DagBag from /home/m9d9v9/PycharmProjects/Airflow-2/Airflow-2/.venv/lib/python3.10/site-packages/airflow/example_dags/example_short_circuit_operator.py
[2024-12-06T22:18:52.765-0600] {processor.py:925} INFO - DAG(s) 'example_short_circuit_operator' retrieved from /home/m9d9v9/PycharmProjects/Airflow-2/Airflow-2/.venv/lib/python3.10/site-packages/airflow/example_dags/example_short_circuit_operator.py
[2024-12-06T22:18:52.836-0600] {logging_mixin.py:190} INFO - [2024-12-06T22:18:52.835-0600] {override.py:1911} INFO - Created Permission View: can edit on DAG:example_short_circuit_operator
[2024-12-06T22:18:52.843-0600] {logging_mixin.py:190} INFO - [2024-12-06T22:18:52.843-0600] {override.py:1911} INFO - Created Permission View: can read on DAG:example_short_circuit_operator
[2024-12-06T22:18:52.848-0600] {logging_mixin.py:190} INFO - [2024-12-06T22:18:52.848-0600] {override.py:1911} INFO - Created Permission View: can delete on DAG:example_short_circuit_operator
[2024-12-06T22:18:52.855-0600] {logging_mixin.py:190} INFO - [2024-12-06T22:18:52.855-0600] {override.py:1911} INFO - Created Permission View: menu access on DAG Run:example_short_circuit_operator
[2024-12-06T22:18:52.859-0600] {logging_mixin.py:190} INFO - [2024-12-06T22:18:52.859-0600] {override.py:1911} INFO - Created Permission View: can create on DAG Run:example_short_circuit_operator
[2024-12-06T22:18:52.864-0600] {logging_mixin.py:190} INFO - [2024-12-06T22:18:52.863-0600] {override.py:1911} INFO - Created Permission View: can read on DAG Run:example_short_circuit_operator
[2024-12-06T22:18:52.868-0600] {logging_mixin.py:190} INFO - [2024-12-06T22:18:52.868-0600] {override.py:1911} INFO - Created Permission View: can delete on DAG Run:example_short_circuit_operator
[2024-12-06T22:18:52.868-0600] {logging_mixin.py:190} INFO - [2024-12-06T22:18:52.868-0600] {dag.py:3239} INFO - Sync 1 DAGs
[2024-12-06T22:18:52.875-0600] {logging_mixin.py:190} INFO - [2024-12-06T22:18:52.875-0600] {dag.py:3262} INFO - Creating ORM DAG for example_short_circuit_operator
[2024-12-06T22:18:52.876-0600] {logging_mixin.py:190} INFO - [2024-12-06T22:18:52.876-0600] {dag.py:4180} INFO - Setting next_dagrun for example_short_circuit_operator to None, run_after=None
[2024-12-06T22:18:52.886-0600] {processor.py:208} INFO - Processing /home/m9d9v9/PycharmProjects/Airflow-2/Airflow-2/.venv/lib/python3.10/site-packages/airflow/example_dags/example_short_circuit_operator.py took 0.133 seconds
[2024-12-06T22:19:53.886-0600] {processor.py:186} INFO - Started process (PID=12600) to work on /home/m9d9v9/PycharmProjects/Airflow-2/Airflow-2/.venv/lib/python3.10/site-packages/airflow/example_dags/example_short_circuit_operator.py
[2024-12-06T22:19:53.892-0600] {processor.py:914} INFO - Processing file /home/m9d9v9/PycharmProjects/Airflow-2/Airflow-2/.venv/lib/python3.10/site-packages/airflow/example_dags/example_short_circuit_operator.py for tasks to queue
[2024-12-06T22:19:53.897-0600] {logging_mixin.py:190} INFO - [2024-12-06T22:19:53.896-0600] {dagbag.py:588} INFO - Filling up the DagBag from /home/m9d9v9/PycharmProjects/Airflow-2/Airflow-2/.venv/lib/python3.10/site-packages/airflow/example_dags/example_short_circuit_operator.py
[2024-12-06T22:19:53.915-0600] {processor.py:925} INFO - DAG(s) 'example_short_circuit_operator' retrieved from /home/m9d9v9/PycharmProjects/Airflow-2/Airflow-2/.venv/lib/python3.10/site-packages/airflow/example_dags/example_short_circuit_operator.py
[2024-12-06T22:19:53.939-0600] {logging_mixin.py:190} INFO - [2024-12-06T22:19:53.939-0600] {dag.py:3239} INFO - Sync 1 DAGs
[2024-12-06T22:19:53.946-0600] {logging_mixin.py:190} INFO - [2024-12-06T22:19:53.946-0600] {dag.py:4180} INFO - Setting next_dagrun for example_short_circuit_operator to None, run_after=None
[2024-12-06T22:19:53.958-0600] {processor.py:208} INFO - Processing /home/m9d9v9/PycharmProjects/Airflow-2/Airflow-2/.venv/lib/python3.10/site-packages/airflow/example_dags/example_short_circuit_operator.py took 0.085 seconds
[2024-12-06T22:20:48.753-0600] {processor.py:186} INFO - Started process (PID=12690) to work on /home/m9d9v9/PycharmProjects/Airflow-2/Airflow-2/.venv/lib/python3.10/site-packages/airflow/example_dags/example_short_circuit_operator.py
[2024-12-06T22:20:48.759-0600] {processor.py:914} INFO - Processing file /home/m9d9v9/PycharmProjects/Airflow-2/Airflow-2/.venv/lib/python3.10/site-packages/airflow/example_dags/example_short_circuit_operator.py for tasks to queue
[2024-12-06T22:20:48.761-0600] {logging_mixin.py:190} INFO - [2024-12-06T22:20:48.760-0600] {dagbag.py:588} INFO - Filling up the DagBag from /home/m9d9v9/PycharmProjects/Airflow-2/Airflow-2/.venv/lib/python3.10/site-packages/airflow/example_dags/example_short_circuit_operator.py
[2024-12-06T22:20:48.768-0600] {processor.py:925} INFO - DAG(s) 'example_short_circuit_operator' retrieved from /home/m9d9v9/PycharmProjects/Airflow-2/Airflow-2/.venv/lib/python3.10/site-packages/airflow/example_dags/example_short_circuit_operator.py
[2024-12-06T22:20:48.782-0600] {logging_mixin.py:190} INFO - [2024-12-06T22:20:48.781-0600] {dag.py:3239} INFO - Sync 1 DAGs
[2024-12-06T22:20:48.791-0600] {logging_mixin.py:190} INFO - [2024-12-06T22:20:48.791-0600] {dag.py:4180} INFO - Setting next_dagrun for example_short_circuit_operator to None, run_after=None
[2024-12-06T22:20:48.806-0600] {processor.py:208} INFO - Processing /home/m9d9v9/PycharmProjects/Airflow-2/Airflow-2/.venv/lib/python3.10/site-packages/airflow/example_dags/example_short_circuit_operator.py took 0.057 seconds
[2024-12-06T22:21:47.393-0600] {processor.py:186} INFO - Started process (PID=12763) to work on /home/m9d9v9/PycharmProjects/Airflow-2/Airflow-2/.venv/lib/python3.10/site-packages/airflow/example_dags/example_short_circuit_operator.py
[2024-12-06T22:21:47.401-0600] {processor.py:914} INFO - Processing file /home/m9d9v9/PycharmProjects/Airflow-2/Airflow-2/.venv/lib/python3.10/site-packages/airflow/example_dags/example_short_circuit_operator.py for tasks to queue
[2024-12-06T22:21:47.405-0600] {logging_mixin.py:190} INFO - [2024-12-06T22:21:47.404-0600] {dagbag.py:588} INFO - Filling up the DagBag from /home/m9d9v9/PycharmProjects/Airflow-2/Airflow-2/.venv/lib/python3.10/site-packages/airflow/example_dags/example_short_circuit_operator.py
[2024-12-06T22:21:47.424-0600] {processor.py:925} INFO - DAG(s) 'example_short_circuit_operator' retrieved from /home/m9d9v9/PycharmProjects/Airflow-2/Airflow-2/.venv/lib/python3.10/site-packages/airflow/example_dags/example_short_circuit_operator.py
[2024-12-06T22:21:47.446-0600] {logging_mixin.py:190} INFO - [2024-12-06T22:21:47.445-0600] {dag.py:3239} INFO - Sync 1 DAGs
[2024-12-06T22:21:47.454-0600] {logging_mixin.py:190} INFO - [2024-12-06T22:21:47.454-0600] {dag.py:4180} INFO - Setting next_dagrun for example_short_circuit_operator to None, run_after=None
[2024-12-06T22:21:47.466-0600] {processor.py:208} INFO - Processing /home/m9d9v9/PycharmProjects/Airflow-2/Airflow-2/.venv/lib/python3.10/site-packages/airflow/example_dags/example_short_circuit_operator.py took 0.085 seconds
[2024-12-06T22:23:05.084-0600] {processor.py:186} INFO - Started process (PID=12926) to work on /home/m9d9v9/PycharmProjects/Airflow-2/Airflow-2/.venv/lib/python3.10/site-packages/airflow/example_dags/example_short_circuit_operator.py
[2024-12-06T22:23:05.091-0600] {processor.py:914} INFO - Processing file /home/m9d9v9/PycharmProjects/Airflow-2/Airflow-2/.venv/lib/python3.10/site-packages/airflow/example_dags/example_short_circuit_operator.py for tasks to queue
[2024-12-06T22:23:05.094-0600] {logging_mixin.py:190} INFO - [2024-12-06T22:23:05.093-0600] {dagbag.py:588} INFO - Filling up the DagBag from /home/m9d9v9/PycharmProjects/Airflow-2/Airflow-2/.venv/lib/python3.10/site-packages/airflow/example_dags/example_short_circuit_operator.py
[2024-12-06T22:23:05.106-0600] {processor.py:925} INFO - DAG(s) 'example_short_circuit_operator' retrieved from /home/m9d9v9/PycharmProjects/Airflow-2/Airflow-2/.venv/lib/python3.10/site-packages/airflow/example_dags/example_short_circuit_operator.py
[2024-12-06T22:23:05.125-0600] {logging_mixin.py:190} INFO - [2024-12-06T22:23:05.125-0600] {dag.py:3239} INFO - Sync 1 DAGs
[2024-12-06T22:23:05.137-0600] {logging_mixin.py:190} INFO - [2024-12-06T22:23:05.137-0600] {dag.py:4180} INFO - Setting next_dagrun for example_short_circuit_operator to None, run_after=None
[2024-12-06T22:23:05.152-0600] {processor.py:208} INFO - Processing /home/m9d9v9/PycharmProjects/Airflow-2/Airflow-2/.venv/lib/python3.10/site-packages/airflow/example_dags/example_short_circuit_operator.py took 0.077 seconds
[2024-12-06T22:24:03.022-0600] {processor.py:186} INFO - Started process (PID=12998) to work on /home/m9d9v9/PycharmProjects/Airflow-2/Airflow-2/.venv/lib/python3.10/site-packages/airflow/example_dags/example_short_circuit_operator.py
[2024-12-06T22:24:03.028-0600] {processor.py:914} INFO - Processing file /home/m9d9v9/PycharmProjects/Airflow-2/Airflow-2/.venv/lib/python3.10/site-packages/airflow/example_dags/example_short_circuit_operator.py for tasks to queue
[2024-12-06T22:24:03.031-0600] {logging_mixin.py:190} INFO - [2024-12-06T22:24:03.030-0600] {dagbag.py:588} INFO - Filling up the DagBag from /home/m9d9v9/PycharmProjects/Airflow-2/Airflow-2/.venv/lib/python3.10/site-packages/airflow/example_dags/example_short_circuit_operator.py
[2024-12-06T22:24:03.049-0600] {processor.py:925} INFO - DAG(s) 'example_short_circuit_operator' retrieved from /home/m9d9v9/PycharmProjects/Airflow-2/Airflow-2/.venv/lib/python3.10/site-packages/airflow/example_dags/example_short_circuit_operator.py
[2024-12-06T22:24:03.071-0600] {logging_mixin.py:190} INFO - [2024-12-06T22:24:03.071-0600] {dag.py:3239} INFO - Sync 1 DAGs
[2024-12-06T22:24:03.080-0600] {logging_mixin.py:190} INFO - [2024-12-06T22:24:03.079-0600] {dag.py:4180} INFO - Setting next_dagrun for example_short_circuit_operator to None, run_after=None
[2024-12-06T22:24:03.092-0600] {processor.py:208} INFO - Processing /home/m9d9v9/PycharmProjects/Airflow-2/Airflow-2/.venv/lib/python3.10/site-packages/airflow/example_dags/example_short_circuit_operator.py took 0.083 seconds
[2024-12-06T22:24:58.396-0600] {processor.py:186} INFO - Started process (PID=13078) to work on /home/m9d9v9/PycharmProjects/Airflow-2/Airflow-2/.venv/lib/python3.10/site-packages/airflow/example_dags/example_short_circuit_operator.py
[2024-12-06T22:24:58.403-0600] {processor.py:914} INFO - Processing file /home/m9d9v9/PycharmProjects/Airflow-2/Airflow-2/.venv/lib/python3.10/site-packages/airflow/example_dags/example_short_circuit_operator.py for tasks to queue
[2024-12-06T22:24:58.406-0600] {logging_mixin.py:190} INFO - [2024-12-06T22:24:58.405-0600] {dagbag.py:588} INFO - Filling up the DagBag from /home/m9d9v9/PycharmProjects/Airflow-2/Airflow-2/.venv/lib/python3.10/site-packages/airflow/example_dags/example_short_circuit_operator.py
[2024-12-06T22:24:58.424-0600] {processor.py:925} INFO - DAG(s) 'example_short_circuit_operator' retrieved from /home/m9d9v9/PycharmProjects/Airflow-2/Airflow-2/.venv/lib/python3.10/site-packages/airflow/example_dags/example_short_circuit_operator.py
[2024-12-06T22:24:58.447-0600] {logging_mixin.py:190} INFO - [2024-12-06T22:24:58.447-0600] {dag.py:3239} INFO - Sync 1 DAGs
[2024-12-06T22:24:58.455-0600] {logging_mixin.py:190} INFO - [2024-12-06T22:24:58.455-0600] {dag.py:4180} INFO - Setting next_dagrun for example_short_circuit_operator to None, run_after=None
[2024-12-06T22:24:58.467-0600] {processor.py:208} INFO - Processing /home/m9d9v9/PycharmProjects/Airflow-2/Airflow-2/.venv/lib/python3.10/site-packages/airflow/example_dags/example_short_circuit_operator.py took 0.083 seconds
[2024-12-06T22:25:56.091-0600] {processor.py:186} INFO - Started process (PID=13165) to work on /home/m9d9v9/PycharmProjects/Airflow-2/Airflow-2/.venv/lib/python3.10/site-packages/airflow/example_dags/example_short_circuit_operator.py
[2024-12-06T22:25:56.098-0600] {processor.py:914} INFO - Processing file /home/m9d9v9/PycharmProjects/Airflow-2/Airflow-2/.venv/lib/python3.10/site-packages/airflow/example_dags/example_short_circuit_operator.py for tasks to queue
[2024-12-06T22:25:56.101-0600] {logging_mixin.py:190} INFO - [2024-12-06T22:25:56.100-0600] {dagbag.py:588} INFO - Filling up the DagBag from /home/m9d9v9/PycharmProjects/Airflow-2/Airflow-2/.venv/lib/python3.10/site-packages/airflow/example_dags/example_short_circuit_operator.py
[2024-12-06T22:25:56.121-0600] {processor.py:925} INFO - DAG(s) 'example_short_circuit_operator' retrieved from /home/m9d9v9/PycharmProjects/Airflow-2/Airflow-2/.venv/lib/python3.10/site-packages/airflow/example_dags/example_short_circuit_operator.py
[2024-12-06T22:25:56.144-0600] {logging_mixin.py:190} INFO - [2024-12-06T22:25:56.144-0600] {dag.py:3239} INFO - Sync 1 DAGs
[2024-12-06T22:25:56.152-0600] {logging_mixin.py:190} INFO - [2024-12-06T22:25:56.152-0600] {dag.py:4180} INFO - Setting next_dagrun for example_short_circuit_operator to None, run_after=None
[2024-12-06T22:25:56.166-0600] {processor.py:208} INFO - Processing /home/m9d9v9/PycharmProjects/Airflow-2/Airflow-2/.venv/lib/python3.10/site-packages/airflow/example_dags/example_short_circuit_operator.py took 0.087 seconds
[2024-12-06T22:26:52.403-0600] {processor.py:186} INFO - Started process (PID=13239) to work on /home/m9d9v9/PycharmProjects/Airflow-2/Airflow-2/.venv/lib/python3.10/site-packages/airflow/example_dags/example_short_circuit_operator.py
[2024-12-06T22:26:52.408-0600] {processor.py:914} INFO - Processing file /home/m9d9v9/PycharmProjects/Airflow-2/Airflow-2/.venv/lib/python3.10/site-packages/airflow/example_dags/example_short_circuit_operator.py for tasks to queue
[2024-12-06T22:26:52.409-0600] {logging_mixin.py:190} INFO - [2024-12-06T22:26:52.409-0600] {dagbag.py:588} INFO - Filling up the DagBag from /home/m9d9v9/PycharmProjects/Airflow-2/Airflow-2/.venv/lib/python3.10/site-packages/airflow/example_dags/example_short_circuit_operator.py
[2024-12-06T22:26:52.417-0600] {processor.py:925} INFO - DAG(s) 'example_short_circuit_operator' retrieved from /home/m9d9v9/PycharmProjects/Airflow-2/Airflow-2/.venv/lib/python3.10/site-packages/airflow/example_dags/example_short_circuit_operator.py
[2024-12-06T22:26:52.431-0600] {logging_mixin.py:190} INFO - [2024-12-06T22:26:52.431-0600] {dag.py:3239} INFO - Sync 1 DAGs
[2024-12-06T22:26:52.441-0600] {logging_mixin.py:190} INFO - [2024-12-06T22:26:52.441-0600] {dag.py:4180} INFO - Setting next_dagrun for example_short_circuit_operator to None, run_after=None
[2024-12-06T22:26:52.460-0600] {processor.py:208} INFO - Processing /home/m9d9v9/PycharmProjects/Airflow-2/Airflow-2/.venv/lib/python3.10/site-packages/airflow/example_dags/example_short_circuit_operator.py took 0.062 seconds
[2024-12-06T22:37:12.738-0600] {processor.py:186} INFO - Started process (PID=14628) to work on /home/m9d9v9/PycharmProjects/Airflow-2/Airflow-2/.venv/lib/python3.10/site-packages/airflow/example_dags/example_short_circuit_operator.py
[2024-12-06T22:37:12.744-0600] {processor.py:914} INFO - Processing file /home/m9d9v9/PycharmProjects/Airflow-2/Airflow-2/.venv/lib/python3.10/site-packages/airflow/example_dags/example_short_circuit_operator.py for tasks to queue
[2024-12-06T22:37:12.750-0600] {logging_mixin.py:190} INFO - [2024-12-06T22:37:12.749-0600] {dagbag.py:588} INFO - Filling up the DagBag from /home/m9d9v9/PycharmProjects/Airflow-2/Airflow-2/.venv/lib/python3.10/site-packages/airflow/example_dags/example_short_circuit_operator.py
[2024-12-06T22:37:12.767-0600] {processor.py:925} INFO - DAG(s) 'example_short_circuit_operator' retrieved from /home/m9d9v9/PycharmProjects/Airflow-2/Airflow-2/.venv/lib/python3.10/site-packages/airflow/example_dags/example_short_circuit_operator.py
[2024-12-06T22:37:12.801-0600] {logging_mixin.py:190} INFO - [2024-12-06T22:37:12.801-0600] {dag.py:3239} INFO - Sync 1 DAGs
[2024-12-06T22:37:12.812-0600] {logging_mixin.py:190} INFO - [2024-12-06T22:37:12.812-0600] {dag.py:4180} INFO - Setting next_dagrun for example_short_circuit_operator to None, run_after=None
[2024-12-06T22:37:12.831-0600] {processor.py:208} INFO - Processing /home/m9d9v9/PycharmProjects/Airflow-2/Airflow-2/.venv/lib/python3.10/site-packages/airflow/example_dags/example_short_circuit_operator.py took 0.102 seconds
[2024-12-06T22:38:11.332-0600] {processor.py:186} INFO - Started process (PID=14736) to work on /home/m9d9v9/PycharmProjects/Airflow-2/Airflow-2/.venv/lib/python3.10/site-packages/airflow/example_dags/example_short_circuit_operator.py
[2024-12-06T22:38:11.338-0600] {processor.py:914} INFO - Processing file /home/m9d9v9/PycharmProjects/Airflow-2/Airflow-2/.venv/lib/python3.10/site-packages/airflow/example_dags/example_short_circuit_operator.py for tasks to queue
[2024-12-06T22:38:11.341-0600] {logging_mixin.py:190} INFO - [2024-12-06T22:38:11.341-0600] {dagbag.py:588} INFO - Filling up the DagBag from /home/m9d9v9/PycharmProjects/Airflow-2/Airflow-2/.venv/lib/python3.10/site-packages/airflow/example_dags/example_short_circuit_operator.py
[2024-12-06T22:38:11.348-0600] {processor.py:925} INFO - DAG(s) 'example_short_circuit_operator' retrieved from /home/m9d9v9/PycharmProjects/Airflow-2/Airflow-2/.venv/lib/python3.10/site-packages/airflow/example_dags/example_short_circuit_operator.py
[2024-12-06T22:38:11.361-0600] {logging_mixin.py:190} INFO - [2024-12-06T22:38:11.361-0600] {dag.py:3239} INFO - Sync 1 DAGs
[2024-12-06T22:38:11.369-0600] {logging_mixin.py:190} INFO - [2024-12-06T22:38:11.369-0600] {dag.py:4180} INFO - Setting next_dagrun for example_short_circuit_operator to None, run_after=None
[2024-12-06T22:38:11.385-0600] {processor.py:208} INFO - Processing /home/m9d9v9/PycharmProjects/Airflow-2/Airflow-2/.venv/lib/python3.10/site-packages/airflow/example_dags/example_short_circuit_operator.py took 0.058 seconds
[2024-12-06T22:39:09.177-0600] {processor.py:186} INFO - Started process (PID=14849) to work on /home/m9d9v9/PycharmProjects/Airflow-2/Airflow-2/.venv/lib/python3.10/site-packages/airflow/example_dags/example_short_circuit_operator.py
[2024-12-06T22:39:09.183-0600] {processor.py:914} INFO - Processing file /home/m9d9v9/PycharmProjects/Airflow-2/Airflow-2/.venv/lib/python3.10/site-packages/airflow/example_dags/example_short_circuit_operator.py for tasks to queue
[2024-12-06T22:39:09.185-0600] {logging_mixin.py:190} INFO - [2024-12-06T22:39:09.184-0600] {dagbag.py:588} INFO - Filling up the DagBag from /home/m9d9v9/PycharmProjects/Airflow-2/Airflow-2/.venv/lib/python3.10/site-packages/airflow/example_dags/example_short_circuit_operator.py
[2024-12-06T22:39:09.193-0600] {processor.py:925} INFO - DAG(s) 'example_short_circuit_operator' retrieved from /home/m9d9v9/PycharmProjects/Airflow-2/Airflow-2/.venv/lib/python3.10/site-packages/airflow/example_dags/example_short_circuit_operator.py
[2024-12-06T22:39:09.210-0600] {logging_mixin.py:190} INFO - [2024-12-06T22:39:09.209-0600] {dag.py:3239} INFO - Sync 1 DAGs
[2024-12-06T22:39:09.220-0600] {logging_mixin.py:190} INFO - [2024-12-06T22:39:09.219-0600] {dag.py:4180} INFO - Setting next_dagrun for example_short_circuit_operator to None, run_after=None
[2024-12-06T22:39:09.233-0600] {processor.py:208} INFO - Processing /home/m9d9v9/PycharmProjects/Airflow-2/Airflow-2/.venv/lib/python3.10/site-packages/airflow/example_dags/example_short_circuit_operator.py took 0.061 seconds
[2024-12-06T22:40:09.185-0600] {processor.py:186} INFO - Started process (PID=15034) to work on /home/m9d9v9/PycharmProjects/Airflow-2/Airflow-2/.venv/lib/python3.10/site-packages/airflow/example_dags/example_short_circuit_operator.py
[2024-12-06T22:40:09.191-0600] {processor.py:914} INFO - Processing file /home/m9d9v9/PycharmProjects/Airflow-2/Airflow-2/.venv/lib/python3.10/site-packages/airflow/example_dags/example_short_circuit_operator.py for tasks to queue
[2024-12-06T22:40:09.193-0600] {logging_mixin.py:190} INFO - [2024-12-06T22:40:09.193-0600] {dagbag.py:588} INFO - Filling up the DagBag from /home/m9d9v9/PycharmProjects/Airflow-2/Airflow-2/.venv/lib/python3.10/site-packages/airflow/example_dags/example_short_circuit_operator.py
[2024-12-06T22:40:09.200-0600] {processor.py:925} INFO - DAG(s) 'example_short_circuit_operator' retrieved from /home/m9d9v9/PycharmProjects/Airflow-2/Airflow-2/.venv/lib/python3.10/site-packages/airflow/example_dags/example_short_circuit_operator.py
[2024-12-06T22:40:09.215-0600] {logging_mixin.py:190} INFO - [2024-12-06T22:40:09.214-0600] {dag.py:3239} INFO - Sync 1 DAGs
[2024-12-06T22:40:09.223-0600] {logging_mixin.py:190} INFO - [2024-12-06T22:40:09.223-0600] {dag.py:4180} INFO - Setting next_dagrun for example_short_circuit_operator to None, run_after=None
[2024-12-06T22:40:09.236-0600] {processor.py:208} INFO - Processing /home/m9d9v9/PycharmProjects/Airflow-2/Airflow-2/.venv/lib/python3.10/site-packages/airflow/example_dags/example_short_circuit_operator.py took 0.057 seconds
[2024-12-06T22:41:09.072-0600] {processor.py:186} INFO - Started process (PID=15136) to work on /home/m9d9v9/PycharmProjects/Airflow-2/Airflow-2/.venv/lib/python3.10/site-packages/airflow/example_dags/example_short_circuit_operator.py
[2024-12-06T22:41:09.079-0600] {processor.py:914} INFO - Processing file /home/m9d9v9/PycharmProjects/Airflow-2/Airflow-2/.venv/lib/python3.10/site-packages/airflow/example_dags/example_short_circuit_operator.py for tasks to queue
[2024-12-06T22:41:09.083-0600] {logging_mixin.py:190} INFO - [2024-12-06T22:41:09.083-0600] {dagbag.py:588} INFO - Filling up the DagBag from /home/m9d9v9/PycharmProjects/Airflow-2/Airflow-2/.venv/lib/python3.10/site-packages/airflow/example_dags/example_short_circuit_operator.py
[2024-12-06T22:41:09.093-0600] {processor.py:925} INFO - DAG(s) 'example_short_circuit_operator' retrieved from /home/m9d9v9/PycharmProjects/Airflow-2/Airflow-2/.venv/lib/python3.10/site-packages/airflow/example_dags/example_short_circuit_operator.py
[2024-12-06T22:41:09.118-0600] {logging_mixin.py:190} INFO - [2024-12-06T22:41:09.117-0600] {dag.py:3239} INFO - Sync 1 DAGs
[2024-12-06T22:41:09.126-0600] {logging_mixin.py:190} INFO - [2024-12-06T22:41:09.126-0600] {dag.py:4180} INFO - Setting next_dagrun for example_short_circuit_operator to None, run_after=None
[2024-12-06T22:41:09.139-0600] {processor.py:208} INFO - Processing /home/m9d9v9/PycharmProjects/Airflow-2/Airflow-2/.venv/lib/python3.10/site-packages/airflow/example_dags/example_short_circuit_operator.py took 0.081 seconds
[2024-12-06T23:25:19.900-0600] {processor.py:186} INFO - Started process (PID=17274) to work on /home/m9d9v9/PycharmProjects/Airflow-2/Airflow-2/.venv/lib/python3.10/site-packages/airflow/example_dags/example_short_circuit_operator.py
[2024-12-06T23:25:19.901-0600] {processor.py:914} INFO - Processing file /home/m9d9v9/PycharmProjects/Airflow-2/Airflow-2/.venv/lib/python3.10/site-packages/airflow/example_dags/example_short_circuit_operator.py for tasks to queue
[2024-12-06T23:25:19.903-0600] {logging_mixin.py:190} INFO - [2024-12-06T23:25:19.903-0600] {dagbag.py:588} INFO - Filling up the DagBag from /home/m9d9v9/PycharmProjects/Airflow-2/Airflow-2/.venv/lib/python3.10/site-packages/airflow/example_dags/example_short_circuit_operator.py
[2024-12-06T23:25:19.914-0600] {processor.py:925} INFO - DAG(s) 'example_short_circuit_operator' retrieved from /home/m9d9v9/PycharmProjects/Airflow-2/Airflow-2/.venv/lib/python3.10/site-packages/airflow/example_dags/example_short_circuit_operator.py
[2024-12-06T23:25:19.945-0600] {logging_mixin.py:190} INFO - [2024-12-06T23:25:19.945-0600] {dag.py:3239} INFO - Sync 1 DAGs
[2024-12-06T23:25:19.955-0600] {logging_mixin.py:190} INFO - [2024-12-06T23:25:19.955-0600] {dag.py:4180} INFO - Setting next_dagrun for example_short_circuit_operator to None, run_after=None
[2024-12-06T23:25:19.968-0600] {processor.py:208} INFO - Processing /home/m9d9v9/PycharmProjects/Airflow-2/Airflow-2/.venv/lib/python3.10/site-packages/airflow/example_dags/example_short_circuit_operator.py took 0.074 seconds
[2024-12-06T23:26:18.356-0600] {processor.py:186} INFO - Started process (PID=17392) to work on /home/m9d9v9/PycharmProjects/Airflow-2/Airflow-2/.venv/lib/python3.10/site-packages/airflow/example_dags/example_short_circuit_operator.py
[2024-12-06T23:26:18.362-0600] {processor.py:914} INFO - Processing file /home/m9d9v9/PycharmProjects/Airflow-2/Airflow-2/.venv/lib/python3.10/site-packages/airflow/example_dags/example_short_circuit_operator.py for tasks to queue
[2024-12-06T23:26:18.363-0600] {logging_mixin.py:190} INFO - [2024-12-06T23:26:18.363-0600] {dagbag.py:588} INFO - Filling up the DagBag from /home/m9d9v9/PycharmProjects/Airflow-2/Airflow-2/.venv/lib/python3.10/site-packages/airflow/example_dags/example_short_circuit_operator.py
[2024-12-06T23:26:18.375-0600] {processor.py:925} INFO - DAG(s) 'example_short_circuit_operator' retrieved from /home/m9d9v9/PycharmProjects/Airflow-2/Airflow-2/.venv/lib/python3.10/site-packages/airflow/example_dags/example_short_circuit_operator.py
[2024-12-06T23:26:18.387-0600] {logging_mixin.py:190} INFO - [2024-12-06T23:26:18.386-0600] {dag.py:3239} INFO - Sync 1 DAGs
[2024-12-06T23:26:18.394-0600] {logging_mixin.py:190} INFO - [2024-12-06T23:26:18.394-0600] {dag.py:4180} INFO - Setting next_dagrun for example_short_circuit_operator to None, run_after=None
[2024-12-06T23:26:18.406-0600] {processor.py:208} INFO - Processing /home/m9d9v9/PycharmProjects/Airflow-2/Airflow-2/.venv/lib/python3.10/site-packages/airflow/example_dags/example_short_circuit_operator.py took 0.055 seconds
[2024-12-06T23:27:15.331-0600] {processor.py:186} INFO - Started process (PID=17466) to work on /home/m9d9v9/PycharmProjects/Airflow-2/Airflow-2/.venv/lib/python3.10/site-packages/airflow/example_dags/example_short_circuit_operator.py
[2024-12-06T23:27:15.332-0600] {processor.py:914} INFO - Processing file /home/m9d9v9/PycharmProjects/Airflow-2/Airflow-2/.venv/lib/python3.10/site-packages/airflow/example_dags/example_short_circuit_operator.py for tasks to queue
[2024-12-06T23:27:15.333-0600] {logging_mixin.py:190} INFO - [2024-12-06T23:27:15.333-0600] {dagbag.py:588} INFO - Filling up the DagBag from /home/m9d9v9/PycharmProjects/Airflow-2/Airflow-2/.venv/lib/python3.10/site-packages/airflow/example_dags/example_short_circuit_operator.py
[2024-12-06T23:27:15.339-0600] {processor.py:925} INFO - DAG(s) 'example_short_circuit_operator' retrieved from /home/m9d9v9/PycharmProjects/Airflow-2/Airflow-2/.venv/lib/python3.10/site-packages/airflow/example_dags/example_short_circuit_operator.py
[2024-12-06T23:27:15.350-0600] {logging_mixin.py:190} INFO - [2024-12-06T23:27:15.350-0600] {dag.py:3239} INFO - Sync 1 DAGs
[2024-12-06T23:27:15.357-0600] {logging_mixin.py:190} INFO - [2024-12-06T23:27:15.357-0600] {dag.py:4180} INFO - Setting next_dagrun for example_short_circuit_operator to None, run_after=None
[2024-12-06T23:27:15.371-0600] {processor.py:208} INFO - Processing /home/m9d9v9/PycharmProjects/Airflow-2/Airflow-2/.venv/lib/python3.10/site-packages/airflow/example_dags/example_short_circuit_operator.py took 0.043 seconds
[2024-12-06T23:28:13.347-0600] {processor.py:186} INFO - Started process (PID=17569) to work on /home/m9d9v9/PycharmProjects/Airflow-2/Airflow-2/.venv/lib/python3.10/site-packages/airflow/example_dags/example_short_circuit_operator.py
[2024-12-06T23:28:13.348-0600] {processor.py:914} INFO - Processing file /home/m9d9v9/PycharmProjects/Airflow-2/Airflow-2/.venv/lib/python3.10/site-packages/airflow/example_dags/example_short_circuit_operator.py for tasks to queue
[2024-12-06T23:28:13.350-0600] {logging_mixin.py:190} INFO - [2024-12-06T23:28:13.349-0600] {dagbag.py:588} INFO - Filling up the DagBag from /home/m9d9v9/PycharmProjects/Airflow-2/Airflow-2/.venv/lib/python3.10/site-packages/airflow/example_dags/example_short_circuit_operator.py
[2024-12-06T23:28:13.363-0600] {processor.py:925} INFO - DAG(s) 'example_short_circuit_operator' retrieved from /home/m9d9v9/PycharmProjects/Airflow-2/Airflow-2/.venv/lib/python3.10/site-packages/airflow/example_dags/example_short_circuit_operator.py
[2024-12-06T23:28:13.374-0600] {logging_mixin.py:190} INFO - [2024-12-06T23:28:13.374-0600] {dag.py:3239} INFO - Sync 1 DAGs
[2024-12-06T23:28:13.388-0600] {logging_mixin.py:190} INFO - [2024-12-06T23:28:13.388-0600] {dag.py:4180} INFO - Setting next_dagrun for example_short_circuit_operator to None, run_after=None
[2024-12-06T23:28:13.399-0600] {processor.py:208} INFO - Processing /home/m9d9v9/PycharmProjects/Airflow-2/Airflow-2/.venv/lib/python3.10/site-packages/airflow/example_dags/example_short_circuit_operator.py took 0.062 seconds
[2024-12-06T23:29:09.071-0600] {processor.py:186} INFO - Started process (PID=17709) to work on /home/m9d9v9/PycharmProjects/Airflow-2/Airflow-2/.venv/lib/python3.10/site-packages/airflow/example_dags/example_short_circuit_operator.py
[2024-12-06T23:29:09.077-0600] {processor.py:914} INFO - Processing file /home/m9d9v9/PycharmProjects/Airflow-2/Airflow-2/.venv/lib/python3.10/site-packages/airflow/example_dags/example_short_circuit_operator.py for tasks to queue
[2024-12-06T23:29:09.078-0600] {logging_mixin.py:190} INFO - [2024-12-06T23:29:09.078-0600] {dagbag.py:588} INFO - Filling up the DagBag from /home/m9d9v9/PycharmProjects/Airflow-2/Airflow-2/.venv/lib/python3.10/site-packages/airflow/example_dags/example_short_circuit_operator.py
[2024-12-06T23:29:09.088-0600] {processor.py:925} INFO - DAG(s) 'example_short_circuit_operator' retrieved from /home/m9d9v9/PycharmProjects/Airflow-2/Airflow-2/.venv/lib/python3.10/site-packages/airflow/example_dags/example_short_circuit_operator.py
[2024-12-06T23:29:09.105-0600] {logging_mixin.py:190} INFO - [2024-12-06T23:29:09.104-0600] {dag.py:3239} INFO - Sync 1 DAGs
[2024-12-06T23:29:09.113-0600] {logging_mixin.py:190} INFO - [2024-12-06T23:29:09.113-0600] {dag.py:4180} INFO - Setting next_dagrun for example_short_circuit_operator to None, run_after=None
[2024-12-06T23:29:09.125-0600] {processor.py:208} INFO - Processing /home/m9d9v9/PycharmProjects/Airflow-2/Airflow-2/.venv/lib/python3.10/site-packages/airflow/example_dags/example_short_circuit_operator.py took 0.062 seconds
[2024-12-06T23:30:05.719-0600] {processor.py:186} INFO - Started process (PID=17791) to work on /home/m9d9v9/PycharmProjects/Airflow-2/Airflow-2/.venv/lib/python3.10/site-packages/airflow/example_dags/example_short_circuit_operator.py
[2024-12-06T23:30:05.725-0600] {processor.py:914} INFO - Processing file /home/m9d9v9/PycharmProjects/Airflow-2/Airflow-2/.venv/lib/python3.10/site-packages/airflow/example_dags/example_short_circuit_operator.py for tasks to queue
[2024-12-06T23:30:05.727-0600] {logging_mixin.py:190} INFO - [2024-12-06T23:30:05.727-0600] {dagbag.py:588} INFO - Filling up the DagBag from /home/m9d9v9/PycharmProjects/Airflow-2/Airflow-2/.venv/lib/python3.10/site-packages/airflow/example_dags/example_short_circuit_operator.py
[2024-12-06T23:30:05.735-0600] {processor.py:925} INFO - DAG(s) 'example_short_circuit_operator' retrieved from /home/m9d9v9/PycharmProjects/Airflow-2/Airflow-2/.venv/lib/python3.10/site-packages/airflow/example_dags/example_short_circuit_operator.py
[2024-12-06T23:30:05.747-0600] {logging_mixin.py:190} INFO - [2024-12-06T23:30:05.747-0600] {dag.py:3239} INFO - Sync 1 DAGs
[2024-12-06T23:30:05.755-0600] {logging_mixin.py:190} INFO - [2024-12-06T23:30:05.755-0600] {dag.py:4180} INFO - Setting next_dagrun for example_short_circuit_operator to None, run_after=None
[2024-12-06T23:30:05.766-0600] {processor.py:208} INFO - Processing /home/m9d9v9/PycharmProjects/Airflow-2/Airflow-2/.venv/lib/python3.10/site-packages/airflow/example_dags/example_short_circuit_operator.py took 0.051 seconds
[2024-12-06T23:31:02.252-0600] {processor.py:186} INFO - Started process (PID=17907) to work on /home/m9d9v9/PycharmProjects/Airflow-2/Airflow-2/.venv/lib/python3.10/site-packages/airflow/example_dags/example_short_circuit_operator.py
[2024-12-06T23:31:02.253-0600] {processor.py:914} INFO - Processing file /home/m9d9v9/PycharmProjects/Airflow-2/Airflow-2/.venv/lib/python3.10/site-packages/airflow/example_dags/example_short_circuit_operator.py for tasks to queue
[2024-12-06T23:31:02.255-0600] {logging_mixin.py:190} INFO - [2024-12-06T23:31:02.254-0600] {dagbag.py:588} INFO - Filling up the DagBag from /home/m9d9v9/PycharmProjects/Airflow-2/Airflow-2/.venv/lib/python3.10/site-packages/airflow/example_dags/example_short_circuit_operator.py
[2024-12-06T23:31:02.272-0600] {processor.py:925} INFO - DAG(s) 'example_short_circuit_operator' retrieved from /home/m9d9v9/PycharmProjects/Airflow-2/Airflow-2/.venv/lib/python3.10/site-packages/airflow/example_dags/example_short_circuit_operator.py
[2024-12-06T23:31:02.292-0600] {logging_mixin.py:190} INFO - [2024-12-06T23:31:02.292-0600] {dag.py:3239} INFO - Sync 1 DAGs
[2024-12-06T23:31:02.300-0600] {logging_mixin.py:190} INFO - [2024-12-06T23:31:02.300-0600] {dag.py:4180} INFO - Setting next_dagrun for example_short_circuit_operator to None, run_after=None
[2024-12-06T23:31:02.310-0600] {processor.py:208} INFO - Processing /home/m9d9v9/PycharmProjects/Airflow-2/Airflow-2/.venv/lib/python3.10/site-packages/airflow/example_dags/example_short_circuit_operator.py took 0.068 seconds
[2024-12-06T23:32:01.153-0600] {processor.py:186} INFO - Started process (PID=18012) to work on /home/m9d9v9/PycharmProjects/Airflow-2/Airflow-2/.venv/lib/python3.10/site-packages/airflow/example_dags/example_short_circuit_operator.py
[2024-12-06T23:32:01.159-0600] {processor.py:914} INFO - Processing file /home/m9d9v9/PycharmProjects/Airflow-2/Airflow-2/.venv/lib/python3.10/site-packages/airflow/example_dags/example_short_circuit_operator.py for tasks to queue
[2024-12-06T23:32:01.162-0600] {logging_mixin.py:190} INFO - [2024-12-06T23:32:01.161-0600] {dagbag.py:588} INFO - Filling up the DagBag from /home/m9d9v9/PycharmProjects/Airflow-2/Airflow-2/.venv/lib/python3.10/site-packages/airflow/example_dags/example_short_circuit_operator.py
[2024-12-06T23:32:01.180-0600] {processor.py:925} INFO - DAG(s) 'example_short_circuit_operator' retrieved from /home/m9d9v9/PycharmProjects/Airflow-2/Airflow-2/.venv/lib/python3.10/site-packages/airflow/example_dags/example_short_circuit_operator.py
[2024-12-06T23:32:01.205-0600] {logging_mixin.py:190} INFO - [2024-12-06T23:32:01.205-0600] {dag.py:3239} INFO - Sync 1 DAGs
[2024-12-06T23:32:01.213-0600] {logging_mixin.py:190} INFO - [2024-12-06T23:32:01.213-0600] {dag.py:4180} INFO - Setting next_dagrun for example_short_circuit_operator to None, run_after=None
[2024-12-06T23:32:01.317-0600] {processor.py:208} INFO - Processing /home/m9d9v9/PycharmProjects/Airflow-2/Airflow-2/.venv/lib/python3.10/site-packages/airflow/example_dags/example_short_circuit_operator.py took 0.176 seconds
[2024-12-06T23:32:58.136-0600] {processor.py:186} INFO - Started process (PID=18086) to work on /home/m9d9v9/PycharmProjects/Airflow-2/Airflow-2/.venv/lib/python3.10/site-packages/airflow/example_dags/example_short_circuit_operator.py
[2024-12-06T23:32:58.143-0600] {processor.py:914} INFO - Processing file /home/m9d9v9/PycharmProjects/Airflow-2/Airflow-2/.venv/lib/python3.10/site-packages/airflow/example_dags/example_short_circuit_operator.py for tasks to queue
[2024-12-06T23:32:58.145-0600] {logging_mixin.py:190} INFO - [2024-12-06T23:32:58.144-0600] {dagbag.py:588} INFO - Filling up the DagBag from /home/m9d9v9/PycharmProjects/Airflow-2/Airflow-2/.venv/lib/python3.10/site-packages/airflow/example_dags/example_short_circuit_operator.py
[2024-12-06T23:32:58.163-0600] {processor.py:925} INFO - DAG(s) 'example_short_circuit_operator' retrieved from /home/m9d9v9/PycharmProjects/Airflow-2/Airflow-2/.venv/lib/python3.10/site-packages/airflow/example_dags/example_short_circuit_operator.py
[2024-12-06T23:32:58.187-0600] {logging_mixin.py:190} INFO - [2024-12-06T23:32:58.186-0600] {dag.py:3239} INFO - Sync 1 DAGs
[2024-12-06T23:32:58.194-0600] {logging_mixin.py:190} INFO - [2024-12-06T23:32:58.194-0600] {dag.py:4180} INFO - Setting next_dagrun for example_short_circuit_operator to None, run_after=None
[2024-12-06T23:32:58.205-0600] {processor.py:208} INFO - Processing /home/m9d9v9/PycharmProjects/Airflow-2/Airflow-2/.venv/lib/python3.10/site-packages/airflow/example_dags/example_short_circuit_operator.py took 0.080 seconds
[2024-12-06T23:33:54.066-0600] {processor.py:186} INFO - Started process (PID=18154) to work on /home/m9d9v9/PycharmProjects/Airflow-2/Airflow-2/.venv/lib/python3.10/site-packages/airflow/example_dags/example_short_circuit_operator.py
[2024-12-06T23:33:54.073-0600] {processor.py:914} INFO - Processing file /home/m9d9v9/PycharmProjects/Airflow-2/Airflow-2/.venv/lib/python3.10/site-packages/airflow/example_dags/example_short_circuit_operator.py for tasks to queue
[2024-12-06T23:33:54.075-0600] {logging_mixin.py:190} INFO - [2024-12-06T23:33:54.075-0600] {dagbag.py:588} INFO - Filling up the DagBag from /home/m9d9v9/PycharmProjects/Airflow-2/Airflow-2/.venv/lib/python3.10/site-packages/airflow/example_dags/example_short_circuit_operator.py
[2024-12-06T23:33:54.091-0600] {processor.py:925} INFO - DAG(s) 'example_short_circuit_operator' retrieved from /home/m9d9v9/PycharmProjects/Airflow-2/Airflow-2/.venv/lib/python3.10/site-packages/airflow/example_dags/example_short_circuit_operator.py
[2024-12-06T23:33:54.118-0600] {logging_mixin.py:190} INFO - [2024-12-06T23:33:54.118-0600] {dag.py:3239} INFO - Sync 1 DAGs
[2024-12-06T23:33:54.125-0600] {logging_mixin.py:190} INFO - [2024-12-06T23:33:54.125-0600] {dag.py:4180} INFO - Setting next_dagrun for example_short_circuit_operator to None, run_after=None
[2024-12-06T23:33:54.136-0600] {processor.py:208} INFO - Processing /home/m9d9v9/PycharmProjects/Airflow-2/Airflow-2/.venv/lib/python3.10/site-packages/airflow/example_dags/example_short_circuit_operator.py took 0.082 seconds
[2024-12-06T23:34:54.620-0600] {processor.py:186} INFO - Started process (PID=18284) to work on /home/m9d9v9/PycharmProjects/Airflow-2/Airflow-2/.venv/lib/python3.10/site-packages/airflow/example_dags/example_short_circuit_operator.py
[2024-12-06T23:34:54.627-0600] {processor.py:914} INFO - Processing file /home/m9d9v9/PycharmProjects/Airflow-2/Airflow-2/.venv/lib/python3.10/site-packages/airflow/example_dags/example_short_circuit_operator.py for tasks to queue
[2024-12-06T23:34:54.629-0600] {logging_mixin.py:190} INFO - [2024-12-06T23:34:54.629-0600] {dagbag.py:588} INFO - Filling up the DagBag from /home/m9d9v9/PycharmProjects/Airflow-2/Airflow-2/.venv/lib/python3.10/site-packages/airflow/example_dags/example_short_circuit_operator.py
[2024-12-06T23:34:54.646-0600] {processor.py:925} INFO - DAG(s) 'example_short_circuit_operator' retrieved from /home/m9d9v9/PycharmProjects/Airflow-2/Airflow-2/.venv/lib/python3.10/site-packages/airflow/example_dags/example_short_circuit_operator.py
[2024-12-06T23:34:54.670-0600] {logging_mixin.py:190} INFO - [2024-12-06T23:34:54.670-0600] {dag.py:3239} INFO - Sync 1 DAGs
[2024-12-06T23:34:54.677-0600] {logging_mixin.py:190} INFO - [2024-12-06T23:34:54.677-0600] {dag.py:4180} INFO - Setting next_dagrun for example_short_circuit_operator to None, run_after=None
[2024-12-06T23:34:54.688-0600] {processor.py:208} INFO - Processing /home/m9d9v9/PycharmProjects/Airflow-2/Airflow-2/.venv/lib/python3.10/site-packages/airflow/example_dags/example_short_circuit_operator.py took 0.079 seconds
[2024-12-06T23:35:58.041-0600] {processor.py:186} INFO - Started process (PID=18363) to work on /home/m9d9v9/PycharmProjects/Airflow-2/Airflow-2/.venv/lib/python3.10/site-packages/airflow/example_dags/example_short_circuit_operator.py
[2024-12-06T23:35:58.048-0600] {processor.py:914} INFO - Processing file /home/m9d9v9/PycharmProjects/Airflow-2/Airflow-2/.venv/lib/python3.10/site-packages/airflow/example_dags/example_short_circuit_operator.py for tasks to queue
[2024-12-06T23:35:58.050-0600] {logging_mixin.py:190} INFO - [2024-12-06T23:35:58.049-0600] {dagbag.py:588} INFO - Filling up the DagBag from /home/m9d9v9/PycharmProjects/Airflow-2/Airflow-2/.venv/lib/python3.10/site-packages/airflow/example_dags/example_short_circuit_operator.py
[2024-12-06T23:35:58.068-0600] {processor.py:925} INFO - DAG(s) 'example_short_circuit_operator' retrieved from /home/m9d9v9/PycharmProjects/Airflow-2/Airflow-2/.venv/lib/python3.10/site-packages/airflow/example_dags/example_short_circuit_operator.py
[2024-12-06T23:35:58.093-0600] {logging_mixin.py:190} INFO - [2024-12-06T23:35:58.093-0600] {dag.py:3239} INFO - Sync 1 DAGs
[2024-12-06T23:35:58.189-0600] {logging_mixin.py:190} INFO - [2024-12-06T23:35:58.189-0600] {dag.py:4180} INFO - Setting next_dagrun for example_short_circuit_operator to None, run_after=None
[2024-12-06T23:35:58.206-0600] {processor.py:208} INFO - Processing /home/m9d9v9/PycharmProjects/Airflow-2/Airflow-2/.venv/lib/python3.10/site-packages/airflow/example_dags/example_short_circuit_operator.py took 0.175 seconds
[2024-12-06T23:36:58.728-0600] {processor.py:186} INFO - Started process (PID=18471) to work on /home/m9d9v9/PycharmProjects/Airflow-2/Airflow-2/.venv/lib/python3.10/site-packages/airflow/example_dags/example_short_circuit_operator.py
[2024-12-06T23:36:58.729-0600] {processor.py:914} INFO - Processing file /home/m9d9v9/PycharmProjects/Airflow-2/Airflow-2/.venv/lib/python3.10/site-packages/airflow/example_dags/example_short_circuit_operator.py for tasks to queue
[2024-12-06T23:36:58.730-0600] {logging_mixin.py:190} INFO - [2024-12-06T23:36:58.730-0600] {dagbag.py:588} INFO - Filling up the DagBag from /home/m9d9v9/PycharmProjects/Airflow-2/Airflow-2/.venv/lib/python3.10/site-packages/airflow/example_dags/example_short_circuit_operator.py
[2024-12-06T23:36:58.739-0600] {processor.py:925} INFO - DAG(s) 'example_short_circuit_operator' retrieved from /home/m9d9v9/PycharmProjects/Airflow-2/Airflow-2/.venv/lib/python3.10/site-packages/airflow/example_dags/example_short_circuit_operator.py
[2024-12-06T23:36:58.757-0600] {logging_mixin.py:190} INFO - [2024-12-06T23:36:58.756-0600] {dag.py:3239} INFO - Sync 1 DAGs
[2024-12-06T23:36:58.772-0600] {logging_mixin.py:190} INFO - [2024-12-06T23:36:58.771-0600] {dag.py:4180} INFO - Setting next_dagrun for example_short_circuit_operator to None, run_after=None
[2024-12-06T23:36:58.922-0600] {processor.py:208} INFO - Processing /home/m9d9v9/PycharmProjects/Airflow-2/Airflow-2/.venv/lib/python3.10/site-packages/airflow/example_dags/example_short_circuit_operator.py took 0.200 seconds
[2024-12-06T23:37:59.546-0600] {processor.py:186} INFO - Started process (PID=18731) to work on /home/m9d9v9/PycharmProjects/Airflow-2/Airflow-2/.venv/lib/python3.10/site-packages/airflow/example_dags/example_short_circuit_operator.py
[2024-12-06T23:37:59.553-0600] {processor.py:914} INFO - Processing file /home/m9d9v9/PycharmProjects/Airflow-2/Airflow-2/.venv/lib/python3.10/site-packages/airflow/example_dags/example_short_circuit_operator.py for tasks to queue
[2024-12-06T23:37:59.556-0600] {logging_mixin.py:190} INFO - [2024-12-06T23:37:59.555-0600] {dagbag.py:588} INFO - Filling up the DagBag from /home/m9d9v9/PycharmProjects/Airflow-2/Airflow-2/.venv/lib/python3.10/site-packages/airflow/example_dags/example_short_circuit_operator.py
[2024-12-06T23:37:59.573-0600] {processor.py:925} INFO - DAG(s) 'example_short_circuit_operator' retrieved from /home/m9d9v9/PycharmProjects/Airflow-2/Airflow-2/.venv/lib/python3.10/site-packages/airflow/example_dags/example_short_circuit_operator.py
[2024-12-06T23:37:59.597-0600] {logging_mixin.py:190} INFO - [2024-12-06T23:37:59.597-0600] {dag.py:3239} INFO - Sync 1 DAGs
[2024-12-06T23:37:59.604-0600] {logging_mixin.py:190} INFO - [2024-12-06T23:37:59.604-0600] {dag.py:4180} INFO - Setting next_dagrun for example_short_circuit_operator to None, run_after=None
[2024-12-06T23:37:59.615-0600] {processor.py:208} INFO - Processing /home/m9d9v9/PycharmProjects/Airflow-2/Airflow-2/.venv/lib/python3.10/site-packages/airflow/example_dags/example_short_circuit_operator.py took 0.081 seconds
[2024-12-06T23:39:06.616-0600] {processor.py:186} INFO - Started process (PID=18899) to work on /home/m9d9v9/PycharmProjects/Airflow-2/Airflow-2/.venv/lib/python3.10/site-packages/airflow/example_dags/example_short_circuit_operator.py
[2024-12-06T23:39:06.622-0600] {processor.py:914} INFO - Processing file /home/m9d9v9/PycharmProjects/Airflow-2/Airflow-2/.venv/lib/python3.10/site-packages/airflow/example_dags/example_short_circuit_operator.py for tasks to queue
[2024-12-06T23:39:06.625-0600] {logging_mixin.py:190} INFO - [2024-12-06T23:39:06.624-0600] {dagbag.py:588} INFO - Filling up the DagBag from /home/m9d9v9/PycharmProjects/Airflow-2/Airflow-2/.venv/lib/python3.10/site-packages/airflow/example_dags/example_short_circuit_operator.py
[2024-12-06T23:39:06.636-0600] {processor.py:925} INFO - DAG(s) 'example_short_circuit_operator' retrieved from /home/m9d9v9/PycharmProjects/Airflow-2/Airflow-2/.venv/lib/python3.10/site-packages/airflow/example_dags/example_short_circuit_operator.py
[2024-12-06T23:39:06.660-0600] {logging_mixin.py:190} INFO - [2024-12-06T23:39:06.660-0600] {dag.py:3239} INFO - Sync 1 DAGs
[2024-12-06T23:39:06.670-0600] {logging_mixin.py:190} INFO - [2024-12-06T23:39:06.670-0600] {dag.py:4180} INFO - Setting next_dagrun for example_short_circuit_operator to None, run_after=None
[2024-12-06T23:39:06.682-0600] {processor.py:208} INFO - Processing /home/m9d9v9/PycharmProjects/Airflow-2/Airflow-2/.venv/lib/python3.10/site-packages/airflow/example_dags/example_short_circuit_operator.py took 0.074 seconds
[2024-12-06T23:40:04.629-0600] {processor.py:186} INFO - Started process (PID=19162) to work on /home/m9d9v9/PycharmProjects/Airflow-2/Airflow-2/.venv/lib/python3.10/site-packages/airflow/example_dags/example_short_circuit_operator.py
[2024-12-06T23:40:04.637-0600] {processor.py:914} INFO - Processing file /home/m9d9v9/PycharmProjects/Airflow-2/Airflow-2/.venv/lib/python3.10/site-packages/airflow/example_dags/example_short_circuit_operator.py for tasks to queue
[2024-12-06T23:40:04.640-0600] {logging_mixin.py:190} INFO - [2024-12-06T23:40:04.639-0600] {dagbag.py:588} INFO - Filling up the DagBag from /home/m9d9v9/PycharmProjects/Airflow-2/Airflow-2/.venv/lib/python3.10/site-packages/airflow/example_dags/example_short_circuit_operator.py
[2024-12-06T23:40:04.667-0600] {processor.py:925} INFO - DAG(s) 'example_short_circuit_operator' retrieved from /home/m9d9v9/PycharmProjects/Airflow-2/Airflow-2/.venv/lib/python3.10/site-packages/airflow/example_dags/example_short_circuit_operator.py
[2024-12-06T23:40:04.711-0600] {logging_mixin.py:190} INFO - [2024-12-06T23:40:04.710-0600] {dag.py:3239} INFO - Sync 1 DAGs
[2024-12-06T23:40:04.735-0600] {logging_mixin.py:190} INFO - [2024-12-06T23:40:04.734-0600] {dag.py:4180} INFO - Setting next_dagrun for example_short_circuit_operator to None, run_after=None
[2024-12-06T23:40:04.773-0600] {processor.py:208} INFO - Processing /home/m9d9v9/PycharmProjects/Airflow-2/Airflow-2/.venv/lib/python3.10/site-packages/airflow/example_dags/example_short_circuit_operator.py took 0.165 seconds
[2024-12-06T23:40:58.994-0600] {processor.py:186} INFO - Started process (PID=19299) to work on /home/m9d9v9/PycharmProjects/Airflow-2/Airflow-2/.venv/lib/python3.10/site-packages/airflow/example_dags/example_short_circuit_operator.py
[2024-12-06T23:40:58.995-0600] {processor.py:914} INFO - Processing file /home/m9d9v9/PycharmProjects/Airflow-2/Airflow-2/.venv/lib/python3.10/site-packages/airflow/example_dags/example_short_circuit_operator.py for tasks to queue
[2024-12-06T23:40:58.996-0600] {logging_mixin.py:190} INFO - [2024-12-06T23:40:58.996-0600] {dagbag.py:588} INFO - Filling up the DagBag from /home/m9d9v9/PycharmProjects/Airflow-2/Airflow-2/.venv/lib/python3.10/site-packages/airflow/example_dags/example_short_circuit_operator.py
[2024-12-06T23:40:59.003-0600] {processor.py:925} INFO - DAG(s) 'example_short_circuit_operator' retrieved from /home/m9d9v9/PycharmProjects/Airflow-2/Airflow-2/.venv/lib/python3.10/site-packages/airflow/example_dags/example_short_circuit_operator.py
[2024-12-06T23:40:59.017-0600] {logging_mixin.py:190} INFO - [2024-12-06T23:40:59.016-0600] {dag.py:3239} INFO - Sync 1 DAGs
[2024-12-06T23:40:59.028-0600] {logging_mixin.py:190} INFO - [2024-12-06T23:40:59.028-0600] {dag.py:4180} INFO - Setting next_dagrun for example_short_circuit_operator to None, run_after=None
[2024-12-06T23:40:59.042-0600] {processor.py:208} INFO - Processing /home/m9d9v9/PycharmProjects/Airflow-2/Airflow-2/.venv/lib/python3.10/site-packages/airflow/example_dags/example_short_circuit_operator.py took 0.055 seconds
