[2024-12-06T22:19:09.377-0600] {processor.py:186} INFO - Started process (PID=12512) to work on /home/m9d9v9/PycharmProjects/Airflow-2/Airflow-2/.venv/lib/python3.10/site-packages/airflow/example_dags/example_python_decorator.py
[2024-12-06T22:19:09.378-0600] {processor.py:914} INFO - Processing file /home/m9d9v9/PycharmProjects/Airflow-2/Airflow-2/.venv/lib/python3.10/site-packages/airflow/example_dags/example_python_decorator.py for tasks to queue
[2024-12-06T22:19:09.380-0600] {logging_mixin.py:190} INFO - [2024-12-06T22:19:09.380-0600] {dagbag.py:588} INFO - Filling up the DagBag from /home/m9d9v9/PycharmProjects/Airflow-2/Airflow-2/.venv/lib/python3.10/site-packages/airflow/example_dags/example_python_decorator.py
[2024-12-06T22:19:09.388-0600] {logging_mixin.py:190} INFO - [2024-12-06T22:19:09.388-0600] {example_python_decorator.py:80} WARNING - The virtalenv_python example task requires virtualenv, please install it.
[2024-12-06T22:19:09.390-0600] {processor.py:925} INFO - DAG(s) 'example_python_decorator' retrieved from /home/m9d9v9/PycharmProjects/Airflow-2/Airflow-2/.venv/lib/python3.10/site-packages/airflow/example_dags/example_python_decorator.py
[2024-12-06T22:19:09.474-0600] {logging_mixin.py:190} INFO - [2024-12-06T22:19:09.473-0600] {override.py:1911} INFO - Created Permission View: can edit on DAG:example_python_decorator
[2024-12-06T22:19:09.481-0600] {logging_mixin.py:190} INFO - [2024-12-06T22:19:09.481-0600] {override.py:1911} INFO - Created Permission View: can read on DAG:example_python_decorator
[2024-12-06T22:19:09.488-0600] {logging_mixin.py:190} INFO - [2024-12-06T22:19:09.488-0600] {override.py:1911} INFO - Created Permission View: can delete on DAG:example_python_decorator
[2024-12-06T22:19:09.496-0600] {logging_mixin.py:190} INFO - [2024-12-06T22:19:09.496-0600] {override.py:1911} INFO - Created Permission View: menu access on DAG Run:example_python_decorator
[2024-12-06T22:19:09.501-0600] {logging_mixin.py:190} INFO - [2024-12-06T22:19:09.500-0600] {override.py:1911} INFO - Created Permission View: can create on DAG Run:example_python_decorator
[2024-12-06T22:19:09.506-0600] {logging_mixin.py:190} INFO - [2024-12-06T22:19:09.505-0600] {override.py:1911} INFO - Created Permission View: can read on DAG Run:example_python_decorator
[2024-12-06T22:19:09.510-0600] {logging_mixin.py:190} INFO - [2024-12-06T22:19:09.510-0600] {override.py:1911} INFO - Created Permission View: can delete on DAG Run:example_python_decorator
[2024-12-06T22:19:09.510-0600] {logging_mixin.py:190} INFO - [2024-12-06T22:19:09.510-0600] {dag.py:3239} INFO - Sync 1 DAGs
[2024-12-06T22:19:09.519-0600] {logging_mixin.py:190} INFO - [2024-12-06T22:19:09.519-0600] {dag.py:3262} INFO - Creating ORM DAG for example_python_decorator
[2024-12-06T22:19:09.520-0600] {logging_mixin.py:190} INFO - [2024-12-06T22:19:09.520-0600] {dag.py:4180} INFO - Setting next_dagrun for example_python_decorator to None, run_after=None
[2024-12-06T22:19:09.531-0600] {processor.py:208} INFO - Processing /home/m9d9v9/PycharmProjects/Airflow-2/Airflow-2/.venv/lib/python3.10/site-packages/airflow/example_dags/example_python_decorator.py took 0.160 seconds
[2024-12-06T22:20:08.032-0600] {processor.py:186} INFO - Started process (PID=12624) to work on /home/m9d9v9/PycharmProjects/Airflow-2/Airflow-2/.venv/lib/python3.10/site-packages/airflow/example_dags/example_python_decorator.py
[2024-12-06T22:20:08.038-0600] {processor.py:914} INFO - Processing file /home/m9d9v9/PycharmProjects/Airflow-2/Airflow-2/.venv/lib/python3.10/site-packages/airflow/example_dags/example_python_decorator.py for tasks to queue
[2024-12-06T22:20:08.039-0600] {logging_mixin.py:190} INFO - [2024-12-06T22:20:08.039-0600] {dagbag.py:588} INFO - Filling up the DagBag from /home/m9d9v9/PycharmProjects/Airflow-2/Airflow-2/.venv/lib/python3.10/site-packages/airflow/example_dags/example_python_decorator.py
[2024-12-06T22:20:08.047-0600] {logging_mixin.py:190} INFO - [2024-12-06T22:20:08.047-0600] {example_python_decorator.py:80} WARNING - The virtalenv_python example task requires virtualenv, please install it.
[2024-12-06T22:20:08.049-0600] {processor.py:925} INFO - DAG(s) 'example_python_decorator' retrieved from /home/m9d9v9/PycharmProjects/Airflow-2/Airflow-2/.venv/lib/python3.10/site-packages/airflow/example_dags/example_python_decorator.py
[2024-12-06T22:20:08.064-0600] {logging_mixin.py:190} INFO - [2024-12-06T22:20:08.064-0600] {dag.py:3239} INFO - Sync 1 DAGs
[2024-12-06T22:20:08.075-0600] {logging_mixin.py:190} INFO - [2024-12-06T22:20:08.075-0600] {dag.py:4180} INFO - Setting next_dagrun for example_python_decorator to None, run_after=None
[2024-12-06T22:20:08.090-0600] {processor.py:208} INFO - Processing /home/m9d9v9/PycharmProjects/Airflow-2/Airflow-2/.venv/lib/python3.10/site-packages/airflow/example_dags/example_python_decorator.py took 0.064 seconds
[2024-12-06T22:21:03.070-0600] {processor.py:186} INFO - Started process (PID=12707) to work on /home/m9d9v9/PycharmProjects/Airflow-2/Airflow-2/.venv/lib/python3.10/site-packages/airflow/example_dags/example_python_decorator.py
[2024-12-06T22:21:03.076-0600] {processor.py:914} INFO - Processing file /home/m9d9v9/PycharmProjects/Airflow-2/Airflow-2/.venv/lib/python3.10/site-packages/airflow/example_dags/example_python_decorator.py for tasks to queue
[2024-12-06T22:21:03.078-0600] {logging_mixin.py:190} INFO - [2024-12-06T22:21:03.078-0600] {dagbag.py:588} INFO - Filling up the DagBag from /home/m9d9v9/PycharmProjects/Airflow-2/Airflow-2/.venv/lib/python3.10/site-packages/airflow/example_dags/example_python_decorator.py
[2024-12-06T22:21:03.087-0600] {logging_mixin.py:190} INFO - [2024-12-06T22:21:03.087-0600] {example_python_decorator.py:80} WARNING - The virtalenv_python example task requires virtualenv, please install it.
[2024-12-06T22:21:03.090-0600] {processor.py:925} INFO - DAG(s) 'example_python_decorator' retrieved from /home/m9d9v9/PycharmProjects/Airflow-2/Airflow-2/.venv/lib/python3.10/site-packages/airflow/example_dags/example_python_decorator.py
[2024-12-06T22:21:03.105-0600] {logging_mixin.py:190} INFO - [2024-12-06T22:21:03.105-0600] {dag.py:3239} INFO - Sync 1 DAGs
[2024-12-06T22:21:03.115-0600] {logging_mixin.py:190} INFO - [2024-12-06T22:21:03.115-0600] {dag.py:4180} INFO - Setting next_dagrun for example_python_decorator to None, run_after=None
[2024-12-06T22:21:03.131-0600] {processor.py:208} INFO - Processing /home/m9d9v9/PycharmProjects/Airflow-2/Airflow-2/.venv/lib/python3.10/site-packages/airflow/example_dags/example_python_decorator.py took 0.067 seconds
[2024-12-06T22:22:01.022-0600] {processor.py:186} INFO - Started process (PID=12786) to work on /home/m9d9v9/PycharmProjects/Airflow-2/Airflow-2/.venv/lib/python3.10/site-packages/airflow/example_dags/example_python_decorator.py
[2024-12-06T22:22:01.024-0600] {processor.py:914} INFO - Processing file /home/m9d9v9/PycharmProjects/Airflow-2/Airflow-2/.venv/lib/python3.10/site-packages/airflow/example_dags/example_python_decorator.py for tasks to queue
[2024-12-06T22:22:01.028-0600] {logging_mixin.py:190} INFO - [2024-12-06T22:22:01.027-0600] {dagbag.py:588} INFO - Filling up the DagBag from /home/m9d9v9/PycharmProjects/Airflow-2/Airflow-2/.venv/lib/python3.10/site-packages/airflow/example_dags/example_python_decorator.py
[2024-12-06T22:22:01.046-0600] {logging_mixin.py:190} INFO - [2024-12-06T22:22:01.046-0600] {example_python_decorator.py:80} WARNING - The virtalenv_python example task requires virtualenv, please install it.
[2024-12-06T22:22:01.051-0600] {processor.py:925} INFO - DAG(s) 'example_python_decorator' retrieved from /home/m9d9v9/PycharmProjects/Airflow-2/Airflow-2/.venv/lib/python3.10/site-packages/airflow/example_dags/example_python_decorator.py
[2024-12-06T22:22:01.066-0600] {logging_mixin.py:190} INFO - [2024-12-06T22:22:01.066-0600] {dag.py:3239} INFO - Sync 1 DAGs
[2024-12-06T22:22:01.075-0600] {logging_mixin.py:190} INFO - [2024-12-06T22:22:01.074-0600] {dag.py:4180} INFO - Setting next_dagrun for example_python_decorator to None, run_after=None
[2024-12-06T22:22:01.088-0600] {processor.py:208} INFO - Processing /home/m9d9v9/PycharmProjects/Airflow-2/Airflow-2/.venv/lib/python3.10/site-packages/airflow/example_dags/example_python_decorator.py took 0.075 seconds
[2024-12-06T22:23:18.280-0600] {processor.py:186} INFO - Started process (PID=12944) to work on /home/m9d9v9/PycharmProjects/Airflow-2/Airflow-2/.venv/lib/python3.10/site-packages/airflow/example_dags/example_python_decorator.py
[2024-12-06T22:23:18.287-0600] {processor.py:914} INFO - Processing file /home/m9d9v9/PycharmProjects/Airflow-2/Airflow-2/.venv/lib/python3.10/site-packages/airflow/example_dags/example_python_decorator.py for tasks to queue
[2024-12-06T22:23:18.289-0600] {logging_mixin.py:190} INFO - [2024-12-06T22:23:18.288-0600] {dagbag.py:588} INFO - Filling up the DagBag from /home/m9d9v9/PycharmProjects/Airflow-2/Airflow-2/.venv/lib/python3.10/site-packages/airflow/example_dags/example_python_decorator.py
[2024-12-06T22:23:18.308-0600] {logging_mixin.py:190} INFO - [2024-12-06T22:23:18.307-0600] {example_python_decorator.py:80} WARNING - The virtalenv_python example task requires virtualenv, please install it.
[2024-12-06T22:23:18.312-0600] {processor.py:925} INFO - DAG(s) 'example_python_decorator' retrieved from /home/m9d9v9/PycharmProjects/Airflow-2/Airflow-2/.venv/lib/python3.10/site-packages/airflow/example_dags/example_python_decorator.py
[2024-12-06T22:23:18.332-0600] {logging_mixin.py:190} INFO - [2024-12-06T22:23:18.332-0600] {dag.py:3239} INFO - Sync 1 DAGs
[2024-12-06T22:23:18.341-0600] {logging_mixin.py:190} INFO - [2024-12-06T22:23:18.340-0600] {dag.py:4180} INFO - Setting next_dagrun for example_python_decorator to None, run_after=None
[2024-12-06T22:23:18.353-0600] {processor.py:208} INFO - Processing /home/m9d9v9/PycharmProjects/Airflow-2/Airflow-2/.venv/lib/python3.10/site-packages/airflow/example_dags/example_python_decorator.py took 0.086 seconds
[2024-12-06T22:24:16.164-0600] {processor.py:186} INFO - Started process (PID=13013) to work on /home/m9d9v9/PycharmProjects/Airflow-2/Airflow-2/.venv/lib/python3.10/site-packages/airflow/example_dags/example_python_decorator.py
[2024-12-06T22:24:16.170-0600] {processor.py:914} INFO - Processing file /home/m9d9v9/PycharmProjects/Airflow-2/Airflow-2/.venv/lib/python3.10/site-packages/airflow/example_dags/example_python_decorator.py for tasks to queue
[2024-12-06T22:24:16.172-0600] {logging_mixin.py:190} INFO - [2024-12-06T22:24:16.172-0600] {dagbag.py:588} INFO - Filling up the DagBag from /home/m9d9v9/PycharmProjects/Airflow-2/Airflow-2/.venv/lib/python3.10/site-packages/airflow/example_dags/example_python_decorator.py
[2024-12-06T22:24:16.179-0600] {logging_mixin.py:190} INFO - [2024-12-06T22:24:16.179-0600] {example_python_decorator.py:80} WARNING - The virtalenv_python example task requires virtualenv, please install it.
[2024-12-06T22:24:16.181-0600] {processor.py:925} INFO - DAG(s) 'example_python_decorator' retrieved from /home/m9d9v9/PycharmProjects/Airflow-2/Airflow-2/.venv/lib/python3.10/site-packages/airflow/example_dags/example_python_decorator.py
[2024-12-06T22:24:16.193-0600] {logging_mixin.py:190} INFO - [2024-12-06T22:24:16.193-0600] {dag.py:3239} INFO - Sync 1 DAGs
[2024-12-06T22:24:16.202-0600] {logging_mixin.py:190} INFO - [2024-12-06T22:24:16.201-0600] {dag.py:4180} INFO - Setting next_dagrun for example_python_decorator to None, run_after=None
[2024-12-06T22:24:16.214-0600] {processor.py:208} INFO - Processing /home/m9d9v9/PycharmProjects/Airflow-2/Airflow-2/.venv/lib/python3.10/site-packages/airflow/example_dags/example_python_decorator.py took 0.054 seconds
[2024-12-06T22:25:12.173-0600] {processor.py:186} INFO - Started process (PID=13102) to work on /home/m9d9v9/PycharmProjects/Airflow-2/Airflow-2/.venv/lib/python3.10/site-packages/airflow/example_dags/example_python_decorator.py
[2024-12-06T22:25:12.179-0600] {processor.py:914} INFO - Processing file /home/m9d9v9/PycharmProjects/Airflow-2/Airflow-2/.venv/lib/python3.10/site-packages/airflow/example_dags/example_python_decorator.py for tasks to queue
[2024-12-06T22:25:12.180-0600] {logging_mixin.py:190} INFO - [2024-12-06T22:25:12.180-0600] {dagbag.py:588} INFO - Filling up the DagBag from /home/m9d9v9/PycharmProjects/Airflow-2/Airflow-2/.venv/lib/python3.10/site-packages/airflow/example_dags/example_python_decorator.py
[2024-12-06T22:25:12.188-0600] {logging_mixin.py:190} INFO - [2024-12-06T22:25:12.188-0600] {example_python_decorator.py:80} WARNING - The virtalenv_python example task requires virtualenv, please install it.
[2024-12-06T22:25:12.190-0600] {processor.py:925} INFO - DAG(s) 'example_python_decorator' retrieved from /home/m9d9v9/PycharmProjects/Airflow-2/Airflow-2/.venv/lib/python3.10/site-packages/airflow/example_dags/example_python_decorator.py
[2024-12-06T22:25:12.203-0600] {logging_mixin.py:190} INFO - [2024-12-06T22:25:12.202-0600] {dag.py:3239} INFO - Sync 1 DAGs
[2024-12-06T22:25:12.213-0600] {logging_mixin.py:190} INFO - [2024-12-06T22:25:12.212-0600] {dag.py:4180} INFO - Setting next_dagrun for example_python_decorator to None, run_after=None
[2024-12-06T22:25:12.227-0600] {processor.py:208} INFO - Processing /home/m9d9v9/PycharmProjects/Airflow-2/Airflow-2/.venv/lib/python3.10/site-packages/airflow/example_dags/example_python_decorator.py took 0.060 seconds
[2024-12-06T22:26:09.363-0600] {processor.py:186} INFO - Started process (PID=13181) to work on /home/m9d9v9/PycharmProjects/Airflow-2/Airflow-2/.venv/lib/python3.10/site-packages/airflow/example_dags/example_python_decorator.py
[2024-12-06T22:26:09.365-0600] {processor.py:914} INFO - Processing file /home/m9d9v9/PycharmProjects/Airflow-2/Airflow-2/.venv/lib/python3.10/site-packages/airflow/example_dags/example_python_decorator.py for tasks to queue
[2024-12-06T22:26:09.367-0600] {logging_mixin.py:190} INFO - [2024-12-06T22:26:09.367-0600] {dagbag.py:588} INFO - Filling up the DagBag from /home/m9d9v9/PycharmProjects/Airflow-2/Airflow-2/.venv/lib/python3.10/site-packages/airflow/example_dags/example_python_decorator.py
[2024-12-06T22:26:09.387-0600] {logging_mixin.py:190} INFO - [2024-12-06T22:26:09.386-0600] {example_python_decorator.py:80} WARNING - The virtalenv_python example task requires virtualenv, please install it.
[2024-12-06T22:26:09.391-0600] {processor.py:925} INFO - DAG(s) 'example_python_decorator' retrieved from /home/m9d9v9/PycharmProjects/Airflow-2/Airflow-2/.venv/lib/python3.10/site-packages/airflow/example_dags/example_python_decorator.py
[2024-12-06T22:26:09.407-0600] {logging_mixin.py:190} INFO - [2024-12-06T22:26:09.407-0600] {dag.py:3239} INFO - Sync 1 DAGs
[2024-12-06T22:26:09.416-0600] {logging_mixin.py:190} INFO - [2024-12-06T22:26:09.416-0600] {dag.py:4180} INFO - Setting next_dagrun for example_python_decorator to None, run_after=None
[2024-12-06T22:26:09.431-0600] {processor.py:208} INFO - Processing /home/m9d9v9/PycharmProjects/Airflow-2/Airflow-2/.venv/lib/python3.10/site-packages/airflow/example_dags/example_python_decorator.py took 0.080 seconds
[2024-12-06T22:37:27.189-0600] {processor.py:186} INFO - Started process (PID=14653) to work on /home/m9d9v9/PycharmProjects/Airflow-2/Airflow-2/.venv/lib/python3.10/site-packages/airflow/example_dags/example_python_decorator.py
[2024-12-06T22:37:27.196-0600] {processor.py:914} INFO - Processing file /home/m9d9v9/PycharmProjects/Airflow-2/Airflow-2/.venv/lib/python3.10/site-packages/airflow/example_dags/example_python_decorator.py for tasks to queue
[2024-12-06T22:37:27.200-0600] {logging_mixin.py:190} INFO - [2024-12-06T22:37:27.199-0600] {dagbag.py:588} INFO - Filling up the DagBag from /home/m9d9v9/PycharmProjects/Airflow-2/Airflow-2/.venv/lib/python3.10/site-packages/airflow/example_dags/example_python_decorator.py
[2024-12-06T22:37:27.218-0600] {logging_mixin.py:190} INFO - [2024-12-06T22:37:27.218-0600] {example_python_decorator.py:80} WARNING - The virtalenv_python example task requires virtualenv, please install it.
[2024-12-06T22:37:27.222-0600] {processor.py:925} INFO - DAG(s) 'example_python_decorator' retrieved from /home/m9d9v9/PycharmProjects/Airflow-2/Airflow-2/.venv/lib/python3.10/site-packages/airflow/example_dags/example_python_decorator.py
[2024-12-06T22:37:27.241-0600] {logging_mixin.py:190} INFO - [2024-12-06T22:37:27.241-0600] {dag.py:3239} INFO - Sync 1 DAGs
[2024-12-06T22:37:27.249-0600] {logging_mixin.py:190} INFO - [2024-12-06T22:37:27.249-0600] {dag.py:4180} INFO - Setting next_dagrun for example_python_decorator to None, run_after=None
[2024-12-06T22:37:27.261-0600] {processor.py:208} INFO - Processing /home/m9d9v9/PycharmProjects/Airflow-2/Airflow-2/.venv/lib/python3.10/site-packages/airflow/example_dags/example_python_decorator.py took 0.085 seconds
[2024-12-06T22:38:25.205-0600] {processor.py:186} INFO - Started process (PID=14759) to work on /home/m9d9v9/PycharmProjects/Airflow-2/Airflow-2/.venv/lib/python3.10/site-packages/airflow/example_dags/example_python_decorator.py
[2024-12-06T22:38:25.211-0600] {processor.py:914} INFO - Processing file /home/m9d9v9/PycharmProjects/Airflow-2/Airflow-2/.venv/lib/python3.10/site-packages/airflow/example_dags/example_python_decorator.py for tasks to queue
[2024-12-06T22:38:25.214-0600] {logging_mixin.py:190} INFO - [2024-12-06T22:38:25.214-0600] {dagbag.py:588} INFO - Filling up the DagBag from /home/m9d9v9/PycharmProjects/Airflow-2/Airflow-2/.venv/lib/python3.10/site-packages/airflow/example_dags/example_python_decorator.py
[2024-12-06T22:38:25.230-0600] {logging_mixin.py:190} INFO - [2024-12-06T22:38:25.230-0600] {example_python_decorator.py:80} WARNING - The virtalenv_python example task requires virtualenv, please install it.
[2024-12-06T22:38:25.234-0600] {processor.py:925} INFO - DAG(s) 'example_python_decorator' retrieved from /home/m9d9v9/PycharmProjects/Airflow-2/Airflow-2/.venv/lib/python3.10/site-packages/airflow/example_dags/example_python_decorator.py
[2024-12-06T22:38:25.256-0600] {logging_mixin.py:190} INFO - [2024-12-06T22:38:25.255-0600] {dag.py:3239} INFO - Sync 1 DAGs
[2024-12-06T22:38:25.263-0600] {logging_mixin.py:190} INFO - [2024-12-06T22:38:25.263-0600] {dag.py:4180} INFO - Setting next_dagrun for example_python_decorator to None, run_after=None
[2024-12-06T22:38:25.275-0600] {processor.py:208} INFO - Processing /home/m9d9v9/PycharmProjects/Airflow-2/Airflow-2/.venv/lib/python3.10/site-packages/airflow/example_dags/example_python_decorator.py took 0.081 seconds
[2024-12-06T22:39:23.546-0600] {processor.py:186} INFO - Started process (PID=14920) to work on /home/m9d9v9/PycharmProjects/Airflow-2/Airflow-2/.venv/lib/python3.10/site-packages/airflow/example_dags/example_python_decorator.py
[2024-12-06T22:39:23.553-0600] {processor.py:914} INFO - Processing file /home/m9d9v9/PycharmProjects/Airflow-2/Airflow-2/.venv/lib/python3.10/site-packages/airflow/example_dags/example_python_decorator.py for tasks to queue
[2024-12-06T22:39:23.555-0600] {logging_mixin.py:190} INFO - [2024-12-06T22:39:23.554-0600] {dagbag.py:588} INFO - Filling up the DagBag from /home/m9d9v9/PycharmProjects/Airflow-2/Airflow-2/.venv/lib/python3.10/site-packages/airflow/example_dags/example_python_decorator.py
[2024-12-06T22:39:23.562-0600] {logging_mixin.py:190} INFO - [2024-12-06T22:39:23.562-0600] {example_python_decorator.py:80} WARNING - The virtalenv_python example task requires virtualenv, please install it.
[2024-12-06T22:39:23.564-0600] {processor.py:925} INFO - DAG(s) 'example_python_decorator' retrieved from /home/m9d9v9/PycharmProjects/Airflow-2/Airflow-2/.venv/lib/python3.10/site-packages/airflow/example_dags/example_python_decorator.py
[2024-12-06T22:39:23.576-0600] {logging_mixin.py:190} INFO - [2024-12-06T22:39:23.576-0600] {dag.py:3239} INFO - Sync 1 DAGs
[2024-12-06T22:39:23.589-0600] {logging_mixin.py:190} INFO - [2024-12-06T22:39:23.589-0600] {dag.py:4180} INFO - Setting next_dagrun for example_python_decorator to None, run_after=None
[2024-12-06T22:39:23.612-0600] {processor.py:208} INFO - Processing /home/m9d9v9/PycharmProjects/Airflow-2/Airflow-2/.venv/lib/python3.10/site-packages/airflow/example_dags/example_python_decorator.py took 0.072 seconds
[2024-12-06T22:40:24.068-0600] {processor.py:186} INFO - Started process (PID=15052) to work on /home/m9d9v9/PycharmProjects/Airflow-2/Airflow-2/.venv/lib/python3.10/site-packages/airflow/example_dags/example_python_decorator.py
[2024-12-06T22:40:24.075-0600] {processor.py:914} INFO - Processing file /home/m9d9v9/PycharmProjects/Airflow-2/Airflow-2/.venv/lib/python3.10/site-packages/airflow/example_dags/example_python_decorator.py for tasks to queue
[2024-12-06T22:40:24.079-0600] {logging_mixin.py:190} INFO - [2024-12-06T22:40:24.079-0600] {dagbag.py:588} INFO - Filling up the DagBag from /home/m9d9v9/PycharmProjects/Airflow-2/Airflow-2/.venv/lib/python3.10/site-packages/airflow/example_dags/example_python_decorator.py
[2024-12-06T22:40:24.098-0600] {logging_mixin.py:190} INFO - [2024-12-06T22:40:24.097-0600] {example_python_decorator.py:80} WARNING - The virtalenv_python example task requires virtualenv, please install it.
[2024-12-06T22:40:24.102-0600] {processor.py:925} INFO - DAG(s) 'example_python_decorator' retrieved from /home/m9d9v9/PycharmProjects/Airflow-2/Airflow-2/.venv/lib/python3.10/site-packages/airflow/example_dags/example_python_decorator.py
[2024-12-06T22:40:24.119-0600] {logging_mixin.py:190} INFO - [2024-12-06T22:40:24.119-0600] {dag.py:3239} INFO - Sync 1 DAGs
[2024-12-06T22:40:24.126-0600] {logging_mixin.py:190} INFO - [2024-12-06T22:40:24.126-0600] {dag.py:4180} INFO - Setting next_dagrun for example_python_decorator to None, run_after=None
[2024-12-06T22:40:24.139-0600] {processor.py:208} INFO - Processing /home/m9d9v9/PycharmProjects/Airflow-2/Airflow-2/.venv/lib/python3.10/site-packages/airflow/example_dags/example_python_decorator.py took 0.087 seconds
[2024-12-06T22:41:24.637-0600] {processor.py:186} INFO - Started process (PID=15174) to work on /home/m9d9v9/PycharmProjects/Airflow-2/Airflow-2/.venv/lib/python3.10/site-packages/airflow/example_dags/example_python_decorator.py
[2024-12-06T22:41:24.644-0600] {processor.py:914} INFO - Processing file /home/m9d9v9/PycharmProjects/Airflow-2/Airflow-2/.venv/lib/python3.10/site-packages/airflow/example_dags/example_python_decorator.py for tasks to queue
[2024-12-06T22:41:24.648-0600] {logging_mixin.py:190} INFO - [2024-12-06T22:41:24.647-0600] {dagbag.py:588} INFO - Filling up the DagBag from /home/m9d9v9/PycharmProjects/Airflow-2/Airflow-2/.venv/lib/python3.10/site-packages/airflow/example_dags/example_python_decorator.py
[2024-12-06T22:41:24.667-0600] {logging_mixin.py:190} INFO - [2024-12-06T22:41:24.666-0600] {example_python_decorator.py:80} WARNING - The virtalenv_python example task requires virtualenv, please install it.
[2024-12-06T22:41:24.672-0600] {processor.py:925} INFO - DAG(s) 'example_python_decorator' retrieved from /home/m9d9v9/PycharmProjects/Airflow-2/Airflow-2/.venv/lib/python3.10/site-packages/airflow/example_dags/example_python_decorator.py
[2024-12-06T22:41:24.688-0600] {logging_mixin.py:190} INFO - [2024-12-06T22:41:24.688-0600] {dag.py:3239} INFO - Sync 1 DAGs
[2024-12-06T22:41:24.696-0600] {logging_mixin.py:190} INFO - [2024-12-06T22:41:24.696-0600] {dag.py:4180} INFO - Setting next_dagrun for example_python_decorator to None, run_after=None
[2024-12-06T22:41:24.707-0600] {processor.py:208} INFO - Processing /home/m9d9v9/PycharmProjects/Airflow-2/Airflow-2/.venv/lib/python3.10/site-packages/airflow/example_dags/example_python_decorator.py took 0.088 seconds
[2024-12-06T23:25:34.350-0600] {processor.py:186} INFO - Started process (PID=17329) to work on /home/m9d9v9/PycharmProjects/Airflow-2/Airflow-2/.venv/lib/python3.10/site-packages/airflow/example_dags/example_python_decorator.py
[2024-12-06T23:25:34.357-0600] {processor.py:914} INFO - Processing file /home/m9d9v9/PycharmProjects/Airflow-2/Airflow-2/.venv/lib/python3.10/site-packages/airflow/example_dags/example_python_decorator.py for tasks to queue
[2024-12-06T23:25:34.360-0600] {logging_mixin.py:190} INFO - [2024-12-06T23:25:34.360-0600] {dagbag.py:588} INFO - Filling up the DagBag from /home/m9d9v9/PycharmProjects/Airflow-2/Airflow-2/.venv/lib/python3.10/site-packages/airflow/example_dags/example_python_decorator.py
[2024-12-06T23:25:34.376-0600] {logging_mixin.py:190} INFO - [2024-12-06T23:25:34.375-0600] {example_python_decorator.py:80} WARNING - The virtalenv_python example task requires virtualenv, please install it.
[2024-12-06T23:25:34.379-0600] {processor.py:925} INFO - DAG(s) 'example_python_decorator' retrieved from /home/m9d9v9/PycharmProjects/Airflow-2/Airflow-2/.venv/lib/python3.10/site-packages/airflow/example_dags/example_python_decorator.py
[2024-12-06T23:25:34.400-0600] {logging_mixin.py:190} INFO - [2024-12-06T23:25:34.400-0600] {dag.py:3239} INFO - Sync 1 DAGs
[2024-12-06T23:25:34.408-0600] {logging_mixin.py:190} INFO - [2024-12-06T23:25:34.407-0600] {dag.py:4180} INFO - Setting next_dagrun for example_python_decorator to None, run_after=None
[2024-12-06T23:25:34.420-0600] {processor.py:208} INFO - Processing /home/m9d9v9/PycharmProjects/Airflow-2/Airflow-2/.venv/lib/python3.10/site-packages/airflow/example_dags/example_python_decorator.py took 0.080 seconds
[2024-12-06T23:26:32.203-0600] {processor.py:186} INFO - Started process (PID=17412) to work on /home/m9d9v9/PycharmProjects/Airflow-2/Airflow-2/.venv/lib/python3.10/site-packages/airflow/example_dags/example_python_decorator.py
[2024-12-06T23:26:32.210-0600] {processor.py:914} INFO - Processing file /home/m9d9v9/PycharmProjects/Airflow-2/Airflow-2/.venv/lib/python3.10/site-packages/airflow/example_dags/example_python_decorator.py for tasks to queue
[2024-12-06T23:26:32.212-0600] {logging_mixin.py:190} INFO - [2024-12-06T23:26:32.212-0600] {dagbag.py:588} INFO - Filling up the DagBag from /home/m9d9v9/PycharmProjects/Airflow-2/Airflow-2/.venv/lib/python3.10/site-packages/airflow/example_dags/example_python_decorator.py
[2024-12-06T23:26:32.230-0600] {logging_mixin.py:190} INFO - [2024-12-06T23:26:32.229-0600] {example_python_decorator.py:80} WARNING - The virtalenv_python example task requires virtualenv, please install it.
[2024-12-06T23:26:32.234-0600] {processor.py:925} INFO - DAG(s) 'example_python_decorator' retrieved from /home/m9d9v9/PycharmProjects/Airflow-2/Airflow-2/.venv/lib/python3.10/site-packages/airflow/example_dags/example_python_decorator.py
[2024-12-06T23:26:32.254-0600] {logging_mixin.py:190} INFO - [2024-12-06T23:26:32.254-0600] {dag.py:3239} INFO - Sync 1 DAGs
[2024-12-06T23:26:32.262-0600] {logging_mixin.py:190} INFO - [2024-12-06T23:26:32.262-0600] {dag.py:4180} INFO - Setting next_dagrun for example_python_decorator to None, run_after=None
[2024-12-06T23:26:32.273-0600] {processor.py:208} INFO - Processing /home/m9d9v9/PycharmProjects/Airflow-2/Airflow-2/.venv/lib/python3.10/site-packages/airflow/example_dags/example_python_decorator.py took 0.080 seconds
[2024-12-06T23:27:29.254-0600] {processor.py:186} INFO - Started process (PID=17484) to work on /home/m9d9v9/PycharmProjects/Airflow-2/Airflow-2/.venv/lib/python3.10/site-packages/airflow/example_dags/example_python_decorator.py
[2024-12-06T23:27:29.261-0600] {processor.py:914} INFO - Processing file /home/m9d9v9/PycharmProjects/Airflow-2/Airflow-2/.venv/lib/python3.10/site-packages/airflow/example_dags/example_python_decorator.py for tasks to queue
[2024-12-06T23:27:29.264-0600] {logging_mixin.py:190} INFO - [2024-12-06T23:27:29.263-0600] {dagbag.py:588} INFO - Filling up the DagBag from /home/m9d9v9/PycharmProjects/Airflow-2/Airflow-2/.venv/lib/python3.10/site-packages/airflow/example_dags/example_python_decorator.py
[2024-12-06T23:27:29.282-0600] {logging_mixin.py:190} INFO - [2024-12-06T23:27:29.282-0600] {example_python_decorator.py:80} WARNING - The virtalenv_python example task requires virtualenv, please install it.
[2024-12-06T23:27:29.287-0600] {processor.py:925} INFO - DAG(s) 'example_python_decorator' retrieved from /home/m9d9v9/PycharmProjects/Airflow-2/Airflow-2/.venv/lib/python3.10/site-packages/airflow/example_dags/example_python_decorator.py
[2024-12-06T23:27:29.306-0600] {logging_mixin.py:190} INFO - [2024-12-06T23:27:29.306-0600] {dag.py:3239} INFO - Sync 1 DAGs
[2024-12-06T23:27:29.313-0600] {logging_mixin.py:190} INFO - [2024-12-06T23:27:29.313-0600] {dag.py:4180} INFO - Setting next_dagrun for example_python_decorator to None, run_after=None
[2024-12-06T23:27:29.326-0600] {processor.py:208} INFO - Processing /home/m9d9v9/PycharmProjects/Airflow-2/Airflow-2/.venv/lib/python3.10/site-packages/airflow/example_dags/example_python_decorator.py took 0.083 seconds
[2024-12-06T23:28:27.367-0600] {processor.py:186} INFO - Started process (PID=17586) to work on /home/m9d9v9/PycharmProjects/Airflow-2/Airflow-2/.venv/lib/python3.10/site-packages/airflow/example_dags/example_python_decorator.py
[2024-12-06T23:28:27.368-0600] {processor.py:914} INFO - Processing file /home/m9d9v9/PycharmProjects/Airflow-2/Airflow-2/.venv/lib/python3.10/site-packages/airflow/example_dags/example_python_decorator.py for tasks to queue
[2024-12-06T23:28:27.370-0600] {logging_mixin.py:190} INFO - [2024-12-06T23:28:27.369-0600] {dagbag.py:588} INFO - Filling up the DagBag from /home/m9d9v9/PycharmProjects/Airflow-2/Airflow-2/.venv/lib/python3.10/site-packages/airflow/example_dags/example_python_decorator.py
[2024-12-06T23:28:27.387-0600] {logging_mixin.py:190} INFO - [2024-12-06T23:28:27.387-0600] {example_python_decorator.py:80} WARNING - The virtalenv_python example task requires virtualenv, please install it.
[2024-12-06T23:28:27.392-0600] {processor.py:925} INFO - DAG(s) 'example_python_decorator' retrieved from /home/m9d9v9/PycharmProjects/Airflow-2/Airflow-2/.venv/lib/python3.10/site-packages/airflow/example_dags/example_python_decorator.py
[2024-12-06T23:28:27.412-0600] {logging_mixin.py:190} INFO - [2024-12-06T23:28:27.411-0600] {dag.py:3239} INFO - Sync 1 DAGs
[2024-12-06T23:28:27.419-0600] {logging_mixin.py:190} INFO - [2024-12-06T23:28:27.419-0600] {dag.py:4180} INFO - Setting next_dagrun for example_python_decorator to None, run_after=None
[2024-12-06T23:28:27.431-0600] {processor.py:208} INFO - Processing /home/m9d9v9/PycharmProjects/Airflow-2/Airflow-2/.venv/lib/python3.10/site-packages/airflow/example_dags/example_python_decorator.py took 0.073 seconds
[2024-12-06T23:29:23.614-0600] {processor.py:186} INFO - Started process (PID=17730) to work on /home/m9d9v9/PycharmProjects/Airflow-2/Airflow-2/.venv/lib/python3.10/site-packages/airflow/example_dags/example_python_decorator.py
[2024-12-06T23:29:23.615-0600] {processor.py:914} INFO - Processing file /home/m9d9v9/PycharmProjects/Airflow-2/Airflow-2/.venv/lib/python3.10/site-packages/airflow/example_dags/example_python_decorator.py for tasks to queue
[2024-12-06T23:29:23.617-0600] {logging_mixin.py:190} INFO - [2024-12-06T23:29:23.616-0600] {dagbag.py:588} INFO - Filling up the DagBag from /home/m9d9v9/PycharmProjects/Airflow-2/Airflow-2/.venv/lib/python3.10/site-packages/airflow/example_dags/example_python_decorator.py
[2024-12-06T23:29:23.627-0600] {logging_mixin.py:190} INFO - [2024-12-06T23:29:23.627-0600] {example_python_decorator.py:80} WARNING - The virtalenv_python example task requires virtualenv, please install it.
[2024-12-06T23:29:23.631-0600] {processor.py:925} INFO - DAG(s) 'example_python_decorator' retrieved from /home/m9d9v9/PycharmProjects/Airflow-2/Airflow-2/.venv/lib/python3.10/site-packages/airflow/example_dags/example_python_decorator.py
[2024-12-06T23:29:23.652-0600] {logging_mixin.py:190} INFO - [2024-12-06T23:29:23.652-0600] {dag.py:3239} INFO - Sync 1 DAGs
[2024-12-06T23:29:23.663-0600] {logging_mixin.py:190} INFO - [2024-12-06T23:29:23.663-0600] {dag.py:4180} INFO - Setting next_dagrun for example_python_decorator to None, run_after=None
[2024-12-06T23:29:23.675-0600] {processor.py:208} INFO - Processing /home/m9d9v9/PycharmProjects/Airflow-2/Airflow-2/.venv/lib/python3.10/site-packages/airflow/example_dags/example_python_decorator.py took 0.069 seconds
[2024-12-06T23:30:20.656-0600] {processor.py:186} INFO - Started process (PID=17820) to work on /home/m9d9v9/PycharmProjects/Airflow-2/Airflow-2/.venv/lib/python3.10/site-packages/airflow/example_dags/example_python_decorator.py
[2024-12-06T23:30:20.662-0600] {processor.py:914} INFO - Processing file /home/m9d9v9/PycharmProjects/Airflow-2/Airflow-2/.venv/lib/python3.10/site-packages/airflow/example_dags/example_python_decorator.py for tasks to queue
[2024-12-06T23:30:20.666-0600] {logging_mixin.py:190} INFO - [2024-12-06T23:30:20.665-0600] {dagbag.py:588} INFO - Filling up the DagBag from /home/m9d9v9/PycharmProjects/Airflow-2/Airflow-2/.venv/lib/python3.10/site-packages/airflow/example_dags/example_python_decorator.py
[2024-12-06T23:30:20.693-0600] {logging_mixin.py:190} INFO - [2024-12-06T23:30:20.692-0600] {example_python_decorator.py:80} WARNING - The virtalenv_python example task requires virtualenv, please install it.
[2024-12-06T23:30:20.699-0600] {processor.py:925} INFO - DAG(s) 'example_python_decorator' retrieved from /home/m9d9v9/PycharmProjects/Airflow-2/Airflow-2/.venv/lib/python3.10/site-packages/airflow/example_dags/example_python_decorator.py
[2024-12-06T23:30:20.724-0600] {logging_mixin.py:190} INFO - [2024-12-06T23:30:20.724-0600] {dag.py:3239} INFO - Sync 1 DAGs
[2024-12-06T23:30:20.731-0600] {logging_mixin.py:190} INFO - [2024-12-06T23:30:20.731-0600] {dag.py:4180} INFO - Setting next_dagrun for example_python_decorator to None, run_after=None
[2024-12-06T23:30:20.742-0600] {processor.py:208} INFO - Processing /home/m9d9v9/PycharmProjects/Airflow-2/Airflow-2/.venv/lib/python3.10/site-packages/airflow/example_dags/example_python_decorator.py took 0.098 seconds
[2024-12-06T23:31:16.439-0600] {processor.py:186} INFO - Started process (PID=17923) to work on /home/m9d9v9/PycharmProjects/Airflow-2/Airflow-2/.venv/lib/python3.10/site-packages/airflow/example_dags/example_python_decorator.py
[2024-12-06T23:31:16.446-0600] {processor.py:914} INFO - Processing file /home/m9d9v9/PycharmProjects/Airflow-2/Airflow-2/.venv/lib/python3.10/site-packages/airflow/example_dags/example_python_decorator.py for tasks to queue
[2024-12-06T23:31:16.448-0600] {logging_mixin.py:190} INFO - [2024-12-06T23:31:16.448-0600] {dagbag.py:588} INFO - Filling up the DagBag from /home/m9d9v9/PycharmProjects/Airflow-2/Airflow-2/.venv/lib/python3.10/site-packages/airflow/example_dags/example_python_decorator.py
[2024-12-06T23:31:16.465-0600] {logging_mixin.py:190} INFO - [2024-12-06T23:31:16.465-0600] {example_python_decorator.py:80} WARNING - The virtalenv_python example task requires virtualenv, please install it.
[2024-12-06T23:31:16.469-0600] {processor.py:925} INFO - DAG(s) 'example_python_decorator' retrieved from /home/m9d9v9/PycharmProjects/Airflow-2/Airflow-2/.venv/lib/python3.10/site-packages/airflow/example_dags/example_python_decorator.py
[2024-12-06T23:31:16.490-0600] {logging_mixin.py:190} INFO - [2024-12-06T23:31:16.490-0600] {dag.py:3239} INFO - Sync 1 DAGs
[2024-12-06T23:31:16.498-0600] {logging_mixin.py:190} INFO - [2024-12-06T23:31:16.497-0600] {dag.py:4180} INFO - Setting next_dagrun for example_python_decorator to None, run_after=None
[2024-12-06T23:31:16.509-0600] {processor.py:208} INFO - Processing /home/m9d9v9/PycharmProjects/Airflow-2/Airflow-2/.venv/lib/python3.10/site-packages/airflow/example_dags/example_python_decorator.py took 0.079 seconds
[2024-12-06T23:32:15.161-0600] {processor.py:186} INFO - Started process (PID=18033) to work on /home/m9d9v9/PycharmProjects/Airflow-2/Airflow-2/.venv/lib/python3.10/site-packages/airflow/example_dags/example_python_decorator.py
[2024-12-06T23:32:15.168-0600] {processor.py:914} INFO - Processing file /home/m9d9v9/PycharmProjects/Airflow-2/Airflow-2/.venv/lib/python3.10/site-packages/airflow/example_dags/example_python_decorator.py for tasks to queue
[2024-12-06T23:32:15.169-0600] {logging_mixin.py:190} INFO - [2024-12-06T23:32:15.169-0600] {dagbag.py:588} INFO - Filling up the DagBag from /home/m9d9v9/PycharmProjects/Airflow-2/Airflow-2/.venv/lib/python3.10/site-packages/airflow/example_dags/example_python_decorator.py
[2024-12-06T23:32:15.187-0600] {logging_mixin.py:190} INFO - [2024-12-06T23:32:15.186-0600] {example_python_decorator.py:80} WARNING - The virtalenv_python example task requires virtualenv, please install it.
[2024-12-06T23:32:15.190-0600] {processor.py:925} INFO - DAG(s) 'example_python_decorator' retrieved from /home/m9d9v9/PycharmProjects/Airflow-2/Airflow-2/.venv/lib/python3.10/site-packages/airflow/example_dags/example_python_decorator.py
[2024-12-06T23:32:15.213-0600] {logging_mixin.py:190} INFO - [2024-12-06T23:32:15.213-0600] {dag.py:3239} INFO - Sync 1 DAGs
[2024-12-06T23:32:15.220-0600] {logging_mixin.py:190} INFO - [2024-12-06T23:32:15.220-0600] {dag.py:4180} INFO - Setting next_dagrun for example_python_decorator to None, run_after=None
[2024-12-06T23:32:15.231-0600] {processor.py:208} INFO - Processing /home/m9d9v9/PycharmProjects/Airflow-2/Airflow-2/.venv/lib/python3.10/site-packages/airflow/example_dags/example_python_decorator.py took 0.082 seconds
[2024-12-06T23:33:11.999-0600] {processor.py:186} INFO - Started process (PID=18102) to work on /home/m9d9v9/PycharmProjects/Airflow-2/Airflow-2/.venv/lib/python3.10/site-packages/airflow/example_dags/example_python_decorator.py
[2024-12-06T23:33:12.006-0600] {processor.py:914} INFO - Processing file /home/m9d9v9/PycharmProjects/Airflow-2/Airflow-2/.venv/lib/python3.10/site-packages/airflow/example_dags/example_python_decorator.py for tasks to queue
[2024-12-06T23:33:12.007-0600] {logging_mixin.py:190} INFO - [2024-12-06T23:33:12.007-0600] {dagbag.py:588} INFO - Filling up the DagBag from /home/m9d9v9/PycharmProjects/Airflow-2/Airflow-2/.venv/lib/python3.10/site-packages/airflow/example_dags/example_python_decorator.py
[2024-12-06T23:33:12.024-0600] {logging_mixin.py:190} INFO - [2024-12-06T23:33:12.024-0600] {example_python_decorator.py:80} WARNING - The virtalenv_python example task requires virtualenv, please install it.
[2024-12-06T23:33:12.029-0600] {processor.py:925} INFO - DAG(s) 'example_python_decorator' retrieved from /home/m9d9v9/PycharmProjects/Airflow-2/Airflow-2/.venv/lib/python3.10/site-packages/airflow/example_dags/example_python_decorator.py
[2024-12-06T23:33:12.049-0600] {logging_mixin.py:190} INFO - [2024-12-06T23:33:12.049-0600] {dag.py:3239} INFO - Sync 1 DAGs
[2024-12-06T23:33:12.057-0600] {logging_mixin.py:190} INFO - [2024-12-06T23:33:12.057-0600] {dag.py:4180} INFO - Setting next_dagrun for example_python_decorator to None, run_after=None
[2024-12-06T23:33:12.163-0600] {processor.py:208} INFO - Processing /home/m9d9v9/PycharmProjects/Airflow-2/Airflow-2/.venv/lib/python3.10/site-packages/airflow/example_dags/example_python_decorator.py took 0.176 seconds
[2024-12-06T23:34:09.029-0600] {processor.py:186} INFO - Started process (PID=18173) to work on /home/m9d9v9/PycharmProjects/Airflow-2/Airflow-2/.venv/lib/python3.10/site-packages/airflow/example_dags/example_python_decorator.py
[2024-12-06T23:34:09.036-0600] {processor.py:914} INFO - Processing file /home/m9d9v9/PycharmProjects/Airflow-2/Airflow-2/.venv/lib/python3.10/site-packages/airflow/example_dags/example_python_decorator.py for tasks to queue
[2024-12-06T23:34:09.038-0600] {logging_mixin.py:190} INFO - [2024-12-06T23:34:09.037-0600] {dagbag.py:588} INFO - Filling up the DagBag from /home/m9d9v9/PycharmProjects/Airflow-2/Airflow-2/.venv/lib/python3.10/site-packages/airflow/example_dags/example_python_decorator.py
[2024-12-06T23:34:09.056-0600] {logging_mixin.py:190} INFO - [2024-12-06T23:34:09.055-0600] {example_python_decorator.py:80} WARNING - The virtalenv_python example task requires virtualenv, please install it.
[2024-12-06T23:34:09.060-0600] {processor.py:925} INFO - DAG(s) 'example_python_decorator' retrieved from /home/m9d9v9/PycharmProjects/Airflow-2/Airflow-2/.venv/lib/python3.10/site-packages/airflow/example_dags/example_python_decorator.py
[2024-12-06T23:34:09.082-0600] {logging_mixin.py:190} INFO - [2024-12-06T23:34:09.082-0600] {dag.py:3239} INFO - Sync 1 DAGs
[2024-12-06T23:34:09.089-0600] {logging_mixin.py:190} INFO - [2024-12-06T23:34:09.089-0600] {dag.py:4180} INFO - Setting next_dagrun for example_python_decorator to None, run_after=None
[2024-12-06T23:34:09.103-0600] {processor.py:208} INFO - Processing /home/m9d9v9/PycharmProjects/Airflow-2/Airflow-2/.venv/lib/python3.10/site-packages/airflow/example_dags/example_python_decorator.py took 0.085 seconds
[2024-12-06T23:35:08.858-0600] {processor.py:186} INFO - Started process (PID=18305) to work on /home/m9d9v9/PycharmProjects/Airflow-2/Airflow-2/.venv/lib/python3.10/site-packages/airflow/example_dags/example_python_decorator.py
[2024-12-06T23:35:08.862-0600] {processor.py:914} INFO - Processing file /home/m9d9v9/PycharmProjects/Airflow-2/Airflow-2/.venv/lib/python3.10/site-packages/airflow/example_dags/example_python_decorator.py for tasks to queue
[2024-12-06T23:35:08.864-0600] {logging_mixin.py:190} INFO - [2024-12-06T23:35:08.863-0600] {dagbag.py:588} INFO - Filling up the DagBag from /home/m9d9v9/PycharmProjects/Airflow-2/Airflow-2/.venv/lib/python3.10/site-packages/airflow/example_dags/example_python_decorator.py
[2024-12-06T23:35:08.882-0600] {logging_mixin.py:190} INFO - [2024-12-06T23:35:08.882-0600] {example_python_decorator.py:80} WARNING - The virtalenv_python example task requires virtualenv, please install it.
[2024-12-06T23:35:08.886-0600] {processor.py:925} INFO - DAG(s) 'example_python_decorator' retrieved from /home/m9d9v9/PycharmProjects/Airflow-2/Airflow-2/.venv/lib/python3.10/site-packages/airflow/example_dags/example_python_decorator.py
[2024-12-06T23:35:08.906-0600] {logging_mixin.py:190} INFO - [2024-12-06T23:35:08.906-0600] {dag.py:3239} INFO - Sync 1 DAGs
[2024-12-06T23:35:08.914-0600] {logging_mixin.py:190} INFO - [2024-12-06T23:35:08.914-0600] {dag.py:4180} INFO - Setting next_dagrun for example_python_decorator to None, run_after=None
[2024-12-06T23:35:08.926-0600] {processor.py:208} INFO - Processing /home/m9d9v9/PycharmProjects/Airflow-2/Airflow-2/.venv/lib/python3.10/site-packages/airflow/example_dags/example_python_decorator.py took 0.078 seconds
[2024-12-06T23:36:12.449-0600] {processor.py:186} INFO - Started process (PID=18379) to work on /home/m9d9v9/PycharmProjects/Airflow-2/Airflow-2/.venv/lib/python3.10/site-packages/airflow/example_dags/example_python_decorator.py
[2024-12-06T23:36:12.456-0600] {processor.py:914} INFO - Processing file /home/m9d9v9/PycharmProjects/Airflow-2/Airflow-2/.venv/lib/python3.10/site-packages/airflow/example_dags/example_python_decorator.py for tasks to queue
[2024-12-06T23:36:12.458-0600] {logging_mixin.py:190} INFO - [2024-12-06T23:36:12.458-0600] {dagbag.py:588} INFO - Filling up the DagBag from /home/m9d9v9/PycharmProjects/Airflow-2/Airflow-2/.venv/lib/python3.10/site-packages/airflow/example_dags/example_python_decorator.py
[2024-12-06T23:36:12.475-0600] {logging_mixin.py:190} INFO - [2024-12-06T23:36:12.475-0600] {example_python_decorator.py:80} WARNING - The virtalenv_python example task requires virtualenv, please install it.
[2024-12-06T23:36:12.479-0600] {processor.py:925} INFO - DAG(s) 'example_python_decorator' retrieved from /home/m9d9v9/PycharmProjects/Airflow-2/Airflow-2/.venv/lib/python3.10/site-packages/airflow/example_dags/example_python_decorator.py
[2024-12-06T23:36:12.498-0600] {logging_mixin.py:190} INFO - [2024-12-06T23:36:12.498-0600] {dag.py:3239} INFO - Sync 1 DAGs
[2024-12-06T23:36:12.506-0600] {logging_mixin.py:190} INFO - [2024-12-06T23:36:12.506-0600] {dag.py:4180} INFO - Setting next_dagrun for example_python_decorator to None, run_after=None
[2024-12-06T23:36:12.516-0600] {processor.py:208} INFO - Processing /home/m9d9v9/PycharmProjects/Airflow-2/Airflow-2/.venv/lib/python3.10/site-packages/airflow/example_dags/example_python_decorator.py took 0.079 seconds
[2024-12-06T23:37:13.755-0600] {processor.py:186} INFO - Started process (PID=18615) to work on /home/m9d9v9/PycharmProjects/Airflow-2/Airflow-2/.venv/lib/python3.10/site-packages/airflow/example_dags/example_python_decorator.py
[2024-12-06T23:37:13.763-0600] {processor.py:914} INFO - Processing file /home/m9d9v9/PycharmProjects/Airflow-2/Airflow-2/.venv/lib/python3.10/site-packages/airflow/example_dags/example_python_decorator.py for tasks to queue
[2024-12-06T23:37:13.766-0600] {logging_mixin.py:190} INFO - [2024-12-06T23:37:13.765-0600] {dagbag.py:588} INFO - Filling up the DagBag from /home/m9d9v9/PycharmProjects/Airflow-2/Airflow-2/.venv/lib/python3.10/site-packages/airflow/example_dags/example_python_decorator.py
[2024-12-06T23:37:13.792-0600] {logging_mixin.py:190} INFO - [2024-12-06T23:37:13.791-0600] {example_python_decorator.py:80} WARNING - The virtalenv_python example task requires virtualenv, please install it.
[2024-12-06T23:37:13.798-0600] {processor.py:925} INFO - DAG(s) 'example_python_decorator' retrieved from /home/m9d9v9/PycharmProjects/Airflow-2/Airflow-2/.venv/lib/python3.10/site-packages/airflow/example_dags/example_python_decorator.py
[2024-12-06T23:37:13.814-0600] {logging_mixin.py:190} INFO - [2024-12-06T23:37:13.814-0600] {dag.py:3239} INFO - Sync 1 DAGs
[2024-12-06T23:37:13.910-0600] {logging_mixin.py:190} INFO - [2024-12-06T23:37:13.910-0600] {dag.py:4180} INFO - Setting next_dagrun for example_python_decorator to None, run_after=None
[2024-12-06T23:37:13.927-0600] {processor.py:208} INFO - Processing /home/m9d9v9/PycharmProjects/Airflow-2/Airflow-2/.venv/lib/python3.10/site-packages/airflow/example_dags/example_python_decorator.py took 0.183 seconds
[2024-12-06T23:38:13.726-0600] {processor.py:186} INFO - Started process (PID=18785) to work on /home/m9d9v9/PycharmProjects/Airflow-2/Airflow-2/.venv/lib/python3.10/site-packages/airflow/example_dags/example_python_decorator.py
[2024-12-06T23:38:13.732-0600] {processor.py:914} INFO - Processing file /home/m9d9v9/PycharmProjects/Airflow-2/Airflow-2/.venv/lib/python3.10/site-packages/airflow/example_dags/example_python_decorator.py for tasks to queue
[2024-12-06T23:38:13.735-0600] {logging_mixin.py:190} INFO - [2024-12-06T23:38:13.734-0600] {dagbag.py:588} INFO - Filling up the DagBag from /home/m9d9v9/PycharmProjects/Airflow-2/Airflow-2/.venv/lib/python3.10/site-packages/airflow/example_dags/example_python_decorator.py
[2024-12-06T23:38:13.752-0600] {logging_mixin.py:190} INFO - [2024-12-06T23:38:13.752-0600] {example_python_decorator.py:80} WARNING - The virtalenv_python example task requires virtualenv, please install it.
[2024-12-06T23:38:13.757-0600] {processor.py:925} INFO - DAG(s) 'example_python_decorator' retrieved from /home/m9d9v9/PycharmProjects/Airflow-2/Airflow-2/.venv/lib/python3.10/site-packages/airflow/example_dags/example_python_decorator.py
[2024-12-06T23:38:13.778-0600] {logging_mixin.py:190} INFO - [2024-12-06T23:38:13.778-0600] {dag.py:3239} INFO - Sync 1 DAGs
[2024-12-06T23:38:13.785-0600] {logging_mixin.py:190} INFO - [2024-12-06T23:38:13.785-0600] {dag.py:4180} INFO - Setting next_dagrun for example_python_decorator to None, run_after=None
[2024-12-06T23:38:13.796-0600] {processor.py:208} INFO - Processing /home/m9d9v9/PycharmProjects/Airflow-2/Airflow-2/.venv/lib/python3.10/site-packages/airflow/example_dags/example_python_decorator.py took 0.081 seconds
[2024-12-06T23:39:20.112-0600] {processor.py:186} INFO - Started process (PID=18964) to work on /home/m9d9v9/PycharmProjects/Airflow-2/Airflow-2/.venv/lib/python3.10/site-packages/airflow/example_dags/example_python_decorator.py
[2024-12-06T23:39:20.118-0600] {processor.py:914} INFO - Processing file /home/m9d9v9/PycharmProjects/Airflow-2/Airflow-2/.venv/lib/python3.10/site-packages/airflow/example_dags/example_python_decorator.py for tasks to queue
[2024-12-06T23:39:20.119-0600] {logging_mixin.py:190} INFO - [2024-12-06T23:39:20.119-0600] {dagbag.py:588} INFO - Filling up the DagBag from /home/m9d9v9/PycharmProjects/Airflow-2/Airflow-2/.venv/lib/python3.10/site-packages/airflow/example_dags/example_python_decorator.py
[2024-12-06T23:39:20.127-0600] {logging_mixin.py:190} INFO - [2024-12-06T23:39:20.127-0600] {example_python_decorator.py:80} WARNING - The virtalenv_python example task requires virtualenv, please install it.
[2024-12-06T23:39:20.129-0600] {processor.py:925} INFO - DAG(s) 'example_python_decorator' retrieved from /home/m9d9v9/PycharmProjects/Airflow-2/Airflow-2/.venv/lib/python3.10/site-packages/airflow/example_dags/example_python_decorator.py
[2024-12-06T23:39:20.146-0600] {logging_mixin.py:190} INFO - [2024-12-06T23:39:20.145-0600] {dag.py:3239} INFO - Sync 1 DAGs
[2024-12-06T23:39:20.159-0600] {logging_mixin.py:190} INFO - [2024-12-06T23:39:20.159-0600] {dag.py:4180} INFO - Setting next_dagrun for example_python_decorator to None, run_after=None
[2024-12-06T23:39:20.176-0600] {processor.py:208} INFO - Processing /home/m9d9v9/PycharmProjects/Airflow-2/Airflow-2/.venv/lib/python3.10/site-packages/airflow/example_dags/example_python_decorator.py took 0.071 seconds
[2024-12-06T23:40:17.434-0600] {processor.py:186} INFO - Started process (PID=19225) to work on /home/m9d9v9/PycharmProjects/Airflow-2/Airflow-2/.venv/lib/python3.10/site-packages/airflow/example_dags/example_python_decorator.py
[2024-12-06T23:40:17.435-0600] {processor.py:914} INFO - Processing file /home/m9d9v9/PycharmProjects/Airflow-2/Airflow-2/.venv/lib/python3.10/site-packages/airflow/example_dags/example_python_decorator.py for tasks to queue
[2024-12-06T23:40:17.436-0600] {logging_mixin.py:190} INFO - [2024-12-06T23:40:17.435-0600] {dagbag.py:588} INFO - Filling up the DagBag from /home/m9d9v9/PycharmProjects/Airflow-2/Airflow-2/.venv/lib/python3.10/site-packages/airflow/example_dags/example_python_decorator.py
[2024-12-06T23:40:17.442-0600] {logging_mixin.py:190} INFO - [2024-12-06T23:40:17.442-0600] {example_python_decorator.py:80} WARNING - The virtalenv_python example task requires virtualenv, please install it.
[2024-12-06T23:40:17.443-0600] {processor.py:925} INFO - DAG(s) 'example_python_decorator' retrieved from /home/m9d9v9/PycharmProjects/Airflow-2/Airflow-2/.venv/lib/python3.10/site-packages/airflow/example_dags/example_python_decorator.py
[2024-12-06T23:40:17.455-0600] {logging_mixin.py:190} INFO - [2024-12-06T23:40:17.455-0600] {dag.py:3239} INFO - Sync 1 DAGs
[2024-12-06T23:40:17.463-0600] {logging_mixin.py:190} INFO - [2024-12-06T23:40:17.463-0600] {dag.py:4180} INFO - Setting next_dagrun for example_python_decorator to None, run_after=None
[2024-12-06T23:40:17.476-0600] {processor.py:208} INFO - Processing /home/m9d9v9/PycharmProjects/Airflow-2/Airflow-2/.venv/lib/python3.10/site-packages/airflow/example_dags/example_python_decorator.py took 0.048 seconds
[2024-12-06T23:41:13.873-0600] {processor.py:186} INFO - Started process (PID=19319) to work on /home/m9d9v9/PycharmProjects/Airflow-2/Airflow-2/.venv/lib/python3.10/site-packages/airflow/example_dags/example_python_decorator.py
[2024-12-06T23:41:13.879-0600] {processor.py:914} INFO - Processing file /home/m9d9v9/PycharmProjects/Airflow-2/Airflow-2/.venv/lib/python3.10/site-packages/airflow/example_dags/example_python_decorator.py for tasks to queue
[2024-12-06T23:41:13.880-0600] {logging_mixin.py:190} INFO - [2024-12-06T23:41:13.880-0600] {dagbag.py:588} INFO - Filling up the DagBag from /home/m9d9v9/PycharmProjects/Airflow-2/Airflow-2/.venv/lib/python3.10/site-packages/airflow/example_dags/example_python_decorator.py
[2024-12-06T23:41:13.891-0600] {logging_mixin.py:190} INFO - [2024-12-06T23:41:13.891-0600] {example_python_decorator.py:80} WARNING - The virtalenv_python example task requires virtualenv, please install it.
[2024-12-06T23:41:13.894-0600] {processor.py:925} INFO - DAG(s) 'example_python_decorator' retrieved from /home/m9d9v9/PycharmProjects/Airflow-2/Airflow-2/.venv/lib/python3.10/site-packages/airflow/example_dags/example_python_decorator.py
[2024-12-06T23:41:13.911-0600] {logging_mixin.py:190} INFO - [2024-12-06T23:41:13.911-0600] {dag.py:3239} INFO - Sync 1 DAGs
[2024-12-06T23:41:13.926-0600] {logging_mixin.py:190} INFO - [2024-12-06T23:41:13.926-0600] {dag.py:4180} INFO - Setting next_dagrun for example_python_decorator to None, run_after=None
[2024-12-06T23:41:13.939-0600] {processor.py:208} INFO - Processing /home/m9d9v9/PycharmProjects/Airflow-2/Airflow-2/.venv/lib/python3.10/site-packages/airflow/example_dags/example_python_decorator.py took 0.073 seconds
