[2024-12-06T22:19:04.213-0600] {processor.py:186} INFO - Started process (PID=12508) to work on /home/m9d9v9/PycharmProjects/Airflow-2/Airflow-2/.venv/lib/python3.10/site-packages/airflow/example_dags/example_params_ui_tutorial.py
[2024-12-06T22:19:04.214-0600] {processor.py:914} INFO - Processing file /home/m9d9v9/PycharmProjects/Airflow-2/Airflow-2/.venv/lib/python3.10/site-packages/airflow/example_dags/example_params_ui_tutorial.py for tasks to queue
[2024-12-06T22:19:04.216-0600] {logging_mixin.py:190} INFO - [2024-12-06T22:19:04.216-0600] {dagbag.py:588} INFO - Filling up the DagBag from /home/m9d9v9/PycharmProjects/Airflow-2/Airflow-2/.venv/lib/python3.10/site-packages/airflow/example_dags/example_params_ui_tutorial.py
[2024-12-06T22:19:04.224-0600] {processor.py:925} INFO - DAG(s) 'example_params_ui_tutorial' retrieved from /home/m9d9v9/PycharmProjects/Airflow-2/Airflow-2/.venv/lib/python3.10/site-packages/airflow/example_dags/example_params_ui_tutorial.py
[2024-12-06T22:19:04.313-0600] {logging_mixin.py:190} INFO - [2024-12-06T22:19:04.312-0600] {override.py:1911} INFO - Created Permission View: can edit on DAG:example_params_ui_tutorial
[2024-12-06T22:19:04.320-0600] {logging_mixin.py:190} INFO - [2024-12-06T22:19:04.319-0600] {override.py:1911} INFO - Created Permission View: can read on DAG:example_params_ui_tutorial
[2024-12-06T22:19:04.324-0600] {logging_mixin.py:190} INFO - [2024-12-06T22:19:04.324-0600] {override.py:1911} INFO - Created Permission View: can delete on DAG:example_params_ui_tutorial
[2024-12-06T22:19:04.332-0600] {logging_mixin.py:190} INFO - [2024-12-06T22:19:04.332-0600] {override.py:1911} INFO - Created Permission View: menu access on DAG Run:example_params_ui_tutorial
[2024-12-06T22:19:04.337-0600] {logging_mixin.py:190} INFO - [2024-12-06T22:19:04.337-0600] {override.py:1911} INFO - Created Permission View: can create on DAG Run:example_params_ui_tutorial
[2024-12-06T22:19:04.341-0600] {logging_mixin.py:190} INFO - [2024-12-06T22:19:04.341-0600] {override.py:1911} INFO - Created Permission View: can read on DAG Run:example_params_ui_tutorial
[2024-12-06T22:19:04.346-0600] {logging_mixin.py:190} INFO - [2024-12-06T22:19:04.345-0600] {override.py:1911} INFO - Created Permission View: can delete on DAG Run:example_params_ui_tutorial
[2024-12-06T22:19:04.346-0600] {logging_mixin.py:190} INFO - [2024-12-06T22:19:04.346-0600] {dag.py:3239} INFO - Sync 1 DAGs
[2024-12-06T22:19:04.354-0600] {logging_mixin.py:190} INFO - [2024-12-06T22:19:04.354-0600] {dag.py:3262} INFO - Creating ORM DAG for example_params_ui_tutorial
[2024-12-06T22:19:04.354-0600] {logging_mixin.py:190} INFO - [2024-12-06T22:19:04.354-0600] {dag.py:4180} INFO - Setting next_dagrun for example_params_ui_tutorial to None, run_after=None
[2024-12-06T22:19:04.365-0600] {processor.py:208} INFO - Processing /home/m9d9v9/PycharmProjects/Airflow-2/Airflow-2/.venv/lib/python3.10/site-packages/airflow/example_dags/example_params_ui_tutorial.py took 0.157 seconds
[2024-12-06T22:20:04.211-0600] {processor.py:186} INFO - Started process (PID=12619) to work on /home/m9d9v9/PycharmProjects/Airflow-2/Airflow-2/.venv/lib/python3.10/site-packages/airflow/example_dags/example_params_ui_tutorial.py
[2024-12-06T22:20:04.214-0600] {processor.py:914} INFO - Processing file /home/m9d9v9/PycharmProjects/Airflow-2/Airflow-2/.venv/lib/python3.10/site-packages/airflow/example_dags/example_params_ui_tutorial.py for tasks to queue
[2024-12-06T22:20:04.217-0600] {logging_mixin.py:190} INFO - [2024-12-06T22:20:04.216-0600] {dagbag.py:588} INFO - Filling up the DagBag from /home/m9d9v9/PycharmProjects/Airflow-2/Airflow-2/.venv/lib/python3.10/site-packages/airflow/example_dags/example_params_ui_tutorial.py
[2024-12-06T22:20:04.235-0600] {processor.py:925} INFO - DAG(s) 'example_params_ui_tutorial' retrieved from /home/m9d9v9/PycharmProjects/Airflow-2/Airflow-2/.venv/lib/python3.10/site-packages/airflow/example_dags/example_params_ui_tutorial.py
[2024-12-06T22:20:04.273-0600] {logging_mixin.py:190} INFO - [2024-12-06T22:20:04.272-0600] {dag.py:3239} INFO - Sync 1 DAGs
[2024-12-06T22:20:04.282-0600] {logging_mixin.py:190} INFO - [2024-12-06T22:20:04.282-0600] {dag.py:4180} INFO - Setting next_dagrun for example_params_ui_tutorial to None, run_after=None
[2024-12-06T22:20:04.299-0600] {processor.py:208} INFO - Processing /home/m9d9v9/PycharmProjects/Airflow-2/Airflow-2/.venv/lib/python3.10/site-packages/airflow/example_dags/example_params_ui_tutorial.py took 0.095 seconds
[2024-12-06T22:20:58.914-0600] {processor.py:186} INFO - Started process (PID=12700) to work on /home/m9d9v9/PycharmProjects/Airflow-2/Airflow-2/.venv/lib/python3.10/site-packages/airflow/example_dags/example_params_ui_tutorial.py
[2024-12-06T22:20:58.923-0600] {processor.py:914} INFO - Processing file /home/m9d9v9/PycharmProjects/Airflow-2/Airflow-2/.venv/lib/python3.10/site-packages/airflow/example_dags/example_params_ui_tutorial.py for tasks to queue
[2024-12-06T22:20:58.928-0600] {logging_mixin.py:190} INFO - [2024-12-06T22:20:58.927-0600] {dagbag.py:588} INFO - Filling up the DagBag from /home/m9d9v9/PycharmProjects/Airflow-2/Airflow-2/.venv/lib/python3.10/site-packages/airflow/example_dags/example_params_ui_tutorial.py
[2024-12-06T22:20:58.956-0600] {processor.py:925} INFO - DAG(s) 'example_params_ui_tutorial' retrieved from /home/m9d9v9/PycharmProjects/Airflow-2/Airflow-2/.venv/lib/python3.10/site-packages/airflow/example_dags/example_params_ui_tutorial.py
[2024-12-06T22:20:59.009-0600] {logging_mixin.py:190} INFO - [2024-12-06T22:20:59.009-0600] {dag.py:3239} INFO - Sync 1 DAGs
[2024-12-06T22:20:59.026-0600] {logging_mixin.py:190} INFO - [2024-12-06T22:20:59.025-0600] {dag.py:4180} INFO - Setting next_dagrun for example_params_ui_tutorial to None, run_after=None
[2024-12-06T22:20:59.054-0600] {processor.py:208} INFO - Processing /home/m9d9v9/PycharmProjects/Airflow-2/Airflow-2/.venv/lib/python3.10/site-packages/airflow/example_dags/example_params_ui_tutorial.py took 0.153 seconds
[2024-12-06T22:21:57.795-0600] {processor.py:186} INFO - Started process (PID=12777) to work on /home/m9d9v9/PycharmProjects/Airflow-2/Airflow-2/.venv/lib/python3.10/site-packages/airflow/example_dags/example_params_ui_tutorial.py
[2024-12-06T22:21:57.801-0600] {processor.py:914} INFO - Processing file /home/m9d9v9/PycharmProjects/Airflow-2/Airflow-2/.venv/lib/python3.10/site-packages/airflow/example_dags/example_params_ui_tutorial.py for tasks to queue
[2024-12-06T22:21:57.802-0600] {logging_mixin.py:190} INFO - [2024-12-06T22:21:57.802-0600] {dagbag.py:588} INFO - Filling up the DagBag from /home/m9d9v9/PycharmProjects/Airflow-2/Airflow-2/.venv/lib/python3.10/site-packages/airflow/example_dags/example_params_ui_tutorial.py
[2024-12-06T22:21:57.809-0600] {processor.py:925} INFO - DAG(s) 'example_params_ui_tutorial' retrieved from /home/m9d9v9/PycharmProjects/Airflow-2/Airflow-2/.venv/lib/python3.10/site-packages/airflow/example_dags/example_params_ui_tutorial.py
[2024-12-06T22:21:57.841-0600] {logging_mixin.py:190} INFO - [2024-12-06T22:21:57.841-0600] {dag.py:3239} INFO - Sync 1 DAGs
[2024-12-06T22:21:57.849-0600] {logging_mixin.py:190} INFO - [2024-12-06T22:21:57.849-0600] {dag.py:4180} INFO - Setting next_dagrun for example_params_ui_tutorial to None, run_after=None
[2024-12-06T22:21:57.862-0600] {processor.py:208} INFO - Processing /home/m9d9v9/PycharmProjects/Airflow-2/Airflow-2/.venv/lib/python3.10/site-packages/airflow/example_dags/example_params_ui_tutorial.py took 0.071 seconds
[2024-12-06T22:23:15.433-0600] {processor.py:186} INFO - Started process (PID=12939) to work on /home/m9d9v9/PycharmProjects/Airflow-2/Airflow-2/.venv/lib/python3.10/site-packages/airflow/example_dags/example_params_ui_tutorial.py
[2024-12-06T22:23:15.440-0600] {processor.py:914} INFO - Processing file /home/m9d9v9/PycharmProjects/Airflow-2/Airflow-2/.venv/lib/python3.10/site-packages/airflow/example_dags/example_params_ui_tutorial.py for tasks to queue
[2024-12-06T22:23:15.444-0600] {logging_mixin.py:190} INFO - [2024-12-06T22:23:15.444-0600] {dagbag.py:588} INFO - Filling up the DagBag from /home/m9d9v9/PycharmProjects/Airflow-2/Airflow-2/.venv/lib/python3.10/site-packages/airflow/example_dags/example_params_ui_tutorial.py
[2024-12-06T22:23:15.463-0600] {processor.py:925} INFO - DAG(s) 'example_params_ui_tutorial' retrieved from /home/m9d9v9/PycharmProjects/Airflow-2/Airflow-2/.venv/lib/python3.10/site-packages/airflow/example_dags/example_params_ui_tutorial.py
[2024-12-06T22:23:15.501-0600] {logging_mixin.py:190} INFO - [2024-12-06T22:23:15.501-0600] {dag.py:3239} INFO - Sync 1 DAGs
[2024-12-06T22:23:15.509-0600] {logging_mixin.py:190} INFO - [2024-12-06T22:23:15.509-0600] {dag.py:4180} INFO - Setting next_dagrun for example_params_ui_tutorial to None, run_after=None
[2024-12-06T22:23:15.522-0600] {processor.py:208} INFO - Processing /home/m9d9v9/PycharmProjects/Airflow-2/Airflow-2/.venv/lib/python3.10/site-packages/airflow/example_dags/example_params_ui_tutorial.py took 0.101 seconds
[2024-12-06T22:24:12.263-0600] {processor.py:186} INFO - Started process (PID=13009) to work on /home/m9d9v9/PycharmProjects/Airflow-2/Airflow-2/.venv/lib/python3.10/site-packages/airflow/example_dags/example_params_ui_tutorial.py
[2024-12-06T22:24:12.270-0600] {processor.py:914} INFO - Processing file /home/m9d9v9/PycharmProjects/Airflow-2/Airflow-2/.venv/lib/python3.10/site-packages/airflow/example_dags/example_params_ui_tutorial.py for tasks to queue
[2024-12-06T22:24:12.272-0600] {logging_mixin.py:190} INFO - [2024-12-06T22:24:12.271-0600] {dagbag.py:588} INFO - Filling up the DagBag from /home/m9d9v9/PycharmProjects/Airflow-2/Airflow-2/.venv/lib/python3.10/site-packages/airflow/example_dags/example_params_ui_tutorial.py
[2024-12-06T22:24:12.279-0600] {processor.py:925} INFO - DAG(s) 'example_params_ui_tutorial' retrieved from /home/m9d9v9/PycharmProjects/Airflow-2/Airflow-2/.venv/lib/python3.10/site-packages/airflow/example_dags/example_params_ui_tutorial.py
[2024-12-06T22:24:12.310-0600] {logging_mixin.py:190} INFO - [2024-12-06T22:24:12.310-0600] {dag.py:3239} INFO - Sync 1 DAGs
[2024-12-06T22:24:12.319-0600] {logging_mixin.py:190} INFO - [2024-12-06T22:24:12.319-0600] {dag.py:4180} INFO - Setting next_dagrun for example_params_ui_tutorial to None, run_after=None
[2024-12-06T22:24:12.333-0600] {processor.py:208} INFO - Processing /home/m9d9v9/PycharmProjects/Airflow-2/Airflow-2/.venv/lib/python3.10/site-packages/airflow/example_dags/example_params_ui_tutorial.py took 0.075 seconds
[2024-12-06T22:25:08.560-0600] {processor.py:186} INFO - Started process (PID=13097) to work on /home/m9d9v9/PycharmProjects/Airflow-2/Airflow-2/.venv/lib/python3.10/site-packages/airflow/example_dags/example_params_ui_tutorial.py
[2024-12-06T22:25:08.566-0600] {processor.py:914} INFO - Processing file /home/m9d9v9/PycharmProjects/Airflow-2/Airflow-2/.venv/lib/python3.10/site-packages/airflow/example_dags/example_params_ui_tutorial.py for tasks to queue
[2024-12-06T22:25:08.569-0600] {logging_mixin.py:190} INFO - [2024-12-06T22:25:08.568-0600] {dagbag.py:588} INFO - Filling up the DagBag from /home/m9d9v9/PycharmProjects/Airflow-2/Airflow-2/.venv/lib/python3.10/site-packages/airflow/example_dags/example_params_ui_tutorial.py
[2024-12-06T22:25:08.585-0600] {processor.py:925} INFO - DAG(s) 'example_params_ui_tutorial' retrieved from /home/m9d9v9/PycharmProjects/Airflow-2/Airflow-2/.venv/lib/python3.10/site-packages/airflow/example_dags/example_params_ui_tutorial.py
[2024-12-06T22:25:08.630-0600] {logging_mixin.py:190} INFO - [2024-12-06T22:25:08.630-0600] {dag.py:3239} INFO - Sync 1 DAGs
[2024-12-06T22:25:08.638-0600] {logging_mixin.py:190} INFO - [2024-12-06T22:25:08.638-0600] {dag.py:4180} INFO - Setting next_dagrun for example_params_ui_tutorial to None, run_after=None
[2024-12-06T22:25:08.650-0600] {processor.py:208} INFO - Processing /home/m9d9v9/PycharmProjects/Airflow-2/Airflow-2/.venv/lib/python3.10/site-packages/airflow/example_dags/example_params_ui_tutorial.py took 0.095 seconds
[2024-12-06T22:26:05.380-0600] {processor.py:186} INFO - Started process (PID=13176) to work on /home/m9d9v9/PycharmProjects/Airflow-2/Airflow-2/.venv/lib/python3.10/site-packages/airflow/example_dags/example_params_ui_tutorial.py
[2024-12-06T22:26:05.382-0600] {processor.py:914} INFO - Processing file /home/m9d9v9/PycharmProjects/Airflow-2/Airflow-2/.venv/lib/python3.10/site-packages/airflow/example_dags/example_params_ui_tutorial.py for tasks to queue
[2024-12-06T22:26:05.383-0600] {logging_mixin.py:190} INFO - [2024-12-06T22:26:05.382-0600] {dagbag.py:588} INFO - Filling up the DagBag from /home/m9d9v9/PycharmProjects/Airflow-2/Airflow-2/.venv/lib/python3.10/site-packages/airflow/example_dags/example_params_ui_tutorial.py
[2024-12-06T22:26:05.395-0600] {processor.py:925} INFO - DAG(s) 'example_params_ui_tutorial' retrieved from /home/m9d9v9/PycharmProjects/Airflow-2/Airflow-2/.venv/lib/python3.10/site-packages/airflow/example_dags/example_params_ui_tutorial.py
[2024-12-06T22:26:05.435-0600] {logging_mixin.py:190} INFO - [2024-12-06T22:26:05.435-0600] {dag.py:3239} INFO - Sync 1 DAGs
[2024-12-06T22:26:05.444-0600] {logging_mixin.py:190} INFO - [2024-12-06T22:26:05.444-0600] {dag.py:4180} INFO - Setting next_dagrun for example_params_ui_tutorial to None, run_after=None
[2024-12-06T22:26:05.456-0600] {processor.py:208} INFO - Processing /home/m9d9v9/PycharmProjects/Airflow-2/Airflow-2/.venv/lib/python3.10/site-packages/airflow/example_dags/example_params_ui_tutorial.py took 0.085 seconds
[2024-12-06T22:27:02.429-0600] {processor.py:186} INFO - Started process (PID=13254) to work on /home/m9d9v9/PycharmProjects/Airflow-2/Airflow-2/.venv/lib/python3.10/site-packages/airflow/example_dags/example_params_ui_tutorial.py
[2024-12-06T22:27:02.435-0600] {processor.py:914} INFO - Processing file /home/m9d9v9/PycharmProjects/Airflow-2/Airflow-2/.venv/lib/python3.10/site-packages/airflow/example_dags/example_params_ui_tutorial.py for tasks to queue
[2024-12-06T22:27:02.436-0600] {logging_mixin.py:190} INFO - [2024-12-06T22:27:02.436-0600] {dagbag.py:588} INFO - Filling up the DagBag from /home/m9d9v9/PycharmProjects/Airflow-2/Airflow-2/.venv/lib/python3.10/site-packages/airflow/example_dags/example_params_ui_tutorial.py
[2024-12-06T22:27:02.444-0600] {processor.py:925} INFO - DAG(s) 'example_params_ui_tutorial' retrieved from /home/m9d9v9/PycharmProjects/Airflow-2/Airflow-2/.venv/lib/python3.10/site-packages/airflow/example_dags/example_params_ui_tutorial.py
[2024-12-06T22:27:02.496-0600] {logging_mixin.py:190} INFO - [2024-12-06T22:27:02.495-0600] {dag.py:3239} INFO - Sync 1 DAGs
[2024-12-06T22:27:02.503-0600] {logging_mixin.py:190} INFO - [2024-12-06T22:27:02.503-0600] {dag.py:4180} INFO - Setting next_dagrun for example_params_ui_tutorial to None, run_after=None
[2024-12-06T22:27:02.515-0600] {processor.py:208} INFO - Processing /home/m9d9v9/PycharmProjects/Airflow-2/Airflow-2/.venv/lib/python3.10/site-packages/airflow/example_dags/example_params_ui_tutorial.py took 0.090 seconds
[2024-12-06T22:37:22.999-0600] {processor.py:186} INFO - Started process (PID=14643) to work on /home/m9d9v9/PycharmProjects/Airflow-2/Airflow-2/.venv/lib/python3.10/site-packages/airflow/example_dags/example_params_ui_tutorial.py
[2024-12-06T22:37:23.007-0600] {processor.py:914} INFO - Processing file /home/m9d9v9/PycharmProjects/Airflow-2/Airflow-2/.venv/lib/python3.10/site-packages/airflow/example_dags/example_params_ui_tutorial.py for tasks to queue
[2024-12-06T22:37:23.011-0600] {logging_mixin.py:190} INFO - [2024-12-06T22:37:23.010-0600] {dagbag.py:588} INFO - Filling up the DagBag from /home/m9d9v9/PycharmProjects/Airflow-2/Airflow-2/.venv/lib/python3.10/site-packages/airflow/example_dags/example_params_ui_tutorial.py
[2024-12-06T22:37:23.031-0600] {processor.py:925} INFO - DAG(s) 'example_params_ui_tutorial' retrieved from /home/m9d9v9/PycharmProjects/Airflow-2/Airflow-2/.venv/lib/python3.10/site-packages/airflow/example_dags/example_params_ui_tutorial.py
[2024-12-06T22:37:23.070-0600] {logging_mixin.py:190} INFO - [2024-12-06T22:37:23.069-0600] {dag.py:3239} INFO - Sync 1 DAGs
[2024-12-06T22:37:23.079-0600] {logging_mixin.py:190} INFO - [2024-12-06T22:37:23.078-0600] {dag.py:4180} INFO - Setting next_dagrun for example_params_ui_tutorial to None, run_after=None
[2024-12-06T22:37:23.092-0600] {processor.py:208} INFO - Processing /home/m9d9v9/PycharmProjects/Airflow-2/Airflow-2/.venv/lib/python3.10/site-packages/airflow/example_dags/example_params_ui_tutorial.py took 0.105 seconds
[2024-12-06T22:38:20.484-0600] {processor.py:186} INFO - Started process (PID=14748) to work on /home/m9d9v9/PycharmProjects/Airflow-2/Airflow-2/.venv/lib/python3.10/site-packages/airflow/example_dags/example_params_ui_tutorial.py
[2024-12-06T22:38:20.491-0600] {processor.py:914} INFO - Processing file /home/m9d9v9/PycharmProjects/Airflow-2/Airflow-2/.venv/lib/python3.10/site-packages/airflow/example_dags/example_params_ui_tutorial.py for tasks to queue
[2024-12-06T22:38:20.493-0600] {logging_mixin.py:190} INFO - [2024-12-06T22:38:20.493-0600] {dagbag.py:588} INFO - Filling up the DagBag from /home/m9d9v9/PycharmProjects/Airflow-2/Airflow-2/.venv/lib/python3.10/site-packages/airflow/example_dags/example_params_ui_tutorial.py
[2024-12-06T22:38:20.501-0600] {processor.py:925} INFO - DAG(s) 'example_params_ui_tutorial' retrieved from /home/m9d9v9/PycharmProjects/Airflow-2/Airflow-2/.venv/lib/python3.10/site-packages/airflow/example_dags/example_params_ui_tutorial.py
[2024-12-06T22:38:20.531-0600] {logging_mixin.py:190} INFO - [2024-12-06T22:38:20.530-0600] {dag.py:3239} INFO - Sync 1 DAGs
[2024-12-06T22:38:20.539-0600] {logging_mixin.py:190} INFO - [2024-12-06T22:38:20.539-0600] {dag.py:4180} INFO - Setting next_dagrun for example_params_ui_tutorial to None, run_after=None
[2024-12-06T22:38:20.551-0600] {processor.py:208} INFO - Processing /home/m9d9v9/PycharmProjects/Airflow-2/Airflow-2/.venv/lib/python3.10/site-packages/airflow/example_dags/example_params_ui_tutorial.py took 0.071 seconds
[2024-12-06T22:39:19.751-0600] {processor.py:186} INFO - Started process (PID=14881) to work on /home/m9d9v9/PycharmProjects/Airflow-2/Airflow-2/.venv/lib/python3.10/site-packages/airflow/example_dags/example_params_ui_tutorial.py
[2024-12-06T22:39:19.757-0600] {processor.py:914} INFO - Processing file /home/m9d9v9/PycharmProjects/Airflow-2/Airflow-2/.venv/lib/python3.10/site-packages/airflow/example_dags/example_params_ui_tutorial.py for tasks to queue
[2024-12-06T22:39:19.759-0600] {logging_mixin.py:190} INFO - [2024-12-06T22:39:19.759-0600] {dagbag.py:588} INFO - Filling up the DagBag from /home/m9d9v9/PycharmProjects/Airflow-2/Airflow-2/.venv/lib/python3.10/site-packages/airflow/example_dags/example_params_ui_tutorial.py
[2024-12-06T22:39:19.767-0600] {processor.py:925} INFO - DAG(s) 'example_params_ui_tutorial' retrieved from /home/m9d9v9/PycharmProjects/Airflow-2/Airflow-2/.venv/lib/python3.10/site-packages/airflow/example_dags/example_params_ui_tutorial.py
[2024-12-06T22:39:19.800-0600] {logging_mixin.py:190} INFO - [2024-12-06T22:39:19.800-0600] {dag.py:3239} INFO - Sync 1 DAGs
[2024-12-06T22:39:19.809-0600] {logging_mixin.py:190} INFO - [2024-12-06T22:39:19.809-0600] {dag.py:4180} INFO - Setting next_dagrun for example_params_ui_tutorial to None, run_after=None
[2024-12-06T22:39:19.822-0600] {processor.py:208} INFO - Processing /home/m9d9v9/PycharmProjects/Airflow-2/Airflow-2/.venv/lib/python3.10/site-packages/airflow/example_dags/example_params_ui_tutorial.py took 0.076 seconds
[2024-12-06T22:40:19.397-0600] {processor.py:186} INFO - Started process (PID=15046) to work on /home/m9d9v9/PycharmProjects/Airflow-2/Airflow-2/.venv/lib/python3.10/site-packages/airflow/example_dags/example_params_ui_tutorial.py
[2024-12-06T22:40:19.404-0600] {processor.py:914} INFO - Processing file /home/m9d9v9/PycharmProjects/Airflow-2/Airflow-2/.venv/lib/python3.10/site-packages/airflow/example_dags/example_params_ui_tutorial.py for tasks to queue
[2024-12-06T22:40:19.410-0600] {logging_mixin.py:190} INFO - [2024-12-06T22:40:19.410-0600] {dagbag.py:588} INFO - Filling up the DagBag from /home/m9d9v9/PycharmProjects/Airflow-2/Airflow-2/.venv/lib/python3.10/site-packages/airflow/example_dags/example_params_ui_tutorial.py
[2024-12-06T22:40:19.420-0600] {processor.py:925} INFO - DAG(s) 'example_params_ui_tutorial' retrieved from /home/m9d9v9/PycharmProjects/Airflow-2/Airflow-2/.venv/lib/python3.10/site-packages/airflow/example_dags/example_params_ui_tutorial.py
[2024-12-06T22:40:19.452-0600] {logging_mixin.py:190} INFO - [2024-12-06T22:40:19.452-0600] {dag.py:3239} INFO - Sync 1 DAGs
[2024-12-06T22:40:19.463-0600] {logging_mixin.py:190} INFO - [2024-12-06T22:40:19.462-0600] {dag.py:4180} INFO - Setting next_dagrun for example_params_ui_tutorial to None, run_after=None
[2024-12-06T22:40:19.476-0600] {processor.py:208} INFO - Processing /home/m9d9v9/PycharmProjects/Airflow-2/Airflow-2/.venv/lib/python3.10/site-packages/airflow/example_dags/example_params_ui_tutorial.py took 0.091 seconds
[2024-12-06T22:41:20.617-0600] {processor.py:186} INFO - Started process (PID=15168) to work on /home/m9d9v9/PycharmProjects/Airflow-2/Airflow-2/.venv/lib/python3.10/site-packages/airflow/example_dags/example_params_ui_tutorial.py
[2024-12-06T22:41:20.619-0600] {processor.py:914} INFO - Processing file /home/m9d9v9/PycharmProjects/Airflow-2/Airflow-2/.venv/lib/python3.10/site-packages/airflow/example_dags/example_params_ui_tutorial.py for tasks to queue
[2024-12-06T22:41:20.621-0600] {logging_mixin.py:190} INFO - [2024-12-06T22:41:20.620-0600] {dagbag.py:588} INFO - Filling up the DagBag from /home/m9d9v9/PycharmProjects/Airflow-2/Airflow-2/.venv/lib/python3.10/site-packages/airflow/example_dags/example_params_ui_tutorial.py
[2024-12-06T22:41:20.631-0600] {processor.py:925} INFO - DAG(s) 'example_params_ui_tutorial' retrieved from /home/m9d9v9/PycharmProjects/Airflow-2/Airflow-2/.venv/lib/python3.10/site-packages/airflow/example_dags/example_params_ui_tutorial.py
[2024-12-06T22:41:20.674-0600] {logging_mixin.py:190} INFO - [2024-12-06T22:41:20.673-0600] {dag.py:3239} INFO - Sync 1 DAGs
[2024-12-06T22:41:20.682-0600] {logging_mixin.py:190} INFO - [2024-12-06T22:41:20.682-0600] {dag.py:4180} INFO - Setting next_dagrun for example_params_ui_tutorial to None, run_after=None
[2024-12-06T22:41:20.695-0600] {processor.py:208} INFO - Processing /home/m9d9v9/PycharmProjects/Airflow-2/Airflow-2/.venv/lib/python3.10/site-packages/airflow/example_dags/example_params_ui_tutorial.py took 0.087 seconds
[2024-12-06T23:25:30.223-0600] {processor.py:186} INFO - Started process (PID=17316) to work on /home/m9d9v9/PycharmProjects/Airflow-2/Airflow-2/.venv/lib/python3.10/site-packages/airflow/example_dags/example_params_ui_tutorial.py
[2024-12-06T23:25:30.224-0600] {processor.py:914} INFO - Processing file /home/m9d9v9/PycharmProjects/Airflow-2/Airflow-2/.venv/lib/python3.10/site-packages/airflow/example_dags/example_params_ui_tutorial.py for tasks to queue
[2024-12-06T23:25:30.226-0600] {logging_mixin.py:190} INFO - [2024-12-06T23:25:30.226-0600] {dagbag.py:588} INFO - Filling up the DagBag from /home/m9d9v9/PycharmProjects/Airflow-2/Airflow-2/.venv/lib/python3.10/site-packages/airflow/example_dags/example_params_ui_tutorial.py
[2024-12-06T23:25:30.233-0600] {processor.py:925} INFO - DAG(s) 'example_params_ui_tutorial' retrieved from /home/m9d9v9/PycharmProjects/Airflow-2/Airflow-2/.venv/lib/python3.10/site-packages/airflow/example_dags/example_params_ui_tutorial.py
[2024-12-06T23:25:30.263-0600] {logging_mixin.py:190} INFO - [2024-12-06T23:25:30.263-0600] {dag.py:3239} INFO - Sync 1 DAGs
[2024-12-06T23:25:30.273-0600] {logging_mixin.py:190} INFO - [2024-12-06T23:25:30.273-0600] {dag.py:4180} INFO - Setting next_dagrun for example_params_ui_tutorial to None, run_after=None
[2024-12-06T23:25:30.285-0600] {processor.py:208} INFO - Processing /home/m9d9v9/PycharmProjects/Airflow-2/Airflow-2/.venv/lib/python3.10/site-packages/airflow/example_dags/example_params_ui_tutorial.py took 0.067 seconds
[2024-12-06T23:26:28.167-0600] {processor.py:186} INFO - Started process (PID=17406) to work on /home/m9d9v9/PycharmProjects/Airflow-2/Airflow-2/.venv/lib/python3.10/site-packages/airflow/example_dags/example_params_ui_tutorial.py
[2024-12-06T23:26:28.169-0600] {processor.py:914} INFO - Processing file /home/m9d9v9/PycharmProjects/Airflow-2/Airflow-2/.venv/lib/python3.10/site-packages/airflow/example_dags/example_params_ui_tutorial.py for tasks to queue
[2024-12-06T23:26:28.170-0600] {logging_mixin.py:190} INFO - [2024-12-06T23:26:28.170-0600] {dagbag.py:588} INFO - Filling up the DagBag from /home/m9d9v9/PycharmProjects/Airflow-2/Airflow-2/.venv/lib/python3.10/site-packages/airflow/example_dags/example_params_ui_tutorial.py
[2024-12-06T23:26:28.186-0600] {processor.py:925} INFO - DAG(s) 'example_params_ui_tutorial' retrieved from /home/m9d9v9/PycharmProjects/Airflow-2/Airflow-2/.venv/lib/python3.10/site-packages/airflow/example_dags/example_params_ui_tutorial.py
[2024-12-06T23:26:28.217-0600] {logging_mixin.py:190} INFO - [2024-12-06T23:26:28.217-0600] {dag.py:3239} INFO - Sync 1 DAGs
[2024-12-06T23:26:28.225-0600] {logging_mixin.py:190} INFO - [2024-12-06T23:26:28.224-0600] {dag.py:4180} INFO - Setting next_dagrun for example_params_ui_tutorial to None, run_after=None
[2024-12-06T23:26:28.236-0600] {processor.py:208} INFO - Processing /home/m9d9v9/PycharmProjects/Airflow-2/Airflow-2/.venv/lib/python3.10/site-packages/airflow/example_dags/example_params_ui_tutorial.py took 0.079 seconds
[2024-12-06T23:27:25.301-0600] {processor.py:186} INFO - Started process (PID=17478) to work on /home/m9d9v9/PycharmProjects/Airflow-2/Airflow-2/.venv/lib/python3.10/site-packages/airflow/example_dags/example_params_ui_tutorial.py
[2024-12-06T23:27:25.308-0600] {processor.py:914} INFO - Processing file /home/m9d9v9/PycharmProjects/Airflow-2/Airflow-2/.venv/lib/python3.10/site-packages/airflow/example_dags/example_params_ui_tutorial.py for tasks to queue
[2024-12-06T23:27:25.310-0600] {logging_mixin.py:190} INFO - [2024-12-06T23:27:25.309-0600] {dagbag.py:588} INFO - Filling up the DagBag from /home/m9d9v9/PycharmProjects/Airflow-2/Airflow-2/.venv/lib/python3.10/site-packages/airflow/example_dags/example_params_ui_tutorial.py
[2024-12-06T23:27:25.325-0600] {processor.py:925} INFO - DAG(s) 'example_params_ui_tutorial' retrieved from /home/m9d9v9/PycharmProjects/Airflow-2/Airflow-2/.venv/lib/python3.10/site-packages/airflow/example_dags/example_params_ui_tutorial.py
[2024-12-06T23:27:25.366-0600] {logging_mixin.py:190} INFO - [2024-12-06T23:27:25.365-0600] {dag.py:3239} INFO - Sync 1 DAGs
[2024-12-06T23:27:25.373-0600] {logging_mixin.py:190} INFO - [2024-12-06T23:27:25.373-0600] {dag.py:4180} INFO - Setting next_dagrun for example_params_ui_tutorial to None, run_after=None
[2024-12-06T23:27:25.385-0600] {processor.py:208} INFO - Processing /home/m9d9v9/PycharmProjects/Airflow-2/Airflow-2/.venv/lib/python3.10/site-packages/airflow/example_dags/example_params_ui_tutorial.py took 0.094 seconds
[2024-12-06T23:28:22.909-0600] {processor.py:186} INFO - Started process (PID=17580) to work on /home/m9d9v9/PycharmProjects/Airflow-2/Airflow-2/.venv/lib/python3.10/site-packages/airflow/example_dags/example_params_ui_tutorial.py
[2024-12-06T23:28:22.915-0600] {processor.py:914} INFO - Processing file /home/m9d9v9/PycharmProjects/Airflow-2/Airflow-2/.venv/lib/python3.10/site-packages/airflow/example_dags/example_params_ui_tutorial.py for tasks to queue
[2024-12-06T23:28:22.918-0600] {logging_mixin.py:190} INFO - [2024-12-06T23:28:22.917-0600] {dagbag.py:588} INFO - Filling up the DagBag from /home/m9d9v9/PycharmProjects/Airflow-2/Airflow-2/.venv/lib/python3.10/site-packages/airflow/example_dags/example_params_ui_tutorial.py
[2024-12-06T23:28:22.935-0600] {processor.py:925} INFO - DAG(s) 'example_params_ui_tutorial' retrieved from /home/m9d9v9/PycharmProjects/Airflow-2/Airflow-2/.venv/lib/python3.10/site-packages/airflow/example_dags/example_params_ui_tutorial.py
[2024-12-06T23:28:22.978-0600] {logging_mixin.py:190} INFO - [2024-12-06T23:28:22.978-0600] {dag.py:3239} INFO - Sync 1 DAGs
[2024-12-06T23:28:22.986-0600] {logging_mixin.py:190} INFO - [2024-12-06T23:28:22.985-0600] {dag.py:4180} INFO - Setting next_dagrun for example_params_ui_tutorial to None, run_after=None
[2024-12-06T23:28:22.998-0600] {processor.py:208} INFO - Processing /home/m9d9v9/PycharmProjects/Airflow-2/Airflow-2/.venv/lib/python3.10/site-packages/airflow/example_dags/example_params_ui_tutorial.py took 0.096 seconds
[2024-12-06T23:29:19.388-0600] {processor.py:186} INFO - Started process (PID=17725) to work on /home/m9d9v9/PycharmProjects/Airflow-2/Airflow-2/.venv/lib/python3.10/site-packages/airflow/example_dags/example_params_ui_tutorial.py
[2024-12-06T23:29:19.389-0600] {processor.py:914} INFO - Processing file /home/m9d9v9/PycharmProjects/Airflow-2/Airflow-2/.venv/lib/python3.10/site-packages/airflow/example_dags/example_params_ui_tutorial.py for tasks to queue
[2024-12-06T23:29:19.390-0600] {logging_mixin.py:190} INFO - [2024-12-06T23:29:19.390-0600] {dagbag.py:588} INFO - Filling up the DagBag from /home/m9d9v9/PycharmProjects/Airflow-2/Airflow-2/.venv/lib/python3.10/site-packages/airflow/example_dags/example_params_ui_tutorial.py
[2024-12-06T23:29:19.398-0600] {processor.py:925} INFO - DAG(s) 'example_params_ui_tutorial' retrieved from /home/m9d9v9/PycharmProjects/Airflow-2/Airflow-2/.venv/lib/python3.10/site-packages/airflow/example_dags/example_params_ui_tutorial.py
[2024-12-06T23:29:19.427-0600] {logging_mixin.py:190} INFO - [2024-12-06T23:29:19.426-0600] {dag.py:3239} INFO - Sync 1 DAGs
[2024-12-06T23:29:19.436-0600] {logging_mixin.py:190} INFO - [2024-12-06T23:29:19.436-0600] {dag.py:4180} INFO - Setting next_dagrun for example_params_ui_tutorial to None, run_after=None
[2024-12-06T23:29:19.448-0600] {processor.py:208} INFO - Processing /home/m9d9v9/PycharmProjects/Airflow-2/Airflow-2/.venv/lib/python3.10/site-packages/airflow/example_dags/example_params_ui_tutorial.py took 0.065 seconds
[2024-12-06T23:30:16.072-0600] {processor.py:186} INFO - Started process (PID=17815) to work on /home/m9d9v9/PycharmProjects/Airflow-2/Airflow-2/.venv/lib/python3.10/site-packages/airflow/example_dags/example_params_ui_tutorial.py
[2024-12-06T23:30:16.079-0600] {processor.py:914} INFO - Processing file /home/m9d9v9/PycharmProjects/Airflow-2/Airflow-2/.venv/lib/python3.10/site-packages/airflow/example_dags/example_params_ui_tutorial.py for tasks to queue
[2024-12-06T23:30:16.081-0600] {logging_mixin.py:190} INFO - [2024-12-06T23:30:16.080-0600] {dagbag.py:588} INFO - Filling up the DagBag from /home/m9d9v9/PycharmProjects/Airflow-2/Airflow-2/.venv/lib/python3.10/site-packages/airflow/example_dags/example_params_ui_tutorial.py
[2024-12-06T23:30:16.098-0600] {processor.py:925} INFO - DAG(s) 'example_params_ui_tutorial' retrieved from /home/m9d9v9/PycharmProjects/Airflow-2/Airflow-2/.venv/lib/python3.10/site-packages/airflow/example_dags/example_params_ui_tutorial.py
[2024-12-06T23:30:16.138-0600] {logging_mixin.py:190} INFO - [2024-12-06T23:30:16.138-0600] {dag.py:3239} INFO - Sync 1 DAGs
[2024-12-06T23:30:16.146-0600] {logging_mixin.py:190} INFO - [2024-12-06T23:30:16.146-0600] {dag.py:4180} INFO - Setting next_dagrun for example_params_ui_tutorial to None, run_after=None
[2024-12-06T23:30:16.156-0600] {processor.py:208} INFO - Processing /home/m9d9v9/PycharmProjects/Airflow-2/Airflow-2/.venv/lib/python3.10/site-packages/airflow/example_dags/example_params_ui_tutorial.py took 0.095 seconds
[2024-12-06T23:31:11.974-0600] {processor.py:186} INFO - Started process (PID=17918) to work on /home/m9d9v9/PycharmProjects/Airflow-2/Airflow-2/.venv/lib/python3.10/site-packages/airflow/example_dags/example_params_ui_tutorial.py
[2024-12-06T23:31:11.980-0600] {processor.py:914} INFO - Processing file /home/m9d9v9/PycharmProjects/Airflow-2/Airflow-2/.venv/lib/python3.10/site-packages/airflow/example_dags/example_params_ui_tutorial.py for tasks to queue
[2024-12-06T23:31:11.983-0600] {logging_mixin.py:190} INFO - [2024-12-06T23:31:11.982-0600] {dagbag.py:588} INFO - Filling up the DagBag from /home/m9d9v9/PycharmProjects/Airflow-2/Airflow-2/.venv/lib/python3.10/site-packages/airflow/example_dags/example_params_ui_tutorial.py
[2024-12-06T23:31:12.000-0600] {processor.py:925} INFO - DAG(s) 'example_params_ui_tutorial' retrieved from /home/m9d9v9/PycharmProjects/Airflow-2/Airflow-2/.venv/lib/python3.10/site-packages/airflow/example_dags/example_params_ui_tutorial.py
[2024-12-06T23:31:12.039-0600] {logging_mixin.py:190} INFO - [2024-12-06T23:31:12.038-0600] {dag.py:3239} INFO - Sync 1 DAGs
[2024-12-06T23:31:12.046-0600] {logging_mixin.py:190} INFO - [2024-12-06T23:31:12.046-0600] {dag.py:4180} INFO - Setting next_dagrun for example_params_ui_tutorial to None, run_after=None
[2024-12-06T23:31:12.059-0600] {processor.py:208} INFO - Processing /home/m9d9v9/PycharmProjects/Airflow-2/Airflow-2/.venv/lib/python3.10/site-packages/airflow/example_dags/example_params_ui_tutorial.py took 0.097 seconds
[2024-12-06T23:32:10.421-0600] {processor.py:186} INFO - Started process (PID=18023) to work on /home/m9d9v9/PycharmProjects/Airflow-2/Airflow-2/.venv/lib/python3.10/site-packages/airflow/example_dags/example_params_ui_tutorial.py
[2024-12-06T23:32:10.424-0600] {processor.py:914} INFO - Processing file /home/m9d9v9/PycharmProjects/Airflow-2/Airflow-2/.venv/lib/python3.10/site-packages/airflow/example_dags/example_params_ui_tutorial.py for tasks to queue
[2024-12-06T23:32:10.426-0600] {logging_mixin.py:190} INFO - [2024-12-06T23:32:10.425-0600] {dagbag.py:588} INFO - Filling up the DagBag from /home/m9d9v9/PycharmProjects/Airflow-2/Airflow-2/.venv/lib/python3.10/site-packages/airflow/example_dags/example_params_ui_tutorial.py
[2024-12-06T23:32:10.442-0600] {processor.py:925} INFO - DAG(s) 'example_params_ui_tutorial' retrieved from /home/m9d9v9/PycharmProjects/Airflow-2/Airflow-2/.venv/lib/python3.10/site-packages/airflow/example_dags/example_params_ui_tutorial.py
[2024-12-06T23:32:10.478-0600] {logging_mixin.py:190} INFO - [2024-12-06T23:32:10.478-0600] {dag.py:3239} INFO - Sync 1 DAGs
[2024-12-06T23:32:10.485-0600] {logging_mixin.py:190} INFO - [2024-12-06T23:32:10.485-0600] {dag.py:4180} INFO - Setting next_dagrun for example_params_ui_tutorial to None, run_after=None
[2024-12-06T23:32:10.498-0600] {processor.py:208} INFO - Processing /home/m9d9v9/PycharmProjects/Airflow-2/Airflow-2/.venv/lib/python3.10/site-packages/airflow/example_dags/example_params_ui_tutorial.py took 0.086 seconds
[2024-12-06T23:33:07.293-0600] {processor.py:186} INFO - Started process (PID=18098) to work on /home/m9d9v9/PycharmProjects/Airflow-2/Airflow-2/.venv/lib/python3.10/site-packages/airflow/example_dags/example_params_ui_tutorial.py
[2024-12-06T23:33:07.300-0600] {processor.py:914} INFO - Processing file /home/m9d9v9/PycharmProjects/Airflow-2/Airflow-2/.venv/lib/python3.10/site-packages/airflow/example_dags/example_params_ui_tutorial.py for tasks to queue
[2024-12-06T23:33:07.302-0600] {logging_mixin.py:190} INFO - [2024-12-06T23:33:07.302-0600] {dagbag.py:588} INFO - Filling up the DagBag from /home/m9d9v9/PycharmProjects/Airflow-2/Airflow-2/.venv/lib/python3.10/site-packages/airflow/example_dags/example_params_ui_tutorial.py
[2024-12-06T23:33:07.320-0600] {processor.py:925} INFO - DAG(s) 'example_params_ui_tutorial' retrieved from /home/m9d9v9/PycharmProjects/Airflow-2/Airflow-2/.venv/lib/python3.10/site-packages/airflow/example_dags/example_params_ui_tutorial.py
[2024-12-06T23:33:07.359-0600] {logging_mixin.py:190} INFO - [2024-12-06T23:33:07.359-0600] {dag.py:3239} INFO - Sync 1 DAGs
[2024-12-06T23:33:07.367-0600] {logging_mixin.py:190} INFO - [2024-12-06T23:33:07.367-0600] {dag.py:4180} INFO - Setting next_dagrun for example_params_ui_tutorial to None, run_after=None
[2024-12-06T23:33:07.474-0600] {processor.py:208} INFO - Processing /home/m9d9v9/PycharmProjects/Airflow-2/Airflow-2/.venv/lib/python3.10/site-packages/airflow/example_dags/example_params_ui_tutorial.py took 0.191 seconds
[2024-12-06T23:34:04.344-0600] {processor.py:186} INFO - Started process (PID=18169) to work on /home/m9d9v9/PycharmProjects/Airflow-2/Airflow-2/.venv/lib/python3.10/site-packages/airflow/example_dags/example_params_ui_tutorial.py
[2024-12-06T23:34:04.351-0600] {processor.py:914} INFO - Processing file /home/m9d9v9/PycharmProjects/Airflow-2/Airflow-2/.venv/lib/python3.10/site-packages/airflow/example_dags/example_params_ui_tutorial.py for tasks to queue
[2024-12-06T23:34:04.354-0600] {logging_mixin.py:190} INFO - [2024-12-06T23:34:04.353-0600] {dagbag.py:588} INFO - Filling up the DagBag from /home/m9d9v9/PycharmProjects/Airflow-2/Airflow-2/.venv/lib/python3.10/site-packages/airflow/example_dags/example_params_ui_tutorial.py
[2024-12-06T23:34:04.372-0600] {processor.py:925} INFO - DAG(s) 'example_params_ui_tutorial' retrieved from /home/m9d9v9/PycharmProjects/Airflow-2/Airflow-2/.venv/lib/python3.10/site-packages/airflow/example_dags/example_params_ui_tutorial.py
[2024-12-06T23:34:04.412-0600] {logging_mixin.py:190} INFO - [2024-12-06T23:34:04.412-0600] {dag.py:3239} INFO - Sync 1 DAGs
[2024-12-06T23:34:04.419-0600] {logging_mixin.py:190} INFO - [2024-12-06T23:34:04.419-0600] {dag.py:4180} INFO - Setting next_dagrun for example_params_ui_tutorial to None, run_after=None
[2024-12-06T23:34:04.430-0600] {processor.py:208} INFO - Processing /home/m9d9v9/PycharmProjects/Airflow-2/Airflow-2/.venv/lib/python3.10/site-packages/airflow/example_dags/example_params_ui_tutorial.py took 0.097 seconds
[2024-12-06T23:35:04.845-0600] {processor.py:186} INFO - Started process (PID=18298) to work on /home/m9d9v9/PycharmProjects/Airflow-2/Airflow-2/.venv/lib/python3.10/site-packages/airflow/example_dags/example_params_ui_tutorial.py
[2024-12-06T23:35:04.851-0600] {processor.py:914} INFO - Processing file /home/m9d9v9/PycharmProjects/Airflow-2/Airflow-2/.venv/lib/python3.10/site-packages/airflow/example_dags/example_params_ui_tutorial.py for tasks to queue
[2024-12-06T23:35:04.853-0600] {logging_mixin.py:190} INFO - [2024-12-06T23:35:04.853-0600] {dagbag.py:588} INFO - Filling up the DagBag from /home/m9d9v9/PycharmProjects/Airflow-2/Airflow-2/.venv/lib/python3.10/site-packages/airflow/example_dags/example_params_ui_tutorial.py
[2024-12-06T23:35:04.867-0600] {processor.py:925} INFO - DAG(s) 'example_params_ui_tutorial' retrieved from /home/m9d9v9/PycharmProjects/Airflow-2/Airflow-2/.venv/lib/python3.10/site-packages/airflow/example_dags/example_params_ui_tutorial.py
[2024-12-06T23:35:04.910-0600] {logging_mixin.py:190} INFO - [2024-12-06T23:35:04.910-0600] {dag.py:3239} INFO - Sync 1 DAGs
[2024-12-06T23:35:04.918-0600] {logging_mixin.py:190} INFO - [2024-12-06T23:35:04.918-0600] {dag.py:4180} INFO - Setting next_dagrun for example_params_ui_tutorial to None, run_after=None
[2024-12-06T23:35:04.929-0600] {processor.py:208} INFO - Processing /home/m9d9v9/PycharmProjects/Airflow-2/Airflow-2/.venv/lib/python3.10/site-packages/airflow/example_dags/example_params_ui_tutorial.py took 0.095 seconds
[2024-12-06T23:36:08.687-0600] {processor.py:186} INFO - Started process (PID=18375) to work on /home/m9d9v9/PycharmProjects/Airflow-2/Airflow-2/.venv/lib/python3.10/site-packages/airflow/example_dags/example_params_ui_tutorial.py
[2024-12-06T23:36:08.694-0600] {processor.py:914} INFO - Processing file /home/m9d9v9/PycharmProjects/Airflow-2/Airflow-2/.venv/lib/python3.10/site-packages/airflow/example_dags/example_params_ui_tutorial.py for tasks to queue
[2024-12-06T23:36:08.697-0600] {logging_mixin.py:190} INFO - [2024-12-06T23:36:08.696-0600] {dagbag.py:588} INFO - Filling up the DagBag from /home/m9d9v9/PycharmProjects/Airflow-2/Airflow-2/.venv/lib/python3.10/site-packages/airflow/example_dags/example_params_ui_tutorial.py
[2024-12-06T23:36:08.714-0600] {processor.py:925} INFO - DAG(s) 'example_params_ui_tutorial' retrieved from /home/m9d9v9/PycharmProjects/Airflow-2/Airflow-2/.venv/lib/python3.10/site-packages/airflow/example_dags/example_params_ui_tutorial.py
[2024-12-06T23:36:08.755-0600] {logging_mixin.py:190} INFO - [2024-12-06T23:36:08.754-0600] {dag.py:3239} INFO - Sync 1 DAGs
[2024-12-06T23:36:08.762-0600] {logging_mixin.py:190} INFO - [2024-12-06T23:36:08.762-0600] {dag.py:4180} INFO - Setting next_dagrun for example_params_ui_tutorial to None, run_after=None
[2024-12-06T23:36:08.773-0600] {processor.py:208} INFO - Processing /home/m9d9v9/PycharmProjects/Airflow-2/Airflow-2/.venv/lib/python3.10/site-packages/airflow/example_dags/example_params_ui_tutorial.py took 0.094 seconds
[2024-12-06T23:37:09.998-0600] {processor.py:186} INFO - Started process (PID=18602) to work on /home/m9d9v9/PycharmProjects/Airflow-2/Airflow-2/.venv/lib/python3.10/site-packages/airflow/example_dags/example_params_ui_tutorial.py
[2024-12-06T23:37:10.004-0600] {processor.py:914} INFO - Processing file /home/m9d9v9/PycharmProjects/Airflow-2/Airflow-2/.venv/lib/python3.10/site-packages/airflow/example_dags/example_params_ui_tutorial.py for tasks to queue
[2024-12-06T23:37:10.005-0600] {logging_mixin.py:190} INFO - [2024-12-06T23:37:10.005-0600] {dagbag.py:588} INFO - Filling up the DagBag from /home/m9d9v9/PycharmProjects/Airflow-2/Airflow-2/.venv/lib/python3.10/site-packages/airflow/example_dags/example_params_ui_tutorial.py
[2024-12-06T23:37:10.014-0600] {processor.py:925} INFO - DAG(s) 'example_params_ui_tutorial' retrieved from /home/m9d9v9/PycharmProjects/Airflow-2/Airflow-2/.venv/lib/python3.10/site-packages/airflow/example_dags/example_params_ui_tutorial.py
[2024-12-06T23:37:10.049-0600] {logging_mixin.py:190} INFO - [2024-12-06T23:37:10.048-0600] {dag.py:3239} INFO - Sync 1 DAGs
[2024-12-06T23:37:10.198-0600] {logging_mixin.py:190} INFO - [2024-12-06T23:37:10.198-0600] {dag.py:4180} INFO - Setting next_dagrun for example_params_ui_tutorial to None, run_after=None
[2024-12-06T23:37:10.210-0600] {processor.py:208} INFO - Processing /home/m9d9v9/PycharmProjects/Airflow-2/Airflow-2/.venv/lib/python3.10/site-packages/airflow/example_dags/example_params_ui_tutorial.py took 0.217 seconds
[2024-12-06T23:38:09.723-0600] {processor.py:186} INFO - Started process (PID=18780) to work on /home/m9d9v9/PycharmProjects/Airflow-2/Airflow-2/.venv/lib/python3.10/site-packages/airflow/example_dags/example_params_ui_tutorial.py
[2024-12-06T23:38:09.730-0600] {processor.py:914} INFO - Processing file /home/m9d9v9/PycharmProjects/Airflow-2/Airflow-2/.venv/lib/python3.10/site-packages/airflow/example_dags/example_params_ui_tutorial.py for tasks to queue
[2024-12-06T23:38:09.732-0600] {logging_mixin.py:190} INFO - [2024-12-06T23:38:09.732-0600] {dagbag.py:588} INFO - Filling up the DagBag from /home/m9d9v9/PycharmProjects/Airflow-2/Airflow-2/.venv/lib/python3.10/site-packages/airflow/example_dags/example_params_ui_tutorial.py
[2024-12-06T23:38:09.752-0600] {processor.py:925} INFO - DAG(s) 'example_params_ui_tutorial' retrieved from /home/m9d9v9/PycharmProjects/Airflow-2/Airflow-2/.venv/lib/python3.10/site-packages/airflow/example_dags/example_params_ui_tutorial.py
[2024-12-06T23:38:09.797-0600] {logging_mixin.py:190} INFO - [2024-12-06T23:38:09.797-0600] {dag.py:3239} INFO - Sync 1 DAGs
[2024-12-06T23:38:09.805-0600] {logging_mixin.py:190} INFO - [2024-12-06T23:38:09.805-0600] {dag.py:4180} INFO - Setting next_dagrun for example_params_ui_tutorial to None, run_after=None
[2024-12-06T23:38:09.817-0600] {processor.py:208} INFO - Processing /home/m9d9v9/PycharmProjects/Airflow-2/Airflow-2/.venv/lib/python3.10/site-packages/airflow/example_dags/example_params_ui_tutorial.py took 0.106 seconds
[2024-12-06T23:39:15.611-0600] {processor.py:186} INFO - Started process (PID=18955) to work on /home/m9d9v9/PycharmProjects/Airflow-2/Airflow-2/.venv/lib/python3.10/site-packages/airflow/example_dags/example_params_ui_tutorial.py
[2024-12-06T23:39:15.617-0600] {processor.py:914} INFO - Processing file /home/m9d9v9/PycharmProjects/Airflow-2/Airflow-2/.venv/lib/python3.10/site-packages/airflow/example_dags/example_params_ui_tutorial.py for tasks to queue
[2024-12-06T23:39:15.619-0600] {logging_mixin.py:190} INFO - [2024-12-06T23:39:15.619-0600] {dagbag.py:588} INFO - Filling up the DagBag from /home/m9d9v9/PycharmProjects/Airflow-2/Airflow-2/.venv/lib/python3.10/site-packages/airflow/example_dags/example_params_ui_tutorial.py
[2024-12-06T23:39:15.627-0600] {processor.py:925} INFO - DAG(s) 'example_params_ui_tutorial' retrieved from /home/m9d9v9/PycharmProjects/Airflow-2/Airflow-2/.venv/lib/python3.10/site-packages/airflow/example_dags/example_params_ui_tutorial.py
[2024-12-06T23:39:15.659-0600] {logging_mixin.py:190} INFO - [2024-12-06T23:39:15.659-0600] {dag.py:3239} INFO - Sync 1 DAGs
[2024-12-06T23:39:15.670-0600] {logging_mixin.py:190} INFO - [2024-12-06T23:39:15.670-0600] {dag.py:4180} INFO - Setting next_dagrun for example_params_ui_tutorial to None, run_after=None
[2024-12-06T23:39:15.685-0600] {processor.py:208} INFO - Processing /home/m9d9v9/PycharmProjects/Airflow-2/Airflow-2/.venv/lib/python3.10/site-packages/airflow/example_dags/example_params_ui_tutorial.py took 0.080 seconds
[2024-12-06T23:40:13.751-0600] {processor.py:186} INFO - Started process (PID=19217) to work on /home/m9d9v9/PycharmProjects/Airflow-2/Airflow-2/.venv/lib/python3.10/site-packages/airflow/example_dags/example_params_ui_tutorial.py
[2024-12-06T23:40:13.757-0600] {processor.py:914} INFO - Processing file /home/m9d9v9/PycharmProjects/Airflow-2/Airflow-2/.venv/lib/python3.10/site-packages/airflow/example_dags/example_params_ui_tutorial.py for tasks to queue
[2024-12-06T23:40:13.758-0600] {logging_mixin.py:190} INFO - [2024-12-06T23:40:13.758-0600] {dagbag.py:588} INFO - Filling up the DagBag from /home/m9d9v9/PycharmProjects/Airflow-2/Airflow-2/.venv/lib/python3.10/site-packages/airflow/example_dags/example_params_ui_tutorial.py
[2024-12-06T23:40:13.772-0600] {processor.py:925} INFO - DAG(s) 'example_params_ui_tutorial' retrieved from /home/m9d9v9/PycharmProjects/Airflow-2/Airflow-2/.venv/lib/python3.10/site-packages/airflow/example_dags/example_params_ui_tutorial.py
[2024-12-06T23:40:13.810-0600] {logging_mixin.py:190} INFO - [2024-12-06T23:40:13.810-0600] {dag.py:3239} INFO - Sync 1 DAGs
[2024-12-06T23:40:13.819-0600] {logging_mixin.py:190} INFO - [2024-12-06T23:40:13.818-0600] {dag.py:4180} INFO - Setting next_dagrun for example_params_ui_tutorial to None, run_after=None
[2024-12-06T23:40:13.831-0600] {processor.py:208} INFO - Processing /home/m9d9v9/PycharmProjects/Airflow-2/Airflow-2/.venv/lib/python3.10/site-packages/airflow/example_dags/example_params_ui_tutorial.py took 0.088 seconds
[2024-12-06T23:41:09.297-0600] {processor.py:186} INFO - Started process (PID=19315) to work on /home/m9d9v9/PycharmProjects/Airflow-2/Airflow-2/.venv/lib/python3.10/site-packages/airflow/example_dags/example_params_ui_tutorial.py
[2024-12-06T23:41:09.298-0600] {processor.py:914} INFO - Processing file /home/m9d9v9/PycharmProjects/Airflow-2/Airflow-2/.venv/lib/python3.10/site-packages/airflow/example_dags/example_params_ui_tutorial.py for tasks to queue
[2024-12-06T23:41:09.298-0600] {logging_mixin.py:190} INFO - [2024-12-06T23:41:09.298-0600] {dagbag.py:588} INFO - Filling up the DagBag from /home/m9d9v9/PycharmProjects/Airflow-2/Airflow-2/.venv/lib/python3.10/site-packages/airflow/example_dags/example_params_ui_tutorial.py
[2024-12-06T23:41:09.307-0600] {processor.py:925} INFO - DAG(s) 'example_params_ui_tutorial' retrieved from /home/m9d9v9/PycharmProjects/Airflow-2/Airflow-2/.venv/lib/python3.10/site-packages/airflow/example_dags/example_params_ui_tutorial.py
[2024-12-06T23:41:09.347-0600] {logging_mixin.py:190} INFO - [2024-12-06T23:41:09.347-0600] {dag.py:3239} INFO - Sync 1 DAGs
[2024-12-06T23:41:09.356-0600] {logging_mixin.py:190} INFO - [2024-12-06T23:41:09.356-0600] {dag.py:4180} INFO - Setting next_dagrun for example_params_ui_tutorial to None, run_after=None
[2024-12-06T23:41:09.368-0600] {processor.py:208} INFO - Processing /home/m9d9v9/PycharmProjects/Airflow-2/Airflow-2/.venv/lib/python3.10/site-packages/airflow/example_dags/example_params_ui_tutorial.py took 0.076 seconds
