[2024-12-06T22:19:18.790-0600] {processor.py:186} INFO - Started process (PID=12523) to work on /home/m9d9v9/PycharmProjects/Airflow-2/Airflow-2/.venv/lib/python3.10/site-packages/airflow/example_dags/example_dataset_alias.py
[2024-12-06T22:19:18.792-0600] {processor.py:914} INFO - Processing file /home/m9d9v9/PycharmProjects/Airflow-2/Airflow-2/.venv/lib/python3.10/site-packages/airflow/example_dags/example_dataset_alias.py for tasks to queue
[2024-12-06T22:19:18.796-0600] {logging_mixin.py:190} INFO - [2024-12-06T22:19:18.795-0600] {dagbag.py:588} INFO - Filling up the DagBag from /home/m9d9v9/PycharmProjects/Airflow-2/Airflow-2/.venv/lib/python3.10/site-packages/airflow/example_dags/example_dataset_alias.py
[2024-12-06T22:19:18.826-0600] {processor.py:925} INFO - DAG(s) 'dataset_s3_bucket_producer', 'dataset_s3_bucket_consumer', 'dataset_alias_example_alias_producer', 'dataset_alias_example_alias_consumer' retrieved from /home/m9d9v9/PycharmProjects/Airflow-2/Airflow-2/.venv/lib/python3.10/site-packages/airflow/example_dags/example_dataset_alias.py
[2024-12-06T22:19:18.892-0600] {logging_mixin.py:190} INFO - [2024-12-06T22:19:18.891-0600] {override.py:1911} INFO - Created Permission View: can edit on DAG:dataset_s3_bucket_producer
[2024-12-06T22:19:18.900-0600] {logging_mixin.py:190} INFO - [2024-12-06T22:19:18.899-0600] {override.py:1911} INFO - Created Permission View: can read on DAG:dataset_s3_bucket_producer
[2024-12-06T22:19:18.905-0600] {logging_mixin.py:190} INFO - [2024-12-06T22:19:18.905-0600] {override.py:1911} INFO - Created Permission View: can delete on DAG:dataset_s3_bucket_producer
[2024-12-06T22:19:18.911-0600] {logging_mixin.py:190} INFO - [2024-12-06T22:19:18.911-0600] {override.py:1911} INFO - Created Permission View: menu access on DAG Run:dataset_s3_bucket_producer
[2024-12-06T22:19:18.916-0600] {logging_mixin.py:190} INFO - [2024-12-06T22:19:18.915-0600] {override.py:1911} INFO - Created Permission View: can create on DAG Run:dataset_s3_bucket_producer
[2024-12-06T22:19:18.920-0600] {logging_mixin.py:190} INFO - [2024-12-06T22:19:18.920-0600] {override.py:1911} INFO - Created Permission View: can read on DAG Run:dataset_s3_bucket_producer
[2024-12-06T22:19:18.924-0600] {logging_mixin.py:190} INFO - [2024-12-06T22:19:18.924-0600] {override.py:1911} INFO - Created Permission View: can delete on DAG Run:dataset_s3_bucket_producer
[2024-12-06T22:19:18.935-0600] {logging_mixin.py:190} INFO - [2024-12-06T22:19:18.934-0600] {override.py:1911} INFO - Created Permission View: can edit on DAG:dataset_s3_bucket_consumer
[2024-12-06T22:19:18.940-0600] {logging_mixin.py:190} INFO - [2024-12-06T22:19:18.940-0600] {override.py:1911} INFO - Created Permission View: can read on DAG:dataset_s3_bucket_consumer
[2024-12-06T22:19:18.945-0600] {logging_mixin.py:190} INFO - [2024-12-06T22:19:18.945-0600] {override.py:1911} INFO - Created Permission View: can delete on DAG:dataset_s3_bucket_consumer
[2024-12-06T22:19:18.952-0600] {logging_mixin.py:190} INFO - [2024-12-06T22:19:18.951-0600] {override.py:1911} INFO - Created Permission View: menu access on DAG Run:dataset_s3_bucket_consumer
[2024-12-06T22:19:18.956-0600] {logging_mixin.py:190} INFO - [2024-12-06T22:19:18.956-0600] {override.py:1911} INFO - Created Permission View: can create on DAG Run:dataset_s3_bucket_consumer
[2024-12-06T22:19:18.960-0600] {logging_mixin.py:190} INFO - [2024-12-06T22:19:18.960-0600] {override.py:1911} INFO - Created Permission View: can read on DAG Run:dataset_s3_bucket_consumer
[2024-12-06T22:19:18.973-0600] {logging_mixin.py:190} INFO - [2024-12-06T22:19:18.972-0600] {override.py:1911} INFO - Created Permission View: can delete on DAG Run:dataset_s3_bucket_consumer
[2024-12-06T22:19:19.001-0600] {logging_mixin.py:190} INFO - [2024-12-06T22:19:19.001-0600] {override.py:1911} INFO - Created Permission View: can edit on DAG:dataset_alias_example_alias_producer
[2024-12-06T22:19:19.005-0600] {logging_mixin.py:190} INFO - [2024-12-06T22:19:19.005-0600] {override.py:1911} INFO - Created Permission View: can read on DAG:dataset_alias_example_alias_producer
[2024-12-06T22:19:19.010-0600] {logging_mixin.py:190} INFO - [2024-12-06T22:19:19.009-0600] {override.py:1911} INFO - Created Permission View: can delete on DAG:dataset_alias_example_alias_producer
[2024-12-06T22:19:19.016-0600] {logging_mixin.py:190} INFO - [2024-12-06T22:19:19.016-0600] {override.py:1911} INFO - Created Permission View: menu access on DAG Run:dataset_alias_example_alias_producer
[2024-12-06T22:19:19.021-0600] {logging_mixin.py:190} INFO - [2024-12-06T22:19:19.020-0600] {override.py:1911} INFO - Created Permission View: can create on DAG Run:dataset_alias_example_alias_producer
[2024-12-06T22:19:19.025-0600] {logging_mixin.py:190} INFO - [2024-12-06T22:19:19.024-0600] {override.py:1911} INFO - Created Permission View: can read on DAG Run:dataset_alias_example_alias_producer
[2024-12-06T22:19:19.029-0600] {logging_mixin.py:190} INFO - [2024-12-06T22:19:19.029-0600] {override.py:1911} INFO - Created Permission View: can delete on DAG Run:dataset_alias_example_alias_producer
[2024-12-06T22:19:19.039-0600] {logging_mixin.py:190} INFO - [2024-12-06T22:19:19.039-0600] {override.py:1911} INFO - Created Permission View: can edit on DAG:dataset_alias_example_alias_consumer
[2024-12-06T22:19:19.043-0600] {logging_mixin.py:190} INFO - [2024-12-06T22:19:19.043-0600] {override.py:1911} INFO - Created Permission View: can read on DAG:dataset_alias_example_alias_consumer
[2024-12-06T22:19:19.048-0600] {logging_mixin.py:190} INFO - [2024-12-06T22:19:19.047-0600] {override.py:1911} INFO - Created Permission View: can delete on DAG:dataset_alias_example_alias_consumer
[2024-12-06T22:19:19.054-0600] {logging_mixin.py:190} INFO - [2024-12-06T22:19:19.054-0600] {override.py:1911} INFO - Created Permission View: menu access on DAG Run:dataset_alias_example_alias_consumer
[2024-12-06T22:19:19.059-0600] {logging_mixin.py:190} INFO - [2024-12-06T22:19:19.058-0600] {override.py:1911} INFO - Created Permission View: can create on DAG Run:dataset_alias_example_alias_consumer
[2024-12-06T22:19:19.063-0600] {logging_mixin.py:190} INFO - [2024-12-06T22:19:19.063-0600] {override.py:1911} INFO - Created Permission View: can read on DAG Run:dataset_alias_example_alias_consumer
[2024-12-06T22:19:19.067-0600] {logging_mixin.py:190} INFO - [2024-12-06T22:19:19.067-0600] {override.py:1911} INFO - Created Permission View: can delete on DAG Run:dataset_alias_example_alias_consumer
[2024-12-06T22:19:19.067-0600] {logging_mixin.py:190} INFO - [2024-12-06T22:19:19.067-0600] {dag.py:3239} INFO - Sync 4 DAGs
[2024-12-06T22:19:19.075-0600] {logging_mixin.py:190} INFO - [2024-12-06T22:19:19.075-0600] {dag.py:3262} INFO - Creating ORM DAG for dataset_alias_example_alias_consumer
[2024-12-06T22:19:19.075-0600] {logging_mixin.py:190} INFO - [2024-12-06T22:19:19.075-0600] {dag.py:3262} INFO - Creating ORM DAG for dataset_s3_bucket_consumer
[2024-12-06T22:19:19.075-0600] {logging_mixin.py:190} INFO - [2024-12-06T22:19:19.075-0600] {dag.py:3262} INFO - Creating ORM DAG for dataset_s3_bucket_producer
[2024-12-06T22:19:19.076-0600] {logging_mixin.py:190} INFO - [2024-12-06T22:19:19.076-0600] {dag.py:3262} INFO - Creating ORM DAG for dataset_alias_example_alias_producer
[2024-12-06T22:19:19.080-0600] {logging_mixin.py:190} INFO - [2024-12-06T22:19:19.080-0600] {dag.py:4180} INFO - Setting next_dagrun for dataset_alias_example_alias_consumer to None, run_after=None
[2024-12-06T22:19:19.080-0600] {logging_mixin.py:190} INFO - [2024-12-06T22:19:19.080-0600] {dag.py:4180} INFO - Setting next_dagrun for dataset_alias_example_alias_producer to None, run_after=None
[2024-12-06T22:19:19.081-0600] {logging_mixin.py:190} INFO - [2024-12-06T22:19:19.081-0600] {dag.py:4180} INFO - Setting next_dagrun for dataset_s3_bucket_consumer to None, run_after=None
[2024-12-06T22:19:19.081-0600] {logging_mixin.py:190} INFO - [2024-12-06T22:19:19.081-0600] {dag.py:4180} INFO - Setting next_dagrun for dataset_s3_bucket_producer to None, run_after=None
[2024-12-06T22:19:19.097-0600] {processor.py:208} INFO - Processing /home/m9d9v9/PycharmProjects/Airflow-2/Airflow-2/.venv/lib/python3.10/site-packages/airflow/example_dags/example_dataset_alias.py took 0.318 seconds
[2024-12-06T22:20:17.321-0600] {processor.py:186} INFO - Started process (PID=12647) to work on /home/m9d9v9/PycharmProjects/Airflow-2/Airflow-2/.venv/lib/python3.10/site-packages/airflow/example_dags/example_dataset_alias.py
[2024-12-06T22:20:17.323-0600] {processor.py:914} INFO - Processing file /home/m9d9v9/PycharmProjects/Airflow-2/Airflow-2/.venv/lib/python3.10/site-packages/airflow/example_dags/example_dataset_alias.py for tasks to queue
[2024-12-06T22:20:17.324-0600] {logging_mixin.py:190} INFO - [2024-12-06T22:20:17.324-0600] {dagbag.py:588} INFO - Filling up the DagBag from /home/m9d9v9/PycharmProjects/Airflow-2/Airflow-2/.venv/lib/python3.10/site-packages/airflow/example_dags/example_dataset_alias.py
[2024-12-06T22:20:17.344-0600] {processor.py:925} INFO - DAG(s) 'dataset_s3_bucket_consumer', 'dataset_alias_example_alias_consumer', 'dataset_alias_example_alias_producer', 'dataset_s3_bucket_producer' retrieved from /home/m9d9v9/PycharmProjects/Airflow-2/Airflow-2/.venv/lib/python3.10/site-packages/airflow/example_dags/example_dataset_alias.py
[2024-12-06T22:20:17.360-0600] {logging_mixin.py:190} INFO - [2024-12-06T22:20:17.360-0600] {dag.py:3239} INFO - Sync 4 DAGs
[2024-12-06T22:20:17.373-0600] {logging_mixin.py:190} INFO - [2024-12-06T22:20:17.373-0600] {dag.py:4180} INFO - Setting next_dagrun for dataset_alias_example_alias_consumer to None, run_after=None
[2024-12-06T22:20:17.375-0600] {logging_mixin.py:190} INFO - [2024-12-06T22:20:17.375-0600] {dag.py:4180} INFO - Setting next_dagrun for dataset_alias_example_alias_producer to None, run_after=None
[2024-12-06T22:20:17.375-0600] {logging_mixin.py:190} INFO - [2024-12-06T22:20:17.375-0600] {dag.py:4180} INFO - Setting next_dagrun for dataset_s3_bucket_consumer to None, run_after=None
[2024-12-06T22:20:17.376-0600] {logging_mixin.py:190} INFO - [2024-12-06T22:20:17.376-0600] {dag.py:4180} INFO - Setting next_dagrun for dataset_s3_bucket_producer to None, run_after=None
[2024-12-06T22:20:17.392-0600] {processor.py:208} INFO - Processing /home/m9d9v9/PycharmProjects/Airflow-2/Airflow-2/.venv/lib/python3.10/site-packages/airflow/example_dags/example_dataset_alias.py took 0.075 seconds
[2024-12-06T22:21:36.846-0600] {processor.py:186} INFO - Started process (PID=12752) to work on /home/m9d9v9/PycharmProjects/Airflow-2/Airflow-2/.venv/lib/python3.10/site-packages/airflow/example_dags/example_dataset_alias.py
[2024-12-06T22:21:36.852-0600] {processor.py:914} INFO - Processing file /home/m9d9v9/PycharmProjects/Airflow-2/Airflow-2/.venv/lib/python3.10/site-packages/airflow/example_dags/example_dataset_alias.py for tasks to queue
[2024-12-06T22:21:36.855-0600] {logging_mixin.py:190} INFO - [2024-12-06T22:21:36.854-0600] {dagbag.py:588} INFO - Filling up the DagBag from /home/m9d9v9/PycharmProjects/Airflow-2/Airflow-2/.venv/lib/python3.10/site-packages/airflow/example_dags/example_dataset_alias.py
[2024-12-06T22:21:36.890-0600] {processor.py:925} INFO - DAG(s) 'dataset_alias_example_alias_consumer', 'dataset_s3_bucket_consumer', 'dataset_alias_example_alias_producer', 'dataset_s3_bucket_producer' retrieved from /home/m9d9v9/PycharmProjects/Airflow-2/Airflow-2/.venv/lib/python3.10/site-packages/airflow/example_dags/example_dataset_alias.py
[2024-12-06T22:21:36.905-0600] {logging_mixin.py:190} INFO - [2024-12-06T22:21:36.905-0600] {dag.py:3239} INFO - Sync 4 DAGs
[2024-12-06T22:21:36.920-0600] {logging_mixin.py:190} INFO - [2024-12-06T22:21:36.920-0600] {dag.py:4180} INFO - Setting next_dagrun for dataset_alias_example_alias_consumer to None, run_after=None
[2024-12-06T22:21:36.922-0600] {logging_mixin.py:190} INFO - [2024-12-06T22:21:36.921-0600] {dag.py:4180} INFO - Setting next_dagrun for dataset_alias_example_alias_producer to None, run_after=None
[2024-12-06T22:21:36.922-0600] {logging_mixin.py:190} INFO - [2024-12-06T22:21:36.922-0600] {dag.py:4180} INFO - Setting next_dagrun for dataset_s3_bucket_consumer to None, run_after=None
[2024-12-06T22:21:36.923-0600] {logging_mixin.py:190} INFO - [2024-12-06T22:21:36.923-0600] {dag.py:4180} INFO - Setting next_dagrun for dataset_s3_bucket_producer to None, run_after=None
[2024-12-06T22:21:36.939-0600] {processor.py:208} INFO - Processing /home/m9d9v9/PycharmProjects/Airflow-2/Airflow-2/.venv/lib/python3.10/site-packages/airflow/example_dags/example_dataset_alias.py took 0.101 seconds
[2024-12-06T22:22:33.818-0600] {processor.py:186} INFO - Started process (PID=12860) to work on /home/m9d9v9/PycharmProjects/Airflow-2/Airflow-2/.venv/lib/python3.10/site-packages/airflow/example_dags/example_dataset_alias.py
[2024-12-06T22:22:33.824-0600] {processor.py:914} INFO - Processing file /home/m9d9v9/PycharmProjects/Airflow-2/Airflow-2/.venv/lib/python3.10/site-packages/airflow/example_dags/example_dataset_alias.py for tasks to queue
[2024-12-06T22:22:33.826-0600] {logging_mixin.py:190} INFO - [2024-12-06T22:22:33.826-0600] {dagbag.py:588} INFO - Filling up the DagBag from /home/m9d9v9/PycharmProjects/Airflow-2/Airflow-2/.venv/lib/python3.10/site-packages/airflow/example_dags/example_dataset_alias.py
[2024-12-06T22:22:33.859-0600] {processor.py:925} INFO - DAG(s) 'dataset_alias_example_alias_producer', 'dataset_s3_bucket_consumer', 'dataset_alias_example_alias_consumer', 'dataset_s3_bucket_producer' retrieved from /home/m9d9v9/PycharmProjects/Airflow-2/Airflow-2/.venv/lib/python3.10/site-packages/airflow/example_dags/example_dataset_alias.py
[2024-12-06T22:22:33.876-0600] {logging_mixin.py:190} INFO - [2024-12-06T22:22:33.876-0600] {dag.py:3239} INFO - Sync 4 DAGs
[2024-12-06T22:22:33.890-0600] {logging_mixin.py:190} INFO - [2024-12-06T22:22:33.890-0600] {dag.py:4180} INFO - Setting next_dagrun for dataset_alias_example_alias_consumer to None, run_after=None
[2024-12-06T22:22:33.891-0600] {logging_mixin.py:190} INFO - [2024-12-06T22:22:33.891-0600] {dag.py:4180} INFO - Setting next_dagrun for dataset_alias_example_alias_producer to None, run_after=None
[2024-12-06T22:22:33.892-0600] {logging_mixin.py:190} INFO - [2024-12-06T22:22:33.892-0600] {dag.py:4180} INFO - Setting next_dagrun for dataset_s3_bucket_consumer to None, run_after=None
[2024-12-06T22:22:33.893-0600] {logging_mixin.py:190} INFO - [2024-12-06T22:22:33.892-0600] {dag.py:4180} INFO - Setting next_dagrun for dataset_s3_bucket_producer to None, run_after=None
[2024-12-06T22:22:33.907-0600] {processor.py:208} INFO - Processing /home/m9d9v9/PycharmProjects/Airflow-2/Airflow-2/.venv/lib/python3.10/site-packages/airflow/example_dags/example_dataset_alias.py took 0.098 seconds
[2024-12-06T22:23:50.424-0600] {processor.py:186} INFO - Started process (PID=12986) to work on /home/m9d9v9/PycharmProjects/Airflow-2/Airflow-2/.venv/lib/python3.10/site-packages/airflow/example_dags/example_dataset_alias.py
[2024-12-06T22:23:50.431-0600] {processor.py:914} INFO - Processing file /home/m9d9v9/PycharmProjects/Airflow-2/Airflow-2/.venv/lib/python3.10/site-packages/airflow/example_dags/example_dataset_alias.py for tasks to queue
[2024-12-06T22:23:50.433-0600] {logging_mixin.py:190} INFO - [2024-12-06T22:23:50.432-0600] {dagbag.py:588} INFO - Filling up the DagBag from /home/m9d9v9/PycharmProjects/Airflow-2/Airflow-2/.venv/lib/python3.10/site-packages/airflow/example_dags/example_dataset_alias.py
[2024-12-06T22:23:50.479-0600] {processor.py:925} INFO - DAG(s) 'dataset_alias_example_alias_producer', 'dataset_alias_example_alias_consumer', 'dataset_s3_bucket_producer', 'dataset_s3_bucket_consumer' retrieved from /home/m9d9v9/PycharmProjects/Airflow-2/Airflow-2/.venv/lib/python3.10/site-packages/airflow/example_dags/example_dataset_alias.py
[2024-12-06T22:23:50.491-0600] {logging_mixin.py:190} INFO - [2024-12-06T22:23:50.491-0600] {dag.py:3239} INFO - Sync 4 DAGs
[2024-12-06T22:23:50.505-0600] {logging_mixin.py:190} INFO - [2024-12-06T22:23:50.505-0600] {dag.py:4180} INFO - Setting next_dagrun for dataset_alias_example_alias_consumer to None, run_after=None
[2024-12-06T22:23:50.507-0600] {logging_mixin.py:190} INFO - [2024-12-06T22:23:50.507-0600] {dag.py:4180} INFO - Setting next_dagrun for dataset_alias_example_alias_producer to None, run_after=None
[2024-12-06T22:23:50.507-0600] {logging_mixin.py:190} INFO - [2024-12-06T22:23:50.507-0600] {dag.py:4180} INFO - Setting next_dagrun for dataset_s3_bucket_consumer to None, run_after=None
[2024-12-06T22:23:50.508-0600] {logging_mixin.py:190} INFO - [2024-12-06T22:23:50.508-0600] {dag.py:4180} INFO - Setting next_dagrun for dataset_s3_bucket_producer to None, run_after=None
[2024-12-06T22:23:50.523-0600] {processor.py:208} INFO - Processing /home/m9d9v9/PycharmProjects/Airflow-2/Airflow-2/.venv/lib/python3.10/site-packages/airflow/example_dags/example_dataset_alias.py took 0.113 seconds
[2024-12-06T22:25:15.634-0600] {processor.py:186} INFO - Started process (PID=13105) to work on /home/m9d9v9/PycharmProjects/Airflow-2/Airflow-2/.venv/lib/python3.10/site-packages/airflow/example_dags/example_dataset_alias.py
[2024-12-06T22:25:15.640-0600] {processor.py:914} INFO - Processing file /home/m9d9v9/PycharmProjects/Airflow-2/Airflow-2/.venv/lib/python3.10/site-packages/airflow/example_dags/example_dataset_alias.py for tasks to queue
[2024-12-06T22:25:15.642-0600] {logging_mixin.py:190} INFO - [2024-12-06T22:25:15.641-0600] {dagbag.py:588} INFO - Filling up the DagBag from /home/m9d9v9/PycharmProjects/Airflow-2/Airflow-2/.venv/lib/python3.10/site-packages/airflow/example_dags/example_dataset_alias.py
[2024-12-06T22:25:15.666-0600] {processor.py:925} INFO - DAG(s) 'dataset_s3_bucket_consumer', 'dataset_alias_example_alias_consumer', 'dataset_alias_example_alias_producer', 'dataset_s3_bucket_producer' retrieved from /home/m9d9v9/PycharmProjects/Airflow-2/Airflow-2/.venv/lib/python3.10/site-packages/airflow/example_dags/example_dataset_alias.py
[2024-12-06T22:25:15.686-0600] {logging_mixin.py:190} INFO - [2024-12-06T22:25:15.686-0600] {dag.py:3239} INFO - Sync 4 DAGs
[2024-12-06T22:25:15.706-0600] {logging_mixin.py:190} INFO - [2024-12-06T22:25:15.705-0600] {dag.py:4180} INFO - Setting next_dagrun for dataset_alias_example_alias_consumer to None, run_after=None
[2024-12-06T22:25:15.707-0600] {logging_mixin.py:190} INFO - [2024-12-06T22:25:15.707-0600] {dag.py:4180} INFO - Setting next_dagrun for dataset_alias_example_alias_producer to None, run_after=None
[2024-12-06T22:25:15.707-0600] {logging_mixin.py:190} INFO - [2024-12-06T22:25:15.707-0600] {dag.py:4180} INFO - Setting next_dagrun for dataset_s3_bucket_consumer to None, run_after=None
[2024-12-06T22:25:15.708-0600] {logging_mixin.py:190} INFO - [2024-12-06T22:25:15.708-0600] {dag.py:4180} INFO - Setting next_dagrun for dataset_s3_bucket_producer to None, run_after=None
[2024-12-06T22:25:15.722-0600] {processor.py:208} INFO - Processing /home/m9d9v9/PycharmProjects/Airflow-2/Airflow-2/.venv/lib/python3.10/site-packages/airflow/example_dags/example_dataset_alias.py took 0.094 seconds
[2024-12-06T22:26:12.870-0600] {processor.py:186} INFO - Started process (PID=13184) to work on /home/m9d9v9/PycharmProjects/Airflow-2/Airflow-2/.venv/lib/python3.10/site-packages/airflow/example_dags/example_dataset_alias.py
[2024-12-06T22:26:12.877-0600] {processor.py:914} INFO - Processing file /home/m9d9v9/PycharmProjects/Airflow-2/Airflow-2/.venv/lib/python3.10/site-packages/airflow/example_dags/example_dataset_alias.py for tasks to queue
[2024-12-06T22:26:12.880-0600] {logging_mixin.py:190} INFO - [2024-12-06T22:26:12.879-0600] {dagbag.py:588} INFO - Filling up the DagBag from /home/m9d9v9/PycharmProjects/Airflow-2/Airflow-2/.venv/lib/python3.10/site-packages/airflow/example_dags/example_dataset_alias.py
[2024-12-06T22:26:12.918-0600] {processor.py:925} INFO - DAG(s) 'dataset_alias_example_alias_producer', 'dataset_s3_bucket_consumer', 'dataset_alias_example_alias_consumer', 'dataset_s3_bucket_producer' retrieved from /home/m9d9v9/PycharmProjects/Airflow-2/Airflow-2/.venv/lib/python3.10/site-packages/airflow/example_dags/example_dataset_alias.py
[2024-12-06T22:26:12.929-0600] {logging_mixin.py:190} INFO - [2024-12-06T22:26:12.929-0600] {dag.py:3239} INFO - Sync 4 DAGs
[2024-12-06T22:26:12.942-0600] {logging_mixin.py:190} INFO - [2024-12-06T22:26:12.941-0600] {dag.py:4180} INFO - Setting next_dagrun for dataset_alias_example_alias_consumer to None, run_after=None
[2024-12-06T22:26:12.943-0600] {logging_mixin.py:190} INFO - [2024-12-06T22:26:12.943-0600] {dag.py:4180} INFO - Setting next_dagrun for dataset_alias_example_alias_producer to None, run_after=None
[2024-12-06T22:26:12.943-0600] {logging_mixin.py:190} INFO - [2024-12-06T22:26:12.943-0600] {dag.py:4180} INFO - Setting next_dagrun for dataset_s3_bucket_consumer to None, run_after=None
[2024-12-06T22:26:12.944-0600] {logging_mixin.py:190} INFO - [2024-12-06T22:26:12.944-0600] {dag.py:4180} INFO - Setting next_dagrun for dataset_s3_bucket_producer to None, run_after=None
[2024-12-06T22:26:12.958-0600] {processor.py:208} INFO - Processing /home/m9d9v9/PycharmProjects/Airflow-2/Airflow-2/.venv/lib/python3.10/site-packages/airflow/example_dags/example_dataset_alias.py took 0.100 seconds
[2024-12-06T22:37:37.489-0600] {processor.py:186} INFO - Started process (PID=14664) to work on /home/m9d9v9/PycharmProjects/Airflow-2/Airflow-2/.venv/lib/python3.10/site-packages/airflow/example_dags/example_dataset_alias.py
[2024-12-06T22:37:37.495-0600] {processor.py:914} INFO - Processing file /home/m9d9v9/PycharmProjects/Airflow-2/Airflow-2/.venv/lib/python3.10/site-packages/airflow/example_dags/example_dataset_alias.py for tasks to queue
[2024-12-06T22:37:37.499-0600] {logging_mixin.py:190} INFO - [2024-12-06T22:37:37.499-0600] {dagbag.py:588} INFO - Filling up the DagBag from /home/m9d9v9/PycharmProjects/Airflow-2/Airflow-2/.venv/lib/python3.10/site-packages/airflow/example_dags/example_dataset_alias.py
[2024-12-06T22:37:37.543-0600] {processor.py:925} INFO - DAG(s) 'dataset_s3_bucket_consumer', 'dataset_alias_example_alias_consumer', 'dataset_alias_example_alias_producer', 'dataset_s3_bucket_producer' retrieved from /home/m9d9v9/PycharmProjects/Airflow-2/Airflow-2/.venv/lib/python3.10/site-packages/airflow/example_dags/example_dataset_alias.py
[2024-12-06T22:37:37.554-0600] {logging_mixin.py:190} INFO - [2024-12-06T22:37:37.554-0600] {dag.py:3239} INFO - Sync 4 DAGs
[2024-12-06T22:37:37.566-0600] {logging_mixin.py:190} INFO - [2024-12-06T22:37:37.566-0600] {dag.py:4180} INFO - Setting next_dagrun for dataset_alias_example_alias_consumer to None, run_after=None
[2024-12-06T22:37:37.567-0600] {logging_mixin.py:190} INFO - [2024-12-06T22:37:37.567-0600] {dag.py:4180} INFO - Setting next_dagrun for dataset_alias_example_alias_producer to None, run_after=None
[2024-12-06T22:37:37.567-0600] {logging_mixin.py:190} INFO - [2024-12-06T22:37:37.567-0600] {dag.py:4180} INFO - Setting next_dagrun for dataset_s3_bucket_consumer to None, run_after=None
[2024-12-06T22:37:37.568-0600] {logging_mixin.py:190} INFO - [2024-12-06T22:37:37.568-0600] {dag.py:4180} INFO - Setting next_dagrun for dataset_s3_bucket_producer to None, run_after=None
[2024-12-06T22:37:37.585-0600] {processor.py:208} INFO - Processing /home/m9d9v9/PycharmProjects/Airflow-2/Airflow-2/.venv/lib/python3.10/site-packages/airflow/example_dags/example_dataset_alias.py took 0.101 seconds
[2024-12-06T22:38:35.351-0600] {processor.py:186} INFO - Started process (PID=14770) to work on /home/m9d9v9/PycharmProjects/Airflow-2/Airflow-2/.venv/lib/python3.10/site-packages/airflow/example_dags/example_dataset_alias.py
[2024-12-06T22:38:35.352-0600] {processor.py:914} INFO - Processing file /home/m9d9v9/PycharmProjects/Airflow-2/Airflow-2/.venv/lib/python3.10/site-packages/airflow/example_dags/example_dataset_alias.py for tasks to queue
[2024-12-06T22:38:35.355-0600] {logging_mixin.py:190} INFO - [2024-12-06T22:38:35.354-0600] {dagbag.py:588} INFO - Filling up the DagBag from /home/m9d9v9/PycharmProjects/Airflow-2/Airflow-2/.venv/lib/python3.10/site-packages/airflow/example_dags/example_dataset_alias.py
[2024-12-06T22:38:35.394-0600] {processor.py:925} INFO - DAG(s) 'dataset_alias_example_alias_consumer', 'dataset_s3_bucket_consumer', 'dataset_s3_bucket_producer', 'dataset_alias_example_alias_producer' retrieved from /home/m9d9v9/PycharmProjects/Airflow-2/Airflow-2/.venv/lib/python3.10/site-packages/airflow/example_dags/example_dataset_alias.py
[2024-12-06T22:38:35.418-0600] {logging_mixin.py:190} INFO - [2024-12-06T22:38:35.418-0600] {dag.py:3239} INFO - Sync 4 DAGs
[2024-12-06T22:38:35.437-0600] {logging_mixin.py:190} INFO - [2024-12-06T22:38:35.437-0600] {dag.py:4180} INFO - Setting next_dagrun for dataset_alias_example_alias_consumer to None, run_after=None
[2024-12-06T22:38:35.439-0600] {logging_mixin.py:190} INFO - [2024-12-06T22:38:35.439-0600] {dag.py:4180} INFO - Setting next_dagrun for dataset_alias_example_alias_producer to None, run_after=None
[2024-12-06T22:38:35.440-0600] {logging_mixin.py:190} INFO - [2024-12-06T22:38:35.440-0600] {dag.py:4180} INFO - Setting next_dagrun for dataset_s3_bucket_consumer to None, run_after=None
[2024-12-06T22:38:35.441-0600] {logging_mixin.py:190} INFO - [2024-12-06T22:38:35.441-0600] {dag.py:4180} INFO - Setting next_dagrun for dataset_s3_bucket_producer to None, run_after=None
[2024-12-06T22:38:35.460-0600] {processor.py:208} INFO - Processing /home/m9d9v9/PycharmProjects/Airflow-2/Airflow-2/.venv/lib/python3.10/site-packages/airflow/example_dags/example_dataset_alias.py took 0.121 seconds
[2024-12-06T22:39:32.677-0600] {processor.py:186} INFO - Started process (PID=14939) to work on /home/m9d9v9/PycharmProjects/Airflow-2/Airflow-2/.venv/lib/python3.10/site-packages/airflow/example_dags/example_dataset_alias.py
[2024-12-06T22:39:32.683-0600] {processor.py:914} INFO - Processing file /home/m9d9v9/PycharmProjects/Airflow-2/Airflow-2/.venv/lib/python3.10/site-packages/airflow/example_dags/example_dataset_alias.py for tasks to queue
[2024-12-06T22:39:32.685-0600] {logging_mixin.py:190} INFO - [2024-12-06T22:39:32.685-0600] {dagbag.py:588} INFO - Filling up the DagBag from /home/m9d9v9/PycharmProjects/Airflow-2/Airflow-2/.venv/lib/python3.10/site-packages/airflow/example_dags/example_dataset_alias.py
[2024-12-06T22:39:32.702-0600] {processor.py:925} INFO - DAG(s) 'dataset_s3_bucket_consumer', 'dataset_s3_bucket_producer', 'dataset_alias_example_alias_consumer', 'dataset_alias_example_alias_producer' retrieved from /home/m9d9v9/PycharmProjects/Airflow-2/Airflow-2/.venv/lib/python3.10/site-packages/airflow/example_dags/example_dataset_alias.py
[2024-12-06T22:39:32.715-0600] {logging_mixin.py:190} INFO - [2024-12-06T22:39:32.715-0600] {dag.py:3239} INFO - Sync 4 DAGs
[2024-12-06T22:39:32.729-0600] {logging_mixin.py:190} INFO - [2024-12-06T22:39:32.729-0600] {dag.py:4180} INFO - Setting next_dagrun for dataset_alias_example_alias_consumer to None, run_after=None
[2024-12-06T22:39:32.731-0600] {logging_mixin.py:190} INFO - [2024-12-06T22:39:32.731-0600] {dag.py:4180} INFO - Setting next_dagrun for dataset_alias_example_alias_producer to None, run_after=None
[2024-12-06T22:39:32.731-0600] {logging_mixin.py:190} INFO - [2024-12-06T22:39:32.731-0600] {dag.py:4180} INFO - Setting next_dagrun for dataset_s3_bucket_consumer to None, run_after=None
[2024-12-06T22:39:32.732-0600] {logging_mixin.py:190} INFO - [2024-12-06T22:39:32.732-0600] {dag.py:4180} INFO - Setting next_dagrun for dataset_s3_bucket_producer to None, run_after=None
[2024-12-06T22:39:32.746-0600] {processor.py:208} INFO - Processing /home/m9d9v9/PycharmProjects/Airflow-2/Airflow-2/.venv/lib/python3.10/site-packages/airflow/example_dags/example_dataset_alias.py took 0.075 seconds
[2024-12-06T22:40:33.448-0600] {processor.py:186} INFO - Started process (PID=15065) to work on /home/m9d9v9/PycharmProjects/Airflow-2/Airflow-2/.venv/lib/python3.10/site-packages/airflow/example_dags/example_dataset_alias.py
[2024-12-06T22:40:33.454-0600] {processor.py:914} INFO - Processing file /home/m9d9v9/PycharmProjects/Airflow-2/Airflow-2/.venv/lib/python3.10/site-packages/airflow/example_dags/example_dataset_alias.py for tasks to queue
[2024-12-06T22:40:33.456-0600] {logging_mixin.py:190} INFO - [2024-12-06T22:40:33.456-0600] {dagbag.py:588} INFO - Filling up the DagBag from /home/m9d9v9/PycharmProjects/Airflow-2/Airflow-2/.venv/lib/python3.10/site-packages/airflow/example_dags/example_dataset_alias.py
[2024-12-06T22:40:33.502-0600] {processor.py:925} INFO - DAG(s) 'dataset_s3_bucket_producer', 'dataset_alias_example_alias_producer', 'dataset_s3_bucket_consumer', 'dataset_alias_example_alias_consumer' retrieved from /home/m9d9v9/PycharmProjects/Airflow-2/Airflow-2/.venv/lib/python3.10/site-packages/airflow/example_dags/example_dataset_alias.py
[2024-12-06T22:40:33.513-0600] {logging_mixin.py:190} INFO - [2024-12-06T22:40:33.513-0600] {dag.py:3239} INFO - Sync 4 DAGs
[2024-12-06T22:40:33.525-0600] {logging_mixin.py:190} INFO - [2024-12-06T22:40:33.525-0600] {dag.py:4180} INFO - Setting next_dagrun for dataset_alias_example_alias_consumer to None, run_after=None
[2024-12-06T22:40:33.527-0600] {logging_mixin.py:190} INFO - [2024-12-06T22:40:33.527-0600] {dag.py:4180} INFO - Setting next_dagrun for dataset_alias_example_alias_producer to None, run_after=None
[2024-12-06T22:40:33.528-0600] {logging_mixin.py:190} INFO - [2024-12-06T22:40:33.528-0600] {dag.py:4180} INFO - Setting next_dagrun for dataset_s3_bucket_consumer to None, run_after=None
[2024-12-06T22:40:33.528-0600] {logging_mixin.py:190} INFO - [2024-12-06T22:40:33.528-0600] {dag.py:4180} INFO - Setting next_dagrun for dataset_s3_bucket_producer to None, run_after=None
[2024-12-06T22:40:33.543-0600] {processor.py:208} INFO - Processing /home/m9d9v9/PycharmProjects/Airflow-2/Airflow-2/.venv/lib/python3.10/site-packages/airflow/example_dags/example_dataset_alias.py took 0.101 seconds
[2024-12-06T23:25:44.666-0600] {processor.py:186} INFO - Started process (PID=17342) to work on /home/m9d9v9/PycharmProjects/Airflow-2/Airflow-2/.venv/lib/python3.10/site-packages/airflow/example_dags/example_dataset_alias.py
[2024-12-06T23:25:44.672-0600] {processor.py:914} INFO - Processing file /home/m9d9v9/PycharmProjects/Airflow-2/Airflow-2/.venv/lib/python3.10/site-packages/airflow/example_dags/example_dataset_alias.py for tasks to queue
[2024-12-06T23:25:44.674-0600] {logging_mixin.py:190} INFO - [2024-12-06T23:25:44.673-0600] {dagbag.py:588} INFO - Filling up the DagBag from /home/m9d9v9/PycharmProjects/Airflow-2/Airflow-2/.venv/lib/python3.10/site-packages/airflow/example_dags/example_dataset_alias.py
[2024-12-06T23:25:44.690-0600] {processor.py:925} INFO - DAG(s) 'dataset_alias_example_alias_producer', 'dataset_s3_bucket_producer', 'dataset_alias_example_alias_consumer', 'dataset_s3_bucket_consumer' retrieved from /home/m9d9v9/PycharmProjects/Airflow-2/Airflow-2/.venv/lib/python3.10/site-packages/airflow/example_dags/example_dataset_alias.py
[2024-12-06T23:25:44.704-0600] {logging_mixin.py:190} INFO - [2024-12-06T23:25:44.703-0600] {dag.py:3239} INFO - Sync 4 DAGs
[2024-12-06T23:25:44.716-0600] {logging_mixin.py:190} INFO - [2024-12-06T23:25:44.716-0600] {dag.py:4180} INFO - Setting next_dagrun for dataset_alias_example_alias_consumer to None, run_after=None
[2024-12-06T23:25:44.717-0600] {logging_mixin.py:190} INFO - [2024-12-06T23:25:44.717-0600] {dag.py:4180} INFO - Setting next_dagrun for dataset_alias_example_alias_producer to None, run_after=None
[2024-12-06T23:25:44.718-0600] {logging_mixin.py:190} INFO - [2024-12-06T23:25:44.718-0600] {dag.py:4180} INFO - Setting next_dagrun for dataset_s3_bucket_consumer to None, run_after=None
[2024-12-06T23:25:44.719-0600] {logging_mixin.py:190} INFO - [2024-12-06T23:25:44.719-0600] {dag.py:4180} INFO - Setting next_dagrun for dataset_s3_bucket_producer to None, run_after=None
[2024-12-06T23:25:44.734-0600] {processor.py:208} INFO - Processing /home/m9d9v9/PycharmProjects/Airflow-2/Airflow-2/.venv/lib/python3.10/site-packages/airflow/example_dags/example_dataset_alias.py took 0.073 seconds
[2024-12-06T23:26:42.347-0600] {processor.py:186} INFO - Started process (PID=17426) to work on /home/m9d9v9/PycharmProjects/Airflow-2/Airflow-2/.venv/lib/python3.10/site-packages/airflow/example_dags/example_dataset_alias.py
[2024-12-06T23:26:42.353-0600] {processor.py:914} INFO - Processing file /home/m9d9v9/PycharmProjects/Airflow-2/Airflow-2/.venv/lib/python3.10/site-packages/airflow/example_dags/example_dataset_alias.py for tasks to queue
[2024-12-06T23:26:42.355-0600] {logging_mixin.py:190} INFO - [2024-12-06T23:26:42.354-0600] {dagbag.py:588} INFO - Filling up the DagBag from /home/m9d9v9/PycharmProjects/Airflow-2/Airflow-2/.venv/lib/python3.10/site-packages/airflow/example_dags/example_dataset_alias.py
[2024-12-06T23:26:42.373-0600] {processor.py:925} INFO - DAG(s) 'dataset_s3_bucket_producer', 'dataset_s3_bucket_consumer', 'dataset_alias_example_alias_producer', 'dataset_alias_example_alias_consumer' retrieved from /home/m9d9v9/PycharmProjects/Airflow-2/Airflow-2/.venv/lib/python3.10/site-packages/airflow/example_dags/example_dataset_alias.py
[2024-12-06T23:26:42.385-0600] {logging_mixin.py:190} INFO - [2024-12-06T23:26:42.384-0600] {dag.py:3239} INFO - Sync 4 DAGs
[2024-12-06T23:26:42.395-0600] {logging_mixin.py:190} INFO - [2024-12-06T23:26:42.395-0600] {dag.py:4180} INFO - Setting next_dagrun for dataset_alias_example_alias_consumer to None, run_after=None
[2024-12-06T23:26:42.396-0600] {logging_mixin.py:190} INFO - [2024-12-06T23:26:42.396-0600] {dag.py:4180} INFO - Setting next_dagrun for dataset_alias_example_alias_producer to None, run_after=None
[2024-12-06T23:26:42.397-0600] {logging_mixin.py:190} INFO - [2024-12-06T23:26:42.397-0600] {dag.py:4180} INFO - Setting next_dagrun for dataset_s3_bucket_consumer to None, run_after=None
[2024-12-06T23:26:42.397-0600] {logging_mixin.py:190} INFO - [2024-12-06T23:26:42.397-0600] {dag.py:4180} INFO - Setting next_dagrun for dataset_s3_bucket_producer to None, run_after=None
[2024-12-06T23:26:42.411-0600] {processor.py:208} INFO - Processing /home/m9d9v9/PycharmProjects/Airflow-2/Airflow-2/.venv/lib/python3.10/site-packages/airflow/example_dags/example_dataset_alias.py took 0.068 seconds
[2024-12-06T23:27:39.576-0600] {processor.py:186} INFO - Started process (PID=17499) to work on /home/m9d9v9/PycharmProjects/Airflow-2/Airflow-2/.venv/lib/python3.10/site-packages/airflow/example_dags/example_dataset_alias.py
[2024-12-06T23:27:39.587-0600] {processor.py:914} INFO - Processing file /home/m9d9v9/PycharmProjects/Airflow-2/Airflow-2/.venv/lib/python3.10/site-packages/airflow/example_dags/example_dataset_alias.py for tasks to queue
[2024-12-06T23:27:39.588-0600] {logging_mixin.py:190} INFO - [2024-12-06T23:27:39.587-0600] {dagbag.py:588} INFO - Filling up the DagBag from /home/m9d9v9/PycharmProjects/Airflow-2/Airflow-2/.venv/lib/python3.10/site-packages/airflow/example_dags/example_dataset_alias.py
[2024-12-06T23:27:39.611-0600] {processor.py:925} INFO - DAG(s) 'dataset_alias_example_alias_producer', 'dataset_s3_bucket_producer', 'dataset_alias_example_alias_consumer', 'dataset_s3_bucket_consumer' retrieved from /home/m9d9v9/PycharmProjects/Airflow-2/Airflow-2/.venv/lib/python3.10/site-packages/airflow/example_dags/example_dataset_alias.py
[2024-12-06T23:27:39.622-0600] {logging_mixin.py:190} INFO - [2024-12-06T23:27:39.622-0600] {dag.py:3239} INFO - Sync 4 DAGs
[2024-12-06T23:27:39.633-0600] {logging_mixin.py:190} INFO - [2024-12-06T23:27:39.633-0600] {dag.py:4180} INFO - Setting next_dagrun for dataset_alias_example_alias_consumer to None, run_after=None
[2024-12-06T23:27:39.635-0600] {logging_mixin.py:190} INFO - [2024-12-06T23:27:39.634-0600] {dag.py:4180} INFO - Setting next_dagrun for dataset_alias_example_alias_producer to None, run_after=None
[2024-12-06T23:27:39.635-0600] {logging_mixin.py:190} INFO - [2024-12-06T23:27:39.635-0600] {dag.py:4180} INFO - Setting next_dagrun for dataset_s3_bucket_consumer to None, run_after=None
[2024-12-06T23:27:39.636-0600] {logging_mixin.py:190} INFO - [2024-12-06T23:27:39.635-0600] {dag.py:4180} INFO - Setting next_dagrun for dataset_s3_bucket_producer to None, run_after=None
[2024-12-06T23:27:39.648-0600] {processor.py:208} INFO - Processing /home/m9d9v9/PycharmProjects/Airflow-2/Airflow-2/.venv/lib/python3.10/site-packages/airflow/example_dags/example_dataset_alias.py took 0.075 seconds
[2024-12-06T23:29:04.528-0600] {processor.py:186} INFO - Started process (PID=17696) to work on /home/m9d9v9/PycharmProjects/Airflow-2/Airflow-2/.venv/lib/python3.10/site-packages/airflow/example_dags/example_dataset_alias.py
[2024-12-06T23:29:04.529-0600] {processor.py:914} INFO - Processing file /home/m9d9v9/PycharmProjects/Airflow-2/Airflow-2/.venv/lib/python3.10/site-packages/airflow/example_dags/example_dataset_alias.py for tasks to queue
[2024-12-06T23:29:04.530-0600] {logging_mixin.py:190} INFO - [2024-12-06T23:29:04.530-0600] {dagbag.py:588} INFO - Filling up the DagBag from /home/m9d9v9/PycharmProjects/Airflow-2/Airflow-2/.venv/lib/python3.10/site-packages/airflow/example_dags/example_dataset_alias.py
[2024-12-06T23:29:04.547-0600] {processor.py:925} INFO - DAG(s) 'dataset_s3_bucket_producer', 'dataset_s3_bucket_consumer', 'dataset_alias_example_alias_producer', 'dataset_alias_example_alias_consumer' retrieved from /home/m9d9v9/PycharmProjects/Airflow-2/Airflow-2/.venv/lib/python3.10/site-packages/airflow/example_dags/example_dataset_alias.py
[2024-12-06T23:29:04.559-0600] {logging_mixin.py:190} INFO - [2024-12-06T23:29:04.559-0600] {dag.py:3239} INFO - Sync 4 DAGs
[2024-12-06T23:29:04.572-0600] {logging_mixin.py:190} INFO - [2024-12-06T23:29:04.572-0600] {dag.py:4180} INFO - Setting next_dagrun for dataset_alias_example_alias_consumer to None, run_after=None
[2024-12-06T23:29:04.573-0600] {logging_mixin.py:190} INFO - [2024-12-06T23:29:04.573-0600] {dag.py:4180} INFO - Setting next_dagrun for dataset_alias_example_alias_producer to None, run_after=None
[2024-12-06T23:29:04.574-0600] {logging_mixin.py:190} INFO - [2024-12-06T23:29:04.574-0600] {dag.py:4180} INFO - Setting next_dagrun for dataset_s3_bucket_consumer to None, run_after=None
[2024-12-06T23:29:04.574-0600] {logging_mixin.py:190} INFO - [2024-12-06T23:29:04.574-0600] {dag.py:4180} INFO - Setting next_dagrun for dataset_s3_bucket_producer to None, run_after=None
[2024-12-06T23:29:04.589-0600] {processor.py:208} INFO - Processing /home/m9d9v9/PycharmProjects/Airflow-2/Airflow-2/.venv/lib/python3.10/site-packages/airflow/example_dags/example_dataset_alias.py took 0.066 seconds
[2024-12-06T23:30:28.903-0600] {processor.py:186} INFO - Started process (PID=17863) to work on /home/m9d9v9/PycharmProjects/Airflow-2/Airflow-2/.venv/lib/python3.10/site-packages/airflow/example_dags/example_dataset_alias.py
[2024-12-06T23:30:28.909-0600] {processor.py:914} INFO - Processing file /home/m9d9v9/PycharmProjects/Airflow-2/Airflow-2/.venv/lib/python3.10/site-packages/airflow/example_dags/example_dataset_alias.py for tasks to queue
[2024-12-06T23:30:28.911-0600] {logging_mixin.py:190} INFO - [2024-12-06T23:30:28.911-0600] {dagbag.py:588} INFO - Filling up the DagBag from /home/m9d9v9/PycharmProjects/Airflow-2/Airflow-2/.venv/lib/python3.10/site-packages/airflow/example_dags/example_dataset_alias.py
[2024-12-06T23:30:28.953-0600] {processor.py:925} INFO - DAG(s) 'dataset_s3_bucket_consumer', 'dataset_alias_example_alias_producer', 'dataset_s3_bucket_producer', 'dataset_alias_example_alias_consumer' retrieved from /home/m9d9v9/PycharmProjects/Airflow-2/Airflow-2/.venv/lib/python3.10/site-packages/airflow/example_dags/example_dataset_alias.py
[2024-12-06T23:30:28.964-0600] {logging_mixin.py:190} INFO - [2024-12-06T23:30:28.964-0600] {dag.py:3239} INFO - Sync 4 DAGs
[2024-12-06T23:30:29.074-0600] {logging_mixin.py:190} INFO - [2024-12-06T23:30:29.074-0600] {dag.py:4180} INFO - Setting next_dagrun for dataset_alias_example_alias_consumer to None, run_after=None
[2024-12-06T23:30:29.075-0600] {logging_mixin.py:190} INFO - [2024-12-06T23:30:29.075-0600] {dag.py:4180} INFO - Setting next_dagrun for dataset_alias_example_alias_producer to None, run_after=None
[2024-12-06T23:30:29.076-0600] {logging_mixin.py:190} INFO - [2024-12-06T23:30:29.075-0600] {dag.py:4180} INFO - Setting next_dagrun for dataset_s3_bucket_consumer to None, run_after=None
[2024-12-06T23:30:29.076-0600] {logging_mixin.py:190} INFO - [2024-12-06T23:30:29.076-0600] {dag.py:4180} INFO - Setting next_dagrun for dataset_s3_bucket_producer to None, run_after=None
[2024-12-06T23:30:29.093-0600] {processor.py:208} INFO - Processing /home/m9d9v9/PycharmProjects/Airflow-2/Airflow-2/.venv/lib/python3.10/site-packages/airflow/example_dags/example_dataset_alias.py took 0.200 seconds
[2024-12-06T23:31:55.146-0600] {processor.py:186} INFO - Started process (PID=18005) to work on /home/m9d9v9/PycharmProjects/Airflow-2/Airflow-2/.venv/lib/python3.10/site-packages/airflow/example_dags/example_dataset_alias.py
[2024-12-06T23:31:55.153-0600] {processor.py:914} INFO - Processing file /home/m9d9v9/PycharmProjects/Airflow-2/Airflow-2/.venv/lib/python3.10/site-packages/airflow/example_dags/example_dataset_alias.py for tasks to queue
[2024-12-06T23:31:55.156-0600] {logging_mixin.py:190} INFO - [2024-12-06T23:31:55.155-0600] {dagbag.py:588} INFO - Filling up the DagBag from /home/m9d9v9/PycharmProjects/Airflow-2/Airflow-2/.venv/lib/python3.10/site-packages/airflow/example_dags/example_dataset_alias.py
[2024-12-06T23:31:55.196-0600] {processor.py:925} INFO - DAG(s) 'dataset_alias_example_alias_producer', 'dataset_s3_bucket_producer', 'dataset_alias_example_alias_consumer', 'dataset_s3_bucket_consumer' retrieved from /home/m9d9v9/PycharmProjects/Airflow-2/Airflow-2/.venv/lib/python3.10/site-packages/airflow/example_dags/example_dataset_alias.py
[2024-12-06T23:31:55.207-0600] {logging_mixin.py:190} INFO - [2024-12-06T23:31:55.206-0600] {dag.py:3239} INFO - Sync 4 DAGs
[2024-12-06T23:31:55.306-0600] {logging_mixin.py:190} INFO - [2024-12-06T23:31:55.306-0600] {dag.py:4180} INFO - Setting next_dagrun for dataset_alias_example_alias_consumer to None, run_after=None
[2024-12-06T23:31:55.307-0600] {logging_mixin.py:190} INFO - [2024-12-06T23:31:55.307-0600] {dag.py:4180} INFO - Setting next_dagrun for dataset_alias_example_alias_producer to None, run_after=None
[2024-12-06T23:31:55.308-0600] {logging_mixin.py:190} INFO - [2024-12-06T23:31:55.308-0600] {dag.py:4180} INFO - Setting next_dagrun for dataset_s3_bucket_consumer to None, run_after=None
[2024-12-06T23:31:55.308-0600] {logging_mixin.py:190} INFO - [2024-12-06T23:31:55.308-0600] {dag.py:4180} INFO - Setting next_dagrun for dataset_s3_bucket_producer to None, run_after=None
[2024-12-06T23:31:55.326-0600] {processor.py:208} INFO - Processing /home/m9d9v9/PycharmProjects/Airflow-2/Airflow-2/.venv/lib/python3.10/site-packages/airflow/example_dags/example_dataset_alias.py took 0.190 seconds
[2024-12-06T23:32:53.148-0600] {processor.py:186} INFO - Started process (PID=18080) to work on /home/m9d9v9/PycharmProjects/Airflow-2/Airflow-2/.venv/lib/python3.10/site-packages/airflow/example_dags/example_dataset_alias.py
[2024-12-06T23:32:53.155-0600] {processor.py:914} INFO - Processing file /home/m9d9v9/PycharmProjects/Airflow-2/Airflow-2/.venv/lib/python3.10/site-packages/airflow/example_dags/example_dataset_alias.py for tasks to queue
[2024-12-06T23:32:53.158-0600] {logging_mixin.py:190} INFO - [2024-12-06T23:32:53.157-0600] {dagbag.py:588} INFO - Filling up the DagBag from /home/m9d9v9/PycharmProjects/Airflow-2/Airflow-2/.venv/lib/python3.10/site-packages/airflow/example_dags/example_dataset_alias.py
[2024-12-06T23:32:53.198-0600] {processor.py:925} INFO - DAG(s) 'dataset_s3_bucket_producer', 'dataset_alias_example_alias_consumer', 'dataset_s3_bucket_consumer', 'dataset_alias_example_alias_producer' retrieved from /home/m9d9v9/PycharmProjects/Airflow-2/Airflow-2/.venv/lib/python3.10/site-packages/airflow/example_dags/example_dataset_alias.py
[2024-12-06T23:32:53.208-0600] {logging_mixin.py:190} INFO - [2024-12-06T23:32:53.208-0600] {dag.py:3239} INFO - Sync 4 DAGs
[2024-12-06T23:32:53.219-0600] {logging_mixin.py:190} INFO - [2024-12-06T23:32:53.219-0600] {dag.py:4180} INFO - Setting next_dagrun for dataset_alias_example_alias_consumer to None, run_after=None
[2024-12-06T23:32:53.220-0600] {logging_mixin.py:190} INFO - [2024-12-06T23:32:53.220-0600] {dag.py:4180} INFO - Setting next_dagrun for dataset_alias_example_alias_producer to None, run_after=None
[2024-12-06T23:32:53.221-0600] {logging_mixin.py:190} INFO - [2024-12-06T23:32:53.221-0600] {dag.py:4180} INFO - Setting next_dagrun for dataset_s3_bucket_consumer to None, run_after=None
[2024-12-06T23:32:53.222-0600] {logging_mixin.py:190} INFO - [2024-12-06T23:32:53.222-0600] {dag.py:4180} INFO - Setting next_dagrun for dataset_s3_bucket_producer to None, run_after=None
[2024-12-06T23:32:53.332-0600] {processor.py:208} INFO - Processing /home/m9d9v9/PycharmProjects/Airflow-2/Airflow-2/.venv/lib/python3.10/site-packages/airflow/example_dags/example_dataset_alias.py took 0.195 seconds
[2024-12-06T23:34:17.242-0600] {processor.py:186} INFO - Started process (PID=18183) to work on /home/m9d9v9/PycharmProjects/Airflow-2/Airflow-2/.venv/lib/python3.10/site-packages/airflow/example_dags/example_dataset_alias.py
[2024-12-06T23:34:17.249-0600] {processor.py:914} INFO - Processing file /home/m9d9v9/PycharmProjects/Airflow-2/Airflow-2/.venv/lib/python3.10/site-packages/airflow/example_dags/example_dataset_alias.py for tasks to queue
[2024-12-06T23:34:17.250-0600] {logging_mixin.py:190} INFO - [2024-12-06T23:34:17.250-0600] {dagbag.py:588} INFO - Filling up the DagBag from /home/m9d9v9/PycharmProjects/Airflow-2/Airflow-2/.venv/lib/python3.10/site-packages/airflow/example_dags/example_dataset_alias.py
[2024-12-06T23:34:17.291-0600] {processor.py:925} INFO - DAG(s) 'dataset_s3_bucket_producer', 'dataset_alias_example_alias_consumer', 'dataset_alias_example_alias_producer', 'dataset_s3_bucket_consumer' retrieved from /home/m9d9v9/PycharmProjects/Airflow-2/Airflow-2/.venv/lib/python3.10/site-packages/airflow/example_dags/example_dataset_alias.py
[2024-12-06T23:34:17.302-0600] {logging_mixin.py:190} INFO - [2024-12-06T23:34:17.302-0600] {dag.py:3239} INFO - Sync 4 DAGs
[2024-12-06T23:34:17.406-0600] {logging_mixin.py:190} INFO - [2024-12-06T23:34:17.406-0600] {dag.py:4180} INFO - Setting next_dagrun for dataset_alias_example_alias_consumer to None, run_after=None
[2024-12-06T23:34:17.407-0600] {logging_mixin.py:190} INFO - [2024-12-06T23:34:17.407-0600] {dag.py:4180} INFO - Setting next_dagrun for dataset_alias_example_alias_producer to None, run_after=None
[2024-12-06T23:34:17.408-0600] {logging_mixin.py:190} INFO - [2024-12-06T23:34:17.408-0600] {dag.py:4180} INFO - Setting next_dagrun for dataset_s3_bucket_consumer to None, run_after=None
[2024-12-06T23:34:17.408-0600] {logging_mixin.py:190} INFO - [2024-12-06T23:34:17.408-0600] {dag.py:4180} INFO - Setting next_dagrun for dataset_s3_bucket_producer to None, run_after=None
[2024-12-06T23:34:17.426-0600] {processor.py:208} INFO - Processing /home/m9d9v9/PycharmProjects/Airflow-2/Airflow-2/.venv/lib/python3.10/site-packages/airflow/example_dags/example_dataset_alias.py took 0.194 seconds
[2024-12-06T23:35:19.216-0600] {processor.py:186} INFO - Started process (PID=18317) to work on /home/m9d9v9/PycharmProjects/Airflow-2/Airflow-2/.venv/lib/python3.10/site-packages/airflow/example_dags/example_dataset_alias.py
[2024-12-06T23:35:19.222-0600] {processor.py:914} INFO - Processing file /home/m9d9v9/PycharmProjects/Airflow-2/Airflow-2/.venv/lib/python3.10/site-packages/airflow/example_dags/example_dataset_alias.py for tasks to queue
[2024-12-06T23:35:19.224-0600] {logging_mixin.py:190} INFO - [2024-12-06T23:35:19.223-0600] {dagbag.py:588} INFO - Filling up the DagBag from /home/m9d9v9/PycharmProjects/Airflow-2/Airflow-2/.venv/lib/python3.10/site-packages/airflow/example_dags/example_dataset_alias.py
[2024-12-06T23:35:19.238-0600] {processor.py:925} INFO - DAG(s) 'dataset_alias_example_alias_consumer', 'dataset_alias_example_alias_producer', 'dataset_s3_bucket_consumer', 'dataset_s3_bucket_producer' retrieved from /home/m9d9v9/PycharmProjects/Airflow-2/Airflow-2/.venv/lib/python3.10/site-packages/airflow/example_dags/example_dataset_alias.py
[2024-12-06T23:35:19.248-0600] {logging_mixin.py:190} INFO - [2024-12-06T23:35:19.248-0600] {dag.py:3239} INFO - Sync 4 DAGs
[2024-12-06T23:35:19.259-0600] {logging_mixin.py:190} INFO - [2024-12-06T23:35:19.259-0600] {dag.py:4180} INFO - Setting next_dagrun for dataset_alias_example_alias_consumer to None, run_after=None
[2024-12-06T23:35:19.260-0600] {logging_mixin.py:190} INFO - [2024-12-06T23:35:19.260-0600] {dag.py:4180} INFO - Setting next_dagrun for dataset_alias_example_alias_producer to None, run_after=None
[2024-12-06T23:35:19.350-0600] {logging_mixin.py:190} INFO - [2024-12-06T23:35:19.349-0600] {dag.py:4180} INFO - Setting next_dagrun for dataset_s3_bucket_consumer to None, run_after=None
[2024-12-06T23:35:19.351-0600] {logging_mixin.py:190} INFO - [2024-12-06T23:35:19.350-0600] {dag.py:4180} INFO - Setting next_dagrun for dataset_s3_bucket_producer to None, run_after=None
[2024-12-06T23:35:19.370-0600] {processor.py:208} INFO - Processing /home/m9d9v9/PycharmProjects/Airflow-2/Airflow-2/.venv/lib/python3.10/site-packages/airflow/example_dags/example_dataset_alias.py took 0.158 seconds
[2024-12-06T23:36:22.601-0600] {processor.py:186} INFO - Started process (PID=18391) to work on /home/m9d9v9/PycharmProjects/Airflow-2/Airflow-2/.venv/lib/python3.10/site-packages/airflow/example_dags/example_dataset_alias.py
[2024-12-06T23:36:22.608-0600] {processor.py:914} INFO - Processing file /home/m9d9v9/PycharmProjects/Airflow-2/Airflow-2/.venv/lib/python3.10/site-packages/airflow/example_dags/example_dataset_alias.py for tasks to queue
[2024-12-06T23:36:22.611-0600] {logging_mixin.py:190} INFO - [2024-12-06T23:36:22.610-0600] {dagbag.py:588} INFO - Filling up the DagBag from /home/m9d9v9/PycharmProjects/Airflow-2/Airflow-2/.venv/lib/python3.10/site-packages/airflow/example_dags/example_dataset_alias.py
[2024-12-06T23:36:22.646-0600] {processor.py:925} INFO - DAG(s) 'dataset_alias_example_alias_producer', 'dataset_s3_bucket_producer', 'dataset_alias_example_alias_consumer', 'dataset_s3_bucket_consumer' retrieved from /home/m9d9v9/PycharmProjects/Airflow-2/Airflow-2/.venv/lib/python3.10/site-packages/airflow/example_dags/example_dataset_alias.py
[2024-12-06T23:36:22.657-0600] {logging_mixin.py:190} INFO - [2024-12-06T23:36:22.657-0600] {dag.py:3239} INFO - Sync 4 DAGs
[2024-12-06T23:36:22.668-0600] {logging_mixin.py:190} INFO - [2024-12-06T23:36:22.668-0600] {dag.py:4180} INFO - Setting next_dagrun for dataset_alias_example_alias_consumer to None, run_after=None
[2024-12-06T23:36:22.669-0600] {logging_mixin.py:190} INFO - [2024-12-06T23:36:22.669-0600] {dag.py:4180} INFO - Setting next_dagrun for dataset_alias_example_alias_producer to None, run_after=None
[2024-12-06T23:36:22.670-0600] {logging_mixin.py:190} INFO - [2024-12-06T23:36:22.669-0600] {dag.py:4180} INFO - Setting next_dagrun for dataset_s3_bucket_consumer to None, run_after=None
[2024-12-06T23:36:22.670-0600] {logging_mixin.py:190} INFO - [2024-12-06T23:36:22.670-0600] {dag.py:4180} INFO - Setting next_dagrun for dataset_s3_bucket_producer to None, run_after=None
[2024-12-06T23:36:22.775-0600] {processor.py:208} INFO - Processing /home/m9d9v9/PycharmProjects/Airflow-2/Airflow-2/.venv/lib/python3.10/site-packages/airflow/example_dags/example_dataset_alias.py took 0.185 seconds
[2024-12-06T23:37:23.997-0600] {processor.py:186} INFO - Started process (PID=18667) to work on /home/m9d9v9/PycharmProjects/Airflow-2/Airflow-2/.venv/lib/python3.10/site-packages/airflow/example_dags/example_dataset_alias.py
[2024-12-06T23:37:23.998-0600] {processor.py:914} INFO - Processing file /home/m9d9v9/PycharmProjects/Airflow-2/Airflow-2/.venv/lib/python3.10/site-packages/airflow/example_dags/example_dataset_alias.py for tasks to queue
[2024-12-06T23:37:23.999-0600] {logging_mixin.py:190} INFO - [2024-12-06T23:37:23.999-0600] {dagbag.py:588} INFO - Filling up the DagBag from /home/m9d9v9/PycharmProjects/Airflow-2/Airflow-2/.venv/lib/python3.10/site-packages/airflow/example_dags/example_dataset_alias.py
[2024-12-06T23:37:24.130-0600] {processor.py:925} INFO - DAG(s) 'dataset_s3_bucket_producer', 'dataset_alias_example_alias_consumer', 'dataset_s3_bucket_consumer', 'dataset_alias_example_alias_producer' retrieved from /home/m9d9v9/PycharmProjects/Airflow-2/Airflow-2/.venv/lib/python3.10/site-packages/airflow/example_dags/example_dataset_alias.py
[2024-12-06T23:37:24.147-0600] {logging_mixin.py:190} INFO - [2024-12-06T23:37:24.146-0600] {dag.py:3239} INFO - Sync 4 DAGs
[2024-12-06T23:37:24.158-0600] {logging_mixin.py:190} INFO - [2024-12-06T23:37:24.158-0600] {dag.py:4180} INFO - Setting next_dagrun for dataset_alias_example_alias_consumer to None, run_after=None
[2024-12-06T23:37:24.159-0600] {logging_mixin.py:190} INFO - [2024-12-06T23:37:24.159-0600] {dag.py:4180} INFO - Setting next_dagrun for dataset_alias_example_alias_producer to None, run_after=None
[2024-12-06T23:37:24.159-0600] {logging_mixin.py:190} INFO - [2024-12-06T23:37:24.159-0600] {dag.py:4180} INFO - Setting next_dagrun for dataset_s3_bucket_consumer to None, run_after=None
[2024-12-06T23:37:24.160-0600] {logging_mixin.py:190} INFO - [2024-12-06T23:37:24.160-0600] {dag.py:4180} INFO - Setting next_dagrun for dataset_s3_bucket_producer to None, run_after=None
[2024-12-06T23:37:24.173-0600] {processor.py:208} INFO - Processing /home/m9d9v9/PycharmProjects/Airflow-2/Airflow-2/.venv/lib/python3.10/site-packages/airflow/example_dags/example_dataset_alias.py took 0.181 seconds
[2024-12-06T23:38:24.054-0600] {processor.py:186} INFO - Started process (PID=18796) to work on /home/m9d9v9/PycharmProjects/Airflow-2/Airflow-2/.venv/lib/python3.10/site-packages/airflow/example_dags/example_dataset_alias.py
[2024-12-06T23:38:24.060-0600] {processor.py:914} INFO - Processing file /home/m9d9v9/PycharmProjects/Airflow-2/Airflow-2/.venv/lib/python3.10/site-packages/airflow/example_dags/example_dataset_alias.py for tasks to queue
[2024-12-06T23:38:24.061-0600] {logging_mixin.py:190} INFO - [2024-12-06T23:38:24.061-0600] {dagbag.py:588} INFO - Filling up the DagBag from /home/m9d9v9/PycharmProjects/Airflow-2/Airflow-2/.venv/lib/python3.10/site-packages/airflow/example_dags/example_dataset_alias.py
[2024-12-06T23:38:24.075-0600] {processor.py:925} INFO - DAG(s) 'dataset_s3_bucket_consumer', 'dataset_alias_example_alias_consumer', 'dataset_alias_example_alias_producer', 'dataset_s3_bucket_producer' retrieved from /home/m9d9v9/PycharmProjects/Airflow-2/Airflow-2/.venv/lib/python3.10/site-packages/airflow/example_dags/example_dataset_alias.py
[2024-12-06T23:38:24.086-0600] {logging_mixin.py:190} INFO - [2024-12-06T23:38:24.086-0600] {dag.py:3239} INFO - Sync 4 DAGs
[2024-12-06T23:38:24.097-0600] {logging_mixin.py:190} INFO - [2024-12-06T23:38:24.096-0600] {dag.py:4180} INFO - Setting next_dagrun for dataset_alias_example_alias_consumer to None, run_after=None
[2024-12-06T23:38:24.098-0600] {logging_mixin.py:190} INFO - [2024-12-06T23:38:24.098-0600] {dag.py:4180} INFO - Setting next_dagrun for dataset_alias_example_alias_producer to None, run_after=None
[2024-12-06T23:38:24.098-0600] {logging_mixin.py:190} INFO - [2024-12-06T23:38:24.098-0600] {dag.py:4180} INFO - Setting next_dagrun for dataset_s3_bucket_consumer to None, run_after=None
[2024-12-06T23:38:24.099-0600] {logging_mixin.py:190} INFO - [2024-12-06T23:38:24.099-0600] {dag.py:4180} INFO - Setting next_dagrun for dataset_s3_bucket_producer to None, run_after=None
[2024-12-06T23:38:24.111-0600] {processor.py:208} INFO - Processing /home/m9d9v9/PycharmProjects/Airflow-2/Airflow-2/.venv/lib/python3.10/site-packages/airflow/example_dags/example_dataset_alias.py took 0.061 seconds
[2024-12-06T23:39:30.446-0600] {processor.py:186} INFO - Started process (PID=19056) to work on /home/m9d9v9/PycharmProjects/Airflow-2/Airflow-2/.venv/lib/python3.10/site-packages/airflow/example_dags/example_dataset_alias.py
[2024-12-06T23:39:30.453-0600] {processor.py:914} INFO - Processing file /home/m9d9v9/PycharmProjects/Airflow-2/Airflow-2/.venv/lib/python3.10/site-packages/airflow/example_dags/example_dataset_alias.py for tasks to queue
[2024-12-06T23:39:30.455-0600] {logging_mixin.py:190} INFO - [2024-12-06T23:39:30.455-0600] {dagbag.py:588} INFO - Filling up the DagBag from /home/m9d9v9/PycharmProjects/Airflow-2/Airflow-2/.venv/lib/python3.10/site-packages/airflow/example_dags/example_dataset_alias.py
[2024-12-06T23:39:30.493-0600] {processor.py:925} INFO - DAG(s) 'dataset_alias_example_alias_producer', 'dataset_alias_example_alias_consumer', 'dataset_s3_bucket_consumer', 'dataset_s3_bucket_producer' retrieved from /home/m9d9v9/PycharmProjects/Airflow-2/Airflow-2/.venv/lib/python3.10/site-packages/airflow/example_dags/example_dataset_alias.py
[2024-12-06T23:39:30.505-0600] {logging_mixin.py:190} INFO - [2024-12-06T23:39:30.505-0600] {dag.py:3239} INFO - Sync 4 DAGs
[2024-12-06T23:39:30.516-0600] {logging_mixin.py:190} INFO - [2024-12-06T23:39:30.516-0600] {dag.py:4180} INFO - Setting next_dagrun for dataset_alias_example_alias_consumer to None, run_after=None
[2024-12-06T23:39:30.518-0600] {logging_mixin.py:190} INFO - [2024-12-06T23:39:30.518-0600] {dag.py:4180} INFO - Setting next_dagrun for dataset_alias_example_alias_producer to None, run_after=None
[2024-12-06T23:39:30.518-0600] {logging_mixin.py:190} INFO - [2024-12-06T23:39:30.518-0600] {dag.py:4180} INFO - Setting next_dagrun for dataset_s3_bucket_consumer to None, run_after=None
[2024-12-06T23:39:30.519-0600] {logging_mixin.py:190} INFO - [2024-12-06T23:39:30.519-0600] {dag.py:4180} INFO - Setting next_dagrun for dataset_s3_bucket_producer to None, run_after=None
[2024-12-06T23:39:30.533-0600] {processor.py:208} INFO - Processing /home/m9d9v9/PycharmProjects/Airflow-2/Airflow-2/.venv/lib/python3.10/site-packages/airflow/example_dags/example_dataset_alias.py took 0.098 seconds
[2024-12-06T23:40:27.575-0600] {processor.py:186} INFO - Started process (PID=19238) to work on /home/m9d9v9/PycharmProjects/Airflow-2/Airflow-2/.venv/lib/python3.10/site-packages/airflow/example_dags/example_dataset_alias.py
[2024-12-06T23:40:27.576-0600] {processor.py:914} INFO - Processing file /home/m9d9v9/PycharmProjects/Airflow-2/Airflow-2/.venv/lib/python3.10/site-packages/airflow/example_dags/example_dataset_alias.py for tasks to queue
[2024-12-06T23:40:27.578-0600] {logging_mixin.py:190} INFO - [2024-12-06T23:40:27.577-0600] {dagbag.py:588} INFO - Filling up the DagBag from /home/m9d9v9/PycharmProjects/Airflow-2/Airflow-2/.venv/lib/python3.10/site-packages/airflow/example_dags/example_dataset_alias.py
[2024-12-06T23:40:27.596-0600] {processor.py:925} INFO - DAG(s) 'dataset_s3_bucket_consumer', 'dataset_s3_bucket_producer', 'dataset_alias_example_alias_consumer', 'dataset_alias_example_alias_producer' retrieved from /home/m9d9v9/PycharmProjects/Airflow-2/Airflow-2/.venv/lib/python3.10/site-packages/airflow/example_dags/example_dataset_alias.py
[2024-12-06T23:40:27.612-0600] {logging_mixin.py:190} INFO - [2024-12-06T23:40:27.612-0600] {dag.py:3239} INFO - Sync 4 DAGs
[2024-12-06T23:40:27.626-0600] {logging_mixin.py:190} INFO - [2024-12-06T23:40:27.626-0600] {dag.py:4180} INFO - Setting next_dagrun for dataset_alias_example_alias_consumer to None, run_after=None
[2024-12-06T23:40:27.627-0600] {logging_mixin.py:190} INFO - [2024-12-06T23:40:27.627-0600] {dag.py:4180} INFO - Setting next_dagrun for dataset_alias_example_alias_producer to None, run_after=None
[2024-12-06T23:40:27.628-0600] {logging_mixin.py:190} INFO - [2024-12-06T23:40:27.628-0600] {dag.py:4180} INFO - Setting next_dagrun for dataset_s3_bucket_consumer to None, run_after=None
[2024-12-06T23:40:27.628-0600] {logging_mixin.py:190} INFO - [2024-12-06T23:40:27.628-0600] {dag.py:4180} INFO - Setting next_dagrun for dataset_s3_bucket_producer to None, run_after=None
[2024-12-06T23:40:27.644-0600] {processor.py:208} INFO - Processing /home/m9d9v9/PycharmProjects/Airflow-2/Airflow-2/.venv/lib/python3.10/site-packages/airflow/example_dags/example_dataset_alias.py took 0.074 seconds
[2024-12-06T23:41:47.882-0600] {processor.py:186} INFO - Started process (PID=19370) to work on /home/m9d9v9/PycharmProjects/Airflow-2/Airflow-2/.venv/lib/python3.10/site-packages/airflow/example_dags/example_dataset_alias.py
[2024-12-06T23:41:47.888-0600] {processor.py:914} INFO - Processing file /home/m9d9v9/PycharmProjects/Airflow-2/Airflow-2/.venv/lib/python3.10/site-packages/airflow/example_dags/example_dataset_alias.py for tasks to queue
[2024-12-06T23:41:47.889-0600] {logging_mixin.py:190} INFO - [2024-12-06T23:41:47.889-0600] {dagbag.py:588} INFO - Filling up the DagBag from /home/m9d9v9/PycharmProjects/Airflow-2/Airflow-2/.venv/lib/python3.10/site-packages/airflow/example_dags/example_dataset_alias.py
[2024-12-06T23:41:47.904-0600] {processor.py:925} INFO - DAG(s) 'dataset_s3_bucket_producer', 'dataset_alias_example_alias_consumer', 'dataset_alias_example_alias_producer', 'dataset_s3_bucket_consumer' retrieved from /home/m9d9v9/PycharmProjects/Airflow-2/Airflow-2/.venv/lib/python3.10/site-packages/airflow/example_dags/example_dataset_alias.py
[2024-12-06T23:41:47.916-0600] {logging_mixin.py:190} INFO - [2024-12-06T23:41:47.916-0600] {dag.py:3239} INFO - Sync 4 DAGs
[2024-12-06T23:41:47.928-0600] {logging_mixin.py:190} INFO - [2024-12-06T23:41:47.928-0600] {dag.py:4180} INFO - Setting next_dagrun for dataset_alias_example_alias_consumer to None, run_after=None
[2024-12-06T23:41:47.929-0600] {logging_mixin.py:190} INFO - [2024-12-06T23:41:47.929-0600] {dag.py:4180} INFO - Setting next_dagrun for dataset_alias_example_alias_producer to None, run_after=None
[2024-12-06T23:41:47.930-0600] {logging_mixin.py:190} INFO - [2024-12-06T23:41:47.929-0600] {dag.py:4180} INFO - Setting next_dagrun for dataset_s3_bucket_consumer to None, run_after=None
[2024-12-06T23:41:47.930-0600] {logging_mixin.py:190} INFO - [2024-12-06T23:41:47.930-0600] {dag.py:4180} INFO - Setting next_dagrun for dataset_s3_bucket_producer to None, run_after=None
[2024-12-06T23:41:47.943-0600] {processor.py:208} INFO - Processing /home/m9d9v9/PycharmProjects/Airflow-2/Airflow-2/.venv/lib/python3.10/site-packages/airflow/example_dags/example_dataset_alias.py took 0.065 seconds
