[2024-12-06T22:18:48.932-0600] {processor.py:186} INFO - Started process (PID=12494) to work on /home/m9d9v9/PycharmProjects/Airflow-2/Airflow-2/.venv/lib/python3.10/site-packages/airflow/example_dags/example_inlet_event_extra.py
[2024-12-06T22:18:48.932-0600] {processor.py:914} INFO - Processing file /home/m9d9v9/PycharmProjects/Airflow-2/Airflow-2/.venv/lib/python3.10/site-packages/airflow/example_dags/example_inlet_event_extra.py for tasks to queue
[2024-12-06T22:18:48.936-0600] {logging_mixin.py:190} INFO - [2024-12-06T22:18:48.935-0600] {dagbag.py:588} INFO - Filling up the DagBag from /home/m9d9v9/PycharmProjects/Airflow-2/Airflow-2/.venv/lib/python3.10/site-packages/airflow/example_dags/example_inlet_event_extra.py
[2024-12-06T22:18:48.949-0600] {processor.py:925} INFO - DAG(s) 'read_dataset_event_from_classic', 'read_dataset_event' retrieved from /home/m9d9v9/PycharmProjects/Airflow-2/Airflow-2/.venv/lib/python3.10/site-packages/airflow/example_dags/example_inlet_event_extra.py
[2024-12-06T22:18:49.031-0600] {logging_mixin.py:190} INFO - [2024-12-06T22:18:49.031-0600] {override.py:1911} INFO - Created Permission View: can edit on DAG:read_dataset_event_from_classic
[2024-12-06T22:18:49.039-0600] {logging_mixin.py:190} INFO - [2024-12-06T22:18:49.039-0600] {override.py:1911} INFO - Created Permission View: can read on DAG:read_dataset_event_from_classic
[2024-12-06T22:18:49.045-0600] {logging_mixin.py:190} INFO - [2024-12-06T22:18:49.044-0600] {override.py:1911} INFO - Created Permission View: can delete on DAG:read_dataset_event_from_classic
[2024-12-06T22:18:49.053-0600] {logging_mixin.py:190} INFO - [2024-12-06T22:18:49.053-0600] {override.py:1911} INFO - Created Permission View: menu access on DAG Run:read_dataset_event_from_classic
[2024-12-06T22:18:49.059-0600] {logging_mixin.py:190} INFO - [2024-12-06T22:18:49.058-0600] {override.py:1911} INFO - Created Permission View: can create on DAG Run:read_dataset_event_from_classic
[2024-12-06T22:18:49.064-0600] {logging_mixin.py:190} INFO - [2024-12-06T22:18:49.064-0600] {override.py:1911} INFO - Created Permission View: can read on DAG Run:read_dataset_event_from_classic
[2024-12-06T22:18:49.070-0600] {logging_mixin.py:190} INFO - [2024-12-06T22:18:49.070-0600] {override.py:1911} INFO - Created Permission View: can delete on DAG Run:read_dataset_event_from_classic
[2024-12-06T22:18:49.085-0600] {logging_mixin.py:190} INFO - [2024-12-06T22:18:49.084-0600] {override.py:1911} INFO - Created Permission View: can edit on DAG:read_dataset_event
[2024-12-06T22:18:49.095-0600] {logging_mixin.py:190} INFO - [2024-12-06T22:18:49.094-0600] {override.py:1911} INFO - Created Permission View: can read on DAG:read_dataset_event
[2024-12-06T22:18:49.105-0600] {logging_mixin.py:190} INFO - [2024-12-06T22:18:49.105-0600] {override.py:1911} INFO - Created Permission View: can delete on DAG:read_dataset_event
[2024-12-06T22:18:49.126-0600] {logging_mixin.py:190} INFO - [2024-12-06T22:18:49.126-0600] {override.py:1911} INFO - Created Permission View: menu access on DAG Run:read_dataset_event
[2024-12-06T22:18:49.136-0600] {logging_mixin.py:190} INFO - [2024-12-06T22:18:49.136-0600] {override.py:1911} INFO - Created Permission View: can create on DAG Run:read_dataset_event
[2024-12-06T22:18:49.141-0600] {logging_mixin.py:190} INFO - [2024-12-06T22:18:49.141-0600] {override.py:1911} INFO - Created Permission View: can read on DAG Run:read_dataset_event
[2024-12-06T22:18:49.146-0600] {logging_mixin.py:190} INFO - [2024-12-06T22:18:49.146-0600] {override.py:1911} INFO - Created Permission View: can delete on DAG Run:read_dataset_event
[2024-12-06T22:18:49.146-0600] {logging_mixin.py:190} INFO - [2024-12-06T22:18:49.146-0600] {dag.py:3239} INFO - Sync 2 DAGs
[2024-12-06T22:18:49.154-0600] {logging_mixin.py:190} INFO - [2024-12-06T22:18:49.153-0600] {dag.py:3262} INFO - Creating ORM DAG for read_dataset_event_from_classic
[2024-12-06T22:18:49.154-0600] {logging_mixin.py:190} INFO - [2024-12-06T22:18:49.154-0600] {dag.py:3262} INFO - Creating ORM DAG for read_dataset_event
[2024-12-06T22:18:49.161-0600] {logging_mixin.py:190} INFO - [2024-12-06T22:18:49.161-0600] {dag.py:4180} INFO - Setting next_dagrun for read_dataset_event to 2024-12-06 00:00:00+00:00, run_after=2024-12-07 00:00:00+00:00
[2024-12-06T22:18:49.162-0600] {logging_mixin.py:190} INFO - [2024-12-06T22:18:49.162-0600] {dag.py:4180} INFO - Setting next_dagrun for read_dataset_event_from_classic to 2024-12-06 00:00:00+00:00, run_after=2024-12-07 00:00:00+00:00
[2024-12-06T22:18:49.175-0600] {processor.py:208} INFO - Processing /home/m9d9v9/PycharmProjects/Airflow-2/Airflow-2/.venv/lib/python3.10/site-packages/airflow/example_dags/example_inlet_event_extra.py took 0.250 seconds
[2024-12-06T22:19:49.884-0600] {processor.py:186} INFO - Started process (PID=12596) to work on /home/m9d9v9/PycharmProjects/Airflow-2/Airflow-2/.venv/lib/python3.10/site-packages/airflow/example_dags/example_inlet_event_extra.py
[2024-12-06T22:19:49.891-0600] {processor.py:914} INFO - Processing file /home/m9d9v9/PycharmProjects/Airflow-2/Airflow-2/.venv/lib/python3.10/site-packages/airflow/example_dags/example_inlet_event_extra.py for tasks to queue
[2024-12-06T22:19:49.895-0600] {logging_mixin.py:190} INFO - [2024-12-06T22:19:49.894-0600] {dagbag.py:588} INFO - Filling up the DagBag from /home/m9d9v9/PycharmProjects/Airflow-2/Airflow-2/.venv/lib/python3.10/site-packages/airflow/example_dags/example_inlet_event_extra.py
[2024-12-06T22:19:49.923-0600] {processor.py:925} INFO - DAG(s) 'read_dataset_event', 'read_dataset_event_from_classic' retrieved from /home/m9d9v9/PycharmProjects/Airflow-2/Airflow-2/.venv/lib/python3.10/site-packages/airflow/example_dags/example_inlet_event_extra.py
[2024-12-06T22:19:49.942-0600] {logging_mixin.py:190} INFO - [2024-12-06T22:19:49.942-0600] {dag.py:3239} INFO - Sync 2 DAGs
[2024-12-06T22:19:49.956-0600] {logging_mixin.py:190} INFO - [2024-12-06T22:19:49.956-0600] {dag.py:4180} INFO - Setting next_dagrun for read_dataset_event to 2024-12-06 00:00:00+00:00, run_after=2024-12-07 00:00:00+00:00
[2024-12-06T22:19:49.959-0600] {logging_mixin.py:190} INFO - [2024-12-06T22:19:49.959-0600] {dag.py:4180} INFO - Setting next_dagrun for read_dataset_event_from_classic to 2024-12-06 00:00:00+00:00, run_after=2024-12-07 00:00:00+00:00
[2024-12-06T22:19:49.970-0600] {processor.py:208} INFO - Processing /home/m9d9v9/PycharmProjects/Airflow-2/Airflow-2/.venv/lib/python3.10/site-packages/airflow/example_dags/example_inlet_event_extra.py took 0.098 seconds
[2024-12-06T22:20:45.676-0600] {processor.py:186} INFO - Started process (PID=12686) to work on /home/m9d9v9/PycharmProjects/Airflow-2/Airflow-2/.venv/lib/python3.10/site-packages/airflow/example_dags/example_inlet_event_extra.py
[2024-12-06T22:20:45.683-0600] {processor.py:914} INFO - Processing file /home/m9d9v9/PycharmProjects/Airflow-2/Airflow-2/.venv/lib/python3.10/site-packages/airflow/example_dags/example_inlet_event_extra.py for tasks to queue
[2024-12-06T22:20:45.688-0600] {logging_mixin.py:190} INFO - [2024-12-06T22:20:45.687-0600] {dagbag.py:588} INFO - Filling up the DagBag from /home/m9d9v9/PycharmProjects/Airflow-2/Airflow-2/.venv/lib/python3.10/site-packages/airflow/example_dags/example_inlet_event_extra.py
[2024-12-06T22:20:45.709-0600] {processor.py:925} INFO - DAG(s) 'read_dataset_event', 'read_dataset_event_from_classic' retrieved from /home/m9d9v9/PycharmProjects/Airflow-2/Airflow-2/.venv/lib/python3.10/site-packages/airflow/example_dags/example_inlet_event_extra.py
[2024-12-06T22:20:45.728-0600] {logging_mixin.py:190} INFO - [2024-12-06T22:20:45.728-0600] {dag.py:3239} INFO - Sync 2 DAGs
[2024-12-06T22:20:45.742-0600] {logging_mixin.py:190} INFO - [2024-12-06T22:20:45.742-0600] {dag.py:4180} INFO - Setting next_dagrun for read_dataset_event to 2024-12-06 00:00:00+00:00, run_after=2024-12-07 00:00:00+00:00
[2024-12-06T22:20:45.744-0600] {logging_mixin.py:190} INFO - [2024-12-06T22:20:45.744-0600] {dag.py:4180} INFO - Setting next_dagrun for read_dataset_event_from_classic to 2024-12-06 00:00:00+00:00, run_after=2024-12-07 00:00:00+00:00
[2024-12-06T22:20:45.756-0600] {processor.py:208} INFO - Processing /home/m9d9v9/PycharmProjects/Airflow-2/Airflow-2/.venv/lib/python3.10/site-packages/airflow/example_dags/example_inlet_event_extra.py took 0.092 seconds
[2024-12-06T22:21:43.956-0600] {processor.py:186} INFO - Started process (PID=12760) to work on /home/m9d9v9/PycharmProjects/Airflow-2/Airflow-2/.venv/lib/python3.10/site-packages/airflow/example_dags/example_inlet_event_extra.py
[2024-12-06T22:21:43.962-0600] {processor.py:914} INFO - Processing file /home/m9d9v9/PycharmProjects/Airflow-2/Airflow-2/.venv/lib/python3.10/site-packages/airflow/example_dags/example_inlet_event_extra.py for tasks to queue
[2024-12-06T22:21:43.967-0600] {logging_mixin.py:190} INFO - [2024-12-06T22:21:43.966-0600] {dagbag.py:588} INFO - Filling up the DagBag from /home/m9d9v9/PycharmProjects/Airflow-2/Airflow-2/.venv/lib/python3.10/site-packages/airflow/example_dags/example_inlet_event_extra.py
[2024-12-06T22:21:43.990-0600] {processor.py:925} INFO - DAG(s) 'read_dataset_event_from_classic', 'read_dataset_event' retrieved from /home/m9d9v9/PycharmProjects/Airflow-2/Airflow-2/.venv/lib/python3.10/site-packages/airflow/example_dags/example_inlet_event_extra.py
[2024-12-06T22:21:44.003-0600] {logging_mixin.py:190} INFO - [2024-12-06T22:21:44.003-0600] {dag.py:3239} INFO - Sync 2 DAGs
[2024-12-06T22:21:44.016-0600] {logging_mixin.py:190} INFO - [2024-12-06T22:21:44.016-0600] {dag.py:4180} INFO - Setting next_dagrun for read_dataset_event to 2024-12-06 00:00:00+00:00, run_after=2024-12-07 00:00:00+00:00
[2024-12-06T22:21:44.019-0600] {logging_mixin.py:190} INFO - [2024-12-06T22:21:44.019-0600] {dag.py:4180} INFO - Setting next_dagrun for read_dataset_event_from_classic to 2024-12-06 00:00:00+00:00, run_after=2024-12-07 00:00:00+00:00
[2024-12-06T22:21:44.031-0600] {processor.py:208} INFO - Processing /home/m9d9v9/PycharmProjects/Airflow-2/Airflow-2/.venv/lib/python3.10/site-packages/airflow/example_dags/example_inlet_event_extra.py took 0.088 seconds
[2024-12-06T22:23:01.634-0600] {processor.py:186} INFO - Started process (PID=12922) to work on /home/m9d9v9/PycharmProjects/Airflow-2/Airflow-2/.venv/lib/python3.10/site-packages/airflow/example_dags/example_inlet_event_extra.py
[2024-12-06T22:23:01.640-0600] {processor.py:914} INFO - Processing file /home/m9d9v9/PycharmProjects/Airflow-2/Airflow-2/.venv/lib/python3.10/site-packages/airflow/example_dags/example_inlet_event_extra.py for tasks to queue
[2024-12-06T22:23:01.642-0600] {logging_mixin.py:190} INFO - [2024-12-06T22:23:01.642-0600] {dagbag.py:588} INFO - Filling up the DagBag from /home/m9d9v9/PycharmProjects/Airflow-2/Airflow-2/.venv/lib/python3.10/site-packages/airflow/example_dags/example_inlet_event_extra.py
[2024-12-06T22:23:01.651-0600] {processor.py:925} INFO - DAG(s) 'read_dataset_event_from_classic', 'read_dataset_event' retrieved from /home/m9d9v9/PycharmProjects/Airflow-2/Airflow-2/.venv/lib/python3.10/site-packages/airflow/example_dags/example_inlet_event_extra.py
[2024-12-06T22:23:01.663-0600] {logging_mixin.py:190} INFO - [2024-12-06T22:23:01.663-0600] {dag.py:3239} INFO - Sync 2 DAGs
[2024-12-06T22:23:01.679-0600] {logging_mixin.py:190} INFO - [2024-12-06T22:23:01.679-0600] {dag.py:4180} INFO - Setting next_dagrun for read_dataset_event to 2024-12-06 00:00:00+00:00, run_after=2024-12-07 00:00:00+00:00
[2024-12-06T22:23:01.683-0600] {logging_mixin.py:190} INFO - [2024-12-06T22:23:01.683-0600] {dag.py:4180} INFO - Setting next_dagrun for read_dataset_event_from_classic to 2024-12-06 00:00:00+00:00, run_after=2024-12-07 00:00:00+00:00
[2024-12-06T22:23:01.694-0600] {processor.py:208} INFO - Processing /home/m9d9v9/PycharmProjects/Airflow-2/Airflow-2/.venv/lib/python3.10/site-packages/airflow/example_dags/example_inlet_event_extra.py took 0.065 seconds
[2024-12-06T22:23:59.598-0600] {processor.py:186} INFO - Started process (PID=12995) to work on /home/m9d9v9/PycharmProjects/Airflow-2/Airflow-2/.venv/lib/python3.10/site-packages/airflow/example_dags/example_inlet_event_extra.py
[2024-12-06T22:23:59.604-0600] {processor.py:914} INFO - Processing file /home/m9d9v9/PycharmProjects/Airflow-2/Airflow-2/.venv/lib/python3.10/site-packages/airflow/example_dags/example_inlet_event_extra.py for tasks to queue
[2024-12-06T22:23:59.606-0600] {logging_mixin.py:190} INFO - [2024-12-06T22:23:59.606-0600] {dagbag.py:588} INFO - Filling up the DagBag from /home/m9d9v9/PycharmProjects/Airflow-2/Airflow-2/.venv/lib/python3.10/site-packages/airflow/example_dags/example_inlet_event_extra.py
[2024-12-06T22:23:59.616-0600] {processor.py:925} INFO - DAG(s) 'read_dataset_event_from_classic', 'read_dataset_event' retrieved from /home/m9d9v9/PycharmProjects/Airflow-2/Airflow-2/.venv/lib/python3.10/site-packages/airflow/example_dags/example_inlet_event_extra.py
[2024-12-06T22:23:59.628-0600] {logging_mixin.py:190} INFO - [2024-12-06T22:23:59.628-0600] {dag.py:3239} INFO - Sync 2 DAGs
[2024-12-06T22:23:59.642-0600] {logging_mixin.py:190} INFO - [2024-12-06T22:23:59.642-0600] {dag.py:4180} INFO - Setting next_dagrun for read_dataset_event to 2024-12-06 00:00:00+00:00, run_after=2024-12-07 00:00:00+00:00
[2024-12-06T22:23:59.645-0600] {logging_mixin.py:190} INFO - [2024-12-06T22:23:59.644-0600] {dag.py:4180} INFO - Setting next_dagrun for read_dataset_event_from_classic to 2024-12-06 00:00:00+00:00, run_after=2024-12-07 00:00:00+00:00
[2024-12-06T22:23:59.656-0600] {processor.py:208} INFO - Processing /home/m9d9v9/PycharmProjects/Airflow-2/Airflow-2/.venv/lib/python3.10/site-packages/airflow/example_dags/example_inlet_event_extra.py took 0.063 seconds
[2024-12-06T22:24:55.578-0600] {processor.py:186} INFO - Started process (PID=13075) to work on /home/m9d9v9/PycharmProjects/Airflow-2/Airflow-2/.venv/lib/python3.10/site-packages/airflow/example_dags/example_inlet_event_extra.py
[2024-12-06T22:24:55.585-0600] {processor.py:914} INFO - Processing file /home/m9d9v9/PycharmProjects/Airflow-2/Airflow-2/.venv/lib/python3.10/site-packages/airflow/example_dags/example_inlet_event_extra.py for tasks to queue
[2024-12-06T22:24:55.587-0600] {logging_mixin.py:190} INFO - [2024-12-06T22:24:55.587-0600] {dagbag.py:588} INFO - Filling up the DagBag from /home/m9d9v9/PycharmProjects/Airflow-2/Airflow-2/.venv/lib/python3.10/site-packages/airflow/example_dags/example_inlet_event_extra.py
[2024-12-06T22:24:55.613-0600] {processor.py:925} INFO - DAG(s) 'read_dataset_event', 'read_dataset_event_from_classic' retrieved from /home/m9d9v9/PycharmProjects/Airflow-2/Airflow-2/.venv/lib/python3.10/site-packages/airflow/example_dags/example_inlet_event_extra.py
[2024-12-06T22:24:55.632-0600] {logging_mixin.py:190} INFO - [2024-12-06T22:24:55.632-0600] {dag.py:3239} INFO - Sync 2 DAGs
[2024-12-06T22:24:55.645-0600] {logging_mixin.py:190} INFO - [2024-12-06T22:24:55.645-0600] {dag.py:4180} INFO - Setting next_dagrun for read_dataset_event to 2024-12-06 00:00:00+00:00, run_after=2024-12-07 00:00:00+00:00
[2024-12-06T22:24:55.648-0600] {logging_mixin.py:190} INFO - [2024-12-06T22:24:55.648-0600] {dag.py:4180} INFO - Setting next_dagrun for read_dataset_event_from_classic to 2024-12-06 00:00:00+00:00, run_after=2024-12-07 00:00:00+00:00
[2024-12-06T22:24:55.659-0600] {processor.py:208} INFO - Processing /home/m9d9v9/PycharmProjects/Airflow-2/Airflow-2/.venv/lib/python3.10/site-packages/airflow/example_dags/example_inlet_event_extra.py took 0.094 seconds
[2024-12-06T22:25:52.613-0600] {processor.py:186} INFO - Started process (PID=13160) to work on /home/m9d9v9/PycharmProjects/Airflow-2/Airflow-2/.venv/lib/python3.10/site-packages/airflow/example_dags/example_inlet_event_extra.py
[2024-12-06T22:25:52.620-0600] {processor.py:914} INFO - Processing file /home/m9d9v9/PycharmProjects/Airflow-2/Airflow-2/.venv/lib/python3.10/site-packages/airflow/example_dags/example_inlet_event_extra.py for tasks to queue
[2024-12-06T22:25:52.621-0600] {logging_mixin.py:190} INFO - [2024-12-06T22:25:52.621-0600] {dagbag.py:588} INFO - Filling up the DagBag from /home/m9d9v9/PycharmProjects/Airflow-2/Airflow-2/.venv/lib/python3.10/site-packages/airflow/example_dags/example_inlet_event_extra.py
[2024-12-06T22:25:52.635-0600] {processor.py:925} INFO - DAG(s) 'read_dataset_event_from_classic', 'read_dataset_event' retrieved from /home/m9d9v9/PycharmProjects/Airflow-2/Airflow-2/.venv/lib/python3.10/site-packages/airflow/example_dags/example_inlet_event_extra.py
[2024-12-06T22:25:52.657-0600] {logging_mixin.py:190} INFO - [2024-12-06T22:25:52.656-0600] {dag.py:3239} INFO - Sync 2 DAGs
[2024-12-06T22:25:52.675-0600] {logging_mixin.py:190} INFO - [2024-12-06T22:25:52.675-0600] {dag.py:4180} INFO - Setting next_dagrun for read_dataset_event to 2024-12-06 00:00:00+00:00, run_after=2024-12-07 00:00:00+00:00
[2024-12-06T22:25:52.679-0600] {logging_mixin.py:190} INFO - [2024-12-06T22:25:52.679-0600] {dag.py:4180} INFO - Setting next_dagrun for read_dataset_event_from_classic to 2024-12-06 00:00:00+00:00, run_after=2024-12-07 00:00:00+00:00
[2024-12-06T22:25:52.698-0600] {processor.py:208} INFO - Processing /home/m9d9v9/PycharmProjects/Airflow-2/Airflow-2/.venv/lib/python3.10/site-packages/airflow/example_dags/example_inlet_event_extra.py took 0.093 seconds
[2024-12-06T22:26:49.392-0600] {processor.py:186} INFO - Started process (PID=13236) to work on /home/m9d9v9/PycharmProjects/Airflow-2/Airflow-2/.venv/lib/python3.10/site-packages/airflow/example_dags/example_inlet_event_extra.py
[2024-12-06T22:26:49.399-0600] {processor.py:914} INFO - Processing file /home/m9d9v9/PycharmProjects/Airflow-2/Airflow-2/.venv/lib/python3.10/site-packages/airflow/example_dags/example_inlet_event_extra.py for tasks to queue
[2024-12-06T22:26:49.402-0600] {logging_mixin.py:190} INFO - [2024-12-06T22:26:49.401-0600] {dagbag.py:588} INFO - Filling up the DagBag from /home/m9d9v9/PycharmProjects/Airflow-2/Airflow-2/.venv/lib/python3.10/site-packages/airflow/example_dags/example_inlet_event_extra.py
[2024-12-06T22:26:49.426-0600] {processor.py:925} INFO - DAG(s) 'read_dataset_event_from_classic', 'read_dataset_event' retrieved from /home/m9d9v9/PycharmProjects/Airflow-2/Airflow-2/.venv/lib/python3.10/site-packages/airflow/example_dags/example_inlet_event_extra.py
[2024-12-06T22:26:49.449-0600] {logging_mixin.py:190} INFO - [2024-12-06T22:26:49.449-0600] {dag.py:3239} INFO - Sync 2 DAGs
[2024-12-06T22:26:49.464-0600] {logging_mixin.py:190} INFO - [2024-12-06T22:26:49.464-0600] {dag.py:4180} INFO - Setting next_dagrun for read_dataset_event to 2024-12-06 00:00:00+00:00, run_after=2024-12-07 00:00:00+00:00
[2024-12-06T22:26:49.467-0600] {logging_mixin.py:190} INFO - [2024-12-06T22:26:49.467-0600] {dag.py:4180} INFO - Setting next_dagrun for read_dataset_event_from_classic to 2024-12-06 00:00:00+00:00, run_after=2024-12-07 00:00:00+00:00
[2024-12-06T22:26:49.480-0600] {processor.py:208} INFO - Processing /home/m9d9v9/PycharmProjects/Airflow-2/Airflow-2/.venv/lib/python3.10/site-packages/airflow/example_dags/example_inlet_event_extra.py took 0.098 seconds
[2024-12-06T22:37:10.315-0600] {processor.py:186} INFO - Started process (PID=14617) to work on /home/m9d9v9/PycharmProjects/Airflow-2/Airflow-2/.venv/lib/python3.10/site-packages/airflow/example_dags/example_inlet_event_extra.py
[2024-12-06T22:37:10.316-0600] {processor.py:914} INFO - Processing file /home/m9d9v9/PycharmProjects/Airflow-2/Airflow-2/.venv/lib/python3.10/site-packages/airflow/example_dags/example_inlet_event_extra.py for tasks to queue
[2024-12-06T22:37:10.318-0600] {logging_mixin.py:190} INFO - [2024-12-06T22:37:10.318-0600] {dagbag.py:588} INFO - Filling up the DagBag from /home/m9d9v9/PycharmProjects/Airflow-2/Airflow-2/.venv/lib/python3.10/site-packages/airflow/example_dags/example_inlet_event_extra.py
[2024-12-06T22:37:10.329-0600] {processor.py:925} INFO - DAG(s) 'read_dataset_event_from_classic', 'read_dataset_event' retrieved from /home/m9d9v9/PycharmProjects/Airflow-2/Airflow-2/.venv/lib/python3.10/site-packages/airflow/example_dags/example_inlet_event_extra.py
[2024-12-06T22:37:10.351-0600] {logging_mixin.py:190} INFO - [2024-12-06T22:37:10.351-0600] {dag.py:3239} INFO - Sync 2 DAGs
[2024-12-06T22:37:10.367-0600] {logging_mixin.py:190} INFO - [2024-12-06T22:37:10.366-0600] {dag.py:4180} INFO - Setting next_dagrun for read_dataset_event to 2024-12-06 00:00:00+00:00, run_after=2024-12-07 00:00:00+00:00
[2024-12-06T22:37:10.370-0600] {logging_mixin.py:190} INFO - [2024-12-06T22:37:10.370-0600] {dag.py:4180} INFO - Setting next_dagrun for read_dataset_event_from_classic to 2024-12-06 00:00:00+00:00, run_after=2024-12-07 00:00:00+00:00
[2024-12-06T22:37:10.382-0600] {processor.py:208} INFO - Processing /home/m9d9v9/PycharmProjects/Airflow-2/Airflow-2/.venv/lib/python3.10/site-packages/airflow/example_dags/example_inlet_event_extra.py took 0.072 seconds
[2024-12-06T22:38:08.443-0600] {processor.py:186} INFO - Started process (PID=14733) to work on /home/m9d9v9/PycharmProjects/Airflow-2/Airflow-2/.venv/lib/python3.10/site-packages/airflow/example_dags/example_inlet_event_extra.py
[2024-12-06T22:38:08.450-0600] {processor.py:914} INFO - Processing file /home/m9d9v9/PycharmProjects/Airflow-2/Airflow-2/.venv/lib/python3.10/site-packages/airflow/example_dags/example_inlet_event_extra.py for tasks to queue
[2024-12-06T22:38:08.453-0600] {logging_mixin.py:190} INFO - [2024-12-06T22:38:08.453-0600] {dagbag.py:588} INFO - Filling up the DagBag from /home/m9d9v9/PycharmProjects/Airflow-2/Airflow-2/.venv/lib/python3.10/site-packages/airflow/example_dags/example_inlet_event_extra.py
[2024-12-06T22:38:08.479-0600] {processor.py:925} INFO - DAG(s) 'read_dataset_event_from_classic', 'read_dataset_event' retrieved from /home/m9d9v9/PycharmProjects/Airflow-2/Airflow-2/.venv/lib/python3.10/site-packages/airflow/example_dags/example_inlet_event_extra.py
[2024-12-06T22:38:08.496-0600] {logging_mixin.py:190} INFO - [2024-12-06T22:38:08.495-0600] {dag.py:3239} INFO - Sync 2 DAGs
[2024-12-06T22:38:08.509-0600] {logging_mixin.py:190} INFO - [2024-12-06T22:38:08.509-0600] {dag.py:4180} INFO - Setting next_dagrun for read_dataset_event to 2024-12-06 00:00:00+00:00, run_after=2024-12-07 00:00:00+00:00
[2024-12-06T22:38:08.512-0600] {logging_mixin.py:190} INFO - [2024-12-06T22:38:08.512-0600] {dag.py:4180} INFO - Setting next_dagrun for read_dataset_event_from_classic to 2024-12-06 00:00:00+00:00, run_after=2024-12-07 00:00:00+00:00
[2024-12-06T22:38:08.526-0600] {processor.py:208} INFO - Processing /home/m9d9v9/PycharmProjects/Airflow-2/Airflow-2/.venv/lib/python3.10/site-packages/airflow/example_dags/example_inlet_event_extra.py took 0.097 seconds
[2024-12-06T22:39:05.837-0600] {processor.py:186} INFO - Started process (PID=14842) to work on /home/m9d9v9/PycharmProjects/Airflow-2/Airflow-2/.venv/lib/python3.10/site-packages/airflow/example_dags/example_inlet_event_extra.py
[2024-12-06T22:39:05.838-0600] {processor.py:914} INFO - Processing file /home/m9d9v9/PycharmProjects/Airflow-2/Airflow-2/.venv/lib/python3.10/site-packages/airflow/example_dags/example_inlet_event_extra.py for tasks to queue
[2024-12-06T22:39:05.840-0600] {logging_mixin.py:190} INFO - [2024-12-06T22:39:05.840-0600] {dagbag.py:588} INFO - Filling up the DagBag from /home/m9d9v9/PycharmProjects/Airflow-2/Airflow-2/.venv/lib/python3.10/site-packages/airflow/example_dags/example_inlet_event_extra.py
[2024-12-06T22:39:05.852-0600] {processor.py:925} INFO - DAG(s) 'read_dataset_event', 'read_dataset_event_from_classic' retrieved from /home/m9d9v9/PycharmProjects/Airflow-2/Airflow-2/.venv/lib/python3.10/site-packages/airflow/example_dags/example_inlet_event_extra.py
[2024-12-06T22:39:05.868-0600] {logging_mixin.py:190} INFO - [2024-12-06T22:39:05.868-0600] {dag.py:3239} INFO - Sync 2 DAGs
[2024-12-06T22:39:05.886-0600] {logging_mixin.py:190} INFO - [2024-12-06T22:39:05.886-0600] {dag.py:4180} INFO - Setting next_dagrun for read_dataset_event to 2024-12-06 00:00:00+00:00, run_after=2024-12-07 00:00:00+00:00
[2024-12-06T22:39:05.889-0600] {logging_mixin.py:190} INFO - [2024-12-06T22:39:05.889-0600] {dag.py:4180} INFO - Setting next_dagrun for read_dataset_event_from_classic to 2024-12-06 00:00:00+00:00, run_after=2024-12-07 00:00:00+00:00
[2024-12-06T22:39:05.900-0600] {processor.py:208} INFO - Processing /home/m9d9v9/PycharmProjects/Airflow-2/Airflow-2/.venv/lib/python3.10/site-packages/airflow/example_dags/example_inlet_event_extra.py took 0.069 seconds
[2024-12-06T22:40:05.721-0600] {processor.py:186} INFO - Started process (PID=15029) to work on /home/m9d9v9/PycharmProjects/Airflow-2/Airflow-2/.venv/lib/python3.10/site-packages/airflow/example_dags/example_inlet_event_extra.py
[2024-12-06T22:40:05.726-0600] {processor.py:914} INFO - Processing file /home/m9d9v9/PycharmProjects/Airflow-2/Airflow-2/.venv/lib/python3.10/site-packages/airflow/example_dags/example_inlet_event_extra.py for tasks to queue
[2024-12-06T22:40:05.728-0600] {logging_mixin.py:190} INFO - [2024-12-06T22:40:05.728-0600] {dagbag.py:588} INFO - Filling up the DagBag from /home/m9d9v9/PycharmProjects/Airflow-2/Airflow-2/.venv/lib/python3.10/site-packages/airflow/example_dags/example_inlet_event_extra.py
[2024-12-06T22:40:05.740-0600] {processor.py:925} INFO - DAG(s) 'read_dataset_event', 'read_dataset_event_from_classic' retrieved from /home/m9d9v9/PycharmProjects/Airflow-2/Airflow-2/.venv/lib/python3.10/site-packages/airflow/example_dags/example_inlet_event_extra.py
[2024-12-06T22:40:05.759-0600] {logging_mixin.py:190} INFO - [2024-12-06T22:40:05.759-0600] {dag.py:3239} INFO - Sync 2 DAGs
[2024-12-06T22:40:05.783-0600] {logging_mixin.py:190} INFO - [2024-12-06T22:40:05.782-0600] {dag.py:4180} INFO - Setting next_dagrun for read_dataset_event to 2024-12-06 00:00:00+00:00, run_after=2024-12-07 00:00:00+00:00
[2024-12-06T22:40:05.786-0600] {logging_mixin.py:190} INFO - [2024-12-06T22:40:05.785-0600] {dag.py:4180} INFO - Setting next_dagrun for read_dataset_event_from_classic to 2024-12-06 00:00:00+00:00, run_after=2024-12-07 00:00:00+00:00
[2024-12-06T22:40:05.796-0600] {processor.py:208} INFO - Processing /home/m9d9v9/PycharmProjects/Airflow-2/Airflow-2/.venv/lib/python3.10/site-packages/airflow/example_dags/example_inlet_event_extra.py took 0.083 seconds
[2024-12-06T22:41:05.966-0600] {processor.py:186} INFO - Started process (PID=15132) to work on /home/m9d9v9/PycharmProjects/Airflow-2/Airflow-2/.venv/lib/python3.10/site-packages/airflow/example_dags/example_inlet_event_extra.py
[2024-12-06T22:41:05.973-0600] {processor.py:914} INFO - Processing file /home/m9d9v9/PycharmProjects/Airflow-2/Airflow-2/.venv/lib/python3.10/site-packages/airflow/example_dags/example_inlet_event_extra.py for tasks to queue
[2024-12-06T22:41:05.977-0600] {logging_mixin.py:190} INFO - [2024-12-06T22:41:05.976-0600] {dagbag.py:588} INFO - Filling up the DagBag from /home/m9d9v9/PycharmProjects/Airflow-2/Airflow-2/.venv/lib/python3.10/site-packages/airflow/example_dags/example_inlet_event_extra.py
[2024-12-06T22:41:06.003-0600] {processor.py:925} INFO - DAG(s) 'read_dataset_event_from_classic', 'read_dataset_event' retrieved from /home/m9d9v9/PycharmProjects/Airflow-2/Airflow-2/.venv/lib/python3.10/site-packages/airflow/example_dags/example_inlet_event_extra.py
[2024-12-06T22:41:06.016-0600] {logging_mixin.py:190} INFO - [2024-12-06T22:41:06.016-0600] {dag.py:3239} INFO - Sync 2 DAGs
[2024-12-06T22:41:06.030-0600] {logging_mixin.py:190} INFO - [2024-12-06T22:41:06.029-0600] {dag.py:4180} INFO - Setting next_dagrun for read_dataset_event to 2024-12-06 00:00:00+00:00, run_after=2024-12-07 00:00:00+00:00
[2024-12-06T22:41:06.033-0600] {logging_mixin.py:190} INFO - [2024-12-06T22:41:06.032-0600] {dag.py:4180} INFO - Setting next_dagrun for read_dataset_event_from_classic to 2024-12-06 00:00:00+00:00, run_after=2024-12-07 00:00:00+00:00
[2024-12-06T22:41:06.044-0600] {processor.py:208} INFO - Processing /home/m9d9v9/PycharmProjects/Airflow-2/Airflow-2/.venv/lib/python3.10/site-packages/airflow/example_dags/example_inlet_event_extra.py took 0.096 seconds
[2024-12-06T23:25:16.365-0600] {processor.py:186} INFO - Started process (PID=17268) to work on /home/m9d9v9/PycharmProjects/Airflow-2/Airflow-2/.venv/lib/python3.10/site-packages/airflow/example_dags/example_inlet_event_extra.py
[2024-12-06T23:25:16.372-0600] {processor.py:914} INFO - Processing file /home/m9d9v9/PycharmProjects/Airflow-2/Airflow-2/.venv/lib/python3.10/site-packages/airflow/example_dags/example_inlet_event_extra.py for tasks to queue
[2024-12-06T23:25:16.376-0600] {logging_mixin.py:190} INFO - [2024-12-06T23:25:16.375-0600] {dagbag.py:588} INFO - Filling up the DagBag from /home/m9d9v9/PycharmProjects/Airflow-2/Airflow-2/.venv/lib/python3.10/site-packages/airflow/example_dags/example_inlet_event_extra.py
[2024-12-06T23:25:16.403-0600] {processor.py:925} INFO - DAG(s) 'read_dataset_event_from_classic', 'read_dataset_event' retrieved from /home/m9d9v9/PycharmProjects/Airflow-2/Airflow-2/.venv/lib/python3.10/site-packages/airflow/example_dags/example_inlet_event_extra.py
[2024-12-06T23:25:16.424-0600] {logging_mixin.py:190} INFO - [2024-12-06T23:25:16.424-0600] {dag.py:3239} INFO - Sync 2 DAGs
[2024-12-06T23:25:16.436-0600] {logging_mixin.py:190} INFO - [2024-12-06T23:25:16.436-0600] {dag.py:4180} INFO - Setting next_dagrun for read_dataset_event to 2024-12-06 00:00:00+00:00, run_after=2024-12-07 00:00:00+00:00
[2024-12-06T23:25:16.438-0600] {logging_mixin.py:190} INFO - [2024-12-06T23:25:16.438-0600] {dag.py:4180} INFO - Setting next_dagrun for read_dataset_event_from_classic to 2024-12-06 00:00:00+00:00, run_after=2024-12-07 00:00:00+00:00
[2024-12-06T23:25:16.450-0600] {processor.py:208} INFO - Processing /home/m9d9v9/PycharmProjects/Airflow-2/Airflow-2/.venv/lib/python3.10/site-packages/airflow/example_dags/example_inlet_event_extra.py took 0.096 seconds
[2024-12-06T23:26:15.619-0600] {processor.py:186} INFO - Started process (PID=17387) to work on /home/m9d9v9/PycharmProjects/Airflow-2/Airflow-2/.venv/lib/python3.10/site-packages/airflow/example_dags/example_inlet_event_extra.py
[2024-12-06T23:26:15.625-0600] {processor.py:914} INFO - Processing file /home/m9d9v9/PycharmProjects/Airflow-2/Airflow-2/.venv/lib/python3.10/site-packages/airflow/example_dags/example_inlet_event_extra.py for tasks to queue
[2024-12-06T23:26:15.627-0600] {logging_mixin.py:190} INFO - [2024-12-06T23:26:15.626-0600] {dagbag.py:588} INFO - Filling up the DagBag from /home/m9d9v9/PycharmProjects/Airflow-2/Airflow-2/.venv/lib/python3.10/site-packages/airflow/example_dags/example_inlet_event_extra.py
[2024-12-06T23:26:15.641-0600] {processor.py:925} INFO - DAG(s) 'read_dataset_event', 'read_dataset_event_from_classic' retrieved from /home/m9d9v9/PycharmProjects/Airflow-2/Airflow-2/.venv/lib/python3.10/site-packages/airflow/example_dags/example_inlet_event_extra.py
[2024-12-06T23:26:15.665-0600] {logging_mixin.py:190} INFO - [2024-12-06T23:26:15.664-0600] {dag.py:3239} INFO - Sync 2 DAGs
[2024-12-06T23:26:15.681-0600] {logging_mixin.py:190} INFO - [2024-12-06T23:26:15.680-0600] {dag.py:4180} INFO - Setting next_dagrun for read_dataset_event to 2024-12-06 00:00:00+00:00, run_after=2024-12-07 00:00:00+00:00
[2024-12-06T23:26:15.683-0600] {logging_mixin.py:190} INFO - [2024-12-06T23:26:15.683-0600] {dag.py:4180} INFO - Setting next_dagrun for read_dataset_event_from_classic to 2024-12-06 00:00:00+00:00, run_after=2024-12-07 00:00:00+00:00
[2024-12-06T23:26:15.693-0600] {processor.py:208} INFO - Processing /home/m9d9v9/PycharmProjects/Airflow-2/Airflow-2/.venv/lib/python3.10/site-packages/airflow/example_dags/example_inlet_event_extra.py took 0.083 seconds
[2024-12-06T23:27:12.838-0600] {processor.py:186} INFO - Started process (PID=17463) to work on /home/m9d9v9/PycharmProjects/Airflow-2/Airflow-2/.venv/lib/python3.10/site-packages/airflow/example_dags/example_inlet_event_extra.py
[2024-12-06T23:27:12.844-0600] {processor.py:914} INFO - Processing file /home/m9d9v9/PycharmProjects/Airflow-2/Airflow-2/.venv/lib/python3.10/site-packages/airflow/example_dags/example_inlet_event_extra.py for tasks to queue
[2024-12-06T23:27:12.845-0600] {logging_mixin.py:190} INFO - [2024-12-06T23:27:12.845-0600] {dagbag.py:588} INFO - Filling up the DagBag from /home/m9d9v9/PycharmProjects/Airflow-2/Airflow-2/.venv/lib/python3.10/site-packages/airflow/example_dags/example_inlet_event_extra.py
[2024-12-06T23:27:12.856-0600] {processor.py:925} INFO - DAG(s) 'read_dataset_event', 'read_dataset_event_from_classic' retrieved from /home/m9d9v9/PycharmProjects/Airflow-2/Airflow-2/.venv/lib/python3.10/site-packages/airflow/example_dags/example_inlet_event_extra.py
[2024-12-06T23:27:12.866-0600] {logging_mixin.py:190} INFO - [2024-12-06T23:27:12.866-0600] {dag.py:3239} INFO - Sync 2 DAGs
[2024-12-06T23:27:12.879-0600] {logging_mixin.py:190} INFO - [2024-12-06T23:27:12.878-0600] {dag.py:4180} INFO - Setting next_dagrun for read_dataset_event to 2024-12-06 00:00:00+00:00, run_after=2024-12-07 00:00:00+00:00
[2024-12-06T23:27:12.882-0600] {logging_mixin.py:190} INFO - [2024-12-06T23:27:12.882-0600] {dag.py:4180} INFO - Setting next_dagrun for read_dataset_event_from_classic to 2024-12-06 00:00:00+00:00, run_after=2024-12-07 00:00:00+00:00
[2024-12-06T23:27:12.893-0600] {processor.py:208} INFO - Processing /home/m9d9v9/PycharmProjects/Airflow-2/Airflow-2/.venv/lib/python3.10/site-packages/airflow/example_dags/example_inlet_event_extra.py took 0.060 seconds
[2024-12-06T23:28:10.038-0600] {processor.py:186} INFO - Started process (PID=17564) to work on /home/m9d9v9/PycharmProjects/Airflow-2/Airflow-2/.venv/lib/python3.10/site-packages/airflow/example_dags/example_inlet_event_extra.py
[2024-12-06T23:28:10.044-0600] {processor.py:914} INFO - Processing file /home/m9d9v9/PycharmProjects/Airflow-2/Airflow-2/.venv/lib/python3.10/site-packages/airflow/example_dags/example_inlet_event_extra.py for tasks to queue
[2024-12-06T23:28:10.045-0600] {logging_mixin.py:190} INFO - [2024-12-06T23:28:10.045-0600] {dagbag.py:588} INFO - Filling up the DagBag from /home/m9d9v9/PycharmProjects/Airflow-2/Airflow-2/.venv/lib/python3.10/site-packages/airflow/example_dags/example_inlet_event_extra.py
[2024-12-06T23:28:10.056-0600] {processor.py:925} INFO - DAG(s) 'read_dataset_event', 'read_dataset_event_from_classic' retrieved from /home/m9d9v9/PycharmProjects/Airflow-2/Airflow-2/.venv/lib/python3.10/site-packages/airflow/example_dags/example_inlet_event_extra.py
[2024-12-06T23:28:10.068-0600] {logging_mixin.py:190} INFO - [2024-12-06T23:28:10.068-0600] {dag.py:3239} INFO - Sync 2 DAGs
[2024-12-06T23:28:10.083-0600] {logging_mixin.py:190} INFO - [2024-12-06T23:28:10.083-0600] {dag.py:4180} INFO - Setting next_dagrun for read_dataset_event to 2024-12-06 00:00:00+00:00, run_after=2024-12-07 00:00:00+00:00
[2024-12-06T23:28:10.085-0600] {logging_mixin.py:190} INFO - [2024-12-06T23:28:10.085-0600] {dag.py:4180} INFO - Setting next_dagrun for read_dataset_event_from_classic to 2024-12-06 00:00:00+00:00, run_after=2024-12-07 00:00:00+00:00
[2024-12-06T23:28:10.097-0600] {processor.py:208} INFO - Processing /home/m9d9v9/PycharmProjects/Airflow-2/Airflow-2/.venv/lib/python3.10/site-packages/airflow/example_dags/example_inlet_event_extra.py took 0.063 seconds
[2024-12-06T23:29:06.821-0600] {processor.py:186} INFO - Started process (PID=17698) to work on /home/m9d9v9/PycharmProjects/Airflow-2/Airflow-2/.venv/lib/python3.10/site-packages/airflow/example_dags/example_inlet_event_extra.py
[2024-12-06T23:29:06.827-0600] {processor.py:914} INFO - Processing file /home/m9d9v9/PycharmProjects/Airflow-2/Airflow-2/.venv/lib/python3.10/site-packages/airflow/example_dags/example_inlet_event_extra.py for tasks to queue
[2024-12-06T23:29:06.828-0600] {logging_mixin.py:190} INFO - [2024-12-06T23:29:06.828-0600] {dagbag.py:588} INFO - Filling up the DagBag from /home/m9d9v9/PycharmProjects/Airflow-2/Airflow-2/.venv/lib/python3.10/site-packages/airflow/example_dags/example_inlet_event_extra.py
[2024-12-06T23:29:06.842-0600] {processor.py:925} INFO - DAG(s) 'read_dataset_event', 'read_dataset_event_from_classic' retrieved from /home/m9d9v9/PycharmProjects/Airflow-2/Airflow-2/.venv/lib/python3.10/site-packages/airflow/example_dags/example_inlet_event_extra.py
[2024-12-06T23:29:06.860-0600] {logging_mixin.py:190} INFO - [2024-12-06T23:29:06.859-0600] {dag.py:3239} INFO - Sync 2 DAGs
[2024-12-06T23:29:06.878-0600] {logging_mixin.py:190} INFO - [2024-12-06T23:29:06.878-0600] {dag.py:4180} INFO - Setting next_dagrun for read_dataset_event to 2024-12-06 00:00:00+00:00, run_after=2024-12-07 00:00:00+00:00
[2024-12-06T23:29:06.881-0600] {logging_mixin.py:190} INFO - [2024-12-06T23:29:06.881-0600] {dag.py:4180} INFO - Setting next_dagrun for read_dataset_event_from_classic to 2024-12-06 00:00:00+00:00, run_after=2024-12-07 00:00:00+00:00
[2024-12-06T23:29:06.891-0600] {processor.py:208} INFO - Processing /home/m9d9v9/PycharmProjects/Airflow-2/Airflow-2/.venv/lib/python3.10/site-packages/airflow/example_dags/example_inlet_event_extra.py took 0.078 seconds
[2024-12-06T23:30:04.042-0600] {processor.py:186} INFO - Started process (PID=17786) to work on /home/m9d9v9/PycharmProjects/Airflow-2/Airflow-2/.venv/lib/python3.10/site-packages/airflow/example_dags/example_inlet_event_extra.py
[2024-12-06T23:30:04.048-0600] {processor.py:914} INFO - Processing file /home/m9d9v9/PycharmProjects/Airflow-2/Airflow-2/.venv/lib/python3.10/site-packages/airflow/example_dags/example_inlet_event_extra.py for tasks to queue
[2024-12-06T23:30:04.050-0600] {logging_mixin.py:190} INFO - [2024-12-06T23:30:04.050-0600] {dagbag.py:588} INFO - Filling up the DagBag from /home/m9d9v9/PycharmProjects/Airflow-2/Airflow-2/.venv/lib/python3.10/site-packages/airflow/example_dags/example_inlet_event_extra.py
[2024-12-06T23:30:04.058-0600] {processor.py:925} INFO - DAG(s) 'read_dataset_event_from_classic', 'read_dataset_event' retrieved from /home/m9d9v9/PycharmProjects/Airflow-2/Airflow-2/.venv/lib/python3.10/site-packages/airflow/example_dags/example_inlet_event_extra.py
[2024-12-06T23:30:04.068-0600] {logging_mixin.py:190} INFO - [2024-12-06T23:30:04.068-0600] {dag.py:3239} INFO - Sync 2 DAGs
[2024-12-06T23:30:04.081-0600] {logging_mixin.py:190} INFO - [2024-12-06T23:30:04.081-0600] {dag.py:4180} INFO - Setting next_dagrun for read_dataset_event to 2024-12-06 00:00:00+00:00, run_after=2024-12-07 00:00:00+00:00
[2024-12-06T23:30:04.083-0600] {logging_mixin.py:190} INFO - [2024-12-06T23:30:04.083-0600] {dag.py:4180} INFO - Setting next_dagrun for read_dataset_event_from_classic to 2024-12-06 00:00:00+00:00, run_after=2024-12-07 00:00:00+00:00
[2024-12-06T23:30:04.094-0600] {processor.py:208} INFO - Processing /home/m9d9v9/PycharmProjects/Airflow-2/Airflow-2/.venv/lib/python3.10/site-packages/airflow/example_dags/example_inlet_event_extra.py took 0.056 seconds
[2024-12-06T23:30:58.785-0600] {processor.py:186} INFO - Started process (PID=17903) to work on /home/m9d9v9/PycharmProjects/Airflow-2/Airflow-2/.venv/lib/python3.10/site-packages/airflow/example_dags/example_inlet_event_extra.py
[2024-12-06T23:30:58.793-0600] {processor.py:914} INFO - Processing file /home/m9d9v9/PycharmProjects/Airflow-2/Airflow-2/.venv/lib/python3.10/site-packages/airflow/example_dags/example_inlet_event_extra.py for tasks to queue
[2024-12-06T23:30:58.794-0600] {logging_mixin.py:190} INFO - [2024-12-06T23:30:58.794-0600] {dagbag.py:588} INFO - Filling up the DagBag from /home/m9d9v9/PycharmProjects/Airflow-2/Airflow-2/.venv/lib/python3.10/site-packages/airflow/example_dags/example_inlet_event_extra.py
[2024-12-06T23:30:58.818-0600] {processor.py:925} INFO - DAG(s) 'read_dataset_event_from_classic', 'read_dataset_event' retrieved from /home/m9d9v9/PycharmProjects/Airflow-2/Airflow-2/.venv/lib/python3.10/site-packages/airflow/example_dags/example_inlet_event_extra.py
[2024-12-06T23:30:58.838-0600] {logging_mixin.py:190} INFO - [2024-12-06T23:30:58.838-0600] {dag.py:3239} INFO - Sync 2 DAGs
[2024-12-06T23:30:58.850-0600] {logging_mixin.py:190} INFO - [2024-12-06T23:30:58.850-0600] {dag.py:4180} INFO - Setting next_dagrun for read_dataset_event to 2024-12-06 00:00:00+00:00, run_after=2024-12-07 00:00:00+00:00
[2024-12-06T23:30:58.853-0600] {logging_mixin.py:190} INFO - [2024-12-06T23:30:58.852-0600] {dag.py:4180} INFO - Setting next_dagrun for read_dataset_event_from_classic to 2024-12-06 00:00:00+00:00, run_after=2024-12-07 00:00:00+00:00
[2024-12-06T23:30:58.863-0600] {processor.py:208} INFO - Processing /home/m9d9v9/PycharmProjects/Airflow-2/Airflow-2/.venv/lib/python3.10/site-packages/airflow/example_dags/example_inlet_event_extra.py took 0.089 seconds
[2024-12-06T23:31:57.398-0600] {processor.py:186} INFO - Started process (PID=18008) to work on /home/m9d9v9/PycharmProjects/Airflow-2/Airflow-2/.venv/lib/python3.10/site-packages/airflow/example_dags/example_inlet_event_extra.py
[2024-12-06T23:31:57.404-0600] {processor.py:914} INFO - Processing file /home/m9d9v9/PycharmProjects/Airflow-2/Airflow-2/.venv/lib/python3.10/site-packages/airflow/example_dags/example_inlet_event_extra.py for tasks to queue
[2024-12-06T23:31:57.406-0600] {logging_mixin.py:190} INFO - [2024-12-06T23:31:57.405-0600] {dagbag.py:588} INFO - Filling up the DagBag from /home/m9d9v9/PycharmProjects/Airflow-2/Airflow-2/.venv/lib/python3.10/site-packages/airflow/example_dags/example_inlet_event_extra.py
[2024-12-06T23:31:57.414-0600] {processor.py:925} INFO - DAG(s) 'read_dataset_event_from_classic', 'read_dataset_event' retrieved from /home/m9d9v9/PycharmProjects/Airflow-2/Airflow-2/.venv/lib/python3.10/site-packages/airflow/example_dags/example_inlet_event_extra.py
[2024-12-06T23:31:57.424-0600] {logging_mixin.py:190} INFO - [2024-12-06T23:31:57.424-0600] {dag.py:3239} INFO - Sync 2 DAGs
[2024-12-06T23:31:57.528-0600] {logging_mixin.py:190} INFO - [2024-12-06T23:31:57.528-0600] {dag.py:4180} INFO - Setting next_dagrun for read_dataset_event to 2024-12-06 00:00:00+00:00, run_after=2024-12-07 00:00:00+00:00
[2024-12-06T23:31:57.530-0600] {logging_mixin.py:190} INFO - [2024-12-06T23:31:57.530-0600] {dag.py:4180} INFO - Setting next_dagrun for read_dataset_event_from_classic to 2024-12-06 00:00:00+00:00, run_after=2024-12-07 00:00:00+00:00
[2024-12-06T23:31:57.549-0600] {processor.py:208} INFO - Processing /home/m9d9v9/PycharmProjects/Airflow-2/Airflow-2/.venv/lib/python3.10/site-packages/airflow/example_dags/example_inlet_event_extra.py took 0.155 seconds
[2024-12-06T23:32:55.584-0600] {processor.py:186} INFO - Started process (PID=18083) to work on /home/m9d9v9/PycharmProjects/Airflow-2/Airflow-2/.venv/lib/python3.10/site-packages/airflow/example_dags/example_inlet_event_extra.py
[2024-12-06T23:32:55.591-0600] {processor.py:914} INFO - Processing file /home/m9d9v9/PycharmProjects/Airflow-2/Airflow-2/.venv/lib/python3.10/site-packages/airflow/example_dags/example_inlet_event_extra.py for tasks to queue
[2024-12-06T23:32:55.593-0600] {logging_mixin.py:190} INFO - [2024-12-06T23:32:55.592-0600] {dagbag.py:588} INFO - Filling up the DagBag from /home/m9d9v9/PycharmProjects/Airflow-2/Airflow-2/.venv/lib/python3.10/site-packages/airflow/example_dags/example_inlet_event_extra.py
[2024-12-06T23:32:55.601-0600] {processor.py:925} INFO - DAG(s) 'read_dataset_event_from_classic', 'read_dataset_event' retrieved from /home/m9d9v9/PycharmProjects/Airflow-2/Airflow-2/.venv/lib/python3.10/site-packages/airflow/example_dags/example_inlet_event_extra.py
[2024-12-06T23:32:55.611-0600] {logging_mixin.py:190} INFO - [2024-12-06T23:32:55.611-0600] {dag.py:3239} INFO - Sync 2 DAGs
[2024-12-06T23:32:55.625-0600] {logging_mixin.py:190} INFO - [2024-12-06T23:32:55.625-0600] {dag.py:4180} INFO - Setting next_dagrun for read_dataset_event to 2024-12-06 00:00:00+00:00, run_after=2024-12-07 00:00:00+00:00
[2024-12-06T23:32:55.627-0600] {logging_mixin.py:190} INFO - [2024-12-06T23:32:55.627-0600] {dag.py:4180} INFO - Setting next_dagrun for read_dataset_event_from_classic to 2024-12-06 00:00:00+00:00, run_after=2024-12-07 00:00:00+00:00
[2024-12-06T23:32:55.638-0600] {processor.py:208} INFO - Processing /home/m9d9v9/PycharmProjects/Airflow-2/Airflow-2/.venv/lib/python3.10/site-packages/airflow/example_dags/example_inlet_event_extra.py took 0.064 seconds
[2024-12-06T23:33:51.835-0600] {processor.py:186} INFO - Started process (PID=18150) to work on /home/m9d9v9/PycharmProjects/Airflow-2/Airflow-2/.venv/lib/python3.10/site-packages/airflow/example_dags/example_inlet_event_extra.py
[2024-12-06T23:33:51.842-0600] {processor.py:914} INFO - Processing file /home/m9d9v9/PycharmProjects/Airflow-2/Airflow-2/.venv/lib/python3.10/site-packages/airflow/example_dags/example_inlet_event_extra.py for tasks to queue
[2024-12-06T23:33:51.844-0600] {logging_mixin.py:190} INFO - [2024-12-06T23:33:51.844-0600] {dagbag.py:588} INFO - Filling up the DagBag from /home/m9d9v9/PycharmProjects/Airflow-2/Airflow-2/.venv/lib/python3.10/site-packages/airflow/example_dags/example_inlet_event_extra.py
[2024-12-06T23:33:51.876-0600] {processor.py:925} INFO - DAG(s) 'read_dataset_event_from_classic', 'read_dataset_event' retrieved from /home/m9d9v9/PycharmProjects/Airflow-2/Airflow-2/.venv/lib/python3.10/site-packages/airflow/example_dags/example_inlet_event_extra.py
[2024-12-06T23:33:51.890-0600] {logging_mixin.py:190} INFO - [2024-12-06T23:33:51.890-0600] {dag.py:3239} INFO - Sync 2 DAGs
[2024-12-06T23:33:51.902-0600] {logging_mixin.py:190} INFO - [2024-12-06T23:33:51.902-0600] {dag.py:4180} INFO - Setting next_dagrun for read_dataset_event to 2024-12-06 00:00:00+00:00, run_after=2024-12-07 00:00:00+00:00
[2024-12-06T23:33:51.905-0600] {logging_mixin.py:190} INFO - [2024-12-06T23:33:51.905-0600] {dag.py:4180} INFO - Setting next_dagrun for read_dataset_event_from_classic to 2024-12-06 00:00:00+00:00, run_after=2024-12-07 00:00:00+00:00
[2024-12-06T23:33:51.917-0600] {processor.py:208} INFO - Processing /home/m9d9v9/PycharmProjects/Airflow-2/Airflow-2/.venv/lib/python3.10/site-packages/airflow/example_dags/example_inlet_event_extra.py took 0.094 seconds
[2024-12-06T23:34:50.947-0600] {processor.py:186} INFO - Started process (PID=18280) to work on /home/m9d9v9/PycharmProjects/Airflow-2/Airflow-2/.venv/lib/python3.10/site-packages/airflow/example_dags/example_inlet_event_extra.py
[2024-12-06T23:34:50.954-0600] {processor.py:914} INFO - Processing file /home/m9d9v9/PycharmProjects/Airflow-2/Airflow-2/.venv/lib/python3.10/site-packages/airflow/example_dags/example_inlet_event_extra.py for tasks to queue
[2024-12-06T23:34:50.955-0600] {logging_mixin.py:190} INFO - [2024-12-06T23:34:50.955-0600] {dagbag.py:588} INFO - Filling up the DagBag from /home/m9d9v9/PycharmProjects/Airflow-2/Airflow-2/.venv/lib/python3.10/site-packages/airflow/example_dags/example_inlet_event_extra.py
[2024-12-06T23:34:50.964-0600] {processor.py:925} INFO - DAG(s) 'read_dataset_event', 'read_dataset_event_from_classic' retrieved from /home/m9d9v9/PycharmProjects/Airflow-2/Airflow-2/.venv/lib/python3.10/site-packages/airflow/example_dags/example_inlet_event_extra.py
[2024-12-06T23:34:50.984-0600] {logging_mixin.py:190} INFO - [2024-12-06T23:34:50.983-0600] {dag.py:3239} INFO - Sync 2 DAGs
[2024-12-06T23:34:51.092-0600] {logging_mixin.py:190} INFO - [2024-12-06T23:34:51.091-0600] {dag.py:4180} INFO - Setting next_dagrun for read_dataset_event to 2024-12-06 00:00:00+00:00, run_after=2024-12-07 00:00:00+00:00
[2024-12-06T23:34:51.094-0600] {logging_mixin.py:190} INFO - [2024-12-06T23:34:51.094-0600] {dag.py:4180} INFO - Setting next_dagrun for read_dataset_event_from_classic to 2024-12-06 00:00:00+00:00, run_after=2024-12-07 00:00:00+00:00
[2024-12-06T23:34:51.108-0600] {processor.py:208} INFO - Processing /home/m9d9v9/PycharmProjects/Airflow-2/Airflow-2/.venv/lib/python3.10/site-packages/airflow/example_dags/example_inlet_event_extra.py took 0.171 seconds
[2024-12-06T23:35:51.916-0600] {processor.py:186} INFO - Started process (PID=18356) to work on /home/m9d9v9/PycharmProjects/Airflow-2/Airflow-2/.venv/lib/python3.10/site-packages/airflow/example_dags/example_inlet_event_extra.py
[2024-12-06T23:35:51.922-0600] {processor.py:914} INFO - Processing file /home/m9d9v9/PycharmProjects/Airflow-2/Airflow-2/.venv/lib/python3.10/site-packages/airflow/example_dags/example_inlet_event_extra.py for tasks to queue
[2024-12-06T23:35:51.924-0600] {logging_mixin.py:190} INFO - [2024-12-06T23:35:51.923-0600] {dagbag.py:588} INFO - Filling up the DagBag from /home/m9d9v9/PycharmProjects/Airflow-2/Airflow-2/.venv/lib/python3.10/site-packages/airflow/example_dags/example_inlet_event_extra.py
[2024-12-06T23:35:51.932-0600] {processor.py:925} INFO - DAG(s) 'read_dataset_event_from_classic', 'read_dataset_event' retrieved from /home/m9d9v9/PycharmProjects/Airflow-2/Airflow-2/.venv/lib/python3.10/site-packages/airflow/example_dags/example_inlet_event_extra.py
[2024-12-06T23:35:51.941-0600] {logging_mixin.py:190} INFO - [2024-12-06T23:35:51.941-0600] {dag.py:3239} INFO - Sync 2 DAGs
[2024-12-06T23:35:52.043-0600] {logging_mixin.py:190} INFO - [2024-12-06T23:35:52.042-0600] {dag.py:4180} INFO - Setting next_dagrun for read_dataset_event to 2024-12-06 00:00:00+00:00, run_after=2024-12-07 00:00:00+00:00
[2024-12-06T23:35:52.045-0600] {logging_mixin.py:190} INFO - [2024-12-06T23:35:52.045-0600] {dag.py:4180} INFO - Setting next_dagrun for read_dataset_event_from_classic to 2024-12-06 00:00:00+00:00, run_after=2024-12-07 00:00:00+00:00
[2024-12-06T23:35:52.060-0600] {processor.py:208} INFO - Processing /home/m9d9v9/PycharmProjects/Airflow-2/Airflow-2/.venv/lib/python3.10/site-packages/airflow/example_dags/example_inlet_event_extra.py took 0.148 seconds
[2024-12-06T23:36:53.141-0600] {processor.py:186} INFO - Started process (PID=18429) to work on /home/m9d9v9/PycharmProjects/Airflow-2/Airflow-2/.venv/lib/python3.10/site-packages/airflow/example_dags/example_inlet_event_extra.py
[2024-12-06T23:36:53.148-0600] {processor.py:914} INFO - Processing file /home/m9d9v9/PycharmProjects/Airflow-2/Airflow-2/.venv/lib/python3.10/site-packages/airflow/example_dags/example_inlet_event_extra.py for tasks to queue
[2024-12-06T23:36:53.151-0600] {logging_mixin.py:190} INFO - [2024-12-06T23:36:53.150-0600] {dagbag.py:588} INFO - Filling up the DagBag from /home/m9d9v9/PycharmProjects/Airflow-2/Airflow-2/.venv/lib/python3.10/site-packages/airflow/example_dags/example_inlet_event_extra.py
[2024-12-06T23:36:53.184-0600] {processor.py:925} INFO - DAG(s) 'read_dataset_event_from_classic', 'read_dataset_event' retrieved from /home/m9d9v9/PycharmProjects/Airflow-2/Airflow-2/.venv/lib/python3.10/site-packages/airflow/example_dags/example_inlet_event_extra.py
[2024-12-06T23:36:53.204-0600] {logging_mixin.py:190} INFO - [2024-12-06T23:36:53.204-0600] {dag.py:3239} INFO - Sync 2 DAGs
[2024-12-06T23:36:53.323-0600] {logging_mixin.py:190} INFO - [2024-12-06T23:36:53.322-0600] {dag.py:4180} INFO - Setting next_dagrun for read_dataset_event to 2024-12-06 00:00:00+00:00, run_after=2024-12-07 00:00:00+00:00
[2024-12-06T23:36:53.325-0600] {logging_mixin.py:190} INFO - [2024-12-06T23:36:53.325-0600] {dag.py:4180} INFO - Setting next_dagrun for read_dataset_event_from_classic to 2024-12-06 00:00:00+00:00, run_after=2024-12-07 00:00:00+00:00
[2024-12-06T23:36:53.335-0600] {processor.py:208} INFO - Processing /home/m9d9v9/PycharmProjects/Airflow-2/Airflow-2/.venv/lib/python3.10/site-packages/airflow/example_dags/example_inlet_event_extra.py took 0.204 seconds
[2024-12-06T23:37:54.525-0600] {processor.py:186} INFO - Started process (PID=18723) to work on /home/m9d9v9/PycharmProjects/Airflow-2/Airflow-2/.venv/lib/python3.10/site-packages/airflow/example_dags/example_inlet_event_extra.py
[2024-12-06T23:37:54.531-0600] {processor.py:914} INFO - Processing file /home/m9d9v9/PycharmProjects/Airflow-2/Airflow-2/.venv/lib/python3.10/site-packages/airflow/example_dags/example_inlet_event_extra.py for tasks to queue
[2024-12-06T23:37:54.533-0600] {logging_mixin.py:190} INFO - [2024-12-06T23:37:54.532-0600] {dagbag.py:588} INFO - Filling up the DagBag from /home/m9d9v9/PycharmProjects/Airflow-2/Airflow-2/.venv/lib/python3.10/site-packages/airflow/example_dags/example_inlet_event_extra.py
[2024-12-06T23:37:54.541-0600] {processor.py:925} INFO - DAG(s) 'read_dataset_event_from_classic', 'read_dataset_event' retrieved from /home/m9d9v9/PycharmProjects/Airflow-2/Airflow-2/.venv/lib/python3.10/site-packages/airflow/example_dags/example_inlet_event_extra.py
[2024-12-06T23:37:54.551-0600] {logging_mixin.py:190} INFO - [2024-12-06T23:37:54.551-0600] {dag.py:3239} INFO - Sync 2 DAGs
[2024-12-06T23:37:54.564-0600] {logging_mixin.py:190} INFO - [2024-12-06T23:37:54.564-0600] {dag.py:4180} INFO - Setting next_dagrun for read_dataset_event to 2024-12-06 00:00:00+00:00, run_after=2024-12-07 00:00:00+00:00
[2024-12-06T23:37:54.567-0600] {logging_mixin.py:190} INFO - [2024-12-06T23:37:54.567-0600] {dag.py:4180} INFO - Setting next_dagrun for read_dataset_event_from_classic to 2024-12-06 00:00:00+00:00, run_after=2024-12-07 00:00:00+00:00
[2024-12-06T23:37:54.578-0600] {processor.py:208} INFO - Processing /home/m9d9v9/PycharmProjects/Airflow-2/Airflow-2/.venv/lib/python3.10/site-packages/airflow/example_dags/example_inlet_event_extra.py took 0.057 seconds
[2024-12-06T23:38:57.609-0600] {processor.py:186} INFO - Started process (PID=18888) to work on /home/m9d9v9/PycharmProjects/Airflow-2/Airflow-2/.venv/lib/python3.10/site-packages/airflow/example_dags/example_inlet_event_extra.py
[2024-12-06T23:38:57.615-0600] {processor.py:914} INFO - Processing file /home/m9d9v9/PycharmProjects/Airflow-2/Airflow-2/.venv/lib/python3.10/site-packages/airflow/example_dags/example_inlet_event_extra.py for tasks to queue
[2024-12-06T23:38:57.616-0600] {logging_mixin.py:190} INFO - [2024-12-06T23:38:57.616-0600] {dagbag.py:588} INFO - Filling up the DagBag from /home/m9d9v9/PycharmProjects/Airflow-2/Airflow-2/.venv/lib/python3.10/site-packages/airflow/example_dags/example_inlet_event_extra.py
[2024-12-06T23:38:57.625-0600] {processor.py:925} INFO - DAG(s) 'read_dataset_event_from_classic', 'read_dataset_event' retrieved from /home/m9d9v9/PycharmProjects/Airflow-2/Airflow-2/.venv/lib/python3.10/site-packages/airflow/example_dags/example_inlet_event_extra.py
[2024-12-06T23:38:57.639-0600] {logging_mixin.py:190} INFO - [2024-12-06T23:38:57.639-0600] {dag.py:3239} INFO - Sync 2 DAGs
[2024-12-06T23:38:57.653-0600] {logging_mixin.py:190} INFO - [2024-12-06T23:38:57.653-0600] {dag.py:4180} INFO - Setting next_dagrun for read_dataset_event to 2024-12-06 00:00:00+00:00, run_after=2024-12-07 00:00:00+00:00
[2024-12-06T23:38:57.656-0600] {logging_mixin.py:190} INFO - [2024-12-06T23:38:57.656-0600] {dag.py:4180} INFO - Setting next_dagrun for read_dataset_event_from_classic to 2024-12-06 00:00:00+00:00, run_after=2024-12-07 00:00:00+00:00
[2024-12-06T23:38:57.668-0600] {processor.py:208} INFO - Processing /home/m9d9v9/PycharmProjects/Airflow-2/Airflow-2/.venv/lib/python3.10/site-packages/airflow/example_dags/example_inlet_event_extra.py took 0.063 seconds
[2024-12-06T23:39:59.597-0600] {processor.py:186} INFO - Started process (PID=19136) to work on /home/m9d9v9/PycharmProjects/Airflow-2/Airflow-2/.venv/lib/python3.10/site-packages/airflow/example_dags/example_inlet_event_extra.py
[2024-12-06T23:39:59.603-0600] {processor.py:914} INFO - Processing file /home/m9d9v9/PycharmProjects/Airflow-2/Airflow-2/.venv/lib/python3.10/site-packages/airflow/example_dags/example_inlet_event_extra.py for tasks to queue
[2024-12-06T23:39:59.604-0600] {logging_mixin.py:190} INFO - [2024-12-06T23:39:59.604-0600] {dagbag.py:588} INFO - Filling up the DagBag from /home/m9d9v9/PycharmProjects/Airflow-2/Airflow-2/.venv/lib/python3.10/site-packages/airflow/example_dags/example_inlet_event_extra.py
[2024-12-06T23:39:59.614-0600] {processor.py:925} INFO - DAG(s) 'read_dataset_event_from_classic', 'read_dataset_event' retrieved from /home/m9d9v9/PycharmProjects/Airflow-2/Airflow-2/.venv/lib/python3.10/site-packages/airflow/example_dags/example_inlet_event_extra.py
[2024-12-06T23:39:59.628-0600] {logging_mixin.py:190} INFO - [2024-12-06T23:39:59.628-0600] {dag.py:3239} INFO - Sync 2 DAGs
[2024-12-06T23:39:59.644-0600] {logging_mixin.py:190} INFO - [2024-12-06T23:39:59.643-0600] {dag.py:4180} INFO - Setting next_dagrun for read_dataset_event to 2024-12-06 00:00:00+00:00, run_after=2024-12-07 00:00:00+00:00
[2024-12-06T23:39:59.647-0600] {logging_mixin.py:190} INFO - [2024-12-06T23:39:59.647-0600] {dag.py:4180} INFO - Setting next_dagrun for read_dataset_event_from_classic to 2024-12-06 00:00:00+00:00, run_after=2024-12-07 00:00:00+00:00
[2024-12-06T23:39:59.661-0600] {processor.py:208} INFO - Processing /home/m9d9v9/PycharmProjects/Airflow-2/Airflow-2/.venv/lib/python3.10/site-packages/airflow/example_dags/example_inlet_event_extra.py took 0.077 seconds
[2024-12-06T23:40:56.142-0600] {processor.py:186} INFO - Started process (PID=19296) to work on /home/m9d9v9/PycharmProjects/Airflow-2/Airflow-2/.venv/lib/python3.10/site-packages/airflow/example_dags/example_inlet_event_extra.py
[2024-12-06T23:40:56.143-0600] {processor.py:914} INFO - Processing file /home/m9d9v9/PycharmProjects/Airflow-2/Airflow-2/.venv/lib/python3.10/site-packages/airflow/example_dags/example_inlet_event_extra.py for tasks to queue
[2024-12-06T23:40:56.144-0600] {logging_mixin.py:190} INFO - [2024-12-06T23:40:56.143-0600] {dagbag.py:588} INFO - Filling up the DagBag from /home/m9d9v9/PycharmProjects/Airflow-2/Airflow-2/.venv/lib/python3.10/site-packages/airflow/example_dags/example_inlet_event_extra.py
[2024-12-06T23:40:56.155-0600] {processor.py:925} INFO - DAG(s) 'read_dataset_event_from_classic', 'read_dataset_event' retrieved from /home/m9d9v9/PycharmProjects/Airflow-2/Airflow-2/.venv/lib/python3.10/site-packages/airflow/example_dags/example_inlet_event_extra.py
[2024-12-06T23:40:56.170-0600] {logging_mixin.py:190} INFO - [2024-12-06T23:40:56.170-0600] {dag.py:3239} INFO - Sync 2 DAGs
[2024-12-06T23:40:56.189-0600] {logging_mixin.py:190} INFO - [2024-12-06T23:40:56.188-0600] {dag.py:4180} INFO - Setting next_dagrun for read_dataset_event to 2024-12-06 00:00:00+00:00, run_after=2024-12-07 00:00:00+00:00
[2024-12-06T23:40:56.192-0600] {logging_mixin.py:190} INFO - [2024-12-06T23:40:56.192-0600] {dag.py:4180} INFO - Setting next_dagrun for read_dataset_event_from_classic to 2024-12-06 00:00:00+00:00, run_after=2024-12-07 00:00:00+00:00
[2024-12-06T23:40:56.209-0600] {processor.py:208} INFO - Processing /home/m9d9v9/PycharmProjects/Airflow-2/Airflow-2/.venv/lib/python3.10/site-packages/airflow/example_dags/example_inlet_event_extra.py took 0.072 seconds
[2024-12-06T23:41:52.787-0600] {processor.py:186} INFO - Started process (PID=19377) to work on /home/m9d9v9/PycharmProjects/Airflow-2/Airflow-2/.venv/lib/python3.10/site-packages/airflow/example_dags/example_inlet_event_extra.py
[2024-12-06T23:41:52.793-0600] {processor.py:914} INFO - Processing file /home/m9d9v9/PycharmProjects/Airflow-2/Airflow-2/.venv/lib/python3.10/site-packages/airflow/example_dags/example_inlet_event_extra.py for tasks to queue
[2024-12-06T23:41:52.795-0600] {logging_mixin.py:190} INFO - [2024-12-06T23:41:52.794-0600] {dagbag.py:588} INFO - Filling up the DagBag from /home/m9d9v9/PycharmProjects/Airflow-2/Airflow-2/.venv/lib/python3.10/site-packages/airflow/example_dags/example_inlet_event_extra.py
[2024-12-06T23:41:52.804-0600] {processor.py:925} INFO - DAG(s) 'read_dataset_event_from_classic', 'read_dataset_event' retrieved from /home/m9d9v9/PycharmProjects/Airflow-2/Airflow-2/.venv/lib/python3.10/site-packages/airflow/example_dags/example_inlet_event_extra.py
[2024-12-06T23:41:52.815-0600] {logging_mixin.py:190} INFO - [2024-12-06T23:41:52.815-0600] {dag.py:3239} INFO - Sync 2 DAGs
[2024-12-06T23:41:52.827-0600] {logging_mixin.py:190} INFO - [2024-12-06T23:41:52.827-0600] {dag.py:4180} INFO - Setting next_dagrun for read_dataset_event to 2024-12-06 00:00:00+00:00, run_after=2024-12-07 00:00:00+00:00
[2024-12-06T23:41:52.830-0600] {logging_mixin.py:190} INFO - [2024-12-06T23:41:52.830-0600] {dag.py:4180} INFO - Setting next_dagrun for read_dataset_event_from_classic to 2024-12-06 00:00:00+00:00, run_after=2024-12-07 00:00:00+00:00
[2024-12-06T23:41:52.842-0600] {processor.py:208} INFO - Processing /home/m9d9v9/PycharmProjects/Airflow-2/Airflow-2/.venv/lib/python3.10/site-packages/airflow/example_dags/example_inlet_event_extra.py took 0.058 seconds
