[2024-12-06T22:19:15.930-0600] {processor.py:186} INFO - Started process (PID=12519) to work on /home/m9d9v9/PycharmProjects/Airflow-2/Airflow-2/.venv/lib/python3.10/site-packages/airflow/example_dags/example_bash_decorator.py
[2024-12-06T22:19:15.932-0600] {processor.py:914} INFO - Processing file /home/m9d9v9/PycharmProjects/Airflow-2/Airflow-2/.venv/lib/python3.10/site-packages/airflow/example_dags/example_bash_decorator.py for tasks to queue
[2024-12-06T22:19:15.936-0600] {logging_mixin.py:190} INFO - [2024-12-06T22:19:15.935-0600] {dagbag.py:588} INFO - Filling up the DagBag from /home/m9d9v9/PycharmProjects/Airflow-2/Airflow-2/.venv/lib/python3.10/site-packages/airflow/example_dags/example_bash_decorator.py
[2024-12-06T22:19:15.963-0600] {processor.py:925} INFO - DAG(s) 'example_bash_decorator' retrieved from /home/m9d9v9/PycharmProjects/Airflow-2/Airflow-2/.venv/lib/python3.10/site-packages/airflow/example_dags/example_bash_decorator.py
[2024-12-06T22:19:16.034-0600] {logging_mixin.py:190} INFO - [2024-12-06T22:19:16.033-0600] {override.py:1911} INFO - Created Permission View: can edit on DAG:example_bash_decorator
[2024-12-06T22:19:16.041-0600] {logging_mixin.py:190} INFO - [2024-12-06T22:19:16.041-0600] {override.py:1911} INFO - Created Permission View: can read on DAG:example_bash_decorator
[2024-12-06T22:19:16.046-0600] {logging_mixin.py:190} INFO - [2024-12-06T22:19:16.045-0600] {override.py:1911} INFO - Created Permission View: can delete on DAG:example_bash_decorator
[2024-12-06T22:19:16.052-0600] {logging_mixin.py:190} INFO - [2024-12-06T22:19:16.052-0600] {override.py:1911} INFO - Created Permission View: menu access on DAG Run:example_bash_decorator
[2024-12-06T22:19:16.056-0600] {logging_mixin.py:190} INFO - [2024-12-06T22:19:16.056-0600] {override.py:1911} INFO - Created Permission View: can create on DAG Run:example_bash_decorator
[2024-12-06T22:19:16.061-0600] {logging_mixin.py:190} INFO - [2024-12-06T22:19:16.060-0600] {override.py:1911} INFO - Created Permission View: can read on DAG Run:example_bash_decorator
[2024-12-06T22:19:16.065-0600] {logging_mixin.py:190} INFO - [2024-12-06T22:19:16.065-0600] {override.py:1911} INFO - Created Permission View: can delete on DAG Run:example_bash_decorator
[2024-12-06T22:19:16.065-0600] {logging_mixin.py:190} INFO - [2024-12-06T22:19:16.065-0600] {dag.py:3239} INFO - Sync 1 DAGs
[2024-12-06T22:19:16.072-0600] {logging_mixin.py:190} INFO - [2024-12-06T22:19:16.072-0600] {dag.py:3262} INFO - Creating ORM DAG for example_bash_decorator
[2024-12-06T22:19:16.072-0600] {logging_mixin.py:190} INFO - [2024-12-06T22:19:16.072-0600] {dag.py:4180} INFO - Setting next_dagrun for example_bash_decorator to None, run_after=None
[2024-12-06T22:19:16.082-0600] {processor.py:208} INFO - Processing /home/m9d9v9/PycharmProjects/Airflow-2/Airflow-2/.venv/lib/python3.10/site-packages/airflow/example_dags/example_bash_decorator.py took 0.165 seconds
[2024-12-06T22:20:13.984-0600] {processor.py:186} INFO - Started process (PID=12639) to work on /home/m9d9v9/PycharmProjects/Airflow-2/Airflow-2/.venv/lib/python3.10/site-packages/airflow/example_dags/example_bash_decorator.py
[2024-12-06T22:20:13.990-0600] {processor.py:914} INFO - Processing file /home/m9d9v9/PycharmProjects/Airflow-2/Airflow-2/.venv/lib/python3.10/site-packages/airflow/example_dags/example_bash_decorator.py for tasks to queue
[2024-12-06T22:20:13.991-0600] {logging_mixin.py:190} INFO - [2024-12-06T22:20:13.991-0600] {dagbag.py:588} INFO - Filling up the DagBag from /home/m9d9v9/PycharmProjects/Airflow-2/Airflow-2/.venv/lib/python3.10/site-packages/airflow/example_dags/example_bash_decorator.py
[2024-12-06T22:20:14.004-0600] {processor.py:925} INFO - DAG(s) 'example_bash_decorator' retrieved from /home/m9d9v9/PycharmProjects/Airflow-2/Airflow-2/.venv/lib/python3.10/site-packages/airflow/example_dags/example_bash_decorator.py
[2024-12-06T22:20:14.018-0600] {logging_mixin.py:190} INFO - [2024-12-06T22:20:14.018-0600] {dag.py:3239} INFO - Sync 1 DAGs
[2024-12-06T22:20:14.026-0600] {logging_mixin.py:190} INFO - [2024-12-06T22:20:14.026-0600] {dag.py:4180} INFO - Setting next_dagrun for example_bash_decorator to None, run_after=None
[2024-12-06T22:20:14.041-0600] {processor.py:208} INFO - Processing /home/m9d9v9/PycharmProjects/Airflow-2/Airflow-2/.venv/lib/python3.10/site-packages/airflow/example_dags/example_bash_decorator.py took 0.062 seconds
[2024-12-06T22:21:09.168-0600] {processor.py:186} INFO - Started process (PID=12713) to work on /home/m9d9v9/PycharmProjects/Airflow-2/Airflow-2/.venv/lib/python3.10/site-packages/airflow/example_dags/example_bash_decorator.py
[2024-12-06T22:21:09.175-0600] {processor.py:914} INFO - Processing file /home/m9d9v9/PycharmProjects/Airflow-2/Airflow-2/.venv/lib/python3.10/site-packages/airflow/example_dags/example_bash_decorator.py for tasks to queue
[2024-12-06T22:21:09.179-0600] {logging_mixin.py:190} INFO - [2024-12-06T22:21:09.178-0600] {dagbag.py:588} INFO - Filling up the DagBag from /home/m9d9v9/PycharmProjects/Airflow-2/Airflow-2/.venv/lib/python3.10/site-packages/airflow/example_dags/example_bash_decorator.py
[2024-12-06T22:21:09.209-0600] {processor.py:925} INFO - DAG(s) 'example_bash_decorator' retrieved from /home/m9d9v9/PycharmProjects/Airflow-2/Airflow-2/.venv/lib/python3.10/site-packages/airflow/example_dags/example_bash_decorator.py
[2024-12-06T22:21:09.223-0600] {logging_mixin.py:190} INFO - [2024-12-06T22:21:09.223-0600] {dag.py:3239} INFO - Sync 1 DAGs
[2024-12-06T22:21:09.230-0600] {logging_mixin.py:190} INFO - [2024-12-06T22:21:09.230-0600] {dag.py:4180} INFO - Setting next_dagrun for example_bash_decorator to None, run_after=None
[2024-12-06T22:21:09.241-0600] {processor.py:208} INFO - Processing /home/m9d9v9/PycharmProjects/Airflow-2/Airflow-2/.venv/lib/python3.10/site-packages/airflow/example_dags/example_bash_decorator.py took 0.085 seconds
[2024-12-06T22:22:07.075-0600] {processor.py:186} INFO - Started process (PID=12793) to work on /home/m9d9v9/PycharmProjects/Airflow-2/Airflow-2/.venv/lib/python3.10/site-packages/airflow/example_dags/example_bash_decorator.py
[2024-12-06T22:22:07.082-0600] {processor.py:914} INFO - Processing file /home/m9d9v9/PycharmProjects/Airflow-2/Airflow-2/.venv/lib/python3.10/site-packages/airflow/example_dags/example_bash_decorator.py for tasks to queue
[2024-12-06T22:22:07.086-0600] {logging_mixin.py:190} INFO - [2024-12-06T22:22:07.085-0600] {dagbag.py:588} INFO - Filling up the DagBag from /home/m9d9v9/PycharmProjects/Airflow-2/Airflow-2/.venv/lib/python3.10/site-packages/airflow/example_dags/example_bash_decorator.py
[2024-12-06T22:22:07.117-0600] {processor.py:925} INFO - DAG(s) 'example_bash_decorator' retrieved from /home/m9d9v9/PycharmProjects/Airflow-2/Airflow-2/.venv/lib/python3.10/site-packages/airflow/example_dags/example_bash_decorator.py
[2024-12-06T22:22:07.133-0600] {logging_mixin.py:190} INFO - [2024-12-06T22:22:07.132-0600] {dag.py:3239} INFO - Sync 1 DAGs
[2024-12-06T22:22:07.141-0600] {logging_mixin.py:190} INFO - [2024-12-06T22:22:07.141-0600] {dag.py:4180} INFO - Setting next_dagrun for example_bash_decorator to None, run_after=None
[2024-12-06T22:22:07.154-0600] {processor.py:208} INFO - Processing /home/m9d9v9/PycharmProjects/Airflow-2/Airflow-2/.venv/lib/python3.10/site-packages/airflow/example_dags/example_bash_decorator.py took 0.091 seconds
[2024-12-06T22:23:24.569-0600] {processor.py:186} INFO - Started process (PID=12954) to work on /home/m9d9v9/PycharmProjects/Airflow-2/Airflow-2/.venv/lib/python3.10/site-packages/airflow/example_dags/example_bash_decorator.py
[2024-12-06T22:23:24.575-0600] {processor.py:914} INFO - Processing file /home/m9d9v9/PycharmProjects/Airflow-2/Airflow-2/.venv/lib/python3.10/site-packages/airflow/example_dags/example_bash_decorator.py for tasks to queue
[2024-12-06T22:23:24.578-0600] {logging_mixin.py:190} INFO - [2024-12-06T22:23:24.577-0600] {dagbag.py:588} INFO - Filling up the DagBag from /home/m9d9v9/PycharmProjects/Airflow-2/Airflow-2/.venv/lib/python3.10/site-packages/airflow/example_dags/example_bash_decorator.py
[2024-12-06T22:23:24.589-0600] {processor.py:925} INFO - DAG(s) 'example_bash_decorator' retrieved from /home/m9d9v9/PycharmProjects/Airflow-2/Airflow-2/.venv/lib/python3.10/site-packages/airflow/example_dags/example_bash_decorator.py
[2024-12-06T22:23:24.603-0600] {logging_mixin.py:190} INFO - [2024-12-06T22:23:24.603-0600] {dag.py:3239} INFO - Sync 1 DAGs
[2024-12-06T22:23:24.611-0600] {logging_mixin.py:190} INFO - [2024-12-06T22:23:24.611-0600] {dag.py:4180} INFO - Setting next_dagrun for example_bash_decorator to None, run_after=None
[2024-12-06T22:23:24.624-0600] {processor.py:208} INFO - Processing /home/m9d9v9/PycharmProjects/Airflow-2/Airflow-2/.venv/lib/python3.10/site-packages/airflow/example_dags/example_bash_decorator.py took 0.059 seconds
[2024-12-06T22:24:43.667-0600] {processor.py:186} INFO - Started process (PID=13054) to work on /home/m9d9v9/PycharmProjects/Airflow-2/Airflow-2/.venv/lib/python3.10/site-packages/airflow/example_dags/example_bash_decorator.py
[2024-12-06T22:24:43.674-0600] {processor.py:914} INFO - Processing file /home/m9d9v9/PycharmProjects/Airflow-2/Airflow-2/.venv/lib/python3.10/site-packages/airflow/example_dags/example_bash_decorator.py for tasks to queue
[2024-12-06T22:24:43.677-0600] {logging_mixin.py:190} INFO - [2024-12-06T22:24:43.676-0600] {dagbag.py:588} INFO - Filling up the DagBag from /home/m9d9v9/PycharmProjects/Airflow-2/Airflow-2/.venv/lib/python3.10/site-packages/airflow/example_dags/example_bash_decorator.py
[2024-12-06T22:24:43.710-0600] {processor.py:925} INFO - DAG(s) 'example_bash_decorator' retrieved from /home/m9d9v9/PycharmProjects/Airflow-2/Airflow-2/.venv/lib/python3.10/site-packages/airflow/example_dags/example_bash_decorator.py
[2024-12-06T22:24:43.725-0600] {logging_mixin.py:190} INFO - [2024-12-06T22:24:43.725-0600] {dag.py:3239} INFO - Sync 1 DAGs
[2024-12-06T22:24:43.734-0600] {logging_mixin.py:190} INFO - [2024-12-06T22:24:43.734-0600] {dag.py:4180} INFO - Setting next_dagrun for example_bash_decorator to None, run_after=None
[2024-12-06T22:24:43.746-0600] {processor.py:208} INFO - Processing /home/m9d9v9/PycharmProjects/Airflow-2/Airflow-2/.venv/lib/python3.10/site-packages/airflow/example_dags/example_bash_decorator.py took 0.092 seconds
[2024-12-06T22:25:41.464-0600] {processor.py:186} INFO - Started process (PID=13141) to work on /home/m9d9v9/PycharmProjects/Airflow-2/Airflow-2/.venv/lib/python3.10/site-packages/airflow/example_dags/example_bash_decorator.py
[2024-12-06T22:25:41.471-0600] {processor.py:914} INFO - Processing file /home/m9d9v9/PycharmProjects/Airflow-2/Airflow-2/.venv/lib/python3.10/site-packages/airflow/example_dags/example_bash_decorator.py for tasks to queue
[2024-12-06T22:25:41.473-0600] {logging_mixin.py:190} INFO - [2024-12-06T22:25:41.472-0600] {dagbag.py:588} INFO - Filling up the DagBag from /home/m9d9v9/PycharmProjects/Airflow-2/Airflow-2/.venv/lib/python3.10/site-packages/airflow/example_dags/example_bash_decorator.py
[2024-12-06T22:25:41.503-0600] {processor.py:925} INFO - DAG(s) 'example_bash_decorator' retrieved from /home/m9d9v9/PycharmProjects/Airflow-2/Airflow-2/.venv/lib/python3.10/site-packages/airflow/example_dags/example_bash_decorator.py
[2024-12-06T22:25:41.520-0600] {logging_mixin.py:190} INFO - [2024-12-06T22:25:41.520-0600] {dag.py:3239} INFO - Sync 1 DAGs
[2024-12-06T22:25:41.528-0600] {logging_mixin.py:190} INFO - [2024-12-06T22:25:41.528-0600] {dag.py:4180} INFO - Setting next_dagrun for example_bash_decorator to None, run_after=None
[2024-12-06T22:25:41.540-0600] {processor.py:208} INFO - Processing /home/m9d9v9/PycharmProjects/Airflow-2/Airflow-2/.venv/lib/python3.10/site-packages/airflow/example_dags/example_bash_decorator.py took 0.089 seconds
[2024-12-06T22:26:38.294-0600] {processor.py:186} INFO - Started process (PID=13220) to work on /home/m9d9v9/PycharmProjects/Airflow-2/Airflow-2/.venv/lib/python3.10/site-packages/airflow/example_dags/example_bash_decorator.py
[2024-12-06T22:26:38.300-0600] {processor.py:914} INFO - Processing file /home/m9d9v9/PycharmProjects/Airflow-2/Airflow-2/.venv/lib/python3.10/site-packages/airflow/example_dags/example_bash_decorator.py for tasks to queue
[2024-12-06T22:26:38.301-0600] {logging_mixin.py:190} INFO - [2024-12-06T22:26:38.300-0600] {dagbag.py:588} INFO - Filling up the DagBag from /home/m9d9v9/PycharmProjects/Airflow-2/Airflow-2/.venv/lib/python3.10/site-packages/airflow/example_dags/example_bash_decorator.py
[2024-12-06T22:26:38.313-0600] {processor.py:925} INFO - DAG(s) 'example_bash_decorator' retrieved from /home/m9d9v9/PycharmProjects/Airflow-2/Airflow-2/.venv/lib/python3.10/site-packages/airflow/example_dags/example_bash_decorator.py
[2024-12-06T22:26:38.331-0600] {logging_mixin.py:190} INFO - [2024-12-06T22:26:38.330-0600] {dag.py:3239} INFO - Sync 1 DAGs
[2024-12-06T22:26:38.343-0600] {logging_mixin.py:190} INFO - [2024-12-06T22:26:38.342-0600] {dag.py:4180} INFO - Setting next_dagrun for example_bash_decorator to None, run_after=None
[2024-12-06T22:26:38.359-0600] {processor.py:208} INFO - Processing /home/m9d9v9/PycharmProjects/Airflow-2/Airflow-2/.venv/lib/python3.10/site-packages/airflow/example_dags/example_bash_decorator.py took 0.071 seconds
[2024-12-06T22:37:33.229-0600] {processor.py:186} INFO - Started process (PID=14660) to work on /home/m9d9v9/PycharmProjects/Airflow-2/Airflow-2/.venv/lib/python3.10/site-packages/airflow/example_dags/example_bash_decorator.py
[2024-12-06T22:37:33.235-0600] {processor.py:914} INFO - Processing file /home/m9d9v9/PycharmProjects/Airflow-2/Airflow-2/.venv/lib/python3.10/site-packages/airflow/example_dags/example_bash_decorator.py for tasks to queue
[2024-12-06T22:37:33.238-0600] {logging_mixin.py:190} INFO - [2024-12-06T22:37:33.238-0600] {dagbag.py:588} INFO - Filling up the DagBag from /home/m9d9v9/PycharmProjects/Airflow-2/Airflow-2/.venv/lib/python3.10/site-packages/airflow/example_dags/example_bash_decorator.py
[2024-12-06T22:37:33.269-0600] {processor.py:925} INFO - DAG(s) 'example_bash_decorator' retrieved from /home/m9d9v9/PycharmProjects/Airflow-2/Airflow-2/.venv/lib/python3.10/site-packages/airflow/example_dags/example_bash_decorator.py
[2024-12-06T22:37:33.340-0600] {logging_mixin.py:190} INFO - [2024-12-06T22:37:33.339-0600] {dag.py:3239} INFO - Sync 1 DAGs
[2024-12-06T22:37:33.347-0600] {logging_mixin.py:190} INFO - [2024-12-06T22:37:33.346-0600] {dag.py:4180} INFO - Setting next_dagrun for example_bash_decorator to None, run_after=None
[2024-12-06T22:37:33.366-0600] {processor.py:208} INFO - Processing /home/m9d9v9/PycharmProjects/Airflow-2/Airflow-2/.venv/lib/python3.10/site-packages/airflow/example_dags/example_bash_decorator.py took 0.143 seconds
[2024-12-06T22:38:30.729-0600] {processor.py:186} INFO - Started process (PID=14766) to work on /home/m9d9v9/PycharmProjects/Airflow-2/Airflow-2/.venv/lib/python3.10/site-packages/airflow/example_dags/example_bash_decorator.py
[2024-12-06T22:38:30.736-0600] {processor.py:914} INFO - Processing file /home/m9d9v9/PycharmProjects/Airflow-2/Airflow-2/.venv/lib/python3.10/site-packages/airflow/example_dags/example_bash_decorator.py for tasks to queue
[2024-12-06T22:38:30.740-0600] {logging_mixin.py:190} INFO - [2024-12-06T22:38:30.740-0600] {dagbag.py:588} INFO - Filling up the DagBag from /home/m9d9v9/PycharmProjects/Airflow-2/Airflow-2/.venv/lib/python3.10/site-packages/airflow/example_dags/example_bash_decorator.py
[2024-12-06T22:38:30.771-0600] {processor.py:925} INFO - DAG(s) 'example_bash_decorator' retrieved from /home/m9d9v9/PycharmProjects/Airflow-2/Airflow-2/.venv/lib/python3.10/site-packages/airflow/example_dags/example_bash_decorator.py
[2024-12-06T22:38:30.786-0600] {logging_mixin.py:190} INFO - [2024-12-06T22:38:30.786-0600] {dag.py:3239} INFO - Sync 1 DAGs
[2024-12-06T22:38:30.794-0600] {logging_mixin.py:190} INFO - [2024-12-06T22:38:30.794-0600] {dag.py:4180} INFO - Setting next_dagrun for example_bash_decorator to None, run_after=None
[2024-12-06T22:38:30.807-0600] {processor.py:208} INFO - Processing /home/m9d9v9/PycharmProjects/Airflow-2/Airflow-2/.venv/lib/python3.10/site-packages/airflow/example_dags/example_bash_decorator.py took 0.090 seconds
[2024-12-06T22:39:28.918-0600] {processor.py:186} INFO - Started process (PID=14935) to work on /home/m9d9v9/PycharmProjects/Airflow-2/Airflow-2/.venv/lib/python3.10/site-packages/airflow/example_dags/example_bash_decorator.py
[2024-12-06T22:39:28.926-0600] {processor.py:914} INFO - Processing file /home/m9d9v9/PycharmProjects/Airflow-2/Airflow-2/.venv/lib/python3.10/site-packages/airflow/example_dags/example_bash_decorator.py for tasks to queue
[2024-12-06T22:39:28.930-0600] {logging_mixin.py:190} INFO - [2024-12-06T22:39:28.929-0600] {dagbag.py:588} INFO - Filling up the DagBag from /home/m9d9v9/PycharmProjects/Airflow-2/Airflow-2/.venv/lib/python3.10/site-packages/airflow/example_dags/example_bash_decorator.py
[2024-12-06T22:39:28.957-0600] {processor.py:925} INFO - DAG(s) 'example_bash_decorator' retrieved from /home/m9d9v9/PycharmProjects/Airflow-2/Airflow-2/.venv/lib/python3.10/site-packages/airflow/example_dags/example_bash_decorator.py
[2024-12-06T22:39:28.973-0600] {logging_mixin.py:190} INFO - [2024-12-06T22:39:28.973-0600] {dag.py:3239} INFO - Sync 1 DAGs
[2024-12-06T22:39:28.981-0600] {logging_mixin.py:190} INFO - [2024-12-06T22:39:28.981-0600] {dag.py:4180} INFO - Setting next_dagrun for example_bash_decorator to None, run_after=None
[2024-12-06T22:39:28.995-0600] {processor.py:208} INFO - Processing /home/m9d9v9/PycharmProjects/Airflow-2/Airflow-2/.venv/lib/python3.10/site-packages/airflow/example_dags/example_bash_decorator.py took 0.092 seconds
[2024-12-06T22:40:29.477-0600] {processor.py:186} INFO - Started process (PID=15061) to work on /home/m9d9v9/PycharmProjects/Airflow-2/Airflow-2/.venv/lib/python3.10/site-packages/airflow/example_dags/example_bash_decorator.py
[2024-12-06T22:40:29.484-0600] {processor.py:914} INFO - Processing file /home/m9d9v9/PycharmProjects/Airflow-2/Airflow-2/.venv/lib/python3.10/site-packages/airflow/example_dags/example_bash_decorator.py for tasks to queue
[2024-12-06T22:40:29.488-0600] {logging_mixin.py:190} INFO - [2024-12-06T22:40:29.488-0600] {dagbag.py:588} INFO - Filling up the DagBag from /home/m9d9v9/PycharmProjects/Airflow-2/Airflow-2/.venv/lib/python3.10/site-packages/airflow/example_dags/example_bash_decorator.py
[2024-12-06T22:40:29.519-0600] {processor.py:925} INFO - DAG(s) 'example_bash_decorator' retrieved from /home/m9d9v9/PycharmProjects/Airflow-2/Airflow-2/.venv/lib/python3.10/site-packages/airflow/example_dags/example_bash_decorator.py
[2024-12-06T22:40:29.535-0600] {logging_mixin.py:190} INFO - [2024-12-06T22:40:29.535-0600] {dag.py:3239} INFO - Sync 1 DAGs
[2024-12-06T22:40:29.543-0600] {logging_mixin.py:190} INFO - [2024-12-06T22:40:29.543-0600] {dag.py:4180} INFO - Setting next_dagrun for example_bash_decorator to None, run_after=None
[2024-12-06T22:40:29.556-0600] {processor.py:208} INFO - Processing /home/m9d9v9/PycharmProjects/Airflow-2/Airflow-2/.venv/lib/python3.10/site-packages/airflow/example_dags/example_bash_decorator.py took 0.096 seconds
[2024-12-06T22:41:30.163-0600] {processor.py:186} INFO - Started process (PID=15183) to work on /home/m9d9v9/PycharmProjects/Airflow-2/Airflow-2/.venv/lib/python3.10/site-packages/airflow/example_dags/example_bash_decorator.py
[2024-12-06T22:41:30.169-0600] {processor.py:914} INFO - Processing file /home/m9d9v9/PycharmProjects/Airflow-2/Airflow-2/.venv/lib/python3.10/site-packages/airflow/example_dags/example_bash_decorator.py for tasks to queue
[2024-12-06T22:41:30.173-0600] {logging_mixin.py:190} INFO - [2024-12-06T22:41:30.172-0600] {dagbag.py:588} INFO - Filling up the DagBag from /home/m9d9v9/PycharmProjects/Airflow-2/Airflow-2/.venv/lib/python3.10/site-packages/airflow/example_dags/example_bash_decorator.py
[2024-12-06T22:41:30.204-0600] {processor.py:925} INFO - DAG(s) 'example_bash_decorator' retrieved from /home/m9d9v9/PycharmProjects/Airflow-2/Airflow-2/.venv/lib/python3.10/site-packages/airflow/example_dags/example_bash_decorator.py
[2024-12-06T22:41:30.218-0600] {logging_mixin.py:190} INFO - [2024-12-06T22:41:30.218-0600] {dag.py:3239} INFO - Sync 1 DAGs
[2024-12-06T22:41:30.226-0600] {logging_mixin.py:190} INFO - [2024-12-06T22:41:30.226-0600] {dag.py:4180} INFO - Setting next_dagrun for example_bash_decorator to None, run_after=None
[2024-12-06T22:41:30.238-0600] {processor.py:208} INFO - Processing /home/m9d9v9/PycharmProjects/Airflow-2/Airflow-2/.venv/lib/python3.10/site-packages/airflow/example_dags/example_bash_decorator.py took 0.091 seconds
[2024-12-06T23:25:40.636-0600] {processor.py:186} INFO - Started process (PID=17338) to work on /home/m9d9v9/PycharmProjects/Airflow-2/Airflow-2/.venv/lib/python3.10/site-packages/airflow/example_dags/example_bash_decorator.py
[2024-12-06T23:25:40.643-0600] {processor.py:914} INFO - Processing file /home/m9d9v9/PycharmProjects/Airflow-2/Airflow-2/.venv/lib/python3.10/site-packages/airflow/example_dags/example_bash_decorator.py for tasks to queue
[2024-12-06T23:25:40.646-0600] {logging_mixin.py:190} INFO - [2024-12-06T23:25:40.646-0600] {dagbag.py:588} INFO - Filling up the DagBag from /home/m9d9v9/PycharmProjects/Airflow-2/Airflow-2/.venv/lib/python3.10/site-packages/airflow/example_dags/example_bash_decorator.py
[2024-12-06T23:25:40.674-0600] {processor.py:925} INFO - DAG(s) 'example_bash_decorator' retrieved from /home/m9d9v9/PycharmProjects/Airflow-2/Airflow-2/.venv/lib/python3.10/site-packages/airflow/example_dags/example_bash_decorator.py
[2024-12-06T23:25:40.739-0600] {logging_mixin.py:190} INFO - [2024-12-06T23:25:40.739-0600] {dag.py:3239} INFO - Sync 1 DAGs
[2024-12-06T23:25:40.745-0600] {logging_mixin.py:190} INFO - [2024-12-06T23:25:40.745-0600] {dag.py:4180} INFO - Setting next_dagrun for example_bash_decorator to None, run_after=None
[2024-12-06T23:25:40.756-0600] {processor.py:208} INFO - Processing /home/m9d9v9/PycharmProjects/Airflow-2/Airflow-2/.venv/lib/python3.10/site-packages/airflow/example_dags/example_bash_decorator.py took 0.132 seconds
[2024-12-06T23:26:37.911-0600] {processor.py:186} INFO - Started process (PID=17422) to work on /home/m9d9v9/PycharmProjects/Airflow-2/Airflow-2/.venv/lib/python3.10/site-packages/airflow/example_dags/example_bash_decorator.py
[2024-12-06T23:26:37.917-0600] {processor.py:914} INFO - Processing file /home/m9d9v9/PycharmProjects/Airflow-2/Airflow-2/.venv/lib/python3.10/site-packages/airflow/example_dags/example_bash_decorator.py for tasks to queue
[2024-12-06T23:26:37.919-0600] {logging_mixin.py:190} INFO - [2024-12-06T23:26:37.919-0600] {dagbag.py:588} INFO - Filling up the DagBag from /home/m9d9v9/PycharmProjects/Airflow-2/Airflow-2/.venv/lib/python3.10/site-packages/airflow/example_dags/example_bash_decorator.py
[2024-12-06T23:26:37.939-0600] {processor.py:925} INFO - DAG(s) 'example_bash_decorator' retrieved from /home/m9d9v9/PycharmProjects/Airflow-2/Airflow-2/.venv/lib/python3.10/site-packages/airflow/example_dags/example_bash_decorator.py
[2024-12-06T23:26:37.962-0600] {logging_mixin.py:190} INFO - [2024-12-06T23:26:37.961-0600] {dag.py:3239} INFO - Sync 1 DAGs
[2024-12-06T23:26:37.969-0600] {logging_mixin.py:190} INFO - [2024-12-06T23:26:37.969-0600] {dag.py:4180} INFO - Setting next_dagrun for example_bash_decorator to None, run_after=None
[2024-12-06T23:26:37.980-0600] {processor.py:208} INFO - Processing /home/m9d9v9/PycharmProjects/Airflow-2/Airflow-2/.venv/lib/python3.10/site-packages/airflow/example_dags/example_bash_decorator.py took 0.078 seconds
[2024-12-06T23:27:35.428-0600] {processor.py:186} INFO - Started process (PID=17493) to work on /home/m9d9v9/PycharmProjects/Airflow-2/Airflow-2/.venv/lib/python3.10/site-packages/airflow/example_dags/example_bash_decorator.py
[2024-12-06T23:27:35.434-0600] {processor.py:914} INFO - Processing file /home/m9d9v9/PycharmProjects/Airflow-2/Airflow-2/.venv/lib/python3.10/site-packages/airflow/example_dags/example_bash_decorator.py for tasks to queue
[2024-12-06T23:27:35.435-0600] {logging_mixin.py:190} INFO - [2024-12-06T23:27:35.435-0600] {dagbag.py:588} INFO - Filling up the DagBag from /home/m9d9v9/PycharmProjects/Airflow-2/Airflow-2/.venv/lib/python3.10/site-packages/airflow/example_dags/example_bash_decorator.py
[2024-12-06T23:27:35.461-0600] {processor.py:925} INFO - DAG(s) 'example_bash_decorator' retrieved from /home/m9d9v9/PycharmProjects/Airflow-2/Airflow-2/.venv/lib/python3.10/site-packages/airflow/example_dags/example_bash_decorator.py
[2024-12-06T23:27:35.483-0600] {logging_mixin.py:190} INFO - [2024-12-06T23:27:35.483-0600] {dag.py:3239} INFO - Sync 1 DAGs
[2024-12-06T23:27:35.490-0600] {logging_mixin.py:190} INFO - [2024-12-06T23:27:35.490-0600] {dag.py:4180} INFO - Setting next_dagrun for example_bash_decorator to None, run_after=None
[2024-12-06T23:27:35.500-0600] {processor.py:208} INFO - Processing /home/m9d9v9/PycharmProjects/Airflow-2/Airflow-2/.venv/lib/python3.10/site-packages/airflow/example_dags/example_bash_decorator.py took 0.077 seconds
[2024-12-06T23:28:32.716-0600] {processor.py:186} INFO - Started process (PID=17595) to work on /home/m9d9v9/PycharmProjects/Airflow-2/Airflow-2/.venv/lib/python3.10/site-packages/airflow/example_dags/example_bash_decorator.py
[2024-12-06T23:28:32.723-0600] {processor.py:914} INFO - Processing file /home/m9d9v9/PycharmProjects/Airflow-2/Airflow-2/.venv/lib/python3.10/site-packages/airflow/example_dags/example_bash_decorator.py for tasks to queue
[2024-12-06T23:28:32.724-0600] {logging_mixin.py:190} INFO - [2024-12-06T23:28:32.723-0600] {dagbag.py:588} INFO - Filling up the DagBag from /home/m9d9v9/PycharmProjects/Airflow-2/Airflow-2/.venv/lib/python3.10/site-packages/airflow/example_dags/example_bash_decorator.py
[2024-12-06T23:28:32.755-0600] {processor.py:925} INFO - DAG(s) 'example_bash_decorator' retrieved from /home/m9d9v9/PycharmProjects/Airflow-2/Airflow-2/.venv/lib/python3.10/site-packages/airflow/example_dags/example_bash_decorator.py
[2024-12-06T23:28:32.771-0600] {logging_mixin.py:190} INFO - [2024-12-06T23:28:32.770-0600] {dag.py:3239} INFO - Sync 1 DAGs
[2024-12-06T23:28:32.778-0600] {logging_mixin.py:190} INFO - [2024-12-06T23:28:32.778-0600] {dag.py:4180} INFO - Setting next_dagrun for example_bash_decorator to None, run_after=None
[2024-12-06T23:28:32.789-0600] {processor.py:208} INFO - Processing /home/m9d9v9/PycharmProjects/Airflow-2/Airflow-2/.venv/lib/python3.10/site-packages/airflow/example_dags/example_bash_decorator.py took 0.085 seconds
[2024-12-06T23:29:29.691-0600] {processor.py:186} INFO - Started process (PID=17739) to work on /home/m9d9v9/PycharmProjects/Airflow-2/Airflow-2/.venv/lib/python3.10/site-packages/airflow/example_dags/example_bash_decorator.py
[2024-12-06T23:29:29.697-0600] {processor.py:914} INFO - Processing file /home/m9d9v9/PycharmProjects/Airflow-2/Airflow-2/.venv/lib/python3.10/site-packages/airflow/example_dags/example_bash_decorator.py for tasks to queue
[2024-12-06T23:29:29.699-0600] {logging_mixin.py:190} INFO - [2024-12-06T23:29:29.698-0600] {dagbag.py:588} INFO - Filling up the DagBag from /home/m9d9v9/PycharmProjects/Airflow-2/Airflow-2/.venv/lib/python3.10/site-packages/airflow/example_dags/example_bash_decorator.py
[2024-12-06T23:29:29.712-0600] {processor.py:925} INFO - DAG(s) 'example_bash_decorator' retrieved from /home/m9d9v9/PycharmProjects/Airflow-2/Airflow-2/.venv/lib/python3.10/site-packages/airflow/example_dags/example_bash_decorator.py
[2024-12-06T23:29:29.727-0600] {logging_mixin.py:190} INFO - [2024-12-06T23:29:29.727-0600] {dag.py:3239} INFO - Sync 1 DAGs
[2024-12-06T23:29:29.734-0600] {logging_mixin.py:190} INFO - [2024-12-06T23:29:29.734-0600] {dag.py:4180} INFO - Setting next_dagrun for example_bash_decorator to None, run_after=None
[2024-12-06T23:29:29.749-0600] {processor.py:208} INFO - Processing /home/m9d9v9/PycharmProjects/Airflow-2/Airflow-2/.venv/lib/python3.10/site-packages/airflow/example_dags/example_bash_decorator.py took 0.062 seconds
[2024-12-06T23:30:25.799-0600] {processor.py:186} INFO - Started process (PID=17852) to work on /home/m9d9v9/PycharmProjects/Airflow-2/Airflow-2/.venv/lib/python3.10/site-packages/airflow/example_dags/example_bash_decorator.py
[2024-12-06T23:30:25.800-0600] {processor.py:914} INFO - Processing file /home/m9d9v9/PycharmProjects/Airflow-2/Airflow-2/.venv/lib/python3.10/site-packages/airflow/example_dags/example_bash_decorator.py for tasks to queue
[2024-12-06T23:30:25.802-0600] {logging_mixin.py:190} INFO - [2024-12-06T23:30:25.801-0600] {dagbag.py:588} INFO - Filling up the DagBag from /home/m9d9v9/PycharmProjects/Airflow-2/Airflow-2/.venv/lib/python3.10/site-packages/airflow/example_dags/example_bash_decorator.py
[2024-12-06T23:30:25.832-0600] {processor.py:925} INFO - DAG(s) 'example_bash_decorator' retrieved from /home/m9d9v9/PycharmProjects/Airflow-2/Airflow-2/.venv/lib/python3.10/site-packages/airflow/example_dags/example_bash_decorator.py
[2024-12-06T23:30:25.846-0600] {logging_mixin.py:190} INFO - [2024-12-06T23:30:25.846-0600] {dag.py:3239} INFO - Sync 1 DAGs
[2024-12-06T23:30:25.853-0600] {logging_mixin.py:190} INFO - [2024-12-06T23:30:25.853-0600] {dag.py:4180} INFO - Setting next_dagrun for example_bash_decorator to None, run_after=None
[2024-12-06T23:30:25.864-0600] {processor.py:208} INFO - Processing /home/m9d9v9/PycharmProjects/Airflow-2/Airflow-2/.venv/lib/python3.10/site-packages/airflow/example_dags/example_bash_decorator.py took 0.075 seconds
[2024-12-06T23:31:23.083-0600] {processor.py:186} INFO - Started process (PID=17930) to work on /home/m9d9v9/PycharmProjects/Airflow-2/Airflow-2/.venv/lib/python3.10/site-packages/airflow/example_dags/example_bash_decorator.py
[2024-12-06T23:31:23.090-0600] {processor.py:914} INFO - Processing file /home/m9d9v9/PycharmProjects/Airflow-2/Airflow-2/.venv/lib/python3.10/site-packages/airflow/example_dags/example_bash_decorator.py for tasks to queue
[2024-12-06T23:31:23.092-0600] {logging_mixin.py:190} INFO - [2024-12-06T23:31:23.092-0600] {dagbag.py:588} INFO - Filling up the DagBag from /home/m9d9v9/PycharmProjects/Airflow-2/Airflow-2/.venv/lib/python3.10/site-packages/airflow/example_dags/example_bash_decorator.py
[2024-12-06T23:31:23.121-0600] {processor.py:925} INFO - DAG(s) 'example_bash_decorator' retrieved from /home/m9d9v9/PycharmProjects/Airflow-2/Airflow-2/.venv/lib/python3.10/site-packages/airflow/example_dags/example_bash_decorator.py
[2024-12-06T23:31:23.137-0600] {logging_mixin.py:190} INFO - [2024-12-06T23:31:23.137-0600] {dag.py:3239} INFO - Sync 1 DAGs
[2024-12-06T23:31:23.144-0600] {logging_mixin.py:190} INFO - [2024-12-06T23:31:23.144-0600] {dag.py:4180} INFO - Setting next_dagrun for example_bash_decorator to None, run_after=None
[2024-12-06T23:31:23.158-0600] {processor.py:208} INFO - Processing /home/m9d9v9/PycharmProjects/Airflow-2/Airflow-2/.venv/lib/python3.10/site-packages/airflow/example_dags/example_bash_decorator.py took 0.086 seconds
[2024-12-06T23:32:20.559-0600] {processor.py:186} INFO - Started process (PID=18041) to work on /home/m9d9v9/PycharmProjects/Airflow-2/Airflow-2/.venv/lib/python3.10/site-packages/airflow/example_dags/example_bash_decorator.py
[2024-12-06T23:32:20.566-0600] {processor.py:914} INFO - Processing file /home/m9d9v9/PycharmProjects/Airflow-2/Airflow-2/.venv/lib/python3.10/site-packages/airflow/example_dags/example_bash_decorator.py for tasks to queue
[2024-12-06T23:32:20.569-0600] {logging_mixin.py:190} INFO - [2024-12-06T23:32:20.568-0600] {dagbag.py:588} INFO - Filling up the DagBag from /home/m9d9v9/PycharmProjects/Airflow-2/Airflow-2/.venv/lib/python3.10/site-packages/airflow/example_dags/example_bash_decorator.py
[2024-12-06T23:32:20.599-0600] {processor.py:925} INFO - DAG(s) 'example_bash_decorator' retrieved from /home/m9d9v9/PycharmProjects/Airflow-2/Airflow-2/.venv/lib/python3.10/site-packages/airflow/example_dags/example_bash_decorator.py
[2024-12-06T23:32:20.614-0600] {logging_mixin.py:190} INFO - [2024-12-06T23:32:20.614-0600] {dag.py:3239} INFO - Sync 1 DAGs
[2024-12-06T23:32:20.621-0600] {logging_mixin.py:190} INFO - [2024-12-06T23:32:20.621-0600] {dag.py:4180} INFO - Setting next_dagrun for example_bash_decorator to None, run_after=None
[2024-12-06T23:32:20.632-0600] {processor.py:208} INFO - Processing /home/m9d9v9/PycharmProjects/Airflow-2/Airflow-2/.venv/lib/python3.10/site-packages/airflow/example_dags/example_bash_decorator.py took 0.084 seconds
[2024-12-06T23:33:17.794-0600] {processor.py:186} INFO - Started process (PID=18109) to work on /home/m9d9v9/PycharmProjects/Airflow-2/Airflow-2/.venv/lib/python3.10/site-packages/airflow/example_dags/example_bash_decorator.py
[2024-12-06T23:33:17.801-0600] {processor.py:914} INFO - Processing file /home/m9d9v9/PycharmProjects/Airflow-2/Airflow-2/.venv/lib/python3.10/site-packages/airflow/example_dags/example_bash_decorator.py for tasks to queue
[2024-12-06T23:33:17.803-0600] {logging_mixin.py:190} INFO - [2024-12-06T23:33:17.802-0600] {dagbag.py:588} INFO - Filling up the DagBag from /home/m9d9v9/PycharmProjects/Airflow-2/Airflow-2/.venv/lib/python3.10/site-packages/airflow/example_dags/example_bash_decorator.py
[2024-12-06T23:33:17.829-0600] {processor.py:925} INFO - DAG(s) 'example_bash_decorator' retrieved from /home/m9d9v9/PycharmProjects/Airflow-2/Airflow-2/.venv/lib/python3.10/site-packages/airflow/example_dags/example_bash_decorator.py
[2024-12-06T23:33:17.848-0600] {logging_mixin.py:190} INFO - [2024-12-06T23:33:17.848-0600] {dag.py:3239} INFO - Sync 1 DAGs
[2024-12-06T23:33:17.948-0600] {logging_mixin.py:190} INFO - [2024-12-06T23:33:17.948-0600] {dag.py:4180} INFO - Setting next_dagrun for example_bash_decorator to None, run_after=None
[2024-12-06T23:33:17.964-0600] {processor.py:208} INFO - Processing /home/m9d9v9/PycharmProjects/Airflow-2/Airflow-2/.venv/lib/python3.10/site-packages/airflow/example_dags/example_bash_decorator.py took 0.182 seconds
[2024-12-06T23:34:13.941-0600] {processor.py:186} INFO - Started process (PID=18179) to work on /home/m9d9v9/PycharmProjects/Airflow-2/Airflow-2/.venv/lib/python3.10/site-packages/airflow/example_dags/example_bash_decorator.py
[2024-12-06T23:34:13.948-0600] {processor.py:914} INFO - Processing file /home/m9d9v9/PycharmProjects/Airflow-2/Airflow-2/.venv/lib/python3.10/site-packages/airflow/example_dags/example_bash_decorator.py for tasks to queue
[2024-12-06T23:34:13.950-0600] {logging_mixin.py:190} INFO - [2024-12-06T23:34:13.950-0600] {dagbag.py:588} INFO - Filling up the DagBag from /home/m9d9v9/PycharmProjects/Airflow-2/Airflow-2/.venv/lib/python3.10/site-packages/airflow/example_dags/example_bash_decorator.py
[2024-12-06T23:34:13.981-0600] {processor.py:925} INFO - DAG(s) 'example_bash_decorator' retrieved from /home/m9d9v9/PycharmProjects/Airflow-2/Airflow-2/.venv/lib/python3.10/site-packages/airflow/example_dags/example_bash_decorator.py
[2024-12-06T23:34:13.995-0600] {logging_mixin.py:190} INFO - [2024-12-06T23:34:13.995-0600] {dag.py:3239} INFO - Sync 1 DAGs
[2024-12-06T23:34:14.003-0600] {logging_mixin.py:190} INFO - [2024-12-06T23:34:14.003-0600] {dag.py:4180} INFO - Setting next_dagrun for example_bash_decorator to None, run_after=None
[2024-12-06T23:34:14.108-0600] {processor.py:208} INFO - Processing /home/m9d9v9/PycharmProjects/Airflow-2/Airflow-2/.venv/lib/python3.10/site-packages/airflow/example_dags/example_bash_decorator.py took 0.179 seconds
[2024-12-06T23:35:14.829-0600] {processor.py:186} INFO - Started process (PID=18311) to work on /home/m9d9v9/PycharmProjects/Airflow-2/Airflow-2/.venv/lib/python3.10/site-packages/airflow/example_dags/example_bash_decorator.py
[2024-12-06T23:35:14.836-0600] {processor.py:914} INFO - Processing file /home/m9d9v9/PycharmProjects/Airflow-2/Airflow-2/.venv/lib/python3.10/site-packages/airflow/example_dags/example_bash_decorator.py for tasks to queue
[2024-12-06T23:35:14.839-0600] {logging_mixin.py:190} INFO - [2024-12-06T23:35:14.838-0600] {dagbag.py:588} INFO - Filling up the DagBag from /home/m9d9v9/PycharmProjects/Airflow-2/Airflow-2/.venv/lib/python3.10/site-packages/airflow/example_dags/example_bash_decorator.py
[2024-12-06T23:35:14.869-0600] {processor.py:925} INFO - DAG(s) 'example_bash_decorator' retrieved from /home/m9d9v9/PycharmProjects/Airflow-2/Airflow-2/.venv/lib/python3.10/site-packages/airflow/example_dags/example_bash_decorator.py
[2024-12-06T23:35:14.885-0600] {logging_mixin.py:190} INFO - [2024-12-06T23:35:14.885-0600] {dag.py:3239} INFO - Sync 1 DAGs
[2024-12-06T23:35:14.892-0600] {logging_mixin.py:190} INFO - [2024-12-06T23:35:14.892-0600] {dag.py:4180} INFO - Setting next_dagrun for example_bash_decorator to None, run_after=None
[2024-12-06T23:35:14.904-0600] {processor.py:208} INFO - Processing /home/m9d9v9/PycharmProjects/Airflow-2/Airflow-2/.venv/lib/python3.10/site-packages/airflow/example_dags/example_bash_decorator.py took 0.086 seconds
[2024-12-06T23:36:18.842-0600] {processor.py:186} INFO - Started process (PID=18386) to work on /home/m9d9v9/PycharmProjects/Airflow-2/Airflow-2/.venv/lib/python3.10/site-packages/airflow/example_dags/example_bash_decorator.py
[2024-12-06T23:36:18.844-0600] {processor.py:914} INFO - Processing file /home/m9d9v9/PycharmProjects/Airflow-2/Airflow-2/.venv/lib/python3.10/site-packages/airflow/example_dags/example_bash_decorator.py for tasks to queue
[2024-12-06T23:36:18.846-0600] {logging_mixin.py:190} INFO - [2024-12-06T23:36:18.846-0600] {dagbag.py:588} INFO - Filling up the DagBag from /home/m9d9v9/PycharmProjects/Airflow-2/Airflow-2/.venv/lib/python3.10/site-packages/airflow/example_dags/example_bash_decorator.py
[2024-12-06T23:36:18.874-0600] {processor.py:925} INFO - DAG(s) 'example_bash_decorator' retrieved from /home/m9d9v9/PycharmProjects/Airflow-2/Airflow-2/.venv/lib/python3.10/site-packages/airflow/example_dags/example_bash_decorator.py
[2024-12-06T23:36:18.885-0600] {logging_mixin.py:190} INFO - [2024-12-06T23:36:18.885-0600] {dag.py:3239} INFO - Sync 1 DAGs
[2024-12-06T23:36:18.893-0600] {logging_mixin.py:190} INFO - [2024-12-06T23:36:18.893-0600] {dag.py:4180} INFO - Setting next_dagrun for example_bash_decorator to None, run_after=None
[2024-12-06T23:36:18.904-0600] {processor.py:208} INFO - Processing /home/m9d9v9/PycharmProjects/Airflow-2/Airflow-2/.venv/lib/python3.10/site-packages/airflow/example_dags/example_bash_decorator.py took 0.073 seconds
[2024-12-06T23:37:19.426-0600] {processor.py:186} INFO - Started process (PID=18661) to work on /home/m9d9v9/PycharmProjects/Airflow-2/Airflow-2/.venv/lib/python3.10/site-packages/airflow/example_dags/example_bash_decorator.py
[2024-12-06T23:37:19.432-0600] {processor.py:914} INFO - Processing file /home/m9d9v9/PycharmProjects/Airflow-2/Airflow-2/.venv/lib/python3.10/site-packages/airflow/example_dags/example_bash_decorator.py for tasks to queue
[2024-12-06T23:37:19.435-0600] {logging_mixin.py:190} INFO - [2024-12-06T23:37:19.434-0600] {dagbag.py:588} INFO - Filling up the DagBag from /home/m9d9v9/PycharmProjects/Airflow-2/Airflow-2/.venv/lib/python3.10/site-packages/airflow/example_dags/example_bash_decorator.py
[2024-12-06T23:37:19.462-0600] {processor.py:925} INFO - DAG(s) 'example_bash_decorator' retrieved from /home/m9d9v9/PycharmProjects/Airflow-2/Airflow-2/.venv/lib/python3.10/site-packages/airflow/example_dags/example_bash_decorator.py
[2024-12-06T23:37:19.575-0600] {logging_mixin.py:190} INFO - [2024-12-06T23:37:19.575-0600] {dag.py:3239} INFO - Sync 1 DAGs
[2024-12-06T23:37:19.581-0600] {logging_mixin.py:190} INFO - [2024-12-06T23:37:19.581-0600] {dag.py:4180} INFO - Setting next_dagrun for example_bash_decorator to None, run_after=None
[2024-12-06T23:37:19.597-0600] {processor.py:208} INFO - Processing /home/m9d9v9/PycharmProjects/Airflow-2/Airflow-2/.venv/lib/python3.10/site-packages/airflow/example_dags/example_bash_decorator.py took 0.183 seconds
[2024-12-06T23:38:20.079-0600] {processor.py:186} INFO - Started process (PID=18792) to work on /home/m9d9v9/PycharmProjects/Airflow-2/Airflow-2/.venv/lib/python3.10/site-packages/airflow/example_dags/example_bash_decorator.py
[2024-12-06T23:38:20.086-0600] {processor.py:914} INFO - Processing file /home/m9d9v9/PycharmProjects/Airflow-2/Airflow-2/.venv/lib/python3.10/site-packages/airflow/example_dags/example_bash_decorator.py for tasks to queue
[2024-12-06T23:38:20.088-0600] {logging_mixin.py:190} INFO - [2024-12-06T23:38:20.088-0600] {dagbag.py:588} INFO - Filling up the DagBag from /home/m9d9v9/PycharmProjects/Airflow-2/Airflow-2/.venv/lib/python3.10/site-packages/airflow/example_dags/example_bash_decorator.py
[2024-12-06T23:38:20.118-0600] {processor.py:925} INFO - DAG(s) 'example_bash_decorator' retrieved from /home/m9d9v9/PycharmProjects/Airflow-2/Airflow-2/.venv/lib/python3.10/site-packages/airflow/example_dags/example_bash_decorator.py
[2024-12-06T23:38:20.134-0600] {logging_mixin.py:190} INFO - [2024-12-06T23:38:20.134-0600] {dag.py:3239} INFO - Sync 1 DAGs
[2024-12-06T23:38:20.141-0600] {logging_mixin.py:190} INFO - [2024-12-06T23:38:20.141-0600] {dag.py:4180} INFO - Setting next_dagrun for example_bash_decorator to None, run_after=None
[2024-12-06T23:38:20.154-0600] {processor.py:208} INFO - Processing /home/m9d9v9/PycharmProjects/Airflow-2/Airflow-2/.venv/lib/python3.10/site-packages/airflow/example_dags/example_bash_decorator.py took 0.087 seconds
[2024-12-06T23:39:25.769-0600] {processor.py:186} INFO - Started process (PID=19050) to work on /home/m9d9v9/PycharmProjects/Airflow-2/Airflow-2/.venv/lib/python3.10/site-packages/airflow/example_dags/example_bash_decorator.py
[2024-12-06T23:39:25.776-0600] {processor.py:914} INFO - Processing file /home/m9d9v9/PycharmProjects/Airflow-2/Airflow-2/.venv/lib/python3.10/site-packages/airflow/example_dags/example_bash_decorator.py for tasks to queue
[2024-12-06T23:39:25.778-0600] {logging_mixin.py:190} INFO - [2024-12-06T23:39:25.777-0600] {dagbag.py:588} INFO - Filling up the DagBag from /home/m9d9v9/PycharmProjects/Airflow-2/Airflow-2/.venv/lib/python3.10/site-packages/airflow/example_dags/example_bash_decorator.py
[2024-12-06T23:39:25.800-0600] {processor.py:925} INFO - DAG(s) 'example_bash_decorator' retrieved from /home/m9d9v9/PycharmProjects/Airflow-2/Airflow-2/.venv/lib/python3.10/site-packages/airflow/example_dags/example_bash_decorator.py
[2024-12-06T23:39:25.824-0600] {logging_mixin.py:190} INFO - [2024-12-06T23:39:25.823-0600] {dag.py:3239} INFO - Sync 1 DAGs
[2024-12-06T23:39:25.832-0600] {logging_mixin.py:190} INFO - [2024-12-06T23:39:25.831-0600] {dag.py:4180} INFO - Setting next_dagrun for example_bash_decorator to None, run_after=None
[2024-12-06T23:39:25.843-0600] {processor.py:208} INFO - Processing /home/m9d9v9/PycharmProjects/Airflow-2/Airflow-2/.venv/lib/python3.10/site-packages/airflow/example_dags/example_bash_decorator.py took 0.083 seconds
[2024-12-06T23:40:22.894-0600] {processor.py:186} INFO - Started process (PID=19232) to work on /home/m9d9v9/PycharmProjects/Airflow-2/Airflow-2/.venv/lib/python3.10/site-packages/airflow/example_dags/example_bash_decorator.py
[2024-12-06T23:40:22.900-0600] {processor.py:914} INFO - Processing file /home/m9d9v9/PycharmProjects/Airflow-2/Airflow-2/.venv/lib/python3.10/site-packages/airflow/example_dags/example_bash_decorator.py for tasks to queue
[2024-12-06T23:40:22.901-0600] {logging_mixin.py:190} INFO - [2024-12-06T23:40:22.901-0600] {dagbag.py:588} INFO - Filling up the DagBag from /home/m9d9v9/PycharmProjects/Airflow-2/Airflow-2/.venv/lib/python3.10/site-packages/airflow/example_dags/example_bash_decorator.py
[2024-12-06T23:40:22.912-0600] {processor.py:925} INFO - DAG(s) 'example_bash_decorator' retrieved from /home/m9d9v9/PycharmProjects/Airflow-2/Airflow-2/.venv/lib/python3.10/site-packages/airflow/example_dags/example_bash_decorator.py
[2024-12-06T23:40:22.927-0600] {logging_mixin.py:190} INFO - [2024-12-06T23:40:22.927-0600] {dag.py:3239} INFO - Sync 1 DAGs
[2024-12-06T23:40:22.936-0600] {logging_mixin.py:190} INFO - [2024-12-06T23:40:22.936-0600] {dag.py:4180} INFO - Setting next_dagrun for example_bash_decorator to None, run_after=None
[2024-12-06T23:40:22.948-0600] {processor.py:208} INFO - Processing /home/m9d9v9/PycharmProjects/Airflow-2/Airflow-2/.venv/lib/python3.10/site-packages/airflow/example_dags/example_bash_decorator.py took 0.062 seconds
[2024-12-06T23:41:19.480-0600] {processor.py:186} INFO - Started process (PID=19328) to work on /home/m9d9v9/PycharmProjects/Airflow-2/Airflow-2/.venv/lib/python3.10/site-packages/airflow/example_dags/example_bash_decorator.py
[2024-12-06T23:41:19.487-0600] {processor.py:914} INFO - Processing file /home/m9d9v9/PycharmProjects/Airflow-2/Airflow-2/.venv/lib/python3.10/site-packages/airflow/example_dags/example_bash_decorator.py for tasks to queue
[2024-12-06T23:41:19.488-0600] {logging_mixin.py:190} INFO - [2024-12-06T23:41:19.488-0600] {dagbag.py:588} INFO - Filling up the DagBag from /home/m9d9v9/PycharmProjects/Airflow-2/Airflow-2/.venv/lib/python3.10/site-packages/airflow/example_dags/example_bash_decorator.py
[2024-12-06T23:41:19.504-0600] {processor.py:925} INFO - DAG(s) 'example_bash_decorator' retrieved from /home/m9d9v9/PycharmProjects/Airflow-2/Airflow-2/.venv/lib/python3.10/site-packages/airflow/example_dags/example_bash_decorator.py
[2024-12-06T23:41:19.521-0600] {logging_mixin.py:190} INFO - [2024-12-06T23:41:19.521-0600] {dag.py:3239} INFO - Sync 1 DAGs
[2024-12-06T23:41:19.534-0600] {logging_mixin.py:190} INFO - [2024-12-06T23:41:19.534-0600] {dag.py:4180} INFO - Setting next_dagrun for example_bash_decorator to None, run_after=None
[2024-12-06T23:41:19.547-0600] {processor.py:208} INFO - Processing /home/m9d9v9/PycharmProjects/Airflow-2/Airflow-2/.venv/lib/python3.10/site-packages/airflow/example_dags/example_bash_decorator.py took 0.075 seconds
