[2024-12-06T22:19:01.503-0600] {processor.py:186} INFO - Started process (PID=12504) to work on /home/m9d9v9/PycharmProjects/Airflow-2/Airflow-2/.venv/lib/python3.10/site-packages/airflow/example_dags/example_sensors.py
[2024-12-06T22:19:01.505-0600] {processor.py:914} INFO - Processing file /home/m9d9v9/PycharmProjects/Airflow-2/Airflow-2/.venv/lib/python3.10/site-packages/airflow/example_dags/example_sensors.py for tasks to queue
[2024-12-06T22:19:01.509-0600] {logging_mixin.py:190} INFO - [2024-12-06T22:19:01.508-0600] {dagbag.py:588} INFO - Filling up the DagBag from /home/m9d9v9/PycharmProjects/Airflow-2/Airflow-2/.venv/lib/python3.10/site-packages/airflow/example_dags/example_sensors.py
[2024-12-06T22:19:01.533-0600] {processor.py:925} INFO - DAG(s) 'example_sensors' retrieved from /home/m9d9v9/PycharmProjects/Airflow-2/Airflow-2/.venv/lib/python3.10/site-packages/airflow/example_dags/example_sensors.py
[2024-12-06T22:19:01.607-0600] {logging_mixin.py:190} INFO - [2024-12-06T22:19:01.606-0600] {override.py:1911} INFO - Created Permission View: can edit on DAG:example_sensors
[2024-12-06T22:19:01.613-0600] {logging_mixin.py:190} INFO - [2024-12-06T22:19:01.613-0600] {override.py:1911} INFO - Created Permission View: can read on DAG:example_sensors
[2024-12-06T22:19:01.617-0600] {logging_mixin.py:190} INFO - [2024-12-06T22:19:01.617-0600] {override.py:1911} INFO - Created Permission View: can delete on DAG:example_sensors
[2024-12-06T22:19:01.625-0600] {logging_mixin.py:190} INFO - [2024-12-06T22:19:01.625-0600] {override.py:1911} INFO - Created Permission View: menu access on DAG Run:example_sensors
[2024-12-06T22:19:01.631-0600] {logging_mixin.py:190} INFO - [2024-12-06T22:19:01.631-0600] {override.py:1911} INFO - Created Permission View: can create on DAG Run:example_sensors
[2024-12-06T22:19:01.639-0600] {logging_mixin.py:190} INFO - [2024-12-06T22:19:01.638-0600] {override.py:1911} INFO - Created Permission View: can read on DAG Run:example_sensors
[2024-12-06T22:19:01.649-0600] {logging_mixin.py:190} INFO - [2024-12-06T22:19:01.649-0600] {override.py:1911} INFO - Created Permission View: can delete on DAG Run:example_sensors
[2024-12-06T22:19:01.650-0600] {logging_mixin.py:190} INFO - [2024-12-06T22:19:01.650-0600] {dag.py:3239} INFO - Sync 1 DAGs
[2024-12-06T22:19:01.658-0600] {logging_mixin.py:190} INFO - [2024-12-06T22:19:01.658-0600] {dag.py:3262} INFO - Creating ORM DAG for example_sensors
[2024-12-06T22:19:01.658-0600] {logging_mixin.py:190} INFO - [2024-12-06T22:19:01.658-0600] {dag.py:4180} INFO - Setting next_dagrun for example_sensors to None, run_after=None
[2024-12-06T22:19:01.672-0600] {processor.py:208} INFO - Processing /home/m9d9v9/PycharmProjects/Airflow-2/Airflow-2/.venv/lib/python3.10/site-packages/airflow/example_dags/example_sensors.py took 0.182 seconds
[2024-12-06T22:20:01.445-0600] {processor.py:186} INFO - Started process (PID=12615) to work on /home/m9d9v9/PycharmProjects/Airflow-2/Airflow-2/.venv/lib/python3.10/site-packages/airflow/example_dags/example_sensors.py
[2024-12-06T22:20:01.452-0600] {processor.py:914} INFO - Processing file /home/m9d9v9/PycharmProjects/Airflow-2/Airflow-2/.venv/lib/python3.10/site-packages/airflow/example_dags/example_sensors.py for tasks to queue
[2024-12-06T22:20:01.454-0600] {logging_mixin.py:190} INFO - [2024-12-06T22:20:01.453-0600] {dagbag.py:588} INFO - Filling up the DagBag from /home/m9d9v9/PycharmProjects/Airflow-2/Airflow-2/.venv/lib/python3.10/site-packages/airflow/example_dags/example_sensors.py
[2024-12-06T22:20:01.462-0600] {processor.py:925} INFO - DAG(s) 'example_sensors' retrieved from /home/m9d9v9/PycharmProjects/Airflow-2/Airflow-2/.venv/lib/python3.10/site-packages/airflow/example_dags/example_sensors.py
[2024-12-06T22:20:01.477-0600] {logging_mixin.py:190} INFO - [2024-12-06T22:20:01.477-0600] {dag.py:3239} INFO - Sync 1 DAGs
[2024-12-06T22:20:01.485-0600] {logging_mixin.py:190} INFO - [2024-12-06T22:20:01.485-0600] {dag.py:4180} INFO - Setting next_dagrun for example_sensors to None, run_after=None
[2024-12-06T22:20:01.498-0600] {processor.py:208} INFO - Processing /home/m9d9v9/PycharmProjects/Airflow-2/Airflow-2/.venv/lib/python3.10/site-packages/airflow/example_dags/example_sensors.py took 0.057 seconds
[2024-12-06T22:20:56.120-0600] {processor.py:186} INFO - Started process (PID=12697) to work on /home/m9d9v9/PycharmProjects/Airflow-2/Airflow-2/.venv/lib/python3.10/site-packages/airflow/example_dags/example_sensors.py
[2024-12-06T22:20:56.126-0600] {processor.py:914} INFO - Processing file /home/m9d9v9/PycharmProjects/Airflow-2/Airflow-2/.venv/lib/python3.10/site-packages/airflow/example_dags/example_sensors.py for tasks to queue
[2024-12-06T22:20:56.128-0600] {logging_mixin.py:190} INFO - [2024-12-06T22:20:56.128-0600] {dagbag.py:588} INFO - Filling up the DagBag from /home/m9d9v9/PycharmProjects/Airflow-2/Airflow-2/.venv/lib/python3.10/site-packages/airflow/example_dags/example_sensors.py
[2024-12-06T22:20:56.138-0600] {processor.py:925} INFO - DAG(s) 'example_sensors' retrieved from /home/m9d9v9/PycharmProjects/Airflow-2/Airflow-2/.venv/lib/python3.10/site-packages/airflow/example_dags/example_sensors.py
[2024-12-06T22:20:56.154-0600] {logging_mixin.py:190} INFO - [2024-12-06T22:20:56.154-0600] {dag.py:3239} INFO - Sync 1 DAGs
[2024-12-06T22:20:56.163-0600] {logging_mixin.py:190} INFO - [2024-12-06T22:20:56.163-0600] {dag.py:4180} INFO - Setting next_dagrun for example_sensors to None, run_after=None
[2024-12-06T22:20:56.176-0600] {processor.py:208} INFO - Processing /home/m9d9v9/PycharmProjects/Airflow-2/Airflow-2/.venv/lib/python3.10/site-packages/airflow/example_dags/example_sensors.py took 0.061 seconds
[2024-12-06T22:21:54.374-0600] {processor.py:186} INFO - Started process (PID=12772) to work on /home/m9d9v9/PycharmProjects/Airflow-2/Airflow-2/.venv/lib/python3.10/site-packages/airflow/example_dags/example_sensors.py
[2024-12-06T22:21:54.376-0600] {processor.py:914} INFO - Processing file /home/m9d9v9/PycharmProjects/Airflow-2/Airflow-2/.venv/lib/python3.10/site-packages/airflow/example_dags/example_sensors.py for tasks to queue
[2024-12-06T22:21:54.379-0600] {logging_mixin.py:190} INFO - [2024-12-06T22:21:54.378-0600] {dagbag.py:588} INFO - Filling up the DagBag from /home/m9d9v9/PycharmProjects/Airflow-2/Airflow-2/.venv/lib/python3.10/site-packages/airflow/example_dags/example_sensors.py
[2024-12-06T22:21:54.392-0600] {processor.py:925} INFO - DAG(s) 'example_sensors' retrieved from /home/m9d9v9/PycharmProjects/Airflow-2/Airflow-2/.venv/lib/python3.10/site-packages/airflow/example_dags/example_sensors.py
[2024-12-06T22:21:54.415-0600] {logging_mixin.py:190} INFO - [2024-12-06T22:21:54.415-0600] {dag.py:3239} INFO - Sync 1 DAGs
[2024-12-06T22:21:54.427-0600] {logging_mixin.py:190} INFO - [2024-12-06T22:21:54.426-0600] {dag.py:4180} INFO - Setting next_dagrun for example_sensors to None, run_after=None
[2024-12-06T22:21:54.446-0600] {processor.py:208} INFO - Processing /home/m9d9v9/PycharmProjects/Airflow-2/Airflow-2/.venv/lib/python3.10/site-packages/airflow/example_dags/example_sensors.py took 0.080 seconds
[2024-12-06T22:23:11.927-0600] {processor.py:186} INFO - Started process (PID=12933) to work on /home/m9d9v9/PycharmProjects/Airflow-2/Airflow-2/.venv/lib/python3.10/site-packages/airflow/example_dags/example_sensors.py
[2024-12-06T22:23:11.933-0600] {processor.py:914} INFO - Processing file /home/m9d9v9/PycharmProjects/Airflow-2/Airflow-2/.venv/lib/python3.10/site-packages/airflow/example_dags/example_sensors.py for tasks to queue
[2024-12-06T22:23:11.935-0600] {logging_mixin.py:190} INFO - [2024-12-06T22:23:11.934-0600] {dagbag.py:588} INFO - Filling up the DagBag from /home/m9d9v9/PycharmProjects/Airflow-2/Airflow-2/.venv/lib/python3.10/site-packages/airflow/example_dags/example_sensors.py
[2024-12-06T22:23:11.944-0600] {processor.py:925} INFO - DAG(s) 'example_sensors' retrieved from /home/m9d9v9/PycharmProjects/Airflow-2/Airflow-2/.venv/lib/python3.10/site-packages/airflow/example_dags/example_sensors.py
[2024-12-06T22:23:11.963-0600] {logging_mixin.py:190} INFO - [2024-12-06T22:23:11.962-0600] {dag.py:3239} INFO - Sync 1 DAGs
[2024-12-06T22:23:11.972-0600] {logging_mixin.py:190} INFO - [2024-12-06T22:23:11.972-0600] {dag.py:4180} INFO - Setting next_dagrun for example_sensors to None, run_after=None
[2024-12-06T22:23:11.987-0600] {processor.py:208} INFO - Processing /home/m9d9v9/PycharmProjects/Airflow-2/Airflow-2/.venv/lib/python3.10/site-packages/airflow/example_dags/example_sensors.py took 0.066 seconds
[2024-12-06T22:24:08.792-0600] {processor.py:186} INFO - Started process (PID=13006) to work on /home/m9d9v9/PycharmProjects/Airflow-2/Airflow-2/.venv/lib/python3.10/site-packages/airflow/example_dags/example_sensors.py
[2024-12-06T22:24:08.799-0600] {processor.py:914} INFO - Processing file /home/m9d9v9/PycharmProjects/Airflow-2/Airflow-2/.venv/lib/python3.10/site-packages/airflow/example_dags/example_sensors.py for tasks to queue
[2024-12-06T22:24:08.801-0600] {logging_mixin.py:190} INFO - [2024-12-06T22:24:08.800-0600] {dagbag.py:588} INFO - Filling up the DagBag from /home/m9d9v9/PycharmProjects/Airflow-2/Airflow-2/.venv/lib/python3.10/site-packages/airflow/example_dags/example_sensors.py
[2024-12-06T22:24:08.825-0600] {processor.py:925} INFO - DAG(s) 'example_sensors' retrieved from /home/m9d9v9/PycharmProjects/Airflow-2/Airflow-2/.venv/lib/python3.10/site-packages/airflow/example_dags/example_sensors.py
[2024-12-06T22:24:08.847-0600] {logging_mixin.py:190} INFO - [2024-12-06T22:24:08.847-0600] {dag.py:3239} INFO - Sync 1 DAGs
[2024-12-06T22:24:08.855-0600] {logging_mixin.py:190} INFO - [2024-12-06T22:24:08.855-0600] {dag.py:4180} INFO - Setting next_dagrun for example_sensors to None, run_after=None
[2024-12-06T22:24:08.867-0600] {processor.py:208} INFO - Processing /home/m9d9v9/PycharmProjects/Airflow-2/Airflow-2/.venv/lib/python3.10/site-packages/airflow/example_dags/example_sensors.py took 0.086 seconds
[2024-12-06T22:25:05.882-0600] {processor.py:186} INFO - Started process (PID=13091) to work on /home/m9d9v9/PycharmProjects/Airflow-2/Airflow-2/.venv/lib/python3.10/site-packages/airflow/example_dags/example_sensors.py
[2024-12-06T22:25:05.889-0600] {processor.py:914} INFO - Processing file /home/m9d9v9/PycharmProjects/Airflow-2/Airflow-2/.venv/lib/python3.10/site-packages/airflow/example_dags/example_sensors.py for tasks to queue
[2024-12-06T22:25:05.892-0600] {logging_mixin.py:190} INFO - [2024-12-06T22:25:05.891-0600] {dagbag.py:588} INFO - Filling up the DagBag from /home/m9d9v9/PycharmProjects/Airflow-2/Airflow-2/.venv/lib/python3.10/site-packages/airflow/example_dags/example_sensors.py
[2024-12-06T22:25:05.908-0600] {processor.py:925} INFO - DAG(s) 'example_sensors' retrieved from /home/m9d9v9/PycharmProjects/Airflow-2/Airflow-2/.venv/lib/python3.10/site-packages/airflow/example_dags/example_sensors.py
[2024-12-06T22:25:05.932-0600] {logging_mixin.py:190} INFO - [2024-12-06T22:25:05.932-0600] {dag.py:3239} INFO - Sync 1 DAGs
[2024-12-06T22:25:05.944-0600] {logging_mixin.py:190} INFO - [2024-12-06T22:25:05.943-0600] {dag.py:4180} INFO - Setting next_dagrun for example_sensors to None, run_after=None
[2024-12-06T22:25:05.962-0600] {processor.py:208} INFO - Processing /home/m9d9v9/PycharmProjects/Airflow-2/Airflow-2/.venv/lib/python3.10/site-packages/airflow/example_dags/example_sensors.py took 0.091 seconds
[2024-12-06T22:26:02.806-0600] {processor.py:186} INFO - Started process (PID=13172) to work on /home/m9d9v9/PycharmProjects/Airflow-2/Airflow-2/.venv/lib/python3.10/site-packages/airflow/example_dags/example_sensors.py
[2024-12-06T22:26:02.813-0600] {processor.py:914} INFO - Processing file /home/m9d9v9/PycharmProjects/Airflow-2/Airflow-2/.venv/lib/python3.10/site-packages/airflow/example_dags/example_sensors.py for tasks to queue
[2024-12-06T22:26:02.815-0600] {logging_mixin.py:190} INFO - [2024-12-06T22:26:02.814-0600] {dagbag.py:588} INFO - Filling up the DagBag from /home/m9d9v9/PycharmProjects/Airflow-2/Airflow-2/.venv/lib/python3.10/site-packages/airflow/example_dags/example_sensors.py
[2024-12-06T22:26:02.840-0600] {processor.py:925} INFO - DAG(s) 'example_sensors' retrieved from /home/m9d9v9/PycharmProjects/Airflow-2/Airflow-2/.venv/lib/python3.10/site-packages/airflow/example_dags/example_sensors.py
[2024-12-06T22:26:02.860-0600] {logging_mixin.py:190} INFO - [2024-12-06T22:26:02.860-0600] {dag.py:3239} INFO - Sync 1 DAGs
[2024-12-06T22:26:02.868-0600] {logging_mixin.py:190} INFO - [2024-12-06T22:26:02.868-0600] {dag.py:4180} INFO - Setting next_dagrun for example_sensors to None, run_after=None
[2024-12-06T22:26:02.880-0600] {processor.py:208} INFO - Processing /home/m9d9v9/PycharmProjects/Airflow-2/Airflow-2/.venv/lib/python3.10/site-packages/airflow/example_dags/example_sensors.py took 0.087 seconds
[2024-12-06T22:26:59.815-0600] {processor.py:186} INFO - Started process (PID=13251) to work on /home/m9d9v9/PycharmProjects/Airflow-2/Airflow-2/.venv/lib/python3.10/site-packages/airflow/example_dags/example_sensors.py
[2024-12-06T22:26:59.821-0600] {processor.py:914} INFO - Processing file /home/m9d9v9/PycharmProjects/Airflow-2/Airflow-2/.venv/lib/python3.10/site-packages/airflow/example_dags/example_sensors.py for tasks to queue
[2024-12-06T22:26:59.823-0600] {logging_mixin.py:190} INFO - [2024-12-06T22:26:59.822-0600] {dagbag.py:588} INFO - Filling up the DagBag from /home/m9d9v9/PycharmProjects/Airflow-2/Airflow-2/.venv/lib/python3.10/site-packages/airflow/example_dags/example_sensors.py
[2024-12-06T22:26:59.834-0600] {processor.py:925} INFO - DAG(s) 'example_sensors' retrieved from /home/m9d9v9/PycharmProjects/Airflow-2/Airflow-2/.venv/lib/python3.10/site-packages/airflow/example_dags/example_sensors.py
[2024-12-06T22:26:59.856-0600] {logging_mixin.py:190} INFO - [2024-12-06T22:26:59.855-0600] {dag.py:3239} INFO - Sync 1 DAGs
[2024-12-06T22:26:59.868-0600] {logging_mixin.py:190} INFO - [2024-12-06T22:26:59.868-0600] {dag.py:4180} INFO - Setting next_dagrun for example_sensors to None, run_after=None
[2024-12-06T22:26:59.885-0600] {processor.py:208} INFO - Processing /home/m9d9v9/PycharmProjects/Airflow-2/Airflow-2/.venv/lib/python3.10/site-packages/airflow/example_dags/example_sensors.py took 0.078 seconds
[2024-12-06T22:37:19.642-0600] {processor.py:186} INFO - Started process (PID=14638) to work on /home/m9d9v9/PycharmProjects/Airflow-2/Airflow-2/.venv/lib/python3.10/site-packages/airflow/example_dags/example_sensors.py
[2024-12-06T22:37:19.649-0600] {processor.py:914} INFO - Processing file /home/m9d9v9/PycharmProjects/Airflow-2/Airflow-2/.venv/lib/python3.10/site-packages/airflow/example_dags/example_sensors.py for tasks to queue
[2024-12-06T22:37:19.654-0600] {logging_mixin.py:190} INFO - [2024-12-06T22:37:19.653-0600] {dagbag.py:588} INFO - Filling up the DagBag from /home/m9d9v9/PycharmProjects/Airflow-2/Airflow-2/.venv/lib/python3.10/site-packages/airflow/example_dags/example_sensors.py
[2024-12-06T22:37:19.677-0600] {processor.py:925} INFO - DAG(s) 'example_sensors' retrieved from /home/m9d9v9/PycharmProjects/Airflow-2/Airflow-2/.venv/lib/python3.10/site-packages/airflow/example_dags/example_sensors.py
[2024-12-06T22:37:19.699-0600] {logging_mixin.py:190} INFO - [2024-12-06T22:37:19.699-0600] {dag.py:3239} INFO - Sync 1 DAGs
[2024-12-06T22:37:19.707-0600] {logging_mixin.py:190} INFO - [2024-12-06T22:37:19.707-0600] {dag.py:4180} INFO - Setting next_dagrun for example_sensors to None, run_after=None
[2024-12-06T22:37:19.719-0600] {processor.py:208} INFO - Processing /home/m9d9v9/PycharmProjects/Airflow-2/Airflow-2/.venv/lib/python3.10/site-packages/airflow/example_dags/example_sensors.py took 0.088 seconds
[2024-12-06T22:38:17.850-0600] {processor.py:186} INFO - Started process (PID=14743) to work on /home/m9d9v9/PycharmProjects/Airflow-2/Airflow-2/.venv/lib/python3.10/site-packages/airflow/example_dags/example_sensors.py
[2024-12-06T22:38:17.857-0600] {processor.py:914} INFO - Processing file /home/m9d9v9/PycharmProjects/Airflow-2/Airflow-2/.venv/lib/python3.10/site-packages/airflow/example_dags/example_sensors.py for tasks to queue
[2024-12-06T22:38:17.861-0600] {logging_mixin.py:190} INFO - [2024-12-06T22:38:17.860-0600] {dagbag.py:588} INFO - Filling up the DagBag from /home/m9d9v9/PycharmProjects/Airflow-2/Airflow-2/.venv/lib/python3.10/site-packages/airflow/example_dags/example_sensors.py
[2024-12-06T22:38:17.885-0600] {processor.py:925} INFO - DAG(s) 'example_sensors' retrieved from /home/m9d9v9/PycharmProjects/Airflow-2/Airflow-2/.venv/lib/python3.10/site-packages/airflow/example_dags/example_sensors.py
[2024-12-06T22:38:17.906-0600] {logging_mixin.py:190} INFO - [2024-12-06T22:38:17.905-0600] {dag.py:3239} INFO - Sync 1 DAGs
[2024-12-06T22:38:17.914-0600] {logging_mixin.py:190} INFO - [2024-12-06T22:38:17.914-0600] {dag.py:4180} INFO - Setting next_dagrun for example_sensors to None, run_after=None
[2024-12-06T22:38:17.926-0600] {processor.py:208} INFO - Processing /home/m9d9v9/PycharmProjects/Airflow-2/Airflow-2/.venv/lib/python3.10/site-packages/airflow/example_dags/example_sensors.py took 0.089 seconds
[2024-12-06T22:39:16.102-0600] {processor.py:186} INFO - Started process (PID=14872) to work on /home/m9d9v9/PycharmProjects/Airflow-2/Airflow-2/.venv/lib/python3.10/site-packages/airflow/example_dags/example_sensors.py
[2024-12-06T22:39:16.109-0600] {processor.py:914} INFO - Processing file /home/m9d9v9/PycharmProjects/Airflow-2/Airflow-2/.venv/lib/python3.10/site-packages/airflow/example_dags/example_sensors.py for tasks to queue
[2024-12-06T22:39:16.113-0600] {logging_mixin.py:190} INFO - [2024-12-06T22:39:16.112-0600] {dagbag.py:588} INFO - Filling up the DagBag from /home/m9d9v9/PycharmProjects/Airflow-2/Airflow-2/.venv/lib/python3.10/site-packages/airflow/example_dags/example_sensors.py
[2024-12-06T22:39:16.134-0600] {processor.py:925} INFO - DAG(s) 'example_sensors' retrieved from /home/m9d9v9/PycharmProjects/Airflow-2/Airflow-2/.venv/lib/python3.10/site-packages/airflow/example_dags/example_sensors.py
[2024-12-06T22:39:16.170-0600] {logging_mixin.py:190} INFO - [2024-12-06T22:39:16.170-0600] {dag.py:3239} INFO - Sync 1 DAGs
[2024-12-06T22:39:16.188-0600] {logging_mixin.py:190} INFO - [2024-12-06T22:39:16.187-0600] {dag.py:4180} INFO - Setting next_dagrun for example_sensors to None, run_after=None
[2024-12-06T22:39:16.227-0600] {processor.py:208} INFO - Processing /home/m9d9v9/PycharmProjects/Airflow-2/Airflow-2/.venv/lib/python3.10/site-packages/airflow/example_dags/example_sensors.py took 0.138 seconds
[2024-12-06T22:40:15.885-0600] {processor.py:186} INFO - Started process (PID=15043) to work on /home/m9d9v9/PycharmProjects/Airflow-2/Airflow-2/.venv/lib/python3.10/site-packages/airflow/example_dags/example_sensors.py
[2024-12-06T22:40:15.887-0600] {processor.py:914} INFO - Processing file /home/m9d9v9/PycharmProjects/Airflow-2/Airflow-2/.venv/lib/python3.10/site-packages/airflow/example_dags/example_sensors.py for tasks to queue
[2024-12-06T22:40:15.891-0600] {logging_mixin.py:190} INFO - [2024-12-06T22:40:15.891-0600] {dagbag.py:588} INFO - Filling up the DagBag from /home/m9d9v9/PycharmProjects/Airflow-2/Airflow-2/.venv/lib/python3.10/site-packages/airflow/example_dags/example_sensors.py
[2024-12-06T22:40:15.911-0600] {processor.py:925} INFO - DAG(s) 'example_sensors' retrieved from /home/m9d9v9/PycharmProjects/Airflow-2/Airflow-2/.venv/lib/python3.10/site-packages/airflow/example_dags/example_sensors.py
[2024-12-06T22:40:15.931-0600] {logging_mixin.py:190} INFO - [2024-12-06T22:40:15.931-0600] {dag.py:3239} INFO - Sync 1 DAGs
[2024-12-06T22:40:15.939-0600] {logging_mixin.py:190} INFO - [2024-12-06T22:40:15.939-0600] {dag.py:4180} INFO - Setting next_dagrun for example_sensors to None, run_after=None
[2024-12-06T22:40:15.951-0600] {processor.py:208} INFO - Processing /home/m9d9v9/PycharmProjects/Airflow-2/Airflow-2/.venv/lib/python3.10/site-packages/airflow/example_dags/example_sensors.py took 0.079 seconds
[2024-12-06T22:41:18.150-0600] {processor.py:186} INFO - Started process (PID=15164) to work on /home/m9d9v9/PycharmProjects/Airflow-2/Airflow-2/.venv/lib/python3.10/site-packages/airflow/example_dags/example_sensors.py
[2024-12-06T22:41:18.157-0600] {processor.py:914} INFO - Processing file /home/m9d9v9/PycharmProjects/Airflow-2/Airflow-2/.venv/lib/python3.10/site-packages/airflow/example_dags/example_sensors.py for tasks to queue
[2024-12-06T22:41:18.162-0600] {logging_mixin.py:190} INFO - [2024-12-06T22:41:18.161-0600] {dagbag.py:588} INFO - Filling up the DagBag from /home/m9d9v9/PycharmProjects/Airflow-2/Airflow-2/.venv/lib/python3.10/site-packages/airflow/example_dags/example_sensors.py
[2024-12-06T22:41:18.181-0600] {processor.py:925} INFO - DAG(s) 'example_sensors' retrieved from /home/m9d9v9/PycharmProjects/Airflow-2/Airflow-2/.venv/lib/python3.10/site-packages/airflow/example_dags/example_sensors.py
[2024-12-06T22:41:18.205-0600] {logging_mixin.py:190} INFO - [2024-12-06T22:41:18.204-0600] {dag.py:3239} INFO - Sync 1 DAGs
[2024-12-06T22:41:18.213-0600] {logging_mixin.py:190} INFO - [2024-12-06T22:41:18.213-0600] {dag.py:4180} INFO - Setting next_dagrun for example_sensors to None, run_after=None
[2024-12-06T22:41:18.225-0600] {processor.py:208} INFO - Processing /home/m9d9v9/PycharmProjects/Airflow-2/Airflow-2/.venv/lib/python3.10/site-packages/airflow/example_dags/example_sensors.py took 0.091 seconds
[2024-12-06T23:25:26.764-0600] {processor.py:186} INFO - Started process (PID=17283) to work on /home/m9d9v9/PycharmProjects/Airflow-2/Airflow-2/.venv/lib/python3.10/site-packages/airflow/example_dags/example_sensors.py
[2024-12-06T23:25:26.765-0600] {processor.py:914} INFO - Processing file /home/m9d9v9/PycharmProjects/Airflow-2/Airflow-2/.venv/lib/python3.10/site-packages/airflow/example_dags/example_sensors.py for tasks to queue
[2024-12-06T23:25:26.767-0600] {logging_mixin.py:190} INFO - [2024-12-06T23:25:26.766-0600] {dagbag.py:588} INFO - Filling up the DagBag from /home/m9d9v9/PycharmProjects/Airflow-2/Airflow-2/.venv/lib/python3.10/site-packages/airflow/example_dags/example_sensors.py
[2024-12-06T23:25:26.775-0600] {processor.py:925} INFO - DAG(s) 'example_sensors' retrieved from /home/m9d9v9/PycharmProjects/Airflow-2/Airflow-2/.venv/lib/python3.10/site-packages/airflow/example_dags/example_sensors.py
[2024-12-06T23:25:26.789-0600] {logging_mixin.py:190} INFO - [2024-12-06T23:25:26.789-0600] {dag.py:3239} INFO - Sync 1 DAGs
[2024-12-06T23:25:26.798-0600] {logging_mixin.py:190} INFO - [2024-12-06T23:25:26.798-0600] {dag.py:4180} INFO - Setting next_dagrun for example_sensors to None, run_after=None
[2024-12-06T23:25:26.810-0600] {processor.py:208} INFO - Processing /home/m9d9v9/PycharmProjects/Airflow-2/Airflow-2/.venv/lib/python3.10/site-packages/airflow/example_dags/example_sensors.py took 0.050 seconds
[2024-12-06T23:26:24.709-0600] {processor.py:186} INFO - Started process (PID=17401) to work on /home/m9d9v9/PycharmProjects/Airflow-2/Airflow-2/.venv/lib/python3.10/site-packages/airflow/example_dags/example_sensors.py
[2024-12-06T23:26:24.715-0600] {processor.py:914} INFO - Processing file /home/m9d9v9/PycharmProjects/Airflow-2/Airflow-2/.venv/lib/python3.10/site-packages/airflow/example_dags/example_sensors.py for tasks to queue
[2024-12-06T23:26:24.718-0600] {logging_mixin.py:190} INFO - [2024-12-06T23:26:24.717-0600] {dagbag.py:588} INFO - Filling up the DagBag from /home/m9d9v9/PycharmProjects/Airflow-2/Airflow-2/.venv/lib/python3.10/site-packages/airflow/example_dags/example_sensors.py
[2024-12-06T23:26:24.740-0600] {processor.py:925} INFO - DAG(s) 'example_sensors' retrieved from /home/m9d9v9/PycharmProjects/Airflow-2/Airflow-2/.venv/lib/python3.10/site-packages/airflow/example_dags/example_sensors.py
[2024-12-06T23:26:24.763-0600] {logging_mixin.py:190} INFO - [2024-12-06T23:26:24.763-0600] {dag.py:3239} INFO - Sync 1 DAGs
[2024-12-06T23:26:24.771-0600] {logging_mixin.py:190} INFO - [2024-12-06T23:26:24.771-0600] {dag.py:4180} INFO - Setting next_dagrun for example_sensors to None, run_after=None
[2024-12-06T23:26:24.784-0600] {processor.py:208} INFO - Processing /home/m9d9v9/PycharmProjects/Airflow-2/Airflow-2/.venv/lib/python3.10/site-packages/airflow/example_dags/example_sensors.py took 0.085 seconds
[2024-12-06T23:27:22.220-0600] {processor.py:186} INFO - Started process (PID=17474) to work on /home/m9d9v9/PycharmProjects/Airflow-2/Airflow-2/.venv/lib/python3.10/site-packages/airflow/example_dags/example_sensors.py
[2024-12-06T23:27:22.226-0600] {processor.py:914} INFO - Processing file /home/m9d9v9/PycharmProjects/Airflow-2/Airflow-2/.venv/lib/python3.10/site-packages/airflow/example_dags/example_sensors.py for tasks to queue
[2024-12-06T23:27:22.227-0600] {logging_mixin.py:190} INFO - [2024-12-06T23:27:22.226-0600] {dagbag.py:588} INFO - Filling up the DagBag from /home/m9d9v9/PycharmProjects/Airflow-2/Airflow-2/.venv/lib/python3.10/site-packages/airflow/example_dags/example_sensors.py
[2024-12-06T23:27:22.236-0600] {processor.py:925} INFO - DAG(s) 'example_sensors' retrieved from /home/m9d9v9/PycharmProjects/Airflow-2/Airflow-2/.venv/lib/python3.10/site-packages/airflow/example_dags/example_sensors.py
[2024-12-06T23:27:22.251-0600] {logging_mixin.py:190} INFO - [2024-12-06T23:27:22.251-0600] {dag.py:3239} INFO - Sync 1 DAGs
[2024-12-06T23:27:22.260-0600] {logging_mixin.py:190} INFO - [2024-12-06T23:27:22.260-0600] {dag.py:4180} INFO - Setting next_dagrun for example_sensors to None, run_after=None
[2024-12-06T23:27:22.275-0600] {processor.py:208} INFO - Processing /home/m9d9v9/PycharmProjects/Airflow-2/Airflow-2/.venv/lib/python3.10/site-packages/airflow/example_dags/example_sensors.py took 0.059 seconds
[2024-12-06T23:28:20.907-0600] {processor.py:186} INFO - Started process (PID=17577) to work on /home/m9d9v9/PycharmProjects/Airflow-2/Airflow-2/.venv/lib/python3.10/site-packages/airflow/example_dags/example_sensors.py
[2024-12-06T23:28:20.914-0600] {processor.py:914} INFO - Processing file /home/m9d9v9/PycharmProjects/Airflow-2/Airflow-2/.venv/lib/python3.10/site-packages/airflow/example_dags/example_sensors.py for tasks to queue
[2024-12-06T23:28:20.915-0600] {logging_mixin.py:190} INFO - [2024-12-06T23:28:20.914-0600] {dagbag.py:588} INFO - Filling up the DagBag from /home/m9d9v9/PycharmProjects/Airflow-2/Airflow-2/.venv/lib/python3.10/site-packages/airflow/example_dags/example_sensors.py
[2024-12-06T23:28:20.939-0600] {processor.py:925} INFO - DAG(s) 'example_sensors' retrieved from /home/m9d9v9/PycharmProjects/Airflow-2/Airflow-2/.venv/lib/python3.10/site-packages/airflow/example_dags/example_sensors.py
[2024-12-06T23:28:20.961-0600] {logging_mixin.py:190} INFO - [2024-12-06T23:28:20.961-0600] {dag.py:3239} INFO - Sync 1 DAGs
[2024-12-06T23:28:20.968-0600] {logging_mixin.py:190} INFO - [2024-12-06T23:28:20.968-0600] {dag.py:4180} INFO - Setting next_dagrun for example_sensors to None, run_after=None
[2024-12-06T23:28:20.980-0600] {processor.py:208} INFO - Processing /home/m9d9v9/PycharmProjects/Airflow-2/Airflow-2/.venv/lib/python3.10/site-packages/airflow/example_dags/example_sensors.py took 0.085 seconds
[2024-12-06T23:29:16.019-0600] {processor.py:186} INFO - Started process (PID=17721) to work on /home/m9d9v9/PycharmProjects/Airflow-2/Airflow-2/.venv/lib/python3.10/site-packages/airflow/example_dags/example_sensors.py
[2024-12-06T23:29:16.025-0600] {processor.py:914} INFO - Processing file /home/m9d9v9/PycharmProjects/Airflow-2/Airflow-2/.venv/lib/python3.10/site-packages/airflow/example_dags/example_sensors.py for tasks to queue
[2024-12-06T23:29:16.027-0600] {logging_mixin.py:190} INFO - [2024-12-06T23:29:16.026-0600] {dagbag.py:588} INFO - Filling up the DagBag from /home/m9d9v9/PycharmProjects/Airflow-2/Airflow-2/.venv/lib/python3.10/site-packages/airflow/example_dags/example_sensors.py
[2024-12-06T23:29:16.041-0600] {processor.py:925} INFO - DAG(s) 'example_sensors' retrieved from /home/m9d9v9/PycharmProjects/Airflow-2/Airflow-2/.venv/lib/python3.10/site-packages/airflow/example_dags/example_sensors.py
[2024-12-06T23:29:16.065-0600] {logging_mixin.py:190} INFO - [2024-12-06T23:29:16.065-0600] {dag.py:3239} INFO - Sync 1 DAGs
[2024-12-06T23:29:16.074-0600] {logging_mixin.py:190} INFO - [2024-12-06T23:29:16.074-0600] {dag.py:4180} INFO - Setting next_dagrun for example_sensors to None, run_after=None
[2024-12-06T23:29:16.087-0600] {processor.py:208} INFO - Processing /home/m9d9v9/PycharmProjects/Airflow-2/Airflow-2/.venv/lib/python3.10/site-packages/airflow/example_dags/example_sensors.py took 0.074 seconds
[2024-12-06T23:30:13.341-0600] {processor.py:186} INFO - Started process (PID=17809) to work on /home/m9d9v9/PycharmProjects/Airflow-2/Airflow-2/.venv/lib/python3.10/site-packages/airflow/example_dags/example_sensors.py
[2024-12-06T23:30:13.343-0600] {processor.py:914} INFO - Processing file /home/m9d9v9/PycharmProjects/Airflow-2/Airflow-2/.venv/lib/python3.10/site-packages/airflow/example_dags/example_sensors.py for tasks to queue
[2024-12-06T23:30:13.346-0600] {logging_mixin.py:190} INFO - [2024-12-06T23:30:13.345-0600] {dagbag.py:588} INFO - Filling up the DagBag from /home/m9d9v9/PycharmProjects/Airflow-2/Airflow-2/.venv/lib/python3.10/site-packages/airflow/example_dags/example_sensors.py
[2024-12-06T23:30:13.368-0600] {processor.py:925} INFO - DAG(s) 'example_sensors' retrieved from /home/m9d9v9/PycharmProjects/Airflow-2/Airflow-2/.venv/lib/python3.10/site-packages/airflow/example_dags/example_sensors.py
[2024-12-06T23:30:13.384-0600] {logging_mixin.py:190} INFO - [2024-12-06T23:30:13.384-0600] {dag.py:3239} INFO - Sync 1 DAGs
[2024-12-06T23:30:13.391-0600] {logging_mixin.py:190} INFO - [2024-12-06T23:30:13.391-0600] {dag.py:4180} INFO - Setting next_dagrun for example_sensors to None, run_after=None
[2024-12-06T23:30:13.402-0600] {processor.py:208} INFO - Processing /home/m9d9v9/PycharmProjects/Airflow-2/Airflow-2/.venv/lib/python3.10/site-packages/airflow/example_dags/example_sensors.py took 0.071 seconds
[2024-12-06T23:31:09.234-0600] {processor.py:186} INFO - Started process (PID=17915) to work on /home/m9d9v9/PycharmProjects/Airflow-2/Airflow-2/.venv/lib/python3.10/site-packages/airflow/example_dags/example_sensors.py
[2024-12-06T23:31:09.240-0600] {processor.py:914} INFO - Processing file /home/m9d9v9/PycharmProjects/Airflow-2/Airflow-2/.venv/lib/python3.10/site-packages/airflow/example_dags/example_sensors.py for tasks to queue
[2024-12-06T23:31:09.243-0600] {logging_mixin.py:190} INFO - [2024-12-06T23:31:09.242-0600] {dagbag.py:588} INFO - Filling up the DagBag from /home/m9d9v9/PycharmProjects/Airflow-2/Airflow-2/.venv/lib/python3.10/site-packages/airflow/example_dags/example_sensors.py
[2024-12-06T23:31:09.266-0600] {processor.py:925} INFO - DAG(s) 'example_sensors' retrieved from /home/m9d9v9/PycharmProjects/Airflow-2/Airflow-2/.venv/lib/python3.10/site-packages/airflow/example_dags/example_sensors.py
[2024-12-06T23:31:09.283-0600] {logging_mixin.py:190} INFO - [2024-12-06T23:31:09.283-0600] {dag.py:3239} INFO - Sync 1 DAGs
[2024-12-06T23:31:09.290-0600] {logging_mixin.py:190} INFO - [2024-12-06T23:31:09.290-0600] {dag.py:4180} INFO - Setting next_dagrun for example_sensors to None, run_after=None
[2024-12-06T23:31:09.304-0600] {processor.py:208} INFO - Processing /home/m9d9v9/PycharmProjects/Airflow-2/Airflow-2/.venv/lib/python3.10/site-packages/airflow/example_dags/example_sensors.py took 0.081 seconds
[2024-12-06T23:32:08.840-0600] {processor.py:186} INFO - Started process (PID=18020) to work on /home/m9d9v9/PycharmProjects/Airflow-2/Airflow-2/.venv/lib/python3.10/site-packages/airflow/example_dags/example_sensors.py
[2024-12-06T23:32:08.847-0600] {processor.py:914} INFO - Processing file /home/m9d9v9/PycharmProjects/Airflow-2/Airflow-2/.venv/lib/python3.10/site-packages/airflow/example_dags/example_sensors.py for tasks to queue
[2024-12-06T23:32:08.850-0600] {logging_mixin.py:190} INFO - [2024-12-06T23:32:08.849-0600] {dagbag.py:588} INFO - Filling up the DagBag from /home/m9d9v9/PycharmProjects/Airflow-2/Airflow-2/.venv/lib/python3.10/site-packages/airflow/example_dags/example_sensors.py
[2024-12-06T23:32:08.872-0600] {processor.py:925} INFO - DAG(s) 'example_sensors' retrieved from /home/m9d9v9/PycharmProjects/Airflow-2/Airflow-2/.venv/lib/python3.10/site-packages/airflow/example_dags/example_sensors.py
[2024-12-06T23:32:08.893-0600] {logging_mixin.py:190} INFO - [2024-12-06T23:32:08.893-0600] {dag.py:3239} INFO - Sync 1 DAGs
[2024-12-06T23:32:08.900-0600] {logging_mixin.py:190} INFO - [2024-12-06T23:32:08.900-0600] {dag.py:4180} INFO - Setting next_dagrun for example_sensors to None, run_after=None
[2024-12-06T23:32:08.911-0600] {processor.py:208} INFO - Processing /home/m9d9v9/PycharmProjects/Airflow-2/Airflow-2/.venv/lib/python3.10/site-packages/airflow/example_dags/example_sensors.py took 0.081 seconds
[2024-12-06T23:33:04.648-0600] {processor.py:186} INFO - Started process (PID=18095) to work on /home/m9d9v9/PycharmProjects/Airflow-2/Airflow-2/.venv/lib/python3.10/site-packages/airflow/example_dags/example_sensors.py
[2024-12-06T23:33:04.655-0600] {processor.py:914} INFO - Processing file /home/m9d9v9/PycharmProjects/Airflow-2/Airflow-2/.venv/lib/python3.10/site-packages/airflow/example_dags/example_sensors.py for tasks to queue
[2024-12-06T23:33:04.658-0600] {logging_mixin.py:190} INFO - [2024-12-06T23:33:04.657-0600] {dagbag.py:588} INFO - Filling up the DagBag from /home/m9d9v9/PycharmProjects/Airflow-2/Airflow-2/.venv/lib/python3.10/site-packages/airflow/example_dags/example_sensors.py
[2024-12-06T23:33:04.679-0600] {processor.py:925} INFO - DAG(s) 'example_sensors' retrieved from /home/m9d9v9/PycharmProjects/Airflow-2/Airflow-2/.venv/lib/python3.10/site-packages/airflow/example_dags/example_sensors.py
[2024-12-06T23:33:04.700-0600] {logging_mixin.py:190} INFO - [2024-12-06T23:33:04.700-0600] {dag.py:3239} INFO - Sync 1 DAGs
[2024-12-06T23:33:04.707-0600] {logging_mixin.py:190} INFO - [2024-12-06T23:33:04.707-0600] {dag.py:4180} INFO - Setting next_dagrun for example_sensors to None, run_after=None
[2024-12-06T23:33:04.812-0600] {processor.py:208} INFO - Processing /home/m9d9v9/PycharmProjects/Airflow-2/Airflow-2/.venv/lib/python3.10/site-packages/airflow/example_dags/example_sensors.py took 0.174 seconds
[2024-12-06T23:34:00.930-0600] {processor.py:186} INFO - Started process (PID=18165) to work on /home/m9d9v9/PycharmProjects/Airflow-2/Airflow-2/.venv/lib/python3.10/site-packages/airflow/example_dags/example_sensors.py
[2024-12-06T23:34:00.936-0600] {processor.py:914} INFO - Processing file /home/m9d9v9/PycharmProjects/Airflow-2/Airflow-2/.venv/lib/python3.10/site-packages/airflow/example_dags/example_sensors.py for tasks to queue
[2024-12-06T23:34:00.939-0600] {logging_mixin.py:190} INFO - [2024-12-06T23:34:00.938-0600] {dagbag.py:588} INFO - Filling up the DagBag from /home/m9d9v9/PycharmProjects/Airflow-2/Airflow-2/.venv/lib/python3.10/site-packages/airflow/example_dags/example_sensors.py
[2024-12-06T23:34:00.962-0600] {processor.py:925} INFO - DAG(s) 'example_sensors' retrieved from /home/m9d9v9/PycharmProjects/Airflow-2/Airflow-2/.venv/lib/python3.10/site-packages/airflow/example_dags/example_sensors.py
[2024-12-06T23:34:00.985-0600] {logging_mixin.py:190} INFO - [2024-12-06T23:34:00.984-0600] {dag.py:3239} INFO - Sync 1 DAGs
[2024-12-06T23:34:00.992-0600] {logging_mixin.py:190} INFO - [2024-12-06T23:34:00.991-0600] {dag.py:4180} INFO - Setting next_dagrun for example_sensors to None, run_after=None
[2024-12-06T23:34:01.003-0600] {processor.py:208} INFO - Processing /home/m9d9v9/PycharmProjects/Airflow-2/Airflow-2/.venv/lib/python3.10/site-packages/airflow/example_dags/example_sensors.py took 0.085 seconds
[2024-12-06T23:35:01.378-0600] {processor.py:186} INFO - Started process (PID=18292) to work on /home/m9d9v9/PycharmProjects/Airflow-2/Airflow-2/.venv/lib/python3.10/site-packages/airflow/example_dags/example_sensors.py
[2024-12-06T23:35:01.384-0600] {processor.py:914} INFO - Processing file /home/m9d9v9/PycharmProjects/Airflow-2/Airflow-2/.venv/lib/python3.10/site-packages/airflow/example_dags/example_sensors.py for tasks to queue
[2024-12-06T23:35:01.385-0600] {logging_mixin.py:190} INFO - [2024-12-06T23:35:01.385-0600] {dagbag.py:588} INFO - Filling up the DagBag from /home/m9d9v9/PycharmProjects/Airflow-2/Airflow-2/.venv/lib/python3.10/site-packages/airflow/example_dags/example_sensors.py
[2024-12-06T23:35:01.392-0600] {processor.py:925} INFO - DAG(s) 'example_sensors' retrieved from /home/m9d9v9/PycharmProjects/Airflow-2/Airflow-2/.venv/lib/python3.10/site-packages/airflow/example_dags/example_sensors.py
[2024-12-06T23:35:01.406-0600] {logging_mixin.py:190} INFO - [2024-12-06T23:35:01.406-0600] {dag.py:3239} INFO - Sync 1 DAGs
[2024-12-06T23:35:01.428-0600] {logging_mixin.py:190} INFO - [2024-12-06T23:35:01.427-0600] {dag.py:4180} INFO - Setting next_dagrun for example_sensors to None, run_after=None
[2024-12-06T23:35:01.443-0600] {processor.py:208} INFO - Processing /home/m9d9v9/PycharmProjects/Airflow-2/Airflow-2/.venv/lib/python3.10/site-packages/airflow/example_dags/example_sensors.py took 0.069 seconds
[2024-12-06T23:36:05.011-0600] {processor.py:186} INFO - Started process (PID=18372) to work on /home/m9d9v9/PycharmProjects/Airflow-2/Airflow-2/.venv/lib/python3.10/site-packages/airflow/example_dags/example_sensors.py
[2024-12-06T23:36:05.018-0600] {processor.py:914} INFO - Processing file /home/m9d9v9/PycharmProjects/Airflow-2/Airflow-2/.venv/lib/python3.10/site-packages/airflow/example_dags/example_sensors.py for tasks to queue
[2024-12-06T23:36:05.019-0600] {logging_mixin.py:190} INFO - [2024-12-06T23:36:05.019-0600] {dagbag.py:588} INFO - Filling up the DagBag from /home/m9d9v9/PycharmProjects/Airflow-2/Airflow-2/.venv/lib/python3.10/site-packages/airflow/example_dags/example_sensors.py
[2024-12-06T23:36:05.042-0600] {processor.py:925} INFO - DAG(s) 'example_sensors' retrieved from /home/m9d9v9/PycharmProjects/Airflow-2/Airflow-2/.venv/lib/python3.10/site-packages/airflow/example_dags/example_sensors.py
[2024-12-06T23:36:05.155-0600] {logging_mixin.py:190} INFO - [2024-12-06T23:36:05.155-0600] {dag.py:3239} INFO - Sync 1 DAGs
[2024-12-06T23:36:05.161-0600] {logging_mixin.py:190} INFO - [2024-12-06T23:36:05.161-0600] {dag.py:4180} INFO - Setting next_dagrun for example_sensors to None, run_after=None
[2024-12-06T23:36:05.177-0600] {processor.py:208} INFO - Processing /home/m9d9v9/PycharmProjects/Airflow-2/Airflow-2/.venv/lib/python3.10/site-packages/airflow/example_dags/example_sensors.py took 0.178 seconds
[2024-12-06T23:37:06.367-0600] {processor.py:186} INFO - Started process (PID=18558) to work on /home/m9d9v9/PycharmProjects/Airflow-2/Airflow-2/.venv/lib/python3.10/site-packages/airflow/example_dags/example_sensors.py
[2024-12-06T23:37:06.369-0600] {processor.py:914} INFO - Processing file /home/m9d9v9/PycharmProjects/Airflow-2/Airflow-2/.venv/lib/python3.10/site-packages/airflow/example_dags/example_sensors.py for tasks to queue
[2024-12-06T23:37:06.370-0600] {logging_mixin.py:190} INFO - [2024-12-06T23:37:06.370-0600] {dagbag.py:588} INFO - Filling up the DagBag from /home/m9d9v9/PycharmProjects/Airflow-2/Airflow-2/.venv/lib/python3.10/site-packages/airflow/example_dags/example_sensors.py
[2024-12-06T23:37:06.381-0600] {processor.py:925} INFO - DAG(s) 'example_sensors' retrieved from /home/m9d9v9/PycharmProjects/Airflow-2/Airflow-2/.venv/lib/python3.10/site-packages/airflow/example_dags/example_sensors.py
[2024-12-06T23:37:06.404-0600] {logging_mixin.py:190} INFO - [2024-12-06T23:37:06.403-0600] {dag.py:3239} INFO - Sync 1 DAGs
[2024-12-06T23:37:06.520-0600] {logging_mixin.py:190} INFO - [2024-12-06T23:37:06.520-0600] {dag.py:4180} INFO - Setting next_dagrun for example_sensors to None, run_after=None
[2024-12-06T23:37:06.531-0600] {processor.py:208} INFO - Processing /home/m9d9v9/PycharmProjects/Airflow-2/Airflow-2/.venv/lib/python3.10/site-packages/airflow/example_dags/example_sensors.py took 0.169 seconds
[2024-12-06T23:38:06.981-0600] {processor.py:186} INFO - Started process (PID=18775) to work on /home/m9d9v9/PycharmProjects/Airflow-2/Airflow-2/.venv/lib/python3.10/site-packages/airflow/example_dags/example_sensors.py
[2024-12-06T23:38:06.987-0600] {processor.py:914} INFO - Processing file /home/m9d9v9/PycharmProjects/Airflow-2/Airflow-2/.venv/lib/python3.10/site-packages/airflow/example_dags/example_sensors.py for tasks to queue
[2024-12-06T23:38:06.988-0600] {logging_mixin.py:190} INFO - [2024-12-06T23:38:06.988-0600] {dagbag.py:588} INFO - Filling up the DagBag from /home/m9d9v9/PycharmProjects/Airflow-2/Airflow-2/.venv/lib/python3.10/site-packages/airflow/example_dags/example_sensors.py
[2024-12-06T23:38:07.000-0600] {processor.py:925} INFO - DAG(s) 'example_sensors' retrieved from /home/m9d9v9/PycharmProjects/Airflow-2/Airflow-2/.venv/lib/python3.10/site-packages/airflow/example_dags/example_sensors.py
[2024-12-06T23:38:07.019-0600] {logging_mixin.py:190} INFO - [2024-12-06T23:38:07.018-0600] {dag.py:3239} INFO - Sync 1 DAGs
[2024-12-06T23:38:07.031-0600] {logging_mixin.py:190} INFO - [2024-12-06T23:38:07.031-0600] {dag.py:4180} INFO - Setting next_dagrun for example_sensors to None, run_after=None
[2024-12-06T23:38:07.044-0600] {processor.py:208} INFO - Processing /home/m9d9v9/PycharmProjects/Airflow-2/Airflow-2/.venv/lib/python3.10/site-packages/airflow/example_dags/example_sensors.py took 0.069 seconds
[2024-12-06T23:39:13.799-0600] {processor.py:186} INFO - Started process (PID=18917) to work on /home/m9d9v9/PycharmProjects/Airflow-2/Airflow-2/.venv/lib/python3.10/site-packages/airflow/example_dags/example_sensors.py
[2024-12-06T23:39:13.801-0600] {processor.py:914} INFO - Processing file /home/m9d9v9/PycharmProjects/Airflow-2/Airflow-2/.venv/lib/python3.10/site-packages/airflow/example_dags/example_sensors.py for tasks to queue
[2024-12-06T23:39:13.802-0600] {logging_mixin.py:190} INFO - [2024-12-06T23:39:13.802-0600] {dagbag.py:588} INFO - Filling up the DagBag from /home/m9d9v9/PycharmProjects/Airflow-2/Airflow-2/.venv/lib/python3.10/site-packages/airflow/example_dags/example_sensors.py
[2024-12-06T23:39:13.817-0600] {processor.py:925} INFO - DAG(s) 'example_sensors' retrieved from /home/m9d9v9/PycharmProjects/Airflow-2/Airflow-2/.venv/lib/python3.10/site-packages/airflow/example_dags/example_sensors.py
[2024-12-06T23:39:13.840-0600] {logging_mixin.py:190} INFO - [2024-12-06T23:39:13.840-0600] {dag.py:3239} INFO - Sync 1 DAGs
[2024-12-06T23:39:13.848-0600] {logging_mixin.py:190} INFO - [2024-12-06T23:39:13.848-0600] {dag.py:4180} INFO - Setting next_dagrun for example_sensors to None, run_after=None
[2024-12-06T23:39:13.862-0600] {processor.py:208} INFO - Processing /home/m9d9v9/PycharmProjects/Airflow-2/Airflow-2/.venv/lib/python3.10/site-packages/airflow/example_dags/example_sensors.py took 0.072 seconds
[2024-12-06T23:40:10.975-0600] {processor.py:186} INFO - Started process (PID=19213) to work on /home/m9d9v9/PycharmProjects/Airflow-2/Airflow-2/.venv/lib/python3.10/site-packages/airflow/example_dags/example_sensors.py
[2024-12-06T23:40:10.977-0600] {processor.py:914} INFO - Processing file /home/m9d9v9/PycharmProjects/Airflow-2/Airflow-2/.venv/lib/python3.10/site-packages/airflow/example_dags/example_sensors.py for tasks to queue
[2024-12-06T23:40:10.977-0600] {logging_mixin.py:190} INFO - [2024-12-06T23:40:10.977-0600] {dagbag.py:588} INFO - Filling up the DagBag from /home/m9d9v9/PycharmProjects/Airflow-2/Airflow-2/.venv/lib/python3.10/site-packages/airflow/example_dags/example_sensors.py
[2024-12-06T23:40:10.990-0600] {processor.py:925} INFO - DAG(s) 'example_sensors' retrieved from /home/m9d9v9/PycharmProjects/Airflow-2/Airflow-2/.venv/lib/python3.10/site-packages/airflow/example_dags/example_sensors.py
[2024-12-06T23:40:11.006-0600] {logging_mixin.py:190} INFO - [2024-12-06T23:40:11.006-0600] {dag.py:3239} INFO - Sync 1 DAGs
[2024-12-06T23:40:11.019-0600] {logging_mixin.py:190} INFO - [2024-12-06T23:40:11.019-0600] {dag.py:4180} INFO - Setting next_dagrun for example_sensors to None, run_after=None
[2024-12-06T23:40:11.038-0600] {processor.py:208} INFO - Processing /home/m9d9v9/PycharmProjects/Airflow-2/Airflow-2/.venv/lib/python3.10/site-packages/airflow/example_dags/example_sensors.py took 0.070 seconds
[2024-12-06T23:41:06.533-0600] {processor.py:186} INFO - Started process (PID=19309) to work on /home/m9d9v9/PycharmProjects/Airflow-2/Airflow-2/.venv/lib/python3.10/site-packages/airflow/example_dags/example_sensors.py
[2024-12-06T23:41:06.539-0600] {processor.py:914} INFO - Processing file /home/m9d9v9/PycharmProjects/Airflow-2/Airflow-2/.venv/lib/python3.10/site-packages/airflow/example_dags/example_sensors.py for tasks to queue
[2024-12-06T23:41:06.540-0600] {logging_mixin.py:190} INFO - [2024-12-06T23:41:06.539-0600] {dagbag.py:588} INFO - Filling up the DagBag from /home/m9d9v9/PycharmProjects/Airflow-2/Airflow-2/.venv/lib/python3.10/site-packages/airflow/example_dags/example_sensors.py
[2024-12-06T23:41:06.552-0600] {processor.py:925} INFO - DAG(s) 'example_sensors' retrieved from /home/m9d9v9/PycharmProjects/Airflow-2/Airflow-2/.venv/lib/python3.10/site-packages/airflow/example_dags/example_sensors.py
[2024-12-06T23:41:06.573-0600] {logging_mixin.py:190} INFO - [2024-12-06T23:41:06.573-0600] {dag.py:3239} INFO - Sync 1 DAGs
[2024-12-06T23:41:06.585-0600] {logging_mixin.py:190} INFO - [2024-12-06T23:41:06.585-0600] {dag.py:4180} INFO - Setting next_dagrun for example_sensors to None, run_after=None
[2024-12-06T23:41:06.599-0600] {processor.py:208} INFO - Processing /home/m9d9v9/PycharmProjects/Airflow-2/Airflow-2/.venv/lib/python3.10/site-packages/airflow/example_dags/example_sensors.py took 0.072 seconds
