[2024-12-06T22:19:21.724-0600] {processor.py:186} INFO - Started process (PID=12525) to work on /home/m9d9v9/PycharmProjects/Airflow-2/Airflow-2/.venv/lib/python3.10/site-packages/airflow/example_dags/example_branch_day_of_week_operator.py
[2024-12-06T22:19:21.726-0600] {processor.py:914} INFO - Processing file /home/m9d9v9/PycharmProjects/Airflow-2/Airflow-2/.venv/lib/python3.10/site-packages/airflow/example_dags/example_branch_day_of_week_operator.py for tasks to queue
[2024-12-06T22:19:21.730-0600] {logging_mixin.py:190} INFO - [2024-12-06T22:19:21.729-0600] {dagbag.py:588} INFO - Filling up the DagBag from /home/m9d9v9/PycharmProjects/Airflow-2/Airflow-2/.venv/lib/python3.10/site-packages/airflow/example_dags/example_branch_day_of_week_operator.py
[2024-12-06T22:19:21.749-0600] {processor.py:925} INFO - DAG(s) 'example_weekday_branch_operator' retrieved from /home/m9d9v9/PycharmProjects/Airflow-2/Airflow-2/.venv/lib/python3.10/site-packages/airflow/example_dags/example_branch_day_of_week_operator.py
[2024-12-06T22:19:21.831-0600] {logging_mixin.py:190} INFO - [2024-12-06T22:19:21.830-0600] {override.py:1911} INFO - Created Permission View: can edit on DAG:example_weekday_branch_operator
[2024-12-06T22:19:21.839-0600] {logging_mixin.py:190} INFO - [2024-12-06T22:19:21.838-0600] {override.py:1911} INFO - Created Permission View: can read on DAG:example_weekday_branch_operator
[2024-12-06T22:19:21.843-0600] {logging_mixin.py:190} INFO - [2024-12-06T22:19:21.843-0600] {override.py:1911} INFO - Created Permission View: can delete on DAG:example_weekday_branch_operator
[2024-12-06T22:19:21.850-0600] {logging_mixin.py:190} INFO - [2024-12-06T22:19:21.850-0600] {override.py:1911} INFO - Created Permission View: menu access on DAG Run:example_weekday_branch_operator
[2024-12-06T22:19:21.855-0600] {logging_mixin.py:190} INFO - [2024-12-06T22:19:21.855-0600] {override.py:1911} INFO - Created Permission View: can create on DAG Run:example_weekday_branch_operator
[2024-12-06T22:19:21.860-0600] {logging_mixin.py:190} INFO - [2024-12-06T22:19:21.859-0600] {override.py:1911} INFO - Created Permission View: can read on DAG Run:example_weekday_branch_operator
[2024-12-06T22:19:21.865-0600] {logging_mixin.py:190} INFO - [2024-12-06T22:19:21.865-0600] {override.py:1911} INFO - Created Permission View: can delete on DAG Run:example_weekday_branch_operator
[2024-12-06T22:19:21.865-0600] {logging_mixin.py:190} INFO - [2024-12-06T22:19:21.865-0600] {dag.py:3239} INFO - Sync 1 DAGs
[2024-12-06T22:19:21.872-0600] {logging_mixin.py:190} INFO - [2024-12-06T22:19:21.872-0600] {dag.py:3262} INFO - Creating ORM DAG for example_weekday_branch_operator
[2024-12-06T22:19:21.878-0600] {logging_mixin.py:190} INFO - [2024-12-06T22:19:21.878-0600] {dag.py:4180} INFO - Setting next_dagrun for example_weekday_branch_operator to 2024-12-06 00:00:00+00:00, run_after=2024-12-07 00:00:00+00:00
[2024-12-06T22:19:21.889-0600] {processor.py:208} INFO - Processing /home/m9d9v9/PycharmProjects/Airflow-2/Airflow-2/.venv/lib/python3.10/site-packages/airflow/example_dags/example_branch_day_of_week_operator.py took 0.177 seconds
[2024-12-06T22:20:18.172-0600] {processor.py:186} INFO - Started process (PID=12649) to work on /home/m9d9v9/PycharmProjects/Airflow-2/Airflow-2/.venv/lib/python3.10/site-packages/airflow/example_dags/example_branch_day_of_week_operator.py
[2024-12-06T22:20:18.179-0600] {processor.py:914} INFO - Processing file /home/m9d9v9/PycharmProjects/Airflow-2/Airflow-2/.venv/lib/python3.10/site-packages/airflow/example_dags/example_branch_day_of_week_operator.py for tasks to queue
[2024-12-06T22:20:18.180-0600] {logging_mixin.py:190} INFO - [2024-12-06T22:20:18.180-0600] {dagbag.py:588} INFO - Filling up the DagBag from /home/m9d9v9/PycharmProjects/Airflow-2/Airflow-2/.venv/lib/python3.10/site-packages/airflow/example_dags/example_branch_day_of_week_operator.py
[2024-12-06T22:20:18.187-0600] {processor.py:925} INFO - DAG(s) 'example_weekday_branch_operator' retrieved from /home/m9d9v9/PycharmProjects/Airflow-2/Airflow-2/.venv/lib/python3.10/site-packages/airflow/example_dags/example_branch_day_of_week_operator.py
[2024-12-06T22:20:18.197-0600] {logging_mixin.py:190} INFO - [2024-12-06T22:20:18.197-0600] {dag.py:3239} INFO - Sync 1 DAGs
[2024-12-06T22:20:18.210-0600] {logging_mixin.py:190} INFO - [2024-12-06T22:20:18.209-0600] {dag.py:4180} INFO - Setting next_dagrun for example_weekday_branch_operator to 2024-12-06 00:00:00+00:00, run_after=2024-12-07 00:00:00+00:00
[2024-12-06T22:20:18.223-0600] {processor.py:208} INFO - Processing /home/m9d9v9/PycharmProjects/Airflow-2/Airflow-2/.venv/lib/python3.10/site-packages/airflow/example_dags/example_branch_day_of_week_operator.py took 0.054 seconds
[2024-12-06T22:21:38.703-0600] {processor.py:186} INFO - Started process (PID=12754) to work on /home/m9d9v9/PycharmProjects/Airflow-2/Airflow-2/.venv/lib/python3.10/site-packages/airflow/example_dags/example_branch_day_of_week_operator.py
[2024-12-06T22:21:38.710-0600] {processor.py:914} INFO - Processing file /home/m9d9v9/PycharmProjects/Airflow-2/Airflow-2/.venv/lib/python3.10/site-packages/airflow/example_dags/example_branch_day_of_week_operator.py for tasks to queue
[2024-12-06T22:21:38.714-0600] {logging_mixin.py:190} INFO - [2024-12-06T22:21:38.713-0600] {dagbag.py:588} INFO - Filling up the DagBag from /home/m9d9v9/PycharmProjects/Airflow-2/Airflow-2/.venv/lib/python3.10/site-packages/airflow/example_dags/example_branch_day_of_week_operator.py
[2024-12-06T22:21:38.735-0600] {processor.py:925} INFO - DAG(s) 'example_weekday_branch_operator' retrieved from /home/m9d9v9/PycharmProjects/Airflow-2/Airflow-2/.venv/lib/python3.10/site-packages/airflow/example_dags/example_branch_day_of_week_operator.py
[2024-12-06T22:21:38.753-0600] {logging_mixin.py:190} INFO - [2024-12-06T22:21:38.753-0600] {dag.py:3239} INFO - Sync 1 DAGs
[2024-12-06T22:21:38.766-0600] {logging_mixin.py:190} INFO - [2024-12-06T22:21:38.766-0600] {dag.py:4180} INFO - Setting next_dagrun for example_weekday_branch_operator to 2024-12-06 00:00:00+00:00, run_after=2024-12-07 00:00:00+00:00
[2024-12-06T22:21:38.781-0600] {processor.py:208} INFO - Processing /home/m9d9v9/PycharmProjects/Airflow-2/Airflow-2/.venv/lib/python3.10/site-packages/airflow/example_dags/example_branch_day_of_week_operator.py took 0.090 seconds
[2024-12-06T22:23:25.747-0600] {processor.py:186} INFO - Started process (PID=12955) to work on /home/m9d9v9/PycharmProjects/Airflow-2/Airflow-2/.venv/lib/python3.10/site-packages/airflow/example_dags/example_branch_day_of_week_operator.py
[2024-12-06T22:23:25.753-0600] {processor.py:914} INFO - Processing file /home/m9d9v9/PycharmProjects/Airflow-2/Airflow-2/.venv/lib/python3.10/site-packages/airflow/example_dags/example_branch_day_of_week_operator.py for tasks to queue
[2024-12-06T22:23:25.756-0600] {logging_mixin.py:190} INFO - [2024-12-06T22:23:25.755-0600] {dagbag.py:588} INFO - Filling up the DagBag from /home/m9d9v9/PycharmProjects/Airflow-2/Airflow-2/.venv/lib/python3.10/site-packages/airflow/example_dags/example_branch_day_of_week_operator.py
[2024-12-06T22:23:25.776-0600] {processor.py:925} INFO - DAG(s) 'example_weekday_branch_operator' retrieved from /home/m9d9v9/PycharmProjects/Airflow-2/Airflow-2/.venv/lib/python3.10/site-packages/airflow/example_dags/example_branch_day_of_week_operator.py
[2024-12-06T22:23:25.798-0600] {logging_mixin.py:190} INFO - [2024-12-06T22:23:25.798-0600] {dag.py:3239} INFO - Sync 1 DAGs
[2024-12-06T22:23:25.812-0600] {logging_mixin.py:190} INFO - [2024-12-06T22:23:25.811-0600] {dag.py:4180} INFO - Setting next_dagrun for example_weekday_branch_operator to 2024-12-06 00:00:00+00:00, run_after=2024-12-07 00:00:00+00:00
[2024-12-06T22:23:25.823-0600] {processor.py:208} INFO - Processing /home/m9d9v9/PycharmProjects/Airflow-2/Airflow-2/.venv/lib/python3.10/site-packages/airflow/example_dags/example_branch_day_of_week_operator.py took 0.089 seconds
[2024-12-06T22:24:47.204-0600] {processor.py:186} INFO - Started process (PID=13060) to work on /home/m9d9v9/PycharmProjects/Airflow-2/Airflow-2/.venv/lib/python3.10/site-packages/airflow/example_dags/example_branch_day_of_week_operator.py
[2024-12-06T22:24:47.211-0600] {processor.py:914} INFO - Processing file /home/m9d9v9/PycharmProjects/Airflow-2/Airflow-2/.venv/lib/python3.10/site-packages/airflow/example_dags/example_branch_day_of_week_operator.py for tasks to queue
[2024-12-06T22:24:47.213-0600] {logging_mixin.py:190} INFO - [2024-12-06T22:24:47.212-0600] {dagbag.py:588} INFO - Filling up the DagBag from /home/m9d9v9/PycharmProjects/Airflow-2/Airflow-2/.venv/lib/python3.10/site-packages/airflow/example_dags/example_branch_day_of_week_operator.py
[2024-12-06T22:24:47.221-0600] {processor.py:925} INFO - DAG(s) 'example_weekday_branch_operator' retrieved from /home/m9d9v9/PycharmProjects/Airflow-2/Airflow-2/.venv/lib/python3.10/site-packages/airflow/example_dags/example_branch_day_of_week_operator.py
[2024-12-06T22:24:47.232-0600] {logging_mixin.py:190} INFO - [2024-12-06T22:24:47.232-0600] {dag.py:3239} INFO - Sync 1 DAGs
[2024-12-06T22:24:47.246-0600] {logging_mixin.py:190} INFO - [2024-12-06T22:24:47.245-0600] {dag.py:4180} INFO - Setting next_dagrun for example_weekday_branch_operator to 2024-12-06 00:00:00+00:00, run_after=2024-12-07 00:00:00+00:00
[2024-12-06T22:24:47.258-0600] {processor.py:208} INFO - Processing /home/m9d9v9/PycharmProjects/Airflow-2/Airflow-2/.venv/lib/python3.10/site-packages/airflow/example_dags/example_branch_day_of_week_operator.py took 0.058 seconds
[2024-12-06T22:26:14.128-0600] {processor.py:186} INFO - Started process (PID=13185) to work on /home/m9d9v9/PycharmProjects/Airflow-2/Airflow-2/.venv/lib/python3.10/site-packages/airflow/example_dags/example_branch_day_of_week_operator.py
[2024-12-06T22:26:14.130-0600] {processor.py:914} INFO - Processing file /home/m9d9v9/PycharmProjects/Airflow-2/Airflow-2/.venv/lib/python3.10/site-packages/airflow/example_dags/example_branch_day_of_week_operator.py for tasks to queue
[2024-12-06T22:26:14.131-0600] {logging_mixin.py:190} INFO - [2024-12-06T22:26:14.130-0600] {dagbag.py:588} INFO - Filling up the DagBag from /home/m9d9v9/PycharmProjects/Airflow-2/Airflow-2/.venv/lib/python3.10/site-packages/airflow/example_dags/example_branch_day_of_week_operator.py
[2024-12-06T22:26:14.153-0600] {processor.py:925} INFO - DAG(s) 'example_weekday_branch_operator' retrieved from /home/m9d9v9/PycharmProjects/Airflow-2/Airflow-2/.venv/lib/python3.10/site-packages/airflow/example_dags/example_branch_day_of_week_operator.py
[2024-12-06T22:26:14.186-0600] {logging_mixin.py:190} INFO - [2024-12-06T22:26:14.185-0600] {dag.py:3239} INFO - Sync 1 DAGs
[2024-12-06T22:26:14.213-0600] {logging_mixin.py:190} INFO - [2024-12-06T22:26:14.213-0600] {dag.py:4180} INFO - Setting next_dagrun for example_weekday_branch_operator to 2024-12-06 00:00:00+00:00, run_after=2024-12-07 00:00:00+00:00
[2024-12-06T22:26:14.230-0600] {processor.py:208} INFO - Processing /home/m9d9v9/PycharmProjects/Airflow-2/Airflow-2/.venv/lib/python3.10/site-packages/airflow/example_dags/example_branch_day_of_week_operator.py took 0.112 seconds
[2024-12-06T22:37:39.199-0600] {processor.py:186} INFO - Started process (PID=14666) to work on /home/m9d9v9/PycharmProjects/Airflow-2/Airflow-2/.venv/lib/python3.10/site-packages/airflow/example_dags/example_branch_day_of_week_operator.py
[2024-12-06T22:37:39.201-0600] {processor.py:914} INFO - Processing file /home/m9d9v9/PycharmProjects/Airflow-2/Airflow-2/.venv/lib/python3.10/site-packages/airflow/example_dags/example_branch_day_of_week_operator.py for tasks to queue
[2024-12-06T22:37:39.206-0600] {logging_mixin.py:190} INFO - [2024-12-06T22:37:39.205-0600] {dagbag.py:588} INFO - Filling up the DagBag from /home/m9d9v9/PycharmProjects/Airflow-2/Airflow-2/.venv/lib/python3.10/site-packages/airflow/example_dags/example_branch_day_of_week_operator.py
[2024-12-06T22:37:39.226-0600] {processor.py:925} INFO - DAG(s) 'example_weekday_branch_operator' retrieved from /home/m9d9v9/PycharmProjects/Airflow-2/Airflow-2/.venv/lib/python3.10/site-packages/airflow/example_dags/example_branch_day_of_week_operator.py
[2024-12-06T22:37:39.241-0600] {logging_mixin.py:190} INFO - [2024-12-06T22:37:39.240-0600] {dag.py:3239} INFO - Sync 1 DAGs
[2024-12-06T22:37:39.254-0600] {logging_mixin.py:190} INFO - [2024-12-06T22:37:39.254-0600] {dag.py:4180} INFO - Setting next_dagrun for example_weekday_branch_operator to 2024-12-06 00:00:00+00:00, run_after=2024-12-07 00:00:00+00:00
[2024-12-06T22:37:39.266-0600] {processor.py:208} INFO - Processing /home/m9d9v9/PycharmProjects/Airflow-2/Airflow-2/.venv/lib/python3.10/site-packages/airflow/example_dags/example_branch_day_of_week_operator.py took 0.080 seconds
[2024-12-06T22:38:37.035-0600] {processor.py:186} INFO - Started process (PID=14772) to work on /home/m9d9v9/PycharmProjects/Airflow-2/Airflow-2/.venv/lib/python3.10/site-packages/airflow/example_dags/example_branch_day_of_week_operator.py
[2024-12-06T22:38:37.040-0600] {processor.py:914} INFO - Processing file /home/m9d9v9/PycharmProjects/Airflow-2/Airflow-2/.venv/lib/python3.10/site-packages/airflow/example_dags/example_branch_day_of_week_operator.py for tasks to queue
[2024-12-06T22:38:37.042-0600] {logging_mixin.py:190} INFO - [2024-12-06T22:38:37.042-0600] {dagbag.py:588} INFO - Filling up the DagBag from /home/m9d9v9/PycharmProjects/Airflow-2/Airflow-2/.venv/lib/python3.10/site-packages/airflow/example_dags/example_branch_day_of_week_operator.py
[2024-12-06T22:38:37.051-0600] {processor.py:925} INFO - DAG(s) 'example_weekday_branch_operator' retrieved from /home/m9d9v9/PycharmProjects/Airflow-2/Airflow-2/.venv/lib/python3.10/site-packages/airflow/example_dags/example_branch_day_of_week_operator.py
[2024-12-06T22:38:37.063-0600] {logging_mixin.py:190} INFO - [2024-12-06T22:38:37.062-0600] {dag.py:3239} INFO - Sync 1 DAGs
[2024-12-06T22:38:37.079-0600] {logging_mixin.py:190} INFO - [2024-12-06T22:38:37.079-0600] {dag.py:4180} INFO - Setting next_dagrun for example_weekday_branch_operator to 2024-12-06 00:00:00+00:00, run_after=2024-12-07 00:00:00+00:00
[2024-12-06T22:38:37.094-0600] {processor.py:208} INFO - Processing /home/m9d9v9/PycharmProjects/Airflow-2/Airflow-2/.venv/lib/python3.10/site-packages/airflow/example_dags/example_branch_day_of_week_operator.py took 0.064 seconds
[2024-12-06T22:40:03.791-0600] {processor.py:186} INFO - Started process (PID=15025) to work on /home/m9d9v9/PycharmProjects/Airflow-2/Airflow-2/.venv/lib/python3.10/site-packages/airflow/example_dags/example_branch_day_of_week_operator.py
[2024-12-06T22:40:03.798-0600] {processor.py:914} INFO - Processing file /home/m9d9v9/PycharmProjects/Airflow-2/Airflow-2/.venv/lib/python3.10/site-packages/airflow/example_dags/example_branch_day_of_week_operator.py for tasks to queue
[2024-12-06T22:40:03.802-0600] {logging_mixin.py:190} INFO - [2024-12-06T22:40:03.801-0600] {dagbag.py:588} INFO - Filling up the DagBag from /home/m9d9v9/PycharmProjects/Airflow-2/Airflow-2/.venv/lib/python3.10/site-packages/airflow/example_dags/example_branch_day_of_week_operator.py
[2024-12-06T22:40:03.819-0600] {processor.py:925} INFO - DAG(s) 'example_weekday_branch_operator' retrieved from /home/m9d9v9/PycharmProjects/Airflow-2/Airflow-2/.venv/lib/python3.10/site-packages/airflow/example_dags/example_branch_day_of_week_operator.py
[2024-12-06T22:40:03.840-0600] {logging_mixin.py:190} INFO - [2024-12-06T22:40:03.839-0600] {dag.py:3239} INFO - Sync 1 DAGs
[2024-12-06T22:40:03.853-0600] {logging_mixin.py:190} INFO - [2024-12-06T22:40:03.853-0600] {dag.py:4180} INFO - Setting next_dagrun for example_weekday_branch_operator to 2024-12-06 00:00:00+00:00, run_after=2024-12-07 00:00:00+00:00
[2024-12-06T22:40:03.864-0600] {processor.py:208} INFO - Processing /home/m9d9v9/PycharmProjects/Airflow-2/Airflow-2/.venv/lib/python3.10/site-packages/airflow/example_dags/example_branch_day_of_week_operator.py took 0.087 seconds
[2024-12-06T22:41:03.448-0600] {processor.py:186} INFO - Started process (PID=15130) to work on /home/m9d9v9/PycharmProjects/Airflow-2/Airflow-2/.venv/lib/python3.10/site-packages/airflow/example_dags/example_branch_day_of_week_operator.py
[2024-12-06T22:41:03.456-0600] {processor.py:914} INFO - Processing file /home/m9d9v9/PycharmProjects/Airflow-2/Airflow-2/.venv/lib/python3.10/site-packages/airflow/example_dags/example_branch_day_of_week_operator.py for tasks to queue
[2024-12-06T22:41:03.460-0600] {logging_mixin.py:190} INFO - [2024-12-06T22:41:03.459-0600] {dagbag.py:588} INFO - Filling up the DagBag from /home/m9d9v9/PycharmProjects/Airflow-2/Airflow-2/.venv/lib/python3.10/site-packages/airflow/example_dags/example_branch_day_of_week_operator.py
[2024-12-06T22:41:03.480-0600] {processor.py:925} INFO - DAG(s) 'example_weekday_branch_operator' retrieved from /home/m9d9v9/PycharmProjects/Airflow-2/Airflow-2/.venv/lib/python3.10/site-packages/airflow/example_dags/example_branch_day_of_week_operator.py
[2024-12-06T22:41:03.497-0600] {logging_mixin.py:190} INFO - [2024-12-06T22:41:03.497-0600] {dag.py:3239} INFO - Sync 1 DAGs
[2024-12-06T22:41:03.510-0600] {logging_mixin.py:190} INFO - [2024-12-06T22:41:03.510-0600] {dag.py:4180} INFO - Setting next_dagrun for example_weekday_branch_operator to 2024-12-06 00:00:00+00:00, run_after=2024-12-07 00:00:00+00:00
[2024-12-06T22:41:03.528-0600] {processor.py:208} INFO - Processing /home/m9d9v9/PycharmProjects/Airflow-2/Airflow-2/.venv/lib/python3.10/site-packages/airflow/example_dags/example_branch_day_of_week_operator.py took 0.097 seconds
[2024-12-06T23:25:46.962-0600] {processor.py:186} INFO - Started process (PID=17345) to work on /home/m9d9v9/PycharmProjects/Airflow-2/Airflow-2/.venv/lib/python3.10/site-packages/airflow/example_dags/example_branch_day_of_week_operator.py
[2024-12-06T23:25:46.963-0600] {processor.py:914} INFO - Processing file /home/m9d9v9/PycharmProjects/Airflow-2/Airflow-2/.venv/lib/python3.10/site-packages/airflow/example_dags/example_branch_day_of_week_operator.py for tasks to queue
[2024-12-06T23:25:46.965-0600] {logging_mixin.py:190} INFO - [2024-12-06T23:25:46.964-0600] {dagbag.py:588} INFO - Filling up the DagBag from /home/m9d9v9/PycharmProjects/Airflow-2/Airflow-2/.venv/lib/python3.10/site-packages/airflow/example_dags/example_branch_day_of_week_operator.py
[2024-12-06T23:25:46.971-0600] {processor.py:925} INFO - DAG(s) 'example_weekday_branch_operator' retrieved from /home/m9d9v9/PycharmProjects/Airflow-2/Airflow-2/.venv/lib/python3.10/site-packages/airflow/example_dags/example_branch_day_of_week_operator.py
[2024-12-06T23:25:46.982-0600] {logging_mixin.py:190} INFO - [2024-12-06T23:25:46.981-0600] {dag.py:3239} INFO - Sync 1 DAGs
[2024-12-06T23:25:46.994-0600] {logging_mixin.py:190} INFO - [2024-12-06T23:25:46.994-0600] {dag.py:4180} INFO - Setting next_dagrun for example_weekday_branch_operator to 2024-12-06 00:00:00+00:00, run_after=2024-12-07 00:00:00+00:00
[2024-12-06T23:25:47.005-0600] {processor.py:208} INFO - Processing /home/m9d9v9/PycharmProjects/Airflow-2/Airflow-2/.venv/lib/python3.10/site-packages/airflow/example_dags/example_branch_day_of_week_operator.py took 0.047 seconds
[2024-12-06T23:27:11.332-0600] {processor.py:186} INFO - Started process (PID=17461) to work on /home/m9d9v9/PycharmProjects/Airflow-2/Airflow-2/.venv/lib/python3.10/site-packages/airflow/example_dags/example_branch_day_of_week_operator.py
[2024-12-06T23:27:11.338-0600] {processor.py:914} INFO - Processing file /home/m9d9v9/PycharmProjects/Airflow-2/Airflow-2/.venv/lib/python3.10/site-packages/airflow/example_dags/example_branch_day_of_week_operator.py for tasks to queue
[2024-12-06T23:27:11.339-0600] {logging_mixin.py:190} INFO - [2024-12-06T23:27:11.339-0600] {dagbag.py:588} INFO - Filling up the DagBag from /home/m9d9v9/PycharmProjects/Airflow-2/Airflow-2/.venv/lib/python3.10/site-packages/airflow/example_dags/example_branch_day_of_week_operator.py
[2024-12-06T23:27:11.346-0600] {processor.py:925} INFO - DAG(s) 'example_weekday_branch_operator' retrieved from /home/m9d9v9/PycharmProjects/Airflow-2/Airflow-2/.venv/lib/python3.10/site-packages/airflow/example_dags/example_branch_day_of_week_operator.py
[2024-12-06T23:27:11.355-0600] {logging_mixin.py:190} INFO - [2024-12-06T23:27:11.355-0600] {dag.py:3239} INFO - Sync 1 DAGs
[2024-12-06T23:27:11.368-0600] {logging_mixin.py:190} INFO - [2024-12-06T23:27:11.367-0600] {dag.py:4180} INFO - Setting next_dagrun for example_weekday_branch_operator to 2024-12-06 00:00:00+00:00, run_after=2024-12-07 00:00:00+00:00
[2024-12-06T23:27:11.379-0600] {processor.py:208} INFO - Processing /home/m9d9v9/PycharmProjects/Airflow-2/Airflow-2/.venv/lib/python3.10/site-packages/airflow/example_dags/example_branch_day_of_week_operator.py took 0.052 seconds
[2024-12-06T23:28:37.509-0600] {processor.py:186} INFO - Started process (PID=17601) to work on /home/m9d9v9/PycharmProjects/Airflow-2/Airflow-2/.venv/lib/python3.10/site-packages/airflow/example_dags/example_branch_day_of_week_operator.py
[2024-12-06T23:28:37.516-0600] {processor.py:914} INFO - Processing file /home/m9d9v9/PycharmProjects/Airflow-2/Airflow-2/.venv/lib/python3.10/site-packages/airflow/example_dags/example_branch_day_of_week_operator.py for tasks to queue
[2024-12-06T23:28:37.517-0600] {logging_mixin.py:190} INFO - [2024-12-06T23:28:37.517-0600] {dagbag.py:588} INFO - Filling up the DagBag from /home/m9d9v9/PycharmProjects/Airflow-2/Airflow-2/.venv/lib/python3.10/site-packages/airflow/example_dags/example_branch_day_of_week_operator.py
[2024-12-06T23:28:37.536-0600] {processor.py:925} INFO - DAG(s) 'example_weekday_branch_operator' retrieved from /home/m9d9v9/PycharmProjects/Airflow-2/Airflow-2/.venv/lib/python3.10/site-packages/airflow/example_dags/example_branch_day_of_week_operator.py
[2024-12-06T23:28:37.560-0600] {logging_mixin.py:190} INFO - [2024-12-06T23:28:37.560-0600] {dag.py:3239} INFO - Sync 1 DAGs
[2024-12-06T23:28:37.572-0600] {logging_mixin.py:190} INFO - [2024-12-06T23:28:37.572-0600] {dag.py:4180} INFO - Setting next_dagrun for example_weekday_branch_operator to 2024-12-06 00:00:00+00:00, run_after=2024-12-07 00:00:00+00:00
[2024-12-06T23:28:37.584-0600] {processor.py:208} INFO - Processing /home/m9d9v9/PycharmProjects/Airflow-2/Airflow-2/.venv/lib/python3.10/site-packages/airflow/example_dags/example_branch_day_of_week_operator.py took 0.086 seconds
[2024-12-06T23:30:01.722-0600] {processor.py:186} INFO - Started process (PID=17779) to work on /home/m9d9v9/PycharmProjects/Airflow-2/Airflow-2/.venv/lib/python3.10/site-packages/airflow/example_dags/example_branch_day_of_week_operator.py
[2024-12-06T23:30:01.728-0600] {processor.py:914} INFO - Processing file /home/m9d9v9/PycharmProjects/Airflow-2/Airflow-2/.venv/lib/python3.10/site-packages/airflow/example_dags/example_branch_day_of_week_operator.py for tasks to queue
[2024-12-06T23:30:01.730-0600] {logging_mixin.py:190} INFO - [2024-12-06T23:30:01.729-0600] {dagbag.py:588} INFO - Filling up the DagBag from /home/m9d9v9/PycharmProjects/Airflow-2/Airflow-2/.venv/lib/python3.10/site-packages/airflow/example_dags/example_branch_day_of_week_operator.py
[2024-12-06T23:30:01.736-0600] {processor.py:925} INFO - DAG(s) 'example_weekday_branch_operator' retrieved from /home/m9d9v9/PycharmProjects/Airflow-2/Airflow-2/.venv/lib/python3.10/site-packages/airflow/example_dags/example_branch_day_of_week_operator.py
[2024-12-06T23:30:01.746-0600] {logging_mixin.py:190} INFO - [2024-12-06T23:30:01.746-0600] {dag.py:3239} INFO - Sync 1 DAGs
[2024-12-06T23:30:01.758-0600] {logging_mixin.py:190} INFO - [2024-12-06T23:30:01.758-0600] {dag.py:4180} INFO - Setting next_dagrun for example_weekday_branch_operator to 2024-12-06 00:00:00+00:00, run_after=2024-12-07 00:00:00+00:00
[2024-12-06T23:30:01.769-0600] {processor.py:208} INFO - Processing /home/m9d9v9/PycharmProjects/Airflow-2/Airflow-2/.venv/lib/python3.10/site-packages/airflow/example_dags/example_branch_day_of_week_operator.py took 0.051 seconds
[2024-12-06T23:31:25.981-0600] {processor.py:186} INFO - Started process (PID=17933) to work on /home/m9d9v9/PycharmProjects/Airflow-2/Airflow-2/.venv/lib/python3.10/site-packages/airflow/example_dags/example_branch_day_of_week_operator.py
[2024-12-06T23:31:25.988-0600] {processor.py:914} INFO - Processing file /home/m9d9v9/PycharmProjects/Airflow-2/Airflow-2/.venv/lib/python3.10/site-packages/airflow/example_dags/example_branch_day_of_week_operator.py for tasks to queue
[2024-12-06T23:31:25.990-0600] {logging_mixin.py:190} INFO - [2024-12-06T23:31:25.989-0600] {dagbag.py:588} INFO - Filling up the DagBag from /home/m9d9v9/PycharmProjects/Airflow-2/Airflow-2/.venv/lib/python3.10/site-packages/airflow/example_dags/example_branch_day_of_week_operator.py
[2024-12-06T23:31:26.010-0600] {processor.py:925} INFO - DAG(s) 'example_weekday_branch_operator' retrieved from /home/m9d9v9/PycharmProjects/Airflow-2/Airflow-2/.venv/lib/python3.10/site-packages/airflow/example_dags/example_branch_day_of_week_operator.py
[2024-12-06T23:31:26.032-0600] {logging_mixin.py:190} INFO - [2024-12-06T23:31:26.032-0600] {dag.py:3239} INFO - Sync 1 DAGs
[2024-12-06T23:31:26.044-0600] {logging_mixin.py:190} INFO - [2024-12-06T23:31:26.044-0600] {dag.py:4180} INFO - Setting next_dagrun for example_weekday_branch_operator to 2024-12-06 00:00:00+00:00, run_after=2024-12-07 00:00:00+00:00
[2024-12-06T23:31:26.056-0600] {processor.py:208} INFO - Processing /home/m9d9v9/PycharmProjects/Airflow-2/Airflow-2/.venv/lib/python3.10/site-packages/airflow/example_dags/example_branch_day_of_week_operator.py took 0.085 seconds
[2024-12-06T23:32:25.422-0600] {processor.py:186} INFO - Started process (PID=18045) to work on /home/m9d9v9/PycharmProjects/Airflow-2/Airflow-2/.venv/lib/python3.10/site-packages/airflow/example_dags/example_branch_day_of_week_operator.py
[2024-12-06T23:32:25.429-0600] {processor.py:914} INFO - Processing file /home/m9d9v9/PycharmProjects/Airflow-2/Airflow-2/.venv/lib/python3.10/site-packages/airflow/example_dags/example_branch_day_of_week_operator.py for tasks to queue
[2024-12-06T23:32:25.432-0600] {logging_mixin.py:190} INFO - [2024-12-06T23:32:25.431-0600] {dagbag.py:588} INFO - Filling up the DagBag from /home/m9d9v9/PycharmProjects/Airflow-2/Airflow-2/.venv/lib/python3.10/site-packages/airflow/example_dags/example_branch_day_of_week_operator.py
[2024-12-06T23:32:25.452-0600] {processor.py:925} INFO - DAG(s) 'example_weekday_branch_operator' retrieved from /home/m9d9v9/PycharmProjects/Airflow-2/Airflow-2/.venv/lib/python3.10/site-packages/airflow/example_dags/example_branch_day_of_week_operator.py
[2024-12-06T23:32:25.473-0600] {logging_mixin.py:190} INFO - [2024-12-06T23:32:25.473-0600] {dag.py:3239} INFO - Sync 1 DAGs
[2024-12-06T23:32:25.485-0600] {logging_mixin.py:190} INFO - [2024-12-06T23:32:25.485-0600] {dag.py:4180} INFO - Setting next_dagrun for example_weekday_branch_operator to 2024-12-06 00:00:00+00:00, run_after=2024-12-07 00:00:00+00:00
[2024-12-06T23:32:25.496-0600] {processor.py:208} INFO - Processing /home/m9d9v9/PycharmProjects/Airflow-2/Airflow-2/.venv/lib/python3.10/site-packages/airflow/example_dags/example_branch_day_of_week_operator.py took 0.086 seconds
[2024-12-06T23:33:49.443-0600] {processor.py:186} INFO - Started process (PID=18148) to work on /home/m9d9v9/PycharmProjects/Airflow-2/Airflow-2/.venv/lib/python3.10/site-packages/airflow/example_dags/example_branch_day_of_week_operator.py
[2024-12-06T23:33:49.445-0600] {processor.py:914} INFO - Processing file /home/m9d9v9/PycharmProjects/Airflow-2/Airflow-2/.venv/lib/python3.10/site-packages/airflow/example_dags/example_branch_day_of_week_operator.py for tasks to queue
[2024-12-06T23:33:49.448-0600] {logging_mixin.py:190} INFO - [2024-12-06T23:33:49.447-0600] {dagbag.py:588} INFO - Filling up the DagBag from /home/m9d9v9/PycharmProjects/Airflow-2/Airflow-2/.venv/lib/python3.10/site-packages/airflow/example_dags/example_branch_day_of_week_operator.py
[2024-12-06T23:33:49.468-0600] {processor.py:925} INFO - DAG(s) 'example_weekday_branch_operator' retrieved from /home/m9d9v9/PycharmProjects/Airflow-2/Airflow-2/.venv/lib/python3.10/site-packages/airflow/example_dags/example_branch_day_of_week_operator.py
[2024-12-06T23:33:49.487-0600] {logging_mixin.py:190} INFO - [2024-12-06T23:33:49.487-0600] {dag.py:3239} INFO - Sync 1 DAGs
[2024-12-06T23:33:49.499-0600] {logging_mixin.py:190} INFO - [2024-12-06T23:33:49.499-0600] {dag.py:4180} INFO - Setting next_dagrun for example_weekday_branch_operator to 2024-12-06 00:00:00+00:00, run_after=2024-12-07 00:00:00+00:00
[2024-12-06T23:33:49.510-0600] {processor.py:208} INFO - Processing /home/m9d9v9/PycharmProjects/Airflow-2/Airflow-2/.venv/lib/python3.10/site-packages/airflow/example_dags/example_branch_day_of_week_operator.py took 0.078 seconds
[2024-12-06T23:35:20.488-0600] {processor.py:186} INFO - Started process (PID=18319) to work on /home/m9d9v9/PycharmProjects/Airflow-2/Airflow-2/.venv/lib/python3.10/site-packages/airflow/example_dags/example_branch_day_of_week_operator.py
[2024-12-06T23:35:20.495-0600] {processor.py:914} INFO - Processing file /home/m9d9v9/PycharmProjects/Airflow-2/Airflow-2/.venv/lib/python3.10/site-packages/airflow/example_dags/example_branch_day_of_week_operator.py for tasks to queue
[2024-12-06T23:35:20.498-0600] {logging_mixin.py:190} INFO - [2024-12-06T23:35:20.497-0600] {dagbag.py:588} INFO - Filling up the DagBag from /home/m9d9v9/PycharmProjects/Airflow-2/Airflow-2/.venv/lib/python3.10/site-packages/airflow/example_dags/example_branch_day_of_week_operator.py
[2024-12-06T23:35:20.517-0600] {processor.py:925} INFO - DAG(s) 'example_weekday_branch_operator' retrieved from /home/m9d9v9/PycharmProjects/Airflow-2/Airflow-2/.venv/lib/python3.10/site-packages/airflow/example_dags/example_branch_day_of_week_operator.py
[2024-12-06T23:35:20.537-0600] {logging_mixin.py:190} INFO - [2024-12-06T23:35:20.537-0600] {dag.py:3239} INFO - Sync 1 DAGs
[2024-12-06T23:35:20.549-0600] {logging_mixin.py:190} INFO - [2024-12-06T23:35:20.549-0600] {dag.py:4180} INFO - Setting next_dagrun for example_weekday_branch_operator to 2024-12-06 00:00:00+00:00, run_after=2024-12-07 00:00:00+00:00
[2024-12-06T23:35:20.560-0600] {processor.py:208} INFO - Processing /home/m9d9v9/PycharmProjects/Airflow-2/Airflow-2/.venv/lib/python3.10/site-packages/airflow/example_dags/example_branch_day_of_week_operator.py took 0.084 seconds
[2024-12-06T23:36:23.865-0600] {processor.py:186} INFO - Started process (PID=18392) to work on /home/m9d9v9/PycharmProjects/Airflow-2/Airflow-2/.venv/lib/python3.10/site-packages/airflow/example_dags/example_branch_day_of_week_operator.py
[2024-12-06T23:36:23.867-0600] {processor.py:914} INFO - Processing file /home/m9d9v9/PycharmProjects/Airflow-2/Airflow-2/.venv/lib/python3.10/site-packages/airflow/example_dags/example_branch_day_of_week_operator.py for tasks to queue
[2024-12-06T23:36:23.869-0600] {logging_mixin.py:190} INFO - [2024-12-06T23:36:23.868-0600] {dagbag.py:588} INFO - Filling up the DagBag from /home/m9d9v9/PycharmProjects/Airflow-2/Airflow-2/.venv/lib/python3.10/site-packages/airflow/example_dags/example_branch_day_of_week_operator.py
[2024-12-06T23:36:23.889-0600] {processor.py:925} INFO - DAG(s) 'example_weekday_branch_operator' retrieved from /home/m9d9v9/PycharmProjects/Airflow-2/Airflow-2/.venv/lib/python3.10/site-packages/airflow/example_dags/example_branch_day_of_week_operator.py
[2024-12-06T23:36:23.904-0600] {logging_mixin.py:190} INFO - [2024-12-06T23:36:23.904-0600] {dag.py:3239} INFO - Sync 1 DAGs
[2024-12-06T23:36:23.916-0600] {logging_mixin.py:190} INFO - [2024-12-06T23:36:23.916-0600] {dag.py:4180} INFO - Setting next_dagrun for example_weekday_branch_operator to 2024-12-06 00:00:00+00:00, run_after=2024-12-07 00:00:00+00:00
[2024-12-06T23:36:23.926-0600] {processor.py:208} INFO - Processing /home/m9d9v9/PycharmProjects/Airflow-2/Airflow-2/.venv/lib/python3.10/site-packages/airflow/example_dags/example_branch_day_of_week_operator.py took 0.073 seconds
[2024-12-06T23:37:25.252-0600] {processor.py:186} INFO - Started process (PID=18670) to work on /home/m9d9v9/PycharmProjects/Airflow-2/Airflow-2/.venv/lib/python3.10/site-packages/airflow/example_dags/example_branch_day_of_week_operator.py
[2024-12-06T23:37:25.259-0600] {processor.py:914} INFO - Processing file /home/m9d9v9/PycharmProjects/Airflow-2/Airflow-2/.venv/lib/python3.10/site-packages/airflow/example_dags/example_branch_day_of_week_operator.py for tasks to queue
[2024-12-06T23:37:25.261-0600] {logging_mixin.py:190} INFO - [2024-12-06T23:37:25.261-0600] {dagbag.py:588} INFO - Filling up the DagBag from /home/m9d9v9/PycharmProjects/Airflow-2/Airflow-2/.venv/lib/python3.10/site-packages/airflow/example_dags/example_branch_day_of_week_operator.py
[2024-12-06T23:37:25.281-0600] {processor.py:925} INFO - DAG(s) 'example_weekday_branch_operator' retrieved from /home/m9d9v9/PycharmProjects/Airflow-2/Airflow-2/.venv/lib/python3.10/site-packages/airflow/example_dags/example_branch_day_of_week_operator.py
[2024-12-06T23:37:25.406-0600] {logging_mixin.py:190} INFO - [2024-12-06T23:37:25.406-0600] {dag.py:3239} INFO - Sync 1 DAGs
[2024-12-06T23:37:25.417-0600] {logging_mixin.py:190} INFO - [2024-12-06T23:37:25.417-0600] {dag.py:4180} INFO - Setting next_dagrun for example_weekday_branch_operator to 2024-12-06 00:00:00+00:00, run_after=2024-12-07 00:00:00+00:00
[2024-12-06T23:37:25.434-0600] {processor.py:208} INFO - Processing /home/m9d9v9/PycharmProjects/Airflow-2/Airflow-2/.venv/lib/python3.10/site-packages/airflow/example_dags/example_branch_day_of_week_operator.py took 0.193 seconds
[2024-12-06T23:38:24.870-0600] {processor.py:186} INFO - Started process (PID=18798) to work on /home/m9d9v9/PycharmProjects/Airflow-2/Airflow-2/.venv/lib/python3.10/site-packages/airflow/example_dags/example_branch_day_of_week_operator.py
[2024-12-06T23:38:24.872-0600] {processor.py:914} INFO - Processing file /home/m9d9v9/PycharmProjects/Airflow-2/Airflow-2/.venv/lib/python3.10/site-packages/airflow/example_dags/example_branch_day_of_week_operator.py for tasks to queue
[2024-12-06T23:38:24.875-0600] {logging_mixin.py:190} INFO - [2024-12-06T23:38:24.874-0600] {dagbag.py:588} INFO - Filling up the DagBag from /home/m9d9v9/PycharmProjects/Airflow-2/Airflow-2/.venv/lib/python3.10/site-packages/airflow/example_dags/example_branch_day_of_week_operator.py
[2024-12-06T23:38:24.892-0600] {processor.py:925} INFO - DAG(s) 'example_weekday_branch_operator' retrieved from /home/m9d9v9/PycharmProjects/Airflow-2/Airflow-2/.venv/lib/python3.10/site-packages/airflow/example_dags/example_branch_day_of_week_operator.py
[2024-12-06T23:38:24.911-0600] {logging_mixin.py:190} INFO - [2024-12-06T23:38:24.910-0600] {dag.py:3239} INFO - Sync 1 DAGs
[2024-12-06T23:38:24.922-0600] {logging_mixin.py:190} INFO - [2024-12-06T23:38:24.922-0600] {dag.py:4180} INFO - Setting next_dagrun for example_weekday_branch_operator to 2024-12-06 00:00:00+00:00, run_after=2024-12-07 00:00:00+00:00
[2024-12-06T23:38:24.933-0600] {processor.py:208} INFO - Processing /home/m9d9v9/PycharmProjects/Airflow-2/Airflow-2/.venv/lib/python3.10/site-packages/airflow/example_dags/example_branch_day_of_week_operator.py took 0.074 seconds
[2024-12-06T23:39:31.716-0600] {processor.py:186} INFO - Started process (PID=19057) to work on /home/m9d9v9/PycharmProjects/Airflow-2/Airflow-2/.venv/lib/python3.10/site-packages/airflow/example_dags/example_branch_day_of_week_operator.py
[2024-12-06T23:39:31.722-0600] {processor.py:914} INFO - Processing file /home/m9d9v9/PycharmProjects/Airflow-2/Airflow-2/.venv/lib/python3.10/site-packages/airflow/example_dags/example_branch_day_of_week_operator.py for tasks to queue
[2024-12-06T23:39:31.723-0600] {logging_mixin.py:190} INFO - [2024-12-06T23:39:31.723-0600] {dagbag.py:588} INFO - Filling up the DagBag from /home/m9d9v9/PycharmProjects/Airflow-2/Airflow-2/.venv/lib/python3.10/site-packages/airflow/example_dags/example_branch_day_of_week_operator.py
[2024-12-06T23:39:31.730-0600] {processor.py:925} INFO - DAG(s) 'example_weekday_branch_operator' retrieved from /home/m9d9v9/PycharmProjects/Airflow-2/Airflow-2/.venv/lib/python3.10/site-packages/airflow/example_dags/example_branch_day_of_week_operator.py
[2024-12-06T23:39:31.740-0600] {logging_mixin.py:190} INFO - [2024-12-06T23:39:31.740-0600] {dag.py:3239} INFO - Sync 1 DAGs
[2024-12-06T23:39:31.752-0600] {logging_mixin.py:190} INFO - [2024-12-06T23:39:31.752-0600] {dag.py:4180} INFO - Setting next_dagrun for example_weekday_branch_operator to 2024-12-06 00:00:00+00:00, run_after=2024-12-07 00:00:00+00:00
[2024-12-06T23:39:31.766-0600] {processor.py:208} INFO - Processing /home/m9d9v9/PycharmProjects/Airflow-2/Airflow-2/.venv/lib/python3.10/site-packages/airflow/example_dags/example_branch_day_of_week_operator.py took 0.053 seconds
[2024-12-06T23:40:28.038-0600] {processor.py:186} INFO - Started process (PID=19240) to work on /home/m9d9v9/PycharmProjects/Airflow-2/Airflow-2/.venv/lib/python3.10/site-packages/airflow/example_dags/example_branch_day_of_week_operator.py
[2024-12-06T23:40:28.044-0600] {processor.py:914} INFO - Processing file /home/m9d9v9/PycharmProjects/Airflow-2/Airflow-2/.venv/lib/python3.10/site-packages/airflow/example_dags/example_branch_day_of_week_operator.py for tasks to queue
[2024-12-06T23:40:28.046-0600] {logging_mixin.py:190} INFO - [2024-12-06T23:40:28.045-0600] {dagbag.py:588} INFO - Filling up the DagBag from /home/m9d9v9/PycharmProjects/Airflow-2/Airflow-2/.venv/lib/python3.10/site-packages/airflow/example_dags/example_branch_day_of_week_operator.py
[2024-12-06T23:40:28.056-0600] {processor.py:925} INFO - DAG(s) 'example_weekday_branch_operator' retrieved from /home/m9d9v9/PycharmProjects/Airflow-2/Airflow-2/.venv/lib/python3.10/site-packages/airflow/example_dags/example_branch_day_of_week_operator.py
[2024-12-06T23:40:28.076-0600] {logging_mixin.py:190} INFO - [2024-12-06T23:40:28.075-0600] {dag.py:3239} INFO - Sync 1 DAGs
[2024-12-06T23:40:28.095-0600] {logging_mixin.py:190} INFO - [2024-12-06T23:40:28.094-0600] {dag.py:4180} INFO - Setting next_dagrun for example_weekday_branch_operator to 2024-12-06 00:00:00+00:00, run_after=2024-12-07 00:00:00+00:00
[2024-12-06T23:40:28.107-0600] {processor.py:208} INFO - Processing /home/m9d9v9/PycharmProjects/Airflow-2/Airflow-2/.venv/lib/python3.10/site-packages/airflow/example_dags/example_branch_day_of_week_operator.py took 0.078 seconds
[2024-12-06T23:41:48.761-0600] {processor.py:186} INFO - Started process (PID=19371) to work on /home/m9d9v9/PycharmProjects/Airflow-2/Airflow-2/.venv/lib/python3.10/site-packages/airflow/example_dags/example_branch_day_of_week_operator.py
[2024-12-06T23:41:48.767-0600] {processor.py:914} INFO - Processing file /home/m9d9v9/PycharmProjects/Airflow-2/Airflow-2/.venv/lib/python3.10/site-packages/airflow/example_dags/example_branch_day_of_week_operator.py for tasks to queue
[2024-12-06T23:41:48.768-0600] {logging_mixin.py:190} INFO - [2024-12-06T23:41:48.768-0600] {dagbag.py:588} INFO - Filling up the DagBag from /home/m9d9v9/PycharmProjects/Airflow-2/Airflow-2/.venv/lib/python3.10/site-packages/airflow/example_dags/example_branch_day_of_week_operator.py
[2024-12-06T23:41:48.775-0600] {processor.py:925} INFO - DAG(s) 'example_weekday_branch_operator' retrieved from /home/m9d9v9/PycharmProjects/Airflow-2/Airflow-2/.venv/lib/python3.10/site-packages/airflow/example_dags/example_branch_day_of_week_operator.py
[2024-12-06T23:41:48.785-0600] {logging_mixin.py:190} INFO - [2024-12-06T23:41:48.785-0600] {dag.py:3239} INFO - Sync 1 DAGs
[2024-12-06T23:41:48.798-0600] {logging_mixin.py:190} INFO - [2024-12-06T23:41:48.797-0600] {dag.py:4180} INFO - Setting next_dagrun for example_weekday_branch_operator to 2024-12-06 00:00:00+00:00, run_after=2024-12-07 00:00:00+00:00
[2024-12-06T23:41:48.810-0600] {processor.py:208} INFO - Processing /home/m9d9v9/PycharmProjects/Airflow-2/Airflow-2/.venv/lib/python3.10/site-packages/airflow/example_dags/example_branch_day_of_week_operator.py took 0.054 seconds
