[2024-12-06T22:19:14.786-0600] {processor.py:186} INFO - Started process (PID=12518) to work on /home/m9d9v9/PycharmProjects/Airflow-2/Airflow-2/.venv/lib/python3.10/site-packages/airflow/example_dags/example_complex.py
[2024-12-06T22:19:14.788-0600] {processor.py:914} INFO - Processing file /home/m9d9v9/PycharmProjects/Airflow-2/Airflow-2/.venv/lib/python3.10/site-packages/airflow/example_dags/example_complex.py for tasks to queue
[2024-12-06T22:19:14.792-0600] {logging_mixin.py:190} INFO - [2024-12-06T22:19:14.791-0600] {dagbag.py:588} INFO - Filling up the DagBag from /home/m9d9v9/PycharmProjects/Airflow-2/Airflow-2/.venv/lib/python3.10/site-packages/airflow/example_dags/example_complex.py
[2024-12-06T22:19:14.818-0600] {processor.py:925} INFO - DAG(s) 'example_complex' retrieved from /home/m9d9v9/PycharmProjects/Airflow-2/Airflow-2/.venv/lib/python3.10/site-packages/airflow/example_dags/example_complex.py
[2024-12-06T22:19:14.894-0600] {logging_mixin.py:190} INFO - [2024-12-06T22:19:14.894-0600] {override.py:1911} INFO - Created Permission View: can edit on DAG:example_complex
[2024-12-06T22:19:14.901-0600] {logging_mixin.py:190} INFO - [2024-12-06T22:19:14.900-0600] {override.py:1911} INFO - Created Permission View: can read on DAG:example_complex
[2024-12-06T22:19:14.906-0600] {logging_mixin.py:190} INFO - [2024-12-06T22:19:14.906-0600] {override.py:1911} INFO - Created Permission View: can delete on DAG:example_complex
[2024-12-06T22:19:14.913-0600] {logging_mixin.py:190} INFO - [2024-12-06T22:19:14.913-0600] {override.py:1911} INFO - Created Permission View: menu access on DAG Run:example_complex
[2024-12-06T22:19:14.917-0600] {logging_mixin.py:190} INFO - [2024-12-06T22:19:14.917-0600] {override.py:1911} INFO - Created Permission View: can create on DAG Run:example_complex
[2024-12-06T22:19:14.921-0600] {logging_mixin.py:190} INFO - [2024-12-06T22:19:14.921-0600] {override.py:1911} INFO - Created Permission View: can read on DAG Run:example_complex
[2024-12-06T22:19:14.925-0600] {logging_mixin.py:190} INFO - [2024-12-06T22:19:14.925-0600] {override.py:1911} INFO - Created Permission View: can delete on DAG Run:example_complex
[2024-12-06T22:19:14.925-0600] {logging_mixin.py:190} INFO - [2024-12-06T22:19:14.925-0600] {dag.py:3239} INFO - Sync 1 DAGs
[2024-12-06T22:19:14.932-0600] {logging_mixin.py:190} INFO - [2024-12-06T22:19:14.932-0600] {dag.py:3262} INFO - Creating ORM DAG for example_complex
[2024-12-06T22:19:14.932-0600] {logging_mixin.py:190} INFO - [2024-12-06T22:19:14.932-0600] {dag.py:4180} INFO - Setting next_dagrun for example_complex to None, run_after=None
[2024-12-06T22:19:14.947-0600] {processor.py:208} INFO - Processing /home/m9d9v9/PycharmProjects/Airflow-2/Airflow-2/.venv/lib/python3.10/site-packages/airflow/example_dags/example_complex.py took 0.174 seconds
[2024-12-06T22:20:12.849-0600] {processor.py:186} INFO - Started process (PID=12638) to work on /home/m9d9v9/PycharmProjects/Airflow-2/Airflow-2/.venv/lib/python3.10/site-packages/airflow/example_dags/example_complex.py
[2024-12-06T22:20:12.850-0600] {processor.py:914} INFO - Processing file /home/m9d9v9/PycharmProjects/Airflow-2/Airflow-2/.venv/lib/python3.10/site-packages/airflow/example_dags/example_complex.py for tasks to queue
[2024-12-06T22:20:12.852-0600] {logging_mixin.py:190} INFO - [2024-12-06T22:20:12.851-0600] {dagbag.py:588} INFO - Filling up the DagBag from /home/m9d9v9/PycharmProjects/Airflow-2/Airflow-2/.venv/lib/python3.10/site-packages/airflow/example_dags/example_complex.py
[2024-12-06T22:20:12.865-0600] {processor.py:925} INFO - DAG(s) 'example_complex' retrieved from /home/m9d9v9/PycharmProjects/Airflow-2/Airflow-2/.venv/lib/python3.10/site-packages/airflow/example_dags/example_complex.py
[2024-12-06T22:20:12.886-0600] {logging_mixin.py:190} INFO - [2024-12-06T22:20:12.886-0600] {dag.py:3239} INFO - Sync 1 DAGs
[2024-12-06T22:20:12.896-0600] {logging_mixin.py:190} INFO - [2024-12-06T22:20:12.895-0600] {dag.py:4180} INFO - Setting next_dagrun for example_complex to None, run_after=None
[2024-12-06T22:20:12.909-0600] {processor.py:208} INFO - Processing /home/m9d9v9/PycharmProjects/Airflow-2/Airflow-2/.venv/lib/python3.10/site-packages/airflow/example_dags/example_complex.py took 0.066 seconds
[2024-12-06T22:21:08.693-0600] {processor.py:186} INFO - Started process (PID=12712) to work on /home/m9d9v9/PycharmProjects/Airflow-2/Airflow-2/.venv/lib/python3.10/site-packages/airflow/example_dags/example_complex.py
[2024-12-06T22:21:08.699-0600] {processor.py:914} INFO - Processing file /home/m9d9v9/PycharmProjects/Airflow-2/Airflow-2/.venv/lib/python3.10/site-packages/airflow/example_dags/example_complex.py for tasks to queue
[2024-12-06T22:21:08.701-0600] {logging_mixin.py:190} INFO - [2024-12-06T22:21:08.701-0600] {dagbag.py:588} INFO - Filling up the DagBag from /home/m9d9v9/PycharmProjects/Airflow-2/Airflow-2/.venv/lib/python3.10/site-packages/airflow/example_dags/example_complex.py
[2024-12-06T22:21:08.712-0600] {processor.py:925} INFO - DAG(s) 'example_complex' retrieved from /home/m9d9v9/PycharmProjects/Airflow-2/Airflow-2/.venv/lib/python3.10/site-packages/airflow/example_dags/example_complex.py
[2024-12-06T22:21:08.733-0600] {logging_mixin.py:190} INFO - [2024-12-06T22:21:08.733-0600] {dag.py:3239} INFO - Sync 1 DAGs
[2024-12-06T22:21:08.743-0600] {logging_mixin.py:190} INFO - [2024-12-06T22:21:08.743-0600] {dag.py:4180} INFO - Setting next_dagrun for example_complex to None, run_after=None
[2024-12-06T22:21:08.756-0600] {processor.py:208} INFO - Processing /home/m9d9v9/PycharmProjects/Airflow-2/Airflow-2/.venv/lib/python3.10/site-packages/airflow/example_dags/example_complex.py took 0.068 seconds
[2024-12-06T22:22:05.926-0600] {processor.py:186} INFO - Started process (PID=12792) to work on /home/m9d9v9/PycharmProjects/Airflow-2/Airflow-2/.venv/lib/python3.10/site-packages/airflow/example_dags/example_complex.py
[2024-12-06T22:22:05.933-0600] {processor.py:914} INFO - Processing file /home/m9d9v9/PycharmProjects/Airflow-2/Airflow-2/.venv/lib/python3.10/site-packages/airflow/example_dags/example_complex.py for tasks to queue
[2024-12-06T22:22:05.937-0600] {logging_mixin.py:190} INFO - [2024-12-06T22:22:05.937-0600] {dagbag.py:588} INFO - Filling up the DagBag from /home/m9d9v9/PycharmProjects/Airflow-2/Airflow-2/.venv/lib/python3.10/site-packages/airflow/example_dags/example_complex.py
[2024-12-06T22:22:05.964-0600] {processor.py:925} INFO - DAG(s) 'example_complex' retrieved from /home/m9d9v9/PycharmProjects/Airflow-2/Airflow-2/.venv/lib/python3.10/site-packages/airflow/example_dags/example_complex.py
[2024-12-06T22:22:05.985-0600] {logging_mixin.py:190} INFO - [2024-12-06T22:22:05.985-0600] {dag.py:3239} INFO - Sync 1 DAGs
[2024-12-06T22:22:05.993-0600] {logging_mixin.py:190} INFO - [2024-12-06T22:22:05.993-0600] {dag.py:4180} INFO - Setting next_dagrun for example_complex to None, run_after=None
[2024-12-06T22:22:06.006-0600] {processor.py:208} INFO - Processing /home/m9d9v9/PycharmProjects/Airflow-2/Airflow-2/.venv/lib/python3.10/site-packages/airflow/example_dags/example_complex.py took 0.093 seconds
[2024-12-06T22:23:23.403-0600] {processor.py:186} INFO - Started process (PID=12953) to work on /home/m9d9v9/PycharmProjects/Airflow-2/Airflow-2/.venv/lib/python3.10/site-packages/airflow/example_dags/example_complex.py
[2024-12-06T22:23:23.409-0600] {processor.py:914} INFO - Processing file /home/m9d9v9/PycharmProjects/Airflow-2/Airflow-2/.venv/lib/python3.10/site-packages/airflow/example_dags/example_complex.py for tasks to queue
[2024-12-06T22:23:23.411-0600] {logging_mixin.py:190} INFO - [2024-12-06T22:23:23.410-0600] {dagbag.py:588} INFO - Filling up the DagBag from /home/m9d9v9/PycharmProjects/Airflow-2/Airflow-2/.venv/lib/python3.10/site-packages/airflow/example_dags/example_complex.py
[2024-12-06T22:23:23.435-0600] {processor.py:925} INFO - DAG(s) 'example_complex' retrieved from /home/m9d9v9/PycharmProjects/Airflow-2/Airflow-2/.venv/lib/python3.10/site-packages/airflow/example_dags/example_complex.py
[2024-12-06T22:23:23.464-0600] {logging_mixin.py:190} INFO - [2024-12-06T22:23:23.464-0600] {dag.py:3239} INFO - Sync 1 DAGs
[2024-12-06T22:23:23.472-0600] {logging_mixin.py:190} INFO - [2024-12-06T22:23:23.472-0600] {dag.py:4180} INFO - Setting next_dagrun for example_complex to None, run_after=None
[2024-12-06T22:23:23.484-0600] {processor.py:208} INFO - Processing /home/m9d9v9/PycharmProjects/Airflow-2/Airflow-2/.venv/lib/python3.10/site-packages/airflow/example_dags/example_complex.py took 0.087 seconds
[2024-12-06T22:24:42.398-0600] {processor.py:186} INFO - Started process (PID=13052) to work on /home/m9d9v9/PycharmProjects/Airflow-2/Airflow-2/.venv/lib/python3.10/site-packages/airflow/example_dags/example_complex.py
[2024-12-06T22:24:42.405-0600] {processor.py:914} INFO - Processing file /home/m9d9v9/PycharmProjects/Airflow-2/Airflow-2/.venv/lib/python3.10/site-packages/airflow/example_dags/example_complex.py for tasks to queue
[2024-12-06T22:24:42.407-0600] {logging_mixin.py:190} INFO - [2024-12-06T22:24:42.407-0600] {dagbag.py:588} INFO - Filling up the DagBag from /home/m9d9v9/PycharmProjects/Airflow-2/Airflow-2/.venv/lib/python3.10/site-packages/airflow/example_dags/example_complex.py
[2024-12-06T22:24:42.434-0600] {processor.py:925} INFO - DAG(s) 'example_complex' retrieved from /home/m9d9v9/PycharmProjects/Airflow-2/Airflow-2/.venv/lib/python3.10/site-packages/airflow/example_dags/example_complex.py
[2024-12-06T22:24:42.458-0600] {logging_mixin.py:190} INFO - [2024-12-06T22:24:42.458-0600] {dag.py:3239} INFO - Sync 1 DAGs
[2024-12-06T22:24:42.467-0600] {logging_mixin.py:190} INFO - [2024-12-06T22:24:42.467-0600] {dag.py:4180} INFO - Setting next_dagrun for example_complex to None, run_after=None
[2024-12-06T22:24:42.479-0600] {processor.py:208} INFO - Processing /home/m9d9v9/PycharmProjects/Airflow-2/Airflow-2/.venv/lib/python3.10/site-packages/airflow/example_dags/example_complex.py took 0.095 seconds
[2024-12-06T22:25:40.194-0600] {processor.py:186} INFO - Started process (PID=13140) to work on /home/m9d9v9/PycharmProjects/Airflow-2/Airflow-2/.venv/lib/python3.10/site-packages/airflow/example_dags/example_complex.py
[2024-12-06T22:25:40.201-0600] {processor.py:914} INFO - Processing file /home/m9d9v9/PycharmProjects/Airflow-2/Airflow-2/.venv/lib/python3.10/site-packages/airflow/example_dags/example_complex.py for tasks to queue
[2024-12-06T22:25:40.203-0600] {logging_mixin.py:190} INFO - [2024-12-06T22:25:40.202-0600] {dagbag.py:588} INFO - Filling up the DagBag from /home/m9d9v9/PycharmProjects/Airflow-2/Airflow-2/.venv/lib/python3.10/site-packages/airflow/example_dags/example_complex.py
[2024-12-06T22:25:40.230-0600] {processor.py:925} INFO - DAG(s) 'example_complex' retrieved from /home/m9d9v9/PycharmProjects/Airflow-2/Airflow-2/.venv/lib/python3.10/site-packages/airflow/example_dags/example_complex.py
[2024-12-06T22:25:40.255-0600] {logging_mixin.py:190} INFO - [2024-12-06T22:25:40.254-0600] {dag.py:3239} INFO - Sync 1 DAGs
[2024-12-06T22:25:40.263-0600] {logging_mixin.py:190} INFO - [2024-12-06T22:25:40.263-0600] {dag.py:4180} INFO - Setting next_dagrun for example_complex to None, run_after=None
[2024-12-06T22:25:40.280-0600] {processor.py:208} INFO - Processing /home/m9d9v9/PycharmProjects/Airflow-2/Airflow-2/.venv/lib/python3.10/site-packages/airflow/example_dags/example_complex.py took 0.098 seconds
[2024-12-06T22:26:37.156-0600] {processor.py:186} INFO - Started process (PID=13219) to work on /home/m9d9v9/PycharmProjects/Airflow-2/Airflow-2/.venv/lib/python3.10/site-packages/airflow/example_dags/example_complex.py
[2024-12-06T22:26:37.161-0600] {processor.py:914} INFO - Processing file /home/m9d9v9/PycharmProjects/Airflow-2/Airflow-2/.venv/lib/python3.10/site-packages/airflow/example_dags/example_complex.py for tasks to queue
[2024-12-06T22:26:37.163-0600] {logging_mixin.py:190} INFO - [2024-12-06T22:26:37.162-0600] {dagbag.py:588} INFO - Filling up the DagBag from /home/m9d9v9/PycharmProjects/Airflow-2/Airflow-2/.venv/lib/python3.10/site-packages/airflow/example_dags/example_complex.py
[2024-12-06T22:26:37.174-0600] {processor.py:925} INFO - DAG(s) 'example_complex' retrieved from /home/m9d9v9/PycharmProjects/Airflow-2/Airflow-2/.venv/lib/python3.10/site-packages/airflow/example_dags/example_complex.py
[2024-12-06T22:26:37.196-0600] {logging_mixin.py:190} INFO - [2024-12-06T22:26:37.196-0600] {dag.py:3239} INFO - Sync 1 DAGs
[2024-12-06T22:26:37.207-0600] {logging_mixin.py:190} INFO - [2024-12-06T22:26:37.207-0600] {dag.py:4180} INFO - Setting next_dagrun for example_complex to None, run_after=None
[2024-12-06T22:26:37.221-0600] {processor.py:208} INFO - Processing /home/m9d9v9/PycharmProjects/Airflow-2/Airflow-2/.venv/lib/python3.10/site-packages/airflow/example_dags/example_complex.py took 0.070 seconds
[2024-12-06T22:37:32.426-0600] {processor.py:186} INFO - Started process (PID=14659) to work on /home/m9d9v9/PycharmProjects/Airflow-2/Airflow-2/.venv/lib/python3.10/site-packages/airflow/example_dags/example_complex.py
[2024-12-06T22:37:32.433-0600] {processor.py:914} INFO - Processing file /home/m9d9v9/PycharmProjects/Airflow-2/Airflow-2/.venv/lib/python3.10/site-packages/airflow/example_dags/example_complex.py for tasks to queue
[2024-12-06T22:37:32.437-0600] {logging_mixin.py:190} INFO - [2024-12-06T22:37:32.436-0600] {dagbag.py:588} INFO - Filling up the DagBag from /home/m9d9v9/PycharmProjects/Airflow-2/Airflow-2/.venv/lib/python3.10/site-packages/airflow/example_dags/example_complex.py
[2024-12-06T22:37:32.465-0600] {processor.py:925} INFO - DAG(s) 'example_complex' retrieved from /home/m9d9v9/PycharmProjects/Airflow-2/Airflow-2/.venv/lib/python3.10/site-packages/airflow/example_dags/example_complex.py
[2024-12-06T22:37:32.493-0600] {logging_mixin.py:190} INFO - [2024-12-06T22:37:32.493-0600] {dag.py:3239} INFO - Sync 1 DAGs
[2024-12-06T22:37:32.502-0600] {logging_mixin.py:190} INFO - [2024-12-06T22:37:32.502-0600] {dag.py:4180} INFO - Setting next_dagrun for example_complex to None, run_after=None
[2024-12-06T22:37:32.513-0600] {processor.py:208} INFO - Processing /home/m9d9v9/PycharmProjects/Airflow-2/Airflow-2/.venv/lib/python3.10/site-packages/airflow/example_dags/example_complex.py took 0.092 seconds
[2024-12-06T22:38:29.461-0600] {processor.py:186} INFO - Started process (PID=14765) to work on /home/m9d9v9/PycharmProjects/Airflow-2/Airflow-2/.venv/lib/python3.10/site-packages/airflow/example_dags/example_complex.py
[2024-12-06T22:38:29.469-0600] {processor.py:914} INFO - Processing file /home/m9d9v9/PycharmProjects/Airflow-2/Airflow-2/.venv/lib/python3.10/site-packages/airflow/example_dags/example_complex.py for tasks to queue
[2024-12-06T22:38:29.473-0600] {logging_mixin.py:190} INFO - [2024-12-06T22:38:29.472-0600] {dagbag.py:588} INFO - Filling up the DagBag from /home/m9d9v9/PycharmProjects/Airflow-2/Airflow-2/.venv/lib/python3.10/site-packages/airflow/example_dags/example_complex.py
[2024-12-06T22:38:29.501-0600] {processor.py:925} INFO - DAG(s) 'example_complex' retrieved from /home/m9d9v9/PycharmProjects/Airflow-2/Airflow-2/.venv/lib/python3.10/site-packages/airflow/example_dags/example_complex.py
[2024-12-06T22:38:29.524-0600] {logging_mixin.py:190} INFO - [2024-12-06T22:38:29.524-0600] {dag.py:3239} INFO - Sync 1 DAGs
[2024-12-06T22:38:29.533-0600] {logging_mixin.py:190} INFO - [2024-12-06T22:38:29.533-0600] {dag.py:4180} INFO - Setting next_dagrun for example_complex to None, run_after=None
[2024-12-06T22:38:29.546-0600] {processor.py:208} INFO - Processing /home/m9d9v9/PycharmProjects/Airflow-2/Airflow-2/.venv/lib/python3.10/site-packages/airflow/example_dags/example_complex.py took 0.098 seconds
[2024-12-06T22:39:28.694-0600] {processor.py:186} INFO - Started process (PID=14934) to work on /home/m9d9v9/PycharmProjects/Airflow-2/Airflow-2/.venv/lib/python3.10/site-packages/airflow/example_dags/example_complex.py
[2024-12-06T22:39:28.700-0600] {processor.py:914} INFO - Processing file /home/m9d9v9/PycharmProjects/Airflow-2/Airflow-2/.venv/lib/python3.10/site-packages/airflow/example_dags/example_complex.py for tasks to queue
[2024-12-06T22:39:28.702-0600] {logging_mixin.py:190} INFO - [2024-12-06T22:39:28.702-0600] {dagbag.py:588} INFO - Filling up the DagBag from /home/m9d9v9/PycharmProjects/Airflow-2/Airflow-2/.venv/lib/python3.10/site-packages/airflow/example_dags/example_complex.py
[2024-12-06T22:39:28.711-0600] {processor.py:925} INFO - DAG(s) 'example_complex' retrieved from /home/m9d9v9/PycharmProjects/Airflow-2/Airflow-2/.venv/lib/python3.10/site-packages/airflow/example_dags/example_complex.py
[2024-12-06T22:39:28.729-0600] {logging_mixin.py:190} INFO - [2024-12-06T22:39:28.729-0600] {dag.py:3239} INFO - Sync 1 DAGs
[2024-12-06T22:39:28.736-0600] {logging_mixin.py:190} INFO - [2024-12-06T22:39:28.736-0600] {dag.py:4180} INFO - Setting next_dagrun for example_complex to None, run_after=None
[2024-12-06T22:39:28.748-0600] {processor.py:208} INFO - Processing /home/m9d9v9/PycharmProjects/Airflow-2/Airflow-2/.venv/lib/python3.10/site-packages/airflow/example_dags/example_complex.py took 0.061 seconds
[2024-12-06T22:40:28.483-0600] {processor.py:186} INFO - Started process (PID=15060) to work on /home/m9d9v9/PycharmProjects/Airflow-2/Airflow-2/.venv/lib/python3.10/site-packages/airflow/example_dags/example_complex.py
[2024-12-06T22:40:28.490-0600] {processor.py:914} INFO - Processing file /home/m9d9v9/PycharmProjects/Airflow-2/Airflow-2/.venv/lib/python3.10/site-packages/airflow/example_dags/example_complex.py for tasks to queue
[2024-12-06T22:40:28.494-0600] {logging_mixin.py:190} INFO - [2024-12-06T22:40:28.493-0600] {dagbag.py:588} INFO - Filling up the DagBag from /home/m9d9v9/PycharmProjects/Airflow-2/Airflow-2/.venv/lib/python3.10/site-packages/airflow/example_dags/example_complex.py
[2024-12-06T22:40:28.517-0600] {processor.py:925} INFO - DAG(s) 'example_complex' retrieved from /home/m9d9v9/PycharmProjects/Airflow-2/Airflow-2/.venv/lib/python3.10/site-packages/airflow/example_dags/example_complex.py
[2024-12-06T22:40:28.541-0600] {logging_mixin.py:190} INFO - [2024-12-06T22:40:28.541-0600] {dag.py:3239} INFO - Sync 1 DAGs
[2024-12-06T22:40:28.550-0600] {logging_mixin.py:190} INFO - [2024-12-06T22:40:28.550-0600] {dag.py:4180} INFO - Setting next_dagrun for example_complex to None, run_after=None
[2024-12-06T22:40:28.564-0600] {processor.py:208} INFO - Processing /home/m9d9v9/PycharmProjects/Airflow-2/Airflow-2/.venv/lib/python3.10/site-packages/airflow/example_dags/example_complex.py took 0.098 seconds
[2024-12-06T22:41:29.671-0600] {processor.py:186} INFO - Started process (PID=15182) to work on /home/m9d9v9/PycharmProjects/Airflow-2/Airflow-2/.venv/lib/python3.10/site-packages/airflow/example_dags/example_complex.py
[2024-12-06T22:41:29.677-0600] {processor.py:914} INFO - Processing file /home/m9d9v9/PycharmProjects/Airflow-2/Airflow-2/.venv/lib/python3.10/site-packages/airflow/example_dags/example_complex.py for tasks to queue
[2024-12-06T22:41:29.680-0600] {logging_mixin.py:190} INFO - [2024-12-06T22:41:29.680-0600] {dagbag.py:588} INFO - Filling up the DagBag from /home/m9d9v9/PycharmProjects/Airflow-2/Airflow-2/.venv/lib/python3.10/site-packages/airflow/example_dags/example_complex.py
[2024-12-06T22:41:29.693-0600] {processor.py:925} INFO - DAG(s) 'example_complex' retrieved from /home/m9d9v9/PycharmProjects/Airflow-2/Airflow-2/.venv/lib/python3.10/site-packages/airflow/example_dags/example_complex.py
[2024-12-06T22:41:29.717-0600] {logging_mixin.py:190} INFO - [2024-12-06T22:41:29.717-0600] {dag.py:3239} INFO - Sync 1 DAGs
[2024-12-06T22:41:29.727-0600] {logging_mixin.py:190} INFO - [2024-12-06T22:41:29.726-0600] {dag.py:4180} INFO - Setting next_dagrun for example_complex to None, run_after=None
[2024-12-06T22:41:29.740-0600] {processor.py:208} INFO - Processing /home/m9d9v9/PycharmProjects/Airflow-2/Airflow-2/.venv/lib/python3.10/site-packages/airflow/example_dags/example_complex.py took 0.078 seconds
[2024-12-06T23:25:39.484-0600] {processor.py:186} INFO - Started process (PID=17335) to work on /home/m9d9v9/PycharmProjects/Airflow-2/Airflow-2/.venv/lib/python3.10/site-packages/airflow/example_dags/example_complex.py
[2024-12-06T23:25:39.490-0600] {processor.py:914} INFO - Processing file /home/m9d9v9/PycharmProjects/Airflow-2/Airflow-2/.venv/lib/python3.10/site-packages/airflow/example_dags/example_complex.py for tasks to queue
[2024-12-06T23:25:39.492-0600] {logging_mixin.py:190} INFO - [2024-12-06T23:25:39.492-0600] {dagbag.py:588} INFO - Filling up the DagBag from /home/m9d9v9/PycharmProjects/Airflow-2/Airflow-2/.venv/lib/python3.10/site-packages/airflow/example_dags/example_complex.py
[2024-12-06T23:25:39.504-0600] {processor.py:925} INFO - DAG(s) 'example_complex' retrieved from /home/m9d9v9/PycharmProjects/Airflow-2/Airflow-2/.venv/lib/python3.10/site-packages/airflow/example_dags/example_complex.py
[2024-12-06T23:25:39.530-0600] {logging_mixin.py:190} INFO - [2024-12-06T23:25:39.530-0600] {dag.py:3239} INFO - Sync 1 DAGs
[2024-12-06T23:25:39.540-0600] {logging_mixin.py:190} INFO - [2024-12-06T23:25:39.540-0600] {dag.py:4180} INFO - Setting next_dagrun for example_complex to None, run_after=None
[2024-12-06T23:25:39.553-0600] {processor.py:208} INFO - Processing /home/m9d9v9/PycharmProjects/Airflow-2/Airflow-2/.venv/lib/python3.10/site-packages/airflow/example_dags/example_complex.py took 0.074 seconds
[2024-12-06T23:26:36.747-0600] {processor.py:186} INFO - Started process (PID=17420) to work on /home/m9d9v9/PycharmProjects/Airflow-2/Airflow-2/.venv/lib/python3.10/site-packages/airflow/example_dags/example_complex.py
[2024-12-06T23:26:36.753-0600] {processor.py:914} INFO - Processing file /home/m9d9v9/PycharmProjects/Airflow-2/Airflow-2/.venv/lib/python3.10/site-packages/airflow/example_dags/example_complex.py for tasks to queue
[2024-12-06T23:26:36.754-0600] {logging_mixin.py:190} INFO - [2024-12-06T23:26:36.754-0600] {dagbag.py:588} INFO - Filling up the DagBag from /home/m9d9v9/PycharmProjects/Airflow-2/Airflow-2/.venv/lib/python3.10/site-packages/airflow/example_dags/example_complex.py
[2024-12-06T23:26:36.762-0600] {processor.py:925} INFO - DAG(s) 'example_complex' retrieved from /home/m9d9v9/PycharmProjects/Airflow-2/Airflow-2/.venv/lib/python3.10/site-packages/airflow/example_dags/example_complex.py
[2024-12-06T23:26:36.778-0600] {logging_mixin.py:190} INFO - [2024-12-06T23:26:36.778-0600] {dag.py:3239} INFO - Sync 1 DAGs
[2024-12-06T23:26:36.786-0600] {logging_mixin.py:190} INFO - [2024-12-06T23:26:36.786-0600] {dag.py:4180} INFO - Setting next_dagrun for example_complex to None, run_after=None
[2024-12-06T23:26:36.799-0600] {processor.py:208} INFO - Processing /home/m9d9v9/PycharmProjects/Airflow-2/Airflow-2/.venv/lib/python3.10/site-packages/airflow/example_dags/example_complex.py took 0.057 seconds
[2024-12-06T23:27:34.282-0600] {processor.py:186} INFO - Started process (PID=17490) to work on /home/m9d9v9/PycharmProjects/Airflow-2/Airflow-2/.venv/lib/python3.10/site-packages/airflow/example_dags/example_complex.py
[2024-12-06T23:27:34.288-0600] {processor.py:914} INFO - Processing file /home/m9d9v9/PycharmProjects/Airflow-2/Airflow-2/.venv/lib/python3.10/site-packages/airflow/example_dags/example_complex.py for tasks to queue
[2024-12-06T23:27:34.290-0600] {logging_mixin.py:190} INFO - [2024-12-06T23:27:34.289-0600] {dagbag.py:588} INFO - Filling up the DagBag from /home/m9d9v9/PycharmProjects/Airflow-2/Airflow-2/.venv/lib/python3.10/site-packages/airflow/example_dags/example_complex.py
[2024-12-06T23:27:34.310-0600] {processor.py:925} INFO - DAG(s) 'example_complex' retrieved from /home/m9d9v9/PycharmProjects/Airflow-2/Airflow-2/.venv/lib/python3.10/site-packages/airflow/example_dags/example_complex.py
[2024-12-06T23:27:34.336-0600] {logging_mixin.py:190} INFO - [2024-12-06T23:27:34.336-0600] {dag.py:3239} INFO - Sync 1 DAGs
[2024-12-06T23:27:34.343-0600] {logging_mixin.py:190} INFO - [2024-12-06T23:27:34.343-0600] {dag.py:4180} INFO - Setting next_dagrun for example_complex to None, run_after=None
[2024-12-06T23:27:34.355-0600] {processor.py:208} INFO - Processing /home/m9d9v9/PycharmProjects/Airflow-2/Airflow-2/.venv/lib/python3.10/site-packages/airflow/example_dags/example_complex.py took 0.077 seconds
[2024-12-06T23:28:32.274-0600] {processor.py:186} INFO - Started process (PID=17594) to work on /home/m9d9v9/PycharmProjects/Airflow-2/Airflow-2/.venv/lib/python3.10/site-packages/airflow/example_dags/example_complex.py
[2024-12-06T23:28:32.280-0600] {processor.py:914} INFO - Processing file /home/m9d9v9/PycharmProjects/Airflow-2/Airflow-2/.venv/lib/python3.10/site-packages/airflow/example_dags/example_complex.py for tasks to queue
[2024-12-06T23:28:32.282-0600] {logging_mixin.py:190} INFO - [2024-12-06T23:28:32.281-0600] {dagbag.py:588} INFO - Filling up the DagBag from /home/m9d9v9/PycharmProjects/Airflow-2/Airflow-2/.venv/lib/python3.10/site-packages/airflow/example_dags/example_complex.py
[2024-12-06T23:28:32.290-0600] {processor.py:925} INFO - DAG(s) 'example_complex' retrieved from /home/m9d9v9/PycharmProjects/Airflow-2/Airflow-2/.venv/lib/python3.10/site-packages/airflow/example_dags/example_complex.py
[2024-12-06T23:28:32.307-0600] {logging_mixin.py:190} INFO - [2024-12-06T23:28:32.307-0600] {dag.py:3239} INFO - Sync 1 DAGs
[2024-12-06T23:28:32.315-0600] {logging_mixin.py:190} INFO - [2024-12-06T23:28:32.315-0600] {dag.py:4180} INFO - Setting next_dagrun for example_complex to None, run_after=None
[2024-12-06T23:28:32.328-0600] {processor.py:208} INFO - Processing /home/m9d9v9/PycharmProjects/Airflow-2/Airflow-2/.venv/lib/python3.10/site-packages/airflow/example_dags/example_complex.py took 0.057 seconds
[2024-12-06T23:29:28.646-0600] {processor.py:186} INFO - Started process (PID=17738) to work on /home/m9d9v9/PycharmProjects/Airflow-2/Airflow-2/.venv/lib/python3.10/site-packages/airflow/example_dags/example_complex.py
[2024-12-06T23:29:28.652-0600] {processor.py:914} INFO - Processing file /home/m9d9v9/PycharmProjects/Airflow-2/Airflow-2/.venv/lib/python3.10/site-packages/airflow/example_dags/example_complex.py for tasks to queue
[2024-12-06T23:29:28.653-0600] {logging_mixin.py:190} INFO - [2024-12-06T23:29:28.653-0600] {dagbag.py:588} INFO - Filling up the DagBag from /home/m9d9v9/PycharmProjects/Airflow-2/Airflow-2/.venv/lib/python3.10/site-packages/airflow/example_dags/example_complex.py
[2024-12-06T23:29:28.670-0600] {processor.py:925} INFO - DAG(s) 'example_complex' retrieved from /home/m9d9v9/PycharmProjects/Airflow-2/Airflow-2/.venv/lib/python3.10/site-packages/airflow/example_dags/example_complex.py
[2024-12-06T23:29:28.707-0600] {logging_mixin.py:190} INFO - [2024-12-06T23:29:28.707-0600] {dag.py:3239} INFO - Sync 1 DAGs
[2024-12-06T23:29:28.716-0600] {logging_mixin.py:190} INFO - [2024-12-06T23:29:28.716-0600] {dag.py:4180} INFO - Setting next_dagrun for example_complex to None, run_after=None
[2024-12-06T23:29:28.842-0600] {processor.py:208} INFO - Processing /home/m9d9v9/PycharmProjects/Airflow-2/Airflow-2/.venv/lib/python3.10/site-packages/airflow/example_dags/example_complex.py took 0.203 seconds
[2024-12-06T23:30:25.204-0600] {processor.py:186} INFO - Started process (PID=17851) to work on /home/m9d9v9/PycharmProjects/Airflow-2/Airflow-2/.venv/lib/python3.10/site-packages/airflow/example_dags/example_complex.py
[2024-12-06T23:30:25.211-0600] {processor.py:914} INFO - Processing file /home/m9d9v9/PycharmProjects/Airflow-2/Airflow-2/.venv/lib/python3.10/site-packages/airflow/example_dags/example_complex.py for tasks to queue
[2024-12-06T23:30:25.214-0600] {logging_mixin.py:190} INFO - [2024-12-06T23:30:25.213-0600] {dagbag.py:588} INFO - Filling up the DagBag from /home/m9d9v9/PycharmProjects/Airflow-2/Airflow-2/.venv/lib/python3.10/site-packages/airflow/example_dags/example_complex.py
[2024-12-06T23:30:25.238-0600] {processor.py:925} INFO - DAG(s) 'example_complex' retrieved from /home/m9d9v9/PycharmProjects/Airflow-2/Airflow-2/.venv/lib/python3.10/site-packages/airflow/example_dags/example_complex.py
[2024-12-06T23:30:25.263-0600] {logging_mixin.py:190} INFO - [2024-12-06T23:30:25.263-0600] {dag.py:3239} INFO - Sync 1 DAGs
[2024-12-06T23:30:25.271-0600] {logging_mixin.py:190} INFO - [2024-12-06T23:30:25.271-0600] {dag.py:4180} INFO - Setting next_dagrun for example_complex to None, run_after=None
[2024-12-06T23:30:25.284-0600] {processor.py:208} INFO - Processing /home/m9d9v9/PycharmProjects/Airflow-2/Airflow-2/.venv/lib/python3.10/site-packages/airflow/example_dags/example_complex.py took 0.089 seconds
[2024-12-06T23:31:21.922-0600] {processor.py:186} INFO - Started process (PID=17929) to work on /home/m9d9v9/PycharmProjects/Airflow-2/Airflow-2/.venv/lib/python3.10/site-packages/airflow/example_dags/example_complex.py
[2024-12-06T23:31:21.924-0600] {processor.py:914} INFO - Processing file /home/m9d9v9/PycharmProjects/Airflow-2/Airflow-2/.venv/lib/python3.10/site-packages/airflow/example_dags/example_complex.py for tasks to queue
[2024-12-06T23:31:21.926-0600] {logging_mixin.py:190} INFO - [2024-12-06T23:31:21.925-0600] {dagbag.py:588} INFO - Filling up the DagBag from /home/m9d9v9/PycharmProjects/Airflow-2/Airflow-2/.venv/lib/python3.10/site-packages/airflow/example_dags/example_complex.py
[2024-12-06T23:31:21.950-0600] {processor.py:925} INFO - DAG(s) 'example_complex' retrieved from /home/m9d9v9/PycharmProjects/Airflow-2/Airflow-2/.venv/lib/python3.10/site-packages/airflow/example_dags/example_complex.py
[2024-12-06T23:31:21.971-0600] {logging_mixin.py:190} INFO - [2024-12-06T23:31:21.971-0600] {dag.py:3239} INFO - Sync 1 DAGs
[2024-12-06T23:31:21.978-0600] {logging_mixin.py:190} INFO - [2024-12-06T23:31:21.978-0600] {dag.py:4180} INFO - Setting next_dagrun for example_complex to None, run_after=None
[2024-12-06T23:31:21.990-0600] {processor.py:208} INFO - Processing /home/m9d9v9/PycharmProjects/Airflow-2/Airflow-2/.venv/lib/python3.10/site-packages/airflow/example_dags/example_complex.py took 0.078 seconds
[2024-12-06T23:32:20.027-0600] {processor.py:186} INFO - Started process (PID=18040) to work on /home/m9d9v9/PycharmProjects/Airflow-2/Airflow-2/.venv/lib/python3.10/site-packages/airflow/example_dags/example_complex.py
[2024-12-06T23:32:20.033-0600] {processor.py:914} INFO - Processing file /home/m9d9v9/PycharmProjects/Airflow-2/Airflow-2/.venv/lib/python3.10/site-packages/airflow/example_dags/example_complex.py for tasks to queue
[2024-12-06T23:32:20.036-0600] {logging_mixin.py:190} INFO - [2024-12-06T23:32:20.035-0600] {dagbag.py:588} INFO - Filling up the DagBag from /home/m9d9v9/PycharmProjects/Airflow-2/Airflow-2/.venv/lib/python3.10/site-packages/airflow/example_dags/example_complex.py
[2024-12-06T23:32:20.058-0600] {processor.py:925} INFO - DAG(s) 'example_complex' retrieved from /home/m9d9v9/PycharmProjects/Airflow-2/Airflow-2/.venv/lib/python3.10/site-packages/airflow/example_dags/example_complex.py
[2024-12-06T23:32:20.083-0600] {logging_mixin.py:190} INFO - [2024-12-06T23:32:20.083-0600] {dag.py:3239} INFO - Sync 1 DAGs
[2024-12-06T23:32:20.091-0600] {logging_mixin.py:190} INFO - [2024-12-06T23:32:20.091-0600] {dag.py:4180} INFO - Setting next_dagrun for example_complex to None, run_after=None
[2024-12-06T23:32:20.102-0600] {processor.py:208} INFO - Processing /home/m9d9v9/PycharmProjects/Airflow-2/Airflow-2/.venv/lib/python3.10/site-packages/airflow/example_dags/example_complex.py took 0.087 seconds
[2024-12-06T23:33:17.425-0600] {processor.py:186} INFO - Started process (PID=18108) to work on /home/m9d9v9/PycharmProjects/Airflow-2/Airflow-2/.venv/lib/python3.10/site-packages/airflow/example_dags/example_complex.py
[2024-12-06T23:33:17.431-0600] {processor.py:914} INFO - Processing file /home/m9d9v9/PycharmProjects/Airflow-2/Airflow-2/.venv/lib/python3.10/site-packages/airflow/example_dags/example_complex.py for tasks to queue
[2024-12-06T23:33:17.434-0600] {logging_mixin.py:190} INFO - [2024-12-06T23:33:17.433-0600] {dagbag.py:588} INFO - Filling up the DagBag from /home/m9d9v9/PycharmProjects/Airflow-2/Airflow-2/.venv/lib/python3.10/site-packages/airflow/example_dags/example_complex.py
[2024-12-06T23:33:17.458-0600] {processor.py:925} INFO - DAG(s) 'example_complex' retrieved from /home/m9d9v9/PycharmProjects/Airflow-2/Airflow-2/.venv/lib/python3.10/site-packages/airflow/example_dags/example_complex.py
[2024-12-06T23:33:17.483-0600] {logging_mixin.py:190} INFO - [2024-12-06T23:33:17.483-0600] {dag.py:3239} INFO - Sync 1 DAGs
[2024-12-06T23:33:17.584-0600] {logging_mixin.py:190} INFO - [2024-12-06T23:33:17.584-0600] {dag.py:4180} INFO - Setting next_dagrun for example_complex to None, run_after=None
[2024-12-06T23:33:17.601-0600] {processor.py:208} INFO - Processing /home/m9d9v9/PycharmProjects/Airflow-2/Airflow-2/.venv/lib/python3.10/site-packages/airflow/example_dags/example_complex.py took 0.186 seconds
[2024-12-06T23:34:12.692-0600] {processor.py:186} INFO - Started process (PID=18178) to work on /home/m9d9v9/PycharmProjects/Airflow-2/Airflow-2/.venv/lib/python3.10/site-packages/airflow/example_dags/example_complex.py
[2024-12-06T23:34:12.698-0600] {processor.py:914} INFO - Processing file /home/m9d9v9/PycharmProjects/Airflow-2/Airflow-2/.venv/lib/python3.10/site-packages/airflow/example_dags/example_complex.py for tasks to queue
[2024-12-06T23:34:12.699-0600] {logging_mixin.py:190} INFO - [2024-12-06T23:34:12.699-0600] {dagbag.py:588} INFO - Filling up the DagBag from /home/m9d9v9/PycharmProjects/Airflow-2/Airflow-2/.venv/lib/python3.10/site-packages/airflow/example_dags/example_complex.py
[2024-12-06T23:34:12.725-0600] {processor.py:925} INFO - DAG(s) 'example_complex' retrieved from /home/m9d9v9/PycharmProjects/Airflow-2/Airflow-2/.venv/lib/python3.10/site-packages/airflow/example_dags/example_complex.py
[2024-12-06T23:34:12.752-0600] {logging_mixin.py:190} INFO - [2024-12-06T23:34:12.752-0600] {dag.py:3239} INFO - Sync 1 DAGs
[2024-12-06T23:34:12.760-0600] {logging_mixin.py:190} INFO - [2024-12-06T23:34:12.759-0600] {dag.py:4180} INFO - Setting next_dagrun for example_complex to None, run_after=None
[2024-12-06T23:34:12.866-0600] {processor.py:208} INFO - Processing /home/m9d9v9/PycharmProjects/Airflow-2/Airflow-2/.venv/lib/python3.10/site-packages/airflow/example_dags/example_complex.py took 0.182 seconds
[2024-12-06T23:35:13.665-0600] {processor.py:186} INFO - Started process (PID=18310) to work on /home/m9d9v9/PycharmProjects/Airflow-2/Airflow-2/.venv/lib/python3.10/site-packages/airflow/example_dags/example_complex.py
[2024-12-06T23:35:13.671-0600] {processor.py:914} INFO - Processing file /home/m9d9v9/PycharmProjects/Airflow-2/Airflow-2/.venv/lib/python3.10/site-packages/airflow/example_dags/example_complex.py for tasks to queue
[2024-12-06T23:35:13.672-0600] {logging_mixin.py:190} INFO - [2024-12-06T23:35:13.671-0600] {dagbag.py:588} INFO - Filling up the DagBag from /home/m9d9v9/PycharmProjects/Airflow-2/Airflow-2/.venv/lib/python3.10/site-packages/airflow/example_dags/example_complex.py
[2024-12-06T23:35:13.682-0600] {processor.py:925} INFO - DAG(s) 'example_complex' retrieved from /home/m9d9v9/PycharmProjects/Airflow-2/Airflow-2/.venv/lib/python3.10/site-packages/airflow/example_dags/example_complex.py
[2024-12-06T23:35:13.719-0600] {logging_mixin.py:190} INFO - [2024-12-06T23:35:13.718-0600] {dag.py:3239} INFO - Sync 1 DAGs
[2024-12-06T23:35:13.726-0600] {logging_mixin.py:190} INFO - [2024-12-06T23:35:13.726-0600] {dag.py:4180} INFO - Setting next_dagrun for example_complex to None, run_after=None
[2024-12-06T23:35:13.739-0600] {processor.py:208} INFO - Processing /home/m9d9v9/PycharmProjects/Airflow-2/Airflow-2/.venv/lib/python3.10/site-packages/airflow/example_dags/example_complex.py took 0.079 seconds
[2024-12-06T23:36:17.684-0600] {processor.py:186} INFO - Started process (PID=18385) to work on /home/m9d9v9/PycharmProjects/Airflow-2/Airflow-2/.venv/lib/python3.10/site-packages/airflow/example_dags/example_complex.py
[2024-12-06T23:36:17.691-0600] {processor.py:914} INFO - Processing file /home/m9d9v9/PycharmProjects/Airflow-2/Airflow-2/.venv/lib/python3.10/site-packages/airflow/example_dags/example_complex.py for tasks to queue
[2024-12-06T23:36:17.693-0600] {logging_mixin.py:190} INFO - [2024-12-06T23:36:17.692-0600] {dagbag.py:588} INFO - Filling up the DagBag from /home/m9d9v9/PycharmProjects/Airflow-2/Airflow-2/.venv/lib/python3.10/site-packages/airflow/example_dags/example_complex.py
[2024-12-06T23:36:17.717-0600] {processor.py:925} INFO - DAG(s) 'example_complex' retrieved from /home/m9d9v9/PycharmProjects/Airflow-2/Airflow-2/.venv/lib/python3.10/site-packages/airflow/example_dags/example_complex.py
[2024-12-06T23:36:17.743-0600] {logging_mixin.py:190} INFO - [2024-12-06T23:36:17.743-0600] {dag.py:3239} INFO - Sync 1 DAGs
[2024-12-06T23:36:17.751-0600] {logging_mixin.py:190} INFO - [2024-12-06T23:36:17.750-0600] {dag.py:4180} INFO - Setting next_dagrun for example_complex to None, run_after=None
[2024-12-06T23:36:17.763-0600] {processor.py:208} INFO - Processing /home/m9d9v9/PycharmProjects/Airflow-2/Airflow-2/.venv/lib/python3.10/site-packages/airflow/example_dags/example_complex.py took 0.090 seconds
[2024-12-06T23:37:18.161-0600] {processor.py:186} INFO - Started process (PID=18621) to work on /home/m9d9v9/PycharmProjects/Airflow-2/Airflow-2/.venv/lib/python3.10/site-packages/airflow/example_dags/example_complex.py
[2024-12-06T23:37:18.168-0600] {processor.py:914} INFO - Processing file /home/m9d9v9/PycharmProjects/Airflow-2/Airflow-2/.venv/lib/python3.10/site-packages/airflow/example_dags/example_complex.py for tasks to queue
[2024-12-06T23:37:18.170-0600] {logging_mixin.py:190} INFO - [2024-12-06T23:37:18.170-0600] {dagbag.py:588} INFO - Filling up the DagBag from /home/m9d9v9/PycharmProjects/Airflow-2/Airflow-2/.venv/lib/python3.10/site-packages/airflow/example_dags/example_complex.py
[2024-12-06T23:37:18.196-0600] {processor.py:925} INFO - DAG(s) 'example_complex' retrieved from /home/m9d9v9/PycharmProjects/Airflow-2/Airflow-2/.venv/lib/python3.10/site-packages/airflow/example_dags/example_complex.py
[2024-12-06T23:37:18.315-0600] {logging_mixin.py:190} INFO - [2024-12-06T23:37:18.314-0600] {dag.py:3239} INFO - Sync 1 DAGs
[2024-12-06T23:37:18.321-0600] {logging_mixin.py:190} INFO - [2024-12-06T23:37:18.320-0600] {dag.py:4180} INFO - Setting next_dagrun for example_complex to None, run_after=None
[2024-12-06T23:37:18.337-0600] {processor.py:208} INFO - Processing /home/m9d9v9/PycharmProjects/Airflow-2/Airflow-2/.venv/lib/python3.10/site-packages/airflow/example_dags/example_complex.py took 0.186 seconds
[2024-12-06T23:38:18.901-0600] {processor.py:186} INFO - Started process (PID=18790) to work on /home/m9d9v9/PycharmProjects/Airflow-2/Airflow-2/.venv/lib/python3.10/site-packages/airflow/example_dags/example_complex.py
[2024-12-06T23:38:18.908-0600] {processor.py:914} INFO - Processing file /home/m9d9v9/PycharmProjects/Airflow-2/Airflow-2/.venv/lib/python3.10/site-packages/airflow/example_dags/example_complex.py for tasks to queue
[2024-12-06T23:38:18.911-0600] {logging_mixin.py:190} INFO - [2024-12-06T23:38:18.910-0600] {dagbag.py:588} INFO - Filling up the DagBag from /home/m9d9v9/PycharmProjects/Airflow-2/Airflow-2/.venv/lib/python3.10/site-packages/airflow/example_dags/example_complex.py
[2024-12-06T23:38:18.937-0600] {processor.py:925} INFO - DAG(s) 'example_complex' retrieved from /home/m9d9v9/PycharmProjects/Airflow-2/Airflow-2/.venv/lib/python3.10/site-packages/airflow/example_dags/example_complex.py
[2024-12-06T23:38:18.961-0600] {logging_mixin.py:190} INFO - [2024-12-06T23:38:18.961-0600] {dag.py:3239} INFO - Sync 1 DAGs
[2024-12-06T23:38:18.968-0600] {logging_mixin.py:190} INFO - [2024-12-06T23:38:18.968-0600] {dag.py:4180} INFO - Setting next_dagrun for example_complex to None, run_after=None
[2024-12-06T23:38:18.979-0600] {processor.py:208} INFO - Processing /home/m9d9v9/PycharmProjects/Airflow-2/Airflow-2/.venv/lib/python3.10/site-packages/airflow/example_dags/example_complex.py took 0.089 seconds
[2024-12-06T23:39:25.261-0600] {processor.py:186} INFO - Started process (PID=19049) to work on /home/m9d9v9/PycharmProjects/Airflow-2/Airflow-2/.venv/lib/python3.10/site-packages/airflow/example_dags/example_complex.py
[2024-12-06T23:39:25.267-0600] {processor.py:914} INFO - Processing file /home/m9d9v9/PycharmProjects/Airflow-2/Airflow-2/.venv/lib/python3.10/site-packages/airflow/example_dags/example_complex.py for tasks to queue
[2024-12-06T23:39:25.269-0600] {logging_mixin.py:190} INFO - [2024-12-06T23:39:25.268-0600] {dagbag.py:588} INFO - Filling up the DagBag from /home/m9d9v9/PycharmProjects/Airflow-2/Airflow-2/.venv/lib/python3.10/site-packages/airflow/example_dags/example_complex.py
[2024-12-06T23:39:25.281-0600] {processor.py:925} INFO - DAG(s) 'example_complex' retrieved from /home/m9d9v9/PycharmProjects/Airflow-2/Airflow-2/.venv/lib/python3.10/site-packages/airflow/example_dags/example_complex.py
[2024-12-06T23:39:25.298-0600] {logging_mixin.py:190} INFO - [2024-12-06T23:39:25.298-0600] {dag.py:3239} INFO - Sync 1 DAGs
[2024-12-06T23:39:25.306-0600] {logging_mixin.py:190} INFO - [2024-12-06T23:39:25.306-0600] {dag.py:4180} INFO - Setting next_dagrun for example_complex to None, run_after=None
[2024-12-06T23:39:25.319-0600] {processor.py:208} INFO - Processing /home/m9d9v9/PycharmProjects/Airflow-2/Airflow-2/.venv/lib/python3.10/site-packages/airflow/example_dags/example_complex.py took 0.064 seconds
[2024-12-06T23:40:22.310-0600] {processor.py:186} INFO - Started process (PID=19231) to work on /home/m9d9v9/PycharmProjects/Airflow-2/Airflow-2/.venv/lib/python3.10/site-packages/airflow/example_dags/example_complex.py
[2024-12-06T23:40:22.311-0600] {processor.py:914} INFO - Processing file /home/m9d9v9/PycharmProjects/Airflow-2/Airflow-2/.venv/lib/python3.10/site-packages/airflow/example_dags/example_complex.py for tasks to queue
[2024-12-06T23:40:22.312-0600] {logging_mixin.py:190} INFO - [2024-12-06T23:40:22.312-0600] {dagbag.py:588} INFO - Filling up the DagBag from /home/m9d9v9/PycharmProjects/Airflow-2/Airflow-2/.venv/lib/python3.10/site-packages/airflow/example_dags/example_complex.py
[2024-12-06T23:40:22.322-0600] {processor.py:925} INFO - DAG(s) 'example_complex' retrieved from /home/m9d9v9/PycharmProjects/Airflow-2/Airflow-2/.venv/lib/python3.10/site-packages/airflow/example_dags/example_complex.py
[2024-12-06T23:40:22.340-0600] {logging_mixin.py:190} INFO - [2024-12-06T23:40:22.340-0600] {dag.py:3239} INFO - Sync 1 DAGs
[2024-12-06T23:40:22.350-0600] {logging_mixin.py:190} INFO - [2024-12-06T23:40:22.350-0600] {dag.py:4180} INFO - Setting next_dagrun for example_complex to None, run_after=None
[2024-12-06T23:40:22.362-0600] {processor.py:208} INFO - Processing /home/m9d9v9/PycharmProjects/Airflow-2/Airflow-2/.venv/lib/python3.10/site-packages/airflow/example_dags/example_complex.py took 0.057 seconds
[2024-12-06T23:41:18.328-0600] {processor.py:186} INFO - Started process (PID=19326) to work on /home/m9d9v9/PycharmProjects/Airflow-2/Airflow-2/.venv/lib/python3.10/site-packages/airflow/example_dags/example_complex.py
[2024-12-06T23:41:18.334-0600] {processor.py:914} INFO - Processing file /home/m9d9v9/PycharmProjects/Airflow-2/Airflow-2/.venv/lib/python3.10/site-packages/airflow/example_dags/example_complex.py for tasks to queue
[2024-12-06T23:41:18.335-0600] {logging_mixin.py:190} INFO - [2024-12-06T23:41:18.335-0600] {dagbag.py:588} INFO - Filling up the DagBag from /home/m9d9v9/PycharmProjects/Airflow-2/Airflow-2/.venv/lib/python3.10/site-packages/airflow/example_dags/example_complex.py
[2024-12-06T23:41:18.345-0600] {processor.py:925} INFO - DAG(s) 'example_complex' retrieved from /home/m9d9v9/PycharmProjects/Airflow-2/Airflow-2/.venv/lib/python3.10/site-packages/airflow/example_dags/example_complex.py
[2024-12-06T23:41:18.367-0600] {logging_mixin.py:190} INFO - [2024-12-06T23:41:18.367-0600] {dag.py:3239} INFO - Sync 1 DAGs
[2024-12-06T23:41:18.378-0600] {logging_mixin.py:190} INFO - [2024-12-06T23:41:18.377-0600] {dag.py:4180} INFO - Setting next_dagrun for example_complex to None, run_after=None
[2024-12-06T23:41:18.391-0600] {processor.py:208} INFO - Processing /home/m9d9v9/PycharmProjects/Airflow-2/Airflow-2/.venv/lib/python3.10/site-packages/airflow/example_dags/example_complex.py took 0.069 seconds
