[2024-12-06T22:18:56.489-0600] {processor.py:186} INFO - Started process (PID=12500) to work on /home/m9d9v9/PycharmProjects/Airflow-2/Airflow-2/.venv/lib/python3.10/site-packages/airflow/example_dags/example_xcomargs.py
[2024-12-06T22:18:56.490-0600] {processor.py:914} INFO - Processing file /home/m9d9v9/PycharmProjects/Airflow-2/Airflow-2/.venv/lib/python3.10/site-packages/airflow/example_dags/example_xcomargs.py for tasks to queue
[2024-12-06T22:18:56.492-0600] {logging_mixin.py:190} INFO - [2024-12-06T22:18:56.492-0600] {dagbag.py:588} INFO - Filling up the DagBag from /home/m9d9v9/PycharmProjects/Airflow-2/Airflow-2/.venv/lib/python3.10/site-packages/airflow/example_dags/example_xcomargs.py
[2024-12-06T22:18:56.501-0600] {processor.py:925} INFO - DAG(s) 'example_xcom_args_with_operators', 'example_xcom_args' retrieved from /home/m9d9v9/PycharmProjects/Airflow-2/Airflow-2/.venv/lib/python3.10/site-packages/airflow/example_dags/example_xcomargs.py
[2024-12-06T22:18:56.576-0600] {logging_mixin.py:190} INFO - [2024-12-06T22:18:56.576-0600] {override.py:1911} INFO - Created Permission View: can edit on DAG:example_xcom_args_with_operators
[2024-12-06T22:18:56.585-0600] {logging_mixin.py:190} INFO - [2024-12-06T22:18:56.584-0600] {override.py:1911} INFO - Created Permission View: can read on DAG:example_xcom_args_with_operators
[2024-12-06T22:18:56.591-0600] {logging_mixin.py:190} INFO - [2024-12-06T22:18:56.591-0600] {override.py:1911} INFO - Created Permission View: can delete on DAG:example_xcom_args_with_operators
[2024-12-06T22:18:56.599-0600] {logging_mixin.py:190} INFO - [2024-12-06T22:18:56.599-0600] {override.py:1911} INFO - Created Permission View: menu access on DAG Run:example_xcom_args_with_operators
[2024-12-06T22:18:56.605-0600] {logging_mixin.py:190} INFO - [2024-12-06T22:18:56.604-0600] {override.py:1911} INFO - Created Permission View: can create on DAG Run:example_xcom_args_with_operators
[2024-12-06T22:18:56.610-0600] {logging_mixin.py:190} INFO - [2024-12-06T22:18:56.610-0600] {override.py:1911} INFO - Created Permission View: can read on DAG Run:example_xcom_args_with_operators
[2024-12-06T22:18:56.616-0600] {logging_mixin.py:190} INFO - [2024-12-06T22:18:56.616-0600] {override.py:1911} INFO - Created Permission View: can delete on DAG Run:example_xcom_args_with_operators
[2024-12-06T22:18:56.629-0600] {logging_mixin.py:190} INFO - [2024-12-06T22:18:56.629-0600] {override.py:1911} INFO - Created Permission View: can edit on DAG:example_xcom_args
[2024-12-06T22:18:56.635-0600] {logging_mixin.py:190} INFO - [2024-12-06T22:18:56.635-0600] {override.py:1911} INFO - Created Permission View: can read on DAG:example_xcom_args
[2024-12-06T22:18:56.641-0600] {logging_mixin.py:190} INFO - [2024-12-06T22:18:56.640-0600] {override.py:1911} INFO - Created Permission View: can delete on DAG:example_xcom_args
[2024-12-06T22:18:56.647-0600] {logging_mixin.py:190} INFO - [2024-12-06T22:18:56.647-0600] {override.py:1911} INFO - Created Permission View: menu access on DAG Run:example_xcom_args
[2024-12-06T22:18:56.651-0600] {logging_mixin.py:190} INFO - [2024-12-06T22:18:56.651-0600] {override.py:1911} INFO - Created Permission View: can create on DAG Run:example_xcom_args
[2024-12-06T22:18:56.656-0600] {logging_mixin.py:190} INFO - [2024-12-06T22:18:56.656-0600] {override.py:1911} INFO - Created Permission View: can read on DAG Run:example_xcom_args
[2024-12-06T22:18:56.660-0600] {logging_mixin.py:190} INFO - [2024-12-06T22:18:56.660-0600] {override.py:1911} INFO - Created Permission View: can delete on DAG Run:example_xcom_args
[2024-12-06T22:18:56.661-0600] {logging_mixin.py:190} INFO - [2024-12-06T22:18:56.661-0600] {dag.py:3239} INFO - Sync 2 DAGs
[2024-12-06T22:18:56.668-0600] {logging_mixin.py:190} INFO - [2024-12-06T22:18:56.668-0600] {dag.py:3262} INFO - Creating ORM DAG for example_xcom_args
[2024-12-06T22:18:56.669-0600] {logging_mixin.py:190} INFO - [2024-12-06T22:18:56.668-0600] {dag.py:3262} INFO - Creating ORM DAG for example_xcom_args_with_operators
[2024-12-06T22:18:56.669-0600] {logging_mixin.py:190} INFO - [2024-12-06T22:18:56.669-0600] {dag.py:4180} INFO - Setting next_dagrun for example_xcom_args to None, run_after=None
[2024-12-06T22:18:56.669-0600] {logging_mixin.py:190} INFO - [2024-12-06T22:18:56.669-0600] {dag.py:4180} INFO - Setting next_dagrun for example_xcom_args_with_operators to None, run_after=None
[2024-12-06T22:18:56.681-0600] {processor.py:208} INFO - Processing /home/m9d9v9/PycharmProjects/Airflow-2/Airflow-2/.venv/lib/python3.10/site-packages/airflow/example_dags/example_xcomargs.py took 0.197 seconds
[2024-12-06T22:19:57.357-0600] {processor.py:186} INFO - Started process (PID=12606) to work on /home/m9d9v9/PycharmProjects/Airflow-2/Airflow-2/.venv/lib/python3.10/site-packages/airflow/example_dags/example_xcomargs.py
[2024-12-06T22:19:57.359-0600] {processor.py:914} INFO - Processing file /home/m9d9v9/PycharmProjects/Airflow-2/Airflow-2/.venv/lib/python3.10/site-packages/airflow/example_dags/example_xcomargs.py for tasks to queue
[2024-12-06T22:19:57.364-0600] {logging_mixin.py:190} INFO - [2024-12-06T22:19:57.363-0600] {dagbag.py:588} INFO - Filling up the DagBag from /home/m9d9v9/PycharmProjects/Airflow-2/Airflow-2/.venv/lib/python3.10/site-packages/airflow/example_dags/example_xcomargs.py
[2024-12-06T22:19:57.385-0600] {processor.py:925} INFO - DAG(s) 'example_xcom_args_with_operators', 'example_xcom_args' retrieved from /home/m9d9v9/PycharmProjects/Airflow-2/Airflow-2/.venv/lib/python3.10/site-packages/airflow/example_dags/example_xcomargs.py
[2024-12-06T22:19:57.401-0600] {logging_mixin.py:190} INFO - [2024-12-06T22:19:57.401-0600] {dag.py:3239} INFO - Sync 2 DAGs
[2024-12-06T22:19:57.409-0600] {logging_mixin.py:190} INFO - [2024-12-06T22:19:57.409-0600] {dag.py:4180} INFO - Setting next_dagrun for example_xcom_args to None, run_after=None
[2024-12-06T22:19:57.411-0600] {logging_mixin.py:190} INFO - [2024-12-06T22:19:57.411-0600] {dag.py:4180} INFO - Setting next_dagrun for example_xcom_args_with_operators to None, run_after=None
[2024-12-06T22:19:57.423-0600] {processor.py:208} INFO - Processing /home/m9d9v9/PycharmProjects/Airflow-2/Airflow-2/.venv/lib/python3.10/site-packages/airflow/example_dags/example_xcomargs.py took 0.076 seconds
[2024-12-06T22:20:52.121-0600] {processor.py:186} INFO - Started process (PID=12693) to work on /home/m9d9v9/PycharmProjects/Airflow-2/Airflow-2/.venv/lib/python3.10/site-packages/airflow/example_dags/example_xcomargs.py
[2024-12-06T22:20:52.128-0600] {processor.py:914} INFO - Processing file /home/m9d9v9/PycharmProjects/Airflow-2/Airflow-2/.venv/lib/python3.10/site-packages/airflow/example_dags/example_xcomargs.py for tasks to queue
[2024-12-06T22:20:52.131-0600] {logging_mixin.py:190} INFO - [2024-12-06T22:20:52.131-0600] {dagbag.py:588} INFO - Filling up the DagBag from /home/m9d9v9/PycharmProjects/Airflow-2/Airflow-2/.venv/lib/python3.10/site-packages/airflow/example_dags/example_xcomargs.py
[2024-12-06T22:20:52.141-0600] {processor.py:925} INFO - DAG(s) 'example_xcom_args', 'example_xcom_args_with_operators' retrieved from /home/m9d9v9/PycharmProjects/Airflow-2/Airflow-2/.venv/lib/python3.10/site-packages/airflow/example_dags/example_xcomargs.py
[2024-12-06T22:20:52.161-0600] {logging_mixin.py:190} INFO - [2024-12-06T22:20:52.160-0600] {dag.py:3239} INFO - Sync 2 DAGs
[2024-12-06T22:20:52.173-0600] {logging_mixin.py:190} INFO - [2024-12-06T22:20:52.172-0600] {dag.py:4180} INFO - Setting next_dagrun for example_xcom_args to None, run_after=None
[2024-12-06T22:20:52.176-0600] {logging_mixin.py:190} INFO - [2024-12-06T22:20:52.175-0600] {dag.py:4180} INFO - Setting next_dagrun for example_xcom_args_with_operators to None, run_after=None
[2024-12-06T22:20:52.189-0600] {processor.py:208} INFO - Processing /home/m9d9v9/PycharmProjects/Airflow-2/Airflow-2/.venv/lib/python3.10/site-packages/airflow/example_dags/example_xcomargs.py took 0.075 seconds
[2024-12-06T22:21:49.693-0600] {processor.py:186} INFO - Started process (PID=12768) to work on /home/m9d9v9/PycharmProjects/Airflow-2/Airflow-2/.venv/lib/python3.10/site-packages/airflow/example_dags/example_xcomargs.py
[2024-12-06T22:21:49.700-0600] {processor.py:914} INFO - Processing file /home/m9d9v9/PycharmProjects/Airflow-2/Airflow-2/.venv/lib/python3.10/site-packages/airflow/example_dags/example_xcomargs.py for tasks to queue
[2024-12-06T22:21:49.703-0600] {logging_mixin.py:190} INFO - [2024-12-06T22:21:49.703-0600] {dagbag.py:588} INFO - Filling up the DagBag from /home/m9d9v9/PycharmProjects/Airflow-2/Airflow-2/.venv/lib/python3.10/site-packages/airflow/example_dags/example_xcomargs.py
[2024-12-06T22:21:49.723-0600] {processor.py:925} INFO - DAG(s) 'example_xcom_args', 'example_xcom_args_with_operators' retrieved from /home/m9d9v9/PycharmProjects/Airflow-2/Airflow-2/.venv/lib/python3.10/site-packages/airflow/example_dags/example_xcomargs.py
[2024-12-06T22:21:49.745-0600] {logging_mixin.py:190} INFO - [2024-12-06T22:21:49.745-0600] {dag.py:3239} INFO - Sync 2 DAGs
[2024-12-06T22:21:49.754-0600] {logging_mixin.py:190} INFO - [2024-12-06T22:21:49.753-0600] {dag.py:4180} INFO - Setting next_dagrun for example_xcom_args to None, run_after=None
[2024-12-06T22:21:49.756-0600] {logging_mixin.py:190} INFO - [2024-12-06T22:21:49.756-0600] {dag.py:4180} INFO - Setting next_dagrun for example_xcom_args_with_operators to None, run_after=None
[2024-12-06T22:21:49.768-0600] {processor.py:208} INFO - Processing /home/m9d9v9/PycharmProjects/Airflow-2/Airflow-2/.venv/lib/python3.10/site-packages/airflow/example_dags/example_xcomargs.py took 0.086 seconds
[2024-12-06T22:23:07.938-0600] {processor.py:186} INFO - Started process (PID=12929) to work on /home/m9d9v9/PycharmProjects/Airflow-2/Airflow-2/.venv/lib/python3.10/site-packages/airflow/example_dags/example_xcomargs.py
[2024-12-06T22:23:07.940-0600] {processor.py:914} INFO - Processing file /home/m9d9v9/PycharmProjects/Airflow-2/Airflow-2/.venv/lib/python3.10/site-packages/airflow/example_dags/example_xcomargs.py for tasks to queue
[2024-12-06T22:23:07.944-0600] {logging_mixin.py:190} INFO - [2024-12-06T22:23:07.943-0600] {dagbag.py:588} INFO - Filling up the DagBag from /home/m9d9v9/PycharmProjects/Airflow-2/Airflow-2/.venv/lib/python3.10/site-packages/airflow/example_dags/example_xcomargs.py
[2024-12-06T22:23:07.961-0600] {processor.py:925} INFO - DAG(s) 'example_xcom_args', 'example_xcom_args_with_operators' retrieved from /home/m9d9v9/PycharmProjects/Airflow-2/Airflow-2/.venv/lib/python3.10/site-packages/airflow/example_dags/example_xcomargs.py
[2024-12-06T22:23:07.980-0600] {logging_mixin.py:190} INFO - [2024-12-06T22:23:07.980-0600] {dag.py:3239} INFO - Sync 2 DAGs
[2024-12-06T22:23:07.993-0600] {logging_mixin.py:190} INFO - [2024-12-06T22:23:07.993-0600] {dag.py:4180} INFO - Setting next_dagrun for example_xcom_args to None, run_after=None
[2024-12-06T22:23:07.995-0600] {logging_mixin.py:190} INFO - [2024-12-06T22:23:07.995-0600] {dag.py:4180} INFO - Setting next_dagrun for example_xcom_args_with_operators to None, run_after=None
[2024-12-06T22:23:08.017-0600] {processor.py:208} INFO - Processing /home/m9d9v9/PycharmProjects/Airflow-2/Airflow-2/.venv/lib/python3.10/site-packages/airflow/example_dags/example_xcomargs.py took 0.089 seconds
[2024-12-06T22:24:05.949-0600] {processor.py:186} INFO - Started process (PID=13002) to work on /home/m9d9v9/PycharmProjects/Airflow-2/Airflow-2/.venv/lib/python3.10/site-packages/airflow/example_dags/example_xcomargs.py
[2024-12-06T22:24:05.955-0600] {processor.py:914} INFO - Processing file /home/m9d9v9/PycharmProjects/Airflow-2/Airflow-2/.venv/lib/python3.10/site-packages/airflow/example_dags/example_xcomargs.py for tasks to queue
[2024-12-06T22:24:05.957-0600] {logging_mixin.py:190} INFO - [2024-12-06T22:24:05.956-0600] {dagbag.py:588} INFO - Filling up the DagBag from /home/m9d9v9/PycharmProjects/Airflow-2/Airflow-2/.venv/lib/python3.10/site-packages/airflow/example_dags/example_xcomargs.py
[2024-12-06T22:24:05.966-0600] {processor.py:925} INFO - DAG(s) 'example_xcom_args_with_operators', 'example_xcom_args' retrieved from /home/m9d9v9/PycharmProjects/Airflow-2/Airflow-2/.venv/lib/python3.10/site-packages/airflow/example_dags/example_xcomargs.py
[2024-12-06T22:24:05.979-0600] {logging_mixin.py:190} INFO - [2024-12-06T22:24:05.979-0600] {dag.py:3239} INFO - Sync 2 DAGs
[2024-12-06T22:24:05.987-0600] {logging_mixin.py:190} INFO - [2024-12-06T22:24:05.987-0600] {dag.py:4180} INFO - Setting next_dagrun for example_xcom_args to None, run_after=None
[2024-12-06T22:24:05.989-0600] {logging_mixin.py:190} INFO - [2024-12-06T22:24:05.989-0600] {dag.py:4180} INFO - Setting next_dagrun for example_xcom_args_with_operators to None, run_after=None
[2024-12-06T22:24:06.000-0600] {processor.py:208} INFO - Processing /home/m9d9v9/PycharmProjects/Airflow-2/Airflow-2/.venv/lib/python3.10/site-packages/airflow/example_dags/example_xcomargs.py took 0.056 seconds
[2024-12-06T22:25:01.875-0600] {processor.py:186} INFO - Started process (PID=13084) to work on /home/m9d9v9/PycharmProjects/Airflow-2/Airflow-2/.venv/lib/python3.10/site-packages/airflow/example_dags/example_xcomargs.py
[2024-12-06T22:25:01.881-0600] {processor.py:914} INFO - Processing file /home/m9d9v9/PycharmProjects/Airflow-2/Airflow-2/.venv/lib/python3.10/site-packages/airflow/example_dags/example_xcomargs.py for tasks to queue
[2024-12-06T22:25:01.883-0600] {logging_mixin.py:190} INFO - [2024-12-06T22:25:01.883-0600] {dagbag.py:588} INFO - Filling up the DagBag from /home/m9d9v9/PycharmProjects/Airflow-2/Airflow-2/.venv/lib/python3.10/site-packages/airflow/example_dags/example_xcomargs.py
[2024-12-06T22:25:01.892-0600] {processor.py:925} INFO - DAG(s) 'example_xcom_args_with_operators', 'example_xcom_args' retrieved from /home/m9d9v9/PycharmProjects/Airflow-2/Airflow-2/.venv/lib/python3.10/site-packages/airflow/example_dags/example_xcomargs.py
[2024-12-06T22:25:01.911-0600] {logging_mixin.py:190} INFO - [2024-12-06T22:25:01.910-0600] {dag.py:3239} INFO - Sync 2 DAGs
[2024-12-06T22:25:01.920-0600] {logging_mixin.py:190} INFO - [2024-12-06T22:25:01.920-0600] {dag.py:4180} INFO - Setting next_dagrun for example_xcom_args to None, run_after=None
[2024-12-06T22:25:01.922-0600] {logging_mixin.py:190} INFO - [2024-12-06T22:25:01.922-0600] {dag.py:4180} INFO - Setting next_dagrun for example_xcom_args_with_operators to None, run_after=None
[2024-12-06T22:25:01.935-0600] {processor.py:208} INFO - Processing /home/m9d9v9/PycharmProjects/Airflow-2/Airflow-2/.venv/lib/python3.10/site-packages/airflow/example_dags/example_xcomargs.py took 0.064 seconds
[2024-12-06T22:25:58.913-0600] {processor.py:186} INFO - Started process (PID=13168) to work on /home/m9d9v9/PycharmProjects/Airflow-2/Airflow-2/.venv/lib/python3.10/site-packages/airflow/example_dags/example_xcomargs.py
[2024-12-06T22:25:58.919-0600] {processor.py:914} INFO - Processing file /home/m9d9v9/PycharmProjects/Airflow-2/Airflow-2/.venv/lib/python3.10/site-packages/airflow/example_dags/example_xcomargs.py for tasks to queue
[2024-12-06T22:25:58.921-0600] {logging_mixin.py:190} INFO - [2024-12-06T22:25:58.920-0600] {dagbag.py:588} INFO - Filling up the DagBag from /home/m9d9v9/PycharmProjects/Airflow-2/Airflow-2/.venv/lib/python3.10/site-packages/airflow/example_dags/example_xcomargs.py
[2024-12-06T22:25:58.929-0600] {processor.py:925} INFO - DAG(s) 'example_xcom_args_with_operators', 'example_xcom_args' retrieved from /home/m9d9v9/PycharmProjects/Airflow-2/Airflow-2/.venv/lib/python3.10/site-packages/airflow/example_dags/example_xcomargs.py
[2024-12-06T22:25:58.943-0600] {logging_mixin.py:190} INFO - [2024-12-06T22:25:58.942-0600] {dag.py:3239} INFO - Sync 2 DAGs
[2024-12-06T22:25:58.951-0600] {logging_mixin.py:190} INFO - [2024-12-06T22:25:58.951-0600] {dag.py:4180} INFO - Setting next_dagrun for example_xcom_args to None, run_after=None
[2024-12-06T22:25:58.953-0600] {logging_mixin.py:190} INFO - [2024-12-06T22:25:58.953-0600] {dag.py:4180} INFO - Setting next_dagrun for example_xcom_args_with_operators to None, run_after=None
[2024-12-06T22:25:58.966-0600] {processor.py:208} INFO - Processing /home/m9d9v9/PycharmProjects/Airflow-2/Airflow-2/.venv/lib/python3.10/site-packages/airflow/example_dags/example_xcomargs.py took 0.057 seconds
[2024-12-06T22:26:55.809-0600] {processor.py:186} INFO - Started process (PID=13242) to work on /home/m9d9v9/PycharmProjects/Airflow-2/Airflow-2/.venv/lib/python3.10/site-packages/airflow/example_dags/example_xcomargs.py
[2024-12-06T22:26:55.811-0600] {processor.py:914} INFO - Processing file /home/m9d9v9/PycharmProjects/Airflow-2/Airflow-2/.venv/lib/python3.10/site-packages/airflow/example_dags/example_xcomargs.py for tasks to queue
[2024-12-06T22:26:55.812-0600] {logging_mixin.py:190} INFO - [2024-12-06T22:26:55.811-0600] {dagbag.py:588} INFO - Filling up the DagBag from /home/m9d9v9/PycharmProjects/Airflow-2/Airflow-2/.venv/lib/python3.10/site-packages/airflow/example_dags/example_xcomargs.py
[2024-12-06T22:26:55.820-0600] {processor.py:925} INFO - DAG(s) 'example_xcom_args', 'example_xcom_args_with_operators' retrieved from /home/m9d9v9/PycharmProjects/Airflow-2/Airflow-2/.venv/lib/python3.10/site-packages/airflow/example_dags/example_xcomargs.py
[2024-12-06T22:26:55.834-0600] {logging_mixin.py:190} INFO - [2024-12-06T22:26:55.833-0600] {dag.py:3239} INFO - Sync 2 DAGs
[2024-12-06T22:26:55.843-0600] {logging_mixin.py:190} INFO - [2024-12-06T22:26:55.843-0600] {dag.py:4180} INFO - Setting next_dagrun for example_xcom_args to None, run_after=None
[2024-12-06T22:26:55.845-0600] {logging_mixin.py:190} INFO - [2024-12-06T22:26:55.845-0600] {dag.py:4180} INFO - Setting next_dagrun for example_xcom_args_with_operators to None, run_after=None
[2024-12-06T22:26:55.857-0600] {processor.py:208} INFO - Processing /home/m9d9v9/PycharmProjects/Airflow-2/Airflow-2/.venv/lib/python3.10/site-packages/airflow/example_dags/example_xcomargs.py took 0.053 seconds
[2024-12-06T22:37:15.522-0600] {processor.py:186} INFO - Started process (PID=14631) to work on /home/m9d9v9/PycharmProjects/Airflow-2/Airflow-2/.venv/lib/python3.10/site-packages/airflow/example_dags/example_xcomargs.py
[2024-12-06T22:37:15.528-0600] {processor.py:914} INFO - Processing file /home/m9d9v9/PycharmProjects/Airflow-2/Airflow-2/.venv/lib/python3.10/site-packages/airflow/example_dags/example_xcomargs.py for tasks to queue
[2024-12-06T22:37:15.534-0600] {logging_mixin.py:190} INFO - [2024-12-06T22:37:15.533-0600] {dagbag.py:588} INFO - Filling up the DagBag from /home/m9d9v9/PycharmProjects/Airflow-2/Airflow-2/.venv/lib/python3.10/site-packages/airflow/example_dags/example_xcomargs.py
[2024-12-06T22:37:15.563-0600] {processor.py:925} INFO - DAG(s) 'example_xcom_args', 'example_xcom_args_with_operators' retrieved from /home/m9d9v9/PycharmProjects/Airflow-2/Airflow-2/.venv/lib/python3.10/site-packages/airflow/example_dags/example_xcomargs.py
[2024-12-06T22:37:15.595-0600] {logging_mixin.py:190} INFO - [2024-12-06T22:37:15.594-0600] {dag.py:3239} INFO - Sync 2 DAGs
[2024-12-06T22:37:15.606-0600] {logging_mixin.py:190} INFO - [2024-12-06T22:37:15.606-0600] {dag.py:4180} INFO - Setting next_dagrun for example_xcom_args to None, run_after=None
[2024-12-06T22:37:15.608-0600] {logging_mixin.py:190} INFO - [2024-12-06T22:37:15.608-0600] {dag.py:4180} INFO - Setting next_dagrun for example_xcom_args_with_operators to None, run_after=None
[2024-12-06T22:37:15.619-0600] {processor.py:208} INFO - Processing /home/m9d9v9/PycharmProjects/Airflow-2/Airflow-2/.venv/lib/python3.10/site-packages/airflow/example_dags/example_xcomargs.py took 0.108 seconds
[2024-12-06T22:38:14.023-0600] {processor.py:186} INFO - Started process (PID=14739) to work on /home/m9d9v9/PycharmProjects/Airflow-2/Airflow-2/.venv/lib/python3.10/site-packages/airflow/example_dags/example_xcomargs.py
[2024-12-06T22:38:14.029-0600] {processor.py:914} INFO - Processing file /home/m9d9v9/PycharmProjects/Airflow-2/Airflow-2/.venv/lib/python3.10/site-packages/airflow/example_dags/example_xcomargs.py for tasks to queue
[2024-12-06T22:38:14.031-0600] {logging_mixin.py:190} INFO - [2024-12-06T22:38:14.030-0600] {dagbag.py:588} INFO - Filling up the DagBag from /home/m9d9v9/PycharmProjects/Airflow-2/Airflow-2/.venv/lib/python3.10/site-packages/airflow/example_dags/example_xcomargs.py
[2024-12-06T22:38:14.038-0600] {processor.py:925} INFO - DAG(s) 'example_xcom_args', 'example_xcom_args_with_operators' retrieved from /home/m9d9v9/PycharmProjects/Airflow-2/Airflow-2/.venv/lib/python3.10/site-packages/airflow/example_dags/example_xcomargs.py
[2024-12-06T22:38:14.052-0600] {logging_mixin.py:190} INFO - [2024-12-06T22:38:14.052-0600] {dag.py:3239} INFO - Sync 2 DAGs
[2024-12-06T22:38:14.061-0600] {logging_mixin.py:190} INFO - [2024-12-06T22:38:14.061-0600] {dag.py:4180} INFO - Setting next_dagrun for example_xcom_args to None, run_after=None
[2024-12-06T22:38:14.063-0600] {logging_mixin.py:190} INFO - [2024-12-06T22:38:14.063-0600] {dag.py:4180} INFO - Setting next_dagrun for example_xcom_args_with_operators to None, run_after=None
[2024-12-06T22:38:14.076-0600] {processor.py:208} INFO - Processing /home/m9d9v9/PycharmProjects/Airflow-2/Airflow-2/.venv/lib/python3.10/site-packages/airflow/example_dags/example_xcomargs.py took 0.058 seconds
[2024-12-06T22:39:12.030-0600] {processor.py:186} INFO - Started process (PID=14852) to work on /home/m9d9v9/PycharmProjects/Airflow-2/Airflow-2/.venv/lib/python3.10/site-packages/airflow/example_dags/example_xcomargs.py
[2024-12-06T22:39:12.036-0600] {processor.py:914} INFO - Processing file /home/m9d9v9/PycharmProjects/Airflow-2/Airflow-2/.venv/lib/python3.10/site-packages/airflow/example_dags/example_xcomargs.py for tasks to queue
[2024-12-06T22:39:12.037-0600] {logging_mixin.py:190} INFO - [2024-12-06T22:39:12.037-0600] {dagbag.py:588} INFO - Filling up the DagBag from /home/m9d9v9/PycharmProjects/Airflow-2/Airflow-2/.venv/lib/python3.10/site-packages/airflow/example_dags/example_xcomargs.py
[2024-12-06T22:39:12.045-0600] {processor.py:925} INFO - DAG(s) 'example_xcom_args_with_operators', 'example_xcom_args' retrieved from /home/m9d9v9/PycharmProjects/Airflow-2/Airflow-2/.venv/lib/python3.10/site-packages/airflow/example_dags/example_xcomargs.py
[2024-12-06T22:39:12.059-0600] {logging_mixin.py:190} INFO - [2024-12-06T22:39:12.059-0600] {dag.py:3239} INFO - Sync 2 DAGs
[2024-12-06T22:39:12.068-0600] {logging_mixin.py:190} INFO - [2024-12-06T22:39:12.068-0600] {dag.py:4180} INFO - Setting next_dagrun for example_xcom_args to None, run_after=None
[2024-12-06T22:39:12.071-0600] {logging_mixin.py:190} INFO - [2024-12-06T22:39:12.071-0600] {dag.py:4180} INFO - Setting next_dagrun for example_xcom_args_with_operators to None, run_after=None
[2024-12-06T22:39:12.085-0600] {processor.py:208} INFO - Processing /home/m9d9v9/PycharmProjects/Airflow-2/Airflow-2/.venv/lib/python3.10/site-packages/airflow/example_dags/example_xcomargs.py took 0.062 seconds
[2024-12-06T22:40:12.656-0600] {processor.py:186} INFO - Started process (PID=15039) to work on /home/m9d9v9/PycharmProjects/Airflow-2/Airflow-2/.venv/lib/python3.10/site-packages/airflow/example_dags/example_xcomargs.py
[2024-12-06T22:40:12.664-0600] {processor.py:914} INFO - Processing file /home/m9d9v9/PycharmProjects/Airflow-2/Airflow-2/.venv/lib/python3.10/site-packages/airflow/example_dags/example_xcomargs.py for tasks to queue
[2024-12-06T22:40:12.669-0600] {logging_mixin.py:190} INFO - [2024-12-06T22:40:12.668-0600] {dagbag.py:588} INFO - Filling up the DagBag from /home/m9d9v9/PycharmProjects/Airflow-2/Airflow-2/.venv/lib/python3.10/site-packages/airflow/example_dags/example_xcomargs.py
[2024-12-06T22:40:12.688-0600] {processor.py:925} INFO - DAG(s) 'example_xcom_args_with_operators', 'example_xcom_args' retrieved from /home/m9d9v9/PycharmProjects/Airflow-2/Airflow-2/.venv/lib/python3.10/site-packages/airflow/example_dags/example_xcomargs.py
[2024-12-06T22:40:12.712-0600] {logging_mixin.py:190} INFO - [2024-12-06T22:40:12.712-0600] {dag.py:3239} INFO - Sync 2 DAGs
[2024-12-06T22:40:12.722-0600] {logging_mixin.py:190} INFO - [2024-12-06T22:40:12.722-0600] {dag.py:4180} INFO - Setting next_dagrun for example_xcom_args to None, run_after=None
[2024-12-06T22:40:12.724-0600] {logging_mixin.py:190} INFO - [2024-12-06T22:40:12.724-0600] {dag.py:4180} INFO - Setting next_dagrun for example_xcom_args_with_operators to None, run_after=None
[2024-12-06T22:40:12.736-0600] {processor.py:208} INFO - Processing /home/m9d9v9/PycharmProjects/Airflow-2/Airflow-2/.venv/lib/python3.10/site-packages/airflow/example_dags/example_xcomargs.py took 0.092 seconds
[2024-12-06T22:41:14.459-0600] {processor.py:186} INFO - Started process (PID=15160) to work on /home/m9d9v9/PycharmProjects/Airflow-2/Airflow-2/.venv/lib/python3.10/site-packages/airflow/example_dags/example_xcomargs.py
[2024-12-06T22:41:14.460-0600] {processor.py:914} INFO - Processing file /home/m9d9v9/PycharmProjects/Airflow-2/Airflow-2/.venv/lib/python3.10/site-packages/airflow/example_dags/example_xcomargs.py for tasks to queue
[2024-12-06T22:41:14.465-0600] {logging_mixin.py:190} INFO - [2024-12-06T22:41:14.464-0600] {dagbag.py:588} INFO - Filling up the DagBag from /home/m9d9v9/PycharmProjects/Airflow-2/Airflow-2/.venv/lib/python3.10/site-packages/airflow/example_dags/example_xcomargs.py
[2024-12-06T22:41:14.477-0600] {processor.py:925} INFO - DAG(s) 'example_xcom_args_with_operators', 'example_xcom_args' retrieved from /home/m9d9v9/PycharmProjects/Airflow-2/Airflow-2/.venv/lib/python3.10/site-packages/airflow/example_dags/example_xcomargs.py
[2024-12-06T22:41:14.499-0600] {logging_mixin.py:190} INFO - [2024-12-06T22:41:14.499-0600] {dag.py:3239} INFO - Sync 2 DAGs
[2024-12-06T22:41:14.508-0600] {logging_mixin.py:190} INFO - [2024-12-06T22:41:14.508-0600] {dag.py:4180} INFO - Setting next_dagrun for example_xcom_args to None, run_after=None
[2024-12-06T22:41:14.510-0600] {logging_mixin.py:190} INFO - [2024-12-06T22:41:14.510-0600] {dag.py:4180} INFO - Setting next_dagrun for example_xcom_args_with_operators to None, run_after=None
[2024-12-06T22:41:14.520-0600] {processor.py:208} INFO - Processing /home/m9d9v9/PycharmProjects/Airflow-2/Airflow-2/.venv/lib/python3.10/site-packages/airflow/example_dags/example_xcomargs.py took 0.075 seconds
[2024-12-06T23:25:22.757-0600] {processor.py:186} INFO - Started process (PID=17277) to work on /home/m9d9v9/PycharmProjects/Airflow-2/Airflow-2/.venv/lib/python3.10/site-packages/airflow/example_dags/example_xcomargs.py
[2024-12-06T23:25:22.763-0600] {processor.py:914} INFO - Processing file /home/m9d9v9/PycharmProjects/Airflow-2/Airflow-2/.venv/lib/python3.10/site-packages/airflow/example_dags/example_xcomargs.py for tasks to queue
[2024-12-06T23:25:22.765-0600] {logging_mixin.py:190} INFO - [2024-12-06T23:25:22.765-0600] {dagbag.py:588} INFO - Filling up the DagBag from /home/m9d9v9/PycharmProjects/Airflow-2/Airflow-2/.venv/lib/python3.10/site-packages/airflow/example_dags/example_xcomargs.py
[2024-12-06T23:25:22.772-0600] {processor.py:925} INFO - DAG(s) 'example_xcom_args_with_operators', 'example_xcom_args' retrieved from /home/m9d9v9/PycharmProjects/Airflow-2/Airflow-2/.venv/lib/python3.10/site-packages/airflow/example_dags/example_xcomargs.py
[2024-12-06T23:25:22.783-0600] {logging_mixin.py:190} INFO - [2024-12-06T23:25:22.782-0600] {dag.py:3239} INFO - Sync 2 DAGs
[2024-12-06T23:25:22.789-0600] {logging_mixin.py:190} INFO - [2024-12-06T23:25:22.789-0600] {dag.py:4180} INFO - Setting next_dagrun for example_xcom_args to None, run_after=None
[2024-12-06T23:25:22.791-0600] {logging_mixin.py:190} INFO - [2024-12-06T23:25:22.791-0600] {dag.py:4180} INFO - Setting next_dagrun for example_xcom_args_with_operators to None, run_after=None
[2024-12-06T23:25:22.800-0600] {processor.py:208} INFO - Processing /home/m9d9v9/PycharmProjects/Airflow-2/Airflow-2/.venv/lib/python3.10/site-packages/airflow/example_dags/example_xcomargs.py took 0.047 seconds
[2024-12-06T23:26:21.566-0600] {processor.py:186} INFO - Started process (PID=17397) to work on /home/m9d9v9/PycharmProjects/Airflow-2/Airflow-2/.venv/lib/python3.10/site-packages/airflow/example_dags/example_xcomargs.py
[2024-12-06T23:26:21.572-0600] {processor.py:914} INFO - Processing file /home/m9d9v9/PycharmProjects/Airflow-2/Airflow-2/.venv/lib/python3.10/site-packages/airflow/example_dags/example_xcomargs.py for tasks to queue
[2024-12-06T23:26:21.573-0600] {logging_mixin.py:190} INFO - [2024-12-06T23:26:21.573-0600] {dagbag.py:588} INFO - Filling up the DagBag from /home/m9d9v9/PycharmProjects/Airflow-2/Airflow-2/.venv/lib/python3.10/site-packages/airflow/example_dags/example_xcomargs.py
[2024-12-06T23:26:21.580-0600] {processor.py:925} INFO - DAG(s) 'example_xcom_args_with_operators', 'example_xcom_args' retrieved from /home/m9d9v9/PycharmProjects/Airflow-2/Airflow-2/.venv/lib/python3.10/site-packages/airflow/example_dags/example_xcomargs.py
[2024-12-06T23:26:21.604-0600] {logging_mixin.py:190} INFO - [2024-12-06T23:26:21.604-0600] {dag.py:3239} INFO - Sync 2 DAGs
[2024-12-06T23:26:21.624-0600] {logging_mixin.py:190} INFO - [2024-12-06T23:26:21.624-0600] {dag.py:4180} INFO - Setting next_dagrun for example_xcom_args to None, run_after=None
[2024-12-06T23:26:21.626-0600] {logging_mixin.py:190} INFO - [2024-12-06T23:26:21.625-0600] {dag.py:4180} INFO - Setting next_dagrun for example_xcom_args_with_operators to None, run_after=None
[2024-12-06T23:26:21.635-0600] {processor.py:208} INFO - Processing /home/m9d9v9/PycharmProjects/Airflow-2/Airflow-2/.venv/lib/python3.10/site-packages/airflow/example_dags/example_xcomargs.py took 0.073 seconds
[2024-12-06T23:27:18.802-0600] {processor.py:186} INFO - Started process (PID=17470) to work on /home/m9d9v9/PycharmProjects/Airflow-2/Airflow-2/.venv/lib/python3.10/site-packages/airflow/example_dags/example_xcomargs.py
[2024-12-06T23:27:18.809-0600] {processor.py:914} INFO - Processing file /home/m9d9v9/PycharmProjects/Airflow-2/Airflow-2/.venv/lib/python3.10/site-packages/airflow/example_dags/example_xcomargs.py for tasks to queue
[2024-12-06T23:27:18.812-0600] {logging_mixin.py:190} INFO - [2024-12-06T23:27:18.811-0600] {dagbag.py:588} INFO - Filling up the DagBag from /home/m9d9v9/PycharmProjects/Airflow-2/Airflow-2/.venv/lib/python3.10/site-packages/airflow/example_dags/example_xcomargs.py
[2024-12-06T23:27:18.840-0600] {processor.py:925} INFO - DAG(s) 'example_xcom_args_with_operators', 'example_xcom_args' retrieved from /home/m9d9v9/PycharmProjects/Airflow-2/Airflow-2/.venv/lib/python3.10/site-packages/airflow/example_dags/example_xcomargs.py
[2024-12-06T23:27:18.858-0600] {logging_mixin.py:190} INFO - [2024-12-06T23:27:18.858-0600] {dag.py:3239} INFO - Sync 2 DAGs
[2024-12-06T23:27:18.865-0600] {logging_mixin.py:190} INFO - [2024-12-06T23:27:18.865-0600] {dag.py:4180} INFO - Setting next_dagrun for example_xcom_args to None, run_after=None
[2024-12-06T23:27:18.867-0600] {logging_mixin.py:190} INFO - [2024-12-06T23:27:18.867-0600] {dag.py:4180} INFO - Setting next_dagrun for example_xcom_args_with_operators to None, run_after=None
[2024-12-06T23:27:18.878-0600] {processor.py:208} INFO - Processing /home/m9d9v9/PycharmProjects/Airflow-2/Airflow-2/.venv/lib/python3.10/site-packages/airflow/example_dags/example_xcomargs.py took 0.086 seconds
[2024-12-06T23:28:16.064-0600] {processor.py:186} INFO - Started process (PID=17573) to work on /home/m9d9v9/PycharmProjects/Airflow-2/Airflow-2/.venv/lib/python3.10/site-packages/airflow/example_dags/example_xcomargs.py
[2024-12-06T23:28:16.071-0600] {processor.py:914} INFO - Processing file /home/m9d9v9/PycharmProjects/Airflow-2/Airflow-2/.venv/lib/python3.10/site-packages/airflow/example_dags/example_xcomargs.py for tasks to queue
[2024-12-06T23:28:16.072-0600] {logging_mixin.py:190} INFO - [2024-12-06T23:28:16.072-0600] {dagbag.py:588} INFO - Filling up the DagBag from /home/m9d9v9/PycharmProjects/Airflow-2/Airflow-2/.venv/lib/python3.10/site-packages/airflow/example_dags/example_xcomargs.py
[2024-12-06T23:28:16.090-0600] {processor.py:925} INFO - DAG(s) 'example_xcom_args', 'example_xcom_args_with_operators' retrieved from /home/m9d9v9/PycharmProjects/Airflow-2/Airflow-2/.venv/lib/python3.10/site-packages/airflow/example_dags/example_xcomargs.py
[2024-12-06T23:28:16.116-0600] {logging_mixin.py:190} INFO - [2024-12-06T23:28:16.116-0600] {dag.py:3239} INFO - Sync 2 DAGs
[2024-12-06T23:28:16.123-0600] {logging_mixin.py:190} INFO - [2024-12-06T23:28:16.123-0600] {dag.py:4180} INFO - Setting next_dagrun for example_xcom_args to None, run_after=None
[2024-12-06T23:28:16.125-0600] {logging_mixin.py:190} INFO - [2024-12-06T23:28:16.125-0600] {dag.py:4180} INFO - Setting next_dagrun for example_xcom_args_with_operators to None, run_after=None
[2024-12-06T23:28:16.137-0600] {processor.py:208} INFO - Processing /home/m9d9v9/PycharmProjects/Airflow-2/Airflow-2/.venv/lib/python3.10/site-packages/airflow/example_dags/example_xcomargs.py took 0.083 seconds
[2024-12-06T23:29:12.505-0600] {processor.py:186} INFO - Started process (PID=17715) to work on /home/m9d9v9/PycharmProjects/Airflow-2/Airflow-2/.venv/lib/python3.10/site-packages/airflow/example_dags/example_xcomargs.py
[2024-12-06T23:29:12.511-0600] {processor.py:914} INFO - Processing file /home/m9d9v9/PycharmProjects/Airflow-2/Airflow-2/.venv/lib/python3.10/site-packages/airflow/example_dags/example_xcomargs.py for tasks to queue
[2024-12-06T23:29:12.512-0600] {logging_mixin.py:190} INFO - [2024-12-06T23:29:12.512-0600] {dagbag.py:588} INFO - Filling up the DagBag from /home/m9d9v9/PycharmProjects/Airflow-2/Airflow-2/.venv/lib/python3.10/site-packages/airflow/example_dags/example_xcomargs.py
[2024-12-06T23:29:12.522-0600] {processor.py:925} INFO - DAG(s) 'example_xcom_args_with_operators', 'example_xcom_args' retrieved from /home/m9d9v9/PycharmProjects/Airflow-2/Airflow-2/.venv/lib/python3.10/site-packages/airflow/example_dags/example_xcomargs.py
[2024-12-06T23:29:12.537-0600] {logging_mixin.py:190} INFO - [2024-12-06T23:29:12.537-0600] {dag.py:3239} INFO - Sync 2 DAGs
[2024-12-06T23:29:12.546-0600] {logging_mixin.py:190} INFO - [2024-12-06T23:29:12.546-0600] {dag.py:4180} INFO - Setting next_dagrun for example_xcom_args to None, run_after=None
[2024-12-06T23:29:12.548-0600] {logging_mixin.py:190} INFO - [2024-12-06T23:29:12.548-0600] {dag.py:4180} INFO - Setting next_dagrun for example_xcom_args_with_operators to None, run_after=None
[2024-12-06T23:29:12.559-0600] {processor.py:208} INFO - Processing /home/m9d9v9/PycharmProjects/Airflow-2/Airflow-2/.venv/lib/python3.10/site-packages/airflow/example_dags/example_xcomargs.py took 0.059 seconds
[2024-12-06T23:30:08.898-0600] {processor.py:186} INFO - Started process (PID=17804) to work on /home/m9d9v9/PycharmProjects/Airflow-2/Airflow-2/.venv/lib/python3.10/site-packages/airflow/example_dags/example_xcomargs.py
[2024-12-06T23:30:08.904-0600] {processor.py:914} INFO - Processing file /home/m9d9v9/PycharmProjects/Airflow-2/Airflow-2/.venv/lib/python3.10/site-packages/airflow/example_dags/example_xcomargs.py for tasks to queue
[2024-12-06T23:30:08.907-0600] {logging_mixin.py:190} INFO - [2024-12-06T23:30:08.906-0600] {dagbag.py:588} INFO - Filling up the DagBag from /home/m9d9v9/PycharmProjects/Airflow-2/Airflow-2/.venv/lib/python3.10/site-packages/airflow/example_dags/example_xcomargs.py
[2024-12-06T23:30:08.927-0600] {processor.py:925} INFO - DAG(s) 'example_xcom_args', 'example_xcom_args_with_operators' retrieved from /home/m9d9v9/PycharmProjects/Airflow-2/Airflow-2/.venv/lib/python3.10/site-packages/airflow/example_dags/example_xcomargs.py
[2024-12-06T23:30:08.947-0600] {logging_mixin.py:190} INFO - [2024-12-06T23:30:08.947-0600] {dag.py:3239} INFO - Sync 2 DAGs
[2024-12-06T23:30:08.954-0600] {logging_mixin.py:190} INFO - [2024-12-06T23:30:08.954-0600] {dag.py:4180} INFO - Setting next_dagrun for example_xcom_args to None, run_after=None
[2024-12-06T23:30:08.956-0600] {logging_mixin.py:190} INFO - [2024-12-06T23:30:08.956-0600] {dag.py:4180} INFO - Setting next_dagrun for example_xcom_args_with_operators to None, run_after=None
[2024-12-06T23:30:08.965-0600] {processor.py:208} INFO - Processing /home/m9d9v9/PycharmProjects/Airflow-2/Airflow-2/.venv/lib/python3.10/site-packages/airflow/example_dags/example_xcomargs.py took 0.080 seconds
[2024-12-06T23:31:05.116-0600] {processor.py:186} INFO - Started process (PID=17911) to work on /home/m9d9v9/PycharmProjects/Airflow-2/Airflow-2/.venv/lib/python3.10/site-packages/airflow/example_dags/example_xcomargs.py
[2024-12-06T23:31:05.123-0600] {processor.py:914} INFO - Processing file /home/m9d9v9/PycharmProjects/Airflow-2/Airflow-2/.venv/lib/python3.10/site-packages/airflow/example_dags/example_xcomargs.py for tasks to queue
[2024-12-06T23:31:05.125-0600] {logging_mixin.py:190} INFO - [2024-12-06T23:31:05.124-0600] {dagbag.py:588} INFO - Filling up the DagBag from /home/m9d9v9/PycharmProjects/Airflow-2/Airflow-2/.venv/lib/python3.10/site-packages/airflow/example_dags/example_xcomargs.py
[2024-12-06T23:31:05.144-0600] {processor.py:925} INFO - DAG(s) 'example_xcom_args', 'example_xcom_args_with_operators' retrieved from /home/m9d9v9/PycharmProjects/Airflow-2/Airflow-2/.venv/lib/python3.10/site-packages/airflow/example_dags/example_xcomargs.py
[2024-12-06T23:31:05.166-0600] {logging_mixin.py:190} INFO - [2024-12-06T23:31:05.166-0600] {dag.py:3239} INFO - Sync 2 DAGs
[2024-12-06T23:31:05.174-0600] {logging_mixin.py:190} INFO - [2024-12-06T23:31:05.174-0600] {dag.py:4180} INFO - Setting next_dagrun for example_xcom_args to None, run_after=None
[2024-12-06T23:31:05.175-0600] {logging_mixin.py:190} INFO - [2024-12-06T23:31:05.175-0600] {dag.py:4180} INFO - Setting next_dagrun for example_xcom_args_with_operators to None, run_after=None
[2024-12-06T23:31:05.186-0600] {processor.py:208} INFO - Processing /home/m9d9v9/PycharmProjects/Airflow-2/Airflow-2/.venv/lib/python3.10/site-packages/airflow/example_dags/example_xcomargs.py took 0.082 seconds
[2024-12-06T23:32:04.935-0600] {processor.py:186} INFO - Started process (PID=18016) to work on /home/m9d9v9/PycharmProjects/Airflow-2/Airflow-2/.venv/lib/python3.10/site-packages/airflow/example_dags/example_xcomargs.py
[2024-12-06T23:32:04.942-0600] {processor.py:914} INFO - Processing file /home/m9d9v9/PycharmProjects/Airflow-2/Airflow-2/.venv/lib/python3.10/site-packages/airflow/example_dags/example_xcomargs.py for tasks to queue
[2024-12-06T23:32:04.945-0600] {logging_mixin.py:190} INFO - [2024-12-06T23:32:04.944-0600] {dagbag.py:588} INFO - Filling up the DagBag from /home/m9d9v9/PycharmProjects/Airflow-2/Airflow-2/.venv/lib/python3.10/site-packages/airflow/example_dags/example_xcomargs.py
[2024-12-06T23:32:04.970-0600] {processor.py:925} INFO - DAG(s) 'example_xcom_args_with_operators', 'example_xcom_args' retrieved from /home/m9d9v9/PycharmProjects/Airflow-2/Airflow-2/.venv/lib/python3.10/site-packages/airflow/example_dags/example_xcomargs.py
[2024-12-06T23:32:04.994-0600] {logging_mixin.py:190} INFO - [2024-12-06T23:32:04.994-0600] {dag.py:3239} INFO - Sync 2 DAGs
[2024-12-06T23:32:05.002-0600] {logging_mixin.py:190} INFO - [2024-12-06T23:32:05.002-0600] {dag.py:4180} INFO - Setting next_dagrun for example_xcom_args to None, run_after=None
[2024-12-06T23:32:05.004-0600] {logging_mixin.py:190} INFO - [2024-12-06T23:32:05.004-0600] {dag.py:4180} INFO - Setting next_dagrun for example_xcom_args_with_operators to None, run_after=None
[2024-12-06T23:32:05.108-0600] {processor.py:208} INFO - Processing /home/m9d9v9/PycharmProjects/Airflow-2/Airflow-2/.venv/lib/python3.10/site-packages/airflow/example_dags/example_xcomargs.py took 0.184 seconds
[2024-12-06T23:33:00.793-0600] {processor.py:186} INFO - Started process (PID=18090) to work on /home/m9d9v9/PycharmProjects/Airflow-2/Airflow-2/.venv/lib/python3.10/site-packages/airflow/example_dags/example_xcomargs.py
[2024-12-06T23:33:00.800-0600] {processor.py:914} INFO - Processing file /home/m9d9v9/PycharmProjects/Airflow-2/Airflow-2/.venv/lib/python3.10/site-packages/airflow/example_dags/example_xcomargs.py for tasks to queue
[2024-12-06T23:33:00.803-0600] {logging_mixin.py:190} INFO - [2024-12-06T23:33:00.802-0600] {dagbag.py:588} INFO - Filling up the DagBag from /home/m9d9v9/PycharmProjects/Airflow-2/Airflow-2/.venv/lib/python3.10/site-packages/airflow/example_dags/example_xcomargs.py
[2024-12-06T23:33:00.822-0600] {processor.py:925} INFO - DAG(s) 'example_xcom_args', 'example_xcom_args_with_operators' retrieved from /home/m9d9v9/PycharmProjects/Airflow-2/Airflow-2/.venv/lib/python3.10/site-packages/airflow/example_dags/example_xcomargs.py
[2024-12-06T23:33:00.845-0600] {logging_mixin.py:190} INFO - [2024-12-06T23:33:00.845-0600] {dag.py:3239} INFO - Sync 2 DAGs
[2024-12-06T23:33:00.852-0600] {logging_mixin.py:190} INFO - [2024-12-06T23:33:00.852-0600] {dag.py:4180} INFO - Setting next_dagrun for example_xcom_args to None, run_after=None
[2024-12-06T23:33:00.854-0600] {logging_mixin.py:190} INFO - [2024-12-06T23:33:00.853-0600] {dag.py:4180} INFO - Setting next_dagrun for example_xcom_args_with_operators to None, run_after=None
[2024-12-06T23:33:00.865-0600] {processor.py:208} INFO - Processing /home/m9d9v9/PycharmProjects/Airflow-2/Airflow-2/.venv/lib/python3.10/site-packages/airflow/example_dags/example_xcomargs.py took 0.082 seconds
[2024-12-06T23:33:57.439-0600] {processor.py:186} INFO - Started process (PID=18158) to work on /home/m9d9v9/PycharmProjects/Airflow-2/Airflow-2/.venv/lib/python3.10/site-packages/airflow/example_dags/example_xcomargs.py
[2024-12-06T23:33:57.445-0600] {processor.py:914} INFO - Processing file /home/m9d9v9/PycharmProjects/Airflow-2/Airflow-2/.venv/lib/python3.10/site-packages/airflow/example_dags/example_xcomargs.py for tasks to queue
[2024-12-06T23:33:57.447-0600] {logging_mixin.py:190} INFO - [2024-12-06T23:33:57.446-0600] {dagbag.py:588} INFO - Filling up the DagBag from /home/m9d9v9/PycharmProjects/Airflow-2/Airflow-2/.venv/lib/python3.10/site-packages/airflow/example_dags/example_xcomargs.py
[2024-12-06T23:33:57.464-0600] {processor.py:925} INFO - DAG(s) 'example_xcom_args_with_operators', 'example_xcom_args' retrieved from /home/m9d9v9/PycharmProjects/Airflow-2/Airflow-2/.venv/lib/python3.10/site-packages/airflow/example_dags/example_xcomargs.py
[2024-12-06T23:33:57.491-0600] {logging_mixin.py:190} INFO - [2024-12-06T23:33:57.491-0600] {dag.py:3239} INFO - Sync 2 DAGs
[2024-12-06T23:33:57.499-0600] {logging_mixin.py:190} INFO - [2024-12-06T23:33:57.499-0600] {dag.py:4180} INFO - Setting next_dagrun for example_xcom_args to None, run_after=None
[2024-12-06T23:33:57.500-0600] {logging_mixin.py:190} INFO - [2024-12-06T23:33:57.500-0600] {dag.py:4180} INFO - Setting next_dagrun for example_xcom_args_with_operators to None, run_after=None
[2024-12-06T23:33:57.511-0600] {processor.py:208} INFO - Processing /home/m9d9v9/PycharmProjects/Airflow-2/Airflow-2/.venv/lib/python3.10/site-packages/airflow/example_dags/example_xcomargs.py took 0.082 seconds
[2024-12-06T23:34:57.318-0600] {processor.py:186} INFO - Started process (PID=18287) to work on /home/m9d9v9/PycharmProjects/Airflow-2/Airflow-2/.venv/lib/python3.10/site-packages/airflow/example_dags/example_xcomargs.py
[2024-12-06T23:34:57.325-0600] {processor.py:914} INFO - Processing file /home/m9d9v9/PycharmProjects/Airflow-2/Airflow-2/.venv/lib/python3.10/site-packages/airflow/example_dags/example_xcomargs.py for tasks to queue
[2024-12-06T23:34:57.327-0600] {logging_mixin.py:190} INFO - [2024-12-06T23:34:57.326-0600] {dagbag.py:588} INFO - Filling up the DagBag from /home/m9d9v9/PycharmProjects/Airflow-2/Airflow-2/.venv/lib/python3.10/site-packages/airflow/example_dags/example_xcomargs.py
[2024-12-06T23:34:57.337-0600] {processor.py:925} INFO - DAG(s) 'example_xcom_args_with_operators', 'example_xcom_args' retrieved from /home/m9d9v9/PycharmProjects/Airflow-2/Airflow-2/.venv/lib/python3.10/site-packages/airflow/example_dags/example_xcomargs.py
[2024-12-06T23:34:57.351-0600] {logging_mixin.py:190} INFO - [2024-12-06T23:34:57.350-0600] {dag.py:3239} INFO - Sync 2 DAGs
[2024-12-06T23:34:57.358-0600] {logging_mixin.py:190} INFO - [2024-12-06T23:34:57.358-0600] {dag.py:4180} INFO - Setting next_dagrun for example_xcom_args to None, run_after=None
[2024-12-06T23:34:57.359-0600] {logging_mixin.py:190} INFO - [2024-12-06T23:34:57.359-0600] {dag.py:4180} INFO - Setting next_dagrun for example_xcom_args_with_operators to None, run_after=None
[2024-12-06T23:34:57.372-0600] {processor.py:208} INFO - Processing /home/m9d9v9/PycharmProjects/Airflow-2/Airflow-2/.venv/lib/python3.10/site-packages/airflow/example_dags/example_xcomargs.py took 0.057 seconds
[2024-12-06T23:36:00.992-0600] {processor.py:186} INFO - Started process (PID=18367) to work on /home/m9d9v9/PycharmProjects/Airflow-2/Airflow-2/.venv/lib/python3.10/site-packages/airflow/example_dags/example_xcomargs.py
[2024-12-06T23:36:00.999-0600] {processor.py:914} INFO - Processing file /home/m9d9v9/PycharmProjects/Airflow-2/Airflow-2/.venv/lib/python3.10/site-packages/airflow/example_dags/example_xcomargs.py for tasks to queue
[2024-12-06T23:36:01.002-0600] {logging_mixin.py:190} INFO - [2024-12-06T23:36:01.001-0600] {dagbag.py:588} INFO - Filling up the DagBag from /home/m9d9v9/PycharmProjects/Airflow-2/Airflow-2/.venv/lib/python3.10/site-packages/airflow/example_dags/example_xcomargs.py
[2024-12-06T23:36:01.021-0600] {processor.py:925} INFO - DAG(s) 'example_xcom_args_with_operators', 'example_xcom_args' retrieved from /home/m9d9v9/PycharmProjects/Airflow-2/Airflow-2/.venv/lib/python3.10/site-packages/airflow/example_dags/example_xcomargs.py
[2024-12-06T23:36:01.043-0600] {logging_mixin.py:190} INFO - [2024-12-06T23:36:01.043-0600] {dag.py:3239} INFO - Sync 2 DAGs
[2024-12-06T23:36:01.140-0600] {logging_mixin.py:190} INFO - [2024-12-06T23:36:01.140-0600] {dag.py:4180} INFO - Setting next_dagrun for example_xcom_args to None, run_after=None
[2024-12-06T23:36:01.142-0600] {logging_mixin.py:190} INFO - [2024-12-06T23:36:01.142-0600] {dag.py:4180} INFO - Setting next_dagrun for example_xcom_args_with_operators to None, run_after=None
[2024-12-06T23:36:01.157-0600] {processor.py:208} INFO - Processing /home/m9d9v9/PycharmProjects/Airflow-2/Airflow-2/.venv/lib/python3.10/site-packages/airflow/example_dags/example_xcomargs.py took 0.176 seconds
[2024-12-06T23:37:02.370-0600] {processor.py:186} INFO - Started process (PID=18499) to work on /home/m9d9v9/PycharmProjects/Airflow-2/Airflow-2/.venv/lib/python3.10/site-packages/airflow/example_dags/example_xcomargs.py
[2024-12-06T23:37:02.372-0600] {processor.py:914} INFO - Processing file /home/m9d9v9/PycharmProjects/Airflow-2/Airflow-2/.venv/lib/python3.10/site-packages/airflow/example_dags/example_xcomargs.py for tasks to queue
[2024-12-06T23:37:02.375-0600] {logging_mixin.py:190} INFO - [2024-12-06T23:37:02.374-0600] {dagbag.py:588} INFO - Filling up the DagBag from /home/m9d9v9/PycharmProjects/Airflow-2/Airflow-2/.venv/lib/python3.10/site-packages/airflow/example_dags/example_xcomargs.py
[2024-12-06T23:37:02.391-0600] {processor.py:925} INFO - DAG(s) 'example_xcom_args', 'example_xcom_args_with_operators' retrieved from /home/m9d9v9/PycharmProjects/Airflow-2/Airflow-2/.venv/lib/python3.10/site-packages/airflow/example_dags/example_xcomargs.py
[2024-12-06T23:37:02.412-0600] {logging_mixin.py:190} INFO - [2024-12-06T23:37:02.411-0600] {dag.py:3239} INFO - Sync 2 DAGs
[2024-12-06T23:37:02.420-0600] {logging_mixin.py:190} INFO - [2024-12-06T23:37:02.420-0600] {dag.py:4180} INFO - Setting next_dagrun for example_xcom_args to None, run_after=None
[2024-12-06T23:37:02.422-0600] {logging_mixin.py:190} INFO - [2024-12-06T23:37:02.422-0600] {dag.py:4180} INFO - Setting next_dagrun for example_xcom_args_with_operators to None, run_after=None
[2024-12-06T23:37:02.534-0600] {processor.py:208} INFO - Processing /home/m9d9v9/PycharmProjects/Airflow-2/Airflow-2/.venv/lib/python3.10/site-packages/airflow/example_dags/example_xcomargs.py took 0.176 seconds
[2024-12-06T23:38:02.988-0600] {processor.py:186} INFO - Started process (PID=18761) to work on /home/m9d9v9/PycharmProjects/Airflow-2/Airflow-2/.venv/lib/python3.10/site-packages/airflow/example_dags/example_xcomargs.py
[2024-12-06T23:38:02.994-0600] {processor.py:914} INFO - Processing file /home/m9d9v9/PycharmProjects/Airflow-2/Airflow-2/.venv/lib/python3.10/site-packages/airflow/example_dags/example_xcomargs.py for tasks to queue
[2024-12-06T23:38:02.996-0600] {logging_mixin.py:190} INFO - [2024-12-06T23:38:02.995-0600] {dagbag.py:588} INFO - Filling up the DagBag from /home/m9d9v9/PycharmProjects/Airflow-2/Airflow-2/.venv/lib/python3.10/site-packages/airflow/example_dags/example_xcomargs.py
[2024-12-06T23:38:03.002-0600] {processor.py:925} INFO - DAG(s) 'example_xcom_args_with_operators', 'example_xcom_args' retrieved from /home/m9d9v9/PycharmProjects/Airflow-2/Airflow-2/.venv/lib/python3.10/site-packages/airflow/example_dags/example_xcomargs.py
[2024-12-06T23:38:03.013-0600] {logging_mixin.py:190} INFO - [2024-12-06T23:38:03.013-0600] {dag.py:3239} INFO - Sync 2 DAGs
[2024-12-06T23:38:03.020-0600] {logging_mixin.py:190} INFO - [2024-12-06T23:38:03.020-0600] {dag.py:4180} INFO - Setting next_dagrun for example_xcom_args to None, run_after=None
[2024-12-06T23:38:03.022-0600] {logging_mixin.py:190} INFO - [2024-12-06T23:38:03.022-0600] {dag.py:4180} INFO - Setting next_dagrun for example_xcom_args_with_operators to None, run_after=None
[2024-12-06T23:38:03.032-0600] {processor.py:208} INFO - Processing /home/m9d9v9/PycharmProjects/Airflow-2/Airflow-2/.venv/lib/python3.10/site-packages/airflow/example_dags/example_xcomargs.py took 0.047 seconds
[2024-12-06T23:39:09.795-0600] {processor.py:186} INFO - Started process (PID=18903) to work on /home/m9d9v9/PycharmProjects/Airflow-2/Airflow-2/.venv/lib/python3.10/site-packages/airflow/example_dags/example_xcomargs.py
[2024-12-06T23:39:09.801-0600] {processor.py:914} INFO - Processing file /home/m9d9v9/PycharmProjects/Airflow-2/Airflow-2/.venv/lib/python3.10/site-packages/airflow/example_dags/example_xcomargs.py for tasks to queue
[2024-12-06T23:39:09.802-0600] {logging_mixin.py:190} INFO - [2024-12-06T23:39:09.802-0600] {dagbag.py:588} INFO - Filling up the DagBag from /home/m9d9v9/PycharmProjects/Airflow-2/Airflow-2/.venv/lib/python3.10/site-packages/airflow/example_dags/example_xcomargs.py
[2024-12-06T23:39:09.814-0600] {processor.py:925} INFO - DAG(s) 'example_xcom_args', 'example_xcom_args_with_operators' retrieved from /home/m9d9v9/PycharmProjects/Airflow-2/Airflow-2/.venv/lib/python3.10/site-packages/airflow/example_dags/example_xcomargs.py
[2024-12-06T23:39:09.835-0600] {logging_mixin.py:190} INFO - [2024-12-06T23:39:09.834-0600] {dag.py:3239} INFO - Sync 2 DAGs
[2024-12-06T23:39:09.848-0600] {logging_mixin.py:190} INFO - [2024-12-06T23:39:09.848-0600] {dag.py:4180} INFO - Setting next_dagrun for example_xcom_args to None, run_after=None
[2024-12-06T23:39:09.851-0600] {logging_mixin.py:190} INFO - [2024-12-06T23:39:09.851-0600] {dag.py:4180} INFO - Setting next_dagrun for example_xcom_args_with_operators to None, run_after=None
[2024-12-06T23:39:09.862-0600] {processor.py:208} INFO - Processing /home/m9d9v9/PycharmProjects/Airflow-2/Airflow-2/.venv/lib/python3.10/site-packages/airflow/example_dags/example_xcomargs.py took 0.075 seconds
[2024-12-06T23:40:07.294-0600] {processor.py:186} INFO - Started process (PID=19198) to work on /home/m9d9v9/PycharmProjects/Airflow-2/Airflow-2/.venv/lib/python3.10/site-packages/airflow/example_dags/example_xcomargs.py
[2024-12-06T23:40:07.296-0600] {processor.py:914} INFO - Processing file /home/m9d9v9/PycharmProjects/Airflow-2/Airflow-2/.venv/lib/python3.10/site-packages/airflow/example_dags/example_xcomargs.py for tasks to queue
[2024-12-06T23:40:07.299-0600] {logging_mixin.py:190} INFO - [2024-12-06T23:40:07.298-0600] {dagbag.py:588} INFO - Filling up the DagBag from /home/m9d9v9/PycharmProjects/Airflow-2/Airflow-2/.venv/lib/python3.10/site-packages/airflow/example_dags/example_xcomargs.py
[2024-12-06T23:40:07.309-0600] {processor.py:925} INFO - DAG(s) 'example_xcom_args', 'example_xcom_args_with_operators' retrieved from /home/m9d9v9/PycharmProjects/Airflow-2/Airflow-2/.venv/lib/python3.10/site-packages/airflow/example_dags/example_xcomargs.py
[2024-12-06T23:40:07.332-0600] {logging_mixin.py:190} INFO - [2024-12-06T23:40:07.332-0600] {dag.py:3239} INFO - Sync 2 DAGs
[2024-12-06T23:40:07.354-0600] {logging_mixin.py:190} INFO - [2024-12-06T23:40:07.353-0600] {dag.py:4180} INFO - Setting next_dagrun for example_xcom_args to None, run_after=None
[2024-12-06T23:40:07.359-0600] {logging_mixin.py:190} INFO - [2024-12-06T23:40:07.358-0600] {dag.py:4180} INFO - Setting next_dagrun for example_xcom_args_with_operators to None, run_after=None
[2024-12-06T23:40:07.377-0600] {processor.py:208} INFO - Processing /home/m9d9v9/PycharmProjects/Airflow-2/Airflow-2/.venv/lib/python3.10/site-packages/airflow/example_dags/example_xcomargs.py took 0.087 seconds
[2024-12-06T23:41:02.430-0600] {processor.py:186} INFO - Started process (PID=19303) to work on /home/m9d9v9/PycharmProjects/Airflow-2/Airflow-2/.venv/lib/python3.10/site-packages/airflow/example_dags/example_xcomargs.py
[2024-12-06T23:41:02.436-0600] {processor.py:914} INFO - Processing file /home/m9d9v9/PycharmProjects/Airflow-2/Airflow-2/.venv/lib/python3.10/site-packages/airflow/example_dags/example_xcomargs.py for tasks to queue
[2024-12-06T23:41:02.437-0600] {logging_mixin.py:190} INFO - [2024-12-06T23:41:02.437-0600] {dagbag.py:588} INFO - Filling up the DagBag from /home/m9d9v9/PycharmProjects/Airflow-2/Airflow-2/.venv/lib/python3.10/site-packages/airflow/example_dags/example_xcomargs.py
[2024-12-06T23:41:02.450-0600] {processor.py:925} INFO - DAG(s) 'example_xcom_args', 'example_xcom_args_with_operators' retrieved from /home/m9d9v9/PycharmProjects/Airflow-2/Airflow-2/.venv/lib/python3.10/site-packages/airflow/example_dags/example_xcomargs.py
[2024-12-06T23:41:02.469-0600] {logging_mixin.py:190} INFO - [2024-12-06T23:41:02.469-0600] {dag.py:3239} INFO - Sync 2 DAGs
[2024-12-06T23:41:02.482-0600] {logging_mixin.py:190} INFO - [2024-12-06T23:41:02.482-0600] {dag.py:4180} INFO - Setting next_dagrun for example_xcom_args to None, run_after=None
[2024-12-06T23:41:02.484-0600] {logging_mixin.py:190} INFO - [2024-12-06T23:41:02.484-0600] {dag.py:4180} INFO - Setting next_dagrun for example_xcom_args_with_operators to None, run_after=None
[2024-12-06T23:41:02.498-0600] {processor.py:208} INFO - Processing /home/m9d9v9/PycharmProjects/Airflow-2/Airflow-2/.venv/lib/python3.10/site-packages/airflow/example_dags/example_xcomargs.py took 0.076 seconds
