[2024-12-06T22:19:17.501-0600] {processor.py:186} INFO - Started process (PID=12522) to work on /home/m9d9v9/PycharmProjects/Airflow-2/Airflow-2/.venv/lib/python3.10/site-packages/airflow/example_dags/example_branch_python_dop_operator_3.py
[2024-12-06T22:19:17.503-0600] {processor.py:914} INFO - Processing file /home/m9d9v9/PycharmProjects/Airflow-2/Airflow-2/.venv/lib/python3.10/site-packages/airflow/example_dags/example_branch_python_dop_operator_3.py for tasks to queue
[2024-12-06T22:19:17.504-0600] {logging_mixin.py:190} INFO - [2024-12-06T22:19:17.504-0600] {dagbag.py:588} INFO - Filling up the DagBag from /home/m9d9v9/PycharmProjects/Airflow-2/Airflow-2/.venv/lib/python3.10/site-packages/airflow/example_dags/example_branch_python_dop_operator_3.py
[2024-12-06T22:19:17.514-0600] {processor.py:925} INFO - DAG(s) 'example_branch_dop_operator_v3' retrieved from /home/m9d9v9/PycharmProjects/Airflow-2/Airflow-2/.venv/lib/python3.10/site-packages/airflow/example_dags/example_branch_python_dop_operator_3.py
[2024-12-06T22:19:17.588-0600] {logging_mixin.py:190} INFO - [2024-12-06T22:19:17.587-0600] {override.py:1911} INFO - Created Permission View: can edit on DAG:example_branch_dop_operator_v3
[2024-12-06T22:19:17.596-0600] {logging_mixin.py:190} INFO - [2024-12-06T22:19:17.596-0600] {override.py:1911} INFO - Created Permission View: can read on DAG:example_branch_dop_operator_v3
[2024-12-06T22:19:17.601-0600] {logging_mixin.py:190} INFO - [2024-12-06T22:19:17.601-0600] {override.py:1911} INFO - Created Permission View: can delete on DAG:example_branch_dop_operator_v3
[2024-12-06T22:19:17.609-0600] {logging_mixin.py:190} INFO - [2024-12-06T22:19:17.608-0600] {override.py:1911} INFO - Created Permission View: menu access on DAG Run:example_branch_dop_operator_v3
[2024-12-06T22:19:17.613-0600] {logging_mixin.py:190} INFO - [2024-12-06T22:19:17.613-0600] {override.py:1911} INFO - Created Permission View: can create on DAG Run:example_branch_dop_operator_v3
[2024-12-06T22:19:17.617-0600] {logging_mixin.py:190} INFO - [2024-12-06T22:19:17.617-0600] {override.py:1911} INFO - Created Permission View: can read on DAG Run:example_branch_dop_operator_v3
[2024-12-06T22:19:17.622-0600] {logging_mixin.py:190} INFO - [2024-12-06T22:19:17.622-0600] {override.py:1911} INFO - Created Permission View: can delete on DAG Run:example_branch_dop_operator_v3
[2024-12-06T22:19:17.622-0600] {logging_mixin.py:190} INFO - [2024-12-06T22:19:17.622-0600] {dag.py:3239} INFO - Sync 1 DAGs
[2024-12-06T22:19:17.630-0600] {logging_mixin.py:190} INFO - [2024-12-06T22:19:17.630-0600] {dag.py:3262} INFO - Creating ORM DAG for example_branch_dop_operator_v3
[2024-12-06T22:19:17.637-0600] {logging_mixin.py:190} INFO - [2024-12-06T22:19:17.637-0600] {dag.py:4180} INFO - Setting next_dagrun for example_branch_dop_operator_v3 to 2024-12-07 04:18:00+00:00, run_after=2024-12-07 04:19:00+00:00
[2024-12-06T22:19:17.653-0600] {processor.py:208} INFO - Processing /home/m9d9v9/PycharmProjects/Airflow-2/Airflow-2/.venv/lib/python3.10/site-packages/airflow/example_dags/example_branch_python_dop_operator_3.py took 0.157 seconds
[2024-12-06T22:20:16.188-0600] {processor.py:186} INFO - Started process (PID=12645) to work on /home/m9d9v9/PycharmProjects/Airflow-2/Airflow-2/.venv/lib/python3.10/site-packages/airflow/example_dags/example_branch_python_dop_operator_3.py
[2024-12-06T22:20:16.189-0600] {processor.py:914} INFO - Processing file /home/m9d9v9/PycharmProjects/Airflow-2/Airflow-2/.venv/lib/python3.10/site-packages/airflow/example_dags/example_branch_python_dop_operator_3.py for tasks to queue
[2024-12-06T22:20:16.191-0600] {logging_mixin.py:190} INFO - [2024-12-06T22:20:16.191-0600] {dagbag.py:588} INFO - Filling up the DagBag from /home/m9d9v9/PycharmProjects/Airflow-2/Airflow-2/.venv/lib/python3.10/site-packages/airflow/example_dags/example_branch_python_dop_operator_3.py
[2024-12-06T22:20:16.203-0600] {processor.py:925} INFO - DAG(s) 'example_branch_dop_operator_v3' retrieved from /home/m9d9v9/PycharmProjects/Airflow-2/Airflow-2/.venv/lib/python3.10/site-packages/airflow/example_dags/example_branch_python_dop_operator_3.py
[2024-12-06T22:20:16.222-0600] {logging_mixin.py:190} INFO - [2024-12-06T22:20:16.221-0600] {dag.py:3239} INFO - Sync 1 DAGs
[2024-12-06T22:20:16.238-0600] {logging_mixin.py:190} INFO - [2024-12-06T22:20:16.238-0600] {dag.py:4180} INFO - Setting next_dagrun for example_branch_dop_operator_v3 to 2024-12-07 04:19:00+00:00, run_after=2024-12-07 04:20:00+00:00
[2024-12-06T22:20:16.254-0600] {processor.py:208} INFO - Processing /home/m9d9v9/PycharmProjects/Airflow-2/Airflow-2/.venv/lib/python3.10/site-packages/airflow/example_dags/example_branch_python_dop_operator_3.py took 0.072 seconds
[2024-12-06T22:21:35.690-0600] {processor.py:186} INFO - Started process (PID=12751) to work on /home/m9d9v9/PycharmProjects/Airflow-2/Airflow-2/.venv/lib/python3.10/site-packages/airflow/example_dags/example_branch_python_dop_operator_3.py
[2024-12-06T22:21:35.697-0600] {processor.py:914} INFO - Processing file /home/m9d9v9/PycharmProjects/Airflow-2/Airflow-2/.venv/lib/python3.10/site-packages/airflow/example_dags/example_branch_python_dop_operator_3.py for tasks to queue
[2024-12-06T22:21:35.700-0600] {logging_mixin.py:190} INFO - [2024-12-06T22:21:35.700-0600] {dagbag.py:588} INFO - Filling up the DagBag from /home/m9d9v9/PycharmProjects/Airflow-2/Airflow-2/.venv/lib/python3.10/site-packages/airflow/example_dags/example_branch_python_dop_operator_3.py
[2024-12-06T22:21:35.724-0600] {processor.py:925} INFO - DAG(s) 'example_branch_dop_operator_v3' retrieved from /home/m9d9v9/PycharmProjects/Airflow-2/Airflow-2/.venv/lib/python3.10/site-packages/airflow/example_dags/example_branch_python_dop_operator_3.py
[2024-12-06T22:21:35.744-0600] {logging_mixin.py:190} INFO - [2024-12-06T22:21:35.744-0600] {dag.py:3239} INFO - Sync 1 DAGs
[2024-12-06T22:21:35.760-0600] {logging_mixin.py:190} INFO - [2024-12-06T22:21:35.760-0600] {dag.py:4180} INFO - Setting next_dagrun for example_branch_dop_operator_v3 to 2024-12-07 04:20:00+00:00, run_after=2024-12-07 04:21:00+00:00
[2024-12-06T22:21:35.772-0600] {processor.py:208} INFO - Processing /home/m9d9v9/PycharmProjects/Airflow-2/Airflow-2/.venv/lib/python3.10/site-packages/airflow/example_dags/example_branch_python_dop_operator_3.py took 0.096 seconds
[2024-12-06T22:22:32.664-0600] {processor.py:186} INFO - Started process (PID=12858) to work on /home/m9d9v9/PycharmProjects/Airflow-2/Airflow-2/.venv/lib/python3.10/site-packages/airflow/example_dags/example_branch_python_dop_operator_3.py
[2024-12-06T22:22:32.671-0600] {processor.py:914} INFO - Processing file /home/m9d9v9/PycharmProjects/Airflow-2/Airflow-2/.venv/lib/python3.10/site-packages/airflow/example_dags/example_branch_python_dop_operator_3.py for tasks to queue
[2024-12-06T22:22:32.673-0600] {logging_mixin.py:190} INFO - [2024-12-06T22:22:32.672-0600] {dagbag.py:588} INFO - Filling up the DagBag from /home/m9d9v9/PycharmProjects/Airflow-2/Airflow-2/.venv/lib/python3.10/site-packages/airflow/example_dags/example_branch_python_dop_operator_3.py
[2024-12-06T22:22:32.691-0600] {processor.py:925} INFO - DAG(s) 'example_branch_dop_operator_v3' retrieved from /home/m9d9v9/PycharmProjects/Airflow-2/Airflow-2/.venv/lib/python3.10/site-packages/airflow/example_dags/example_branch_python_dop_operator_3.py
[2024-12-06T22:22:32.713-0600] {logging_mixin.py:190} INFO - [2024-12-06T22:22:32.713-0600] {dag.py:3239} INFO - Sync 1 DAGs
[2024-12-06T22:22:32.732-0600] {logging_mixin.py:190} INFO - [2024-12-06T22:22:32.732-0600] {dag.py:4180} INFO - Setting next_dagrun for example_branch_dop_operator_v3 to 2024-12-07 04:21:00+00:00, run_after=2024-12-07 04:22:00+00:00
[2024-12-06T22:22:32.748-0600] {processor.py:208} INFO - Processing /home/m9d9v9/PycharmProjects/Airflow-2/Airflow-2/.venv/lib/python3.10/site-packages/airflow/example_dags/example_branch_python_dop_operator_3.py took 0.091 seconds
[2024-12-06T22:23:49.268-0600] {processor.py:186} INFO - Started process (PID=12985) to work on /home/m9d9v9/PycharmProjects/Airflow-2/Airflow-2/.venv/lib/python3.10/site-packages/airflow/example_dags/example_branch_python_dop_operator_3.py
[2024-12-06T22:23:49.270-0600] {processor.py:914} INFO - Processing file /home/m9d9v9/PycharmProjects/Airflow-2/Airflow-2/.venv/lib/python3.10/site-packages/airflow/example_dags/example_branch_python_dop_operator_3.py for tasks to queue
[2024-12-06T22:23:49.273-0600] {logging_mixin.py:190} INFO - [2024-12-06T22:23:49.272-0600] {dagbag.py:588} INFO - Filling up the DagBag from /home/m9d9v9/PycharmProjects/Airflow-2/Airflow-2/.venv/lib/python3.10/site-packages/airflow/example_dags/example_branch_python_dop_operator_3.py
[2024-12-06T22:23:49.297-0600] {processor.py:925} INFO - DAG(s) 'example_branch_dop_operator_v3' retrieved from /home/m9d9v9/PycharmProjects/Airflow-2/Airflow-2/.venv/lib/python3.10/site-packages/airflow/example_dags/example_branch_python_dop_operator_3.py
[2024-12-06T22:23:49.312-0600] {logging_mixin.py:190} INFO - [2024-12-06T22:23:49.312-0600] {dag.py:3239} INFO - Sync 1 DAGs
[2024-12-06T22:23:49.329-0600] {logging_mixin.py:190} INFO - [2024-12-06T22:23:49.328-0600] {dag.py:4180} INFO - Setting next_dagrun for example_branch_dop_operator_v3 to 2024-12-07 04:22:00+00:00, run_after=2024-12-07 04:23:00+00:00
[2024-12-06T22:23:49.343-0600] {processor.py:208} INFO - Processing /home/m9d9v9/PycharmProjects/Airflow-2/Airflow-2/.venv/lib/python3.10/site-packages/airflow/example_dags/example_branch_python_dop_operator_3.py took 0.087 seconds
[2024-12-06T22:24:46.393-0600] {processor.py:186} INFO - Started process (PID=13059) to work on /home/m9d9v9/PycharmProjects/Airflow-2/Airflow-2/.venv/lib/python3.10/site-packages/airflow/example_dags/example_branch_python_dop_operator_3.py
[2024-12-06T22:24:46.400-0600] {processor.py:914} INFO - Processing file /home/m9d9v9/PycharmProjects/Airflow-2/Airflow-2/.venv/lib/python3.10/site-packages/airflow/example_dags/example_branch_python_dop_operator_3.py for tasks to queue
[2024-12-06T22:24:46.402-0600] {logging_mixin.py:190} INFO - [2024-12-06T22:24:46.402-0600] {dagbag.py:588} INFO - Filling up the DagBag from /home/m9d9v9/PycharmProjects/Airflow-2/Airflow-2/.venv/lib/python3.10/site-packages/airflow/example_dags/example_branch_python_dop_operator_3.py
[2024-12-06T22:24:46.426-0600] {processor.py:925} INFO - DAG(s) 'example_branch_dop_operator_v3' retrieved from /home/m9d9v9/PycharmProjects/Airflow-2/Airflow-2/.venv/lib/python3.10/site-packages/airflow/example_dags/example_branch_python_dop_operator_3.py
[2024-12-06T22:24:46.444-0600] {logging_mixin.py:190} INFO - [2024-12-06T22:24:46.444-0600] {dag.py:3239} INFO - Sync 1 DAGs
[2024-12-06T22:24:46.460-0600] {logging_mixin.py:190} INFO - [2024-12-06T22:24:46.459-0600] {dag.py:4180} INFO - Setting next_dagrun for example_branch_dop_operator_v3 to 2024-12-07 04:23:00+00:00, run_after=2024-12-07 04:24:00+00:00
[2024-12-06T22:24:46.481-0600] {processor.py:208} INFO - Processing /home/m9d9v9/PycharmProjects/Airflow-2/Airflow-2/.venv/lib/python3.10/site-packages/airflow/example_dags/example_branch_python_dop_operator_3.py took 0.099 seconds
[2024-12-06T22:25:44.603-0600] {processor.py:186} INFO - Started process (PID=13144) to work on /home/m9d9v9/PycharmProjects/Airflow-2/Airflow-2/.venv/lib/python3.10/site-packages/airflow/example_dags/example_branch_python_dop_operator_3.py
[2024-12-06T22:25:44.609-0600] {processor.py:914} INFO - Processing file /home/m9d9v9/PycharmProjects/Airflow-2/Airflow-2/.venv/lib/python3.10/site-packages/airflow/example_dags/example_branch_python_dop_operator_3.py for tasks to queue
[2024-12-06T22:25:44.611-0600] {logging_mixin.py:190} INFO - [2024-12-06T22:25:44.611-0600] {dagbag.py:588} INFO - Filling up the DagBag from /home/m9d9v9/PycharmProjects/Airflow-2/Airflow-2/.venv/lib/python3.10/site-packages/airflow/example_dags/example_branch_python_dop_operator_3.py
[2024-12-06T22:25:44.620-0600] {processor.py:925} INFO - DAG(s) 'example_branch_dop_operator_v3' retrieved from /home/m9d9v9/PycharmProjects/Airflow-2/Airflow-2/.venv/lib/python3.10/site-packages/airflow/example_dags/example_branch_python_dop_operator_3.py
[2024-12-06T22:25:44.632-0600] {logging_mixin.py:190} INFO - [2024-12-06T22:25:44.631-0600] {dag.py:3239} INFO - Sync 1 DAGs
[2024-12-06T22:25:44.648-0600] {logging_mixin.py:190} INFO - [2024-12-06T22:25:44.648-0600] {dag.py:4180} INFO - Setting next_dagrun for example_branch_dop_operator_v3 to 2024-12-07 04:24:00+00:00, run_after=2024-12-07 04:25:00+00:00
[2024-12-06T22:25:44.663-0600] {processor.py:208} INFO - Processing /home/m9d9v9/PycharmProjects/Airflow-2/Airflow-2/.venv/lib/python3.10/site-packages/airflow/example_dags/example_branch_python_dop_operator_3.py took 0.065 seconds
[2024-12-06T22:26:40.980-0600] {processor.py:186} INFO - Started process (PID=13223) to work on /home/m9d9v9/PycharmProjects/Airflow-2/Airflow-2/.venv/lib/python3.10/site-packages/airflow/example_dags/example_branch_python_dop_operator_3.py
[2024-12-06T22:26:40.986-0600] {processor.py:914} INFO - Processing file /home/m9d9v9/PycharmProjects/Airflow-2/Airflow-2/.venv/lib/python3.10/site-packages/airflow/example_dags/example_branch_python_dop_operator_3.py for tasks to queue
[2024-12-06T22:26:40.987-0600] {logging_mixin.py:190} INFO - [2024-12-06T22:26:40.987-0600] {dagbag.py:588} INFO - Filling up the DagBag from /home/m9d9v9/PycharmProjects/Airflow-2/Airflow-2/.venv/lib/python3.10/site-packages/airflow/example_dags/example_branch_python_dop_operator_3.py
[2024-12-06T22:26:40.998-0600] {processor.py:925} INFO - DAG(s) 'example_branch_dop_operator_v3' retrieved from /home/m9d9v9/PycharmProjects/Airflow-2/Airflow-2/.venv/lib/python3.10/site-packages/airflow/example_dags/example_branch_python_dop_operator_3.py
[2024-12-06T22:26:41.011-0600] {logging_mixin.py:190} INFO - [2024-12-06T22:26:41.011-0600] {dag.py:3239} INFO - Sync 1 DAGs
[2024-12-06T22:26:41.033-0600] {logging_mixin.py:190} INFO - [2024-12-06T22:26:41.033-0600] {dag.py:4180} INFO - Setting next_dagrun for example_branch_dop_operator_v3 to 2024-12-07 04:25:00+00:00, run_after=2024-12-07 04:26:00+00:00
[2024-12-06T22:26:41.048-0600] {processor.py:208} INFO - Processing /home/m9d9v9/PycharmProjects/Airflow-2/Airflow-2/.venv/lib/python3.10/site-packages/airflow/example_dags/example_branch_python_dop_operator_3.py took 0.073 seconds
[2024-12-06T22:37:36.349-0600] {processor.py:186} INFO - Started process (PID=14663) to work on /home/m9d9v9/PycharmProjects/Airflow-2/Airflow-2/.venv/lib/python3.10/site-packages/airflow/example_dags/example_branch_python_dop_operator_3.py
[2024-12-06T22:37:36.356-0600] {processor.py:914} INFO - Processing file /home/m9d9v9/PycharmProjects/Airflow-2/Airflow-2/.venv/lib/python3.10/site-packages/airflow/example_dags/example_branch_python_dop_operator_3.py for tasks to queue
[2024-12-06T22:37:36.360-0600] {logging_mixin.py:190} INFO - [2024-12-06T22:37:36.359-0600] {dagbag.py:588} INFO - Filling up the DagBag from /home/m9d9v9/PycharmProjects/Airflow-2/Airflow-2/.venv/lib/python3.10/site-packages/airflow/example_dags/example_branch_python_dop_operator_3.py
[2024-12-06T22:37:36.382-0600] {processor.py:925} INFO - DAG(s) 'example_branch_dop_operator_v3' retrieved from /home/m9d9v9/PycharmProjects/Airflow-2/Airflow-2/.venv/lib/python3.10/site-packages/airflow/example_dags/example_branch_python_dop_operator_3.py
[2024-12-06T22:37:36.400-0600] {logging_mixin.py:190} INFO - [2024-12-06T22:37:36.400-0600] {dag.py:3239} INFO - Sync 1 DAGs
[2024-12-06T22:37:36.415-0600] {logging_mixin.py:190} INFO - [2024-12-06T22:37:36.415-0600] {dag.py:4180} INFO - Setting next_dagrun for example_branch_dop_operator_v3 to 2024-12-07 04:36:00+00:00, run_after=2024-12-07 04:37:00+00:00
[2024-12-06T22:37:36.427-0600] {processor.py:208} INFO - Processing /home/m9d9v9/PycharmProjects/Airflow-2/Airflow-2/.venv/lib/python3.10/site-packages/airflow/example_dags/example_branch_python_dop_operator_3.py took 0.091 seconds
[2024-12-06T22:38:34.202-0600] {processor.py:186} INFO - Started process (PID=14769) to work on /home/m9d9v9/PycharmProjects/Airflow-2/Airflow-2/.venv/lib/python3.10/site-packages/airflow/example_dags/example_branch_python_dop_operator_3.py
[2024-12-06T22:38:34.204-0600] {processor.py:914} INFO - Processing file /home/m9d9v9/PycharmProjects/Airflow-2/Airflow-2/.venv/lib/python3.10/site-packages/airflow/example_dags/example_branch_python_dop_operator_3.py for tasks to queue
[2024-12-06T22:38:34.206-0600] {logging_mixin.py:190} INFO - [2024-12-06T22:38:34.206-0600] {dagbag.py:588} INFO - Filling up the DagBag from /home/m9d9v9/PycharmProjects/Airflow-2/Airflow-2/.venv/lib/python3.10/site-packages/airflow/example_dags/example_branch_python_dop_operator_3.py
[2024-12-06T22:38:34.219-0600] {processor.py:925} INFO - DAG(s) 'example_branch_dop_operator_v3' retrieved from /home/m9d9v9/PycharmProjects/Airflow-2/Airflow-2/.venv/lib/python3.10/site-packages/airflow/example_dags/example_branch_python_dop_operator_3.py
[2024-12-06T22:38:34.242-0600] {logging_mixin.py:190} INFO - [2024-12-06T22:38:34.241-0600] {dag.py:3239} INFO - Sync 1 DAGs
[2024-12-06T22:38:34.263-0600] {logging_mixin.py:190} INFO - [2024-12-06T22:38:34.262-0600] {dag.py:4180} INFO - Setting next_dagrun for example_branch_dop_operator_v3 to 2024-12-07 04:37:00+00:00, run_after=2024-12-07 04:38:00+00:00
[2024-12-06T22:38:34.279-0600] {processor.py:208} INFO - Processing /home/m9d9v9/PycharmProjects/Airflow-2/Airflow-2/.venv/lib/python3.10/site-packages/airflow/example_dags/example_branch_python_dop_operator_3.py took 0.086 seconds
[2024-12-06T22:39:32.434-0600] {processor.py:186} INFO - Started process (PID=14938) to work on /home/m9d9v9/PycharmProjects/Airflow-2/Airflow-2/.venv/lib/python3.10/site-packages/airflow/example_dags/example_branch_python_dop_operator_3.py
[2024-12-06T22:39:32.440-0600] {processor.py:914} INFO - Processing file /home/m9d9v9/PycharmProjects/Airflow-2/Airflow-2/.venv/lib/python3.10/site-packages/airflow/example_dags/example_branch_python_dop_operator_3.py for tasks to queue
[2024-12-06T22:39:32.442-0600] {logging_mixin.py:190} INFO - [2024-12-06T22:39:32.442-0600] {dagbag.py:588} INFO - Filling up the DagBag from /home/m9d9v9/PycharmProjects/Airflow-2/Airflow-2/.venv/lib/python3.10/site-packages/airflow/example_dags/example_branch_python_dop_operator_3.py
[2024-12-06T22:39:32.450-0600] {processor.py:925} INFO - DAG(s) 'example_branch_dop_operator_v3' retrieved from /home/m9d9v9/PycharmProjects/Airflow-2/Airflow-2/.venv/lib/python3.10/site-packages/airflow/example_dags/example_branch_python_dop_operator_3.py
[2024-12-06T22:39:32.462-0600] {logging_mixin.py:190} INFO - [2024-12-06T22:39:32.462-0600] {dag.py:3239} INFO - Sync 1 DAGs
[2024-12-06T22:39:32.478-0600] {logging_mixin.py:190} INFO - [2024-12-06T22:39:32.478-0600] {dag.py:4180} INFO - Setting next_dagrun for example_branch_dop_operator_v3 to 2024-12-07 04:38:00+00:00, run_after=2024-12-07 04:39:00+00:00
[2024-12-06T22:39:32.493-0600] {processor.py:208} INFO - Processing /home/m9d9v9/PycharmProjects/Airflow-2/Airflow-2/.venv/lib/python3.10/site-packages/airflow/example_dags/example_branch_python_dop_operator_3.py took 0.064 seconds
[2024-12-06T22:40:32.214-0600] {processor.py:186} INFO - Started process (PID=15064) to work on /home/m9d9v9/PycharmProjects/Airflow-2/Airflow-2/.venv/lib/python3.10/site-packages/airflow/example_dags/example_branch_python_dop_operator_3.py
[2024-12-06T22:40:32.222-0600] {processor.py:914} INFO - Processing file /home/m9d9v9/PycharmProjects/Airflow-2/Airflow-2/.venv/lib/python3.10/site-packages/airflow/example_dags/example_branch_python_dop_operator_3.py for tasks to queue
[2024-12-06T22:40:32.227-0600] {logging_mixin.py:190} INFO - [2024-12-06T22:40:32.226-0600] {dagbag.py:588} INFO - Filling up the DagBag from /home/m9d9v9/PycharmProjects/Airflow-2/Airflow-2/.venv/lib/python3.10/site-packages/airflow/example_dags/example_branch_python_dop_operator_3.py
[2024-12-06T22:40:32.254-0600] {processor.py:925} INFO - DAG(s) 'example_branch_dop_operator_v3' retrieved from /home/m9d9v9/PycharmProjects/Airflow-2/Airflow-2/.venv/lib/python3.10/site-packages/airflow/example_dags/example_branch_python_dop_operator_3.py
[2024-12-06T22:40:32.266-0600] {logging_mixin.py:190} INFO - [2024-12-06T22:40:32.266-0600] {dag.py:3239} INFO - Sync 1 DAGs
[2024-12-06T22:40:32.282-0600] {logging_mixin.py:190} INFO - [2024-12-06T22:40:32.281-0600] {dag.py:4180} INFO - Setting next_dagrun for example_branch_dop_operator_v3 to 2024-12-07 04:39:00+00:00, run_after=2024-12-07 04:40:00+00:00
[2024-12-06T22:40:32.297-0600] {processor.py:208} INFO - Processing /home/m9d9v9/PycharmProjects/Airflow-2/Airflow-2/.venv/lib/python3.10/site-packages/airflow/example_dags/example_branch_python_dop_operator_3.py took 0.100 seconds
[2024-12-06T23:25:43.538-0600] {processor.py:186} INFO - Started process (PID=17341) to work on /home/m9d9v9/PycharmProjects/Airflow-2/Airflow-2/.venv/lib/python3.10/site-packages/airflow/example_dags/example_branch_python_dop_operator_3.py
[2024-12-06T23:25:43.545-0600] {processor.py:914} INFO - Processing file /home/m9d9v9/PycharmProjects/Airflow-2/Airflow-2/.venv/lib/python3.10/site-packages/airflow/example_dags/example_branch_python_dop_operator_3.py for tasks to queue
[2024-12-06T23:25:43.549-0600] {logging_mixin.py:190} INFO - [2024-12-06T23:25:43.548-0600] {dagbag.py:588} INFO - Filling up the DagBag from /home/m9d9v9/PycharmProjects/Airflow-2/Airflow-2/.venv/lib/python3.10/site-packages/airflow/example_dags/example_branch_python_dop_operator_3.py
[2024-12-06T23:25:43.571-0600] {processor.py:925} INFO - DAG(s) 'example_branch_dop_operator_v3' retrieved from /home/m9d9v9/PycharmProjects/Airflow-2/Airflow-2/.venv/lib/python3.10/site-packages/airflow/example_dags/example_branch_python_dop_operator_3.py
[2024-12-06T23:25:43.590-0600] {logging_mixin.py:190} INFO - [2024-12-06T23:25:43.590-0600] {dag.py:3239} INFO - Sync 1 DAGs
[2024-12-06T23:25:43.604-0600] {logging_mixin.py:190} INFO - [2024-12-06T23:25:43.604-0600] {dag.py:4180} INFO - Setting next_dagrun for example_branch_dop_operator_v3 to 2024-12-07 05:24:00+00:00, run_after=2024-12-07 05:25:00+00:00
[2024-12-06T23:25:43.615-0600] {processor.py:208} INFO - Processing /home/m9d9v9/PycharmProjects/Airflow-2/Airflow-2/.venv/lib/python3.10/site-packages/airflow/example_dags/example_branch_python_dop_operator_3.py took 0.086 seconds
[2024-12-06T23:26:41.580-0600] {processor.py:186} INFO - Started process (PID=17425) to work on /home/m9d9v9/PycharmProjects/Airflow-2/Airflow-2/.venv/lib/python3.10/site-packages/airflow/example_dags/example_branch_python_dop_operator_3.py
[2024-12-06T23:26:41.586-0600] {processor.py:914} INFO - Processing file /home/m9d9v9/PycharmProjects/Airflow-2/Airflow-2/.venv/lib/python3.10/site-packages/airflow/example_dags/example_branch_python_dop_operator_3.py for tasks to queue
[2024-12-06T23:26:41.588-0600] {logging_mixin.py:190} INFO - [2024-12-06T23:26:41.588-0600] {dagbag.py:588} INFO - Filling up the DagBag from /home/m9d9v9/PycharmProjects/Airflow-2/Airflow-2/.venv/lib/python3.10/site-packages/airflow/example_dags/example_branch_python_dop_operator_3.py
[2024-12-06T23:26:41.606-0600] {processor.py:925} INFO - DAG(s) 'example_branch_dop_operator_v3' retrieved from /home/m9d9v9/PycharmProjects/Airflow-2/Airflow-2/.venv/lib/python3.10/site-packages/airflow/example_dags/example_branch_python_dop_operator_3.py
[2024-12-06T23:26:41.630-0600] {logging_mixin.py:190} INFO - [2024-12-06T23:26:41.630-0600] {dag.py:3239} INFO - Sync 1 DAGs
[2024-12-06T23:26:41.643-0600] {logging_mixin.py:190} INFO - [2024-12-06T23:26:41.643-0600] {dag.py:4180} INFO - Setting next_dagrun for example_branch_dop_operator_v3 to 2024-12-07 05:25:00+00:00, run_after=2024-12-07 05:26:00+00:00
[2024-12-06T23:26:41.654-0600] {processor.py:208} INFO - Processing /home/m9d9v9/PycharmProjects/Airflow-2/Airflow-2/.venv/lib/python3.10/site-packages/airflow/example_dags/example_branch_python_dop_operator_3.py took 0.084 seconds
[2024-12-06T23:27:38.414-0600] {processor.py:186} INFO - Started process (PID=17498) to work on /home/m9d9v9/PycharmProjects/Airflow-2/Airflow-2/.venv/lib/python3.10/site-packages/airflow/example_dags/example_branch_python_dop_operator_3.py
[2024-12-06T23:27:38.420-0600] {processor.py:914} INFO - Processing file /home/m9d9v9/PycharmProjects/Airflow-2/Airflow-2/.venv/lib/python3.10/site-packages/airflow/example_dags/example_branch_python_dop_operator_3.py for tasks to queue
[2024-12-06T23:27:38.421-0600] {logging_mixin.py:190} INFO - [2024-12-06T23:27:38.421-0600] {dagbag.py:588} INFO - Filling up the DagBag from /home/m9d9v9/PycharmProjects/Airflow-2/Airflow-2/.venv/lib/python3.10/site-packages/airflow/example_dags/example_branch_python_dop_operator_3.py
[2024-12-06T23:27:38.428-0600] {processor.py:925} INFO - DAG(s) 'example_branch_dop_operator_v3' retrieved from /home/m9d9v9/PycharmProjects/Airflow-2/Airflow-2/.venv/lib/python3.10/site-packages/airflow/example_dags/example_branch_python_dop_operator_3.py
[2024-12-06T23:27:38.437-0600] {logging_mixin.py:190} INFO - [2024-12-06T23:27:38.437-0600] {dag.py:3239} INFO - Sync 1 DAGs
[2024-12-06T23:27:38.451-0600] {logging_mixin.py:190} INFO - [2024-12-06T23:27:38.451-0600] {dag.py:4180} INFO - Setting next_dagrun for example_branch_dop_operator_v3 to 2024-12-07 05:26:00+00:00, run_after=2024-12-07 05:27:00+00:00
[2024-12-06T23:27:38.462-0600] {processor.py:208} INFO - Processing /home/m9d9v9/PycharmProjects/Airflow-2/Airflow-2/.venv/lib/python3.10/site-packages/airflow/example_dags/example_branch_python_dop_operator_3.py took 0.052 seconds
[2024-12-06T23:28:36.350-0600] {processor.py:186} INFO - Started process (PID=17599) to work on /home/m9d9v9/PycharmProjects/Airflow-2/Airflow-2/.venv/lib/python3.10/site-packages/airflow/example_dags/example_branch_python_dop_operator_3.py
[2024-12-06T23:28:36.351-0600] {processor.py:914} INFO - Processing file /home/m9d9v9/PycharmProjects/Airflow-2/Airflow-2/.venv/lib/python3.10/site-packages/airflow/example_dags/example_branch_python_dop_operator_3.py for tasks to queue
[2024-12-06T23:28:36.352-0600] {logging_mixin.py:190} INFO - [2024-12-06T23:28:36.352-0600] {dagbag.py:588} INFO - Filling up the DagBag from /home/m9d9v9/PycharmProjects/Airflow-2/Airflow-2/.venv/lib/python3.10/site-packages/airflow/example_dags/example_branch_python_dop_operator_3.py
[2024-12-06T23:28:36.360-0600] {processor.py:925} INFO - DAG(s) 'example_branch_dop_operator_v3' retrieved from /home/m9d9v9/PycharmProjects/Airflow-2/Airflow-2/.venv/lib/python3.10/site-packages/airflow/example_dags/example_branch_python_dop_operator_3.py
[2024-12-06T23:28:36.373-0600] {logging_mixin.py:190} INFO - [2024-12-06T23:28:36.373-0600] {dag.py:3239} INFO - Sync 1 DAGs
[2024-12-06T23:28:36.391-0600] {logging_mixin.py:190} INFO - [2024-12-06T23:28:36.391-0600] {dag.py:4180} INFO - Setting next_dagrun for example_branch_dop_operator_v3 to 2024-12-07 05:27:00+00:00, run_after=2024-12-07 05:28:00+00:00
[2024-12-06T23:28:36.405-0600] {processor.py:208} INFO - Processing /home/m9d9v9/PycharmProjects/Airflow-2/Airflow-2/.venv/lib/python3.10/site-packages/airflow/example_dags/example_branch_python_dop_operator_3.py took 0.059 seconds
[2024-12-06T23:30:00.560-0600] {processor.py:186} INFO - Started process (PID=17778) to work on /home/m9d9v9/PycharmProjects/Airflow-2/Airflow-2/.venv/lib/python3.10/site-packages/airflow/example_dags/example_branch_python_dop_operator_3.py
[2024-12-06T23:30:00.567-0600] {processor.py:914} INFO - Processing file /home/m9d9v9/PycharmProjects/Airflow-2/Airflow-2/.venv/lib/python3.10/site-packages/airflow/example_dags/example_branch_python_dop_operator_3.py for tasks to queue
[2024-12-06T23:30:00.569-0600] {logging_mixin.py:190} INFO - [2024-12-06T23:30:00.568-0600] {dagbag.py:588} INFO - Filling up the DagBag from /home/m9d9v9/PycharmProjects/Airflow-2/Airflow-2/.venv/lib/python3.10/site-packages/airflow/example_dags/example_branch_python_dop_operator_3.py
[2024-12-06T23:30:00.590-0600] {processor.py:925} INFO - DAG(s) 'example_branch_dop_operator_v3' retrieved from /home/m9d9v9/PycharmProjects/Airflow-2/Airflow-2/.venv/lib/python3.10/site-packages/airflow/example_dags/example_branch_python_dop_operator_3.py
[2024-12-06T23:30:00.610-0600] {logging_mixin.py:190} INFO - [2024-12-06T23:30:00.610-0600] {dag.py:3239} INFO - Sync 1 DAGs
[2024-12-06T23:30:00.623-0600] {logging_mixin.py:190} INFO - [2024-12-06T23:30:00.623-0600] {dag.py:4180} INFO - Setting next_dagrun for example_branch_dop_operator_v3 to 2024-12-07 05:29:00+00:00, run_after=2024-12-07 05:30:00+00:00
[2024-12-06T23:30:00.635-0600] {processor.py:208} INFO - Processing /home/m9d9v9/PycharmProjects/Airflow-2/Airflow-2/.venv/lib/python3.10/site-packages/airflow/example_dags/example_branch_python_dop_operator_3.py took 0.088 seconds
[2024-12-06T23:31:24.810-0600] {processor.py:186} INFO - Started process (PID=17932) to work on /home/m9d9v9/PycharmProjects/Airflow-2/Airflow-2/.venv/lib/python3.10/site-packages/airflow/example_dags/example_branch_python_dop_operator_3.py
[2024-12-06T23:31:24.817-0600] {processor.py:914} INFO - Processing file /home/m9d9v9/PycharmProjects/Airflow-2/Airflow-2/.venv/lib/python3.10/site-packages/airflow/example_dags/example_branch_python_dop_operator_3.py for tasks to queue
[2024-12-06T23:31:24.819-0600] {logging_mixin.py:190} INFO - [2024-12-06T23:31:24.818-0600] {dagbag.py:588} INFO - Filling up the DagBag from /home/m9d9v9/PycharmProjects/Airflow-2/Airflow-2/.venv/lib/python3.10/site-packages/airflow/example_dags/example_branch_python_dop_operator_3.py
[2024-12-06T23:31:24.835-0600] {processor.py:925} INFO - DAG(s) 'example_branch_dop_operator_v3' retrieved from /home/m9d9v9/PycharmProjects/Airflow-2/Airflow-2/.venv/lib/python3.10/site-packages/airflow/example_dags/example_branch_python_dop_operator_3.py
[2024-12-06T23:31:24.845-0600] {logging_mixin.py:190} INFO - [2024-12-06T23:31:24.844-0600] {dag.py:3239} INFO - Sync 1 DAGs
[2024-12-06T23:31:24.863-0600] {logging_mixin.py:190} INFO - [2024-12-06T23:31:24.863-0600] {dag.py:4180} INFO - Setting next_dagrun for example_branch_dop_operator_v3 to 2024-12-07 05:30:00+00:00, run_after=2024-12-07 05:31:00+00:00
[2024-12-06T23:31:24.875-0600] {processor.py:208} INFO - Processing /home/m9d9v9/PycharmProjects/Airflow-2/Airflow-2/.venv/lib/python3.10/site-packages/airflow/example_dags/example_branch_python_dop_operator_3.py took 0.077 seconds
[2024-12-06T23:32:23.100-0600] {processor.py:186} INFO - Started process (PID=18043) to work on /home/m9d9v9/PycharmProjects/Airflow-2/Airflow-2/.venv/lib/python3.10/site-packages/airflow/example_dags/example_branch_python_dop_operator_3.py
[2024-12-06T23:32:23.102-0600] {processor.py:914} INFO - Processing file /home/m9d9v9/PycharmProjects/Airflow-2/Airflow-2/.venv/lib/python3.10/site-packages/airflow/example_dags/example_branch_python_dop_operator_3.py for tasks to queue
[2024-12-06T23:32:23.104-0600] {logging_mixin.py:190} INFO - [2024-12-06T23:32:23.104-0600] {dagbag.py:588} INFO - Filling up the DagBag from /home/m9d9v9/PycharmProjects/Airflow-2/Airflow-2/.venv/lib/python3.10/site-packages/airflow/example_dags/example_branch_python_dop_operator_3.py
[2024-12-06T23:32:23.126-0600] {processor.py:925} INFO - DAG(s) 'example_branch_dop_operator_v3' retrieved from /home/m9d9v9/PycharmProjects/Airflow-2/Airflow-2/.venv/lib/python3.10/site-packages/airflow/example_dags/example_branch_python_dop_operator_3.py
[2024-12-06T23:32:23.140-0600] {logging_mixin.py:190} INFO - [2024-12-06T23:32:23.140-0600] {dag.py:3239} INFO - Sync 1 DAGs
[2024-12-06T23:32:23.153-0600] {logging_mixin.py:190} INFO - [2024-12-06T23:32:23.153-0600] {dag.py:4180} INFO - Setting next_dagrun for example_branch_dop_operator_v3 to 2024-12-07 05:31:00+00:00, run_after=2024-12-07 05:32:00+00:00
[2024-12-06T23:32:23.164-0600] {processor.py:208} INFO - Processing /home/m9d9v9/PycharmProjects/Airflow-2/Airflow-2/.venv/lib/python3.10/site-packages/airflow/example_dags/example_branch_python_dop_operator_3.py took 0.076 seconds
[2024-12-06T23:33:20.156-0600] {processor.py:186} INFO - Started process (PID=18112) to work on /home/m9d9v9/PycharmProjects/Airflow-2/Airflow-2/.venv/lib/python3.10/site-packages/airflow/example_dags/example_branch_python_dop_operator_3.py
[2024-12-06T23:33:20.163-0600] {processor.py:914} INFO - Processing file /home/m9d9v9/PycharmProjects/Airflow-2/Airflow-2/.venv/lib/python3.10/site-packages/airflow/example_dags/example_branch_python_dop_operator_3.py for tasks to queue
[2024-12-06T23:33:20.165-0600] {logging_mixin.py:190} INFO - [2024-12-06T23:33:20.164-0600] {dagbag.py:588} INFO - Filling up the DagBag from /home/m9d9v9/PycharmProjects/Airflow-2/Airflow-2/.venv/lib/python3.10/site-packages/airflow/example_dags/example_branch_python_dop_operator_3.py
[2024-12-06T23:33:20.182-0600] {processor.py:925} INFO - DAG(s) 'example_branch_dop_operator_v3' retrieved from /home/m9d9v9/PycharmProjects/Airflow-2/Airflow-2/.venv/lib/python3.10/site-packages/airflow/example_dags/example_branch_python_dop_operator_3.py
[2024-12-06T23:33:20.204-0600] {logging_mixin.py:190} INFO - [2024-12-06T23:33:20.204-0600] {dag.py:3239} INFO - Sync 1 DAGs
[2024-12-06T23:33:20.310-0600] {logging_mixin.py:190} INFO - [2024-12-06T23:33:20.310-0600] {dag.py:4180} INFO - Setting next_dagrun for example_branch_dop_operator_v3 to 2024-12-07 05:32:00+00:00, run_after=2024-12-07 05:33:00+00:00
[2024-12-06T23:33:20.326-0600] {processor.py:208} INFO - Processing /home/m9d9v9/PycharmProjects/Airflow-2/Airflow-2/.venv/lib/python3.10/site-packages/airflow/example_dags/example_branch_python_dop_operator_3.py took 0.182 seconds
[2024-12-06T23:34:15.998-0600] {processor.py:186} INFO - Started process (PID=18182) to work on /home/m9d9v9/PycharmProjects/Airflow-2/Airflow-2/.venv/lib/python3.10/site-packages/airflow/example_dags/example_branch_python_dop_operator_3.py
[2024-12-06T23:34:16.005-0600] {processor.py:914} INFO - Processing file /home/m9d9v9/PycharmProjects/Airflow-2/Airflow-2/.venv/lib/python3.10/site-packages/airflow/example_dags/example_branch_python_dop_operator_3.py for tasks to queue
[2024-12-06T23:34:16.007-0600] {logging_mixin.py:190} INFO - [2024-12-06T23:34:16.007-0600] {dagbag.py:588} INFO - Filling up the DagBag from /home/m9d9v9/PycharmProjects/Airflow-2/Airflow-2/.venv/lib/python3.10/site-packages/airflow/example_dags/example_branch_python_dop_operator_3.py
[2024-12-06T23:34:16.028-0600] {processor.py:925} INFO - DAG(s) 'example_branch_dop_operator_v3' retrieved from /home/m9d9v9/PycharmProjects/Airflow-2/Airflow-2/.venv/lib/python3.10/site-packages/airflow/example_dags/example_branch_python_dop_operator_3.py
[2024-12-06T23:34:16.049-0600] {logging_mixin.py:190} INFO - [2024-12-06T23:34:16.049-0600] {dag.py:3239} INFO - Sync 1 DAGs
[2024-12-06T23:34:16.063-0600] {logging_mixin.py:190} INFO - [2024-12-06T23:34:16.063-0600] {dag.py:4180} INFO - Setting next_dagrun for example_branch_dop_operator_v3 to 2024-12-07 05:33:00+00:00, run_after=2024-12-07 05:34:00+00:00
[2024-12-06T23:34:16.167-0600] {processor.py:208} INFO - Processing /home/m9d9v9/PycharmProjects/Airflow-2/Airflow-2/.venv/lib/python3.10/site-packages/airflow/example_dags/example_branch_python_dop_operator_3.py took 0.179 seconds
[2024-12-06T23:35:18.054-0600] {processor.py:186} INFO - Started process (PID=18316) to work on /home/m9d9v9/PycharmProjects/Airflow-2/Airflow-2/.venv/lib/python3.10/site-packages/airflow/example_dags/example_branch_python_dop_operator_3.py
[2024-12-06T23:35:18.060-0600] {processor.py:914} INFO - Processing file /home/m9d9v9/PycharmProjects/Airflow-2/Airflow-2/.venv/lib/python3.10/site-packages/airflow/example_dags/example_branch_python_dop_operator_3.py for tasks to queue
[2024-12-06T23:35:18.061-0600] {logging_mixin.py:190} INFO - [2024-12-06T23:35:18.061-0600] {dagbag.py:588} INFO - Filling up the DagBag from /home/m9d9v9/PycharmProjects/Airflow-2/Airflow-2/.venv/lib/python3.10/site-packages/airflow/example_dags/example_branch_python_dop_operator_3.py
[2024-12-06T23:35:18.068-0600] {processor.py:925} INFO - DAG(s) 'example_branch_dop_operator_v3' retrieved from /home/m9d9v9/PycharmProjects/Airflow-2/Airflow-2/.venv/lib/python3.10/site-packages/airflow/example_dags/example_branch_python_dop_operator_3.py
[2024-12-06T23:35:18.077-0600] {logging_mixin.py:190} INFO - [2024-12-06T23:35:18.077-0600] {dag.py:3239} INFO - Sync 1 DAGs
[2024-12-06T23:35:18.091-0600] {logging_mixin.py:190} INFO - [2024-12-06T23:35:18.091-0600] {dag.py:4180} INFO - Setting next_dagrun for example_branch_dop_operator_v3 to 2024-12-07 05:34:00+00:00, run_after=2024-12-07 05:35:00+00:00
[2024-12-06T23:35:18.103-0600] {processor.py:208} INFO - Processing /home/m9d9v9/PycharmProjects/Airflow-2/Airflow-2/.venv/lib/python3.10/site-packages/airflow/example_dags/example_branch_python_dop_operator_3.py took 0.053 seconds
[2024-12-06T23:36:21.878-0600] {processor.py:186} INFO - Started process (PID=18390) to work on /home/m9d9v9/PycharmProjects/Airflow-2/Airflow-2/.venv/lib/python3.10/site-packages/airflow/example_dags/example_branch_python_dop_operator_3.py
[2024-12-06T23:36:21.884-0600] {processor.py:914} INFO - Processing file /home/m9d9v9/PycharmProjects/Airflow-2/Airflow-2/.venv/lib/python3.10/site-packages/airflow/example_dags/example_branch_python_dop_operator_3.py for tasks to queue
[2024-12-06T23:36:21.885-0600] {logging_mixin.py:190} INFO - [2024-12-06T23:36:21.885-0600] {dagbag.py:588} INFO - Filling up the DagBag from /home/m9d9v9/PycharmProjects/Airflow-2/Airflow-2/.venv/lib/python3.10/site-packages/airflow/example_dags/example_branch_python_dop_operator_3.py
[2024-12-06T23:36:21.891-0600] {processor.py:925} INFO - DAG(s) 'example_branch_dop_operator_v3' retrieved from /home/m9d9v9/PycharmProjects/Airflow-2/Airflow-2/.venv/lib/python3.10/site-packages/airflow/example_dags/example_branch_python_dop_operator_3.py
[2024-12-06T23:36:21.900-0600] {logging_mixin.py:190} INFO - [2024-12-06T23:36:21.900-0600] {dag.py:3239} INFO - Sync 1 DAGs
[2024-12-06T23:36:21.914-0600] {logging_mixin.py:190} INFO - [2024-12-06T23:36:21.914-0600] {dag.py:4180} INFO - Setting next_dagrun for example_branch_dop_operator_v3 to 2024-12-07 05:35:00+00:00, run_after=2024-12-07 05:36:00+00:00
[2024-12-06T23:36:21.925-0600] {processor.py:208} INFO - Processing /home/m9d9v9/PycharmProjects/Airflow-2/Airflow-2/.venv/lib/python3.10/site-packages/airflow/example_dags/example_branch_python_dop_operator_3.py took 0.051 seconds
[2024-12-06T23:37:23.231-0600] {processor.py:186} INFO - Started process (PID=18666) to work on /home/m9d9v9/PycharmProjects/Airflow-2/Airflow-2/.venv/lib/python3.10/site-packages/airflow/example_dags/example_branch_python_dop_operator_3.py
[2024-12-06T23:37:23.238-0600] {processor.py:914} INFO - Processing file /home/m9d9v9/PycharmProjects/Airflow-2/Airflow-2/.venv/lib/python3.10/site-packages/airflow/example_dags/example_branch_python_dop_operator_3.py for tasks to queue
[2024-12-06T23:37:23.240-0600] {logging_mixin.py:190} INFO - [2024-12-06T23:37:23.239-0600] {dagbag.py:588} INFO - Filling up the DagBag from /home/m9d9v9/PycharmProjects/Airflow-2/Airflow-2/.venv/lib/python3.10/site-packages/airflow/example_dags/example_branch_python_dop_operator_3.py
[2024-12-06T23:37:23.261-0600] {processor.py:925} INFO - DAG(s) 'example_branch_dop_operator_v3' retrieved from /home/m9d9v9/PycharmProjects/Airflow-2/Airflow-2/.venv/lib/python3.10/site-packages/airflow/example_dags/example_branch_python_dop_operator_3.py
[2024-12-06T23:37:23.373-0600] {logging_mixin.py:190} INFO - [2024-12-06T23:37:23.372-0600] {dag.py:3239} INFO - Sync 1 DAGs
[2024-12-06T23:37:23.385-0600] {logging_mixin.py:190} INFO - [2024-12-06T23:37:23.385-0600] {dag.py:4180} INFO - Setting next_dagrun for example_branch_dop_operator_v3 to 2024-12-07 05:36:00+00:00, run_after=2024-12-07 05:37:00+00:00
[2024-12-06T23:37:23.397-0600] {processor.py:208} INFO - Processing /home/m9d9v9/PycharmProjects/Airflow-2/Airflow-2/.venv/lib/python3.10/site-packages/airflow/example_dags/example_branch_python_dop_operator_3.py took 0.178 seconds
[2024-12-06T23:38:23.649-0600] {processor.py:186} INFO - Started process (PID=18795) to work on /home/m9d9v9/PycharmProjects/Airflow-2/Airflow-2/.venv/lib/python3.10/site-packages/airflow/example_dags/example_branch_python_dop_operator_3.py
[2024-12-06T23:38:23.650-0600] {processor.py:914} INFO - Processing file /home/m9d9v9/PycharmProjects/Airflow-2/Airflow-2/.venv/lib/python3.10/site-packages/airflow/example_dags/example_branch_python_dop_operator_3.py for tasks to queue
[2024-12-06T23:38:23.651-0600] {logging_mixin.py:190} INFO - [2024-12-06T23:38:23.651-0600] {dagbag.py:588} INFO - Filling up the DagBag from /home/m9d9v9/PycharmProjects/Airflow-2/Airflow-2/.venv/lib/python3.10/site-packages/airflow/example_dags/example_branch_python_dop_operator_3.py
[2024-12-06T23:38:23.662-0600] {processor.py:925} INFO - DAG(s) 'example_branch_dop_operator_v3' retrieved from /home/m9d9v9/PycharmProjects/Airflow-2/Airflow-2/.venv/lib/python3.10/site-packages/airflow/example_dags/example_branch_python_dop_operator_3.py
[2024-12-06T23:38:23.673-0600] {logging_mixin.py:190} INFO - [2024-12-06T23:38:23.673-0600] {dag.py:3239} INFO - Sync 1 DAGs
[2024-12-06T23:38:23.686-0600] {logging_mixin.py:190} INFO - [2024-12-06T23:38:23.686-0600] {dag.py:4180} INFO - Setting next_dagrun for example_branch_dop_operator_v3 to 2024-12-07 05:37:00+00:00, run_after=2024-12-07 05:38:00+00:00
[2024-12-06T23:38:23.696-0600] {processor.py:208} INFO - Processing /home/m9d9v9/PycharmProjects/Airflow-2/Airflow-2/.venv/lib/python3.10/site-packages/airflow/example_dags/example_branch_python_dop_operator_3.py took 0.051 seconds
[2024-12-06T23:39:29.260-0600] {processor.py:186} INFO - Started process (PID=19055) to work on /home/m9d9v9/PycharmProjects/Airflow-2/Airflow-2/.venv/lib/python3.10/site-packages/airflow/example_dags/example_branch_python_dop_operator_3.py
[2024-12-06T23:39:29.266-0600] {processor.py:914} INFO - Processing file /home/m9d9v9/PycharmProjects/Airflow-2/Airflow-2/.venv/lib/python3.10/site-packages/airflow/example_dags/example_branch_python_dop_operator_3.py for tasks to queue
[2024-12-06T23:39:29.267-0600] {logging_mixin.py:190} INFO - [2024-12-06T23:39:29.266-0600] {dagbag.py:588} INFO - Filling up the DagBag from /home/m9d9v9/PycharmProjects/Airflow-2/Airflow-2/.venv/lib/python3.10/site-packages/airflow/example_dags/example_branch_python_dop_operator_3.py
[2024-12-06T23:39:29.274-0600] {processor.py:925} INFO - DAG(s) 'example_branch_dop_operator_v3' retrieved from /home/m9d9v9/PycharmProjects/Airflow-2/Airflow-2/.venv/lib/python3.10/site-packages/airflow/example_dags/example_branch_python_dop_operator_3.py
[2024-12-06T23:39:29.284-0600] {logging_mixin.py:190} INFO - [2024-12-06T23:39:29.284-0600] {dag.py:3239} INFO - Sync 1 DAGs
[2024-12-06T23:39:29.300-0600] {logging_mixin.py:190} INFO - [2024-12-06T23:39:29.300-0600] {dag.py:4180} INFO - Setting next_dagrun for example_branch_dop_operator_v3 to 2024-12-07 05:38:00+00:00, run_after=2024-12-07 05:39:00+00:00
[2024-12-06T23:39:29.312-0600] {processor.py:208} INFO - Processing /home/m9d9v9/PycharmProjects/Airflow-2/Airflow-2/.venv/lib/python3.10/site-packages/airflow/example_dags/example_branch_python_dop_operator_3.py took 0.056 seconds
[2024-12-06T23:40:26.425-0600] {processor.py:186} INFO - Started process (PID=19236) to work on /home/m9d9v9/PycharmProjects/Airflow-2/Airflow-2/.venv/lib/python3.10/site-packages/airflow/example_dags/example_branch_python_dop_operator_3.py
[2024-12-06T23:40:26.427-0600] {processor.py:914} INFO - Processing file /home/m9d9v9/PycharmProjects/Airflow-2/Airflow-2/.venv/lib/python3.10/site-packages/airflow/example_dags/example_branch_python_dop_operator_3.py for tasks to queue
[2024-12-06T23:40:26.428-0600] {logging_mixin.py:190} INFO - [2024-12-06T23:40:26.428-0600] {dagbag.py:588} INFO - Filling up the DagBag from /home/m9d9v9/PycharmProjects/Airflow-2/Airflow-2/.venv/lib/python3.10/site-packages/airflow/example_dags/example_branch_python_dop_operator_3.py
[2024-12-06T23:40:26.442-0600] {processor.py:925} INFO - DAG(s) 'example_branch_dop_operator_v3' retrieved from /home/m9d9v9/PycharmProjects/Airflow-2/Airflow-2/.venv/lib/python3.10/site-packages/airflow/example_dags/example_branch_python_dop_operator_3.py
[2024-12-06T23:40:26.468-0600] {logging_mixin.py:190} INFO - [2024-12-06T23:40:26.468-0600] {dag.py:3239} INFO - Sync 1 DAGs
[2024-12-06T23:40:26.495-0600] {logging_mixin.py:190} INFO - [2024-12-06T23:40:26.495-0600] {dag.py:4180} INFO - Setting next_dagrun for example_branch_dop_operator_v3 to 2024-12-07 05:39:00+00:00, run_after=2024-12-07 05:40:00+00:00
[2024-12-06T23:40:26.526-0600] {processor.py:208} INFO - Processing /home/m9d9v9/PycharmProjects/Airflow-2/Airflow-2/.venv/lib/python3.10/site-packages/airflow/example_dags/example_branch_python_dop_operator_3.py took 0.110 seconds
[2024-12-06T23:41:46.741-0600] {processor.py:186} INFO - Started process (PID=19367) to work on /home/m9d9v9/PycharmProjects/Airflow-2/Airflow-2/.venv/lib/python3.10/site-packages/airflow/example_dags/example_branch_python_dop_operator_3.py
[2024-12-06T23:41:46.746-0600] {processor.py:914} INFO - Processing file /home/m9d9v9/PycharmProjects/Airflow-2/Airflow-2/.venv/lib/python3.10/site-packages/airflow/example_dags/example_branch_python_dop_operator_3.py for tasks to queue
[2024-12-06T23:41:46.747-0600] {logging_mixin.py:190} INFO - [2024-12-06T23:41:46.747-0600] {dagbag.py:588} INFO - Filling up the DagBag from /home/m9d9v9/PycharmProjects/Airflow-2/Airflow-2/.venv/lib/python3.10/site-packages/airflow/example_dags/example_branch_python_dop_operator_3.py
[2024-12-06T23:41:46.754-0600] {processor.py:925} INFO - DAG(s) 'example_branch_dop_operator_v3' retrieved from /home/m9d9v9/PycharmProjects/Airflow-2/Airflow-2/.venv/lib/python3.10/site-packages/airflow/example_dags/example_branch_python_dop_operator_3.py
[2024-12-06T23:41:46.765-0600] {logging_mixin.py:190} INFO - [2024-12-06T23:41:46.764-0600] {dag.py:3239} INFO - Sync 1 DAGs
[2024-12-06T23:41:46.780-0600] {logging_mixin.py:190} INFO - [2024-12-06T23:41:46.780-0600] {dag.py:4180} INFO - Setting next_dagrun for example_branch_dop_operator_v3 to 2024-12-07 05:40:00+00:00, run_after=2024-12-07 05:41:00+00:00
[2024-12-06T23:41:46.792-0600] {processor.py:208} INFO - Processing /home/m9d9v9/PycharmProjects/Airflow-2/Airflow-2/.venv/lib/python3.10/site-packages/airflow/example_dags/example_branch_python_dop_operator_3.py took 0.056 seconds
