[2024-12-06T22:18:18.545-0600] {processor.py:186} INFO - Started process (PID=12322) to work on /home/m9d9v9/PycharmProjects/Airflow-2/Airflow-2/.venv/lib/python3.10/site-packages/airflow/example_dags/tutorial_taskflow_templates.py
[2024-12-06T22:18:18.546-0600] {processor.py:914} INFO - Processing file /home/m9d9v9/PycharmProjects/Airflow-2/Airflow-2/.venv/lib/python3.10/site-packages/airflow/example_dags/tutorial_taskflow_templates.py for tasks to queue
[2024-12-06T22:18:18.548-0600] {logging_mixin.py:190} INFO - [2024-12-06T22:18:18.547-0600] {dagbag.py:588} INFO - Filling up the DagBag from /home/m9d9v9/PycharmProjects/Airflow-2/Airflow-2/.venv/lib/python3.10/site-packages/airflow/example_dags/tutorial_taskflow_templates.py
[2024-12-06T22:18:18.556-0600] {processor.py:925} INFO - DAG(s) 'tutorial_taskflow_templates' retrieved from /home/m9d9v9/PycharmProjects/Airflow-2/Airflow-2/.venv/lib/python3.10/site-packages/airflow/example_dags/tutorial_taskflow_templates.py
[2024-12-06T22:18:18.622-0600] {logging_mixin.py:190} INFO - [2024-12-06T22:18:18.622-0600] {override.py:1911} INFO - Created Permission View: can edit on DAG:tutorial_taskflow_templates
[2024-12-06T22:18:18.628-0600] {logging_mixin.py:190} INFO - [2024-12-06T22:18:18.628-0600] {override.py:1911} INFO - Created Permission View: can read on DAG:tutorial_taskflow_templates
[2024-12-06T22:18:18.633-0600] {logging_mixin.py:190} INFO - [2024-12-06T22:18:18.633-0600] {override.py:1911} INFO - Created Permission View: can delete on DAG:tutorial_taskflow_templates
[2024-12-06T22:18:18.641-0600] {logging_mixin.py:190} INFO - [2024-12-06T22:18:18.641-0600] {override.py:1911} INFO - Created Permission View: menu access on DAG Run:tutorial_taskflow_templates
[2024-12-06T22:18:18.646-0600] {logging_mixin.py:190} INFO - [2024-12-06T22:18:18.646-0600] {override.py:1911} INFO - Created Permission View: can create on DAG Run:tutorial_taskflow_templates
[2024-12-06T22:18:18.651-0600] {logging_mixin.py:190} INFO - [2024-12-06T22:18:18.650-0600] {override.py:1911} INFO - Created Permission View: can read on DAG Run:tutorial_taskflow_templates
[2024-12-06T22:18:18.655-0600] {logging_mixin.py:190} INFO - [2024-12-06T22:18:18.655-0600] {override.py:1911} INFO - Created Permission View: can delete on DAG Run:tutorial_taskflow_templates
[2024-12-06T22:18:18.656-0600] {logging_mixin.py:190} INFO - [2024-12-06T22:18:18.656-0600] {dag.py:3239} INFO - Sync 1 DAGs
[2024-12-06T22:18:18.663-0600] {logging_mixin.py:190} INFO - [2024-12-06T22:18:18.663-0600] {dag.py:3262} INFO - Creating ORM DAG for tutorial_taskflow_templates
[2024-12-06T22:18:18.668-0600] {logging_mixin.py:190} INFO - [2024-12-06T22:18:18.668-0600] {dag.py:4180} INFO - Setting next_dagrun for tutorial_taskflow_templates to 2024-12-06 00:00:00+00:00, run_after=2024-12-07 00:00:00+00:00
[2024-12-06T22:18:18.678-0600] {processor.py:208} INFO - Processing /home/m9d9v9/PycharmProjects/Airflow-2/Airflow-2/.venv/lib/python3.10/site-packages/airflow/example_dags/tutorial_taskflow_templates.py took 0.137 seconds
[2024-12-06T22:19:25.126-0600] {processor.py:186} INFO - Started process (PID=12557) to work on /home/m9d9v9/PycharmProjects/Airflow-2/Airflow-2/.venv/lib/python3.10/site-packages/airflow/example_dags/tutorial_taskflow_templates.py
[2024-12-06T22:19:25.128-0600] {processor.py:914} INFO - Processing file /home/m9d9v9/PycharmProjects/Airflow-2/Airflow-2/.venv/lib/python3.10/site-packages/airflow/example_dags/tutorial_taskflow_templates.py for tasks to queue
[2024-12-06T22:19:25.134-0600] {logging_mixin.py:190} INFO - [2024-12-06T22:19:25.133-0600] {dagbag.py:588} INFO - Filling up the DagBag from /home/m9d9v9/PycharmProjects/Airflow-2/Airflow-2/.venv/lib/python3.10/site-packages/airflow/example_dags/tutorial_taskflow_templates.py
[2024-12-06T22:19:25.159-0600] {processor.py:925} INFO - DAG(s) 'tutorial_taskflow_templates' retrieved from /home/m9d9v9/PycharmProjects/Airflow-2/Airflow-2/.venv/lib/python3.10/site-packages/airflow/example_dags/tutorial_taskflow_templates.py
[2024-12-06T22:19:25.171-0600] {logging_mixin.py:190} INFO - [2024-12-06T22:19:25.171-0600] {dag.py:3239} INFO - Sync 1 DAGs
[2024-12-06T22:19:25.186-0600] {logging_mixin.py:190} INFO - [2024-12-06T22:19:25.185-0600] {dag.py:4180} INFO - Setting next_dagrun for tutorial_taskflow_templates to 2024-12-06 00:00:00+00:00, run_after=2024-12-07 00:00:00+00:00
[2024-12-06T22:19:25.198-0600] {processor.py:208} INFO - Processing /home/m9d9v9/PycharmProjects/Airflow-2/Airflow-2/.venv/lib/python3.10/site-packages/airflow/example_dags/tutorial_taskflow_templates.py took 0.085 seconds
[2024-12-06T22:20:19.802-0600] {processor.py:186} INFO - Started process (PID=12651) to work on /home/m9d9v9/PycharmProjects/Airflow-2/Airflow-2/.venv/lib/python3.10/site-packages/airflow/example_dags/tutorial_taskflow_templates.py
[2024-12-06T22:20:19.808-0600] {processor.py:914} INFO - Processing file /home/m9d9v9/PycharmProjects/Airflow-2/Airflow-2/.venv/lib/python3.10/site-packages/airflow/example_dags/tutorial_taskflow_templates.py for tasks to queue
[2024-12-06T22:20:19.812-0600] {logging_mixin.py:190} INFO - [2024-12-06T22:20:19.812-0600] {dagbag.py:588} INFO - Filling up the DagBag from /home/m9d9v9/PycharmProjects/Airflow-2/Airflow-2/.venv/lib/python3.10/site-packages/airflow/example_dags/tutorial_taskflow_templates.py
[2024-12-06T22:20:19.821-0600] {processor.py:925} INFO - DAG(s) 'tutorial_taskflow_templates' retrieved from /home/m9d9v9/PycharmProjects/Airflow-2/Airflow-2/.venv/lib/python3.10/site-packages/airflow/example_dags/tutorial_taskflow_templates.py
[2024-12-06T22:20:19.831-0600] {logging_mixin.py:190} INFO - [2024-12-06T22:20:19.831-0600] {dag.py:3239} INFO - Sync 1 DAGs
[2024-12-06T22:20:19.843-0600] {logging_mixin.py:190} INFO - [2024-12-06T22:20:19.843-0600] {dag.py:4180} INFO - Setting next_dagrun for tutorial_taskflow_templates to 2024-12-06 00:00:00+00:00, run_after=2024-12-07 00:00:00+00:00
[2024-12-06T22:20:19.855-0600] {processor.py:208} INFO - Processing /home/m9d9v9/PycharmProjects/Airflow-2/Airflow-2/.venv/lib/python3.10/site-packages/airflow/example_dags/tutorial_taskflow_templates.py took 0.056 seconds
[2024-12-06T22:21:12.733-0600] {processor.py:186} INFO - Started process (PID=12718) to work on /home/m9d9v9/PycharmProjects/Airflow-2/Airflow-2/.venv/lib/python3.10/site-packages/airflow/example_dags/tutorial_taskflow_templates.py
[2024-12-06T22:21:12.739-0600] {processor.py:914} INFO - Processing file /home/m9d9v9/PycharmProjects/Airflow-2/Airflow-2/.venv/lib/python3.10/site-packages/airflow/example_dags/tutorial_taskflow_templates.py for tasks to queue
[2024-12-06T22:21:12.742-0600] {logging_mixin.py:190} INFO - [2024-12-06T22:21:12.742-0600] {dagbag.py:588} INFO - Filling up the DagBag from /home/m9d9v9/PycharmProjects/Airflow-2/Airflow-2/.venv/lib/python3.10/site-packages/airflow/example_dags/tutorial_taskflow_templates.py
[2024-12-06T22:21:12.753-0600] {processor.py:925} INFO - DAG(s) 'tutorial_taskflow_templates' retrieved from /home/m9d9v9/PycharmProjects/Airflow-2/Airflow-2/.venv/lib/python3.10/site-packages/airflow/example_dags/tutorial_taskflow_templates.py
[2024-12-06T22:21:12.765-0600] {logging_mixin.py:190} INFO - [2024-12-06T22:21:12.765-0600] {dag.py:3239} INFO - Sync 1 DAGs
[2024-12-06T22:21:12.779-0600] {logging_mixin.py:190} INFO - [2024-12-06T22:21:12.778-0600] {dag.py:4180} INFO - Setting next_dagrun for tutorial_taskflow_templates to 2024-12-06 00:00:00+00:00, run_after=2024-12-07 00:00:00+00:00
[2024-12-06T22:21:12.791-0600] {processor.py:208} INFO - Processing /home/m9d9v9/PycharmProjects/Airflow-2/Airflow-2/.venv/lib/python3.10/site-packages/airflow/example_dags/tutorial_taskflow_templates.py took 0.063 seconds
[2024-12-06T22:22:08.761-0600] {processor.py:186} INFO - Started process (PID=12796) to work on /home/m9d9v9/PycharmProjects/Airflow-2/Airflow-2/.venv/lib/python3.10/site-packages/airflow/example_dags/tutorial_taskflow_templates.py
[2024-12-06T22:22:08.767-0600] {processor.py:914} INFO - Processing file /home/m9d9v9/PycharmProjects/Airflow-2/Airflow-2/.venv/lib/python3.10/site-packages/airflow/example_dags/tutorial_taskflow_templates.py for tasks to queue
[2024-12-06T22:22:08.770-0600] {logging_mixin.py:190} INFO - [2024-12-06T22:22:08.769-0600] {dagbag.py:588} INFO - Filling up the DagBag from /home/m9d9v9/PycharmProjects/Airflow-2/Airflow-2/.venv/lib/python3.10/site-packages/airflow/example_dags/tutorial_taskflow_templates.py
[2024-12-06T22:22:08.780-0600] {processor.py:925} INFO - DAG(s) 'tutorial_taskflow_templates' retrieved from /home/m9d9v9/PycharmProjects/Airflow-2/Airflow-2/.venv/lib/python3.10/site-packages/airflow/example_dags/tutorial_taskflow_templates.py
[2024-12-06T22:22:08.791-0600] {logging_mixin.py:190} INFO - [2024-12-06T22:22:08.791-0600] {dag.py:3239} INFO - Sync 1 DAGs
[2024-12-06T22:22:08.804-0600] {logging_mixin.py:190} INFO - [2024-12-06T22:22:08.804-0600] {dag.py:4180} INFO - Setting next_dagrun for tutorial_taskflow_templates to 2024-12-06 00:00:00+00:00, run_after=2024-12-07 00:00:00+00:00
[2024-12-06T22:22:08.816-0600] {processor.py:208} INFO - Processing /home/m9d9v9/PycharmProjects/Airflow-2/Airflow-2/.venv/lib/python3.10/site-packages/airflow/example_dags/tutorial_taskflow_templates.py took 0.060 seconds
[2024-12-06T22:22:50.380-0600] {processor.py:186} INFO - Started process (PID=12903) to work on /home/m9d9v9/PycharmProjects/Airflow-2/Airflow-2/.venv/lib/python3.10/site-packages/airflow/example_dags/tutorial_taskflow_templates.py
[2024-12-06T22:22:50.387-0600] {processor.py:914} INFO - Processing file /home/m9d9v9/PycharmProjects/Airflow-2/Airflow-2/.venv/lib/python3.10/site-packages/airflow/example_dags/tutorial_taskflow_templates.py for tasks to queue
[2024-12-06T22:22:50.391-0600] {logging_mixin.py:190} INFO - [2024-12-06T22:22:50.390-0600] {dagbag.py:588} INFO - Filling up the DagBag from /home/m9d9v9/PycharmProjects/Airflow-2/Airflow-2/.venv/lib/python3.10/site-packages/airflow/example_dags/tutorial_taskflow_templates.py
[2024-12-06T22:22:50.405-0600] {processor.py:925} INFO - DAG(s) 'tutorial_taskflow_templates' retrieved from /home/m9d9v9/PycharmProjects/Airflow-2/Airflow-2/.venv/lib/python3.10/site-packages/airflow/example_dags/tutorial_taskflow_templates.py
[2024-12-06T22:22:50.421-0600] {logging_mixin.py:190} INFO - [2024-12-06T22:22:50.421-0600] {dag.py:3239} INFO - Sync 1 DAGs
[2024-12-06T22:22:50.439-0600] {logging_mixin.py:190} INFO - [2024-12-06T22:22:50.439-0600] {dag.py:4180} INFO - Setting next_dagrun for tutorial_taskflow_templates to 2024-12-06 00:00:00+00:00, run_after=2024-12-07 00:00:00+00:00
[2024-12-06T22:22:50.455-0600] {processor.py:208} INFO - Processing /home/m9d9v9/PycharmProjects/Airflow-2/Airflow-2/.venv/lib/python3.10/site-packages/airflow/example_dags/tutorial_taskflow_templates.py took 0.082 seconds
[2024-12-06T22:23:28.598-0600] {processor.py:186} INFO - Started process (PID=12958) to work on /home/m9d9v9/PycharmProjects/Airflow-2/Airflow-2/.venv/lib/python3.10/site-packages/airflow/example_dags/tutorial_taskflow_templates.py
[2024-12-06T22:23:28.604-0600] {processor.py:914} INFO - Processing file /home/m9d9v9/PycharmProjects/Airflow-2/Airflow-2/.venv/lib/python3.10/site-packages/airflow/example_dags/tutorial_taskflow_templates.py for tasks to queue
[2024-12-06T22:23:28.606-0600] {logging_mixin.py:190} INFO - [2024-12-06T22:23:28.605-0600] {dagbag.py:588} INFO - Filling up the DagBag from /home/m9d9v9/PycharmProjects/Airflow-2/Airflow-2/.venv/lib/python3.10/site-packages/airflow/example_dags/tutorial_taskflow_templates.py
[2024-12-06T22:23:28.621-0600] {processor.py:925} INFO - DAG(s) 'tutorial_taskflow_templates' retrieved from /home/m9d9v9/PycharmProjects/Airflow-2/Airflow-2/.venv/lib/python3.10/site-packages/airflow/example_dags/tutorial_taskflow_templates.py
[2024-12-06T22:23:28.636-0600] {logging_mixin.py:190} INFO - [2024-12-06T22:23:28.636-0600] {dag.py:3239} INFO - Sync 1 DAGs
[2024-12-06T22:23:28.651-0600] {logging_mixin.py:190} INFO - [2024-12-06T22:23:28.651-0600] {dag.py:4180} INFO - Setting next_dagrun for tutorial_taskflow_templates to 2024-12-06 00:00:00+00:00, run_after=2024-12-07 00:00:00+00:00
[2024-12-06T22:23:28.663-0600] {processor.py:208} INFO - Processing /home/m9d9v9/PycharmProjects/Airflow-2/Airflow-2/.venv/lib/python3.10/site-packages/airflow/example_dags/tutorial_taskflow_templates.py took 0.070 seconds
[2024-12-06T22:24:22.859-0600] {processor.py:186} INFO - Started process (PID=13023) to work on /home/m9d9v9/PycharmProjects/Airflow-2/Airflow-2/.venv/lib/python3.10/site-packages/airflow/example_dags/tutorial_taskflow_templates.py
[2024-12-06T22:24:22.866-0600] {processor.py:914} INFO - Processing file /home/m9d9v9/PycharmProjects/Airflow-2/Airflow-2/.venv/lib/python3.10/site-packages/airflow/example_dags/tutorial_taskflow_templates.py for tasks to queue
[2024-12-06T22:24:22.868-0600] {logging_mixin.py:190} INFO - [2024-12-06T22:24:22.867-0600] {dagbag.py:588} INFO - Filling up the DagBag from /home/m9d9v9/PycharmProjects/Airflow-2/Airflow-2/.venv/lib/python3.10/site-packages/airflow/example_dags/tutorial_taskflow_templates.py
[2024-12-06T22:24:22.896-0600] {processor.py:925} INFO - DAG(s) 'tutorial_taskflow_templates' retrieved from /home/m9d9v9/PycharmProjects/Airflow-2/Airflow-2/.venv/lib/python3.10/site-packages/airflow/example_dags/tutorial_taskflow_templates.py
[2024-12-06T22:24:22.912-0600] {logging_mixin.py:190} INFO - [2024-12-06T22:24:22.912-0600] {dag.py:3239} INFO - Sync 1 DAGs
[2024-12-06T22:24:22.927-0600] {logging_mixin.py:190} INFO - [2024-12-06T22:24:22.927-0600] {dag.py:4180} INFO - Setting next_dagrun for tutorial_taskflow_templates to 2024-12-06 00:00:00+00:00, run_after=2024-12-07 00:00:00+00:00
[2024-12-06T22:24:22.942-0600] {processor.py:208} INFO - Processing /home/m9d9v9/PycharmProjects/Airflow-2/Airflow-2/.venv/lib/python3.10/site-packages/airflow/example_dags/tutorial_taskflow_templates.py took 0.096 seconds
[2024-12-06T22:25:18.709-0600] {processor.py:186} INFO - Started process (PID=13113) to work on /home/m9d9v9/PycharmProjects/Airflow-2/Airflow-2/.venv/lib/python3.10/site-packages/airflow/example_dags/tutorial_taskflow_templates.py
[2024-12-06T22:25:18.715-0600] {processor.py:914} INFO - Processing file /home/m9d9v9/PycharmProjects/Airflow-2/Airflow-2/.venv/lib/python3.10/site-packages/airflow/example_dags/tutorial_taskflow_templates.py for tasks to queue
[2024-12-06T22:25:18.716-0600] {logging_mixin.py:190} INFO - [2024-12-06T22:25:18.716-0600] {dagbag.py:588} INFO - Filling up the DagBag from /home/m9d9v9/PycharmProjects/Airflow-2/Airflow-2/.venv/lib/python3.10/site-packages/airflow/example_dags/tutorial_taskflow_templates.py
[2024-12-06T22:25:18.741-0600] {processor.py:925} INFO - DAG(s) 'tutorial_taskflow_templates' retrieved from /home/m9d9v9/PycharmProjects/Airflow-2/Airflow-2/.venv/lib/python3.10/site-packages/airflow/example_dags/tutorial_taskflow_templates.py
[2024-12-06T22:25:18.765-0600] {logging_mixin.py:190} INFO - [2024-12-06T22:25:18.764-0600] {dag.py:3239} INFO - Sync 1 DAGs
[2024-12-06T22:25:18.779-0600] {logging_mixin.py:190} INFO - [2024-12-06T22:25:18.779-0600] {dag.py:4180} INFO - Setting next_dagrun for tutorial_taskflow_templates to 2024-12-06 00:00:00+00:00, run_after=2024-12-07 00:00:00+00:00
[2024-12-06T22:25:18.795-0600] {processor.py:208} INFO - Processing /home/m9d9v9/PycharmProjects/Airflow-2/Airflow-2/.venv/lib/python3.10/site-packages/airflow/example_dags/tutorial_taskflow_templates.py took 0.092 seconds
[2024-12-06T22:26:17.159-0600] {processor.py:186} INFO - Started process (PID=13190) to work on /home/m9d9v9/PycharmProjects/Airflow-2/Airflow-2/.venv/lib/python3.10/site-packages/airflow/example_dags/tutorial_taskflow_templates.py
[2024-12-06T22:26:17.165-0600] {processor.py:914} INFO - Processing file /home/m9d9v9/PycharmProjects/Airflow-2/Airflow-2/.venv/lib/python3.10/site-packages/airflow/example_dags/tutorial_taskflow_templates.py for tasks to queue
[2024-12-06T22:26:17.167-0600] {logging_mixin.py:190} INFO - [2024-12-06T22:26:17.166-0600] {dagbag.py:588} INFO - Filling up the DagBag from /home/m9d9v9/PycharmProjects/Airflow-2/Airflow-2/.venv/lib/python3.10/site-packages/airflow/example_dags/tutorial_taskflow_templates.py
[2024-12-06T22:26:17.177-0600] {processor.py:925} INFO - DAG(s) 'tutorial_taskflow_templates' retrieved from /home/m9d9v9/PycharmProjects/Airflow-2/Airflow-2/.venv/lib/python3.10/site-packages/airflow/example_dags/tutorial_taskflow_templates.py
[2024-12-06T22:26:17.189-0600] {logging_mixin.py:190} INFO - [2024-12-06T22:26:17.188-0600] {dag.py:3239} INFO - Sync 1 DAGs
[2024-12-06T22:26:17.205-0600] {logging_mixin.py:190} INFO - [2024-12-06T22:26:17.204-0600] {dag.py:4180} INFO - Setting next_dagrun for tutorial_taskflow_templates to 2024-12-06 00:00:00+00:00, run_after=2024-12-07 00:00:00+00:00
[2024-12-06T22:26:17.220-0600] {processor.py:208} INFO - Processing /home/m9d9v9/PycharmProjects/Airflow-2/Airflow-2/.venv/lib/python3.10/site-packages/airflow/example_dags/tutorial_taskflow_templates.py took 0.066 seconds
[2024-12-06T22:36:44.863-0600] {processor.py:186} INFO - Started process (PID=14402) to work on /home/m9d9v9/PycharmProjects/Airflow-2/Airflow-2/.venv/lib/python3.10/site-packages/airflow/example_dags/tutorial_taskflow_templates.py
[2024-12-06T22:36:44.870-0600] {processor.py:914} INFO - Processing file /home/m9d9v9/PycharmProjects/Airflow-2/Airflow-2/.venv/lib/python3.10/site-packages/airflow/example_dags/tutorial_taskflow_templates.py for tasks to queue
[2024-12-06T22:36:44.875-0600] {logging_mixin.py:190} INFO - [2024-12-06T22:36:44.874-0600] {dagbag.py:588} INFO - Filling up the DagBag from /home/m9d9v9/PycharmProjects/Airflow-2/Airflow-2/.venv/lib/python3.10/site-packages/airflow/example_dags/tutorial_taskflow_templates.py
[2024-12-06T22:36:44.905-0600] {processor.py:925} INFO - DAG(s) 'tutorial_taskflow_templates' retrieved from /home/m9d9v9/PycharmProjects/Airflow-2/Airflow-2/.venv/lib/python3.10/site-packages/airflow/example_dags/tutorial_taskflow_templates.py
[2024-12-06T22:36:44.924-0600] {logging_mixin.py:190} INFO - [2024-12-06T22:36:44.924-0600] {dag.py:3239} INFO - Sync 1 DAGs
[2024-12-06T22:36:44.939-0600] {logging_mixin.py:190} INFO - [2024-12-06T22:36:44.939-0600] {dag.py:4180} INFO - Setting next_dagrun for tutorial_taskflow_templates to 2024-12-06 00:00:00+00:00, run_after=2024-12-07 00:00:00+00:00
[2024-12-06T22:36:44.954-0600] {processor.py:208} INFO - Processing /home/m9d9v9/PycharmProjects/Airflow-2/Airflow-2/.venv/lib/python3.10/site-packages/airflow/example_dags/tutorial_taskflow_templates.py took 0.103 seconds
[2024-12-06T22:37:42.847-0600] {processor.py:186} INFO - Started process (PID=14672) to work on /home/m9d9v9/PycharmProjects/Airflow-2/Airflow-2/.venv/lib/python3.10/site-packages/airflow/example_dags/tutorial_taskflow_templates.py
[2024-12-06T22:37:42.850-0600] {processor.py:914} INFO - Processing file /home/m9d9v9/PycharmProjects/Airflow-2/Airflow-2/.venv/lib/python3.10/site-packages/airflow/example_dags/tutorial_taskflow_templates.py for tasks to queue
[2024-12-06T22:37:42.853-0600] {logging_mixin.py:190} INFO - [2024-12-06T22:37:42.852-0600] {dagbag.py:588} INFO - Filling up the DagBag from /home/m9d9v9/PycharmProjects/Airflow-2/Airflow-2/.venv/lib/python3.10/site-packages/airflow/example_dags/tutorial_taskflow_templates.py
[2024-12-06T22:37:42.879-0600] {processor.py:925} INFO - DAG(s) 'tutorial_taskflow_templates' retrieved from /home/m9d9v9/PycharmProjects/Airflow-2/Airflow-2/.venv/lib/python3.10/site-packages/airflow/example_dags/tutorial_taskflow_templates.py
[2024-12-06T22:37:42.894-0600] {logging_mixin.py:190} INFO - [2024-12-06T22:37:42.894-0600] {dag.py:3239} INFO - Sync 1 DAGs
[2024-12-06T22:37:42.908-0600] {logging_mixin.py:190} INFO - [2024-12-06T22:37:42.908-0600] {dag.py:4180} INFO - Setting next_dagrun for tutorial_taskflow_templates to 2024-12-06 00:00:00+00:00, run_after=2024-12-07 00:00:00+00:00
[2024-12-06T22:37:42.922-0600] {processor.py:208} INFO - Processing /home/m9d9v9/PycharmProjects/Airflow-2/Airflow-2/.venv/lib/python3.10/site-packages/airflow/example_dags/tutorial_taskflow_templates.py took 0.086 seconds
[2024-12-06T22:38:41.039-0600] {processor.py:186} INFO - Started process (PID=14776) to work on /home/m9d9v9/PycharmProjects/Airflow-2/Airflow-2/.venv/lib/python3.10/site-packages/airflow/example_dags/tutorial_taskflow_templates.py
[2024-12-06T22:38:41.046-0600] {processor.py:914} INFO - Processing file /home/m9d9v9/PycharmProjects/Airflow-2/Airflow-2/.venv/lib/python3.10/site-packages/airflow/example_dags/tutorial_taskflow_templates.py for tasks to queue
[2024-12-06T22:38:41.052-0600] {logging_mixin.py:190} INFO - [2024-12-06T22:38:41.051-0600] {dagbag.py:588} INFO - Filling up the DagBag from /home/m9d9v9/PycharmProjects/Airflow-2/Airflow-2/.venv/lib/python3.10/site-packages/airflow/example_dags/tutorial_taskflow_templates.py
[2024-12-06T22:38:41.068-0600] {processor.py:925} INFO - DAG(s) 'tutorial_taskflow_templates' retrieved from /home/m9d9v9/PycharmProjects/Airflow-2/Airflow-2/.venv/lib/python3.10/site-packages/airflow/example_dags/tutorial_taskflow_templates.py
[2024-12-06T22:38:41.085-0600] {logging_mixin.py:190} INFO - [2024-12-06T22:38:41.085-0600] {dag.py:3239} INFO - Sync 1 DAGs
[2024-12-06T22:38:41.108-0600] {logging_mixin.py:190} INFO - [2024-12-06T22:38:41.108-0600] {dag.py:4180} INFO - Setting next_dagrun for tutorial_taskflow_templates to 2024-12-06 00:00:00+00:00, run_after=2024-12-07 00:00:00+00:00
[2024-12-06T22:38:41.127-0600] {processor.py:208} INFO - Processing /home/m9d9v9/PycharmProjects/Airflow-2/Airflow-2/.venv/lib/python3.10/site-packages/airflow/example_dags/tutorial_taskflow_templates.py took 0.095 seconds
[2024-12-06T22:39:37.680-0600] {processor.py:186} INFO - Started process (PID=14959) to work on /home/m9d9v9/PycharmProjects/Airflow-2/Airflow-2/.venv/lib/python3.10/site-packages/airflow/example_dags/tutorial_taskflow_templates.py
[2024-12-06T22:39:37.686-0600] {processor.py:914} INFO - Processing file /home/m9d9v9/PycharmProjects/Airflow-2/Airflow-2/.venv/lib/python3.10/site-packages/airflow/example_dags/tutorial_taskflow_templates.py for tasks to queue
[2024-12-06T22:39:37.688-0600] {logging_mixin.py:190} INFO - [2024-12-06T22:39:37.688-0600] {dagbag.py:588} INFO - Filling up the DagBag from /home/m9d9v9/PycharmProjects/Airflow-2/Airflow-2/.venv/lib/python3.10/site-packages/airflow/example_dags/tutorial_taskflow_templates.py
[2024-12-06T22:39:37.698-0600] {processor.py:925} INFO - DAG(s) 'tutorial_taskflow_templates' retrieved from /home/m9d9v9/PycharmProjects/Airflow-2/Airflow-2/.venv/lib/python3.10/site-packages/airflow/example_dags/tutorial_taskflow_templates.py
[2024-12-06T22:39:37.710-0600] {logging_mixin.py:190} INFO - [2024-12-06T22:39:37.710-0600] {dag.py:3239} INFO - Sync 1 DAGs
[2024-12-06T22:39:37.725-0600] {logging_mixin.py:190} INFO - [2024-12-06T22:39:37.725-0600] {dag.py:4180} INFO - Setting next_dagrun for tutorial_taskflow_templates to 2024-12-06 00:00:00+00:00, run_after=2024-12-07 00:00:00+00:00
[2024-12-06T22:39:37.738-0600] {processor.py:208} INFO - Processing /home/m9d9v9/PycharmProjects/Airflow-2/Airflow-2/.venv/lib/python3.10/site-packages/airflow/example_dags/tutorial_taskflow_templates.py took 0.066 seconds
[2024-12-06T22:40:38.546-0600] {processor.py:186} INFO - Started process (PID=15085) to work on /home/m9d9v9/PycharmProjects/Airflow-2/Airflow-2/.venv/lib/python3.10/site-packages/airflow/example_dags/tutorial_taskflow_templates.py
[2024-12-06T22:40:38.553-0600] {processor.py:914} INFO - Processing file /home/m9d9v9/PycharmProjects/Airflow-2/Airflow-2/.venv/lib/python3.10/site-packages/airflow/example_dags/tutorial_taskflow_templates.py for tasks to queue
[2024-12-06T22:40:38.557-0600] {logging_mixin.py:190} INFO - [2024-12-06T22:40:38.556-0600] {dagbag.py:588} INFO - Filling up the DagBag from /home/m9d9v9/PycharmProjects/Airflow-2/Airflow-2/.venv/lib/python3.10/site-packages/airflow/example_dags/tutorial_taskflow_templates.py
[2024-12-06T22:40:38.585-0600] {processor.py:925} INFO - DAG(s) 'tutorial_taskflow_templates' retrieved from /home/m9d9v9/PycharmProjects/Airflow-2/Airflow-2/.venv/lib/python3.10/site-packages/airflow/example_dags/tutorial_taskflow_templates.py
[2024-12-06T22:40:38.600-0600] {logging_mixin.py:190} INFO - [2024-12-06T22:40:38.599-0600] {dag.py:3239} INFO - Sync 1 DAGs
[2024-12-06T22:40:38.613-0600] {logging_mixin.py:190} INFO - [2024-12-06T22:40:38.613-0600] {dag.py:4180} INFO - Setting next_dagrun for tutorial_taskflow_templates to 2024-12-06 00:00:00+00:00, run_after=2024-12-07 00:00:00+00:00
[2024-12-06T22:40:38.630-0600] {processor.py:208} INFO - Processing /home/m9d9v9/PycharmProjects/Airflow-2/Airflow-2/.venv/lib/python3.10/site-packages/airflow/example_dags/tutorial_taskflow_templates.py took 0.101 seconds
[2024-12-06T23:24:54.294-0600] {processor.py:186} INFO - Started process (PID=17090) to work on /home/m9d9v9/PycharmProjects/Airflow-2/Airflow-2/.venv/lib/python3.10/site-packages/airflow/example_dags/tutorial_taskflow_templates.py
[2024-12-06T23:24:54.301-0600] {processor.py:914} INFO - Processing file /home/m9d9v9/PycharmProjects/Airflow-2/Airflow-2/.venv/lib/python3.10/site-packages/airflow/example_dags/tutorial_taskflow_templates.py for tasks to queue
[2024-12-06T23:24:54.304-0600] {logging_mixin.py:190} INFO - [2024-12-06T23:24:54.304-0600] {dagbag.py:588} INFO - Filling up the DagBag from /home/m9d9v9/PycharmProjects/Airflow-2/Airflow-2/.venv/lib/python3.10/site-packages/airflow/example_dags/tutorial_taskflow_templates.py
[2024-12-06T23:24:54.331-0600] {processor.py:925} INFO - DAG(s) 'tutorial_taskflow_templates' retrieved from /home/m9d9v9/PycharmProjects/Airflow-2/Airflow-2/.venv/lib/python3.10/site-packages/airflow/example_dags/tutorial_taskflow_templates.py
[2024-12-06T23:24:54.352-0600] {logging_mixin.py:190} INFO - [2024-12-06T23:24:54.352-0600] {dag.py:3239} INFO - Sync 1 DAGs
[2024-12-06T23:24:54.363-0600] {logging_mixin.py:190} INFO - [2024-12-06T23:24:54.363-0600] {dag.py:4180} INFO - Setting next_dagrun for tutorial_taskflow_templates to 2024-12-06 00:00:00+00:00, run_after=2024-12-07 00:00:00+00:00
[2024-12-06T23:24:54.375-0600] {processor.py:208} INFO - Processing /home/m9d9v9/PycharmProjects/Airflow-2/Airflow-2/.venv/lib/python3.10/site-packages/airflow/example_dags/tutorial_taskflow_templates.py took 0.092 seconds
[2024-12-06T23:25:50.787-0600] {processor.py:186} INFO - Started process (PID=17356) to work on /home/m9d9v9/PycharmProjects/Airflow-2/Airflow-2/.venv/lib/python3.10/site-packages/airflow/example_dags/tutorial_taskflow_templates.py
[2024-12-06T23:25:50.794-0600] {processor.py:914} INFO - Processing file /home/m9d9v9/PycharmProjects/Airflow-2/Airflow-2/.venv/lib/python3.10/site-packages/airflow/example_dags/tutorial_taskflow_templates.py for tasks to queue
[2024-12-06T23:25:50.797-0600] {logging_mixin.py:190} INFO - [2024-12-06T23:25:50.797-0600] {dagbag.py:588} INFO - Filling up the DagBag from /home/m9d9v9/PycharmProjects/Airflow-2/Airflow-2/.venv/lib/python3.10/site-packages/airflow/example_dags/tutorial_taskflow_templates.py
[2024-12-06T23:25:50.819-0600] {processor.py:925} INFO - DAG(s) 'tutorial_taskflow_templates' retrieved from /home/m9d9v9/PycharmProjects/Airflow-2/Airflow-2/.venv/lib/python3.10/site-packages/airflow/example_dags/tutorial_taskflow_templates.py
[2024-12-06T23:25:50.838-0600] {logging_mixin.py:190} INFO - [2024-12-06T23:25:50.838-0600] {dag.py:3239} INFO - Sync 1 DAGs
[2024-12-06T23:25:50.850-0600] {logging_mixin.py:190} INFO - [2024-12-06T23:25:50.850-0600] {dag.py:4180} INFO - Setting next_dagrun for tutorial_taskflow_templates to 2024-12-06 00:00:00+00:00, run_after=2024-12-07 00:00:00+00:00
[2024-12-06T23:25:50.862-0600] {processor.py:208} INFO - Processing /home/m9d9v9/PycharmProjects/Airflow-2/Airflow-2/.venv/lib/python3.10/site-packages/airflow/example_dags/tutorial_taskflow_templates.py took 0.086 seconds
[2024-12-06T23:26:47.881-0600] {processor.py:186} INFO - Started process (PID=17432) to work on /home/m9d9v9/PycharmProjects/Airflow-2/Airflow-2/.venv/lib/python3.10/site-packages/airflow/example_dags/tutorial_taskflow_templates.py
[2024-12-06T23:26:47.888-0600] {processor.py:914} INFO - Processing file /home/m9d9v9/PycharmProjects/Airflow-2/Airflow-2/.venv/lib/python3.10/site-packages/airflow/example_dags/tutorial_taskflow_templates.py for tasks to queue
[2024-12-06T23:26:47.890-0600] {logging_mixin.py:190} INFO - [2024-12-06T23:26:47.890-0600] {dagbag.py:588} INFO - Filling up the DagBag from /home/m9d9v9/PycharmProjects/Airflow-2/Airflow-2/.venv/lib/python3.10/site-packages/airflow/example_dags/tutorial_taskflow_templates.py
[2024-12-06T23:26:47.916-0600] {processor.py:925} INFO - DAG(s) 'tutorial_taskflow_templates' retrieved from /home/m9d9v9/PycharmProjects/Airflow-2/Airflow-2/.venv/lib/python3.10/site-packages/airflow/example_dags/tutorial_taskflow_templates.py
[2024-12-06T23:26:47.936-0600] {logging_mixin.py:190} INFO - [2024-12-06T23:26:47.936-0600] {dag.py:3239} INFO - Sync 1 DAGs
[2024-12-06T23:26:47.952-0600] {logging_mixin.py:190} INFO - [2024-12-06T23:26:47.952-0600] {dag.py:4180} INFO - Setting next_dagrun for tutorial_taskflow_templates to 2024-12-06 00:00:00+00:00, run_after=2024-12-07 00:00:00+00:00
[2024-12-06T23:26:47.966-0600] {processor.py:208} INFO - Processing /home/m9d9v9/PycharmProjects/Airflow-2/Airflow-2/.venv/lib/python3.10/site-packages/airflow/example_dags/tutorial_taskflow_templates.py took 0.097 seconds
[2024-12-06T23:27:43.277-0600] {processor.py:186} INFO - Started process (PID=17503) to work on /home/m9d9v9/PycharmProjects/Airflow-2/Airflow-2/.venv/lib/python3.10/site-packages/airflow/example_dags/tutorial_taskflow_templates.py
[2024-12-06T23:27:43.278-0600] {processor.py:914} INFO - Processing file /home/m9d9v9/PycharmProjects/Airflow-2/Airflow-2/.venv/lib/python3.10/site-packages/airflow/example_dags/tutorial_taskflow_templates.py for tasks to queue
[2024-12-06T23:27:43.279-0600] {logging_mixin.py:190} INFO - [2024-12-06T23:27:43.279-0600] {dagbag.py:588} INFO - Filling up the DagBag from /home/m9d9v9/PycharmProjects/Airflow-2/Airflow-2/.venv/lib/python3.10/site-packages/airflow/example_dags/tutorial_taskflow_templates.py
[2024-12-06T23:27:43.291-0600] {processor.py:925} INFO - DAG(s) 'tutorial_taskflow_templates' retrieved from /home/m9d9v9/PycharmProjects/Airflow-2/Airflow-2/.venv/lib/python3.10/site-packages/airflow/example_dags/tutorial_taskflow_templates.py
[2024-12-06T23:27:43.307-0600] {logging_mixin.py:190} INFO - [2024-12-06T23:27:43.307-0600] {dag.py:3239} INFO - Sync 1 DAGs
[2024-12-06T23:27:43.326-0600] {logging_mixin.py:190} INFO - [2024-12-06T23:27:43.326-0600] {dag.py:4180} INFO - Setting next_dagrun for tutorial_taskflow_templates to 2024-12-06 00:00:00+00:00, run_after=2024-12-07 00:00:00+00:00
[2024-12-06T23:27:43.338-0600] {processor.py:208} INFO - Processing /home/m9d9v9/PycharmProjects/Airflow-2/Airflow-2/.venv/lib/python3.10/site-packages/airflow/example_dags/tutorial_taskflow_templates.py took 0.067 seconds
[2024-12-06T23:28:41.626-0600] {processor.py:186} INFO - Started process (PID=17609) to work on /home/m9d9v9/PycharmProjects/Airflow-2/Airflow-2/.venv/lib/python3.10/site-packages/airflow/example_dags/tutorial_taskflow_templates.py
[2024-12-06T23:28:41.632-0600] {processor.py:914} INFO - Processing file /home/m9d9v9/PycharmProjects/Airflow-2/Airflow-2/.venv/lib/python3.10/site-packages/airflow/example_dags/tutorial_taskflow_templates.py for tasks to queue
[2024-12-06T23:28:41.633-0600] {logging_mixin.py:190} INFO - [2024-12-06T23:28:41.633-0600] {dagbag.py:588} INFO - Filling up the DagBag from /home/m9d9v9/PycharmProjects/Airflow-2/Airflow-2/.venv/lib/python3.10/site-packages/airflow/example_dags/tutorial_taskflow_templates.py
[2024-12-06T23:28:41.649-0600] {processor.py:925} INFO - DAG(s) 'tutorial_taskflow_templates' retrieved from /home/m9d9v9/PycharmProjects/Airflow-2/Airflow-2/.venv/lib/python3.10/site-packages/airflow/example_dags/tutorial_taskflow_templates.py
[2024-12-06T23:28:41.667-0600] {logging_mixin.py:190} INFO - [2024-12-06T23:28:41.667-0600] {dag.py:3239} INFO - Sync 1 DAGs
[2024-12-06T23:28:41.685-0600] {logging_mixin.py:190} INFO - [2024-12-06T23:28:41.684-0600] {dag.py:4180} INFO - Setting next_dagrun for tutorial_taskflow_templates to 2024-12-06 00:00:00+00:00, run_after=2024-12-07 00:00:00+00:00
[2024-12-06T23:28:41.697-0600] {processor.py:208} INFO - Processing /home/m9d9v9/PycharmProjects/Airflow-2/Airflow-2/.venv/lib/python3.10/site-packages/airflow/example_dags/tutorial_taskflow_templates.py took 0.078 seconds
[2024-12-06T23:29:37.505-0600] {processor.py:186} INFO - Started process (PID=17748) to work on /home/m9d9v9/PycharmProjects/Airflow-2/Airflow-2/.venv/lib/python3.10/site-packages/airflow/example_dags/tutorial_taskflow_templates.py
[2024-12-06T23:29:37.512-0600] {processor.py:914} INFO - Processing file /home/m9d9v9/PycharmProjects/Airflow-2/Airflow-2/.venv/lib/python3.10/site-packages/airflow/example_dags/tutorial_taskflow_templates.py for tasks to queue
[2024-12-06T23:29:37.514-0600] {logging_mixin.py:190} INFO - [2024-12-06T23:29:37.513-0600] {dagbag.py:588} INFO - Filling up the DagBag from /home/m9d9v9/PycharmProjects/Airflow-2/Airflow-2/.venv/lib/python3.10/site-packages/airflow/example_dags/tutorial_taskflow_templates.py
[2024-12-06T23:29:37.540-0600] {processor.py:925} INFO - DAG(s) 'tutorial_taskflow_templates' retrieved from /home/m9d9v9/PycharmProjects/Airflow-2/Airflow-2/.venv/lib/python3.10/site-packages/airflow/example_dags/tutorial_taskflow_templates.py
[2024-12-06T23:29:37.557-0600] {logging_mixin.py:190} INFO - [2024-12-06T23:29:37.557-0600] {dag.py:3239} INFO - Sync 1 DAGs
[2024-12-06T23:29:37.569-0600] {logging_mixin.py:190} INFO - [2024-12-06T23:29:37.569-0600] {dag.py:4180} INFO - Setting next_dagrun for tutorial_taskflow_templates to 2024-12-06 00:00:00+00:00, run_after=2024-12-07 00:00:00+00:00
[2024-12-06T23:29:37.581-0600] {processor.py:208} INFO - Processing /home/m9d9v9/PycharmProjects/Airflow-2/Airflow-2/.venv/lib/python3.10/site-packages/airflow/example_dags/tutorial_taskflow_templates.py took 0.086 seconds
[2024-12-06T23:30:32.919-0600] {processor.py:186} INFO - Started process (PID=17869) to work on /home/m9d9v9/PycharmProjects/Airflow-2/Airflow-2/.venv/lib/python3.10/site-packages/airflow/example_dags/tutorial_taskflow_templates.py
[2024-12-06T23:30:32.925-0600] {processor.py:914} INFO - Processing file /home/m9d9v9/PycharmProjects/Airflow-2/Airflow-2/.venv/lib/python3.10/site-packages/airflow/example_dags/tutorial_taskflow_templates.py for tasks to queue
[2024-12-06T23:30:32.928-0600] {logging_mixin.py:190} INFO - [2024-12-06T23:30:32.927-0600] {dagbag.py:588} INFO - Filling up the DagBag from /home/m9d9v9/PycharmProjects/Airflow-2/Airflow-2/.venv/lib/python3.10/site-packages/airflow/example_dags/tutorial_taskflow_templates.py
[2024-12-06T23:30:32.954-0600] {processor.py:925} INFO - DAG(s) 'tutorial_taskflow_templates' retrieved from /home/m9d9v9/PycharmProjects/Airflow-2/Airflow-2/.venv/lib/python3.10/site-packages/airflow/example_dags/tutorial_taskflow_templates.py
[2024-12-06T23:30:32.974-0600] {logging_mixin.py:190} INFO - [2024-12-06T23:30:32.974-0600] {dag.py:3239} INFO - Sync 1 DAGs
[2024-12-06T23:30:32.986-0600] {logging_mixin.py:190} INFO - [2024-12-06T23:30:32.986-0600] {dag.py:4180} INFO - Setting next_dagrun for tutorial_taskflow_templates to 2024-12-06 00:00:00+00:00, run_after=2024-12-07 00:00:00+00:00
[2024-12-06T23:30:33.095-0600] {processor.py:208} INFO - Processing /home/m9d9v9/PycharmProjects/Airflow-2/Airflow-2/.venv/lib/python3.10/site-packages/airflow/example_dags/tutorial_taskflow_templates.py took 0.188 seconds
[2024-12-06T23:31:30.020-0600] {processor.py:186} INFO - Started process (PID=17938) to work on /home/m9d9v9/PycharmProjects/Airflow-2/Airflow-2/.venv/lib/python3.10/site-packages/airflow/example_dags/tutorial_taskflow_templates.py
[2024-12-06T23:31:30.026-0600] {processor.py:914} INFO - Processing file /home/m9d9v9/PycharmProjects/Airflow-2/Airflow-2/.venv/lib/python3.10/site-packages/airflow/example_dags/tutorial_taskflow_templates.py for tasks to queue
[2024-12-06T23:31:30.027-0600] {logging_mixin.py:190} INFO - [2024-12-06T23:31:30.027-0600] {dagbag.py:588} INFO - Filling up the DagBag from /home/m9d9v9/PycharmProjects/Airflow-2/Airflow-2/.venv/lib/python3.10/site-packages/airflow/example_dags/tutorial_taskflow_templates.py
[2024-12-06T23:31:30.041-0600] {processor.py:925} INFO - DAG(s) 'tutorial_taskflow_templates' retrieved from /home/m9d9v9/PycharmProjects/Airflow-2/Airflow-2/.venv/lib/python3.10/site-packages/airflow/example_dags/tutorial_taskflow_templates.py
[2024-12-06T23:31:30.070-0600] {logging_mixin.py:190} INFO - [2024-12-06T23:31:30.070-0600] {dag.py:3239} INFO - Sync 1 DAGs
[2024-12-06T23:31:30.085-0600] {logging_mixin.py:190} INFO - [2024-12-06T23:31:30.085-0600] {dag.py:4180} INFO - Setting next_dagrun for tutorial_taskflow_templates to 2024-12-06 00:00:00+00:00, run_after=2024-12-07 00:00:00+00:00
[2024-12-06T23:31:30.096-0600] {processor.py:208} INFO - Processing /home/m9d9v9/PycharmProjects/Airflow-2/Airflow-2/.venv/lib/python3.10/site-packages/airflow/example_dags/tutorial_taskflow_templates.py took 0.080 seconds
[2024-12-06T23:32:29.033-0600] {processor.py:186} INFO - Started process (PID=18050) to work on /home/m9d9v9/PycharmProjects/Airflow-2/Airflow-2/.venv/lib/python3.10/site-packages/airflow/example_dags/tutorial_taskflow_templates.py
[2024-12-06T23:32:29.039-0600] {processor.py:914} INFO - Processing file /home/m9d9v9/PycharmProjects/Airflow-2/Airflow-2/.venv/lib/python3.10/site-packages/airflow/example_dags/tutorial_taskflow_templates.py for tasks to queue
[2024-12-06T23:32:29.041-0600] {logging_mixin.py:190} INFO - [2024-12-06T23:32:29.040-0600] {dagbag.py:588} INFO - Filling up the DagBag from /home/m9d9v9/PycharmProjects/Airflow-2/Airflow-2/.venv/lib/python3.10/site-packages/airflow/example_dags/tutorial_taskflow_templates.py
[2024-12-06T23:32:29.049-0600] {processor.py:925} INFO - DAG(s) 'tutorial_taskflow_templates' retrieved from /home/m9d9v9/PycharmProjects/Airflow-2/Airflow-2/.venv/lib/python3.10/site-packages/airflow/example_dags/tutorial_taskflow_templates.py
[2024-12-06T23:32:29.059-0600] {logging_mixin.py:190} INFO - [2024-12-06T23:32:29.059-0600] {dag.py:3239} INFO - Sync 1 DAGs
[2024-12-06T23:32:29.071-0600] {logging_mixin.py:190} INFO - [2024-12-06T23:32:29.071-0600] {dag.py:4180} INFO - Setting next_dagrun for tutorial_taskflow_templates to 2024-12-06 00:00:00+00:00, run_after=2024-12-07 00:00:00+00:00
[2024-12-06T23:32:29.082-0600] {processor.py:208} INFO - Processing /home/m9d9v9/PycharmProjects/Airflow-2/Airflow-2/.venv/lib/python3.10/site-packages/airflow/example_dags/tutorial_taskflow_templates.py took 0.052 seconds
[2024-12-06T23:33:25.465-0600] {processor.py:186} INFO - Started process (PID=18117) to work on /home/m9d9v9/PycharmProjects/Airflow-2/Airflow-2/.venv/lib/python3.10/site-packages/airflow/example_dags/tutorial_taskflow_templates.py
[2024-12-06T23:33:25.472-0600] {processor.py:914} INFO - Processing file /home/m9d9v9/PycharmProjects/Airflow-2/Airflow-2/.venv/lib/python3.10/site-packages/airflow/example_dags/tutorial_taskflow_templates.py for tasks to queue
[2024-12-06T23:33:25.474-0600] {logging_mixin.py:190} INFO - [2024-12-06T23:33:25.474-0600] {dagbag.py:588} INFO - Filling up the DagBag from /home/m9d9v9/PycharmProjects/Airflow-2/Airflow-2/.venv/lib/python3.10/site-packages/airflow/example_dags/tutorial_taskflow_templates.py
[2024-12-06T23:33:25.498-0600] {processor.py:925} INFO - DAG(s) 'tutorial_taskflow_templates' retrieved from /home/m9d9v9/PycharmProjects/Airflow-2/Airflow-2/.venv/lib/python3.10/site-packages/airflow/example_dags/tutorial_taskflow_templates.py
[2024-12-06T23:33:25.518-0600] {logging_mixin.py:190} INFO - [2024-12-06T23:33:25.518-0600] {dag.py:3239} INFO - Sync 1 DAGs
[2024-12-06T23:33:25.624-0600] {logging_mixin.py:190} INFO - [2024-12-06T23:33:25.624-0600] {dag.py:4180} INFO - Setting next_dagrun for tutorial_taskflow_templates to 2024-12-06 00:00:00+00:00, run_after=2024-12-07 00:00:00+00:00
[2024-12-06T23:33:25.635-0600] {processor.py:208} INFO - Processing /home/m9d9v9/PycharmProjects/Airflow-2/Airflow-2/.venv/lib/python3.10/site-packages/airflow/example_dags/tutorial_taskflow_templates.py took 0.180 seconds
[2024-12-06T23:34:21.159-0600] {processor.py:186} INFO - Started process (PID=18188) to work on /home/m9d9v9/PycharmProjects/Airflow-2/Airflow-2/.venv/lib/python3.10/site-packages/airflow/example_dags/tutorial_taskflow_templates.py
[2024-12-06T23:34:21.166-0600] {processor.py:914} INFO - Processing file /home/m9d9v9/PycharmProjects/Airflow-2/Airflow-2/.venv/lib/python3.10/site-packages/airflow/example_dags/tutorial_taskflow_templates.py for tasks to queue
[2024-12-06T23:34:21.168-0600] {logging_mixin.py:190} INFO - [2024-12-06T23:34:21.167-0600] {dagbag.py:588} INFO - Filling up the DagBag from /home/m9d9v9/PycharmProjects/Airflow-2/Airflow-2/.venv/lib/python3.10/site-packages/airflow/example_dags/tutorial_taskflow_templates.py
[2024-12-06T23:34:21.195-0600] {processor.py:925} INFO - DAG(s) 'tutorial_taskflow_templates' retrieved from /home/m9d9v9/PycharmProjects/Airflow-2/Airflow-2/.venv/lib/python3.10/site-packages/airflow/example_dags/tutorial_taskflow_templates.py
[2024-12-06T23:34:21.211-0600] {logging_mixin.py:190} INFO - [2024-12-06T23:34:21.211-0600] {dag.py:3239} INFO - Sync 1 DAGs
[2024-12-06T23:34:21.223-0600] {logging_mixin.py:190} INFO - [2024-12-06T23:34:21.223-0600] {dag.py:4180} INFO - Setting next_dagrun for tutorial_taskflow_templates to 2024-12-06 00:00:00+00:00, run_after=2024-12-07 00:00:00+00:00
[2024-12-06T23:34:21.331-0600] {processor.py:208} INFO - Processing /home/m9d9v9/PycharmProjects/Airflow-2/Airflow-2/.venv/lib/python3.10/site-packages/airflow/example_dags/tutorial_taskflow_templates.py took 0.184 seconds
[2024-12-06T23:35:24.404-0600] {processor.py:186} INFO - Started process (PID=18323) to work on /home/m9d9v9/PycharmProjects/Airflow-2/Airflow-2/.venv/lib/python3.10/site-packages/airflow/example_dags/tutorial_taskflow_templates.py
[2024-12-06T23:35:24.412-0600] {processor.py:914} INFO - Processing file /home/m9d9v9/PycharmProjects/Airflow-2/Airflow-2/.venv/lib/python3.10/site-packages/airflow/example_dags/tutorial_taskflow_templates.py for tasks to queue
[2024-12-06T23:35:24.413-0600] {logging_mixin.py:190} INFO - [2024-12-06T23:35:24.413-0600] {dagbag.py:588} INFO - Filling up the DagBag from /home/m9d9v9/PycharmProjects/Airflow-2/Airflow-2/.venv/lib/python3.10/site-packages/airflow/example_dags/tutorial_taskflow_templates.py
[2024-12-06T23:35:24.438-0600] {processor.py:925} INFO - DAG(s) 'tutorial_taskflow_templates' retrieved from /home/m9d9v9/PycharmProjects/Airflow-2/Airflow-2/.venv/lib/python3.10/site-packages/airflow/example_dags/tutorial_taskflow_templates.py
[2024-12-06T23:35:24.455-0600] {logging_mixin.py:190} INFO - [2024-12-06T23:35:24.455-0600] {dag.py:3239} INFO - Sync 1 DAGs
[2024-12-06T23:35:24.467-0600] {logging_mixin.py:190} INFO - [2024-12-06T23:35:24.466-0600] {dag.py:4180} INFO - Setting next_dagrun for tutorial_taskflow_templates to 2024-12-06 00:00:00+00:00, run_after=2024-12-07 00:00:00+00:00
[2024-12-06T23:35:24.570-0600] {processor.py:208} INFO - Processing /home/m9d9v9/PycharmProjects/Airflow-2/Airflow-2/.venv/lib/python3.10/site-packages/airflow/example_dags/tutorial_taskflow_templates.py took 0.177 seconds
[2024-12-06T23:36:28.424-0600] {processor.py:186} INFO - Started process (PID=18397) to work on /home/m9d9v9/PycharmProjects/Airflow-2/Airflow-2/.venv/lib/python3.10/site-packages/airflow/example_dags/tutorial_taskflow_templates.py
[2024-12-06T23:36:28.430-0600] {processor.py:914} INFO - Processing file /home/m9d9v9/PycharmProjects/Airflow-2/Airflow-2/.venv/lib/python3.10/site-packages/airflow/example_dags/tutorial_taskflow_templates.py for tasks to queue
[2024-12-06T23:36:28.432-0600] {logging_mixin.py:190} INFO - [2024-12-06T23:36:28.432-0600] {dagbag.py:588} INFO - Filling up the DagBag from /home/m9d9v9/PycharmProjects/Airflow-2/Airflow-2/.venv/lib/python3.10/site-packages/airflow/example_dags/tutorial_taskflow_templates.py
[2024-12-06T23:36:28.454-0600] {processor.py:925} INFO - DAG(s) 'tutorial_taskflow_templates' retrieved from /home/m9d9v9/PycharmProjects/Airflow-2/Airflow-2/.venv/lib/python3.10/site-packages/airflow/example_dags/tutorial_taskflow_templates.py
[2024-12-06T23:36:28.475-0600] {logging_mixin.py:190} INFO - [2024-12-06T23:36:28.475-0600] {dag.py:3239} INFO - Sync 1 DAGs
[2024-12-06T23:36:28.487-0600] {logging_mixin.py:190} INFO - [2024-12-06T23:36:28.486-0600] {dag.py:4180} INFO - Setting next_dagrun for tutorial_taskflow_templates to 2024-12-06 00:00:00+00:00, run_after=2024-12-07 00:00:00+00:00
[2024-12-06T23:36:28.497-0600] {processor.py:208} INFO - Processing /home/m9d9v9/PycharmProjects/Airflow-2/Airflow-2/.venv/lib/python3.10/site-packages/airflow/example_dags/tutorial_taskflow_templates.py took 0.085 seconds
[2024-12-06T23:37:29.325-0600] {processor.py:186} INFO - Started process (PID=18677) to work on /home/m9d9v9/PycharmProjects/Airflow-2/Airflow-2/.venv/lib/python3.10/site-packages/airflow/example_dags/tutorial_taskflow_templates.py
[2024-12-06T23:37:29.330-0600] {processor.py:914} INFO - Processing file /home/m9d9v9/PycharmProjects/Airflow-2/Airflow-2/.venv/lib/python3.10/site-packages/airflow/example_dags/tutorial_taskflow_templates.py for tasks to queue
[2024-12-06T23:37:29.331-0600] {logging_mixin.py:190} INFO - [2024-12-06T23:37:29.331-0600] {dagbag.py:588} INFO - Filling up the DagBag from /home/m9d9v9/PycharmProjects/Airflow-2/Airflow-2/.venv/lib/python3.10/site-packages/airflow/example_dags/tutorial_taskflow_templates.py
[2024-12-06T23:37:29.340-0600] {processor.py:925} INFO - DAG(s) 'tutorial_taskflow_templates' retrieved from /home/m9d9v9/PycharmProjects/Airflow-2/Airflow-2/.venv/lib/python3.10/site-packages/airflow/example_dags/tutorial_taskflow_templates.py
[2024-12-06T23:37:29.352-0600] {logging_mixin.py:190} INFO - [2024-12-06T23:37:29.351-0600] {dag.py:3239} INFO - Sync 1 DAGs
[2024-12-06T23:37:29.366-0600] {logging_mixin.py:190} INFO - [2024-12-06T23:37:29.365-0600] {dag.py:4180} INFO - Setting next_dagrun for tutorial_taskflow_templates to 2024-12-06 00:00:00+00:00, run_after=2024-12-07 00:00:00+00:00
[2024-12-06T23:37:29.379-0600] {processor.py:208} INFO - Processing /home/m9d9v9/PycharmProjects/Airflow-2/Airflow-2/.venv/lib/python3.10/site-packages/airflow/example_dags/tutorial_taskflow_templates.py took 0.059 seconds
[2024-12-06T23:38:28.338-0600] {processor.py:186} INFO - Started process (PID=18802) to work on /home/m9d9v9/PycharmProjects/Airflow-2/Airflow-2/.venv/lib/python3.10/site-packages/airflow/example_dags/tutorial_taskflow_templates.py
[2024-12-06T23:38:28.344-0600] {processor.py:914} INFO - Processing file /home/m9d9v9/PycharmProjects/Airflow-2/Airflow-2/.venv/lib/python3.10/site-packages/airflow/example_dags/tutorial_taskflow_templates.py for tasks to queue
[2024-12-06T23:38:28.346-0600] {logging_mixin.py:190} INFO - [2024-12-06T23:38:28.345-0600] {dagbag.py:588} INFO - Filling up the DagBag from /home/m9d9v9/PycharmProjects/Airflow-2/Airflow-2/.venv/lib/python3.10/site-packages/airflow/example_dags/tutorial_taskflow_templates.py
[2024-12-06T23:38:28.356-0600] {processor.py:925} INFO - DAG(s) 'tutorial_taskflow_templates' retrieved from /home/m9d9v9/PycharmProjects/Airflow-2/Airflow-2/.venv/lib/python3.10/site-packages/airflow/example_dags/tutorial_taskflow_templates.py
[2024-12-06T23:38:28.368-0600] {logging_mixin.py:190} INFO - [2024-12-06T23:38:28.367-0600] {dag.py:3239} INFO - Sync 1 DAGs
[2024-12-06T23:38:28.381-0600] {logging_mixin.py:190} INFO - [2024-12-06T23:38:28.380-0600] {dag.py:4180} INFO - Setting next_dagrun for tutorial_taskflow_templates to 2024-12-06 00:00:00+00:00, run_after=2024-12-07 00:00:00+00:00
[2024-12-06T23:38:28.392-0600] {processor.py:208} INFO - Processing /home/m9d9v9/PycharmProjects/Airflow-2/Airflow-2/.venv/lib/python3.10/site-packages/airflow/example_dags/tutorial_taskflow_templates.py took 0.058 seconds
[2024-12-06T23:39:02.479-0600] {processor.py:186} INFO - Started process (PID=18893) to work on /home/m9d9v9/PycharmProjects/Airflow-2/Airflow-2/.venv/lib/python3.10/site-packages/airflow/example_dags/tutorial_taskflow_templates.py
[2024-12-06T23:39:02.486-0600] {processor.py:914} INFO - Processing file /home/m9d9v9/PycharmProjects/Airflow-2/Airflow-2/.venv/lib/python3.10/site-packages/airflow/example_dags/tutorial_taskflow_templates.py for tasks to queue
[2024-12-06T23:39:02.487-0600] {logging_mixin.py:190} INFO - [2024-12-06T23:39:02.487-0600] {dagbag.py:588} INFO - Filling up the DagBag from /home/m9d9v9/PycharmProjects/Airflow-2/Airflow-2/.venv/lib/python3.10/site-packages/airflow/example_dags/tutorial_taskflow_templates.py
[2024-12-06T23:39:02.506-0600] {processor.py:925} INFO - DAG(s) 'tutorial_taskflow_templates' retrieved from /home/m9d9v9/PycharmProjects/Airflow-2/Airflow-2/.venv/lib/python3.10/site-packages/airflow/example_dags/tutorial_taskflow_templates.py
[2024-12-06T23:39:02.527-0600] {logging_mixin.py:190} INFO - [2024-12-06T23:39:02.527-0600] {dag.py:3239} INFO - Sync 1 DAGs
[2024-12-06T23:39:02.542-0600] {logging_mixin.py:190} INFO - [2024-12-06T23:39:02.542-0600] {dag.py:4180} INFO - Setting next_dagrun for tutorial_taskflow_templates to 2024-12-06 00:00:00+00:00, run_after=2024-12-07 00:00:00+00:00
[2024-12-06T23:39:02.556-0600] {processor.py:208} INFO - Processing /home/m9d9v9/PycharmProjects/Airflow-2/Airflow-2/.venv/lib/python3.10/site-packages/airflow/example_dags/tutorial_taskflow_templates.py took 0.085 seconds
[2024-12-06T23:39:35.608-0600] {processor.py:186} INFO - Started process (PID=19061) to work on /home/m9d9v9/PycharmProjects/Airflow-2/Airflow-2/.venv/lib/python3.10/site-packages/airflow/example_dags/tutorial_taskflow_templates.py
[2024-12-06T23:39:35.615-0600] {processor.py:914} INFO - Processing file /home/m9d9v9/PycharmProjects/Airflow-2/Airflow-2/.venv/lib/python3.10/site-packages/airflow/example_dags/tutorial_taskflow_templates.py for tasks to queue
[2024-12-06T23:39:35.618-0600] {logging_mixin.py:190} INFO - [2024-12-06T23:39:35.617-0600] {dagbag.py:588} INFO - Filling up the DagBag from /home/m9d9v9/PycharmProjects/Airflow-2/Airflow-2/.venv/lib/python3.10/site-packages/airflow/example_dags/tutorial_taskflow_templates.py
[2024-12-06T23:39:35.642-0600] {processor.py:925} INFO - DAG(s) 'tutorial_taskflow_templates' retrieved from /home/m9d9v9/PycharmProjects/Airflow-2/Airflow-2/.venv/lib/python3.10/site-packages/airflow/example_dags/tutorial_taskflow_templates.py
[2024-12-06T23:39:35.662-0600] {logging_mixin.py:190} INFO - [2024-12-06T23:39:35.661-0600] {dag.py:3239} INFO - Sync 1 DAGs
[2024-12-06T23:39:35.674-0600] {logging_mixin.py:190} INFO - [2024-12-06T23:39:35.674-0600] {dag.py:4180} INFO - Setting next_dagrun for tutorial_taskflow_templates to 2024-12-06 00:00:00+00:00, run_after=2024-12-07 00:00:00+00:00
[2024-12-06T23:39:35.685-0600] {processor.py:208} INFO - Processing /home/m9d9v9/PycharmProjects/Airflow-2/Airflow-2/.venv/lib/python3.10/site-packages/airflow/example_dags/tutorial_taskflow_templates.py took 0.088 seconds
[2024-12-06T23:40:32.202-0600] {processor.py:186} INFO - Started process (PID=19249) to work on /home/m9d9v9/PycharmProjects/Airflow-2/Airflow-2/.venv/lib/python3.10/site-packages/airflow/example_dags/tutorial_taskflow_templates.py
[2024-12-06T23:40:32.208-0600] {processor.py:914} INFO - Processing file /home/m9d9v9/PycharmProjects/Airflow-2/Airflow-2/.venv/lib/python3.10/site-packages/airflow/example_dags/tutorial_taskflow_templates.py for tasks to queue
[2024-12-06T23:40:32.210-0600] {logging_mixin.py:190} INFO - [2024-12-06T23:40:32.209-0600] {dagbag.py:588} INFO - Filling up the DagBag from /home/m9d9v9/PycharmProjects/Airflow-2/Airflow-2/.venv/lib/python3.10/site-packages/airflow/example_dags/tutorial_taskflow_templates.py
[2024-12-06T23:40:32.224-0600] {processor.py:925} INFO - DAG(s) 'tutorial_taskflow_templates' retrieved from /home/m9d9v9/PycharmProjects/Airflow-2/Airflow-2/.venv/lib/python3.10/site-packages/airflow/example_dags/tutorial_taskflow_templates.py
[2024-12-06T23:40:32.243-0600] {logging_mixin.py:190} INFO - [2024-12-06T23:40:32.243-0600] {dag.py:3239} INFO - Sync 1 DAGs
[2024-12-06T23:40:32.263-0600] {logging_mixin.py:190} INFO - [2024-12-06T23:40:32.263-0600] {dag.py:4180} INFO - Setting next_dagrun for tutorial_taskflow_templates to 2024-12-06 00:00:00+00:00, run_after=2024-12-07 00:00:00+00:00
[2024-12-06T23:40:32.275-0600] {processor.py:208} INFO - Processing /home/m9d9v9/PycharmProjects/Airflow-2/Airflow-2/.venv/lib/python3.10/site-packages/airflow/example_dags/tutorial_taskflow_templates.py took 0.081 seconds
[2024-12-06T23:41:25.786-0600] {processor.py:186} INFO - Started process (PID=19337) to work on /home/m9d9v9/PycharmProjects/Airflow-2/Airflow-2/.venv/lib/python3.10/site-packages/airflow/example_dags/tutorial_taskflow_templates.py
[2024-12-06T23:41:25.792-0600] {processor.py:914} INFO - Processing file /home/m9d9v9/PycharmProjects/Airflow-2/Airflow-2/.venv/lib/python3.10/site-packages/airflow/example_dags/tutorial_taskflow_templates.py for tasks to queue
[2024-12-06T23:41:25.793-0600] {logging_mixin.py:190} INFO - [2024-12-06T23:41:25.793-0600] {dagbag.py:588} INFO - Filling up the DagBag from /home/m9d9v9/PycharmProjects/Airflow-2/Airflow-2/.venv/lib/python3.10/site-packages/airflow/example_dags/tutorial_taskflow_templates.py
[2024-12-06T23:41:25.809-0600] {processor.py:925} INFO - DAG(s) 'tutorial_taskflow_templates' retrieved from /home/m9d9v9/PycharmProjects/Airflow-2/Airflow-2/.venv/lib/python3.10/site-packages/airflow/example_dags/tutorial_taskflow_templates.py
[2024-12-06T23:41:25.830-0600] {logging_mixin.py:190} INFO - [2024-12-06T23:41:25.830-0600] {dag.py:3239} INFO - Sync 1 DAGs
[2024-12-06T23:41:25.847-0600] {logging_mixin.py:190} INFO - [2024-12-06T23:41:25.847-0600] {dag.py:4180} INFO - Setting next_dagrun for tutorial_taskflow_templates to 2024-12-06 00:00:00+00:00, run_after=2024-12-07 00:00:00+00:00
[2024-12-06T23:41:25.861-0600] {processor.py:208} INFO - Processing /home/m9d9v9/PycharmProjects/Airflow-2/Airflow-2/.venv/lib/python3.10/site-packages/airflow/example_dags/tutorial_taskflow_templates.py took 0.083 seconds
