[2024-12-06T22:18:50.268-0600] {processor.py:186} INFO - Started process (PID=12495) to work on /home/m9d9v9/PycharmProjects/Airflow-2/Airflow-2/.venv/lib/python3.10/site-packages/airflow/example_dags/tutorial_objectstorage.py
[2024-12-06T22:18:50.269-0600] {processor.py:914} INFO - Processing file /home/m9d9v9/PycharmProjects/Airflow-2/Airflow-2/.venv/lib/python3.10/site-packages/airflow/example_dags/tutorial_objectstorage.py for tasks to queue
[2024-12-06T22:18:50.271-0600] {logging_mixin.py:190} INFO - [2024-12-06T22:18:50.270-0600] {dagbag.py:588} INFO - Filling up the DagBag from /home/m9d9v9/PycharmProjects/Airflow-2/Airflow-2/.venv/lib/python3.10/site-packages/airflow/example_dags/tutorial_objectstorage.py
[2024-12-06T22:18:50.278-0600] {processor.py:925} INFO - DAG(s) 'tutorial_objectstorage' retrieved from /home/m9d9v9/PycharmProjects/Airflow-2/Airflow-2/.venv/lib/python3.10/site-packages/airflow/example_dags/tutorial_objectstorage.py
[2024-12-06T22:18:50.346-0600] {logging_mixin.py:190} INFO - [2024-12-06T22:18:50.345-0600] {override.py:1911} INFO - Created Permission View: can edit on DAG:tutorial_objectstorage
[2024-12-06T22:18:50.353-0600] {logging_mixin.py:190} INFO - [2024-12-06T22:18:50.353-0600] {override.py:1911} INFO - Created Permission View: can read on DAG:tutorial_objectstorage
[2024-12-06T22:18:50.358-0600] {logging_mixin.py:190} INFO - [2024-12-06T22:18:50.358-0600] {override.py:1911} INFO - Created Permission View: can delete on DAG:tutorial_objectstorage
[2024-12-06T22:18:50.364-0600] {logging_mixin.py:190} INFO - [2024-12-06T22:18:50.364-0600] {override.py:1911} INFO - Created Permission View: menu access on DAG Run:tutorial_objectstorage
[2024-12-06T22:18:50.370-0600] {logging_mixin.py:190} INFO - [2024-12-06T22:18:50.369-0600] {override.py:1911} INFO - Created Permission View: can create on DAG Run:tutorial_objectstorage
[2024-12-06T22:18:50.374-0600] {logging_mixin.py:190} INFO - [2024-12-06T22:18:50.374-0600] {override.py:1911} INFO - Created Permission View: can read on DAG Run:tutorial_objectstorage
[2024-12-06T22:18:50.379-0600] {logging_mixin.py:190} INFO - [2024-12-06T22:18:50.379-0600] {override.py:1911} INFO - Created Permission View: can delete on DAG Run:tutorial_objectstorage
[2024-12-06T22:18:50.379-0600] {logging_mixin.py:190} INFO - [2024-12-06T22:18:50.379-0600] {dag.py:3239} INFO - Sync 1 DAGs
[2024-12-06T22:18:50.387-0600] {logging_mixin.py:190} INFO - [2024-12-06T22:18:50.387-0600] {dag.py:3262} INFO - Creating ORM DAG for tutorial_objectstorage
[2024-12-06T22:18:50.387-0600] {logging_mixin.py:190} INFO - [2024-12-06T22:18:50.387-0600] {dag.py:4180} INFO - Setting next_dagrun for tutorial_objectstorage to None, run_after=None
[2024-12-06T22:18:50.399-0600] {processor.py:208} INFO - Processing /home/m9d9v9/PycharmProjects/Airflow-2/Airflow-2/.venv/lib/python3.10/site-packages/airflow/example_dags/tutorial_objectstorage.py took 0.137 seconds
[2024-12-06T22:19:51.141-0600] {processor.py:186} INFO - Started process (PID=12597) to work on /home/m9d9v9/PycharmProjects/Airflow-2/Airflow-2/.venv/lib/python3.10/site-packages/airflow/example_dags/tutorial_objectstorage.py
[2024-12-06T22:19:51.148-0600] {processor.py:914} INFO - Processing file /home/m9d9v9/PycharmProjects/Airflow-2/Airflow-2/.venv/lib/python3.10/site-packages/airflow/example_dags/tutorial_objectstorage.py for tasks to queue
[2024-12-06T22:19:51.152-0600] {logging_mixin.py:190} INFO - [2024-12-06T22:19:51.152-0600] {dagbag.py:588} INFO - Filling up the DagBag from /home/m9d9v9/PycharmProjects/Airflow-2/Airflow-2/.venv/lib/python3.10/site-packages/airflow/example_dags/tutorial_objectstorage.py
[2024-12-06T22:19:51.171-0600] {processor.py:925} INFO - DAG(s) 'tutorial_objectstorage' retrieved from /home/m9d9v9/PycharmProjects/Airflow-2/Airflow-2/.venv/lib/python3.10/site-packages/airflow/example_dags/tutorial_objectstorage.py
[2024-12-06T22:19:51.193-0600] {logging_mixin.py:190} INFO - [2024-12-06T22:19:51.193-0600] {dag.py:3239} INFO - Sync 1 DAGs
[2024-12-06T22:19:51.201-0600] {logging_mixin.py:190} INFO - [2024-12-06T22:19:51.201-0600] {dag.py:4180} INFO - Setting next_dagrun for tutorial_objectstorage to None, run_after=None
[2024-12-06T22:19:51.212-0600] {processor.py:208} INFO - Processing /home/m9d9v9/PycharmProjects/Airflow-2/Airflow-2/.venv/lib/python3.10/site-packages/airflow/example_dags/tutorial_objectstorage.py took 0.083 seconds
[2024-12-06T22:20:46.840-0600] {processor.py:186} INFO - Started process (PID=12687) to work on /home/m9d9v9/PycharmProjects/Airflow-2/Airflow-2/.venv/lib/python3.10/site-packages/airflow/example_dags/tutorial_objectstorage.py
[2024-12-06T22:20:46.848-0600] {processor.py:914} INFO - Processing file /home/m9d9v9/PycharmProjects/Airflow-2/Airflow-2/.venv/lib/python3.10/site-packages/airflow/example_dags/tutorial_objectstorage.py for tasks to queue
[2024-12-06T22:20:46.852-0600] {logging_mixin.py:190} INFO - [2024-12-06T22:20:46.852-0600] {dagbag.py:588} INFO - Filling up the DagBag from /home/m9d9v9/PycharmProjects/Airflow-2/Airflow-2/.venv/lib/python3.10/site-packages/airflow/example_dags/tutorial_objectstorage.py
[2024-12-06T22:20:46.863-0600] {processor.py:925} INFO - DAG(s) 'tutorial_objectstorage' retrieved from /home/m9d9v9/PycharmProjects/Airflow-2/Airflow-2/.venv/lib/python3.10/site-packages/airflow/example_dags/tutorial_objectstorage.py
[2024-12-06T22:20:46.881-0600] {logging_mixin.py:190} INFO - [2024-12-06T22:20:46.880-0600] {dag.py:3239} INFO - Sync 1 DAGs
[2024-12-06T22:20:46.896-0600] {logging_mixin.py:190} INFO - [2024-12-06T22:20:46.896-0600] {dag.py:4180} INFO - Setting next_dagrun for tutorial_objectstorage to None, run_after=None
[2024-12-06T22:20:46.909-0600] {processor.py:208} INFO - Processing /home/m9d9v9/PycharmProjects/Airflow-2/Airflow-2/.venv/lib/python3.10/site-packages/airflow/example_dags/tutorial_objectstorage.py took 0.074 seconds
[2024-12-06T22:21:45.103-0600] {processor.py:186} INFO - Started process (PID=12761) to work on /home/m9d9v9/PycharmProjects/Airflow-2/Airflow-2/.venv/lib/python3.10/site-packages/airflow/example_dags/tutorial_objectstorage.py
[2024-12-06T22:21:45.110-0600] {processor.py:914} INFO - Processing file /home/m9d9v9/PycharmProjects/Airflow-2/Airflow-2/.venv/lib/python3.10/site-packages/airflow/example_dags/tutorial_objectstorage.py for tasks to queue
[2024-12-06T22:21:45.114-0600] {logging_mixin.py:190} INFO - [2024-12-06T22:21:45.114-0600] {dagbag.py:588} INFO - Filling up the DagBag from /home/m9d9v9/PycharmProjects/Airflow-2/Airflow-2/.venv/lib/python3.10/site-packages/airflow/example_dags/tutorial_objectstorage.py
[2024-12-06T22:21:45.134-0600] {processor.py:925} INFO - DAG(s) 'tutorial_objectstorage' retrieved from /home/m9d9v9/PycharmProjects/Airflow-2/Airflow-2/.venv/lib/python3.10/site-packages/airflow/example_dags/tutorial_objectstorage.py
[2024-12-06T22:21:45.154-0600] {logging_mixin.py:190} INFO - [2024-12-06T22:21:45.154-0600] {dag.py:3239} INFO - Sync 1 DAGs
[2024-12-06T22:21:45.162-0600] {logging_mixin.py:190} INFO - [2024-12-06T22:21:45.162-0600] {dag.py:4180} INFO - Setting next_dagrun for tutorial_objectstorage to None, run_after=None
[2024-12-06T22:21:45.174-0600] {processor.py:208} INFO - Processing /home/m9d9v9/PycharmProjects/Airflow-2/Airflow-2/.venv/lib/python3.10/site-packages/airflow/example_dags/tutorial_objectstorage.py took 0.083 seconds
[2024-12-06T22:23:02.792-0600] {processor.py:186} INFO - Started process (PID=12923) to work on /home/m9d9v9/PycharmProjects/Airflow-2/Airflow-2/.venv/lib/python3.10/site-packages/airflow/example_dags/tutorial_objectstorage.py
[2024-12-06T22:23:02.793-0600] {processor.py:914} INFO - Processing file /home/m9d9v9/PycharmProjects/Airflow-2/Airflow-2/.venv/lib/python3.10/site-packages/airflow/example_dags/tutorial_objectstorage.py for tasks to queue
[2024-12-06T22:23:02.795-0600] {logging_mixin.py:190} INFO - [2024-12-06T22:23:02.795-0600] {dagbag.py:588} INFO - Filling up the DagBag from /home/m9d9v9/PycharmProjects/Airflow-2/Airflow-2/.venv/lib/python3.10/site-packages/airflow/example_dags/tutorial_objectstorage.py
[2024-12-06T22:23:02.806-0600] {processor.py:925} INFO - DAG(s) 'tutorial_objectstorage' retrieved from /home/m9d9v9/PycharmProjects/Airflow-2/Airflow-2/.venv/lib/python3.10/site-packages/airflow/example_dags/tutorial_objectstorage.py
[2024-12-06T22:23:02.820-0600] {logging_mixin.py:190} INFO - [2024-12-06T22:23:02.819-0600] {dag.py:3239} INFO - Sync 1 DAGs
[2024-12-06T22:23:02.832-0600] {logging_mixin.py:190} INFO - [2024-12-06T22:23:02.832-0600] {dag.py:4180} INFO - Setting next_dagrun for tutorial_objectstorage to None, run_after=None
[2024-12-06T22:23:02.845-0600] {processor.py:208} INFO - Processing /home/m9d9v9/PycharmProjects/Airflow-2/Airflow-2/.venv/lib/python3.10/site-packages/airflow/example_dags/tutorial_objectstorage.py took 0.060 seconds
[2024-12-06T22:24:00.766-0600] {processor.py:186} INFO - Started process (PID=12996) to work on /home/m9d9v9/PycharmProjects/Airflow-2/Airflow-2/.venv/lib/python3.10/site-packages/airflow/example_dags/tutorial_objectstorage.py
[2024-12-06T22:24:00.772-0600] {processor.py:914} INFO - Processing file /home/m9d9v9/PycharmProjects/Airflow-2/Airflow-2/.venv/lib/python3.10/site-packages/airflow/example_dags/tutorial_objectstorage.py for tasks to queue
[2024-12-06T22:24:00.773-0600] {logging_mixin.py:190} INFO - [2024-12-06T22:24:00.772-0600] {dagbag.py:588} INFO - Filling up the DagBag from /home/m9d9v9/PycharmProjects/Airflow-2/Airflow-2/.venv/lib/python3.10/site-packages/airflow/example_dags/tutorial_objectstorage.py
[2024-12-06T22:24:00.781-0600] {processor.py:925} INFO - DAG(s) 'tutorial_objectstorage' retrieved from /home/m9d9v9/PycharmProjects/Airflow-2/Airflow-2/.venv/lib/python3.10/site-packages/airflow/example_dags/tutorial_objectstorage.py
[2024-12-06T22:24:00.800-0600] {logging_mixin.py:190} INFO - [2024-12-06T22:24:00.799-0600] {dag.py:3239} INFO - Sync 1 DAGs
[2024-12-06T22:24:00.820-0600] {logging_mixin.py:190} INFO - [2024-12-06T22:24:00.820-0600] {dag.py:4180} INFO - Setting next_dagrun for tutorial_objectstorage to None, run_after=None
[2024-12-06T22:24:00.832-0600] {processor.py:208} INFO - Processing /home/m9d9v9/PycharmProjects/Airflow-2/Airflow-2/.venv/lib/python3.10/site-packages/airflow/example_dags/tutorial_objectstorage.py took 0.072 seconds
[2024-12-06T22:24:56.749-0600] {processor.py:186} INFO - Started process (PID=13076) to work on /home/m9d9v9/PycharmProjects/Airflow-2/Airflow-2/.venv/lib/python3.10/site-packages/airflow/example_dags/tutorial_objectstorage.py
[2024-12-06T22:24:56.755-0600] {processor.py:914} INFO - Processing file /home/m9d9v9/PycharmProjects/Airflow-2/Airflow-2/.venv/lib/python3.10/site-packages/airflow/example_dags/tutorial_objectstorage.py for tasks to queue
[2024-12-06T22:24:56.757-0600] {logging_mixin.py:190} INFO - [2024-12-06T22:24:56.757-0600] {dagbag.py:588} INFO - Filling up the DagBag from /home/m9d9v9/PycharmProjects/Airflow-2/Airflow-2/.venv/lib/python3.10/site-packages/airflow/example_dags/tutorial_objectstorage.py
[2024-12-06T22:24:56.765-0600] {processor.py:925} INFO - DAG(s) 'tutorial_objectstorage' retrieved from /home/m9d9v9/PycharmProjects/Airflow-2/Airflow-2/.venv/lib/python3.10/site-packages/airflow/example_dags/tutorial_objectstorage.py
[2024-12-06T22:24:56.780-0600] {logging_mixin.py:190} INFO - [2024-12-06T22:24:56.780-0600] {dag.py:3239} INFO - Sync 1 DAGs
[2024-12-06T22:24:56.790-0600] {logging_mixin.py:190} INFO - [2024-12-06T22:24:56.790-0600] {dag.py:4180} INFO - Setting next_dagrun for tutorial_objectstorage to None, run_after=None
[2024-12-06T22:24:56.804-0600] {processor.py:208} INFO - Processing /home/m9d9v9/PycharmProjects/Airflow-2/Airflow-2/.venv/lib/python3.10/site-packages/airflow/example_dags/tutorial_objectstorage.py took 0.060 seconds
[2024-12-06T22:25:53.781-0600] {processor.py:186} INFO - Started process (PID=13163) to work on /home/m9d9v9/PycharmProjects/Airflow-2/Airflow-2/.venv/lib/python3.10/site-packages/airflow/example_dags/tutorial_objectstorage.py
[2024-12-06T22:25:53.788-0600] {processor.py:914} INFO - Processing file /home/m9d9v9/PycharmProjects/Airflow-2/Airflow-2/.venv/lib/python3.10/site-packages/airflow/example_dags/tutorial_objectstorage.py for tasks to queue
[2024-12-06T22:25:53.791-0600] {logging_mixin.py:190} INFO - [2024-12-06T22:25:53.790-0600] {dagbag.py:588} INFO - Filling up the DagBag from /home/m9d9v9/PycharmProjects/Airflow-2/Airflow-2/.venv/lib/python3.10/site-packages/airflow/example_dags/tutorial_objectstorage.py
[2024-12-06T22:25:53.812-0600] {processor.py:925} INFO - DAG(s) 'tutorial_objectstorage' retrieved from /home/m9d9v9/PycharmProjects/Airflow-2/Airflow-2/.venv/lib/python3.10/site-packages/airflow/example_dags/tutorial_objectstorage.py
[2024-12-06T22:25:53.831-0600] {logging_mixin.py:190} INFO - [2024-12-06T22:25:53.831-0600] {dag.py:3239} INFO - Sync 1 DAGs
[2024-12-06T22:25:53.839-0600] {logging_mixin.py:190} INFO - [2024-12-06T22:25:53.839-0600] {dag.py:4180} INFO - Setting next_dagrun for tutorial_objectstorage to None, run_after=None
[2024-12-06T22:25:53.854-0600] {processor.py:208} INFO - Processing /home/m9d9v9/PycharmProjects/Airflow-2/Airflow-2/.venv/lib/python3.10/site-packages/airflow/example_dags/tutorial_objectstorage.py took 0.087 seconds
[2024-12-06T22:26:49.992-0600] {processor.py:186} INFO - Started process (PID=13237) to work on /home/m9d9v9/PycharmProjects/Airflow-2/Airflow-2/.venv/lib/python3.10/site-packages/airflow/example_dags/tutorial_objectstorage.py
[2024-12-06T22:26:49.998-0600] {processor.py:914} INFO - Processing file /home/m9d9v9/PycharmProjects/Airflow-2/Airflow-2/.venv/lib/python3.10/site-packages/airflow/example_dags/tutorial_objectstorage.py for tasks to queue
[2024-12-06T22:26:50.000-0600] {logging_mixin.py:190} INFO - [2024-12-06T22:26:50.000-0600] {dagbag.py:588} INFO - Filling up the DagBag from /home/m9d9v9/PycharmProjects/Airflow-2/Airflow-2/.venv/lib/python3.10/site-packages/airflow/example_dags/tutorial_objectstorage.py
[2024-12-06T22:26:50.009-0600] {processor.py:925} INFO - DAG(s) 'tutorial_objectstorage' retrieved from /home/m9d9v9/PycharmProjects/Airflow-2/Airflow-2/.venv/lib/python3.10/site-packages/airflow/example_dags/tutorial_objectstorage.py
[2024-12-06T22:26:50.021-0600] {logging_mixin.py:190} INFO - [2024-12-06T22:26:50.020-0600] {dag.py:3239} INFO - Sync 1 DAGs
[2024-12-06T22:26:50.031-0600] {logging_mixin.py:190} INFO - [2024-12-06T22:26:50.031-0600] {dag.py:4180} INFO - Setting next_dagrun for tutorial_objectstorage to None, run_after=None
[2024-12-06T22:26:50.043-0600] {processor.py:208} INFO - Processing /home/m9d9v9/PycharmProjects/Airflow-2/Airflow-2/.venv/lib/python3.10/site-packages/airflow/example_dags/tutorial_objectstorage.py took 0.056 seconds
[2024-12-06T22:37:11.450-0600] {processor.py:186} INFO - Started process (PID=14618) to work on /home/m9d9v9/PycharmProjects/Airflow-2/Airflow-2/.venv/lib/python3.10/site-packages/airflow/example_dags/tutorial_objectstorage.py
[2024-12-06T22:37:11.457-0600] {processor.py:914} INFO - Processing file /home/m9d9v9/PycharmProjects/Airflow-2/Airflow-2/.venv/lib/python3.10/site-packages/airflow/example_dags/tutorial_objectstorage.py for tasks to queue
[2024-12-06T22:37:11.459-0600] {logging_mixin.py:190} INFO - [2024-12-06T22:37:11.458-0600] {dagbag.py:588} INFO - Filling up the DagBag from /home/m9d9v9/PycharmProjects/Airflow-2/Airflow-2/.venv/lib/python3.10/site-packages/airflow/example_dags/tutorial_objectstorage.py
[2024-12-06T22:37:11.466-0600] {processor.py:925} INFO - DAG(s) 'tutorial_objectstorage' retrieved from /home/m9d9v9/PycharmProjects/Airflow-2/Airflow-2/.venv/lib/python3.10/site-packages/airflow/example_dags/tutorial_objectstorage.py
[2024-12-06T22:37:11.482-0600] {logging_mixin.py:190} INFO - [2024-12-06T22:37:11.482-0600] {dag.py:3239} INFO - Sync 1 DAGs
[2024-12-06T22:37:11.490-0600] {logging_mixin.py:190} INFO - [2024-12-06T22:37:11.490-0600] {dag.py:4180} INFO - Setting next_dagrun for tutorial_objectstorage to None, run_after=None
[2024-12-06T22:37:11.503-0600] {processor.py:208} INFO - Processing /home/m9d9v9/PycharmProjects/Airflow-2/Airflow-2/.venv/lib/python3.10/site-packages/airflow/example_dags/tutorial_objectstorage.py took 0.058 seconds
[2024-12-06T22:38:09.692-0600] {processor.py:186} INFO - Started process (PID=14734) to work on /home/m9d9v9/PycharmProjects/Airflow-2/Airflow-2/.venv/lib/python3.10/site-packages/airflow/example_dags/tutorial_objectstorage.py
[2024-12-06T22:38:09.699-0600] {processor.py:914} INFO - Processing file /home/m9d9v9/PycharmProjects/Airflow-2/Airflow-2/.venv/lib/python3.10/site-packages/airflow/example_dags/tutorial_objectstorage.py for tasks to queue
[2024-12-06T22:38:09.703-0600] {logging_mixin.py:190} INFO - [2024-12-06T22:38:09.702-0600] {dagbag.py:588} INFO - Filling up the DagBag from /home/m9d9v9/PycharmProjects/Airflow-2/Airflow-2/.venv/lib/python3.10/site-packages/airflow/example_dags/tutorial_objectstorage.py
[2024-12-06T22:38:09.723-0600] {processor.py:925} INFO - DAG(s) 'tutorial_objectstorage' retrieved from /home/m9d9v9/PycharmProjects/Airflow-2/Airflow-2/.venv/lib/python3.10/site-packages/airflow/example_dags/tutorial_objectstorage.py
[2024-12-06T22:38:09.747-0600] {logging_mixin.py:190} INFO - [2024-12-06T22:38:09.746-0600] {dag.py:3239} INFO - Sync 1 DAGs
[2024-12-06T22:38:09.756-0600] {logging_mixin.py:190} INFO - [2024-12-06T22:38:09.756-0600] {dag.py:4180} INFO - Setting next_dagrun for tutorial_objectstorage to None, run_after=None
[2024-12-06T22:38:09.770-0600] {processor.py:208} INFO - Processing /home/m9d9v9/PycharmProjects/Airflow-2/Airflow-2/.venv/lib/python3.10/site-packages/airflow/example_dags/tutorial_objectstorage.py took 0.091 seconds
[2024-12-06T22:39:06.869-0600] {processor.py:186} INFO - Started process (PID=14846) to work on /home/m9d9v9/PycharmProjects/Airflow-2/Airflow-2/.venv/lib/python3.10/site-packages/airflow/example_dags/tutorial_objectstorage.py
[2024-12-06T22:39:06.875-0600] {processor.py:914} INFO - Processing file /home/m9d9v9/PycharmProjects/Airflow-2/Airflow-2/.venv/lib/python3.10/site-packages/airflow/example_dags/tutorial_objectstorage.py for tasks to queue
[2024-12-06T22:39:06.878-0600] {logging_mixin.py:190} INFO - [2024-12-06T22:39:06.877-0600] {dagbag.py:588} INFO - Filling up the DagBag from /home/m9d9v9/PycharmProjects/Airflow-2/Airflow-2/.venv/lib/python3.10/site-packages/airflow/example_dags/tutorial_objectstorage.py
[2024-12-06T22:39:06.890-0600] {processor.py:925} INFO - DAG(s) 'tutorial_objectstorage' retrieved from /home/m9d9v9/PycharmProjects/Airflow-2/Airflow-2/.venv/lib/python3.10/site-packages/airflow/example_dags/tutorial_objectstorage.py
[2024-12-06T22:39:06.901-0600] {logging_mixin.py:190} INFO - [2024-12-06T22:39:06.901-0600] {dag.py:3239} INFO - Sync 1 DAGs
[2024-12-06T22:39:06.917-0600] {logging_mixin.py:190} INFO - [2024-12-06T22:39:06.916-0600] {dag.py:4180} INFO - Setting next_dagrun for tutorial_objectstorage to None, run_after=None
[2024-12-06T22:39:06.933-0600] {processor.py:208} INFO - Processing /home/m9d9v9/PycharmProjects/Airflow-2/Airflow-2/.venv/lib/python3.10/site-packages/airflow/example_dags/tutorial_objectstorage.py took 0.069 seconds
[2024-12-06T22:40:06.883-0600] {processor.py:186} INFO - Started process (PID=15031) to work on /home/m9d9v9/PycharmProjects/Airflow-2/Airflow-2/.venv/lib/python3.10/site-packages/airflow/example_dags/tutorial_objectstorage.py
[2024-12-06T22:40:06.889-0600] {processor.py:914} INFO - Processing file /home/m9d9v9/PycharmProjects/Airflow-2/Airflow-2/.venv/lib/python3.10/site-packages/airflow/example_dags/tutorial_objectstorage.py for tasks to queue
[2024-12-06T22:40:06.893-0600] {logging_mixin.py:190} INFO - [2024-12-06T22:40:06.892-0600] {dagbag.py:588} INFO - Filling up the DagBag from /home/m9d9v9/PycharmProjects/Airflow-2/Airflow-2/.venv/lib/python3.10/site-packages/airflow/example_dags/tutorial_objectstorage.py
[2024-12-06T22:40:06.904-0600] {processor.py:925} INFO - DAG(s) 'tutorial_objectstorage' retrieved from /home/m9d9v9/PycharmProjects/Airflow-2/Airflow-2/.venv/lib/python3.10/site-packages/airflow/example_dags/tutorial_objectstorage.py
[2024-12-06T22:40:06.924-0600] {logging_mixin.py:190} INFO - [2024-12-06T22:40:06.923-0600] {dag.py:3239} INFO - Sync 1 DAGs
[2024-12-06T22:40:06.935-0600] {logging_mixin.py:190} INFO - [2024-12-06T22:40:06.935-0600] {dag.py:4180} INFO - Setting next_dagrun for tutorial_objectstorage to None, run_after=None
[2024-12-06T22:40:06.947-0600] {processor.py:208} INFO - Processing /home/m9d9v9/PycharmProjects/Airflow-2/Airflow-2/.venv/lib/python3.10/site-packages/airflow/example_dags/tutorial_objectstorage.py took 0.075 seconds
[2024-12-06T22:41:06.747-0600] {processor.py:186} INFO - Started process (PID=15133) to work on /home/m9d9v9/PycharmProjects/Airflow-2/Airflow-2/.venv/lib/python3.10/site-packages/airflow/example_dags/tutorial_objectstorage.py
[2024-12-06T22:41:06.754-0600] {processor.py:914} INFO - Processing file /home/m9d9v9/PycharmProjects/Airflow-2/Airflow-2/.venv/lib/python3.10/site-packages/airflow/example_dags/tutorial_objectstorage.py for tasks to queue
[2024-12-06T22:41:06.757-0600] {logging_mixin.py:190} INFO - [2024-12-06T22:41:06.756-0600] {dagbag.py:588} INFO - Filling up the DagBag from /home/m9d9v9/PycharmProjects/Airflow-2/Airflow-2/.venv/lib/python3.10/site-packages/airflow/example_dags/tutorial_objectstorage.py
[2024-12-06T22:41:06.775-0600] {processor.py:925} INFO - DAG(s) 'tutorial_objectstorage' retrieved from /home/m9d9v9/PycharmProjects/Airflow-2/Airflow-2/.venv/lib/python3.10/site-packages/airflow/example_dags/tutorial_objectstorage.py
[2024-12-06T22:41:06.798-0600] {logging_mixin.py:190} INFO - [2024-12-06T22:41:06.798-0600] {dag.py:3239} INFO - Sync 1 DAGs
[2024-12-06T22:41:06.807-0600] {logging_mixin.py:190} INFO - [2024-12-06T22:41:06.807-0600] {dag.py:4180} INFO - Setting next_dagrun for tutorial_objectstorage to None, run_after=None
[2024-12-06T22:41:06.820-0600] {processor.py:208} INFO - Processing /home/m9d9v9/PycharmProjects/Airflow-2/Airflow-2/.venv/lib/python3.10/site-packages/airflow/example_dags/tutorial_objectstorage.py took 0.086 seconds
[2024-12-06T23:25:17.615-0600] {processor.py:186} INFO - Started process (PID=17269) to work on /home/m9d9v9/PycharmProjects/Airflow-2/Airflow-2/.venv/lib/python3.10/site-packages/airflow/example_dags/tutorial_objectstorage.py
[2024-12-06T23:25:17.617-0600] {processor.py:914} INFO - Processing file /home/m9d9v9/PycharmProjects/Airflow-2/Airflow-2/.venv/lib/python3.10/site-packages/airflow/example_dags/tutorial_objectstorage.py for tasks to queue
[2024-12-06T23:25:17.620-0600] {logging_mixin.py:190} INFO - [2024-12-06T23:25:17.620-0600] {dagbag.py:588} INFO - Filling up the DagBag from /home/m9d9v9/PycharmProjects/Airflow-2/Airflow-2/.venv/lib/python3.10/site-packages/airflow/example_dags/tutorial_objectstorage.py
[2024-12-06T23:25:17.632-0600] {processor.py:925} INFO - DAG(s) 'tutorial_objectstorage' retrieved from /home/m9d9v9/PycharmProjects/Airflow-2/Airflow-2/.venv/lib/python3.10/site-packages/airflow/example_dags/tutorial_objectstorage.py
[2024-12-06T23:25:17.654-0600] {logging_mixin.py:190} INFO - [2024-12-06T23:25:17.654-0600] {dag.py:3239} INFO - Sync 1 DAGs
[2024-12-06T23:25:17.666-0600] {logging_mixin.py:190} INFO - [2024-12-06T23:25:17.666-0600] {dag.py:4180} INFO - Setting next_dagrun for tutorial_objectstorage to None, run_after=None
[2024-12-06T23:25:17.687-0600] {processor.py:208} INFO - Processing /home/m9d9v9/PycharmProjects/Airflow-2/Airflow-2/.venv/lib/python3.10/site-packages/airflow/example_dags/tutorial_objectstorage.py took 0.078 seconds
[2024-12-06T23:26:16.782-0600] {processor.py:186} INFO - Started process (PID=17388) to work on /home/m9d9v9/PycharmProjects/Airflow-2/Airflow-2/.venv/lib/python3.10/site-packages/airflow/example_dags/tutorial_objectstorage.py
[2024-12-06T23:26:16.784-0600] {processor.py:914} INFO - Processing file /home/m9d9v9/PycharmProjects/Airflow-2/Airflow-2/.venv/lib/python3.10/site-packages/airflow/example_dags/tutorial_objectstorage.py for tasks to queue
[2024-12-06T23:26:16.787-0600] {logging_mixin.py:190} INFO - [2024-12-06T23:26:16.786-0600] {dagbag.py:588} INFO - Filling up the DagBag from /home/m9d9v9/PycharmProjects/Airflow-2/Airflow-2/.venv/lib/python3.10/site-packages/airflow/example_dags/tutorial_objectstorage.py
[2024-12-06T23:26:16.804-0600] {processor.py:925} INFO - DAG(s) 'tutorial_objectstorage' retrieved from /home/m9d9v9/PycharmProjects/Airflow-2/Airflow-2/.venv/lib/python3.10/site-packages/airflow/example_dags/tutorial_objectstorage.py
[2024-12-06T23:26:16.822-0600] {logging_mixin.py:190} INFO - [2024-12-06T23:26:16.822-0600] {dag.py:3239} INFO - Sync 1 DAGs
[2024-12-06T23:26:16.829-0600] {logging_mixin.py:190} INFO - [2024-12-06T23:26:16.829-0600] {dag.py:4180} INFO - Setting next_dagrun for tutorial_objectstorage to None, run_after=None
[2024-12-06T23:26:16.843-0600] {processor.py:208} INFO - Processing /home/m9d9v9/PycharmProjects/Airflow-2/Airflow-2/.venv/lib/python3.10/site-packages/airflow/example_dags/tutorial_objectstorage.py took 0.071 seconds
[2024-12-06T23:27:14.014-0600] {processor.py:186} INFO - Started process (PID=17464) to work on /home/m9d9v9/PycharmProjects/Airflow-2/Airflow-2/.venv/lib/python3.10/site-packages/airflow/example_dags/tutorial_objectstorage.py
[2024-12-06T23:27:14.021-0600] {processor.py:914} INFO - Processing file /home/m9d9v9/PycharmProjects/Airflow-2/Airflow-2/.venv/lib/python3.10/site-packages/airflow/example_dags/tutorial_objectstorage.py for tasks to queue
[2024-12-06T23:27:14.023-0600] {logging_mixin.py:190} INFO - [2024-12-06T23:27:14.022-0600] {dagbag.py:588} INFO - Filling up the DagBag from /home/m9d9v9/PycharmProjects/Airflow-2/Airflow-2/.venv/lib/python3.10/site-packages/airflow/example_dags/tutorial_objectstorage.py
[2024-12-06T23:27:14.041-0600] {processor.py:925} INFO - DAG(s) 'tutorial_objectstorage' retrieved from /home/m9d9v9/PycharmProjects/Airflow-2/Airflow-2/.venv/lib/python3.10/site-packages/airflow/example_dags/tutorial_objectstorage.py
[2024-12-06T23:27:14.056-0600] {logging_mixin.py:190} INFO - [2024-12-06T23:27:14.056-0600] {dag.py:3239} INFO - Sync 1 DAGs
[2024-12-06T23:27:14.067-0600] {logging_mixin.py:190} INFO - [2024-12-06T23:27:14.067-0600] {dag.py:4180} INFO - Setting next_dagrun for tutorial_objectstorage to None, run_after=None
[2024-12-06T23:27:14.079-0600] {processor.py:208} INFO - Processing /home/m9d9v9/PycharmProjects/Airflow-2/Airflow-2/.venv/lib/python3.10/site-packages/airflow/example_dags/tutorial_objectstorage.py took 0.076 seconds
[2024-12-06T23:28:11.198-0600] {processor.py:186} INFO - Started process (PID=17565) to work on /home/m9d9v9/PycharmProjects/Airflow-2/Airflow-2/.venv/lib/python3.10/site-packages/airflow/example_dags/tutorial_objectstorage.py
[2024-12-06T23:28:11.204-0600] {processor.py:914} INFO - Processing file /home/m9d9v9/PycharmProjects/Airflow-2/Airflow-2/.venv/lib/python3.10/site-packages/airflow/example_dags/tutorial_objectstorage.py for tasks to queue
[2024-12-06T23:28:11.207-0600] {logging_mixin.py:190} INFO - [2024-12-06T23:28:11.206-0600] {dagbag.py:588} INFO - Filling up the DagBag from /home/m9d9v9/PycharmProjects/Airflow-2/Airflow-2/.venv/lib/python3.10/site-packages/airflow/example_dags/tutorial_objectstorage.py
[2024-12-06T23:28:11.225-0600] {processor.py:925} INFO - DAG(s) 'tutorial_objectstorage' retrieved from /home/m9d9v9/PycharmProjects/Airflow-2/Airflow-2/.venv/lib/python3.10/site-packages/airflow/example_dags/tutorial_objectstorage.py
[2024-12-06T23:28:11.247-0600] {logging_mixin.py:190} INFO - [2024-12-06T23:28:11.246-0600] {dag.py:3239} INFO - Sync 1 DAGs
[2024-12-06T23:28:11.254-0600] {logging_mixin.py:190} INFO - [2024-12-06T23:28:11.254-0600] {dag.py:4180} INFO - Setting next_dagrun for tutorial_objectstorage to None, run_after=None
[2024-12-06T23:28:11.265-0600] {processor.py:208} INFO - Processing /home/m9d9v9/PycharmProjects/Airflow-2/Airflow-2/.venv/lib/python3.10/site-packages/airflow/example_dags/tutorial_objectstorage.py took 0.079 seconds
[2024-12-06T23:29:07.965-0600] {processor.py:186} INFO - Started process (PID=17707) to work on /home/m9d9v9/PycharmProjects/Airflow-2/Airflow-2/.venv/lib/python3.10/site-packages/airflow/example_dags/tutorial_objectstorage.py
[2024-12-06T23:29:07.971-0600] {processor.py:914} INFO - Processing file /home/m9d9v9/PycharmProjects/Airflow-2/Airflow-2/.venv/lib/python3.10/site-packages/airflow/example_dags/tutorial_objectstorage.py for tasks to queue
[2024-12-06T23:29:07.972-0600] {logging_mixin.py:190} INFO - [2024-12-06T23:29:07.972-0600] {dagbag.py:588} INFO - Filling up the DagBag from /home/m9d9v9/PycharmProjects/Airflow-2/Airflow-2/.venv/lib/python3.10/site-packages/airflow/example_dags/tutorial_objectstorage.py
[2024-12-06T23:29:07.984-0600] {processor.py:925} INFO - DAG(s) 'tutorial_objectstorage' retrieved from /home/m9d9v9/PycharmProjects/Airflow-2/Airflow-2/.venv/lib/python3.10/site-packages/airflow/example_dags/tutorial_objectstorage.py
[2024-12-06T23:29:07.999-0600] {logging_mixin.py:190} INFO - [2024-12-06T23:29:07.999-0600] {dag.py:3239} INFO - Sync 1 DAGs
[2024-12-06T23:29:08.012-0600] {logging_mixin.py:190} INFO - [2024-12-06T23:29:08.012-0600] {dag.py:4180} INFO - Setting next_dagrun for tutorial_objectstorage to None, run_after=None
[2024-12-06T23:29:08.029-0600] {processor.py:208} INFO - Processing /home/m9d9v9/PycharmProjects/Airflow-2/Airflow-2/.venv/lib/python3.10/site-packages/airflow/example_dags/tutorial_objectstorage.py took 0.071 seconds
[2024-12-06T23:30:05.206-0600] {processor.py:186} INFO - Started process (PID=17788) to work on /home/m9d9v9/PycharmProjects/Airflow-2/Airflow-2/.venv/lib/python3.10/site-packages/airflow/example_dags/tutorial_objectstorage.py
[2024-12-06T23:30:05.212-0600] {processor.py:914} INFO - Processing file /home/m9d9v9/PycharmProjects/Airflow-2/Airflow-2/.venv/lib/python3.10/site-packages/airflow/example_dags/tutorial_objectstorage.py for tasks to queue
[2024-12-06T23:30:05.214-0600] {logging_mixin.py:190} INFO - [2024-12-06T23:30:05.214-0600] {dagbag.py:588} INFO - Filling up the DagBag from /home/m9d9v9/PycharmProjects/Airflow-2/Airflow-2/.venv/lib/python3.10/site-packages/airflow/example_dags/tutorial_objectstorage.py
[2024-12-06T23:30:05.220-0600] {processor.py:925} INFO - DAG(s) 'tutorial_objectstorage' retrieved from /home/m9d9v9/PycharmProjects/Airflow-2/Airflow-2/.venv/lib/python3.10/site-packages/airflow/example_dags/tutorial_objectstorage.py
[2024-12-06T23:30:05.229-0600] {logging_mixin.py:190} INFO - [2024-12-06T23:30:05.229-0600] {dag.py:3239} INFO - Sync 1 DAGs
[2024-12-06T23:30:05.236-0600] {logging_mixin.py:190} INFO - [2024-12-06T23:30:05.236-0600] {dag.py:4180} INFO - Setting next_dagrun for tutorial_objectstorage to None, run_after=None
[2024-12-06T23:30:05.248-0600] {processor.py:208} INFO - Processing /home/m9d9v9/PycharmProjects/Airflow-2/Airflow-2/.venv/lib/python3.10/site-packages/airflow/example_dags/tutorial_objectstorage.py took 0.045 seconds
[2024-12-06T23:30:59.940-0600] {processor.py:186} INFO - Started process (PID=17905) to work on /home/m9d9v9/PycharmProjects/Airflow-2/Airflow-2/.venv/lib/python3.10/site-packages/airflow/example_dags/tutorial_objectstorage.py
[2024-12-06T23:30:59.946-0600] {processor.py:914} INFO - Processing file /home/m9d9v9/PycharmProjects/Airflow-2/Airflow-2/.venv/lib/python3.10/site-packages/airflow/example_dags/tutorial_objectstorage.py for tasks to queue
[2024-12-06T23:30:59.946-0600] {logging_mixin.py:190} INFO - [2024-12-06T23:30:59.946-0600] {dagbag.py:588} INFO - Filling up the DagBag from /home/m9d9v9/PycharmProjects/Airflow-2/Airflow-2/.venv/lib/python3.10/site-packages/airflow/example_dags/tutorial_objectstorage.py
[2024-12-06T23:30:59.954-0600] {processor.py:925} INFO - DAG(s) 'tutorial_objectstorage' retrieved from /home/m9d9v9/PycharmProjects/Airflow-2/Airflow-2/.venv/lib/python3.10/site-packages/airflow/example_dags/tutorial_objectstorage.py
[2024-12-06T23:30:59.972-0600] {logging_mixin.py:190} INFO - [2024-12-06T23:30:59.971-0600] {dag.py:3239} INFO - Sync 1 DAGs
[2024-12-06T23:30:59.994-0600] {logging_mixin.py:190} INFO - [2024-12-06T23:30:59.994-0600] {dag.py:4180} INFO - Setting next_dagrun for tutorial_objectstorage to None, run_after=None
[2024-12-06T23:31:00.008-0600] {processor.py:208} INFO - Processing /home/m9d9v9/PycharmProjects/Airflow-2/Airflow-2/.venv/lib/python3.10/site-packages/airflow/example_dags/tutorial_objectstorage.py took 0.072 seconds
[2024-12-06T23:31:58.675-0600] {processor.py:186} INFO - Started process (PID=18009) to work on /home/m9d9v9/PycharmProjects/Airflow-2/Airflow-2/.venv/lib/python3.10/site-packages/airflow/example_dags/tutorial_objectstorage.py
[2024-12-06T23:31:58.682-0600] {processor.py:914} INFO - Processing file /home/m9d9v9/PycharmProjects/Airflow-2/Airflow-2/.venv/lib/python3.10/site-packages/airflow/example_dags/tutorial_objectstorage.py for tasks to queue
[2024-12-06T23:31:58.684-0600] {logging_mixin.py:190} INFO - [2024-12-06T23:31:58.684-0600] {dagbag.py:588} INFO - Filling up the DagBag from /home/m9d9v9/PycharmProjects/Airflow-2/Airflow-2/.venv/lib/python3.10/site-packages/airflow/example_dags/tutorial_objectstorage.py
[2024-12-06T23:31:58.703-0600] {processor.py:925} INFO - DAG(s) 'tutorial_objectstorage' retrieved from /home/m9d9v9/PycharmProjects/Airflow-2/Airflow-2/.venv/lib/python3.10/site-packages/airflow/example_dags/tutorial_objectstorage.py
[2024-12-06T23:31:58.725-0600] {logging_mixin.py:190} INFO - [2024-12-06T23:31:58.724-0600] {dag.py:3239} INFO - Sync 1 DAGs
[2024-12-06T23:31:58.732-0600] {logging_mixin.py:190} INFO - [2024-12-06T23:31:58.732-0600] {dag.py:4180} INFO - Setting next_dagrun for tutorial_objectstorage to None, run_after=None
[2024-12-06T23:31:58.830-0600] {processor.py:208} INFO - Processing /home/m9d9v9/PycharmProjects/Airflow-2/Airflow-2/.venv/lib/python3.10/site-packages/airflow/example_dags/tutorial_objectstorage.py took 0.167 seconds
[2024-12-06T23:32:56.748-0600] {processor.py:186} INFO - Started process (PID=18084) to work on /home/m9d9v9/PycharmProjects/Airflow-2/Airflow-2/.venv/lib/python3.10/site-packages/airflow/example_dags/tutorial_objectstorage.py
[2024-12-06T23:32:56.755-0600] {processor.py:914} INFO - Processing file /home/m9d9v9/PycharmProjects/Airflow-2/Airflow-2/.venv/lib/python3.10/site-packages/airflow/example_dags/tutorial_objectstorage.py for tasks to queue
[2024-12-06T23:32:56.757-0600] {logging_mixin.py:190} INFO - [2024-12-06T23:32:56.757-0600] {dagbag.py:588} INFO - Filling up the DagBag from /home/m9d9v9/PycharmProjects/Airflow-2/Airflow-2/.venv/lib/python3.10/site-packages/airflow/example_dags/tutorial_objectstorage.py
[2024-12-06T23:32:56.776-0600] {processor.py:925} INFO - DAG(s) 'tutorial_objectstorage' retrieved from /home/m9d9v9/PycharmProjects/Airflow-2/Airflow-2/.venv/lib/python3.10/site-packages/airflow/example_dags/tutorial_objectstorage.py
[2024-12-06T23:32:56.799-0600] {logging_mixin.py:190} INFO - [2024-12-06T23:32:56.799-0600] {dag.py:3239} INFO - Sync 1 DAGs
[2024-12-06T23:32:56.806-0600] {logging_mixin.py:190} INFO - [2024-12-06T23:32:56.806-0600] {dag.py:4180} INFO - Setting next_dagrun for tutorial_objectstorage to None, run_after=None
[2024-12-06T23:32:56.816-0600] {processor.py:208} INFO - Processing /home/m9d9v9/PycharmProjects/Airflow-2/Airflow-2/.venv/lib/python3.10/site-packages/airflow/example_dags/tutorial_objectstorage.py took 0.078 seconds
[2024-12-06T23:33:52.146-0600] {processor.py:186} INFO - Started process (PID=18151) to work on /home/m9d9v9/PycharmProjects/Airflow-2/Airflow-2/.venv/lib/python3.10/site-packages/airflow/example_dags/tutorial_objectstorage.py
[2024-12-06T23:33:52.152-0600] {processor.py:914} INFO - Processing file /home/m9d9v9/PycharmProjects/Airflow-2/Airflow-2/.venv/lib/python3.10/site-packages/airflow/example_dags/tutorial_objectstorage.py for tasks to queue
[2024-12-06T23:33:52.155-0600] {logging_mixin.py:190} INFO - [2024-12-06T23:33:52.154-0600] {dagbag.py:588} INFO - Filling up the DagBag from /home/m9d9v9/PycharmProjects/Airflow-2/Airflow-2/.venv/lib/python3.10/site-packages/airflow/example_dags/tutorial_objectstorage.py
[2024-12-06T23:33:52.182-0600] {processor.py:925} INFO - DAG(s) 'tutorial_objectstorage' retrieved from /home/m9d9v9/PycharmProjects/Airflow-2/Airflow-2/.venv/lib/python3.10/site-packages/airflow/example_dags/tutorial_objectstorage.py
[2024-12-06T23:33:52.199-0600] {logging_mixin.py:190} INFO - [2024-12-06T23:33:52.198-0600] {dag.py:3239} INFO - Sync 1 DAGs
[2024-12-06T23:33:52.206-0600] {logging_mixin.py:190} INFO - [2024-12-06T23:33:52.205-0600] {dag.py:4180} INFO - Setting next_dagrun for tutorial_objectstorage to None, run_after=None
[2024-12-06T23:33:52.218-0600] {processor.py:208} INFO - Processing /home/m9d9v9/PycharmProjects/Airflow-2/Airflow-2/.venv/lib/python3.10/site-packages/airflow/example_dags/tutorial_objectstorage.py took 0.083 seconds
[2024-12-06T23:34:52.287-0600] {processor.py:186} INFO - Started process (PID=18281) to work on /home/m9d9v9/PycharmProjects/Airflow-2/Airflow-2/.venv/lib/python3.10/site-packages/airflow/example_dags/tutorial_objectstorage.py
[2024-12-06T23:34:52.294-0600] {processor.py:914} INFO - Processing file /home/m9d9v9/PycharmProjects/Airflow-2/Airflow-2/.venv/lib/python3.10/site-packages/airflow/example_dags/tutorial_objectstorage.py for tasks to queue
[2024-12-06T23:34:52.296-0600] {logging_mixin.py:190} INFO - [2024-12-06T23:34:52.295-0600] {dagbag.py:588} INFO - Filling up the DagBag from /home/m9d9v9/PycharmProjects/Airflow-2/Airflow-2/.venv/lib/python3.10/site-packages/airflow/example_dags/tutorial_objectstorage.py
[2024-12-06T23:34:52.315-0600] {processor.py:925} INFO - DAG(s) 'tutorial_objectstorage' retrieved from /home/m9d9v9/PycharmProjects/Airflow-2/Airflow-2/.venv/lib/python3.10/site-packages/airflow/example_dags/tutorial_objectstorage.py
[2024-12-06T23:34:52.338-0600] {logging_mixin.py:190} INFO - [2024-12-06T23:34:52.338-0600] {dag.py:3239} INFO - Sync 1 DAGs
[2024-12-06T23:34:52.345-0600] {logging_mixin.py:190} INFO - [2024-12-06T23:34:52.345-0600] {dag.py:4180} INFO - Setting next_dagrun for tutorial_objectstorage to None, run_after=None
[2024-12-06T23:34:52.356-0600] {processor.py:208} INFO - Processing /home/m9d9v9/PycharmProjects/Airflow-2/Airflow-2/.venv/lib/python3.10/site-packages/airflow/example_dags/tutorial_objectstorage.py took 0.078 seconds
[2024-12-06T23:35:55.704-0600] {processor.py:186} INFO - Started process (PID=18361) to work on /home/m9d9v9/PycharmProjects/Airflow-2/Airflow-2/.venv/lib/python3.10/site-packages/airflow/example_dags/tutorial_objectstorage.py
[2024-12-06T23:35:55.711-0600] {processor.py:914} INFO - Processing file /home/m9d9v9/PycharmProjects/Airflow-2/Airflow-2/.venv/lib/python3.10/site-packages/airflow/example_dags/tutorial_objectstorage.py for tasks to queue
[2024-12-06T23:35:55.714-0600] {logging_mixin.py:190} INFO - [2024-12-06T23:35:55.713-0600] {dagbag.py:588} INFO - Filling up the DagBag from /home/m9d9v9/PycharmProjects/Airflow-2/Airflow-2/.venv/lib/python3.10/site-packages/airflow/example_dags/tutorial_objectstorage.py
[2024-12-06T23:35:55.732-0600] {processor.py:925} INFO - DAG(s) 'tutorial_objectstorage' retrieved from /home/m9d9v9/PycharmProjects/Airflow-2/Airflow-2/.venv/lib/python3.10/site-packages/airflow/example_dags/tutorial_objectstorage.py
[2024-12-06T23:35:55.755-0600] {logging_mixin.py:190} INFO - [2024-12-06T23:35:55.755-0600] {dag.py:3239} INFO - Sync 1 DAGs
[2024-12-06T23:35:55.852-0600] {logging_mixin.py:190} INFO - [2024-12-06T23:35:55.852-0600] {dag.py:4180} INFO - Setting next_dagrun for tutorial_objectstorage to None, run_after=None
[2024-12-06T23:35:55.870-0600] {processor.py:208} INFO - Processing /home/m9d9v9/PycharmProjects/Airflow-2/Airflow-2/.venv/lib/python3.10/site-packages/airflow/example_dags/tutorial_objectstorage.py took 0.175 seconds
[2024-12-06T23:36:57.102-0600] {processor.py:186} INFO - Started process (PID=18461) to work on /home/m9d9v9/PycharmProjects/Airflow-2/Airflow-2/.venv/lib/python3.10/site-packages/airflow/example_dags/tutorial_objectstorage.py
[2024-12-06T23:36:57.110-0600] {processor.py:914} INFO - Processing file /home/m9d9v9/PycharmProjects/Airflow-2/Airflow-2/.venv/lib/python3.10/site-packages/airflow/example_dags/tutorial_objectstorage.py for tasks to queue
[2024-12-06T23:36:57.112-0600] {logging_mixin.py:190} INFO - [2024-12-06T23:36:57.111-0600] {dagbag.py:588} INFO - Filling up the DagBag from /home/m9d9v9/PycharmProjects/Airflow-2/Airflow-2/.venv/lib/python3.10/site-packages/airflow/example_dags/tutorial_objectstorage.py
[2024-12-06T23:36:57.129-0600] {processor.py:925} INFO - DAG(s) 'tutorial_objectstorage' retrieved from /home/m9d9v9/PycharmProjects/Airflow-2/Airflow-2/.venv/lib/python3.10/site-packages/airflow/example_dags/tutorial_objectstorage.py
[2024-12-06T23:36:57.154-0600] {logging_mixin.py:190} INFO - [2024-12-06T23:36:57.154-0600] {dag.py:3239} INFO - Sync 1 DAGs
[2024-12-06T23:36:57.161-0600] {logging_mixin.py:190} INFO - [2024-12-06T23:36:57.161-0600] {dag.py:4180} INFO - Setting next_dagrun for tutorial_objectstorage to None, run_after=None
[2024-12-06T23:36:57.265-0600] {processor.py:208} INFO - Processing /home/m9d9v9/PycharmProjects/Airflow-2/Airflow-2/.venv/lib/python3.10/site-packages/airflow/example_dags/tutorial_objectstorage.py took 0.171 seconds
[2024-12-06T23:37:58.203-0600] {processor.py:186} INFO - Started process (PID=18729) to work on /home/m9d9v9/PycharmProjects/Airflow-2/Airflow-2/.venv/lib/python3.10/site-packages/airflow/example_dags/tutorial_objectstorage.py
[2024-12-06T23:37:58.209-0600] {processor.py:914} INFO - Processing file /home/m9d9v9/PycharmProjects/Airflow-2/Airflow-2/.venv/lib/python3.10/site-packages/airflow/example_dags/tutorial_objectstorage.py for tasks to queue
[2024-12-06T23:37:58.211-0600] {logging_mixin.py:190} INFO - [2024-12-06T23:37:58.211-0600] {dagbag.py:588} INFO - Filling up the DagBag from /home/m9d9v9/PycharmProjects/Airflow-2/Airflow-2/.venv/lib/python3.10/site-packages/airflow/example_dags/tutorial_objectstorage.py
[2024-12-06T23:37:58.225-0600] {processor.py:925} INFO - DAG(s) 'tutorial_objectstorage' retrieved from /home/m9d9v9/PycharmProjects/Airflow-2/Airflow-2/.venv/lib/python3.10/site-packages/airflow/example_dags/tutorial_objectstorage.py
[2024-12-06T23:37:58.250-0600] {logging_mixin.py:190} INFO - [2024-12-06T23:37:58.250-0600] {dag.py:3239} INFO - Sync 1 DAGs
[2024-12-06T23:37:58.257-0600] {logging_mixin.py:190} INFO - [2024-12-06T23:37:58.257-0600] {dag.py:4180} INFO - Setting next_dagrun for tutorial_objectstorage to None, run_after=None
[2024-12-06T23:37:58.269-0600] {processor.py:208} INFO - Processing /home/m9d9v9/PycharmProjects/Airflow-2/Airflow-2/.venv/lib/python3.10/site-packages/airflow/example_dags/tutorial_objectstorage.py took 0.076 seconds
[2024-12-06T23:39:04.633-0600] {processor.py:186} INFO - Started process (PID=18897) to work on /home/m9d9v9/PycharmProjects/Airflow-2/Airflow-2/.venv/lib/python3.10/site-packages/airflow/example_dags/tutorial_objectstorage.py
[2024-12-06T23:39:04.637-0600] {processor.py:914} INFO - Processing file /home/m9d9v9/PycharmProjects/Airflow-2/Airflow-2/.venv/lib/python3.10/site-packages/airflow/example_dags/tutorial_objectstorage.py for tasks to queue
[2024-12-06T23:39:04.639-0600] {logging_mixin.py:190} INFO - [2024-12-06T23:39:04.638-0600] {dagbag.py:588} INFO - Filling up the DagBag from /home/m9d9v9/PycharmProjects/Airflow-2/Airflow-2/.venv/lib/python3.10/site-packages/airflow/example_dags/tutorial_objectstorage.py
[2024-12-06T23:39:04.650-0600] {processor.py:925} INFO - DAG(s) 'tutorial_objectstorage' retrieved from /home/m9d9v9/PycharmProjects/Airflow-2/Airflow-2/.venv/lib/python3.10/site-packages/airflow/example_dags/tutorial_objectstorage.py
[2024-12-06T23:39:04.663-0600] {logging_mixin.py:190} INFO - [2024-12-06T23:39:04.662-0600] {dag.py:3239} INFO - Sync 1 DAGs
[2024-12-06T23:39:04.671-0600] {logging_mixin.py:190} INFO - [2024-12-06T23:39:04.671-0600] {dag.py:4180} INFO - Setting next_dagrun for tutorial_objectstorage to None, run_after=None
[2024-12-06T23:39:04.684-0600] {processor.py:208} INFO - Processing /home/m9d9v9/PycharmProjects/Airflow-2/Airflow-2/.venv/lib/python3.10/site-packages/airflow/example_dags/tutorial_objectstorage.py took 0.058 seconds
[2024-12-06T23:40:02.295-0600] {processor.py:186} INFO - Started process (PID=19143) to work on /home/m9d9v9/PycharmProjects/Airflow-2/Airflow-2/.venv/lib/python3.10/site-packages/airflow/example_dags/tutorial_objectstorage.py
[2024-12-06T23:40:02.296-0600] {processor.py:914} INFO - Processing file /home/m9d9v9/PycharmProjects/Airflow-2/Airflow-2/.venv/lib/python3.10/site-packages/airflow/example_dags/tutorial_objectstorage.py for tasks to queue
[2024-12-06T23:40:02.297-0600] {logging_mixin.py:190} INFO - [2024-12-06T23:40:02.297-0600] {dagbag.py:588} INFO - Filling up the DagBag from /home/m9d9v9/PycharmProjects/Airflow-2/Airflow-2/.venv/lib/python3.10/site-packages/airflow/example_dags/tutorial_objectstorage.py
[2024-12-06T23:40:02.310-0600] {processor.py:925} INFO - DAG(s) 'tutorial_objectstorage' retrieved from /home/m9d9v9/PycharmProjects/Airflow-2/Airflow-2/.venv/lib/python3.10/site-packages/airflow/example_dags/tutorial_objectstorage.py
[2024-12-06T23:40:02.322-0600] {logging_mixin.py:190} INFO - [2024-12-06T23:40:02.322-0600] {dag.py:3239} INFO - Sync 1 DAGs
[2024-12-06T23:40:02.333-0600] {logging_mixin.py:190} INFO - [2024-12-06T23:40:02.333-0600] {dag.py:4180} INFO - Setting next_dagrun for tutorial_objectstorage to None, run_after=None
[2024-12-06T23:40:02.349-0600] {processor.py:208} INFO - Processing /home/m9d9v9/PycharmProjects/Airflow-2/Airflow-2/.venv/lib/python3.10/site-packages/airflow/example_dags/tutorial_objectstorage.py took 0.060 seconds
[2024-12-06T23:40:57.283-0600] {processor.py:186} INFO - Started process (PID=19297) to work on /home/m9d9v9/PycharmProjects/Airflow-2/Airflow-2/.venv/lib/python3.10/site-packages/airflow/example_dags/tutorial_objectstorage.py
[2024-12-06T23:40:57.289-0600] {processor.py:914} INFO - Processing file /home/m9d9v9/PycharmProjects/Airflow-2/Airflow-2/.venv/lib/python3.10/site-packages/airflow/example_dags/tutorial_objectstorage.py for tasks to queue
[2024-12-06T23:40:57.290-0600] {logging_mixin.py:190} INFO - [2024-12-06T23:40:57.289-0600] {dagbag.py:588} INFO - Filling up the DagBag from /home/m9d9v9/PycharmProjects/Airflow-2/Airflow-2/.venv/lib/python3.10/site-packages/airflow/example_dags/tutorial_objectstorage.py
[2024-12-06T23:40:57.298-0600] {processor.py:925} INFO - DAG(s) 'tutorial_objectstorage' retrieved from /home/m9d9v9/PycharmProjects/Airflow-2/Airflow-2/.venv/lib/python3.10/site-packages/airflow/example_dags/tutorial_objectstorage.py
[2024-12-06T23:40:57.309-0600] {logging_mixin.py:190} INFO - [2024-12-06T23:40:57.309-0600] {dag.py:3239} INFO - Sync 1 DAGs
[2024-12-06T23:40:57.318-0600] {logging_mixin.py:190} INFO - [2024-12-06T23:40:57.318-0600] {dag.py:4180} INFO - Setting next_dagrun for tutorial_objectstorage to None, run_after=None
[2024-12-06T23:40:57.334-0600] {processor.py:208} INFO - Processing /home/m9d9v9/PycharmProjects/Airflow-2/Airflow-2/.venv/lib/python3.10/site-packages/airflow/example_dags/tutorial_objectstorage.py took 0.055 seconds
[2024-12-06T23:41:53.186-0600] {processor.py:186} INFO - Started process (PID=19378) to work on /home/m9d9v9/PycharmProjects/Airflow-2/Airflow-2/.venv/lib/python3.10/site-packages/airflow/example_dags/tutorial_objectstorage.py
[2024-12-06T23:41:53.192-0600] {processor.py:914} INFO - Processing file /home/m9d9v9/PycharmProjects/Airflow-2/Airflow-2/.venv/lib/python3.10/site-packages/airflow/example_dags/tutorial_objectstorage.py for tasks to queue
[2024-12-06T23:41:53.194-0600] {logging_mixin.py:190} INFO - [2024-12-06T23:41:53.193-0600] {dagbag.py:588} INFO - Filling up the DagBag from /home/m9d9v9/PycharmProjects/Airflow-2/Airflow-2/.venv/lib/python3.10/site-packages/airflow/example_dags/tutorial_objectstorage.py
[2024-12-06T23:41:53.201-0600] {processor.py:925} INFO - DAG(s) 'tutorial_objectstorage' retrieved from /home/m9d9v9/PycharmProjects/Airflow-2/Airflow-2/.venv/lib/python3.10/site-packages/airflow/example_dags/tutorial_objectstorage.py
[2024-12-06T23:41:53.210-0600] {logging_mixin.py:190} INFO - [2024-12-06T23:41:53.210-0600] {dag.py:3239} INFO - Sync 1 DAGs
[2024-12-06T23:41:53.218-0600] {logging_mixin.py:190} INFO - [2024-12-06T23:41:53.218-0600] {dag.py:4180} INFO - Setting next_dagrun for tutorial_objectstorage to None, run_after=None
[2024-12-06T23:41:53.231-0600] {processor.py:208} INFO - Processing /home/m9d9v9/PycharmProjects/Airflow-2/Airflow-2/.venv/lib/python3.10/site-packages/airflow/example_dags/tutorial_objectstorage.py took 0.048 seconds
