[2024-12-06T22:18:32.186-0600] {processor.py:186} INFO - Started process (PID=12446) to work on /home/m9d9v9/PycharmProjects/Airflow-2/Airflow-2/.venv/lib/python3.10/site-packages/airflow/example_dags/tutorial.py
[2024-12-06T22:18:32.187-0600] {processor.py:914} INFO - Processing file /home/m9d9v9/PycharmProjects/Airflow-2/Airflow-2/.venv/lib/python3.10/site-packages/airflow/example_dags/tutorial.py for tasks to queue
[2024-12-06T22:18:32.191-0600] {logging_mixin.py:190} INFO - [2024-12-06T22:18:32.191-0600] {dagbag.py:588} INFO - Filling up the DagBag from /home/m9d9v9/PycharmProjects/Airflow-2/Airflow-2/.venv/lib/python3.10/site-packages/airflow/example_dags/tutorial.py
[2024-12-06T22:18:32.206-0600] {processor.py:925} INFO - DAG(s) 'tutorial' retrieved from /home/m9d9v9/PycharmProjects/Airflow-2/Airflow-2/.venv/lib/python3.10/site-packages/airflow/example_dags/tutorial.py
[2024-12-06T22:18:32.276-0600] {logging_mixin.py:190} INFO - [2024-12-06T22:18:32.276-0600] {override.py:1911} INFO - Created Permission View: can edit on DAG:tutorial
[2024-12-06T22:18:32.283-0600] {logging_mixin.py:190} INFO - [2024-12-06T22:18:32.283-0600] {override.py:1911} INFO - Created Permission View: can read on DAG:tutorial
[2024-12-06T22:18:32.288-0600] {logging_mixin.py:190} INFO - [2024-12-06T22:18:32.287-0600] {override.py:1911} INFO - Created Permission View: can delete on DAG:tutorial
[2024-12-06T22:18:32.295-0600] {logging_mixin.py:190} INFO - [2024-12-06T22:18:32.295-0600] {override.py:1911} INFO - Created Permission View: menu access on DAG Run:tutorial
[2024-12-06T22:18:32.301-0600] {logging_mixin.py:190} INFO - [2024-12-06T22:18:32.301-0600] {override.py:1911} INFO - Created Permission View: can create on DAG Run:tutorial
[2024-12-06T22:18:32.306-0600] {logging_mixin.py:190} INFO - [2024-12-06T22:18:32.306-0600] {override.py:1911} INFO - Created Permission View: can read on DAG Run:tutorial
[2024-12-06T22:18:32.310-0600] {logging_mixin.py:190} INFO - [2024-12-06T22:18:32.310-0600] {override.py:1911} INFO - Created Permission View: can delete on DAG Run:tutorial
[2024-12-06T22:18:32.310-0600] {logging_mixin.py:190} INFO - [2024-12-06T22:18:32.310-0600] {dag.py:3239} INFO - Sync 1 DAGs
[2024-12-06T22:18:32.317-0600] {logging_mixin.py:190} INFO - [2024-12-06T22:18:32.317-0600] {dag.py:3262} INFO - Creating ORM DAG for tutorial
[2024-12-06T22:18:32.321-0600] {logging_mixin.py:190} INFO - [2024-12-06T22:18:32.321-0600] {dag.py:4180} INFO - Setting next_dagrun for tutorial to 2024-12-06 00:00:00+00:00, run_after=2024-12-07 00:00:00+00:00
[2024-12-06T22:18:32.331-0600] {processor.py:208} INFO - Processing /home/m9d9v9/PycharmProjects/Airflow-2/Airflow-2/.venv/lib/python3.10/site-packages/airflow/example_dags/tutorial.py took 0.157 seconds
[2024-12-06T22:19:37.465-0600] {processor.py:186} INFO - Started process (PID=12582) to work on /home/m9d9v9/PycharmProjects/Airflow-2/Airflow-2/.venv/lib/python3.10/site-packages/airflow/example_dags/tutorial.py
[2024-12-06T22:19:37.472-0600] {processor.py:914} INFO - Processing file /home/m9d9v9/PycharmProjects/Airflow-2/Airflow-2/.venv/lib/python3.10/site-packages/airflow/example_dags/tutorial.py for tasks to queue
[2024-12-06T22:19:37.476-0600] {logging_mixin.py:190} INFO - [2024-12-06T22:19:37.475-0600] {dagbag.py:588} INFO - Filling up the DagBag from /home/m9d9v9/PycharmProjects/Airflow-2/Airflow-2/.venv/lib/python3.10/site-packages/airflow/example_dags/tutorial.py
[2024-12-06T22:19:37.490-0600] {processor.py:925} INFO - DAG(s) 'tutorial' retrieved from /home/m9d9v9/PycharmProjects/Airflow-2/Airflow-2/.venv/lib/python3.10/site-packages/airflow/example_dags/tutorial.py
[2024-12-06T22:19:37.514-0600] {logging_mixin.py:190} INFO - [2024-12-06T22:19:37.513-0600] {dag.py:3239} INFO - Sync 1 DAGs
[2024-12-06T22:19:37.526-0600] {logging_mixin.py:190} INFO - [2024-12-06T22:19:37.526-0600] {dag.py:4180} INFO - Setting next_dagrun for tutorial to 2024-12-06 00:00:00+00:00, run_after=2024-12-07 00:00:00+00:00
[2024-12-06T22:19:37.538-0600] {processor.py:208} INFO - Processing /home/m9d9v9/PycharmProjects/Airflow-2/Airflow-2/.venv/lib/python3.10/site-packages/airflow/example_dags/tutorial.py took 0.085 seconds
[2024-12-06T22:20:32.439-0600] {processor.py:186} INFO - Started process (PID=12668) to work on /home/m9d9v9/PycharmProjects/Airflow-2/Airflow-2/.venv/lib/python3.10/site-packages/airflow/example_dags/tutorial.py
[2024-12-06T22:20:32.440-0600] {processor.py:914} INFO - Processing file /home/m9d9v9/PycharmProjects/Airflow-2/Airflow-2/.venv/lib/python3.10/site-packages/airflow/example_dags/tutorial.py for tasks to queue
[2024-12-06T22:20:32.442-0600] {logging_mixin.py:190} INFO - [2024-12-06T22:20:32.442-0600] {dagbag.py:588} INFO - Filling up the DagBag from /home/m9d9v9/PycharmProjects/Airflow-2/Airflow-2/.venv/lib/python3.10/site-packages/airflow/example_dags/tutorial.py
[2024-12-06T22:20:32.449-0600] {processor.py:925} INFO - DAG(s) 'tutorial' retrieved from /home/m9d9v9/PycharmProjects/Airflow-2/Airflow-2/.venv/lib/python3.10/site-packages/airflow/example_dags/tutorial.py
[2024-12-06T22:20:32.464-0600] {logging_mixin.py:190} INFO - [2024-12-06T22:20:32.463-0600] {dag.py:3239} INFO - Sync 1 DAGs
[2024-12-06T22:20:32.479-0600] {logging_mixin.py:190} INFO - [2024-12-06T22:20:32.479-0600] {dag.py:4180} INFO - Setting next_dagrun for tutorial to 2024-12-06 00:00:00+00:00, run_after=2024-12-07 00:00:00+00:00
[2024-12-06T22:20:32.494-0600] {processor.py:208} INFO - Processing /home/m9d9v9/PycharmProjects/Airflow-2/Airflow-2/.venv/lib/python3.10/site-packages/airflow/example_dags/tutorial.py took 0.062 seconds
[2024-12-06T22:21:24.244-0600] {processor.py:186} INFO - Started process (PID=12734) to work on /home/m9d9v9/PycharmProjects/Airflow-2/Airflow-2/.venv/lib/python3.10/site-packages/airflow/example_dags/tutorial.py
[2024-12-06T22:21:24.251-0600] {processor.py:914} INFO - Processing file /home/m9d9v9/PycharmProjects/Airflow-2/Airflow-2/.venv/lib/python3.10/site-packages/airflow/example_dags/tutorial.py for tasks to queue
[2024-12-06T22:21:24.252-0600] {logging_mixin.py:190} INFO - [2024-12-06T22:21:24.252-0600] {dagbag.py:588} INFO - Filling up the DagBag from /home/m9d9v9/PycharmProjects/Airflow-2/Airflow-2/.venv/lib/python3.10/site-packages/airflow/example_dags/tutorial.py
[2024-12-06T22:21:24.262-0600] {processor.py:925} INFO - DAG(s) 'tutorial' retrieved from /home/m9d9v9/PycharmProjects/Airflow-2/Airflow-2/.venv/lib/python3.10/site-packages/airflow/example_dags/tutorial.py
[2024-12-06T22:21:24.282-0600] {logging_mixin.py:190} INFO - [2024-12-06T22:21:24.282-0600] {dag.py:3239} INFO - Sync 1 DAGs
[2024-12-06T22:21:24.298-0600] {logging_mixin.py:190} INFO - [2024-12-06T22:21:24.298-0600] {dag.py:4180} INFO - Setting next_dagrun for tutorial to 2024-12-06 00:00:00+00:00, run_after=2024-12-07 00:00:00+00:00
[2024-12-06T22:21:24.310-0600] {processor.py:208} INFO - Processing /home/m9d9v9/PycharmProjects/Airflow-2/Airflow-2/.venv/lib/python3.10/site-packages/airflow/example_dags/tutorial.py took 0.079 seconds
[2024-12-06T22:22:20.069-0600] {processor.py:186} INFO - Started process (PID=12813) to work on /home/m9d9v9/PycharmProjects/Airflow-2/Airflow-2/.venv/lib/python3.10/site-packages/airflow/example_dags/tutorial.py
[2024-12-06T22:22:20.078-0600] {processor.py:914} INFO - Processing file /home/m9d9v9/PycharmProjects/Airflow-2/Airflow-2/.venv/lib/python3.10/site-packages/airflow/example_dags/tutorial.py for tasks to queue
[2024-12-06T22:22:20.080-0600] {logging_mixin.py:190} INFO - [2024-12-06T22:22:20.080-0600] {dagbag.py:588} INFO - Filling up the DagBag from /home/m9d9v9/PycharmProjects/Airflow-2/Airflow-2/.venv/lib/python3.10/site-packages/airflow/example_dags/tutorial.py
[2024-12-06T22:22:20.091-0600] {processor.py:925} INFO - DAG(s) 'tutorial' retrieved from /home/m9d9v9/PycharmProjects/Airflow-2/Airflow-2/.venv/lib/python3.10/site-packages/airflow/example_dags/tutorial.py
[2024-12-06T22:22:20.106-0600] {logging_mixin.py:190} INFO - [2024-12-06T22:22:20.106-0600] {dag.py:3239} INFO - Sync 1 DAGs
[2024-12-06T22:22:20.127-0600] {logging_mixin.py:190} INFO - [2024-12-06T22:22:20.127-0600] {dag.py:4180} INFO - Setting next_dagrun for tutorial to 2024-12-06 00:00:00+00:00, run_after=2024-12-07 00:00:00+00:00
[2024-12-06T22:22:20.143-0600] {processor.py:208} INFO - Processing /home/m9d9v9/PycharmProjects/Airflow-2/Airflow-2/.venv/lib/python3.10/site-packages/airflow/example_dags/tutorial.py took 0.081 seconds
[2024-12-06T22:23:37.783-0600] {processor.py:186} INFO - Started process (PID=12969) to work on /home/m9d9v9/PycharmProjects/Airflow-2/Airflow-2/.venv/lib/python3.10/site-packages/airflow/example_dags/tutorial.py
[2024-12-06T22:23:37.790-0600] {processor.py:914} INFO - Processing file /home/m9d9v9/PycharmProjects/Airflow-2/Airflow-2/.venv/lib/python3.10/site-packages/airflow/example_dags/tutorial.py for tasks to queue
[2024-12-06T22:23:37.792-0600] {logging_mixin.py:190} INFO - [2024-12-06T22:23:37.792-0600] {dagbag.py:588} INFO - Filling up the DagBag from /home/m9d9v9/PycharmProjects/Airflow-2/Airflow-2/.venv/lib/python3.10/site-packages/airflow/example_dags/tutorial.py
[2024-12-06T22:23:37.801-0600] {processor.py:925} INFO - DAG(s) 'tutorial' retrieved from /home/m9d9v9/PycharmProjects/Airflow-2/Airflow-2/.venv/lib/python3.10/site-packages/airflow/example_dags/tutorial.py
[2024-12-06T22:23:37.819-0600] {logging_mixin.py:190} INFO - [2024-12-06T22:23:37.819-0600] {dag.py:3239} INFO - Sync 1 DAGs
[2024-12-06T22:23:37.836-0600] {logging_mixin.py:190} INFO - [2024-12-06T22:23:37.835-0600] {dag.py:4180} INFO - Setting next_dagrun for tutorial to 2024-12-06 00:00:00+00:00, run_after=2024-12-07 00:00:00+00:00
[2024-12-06T22:23:37.852-0600] {processor.py:208} INFO - Processing /home/m9d9v9/PycharmProjects/Airflow-2/Airflow-2/.venv/lib/python3.10/site-packages/airflow/example_dags/tutorial.py took 0.075 seconds
[2024-12-06T22:24:32.042-0600] {processor.py:186} INFO - Started process (PID=13038) to work on /home/m9d9v9/PycharmProjects/Airflow-2/Airflow-2/.venv/lib/python3.10/site-packages/airflow/example_dags/tutorial.py
[2024-12-06T22:24:32.044-0600] {processor.py:914} INFO - Processing file /home/m9d9v9/PycharmProjects/Airflow-2/Airflow-2/.venv/lib/python3.10/site-packages/airflow/example_dags/tutorial.py for tasks to queue
[2024-12-06T22:24:32.047-0600] {logging_mixin.py:190} INFO - [2024-12-06T22:24:32.046-0600] {dagbag.py:588} INFO - Filling up the DagBag from /home/m9d9v9/PycharmProjects/Airflow-2/Airflow-2/.venv/lib/python3.10/site-packages/airflow/example_dags/tutorial.py
[2024-12-06T22:24:32.064-0600] {processor.py:925} INFO - DAG(s) 'tutorial' retrieved from /home/m9d9v9/PycharmProjects/Airflow-2/Airflow-2/.venv/lib/python3.10/site-packages/airflow/example_dags/tutorial.py
[2024-12-06T22:24:32.081-0600] {logging_mixin.py:190} INFO - [2024-12-06T22:24:32.081-0600] {dag.py:3239} INFO - Sync 1 DAGs
[2024-12-06T22:24:32.093-0600] {logging_mixin.py:190} INFO - [2024-12-06T22:24:32.093-0600] {dag.py:4180} INFO - Setting next_dagrun for tutorial to 2024-12-06 00:00:00+00:00, run_after=2024-12-07 00:00:00+00:00
[2024-12-06T22:24:32.104-0600] {processor.py:208} INFO - Processing /home/m9d9v9/PycharmProjects/Airflow-2/Airflow-2/.venv/lib/python3.10/site-packages/airflow/example_dags/tutorial.py took 0.075 seconds
[2024-12-06T22:25:27.679-0600] {processor.py:186} INFO - Started process (PID=13124) to work on /home/m9d9v9/PycharmProjects/Airflow-2/Airflow-2/.venv/lib/python3.10/site-packages/airflow/example_dags/tutorial.py
[2024-12-06T22:25:27.686-0600] {processor.py:914} INFO - Processing file /home/m9d9v9/PycharmProjects/Airflow-2/Airflow-2/.venv/lib/python3.10/site-packages/airflow/example_dags/tutorial.py for tasks to queue
[2024-12-06T22:25:27.688-0600] {logging_mixin.py:190} INFO - [2024-12-06T22:25:27.687-0600] {dagbag.py:588} INFO - Filling up the DagBag from /home/m9d9v9/PycharmProjects/Airflow-2/Airflow-2/.venv/lib/python3.10/site-packages/airflow/example_dags/tutorial.py
[2024-12-06T22:25:27.706-0600] {processor.py:925} INFO - DAG(s) 'tutorial' retrieved from /home/m9d9v9/PycharmProjects/Airflow-2/Airflow-2/.venv/lib/python3.10/site-packages/airflow/example_dags/tutorial.py
[2024-12-06T22:25:27.730-0600] {logging_mixin.py:190} INFO - [2024-12-06T22:25:27.730-0600] {dag.py:3239} INFO - Sync 1 DAGs
[2024-12-06T22:25:27.745-0600] {logging_mixin.py:190} INFO - [2024-12-06T22:25:27.745-0600] {dag.py:4180} INFO - Setting next_dagrun for tutorial to 2024-12-06 00:00:00+00:00, run_after=2024-12-07 00:00:00+00:00
[2024-12-06T22:25:27.759-0600] {processor.py:208} INFO - Processing /home/m9d9v9/PycharmProjects/Airflow-2/Airflow-2/.venv/lib/python3.10/site-packages/airflow/example_dags/tutorial.py took 0.092 seconds
[2024-12-06T22:26:25.794-0600] {processor.py:186} INFO - Started process (PID=13203) to work on /home/m9d9v9/PycharmProjects/Airflow-2/Airflow-2/.venv/lib/python3.10/site-packages/airflow/example_dags/tutorial.py
[2024-12-06T22:26:25.801-0600] {processor.py:914} INFO - Processing file /home/m9d9v9/PycharmProjects/Airflow-2/Airflow-2/.venv/lib/python3.10/site-packages/airflow/example_dags/tutorial.py for tasks to queue
[2024-12-06T22:26:25.803-0600] {logging_mixin.py:190} INFO - [2024-12-06T22:26:25.802-0600] {dagbag.py:588} INFO - Filling up the DagBag from /home/m9d9v9/PycharmProjects/Airflow-2/Airflow-2/.venv/lib/python3.10/site-packages/airflow/example_dags/tutorial.py
[2024-12-06T22:26:25.820-0600] {processor.py:925} INFO - DAG(s) 'tutorial' retrieved from /home/m9d9v9/PycharmProjects/Airflow-2/Airflow-2/.venv/lib/python3.10/site-packages/airflow/example_dags/tutorial.py
[2024-12-06T22:26:25.843-0600] {logging_mixin.py:190} INFO - [2024-12-06T22:26:25.843-0600] {dag.py:3239} INFO - Sync 1 DAGs
[2024-12-06T22:26:25.854-0600] {logging_mixin.py:190} INFO - [2024-12-06T22:26:25.854-0600] {dag.py:4180} INFO - Setting next_dagrun for tutorial to 2024-12-06 00:00:00+00:00, run_after=2024-12-07 00:00:00+00:00
[2024-12-06T22:26:25.867-0600] {processor.py:208} INFO - Processing /home/m9d9v9/PycharmProjects/Airflow-2/Airflow-2/.venv/lib/python3.10/site-packages/airflow/example_dags/tutorial.py took 0.085 seconds
[2024-12-06T22:36:57.606-0600] {processor.py:186} INFO - Started process (PID=14573) to work on /home/m9d9v9/PycharmProjects/Airflow-2/Airflow-2/.venv/lib/python3.10/site-packages/airflow/example_dags/tutorial.py
[2024-12-06T22:36:57.612-0600] {processor.py:914} INFO - Processing file /home/m9d9v9/PycharmProjects/Airflow-2/Airflow-2/.venv/lib/python3.10/site-packages/airflow/example_dags/tutorial.py for tasks to queue
[2024-12-06T22:36:57.615-0600] {logging_mixin.py:190} INFO - [2024-12-06T22:36:57.614-0600] {dagbag.py:588} INFO - Filling up the DagBag from /home/m9d9v9/PycharmProjects/Airflow-2/Airflow-2/.venv/lib/python3.10/site-packages/airflow/example_dags/tutorial.py
[2024-12-06T22:36:57.627-0600] {processor.py:925} INFO - DAG(s) 'tutorial' retrieved from /home/m9d9v9/PycharmProjects/Airflow-2/Airflow-2/.venv/lib/python3.10/site-packages/airflow/example_dags/tutorial.py
[2024-12-06T22:36:57.665-0600] {logging_mixin.py:190} INFO - [2024-12-06T22:36:57.664-0600] {dag.py:3239} INFO - Sync 1 DAGs
[2024-12-06T22:36:57.693-0600] {logging_mixin.py:190} INFO - [2024-12-06T22:36:57.692-0600] {dag.py:4180} INFO - Setting next_dagrun for tutorial to 2024-12-06 00:00:00+00:00, run_after=2024-12-07 00:00:00+00:00
[2024-12-06T22:36:57.746-0600] {processor.py:208} INFO - Processing /home/m9d9v9/PycharmProjects/Airflow-2/Airflow-2/.venv/lib/python3.10/site-packages/airflow/example_dags/tutorial.py took 0.146 seconds
[2024-12-06T22:37:54.706-0600] {processor.py:186} INFO - Started process (PID=14712) to work on /home/m9d9v9/PycharmProjects/Airflow-2/Airflow-2/.venv/lib/python3.10/site-packages/airflow/example_dags/tutorial.py
[2024-12-06T22:37:54.708-0600] {processor.py:914} INFO - Processing file /home/m9d9v9/PycharmProjects/Airflow-2/Airflow-2/.venv/lib/python3.10/site-packages/airflow/example_dags/tutorial.py for tasks to queue
[2024-12-06T22:37:54.713-0600] {logging_mixin.py:190} INFO - [2024-12-06T22:37:54.712-0600] {dagbag.py:588} INFO - Filling up the DagBag from /home/m9d9v9/PycharmProjects/Airflow-2/Airflow-2/.venv/lib/python3.10/site-packages/airflow/example_dags/tutorial.py
[2024-12-06T22:37:54.731-0600] {processor.py:925} INFO - DAG(s) 'tutorial' retrieved from /home/m9d9v9/PycharmProjects/Airflow-2/Airflow-2/.venv/lib/python3.10/site-packages/airflow/example_dags/tutorial.py
[2024-12-06T22:37:54.745-0600] {logging_mixin.py:190} INFO - [2024-12-06T22:37:54.744-0600] {dag.py:3239} INFO - Sync 1 DAGs
[2024-12-06T22:37:54.757-0600] {logging_mixin.py:190} INFO - [2024-12-06T22:37:54.757-0600] {dag.py:4180} INFO - Setting next_dagrun for tutorial to 2024-12-06 00:00:00+00:00, run_after=2024-12-07 00:00:00+00:00
[2024-12-06T22:37:54.769-0600] {processor.py:208} INFO - Processing /home/m9d9v9/PycharmProjects/Airflow-2/Airflow-2/.venv/lib/python3.10/site-packages/airflow/example_dags/tutorial.py took 0.077 seconds
[2024-12-06T22:38:52.537-0600] {processor.py:186} INFO - Started process (PID=14795) to work on /home/m9d9v9/PycharmProjects/Airflow-2/Airflow-2/.venv/lib/python3.10/site-packages/airflow/example_dags/tutorial.py
[2024-12-06T22:38:52.543-0600] {processor.py:914} INFO - Processing file /home/m9d9v9/PycharmProjects/Airflow-2/Airflow-2/.venv/lib/python3.10/site-packages/airflow/example_dags/tutorial.py for tasks to queue
[2024-12-06T22:38:52.546-0600] {logging_mixin.py:190} INFO - [2024-12-06T22:38:52.545-0600] {dagbag.py:588} INFO - Filling up the DagBag from /home/m9d9v9/PycharmProjects/Airflow-2/Airflow-2/.venv/lib/python3.10/site-packages/airflow/example_dags/tutorial.py
[2024-12-06T22:38:52.554-0600] {processor.py:925} INFO - DAG(s) 'tutorial' retrieved from /home/m9d9v9/PycharmProjects/Airflow-2/Airflow-2/.venv/lib/python3.10/site-packages/airflow/example_dags/tutorial.py
[2024-12-06T22:38:52.568-0600] {logging_mixin.py:190} INFO - [2024-12-06T22:38:52.568-0600] {dag.py:3239} INFO - Sync 1 DAGs
[2024-12-06T22:38:52.595-0600] {logging_mixin.py:190} INFO - [2024-12-06T22:38:52.594-0600] {dag.py:4180} INFO - Setting next_dagrun for tutorial to 2024-12-06 00:00:00+00:00, run_after=2024-12-07 00:00:00+00:00
[2024-12-06T22:38:52.646-0600] {processor.py:208} INFO - Processing /home/m9d9v9/PycharmProjects/Airflow-2/Airflow-2/.venv/lib/python3.10/site-packages/airflow/example_dags/tutorial.py took 0.115 seconds
[2024-12-06T22:39:49.157-0600] {processor.py:186} INFO - Started process (PID=14988) to work on /home/m9d9v9/PycharmProjects/Airflow-2/Airflow-2/.venv/lib/python3.10/site-packages/airflow/example_dags/tutorial.py
[2024-12-06T22:39:49.163-0600] {processor.py:914} INFO - Processing file /home/m9d9v9/PycharmProjects/Airflow-2/Airflow-2/.venv/lib/python3.10/site-packages/airflow/example_dags/tutorial.py for tasks to queue
[2024-12-06T22:39:49.165-0600] {logging_mixin.py:190} INFO - [2024-12-06T22:39:49.165-0600] {dagbag.py:588} INFO - Filling up the DagBag from /home/m9d9v9/PycharmProjects/Airflow-2/Airflow-2/.venv/lib/python3.10/site-packages/airflow/example_dags/tutorial.py
[2024-12-06T22:39:49.175-0600] {processor.py:925} INFO - DAG(s) 'tutorial' retrieved from /home/m9d9v9/PycharmProjects/Airflow-2/Airflow-2/.venv/lib/python3.10/site-packages/airflow/example_dags/tutorial.py
[2024-12-06T22:39:49.191-0600] {logging_mixin.py:190} INFO - [2024-12-06T22:39:49.191-0600] {dag.py:3239} INFO - Sync 1 DAGs
[2024-12-06T22:39:49.214-0600] {logging_mixin.py:190} INFO - [2024-12-06T22:39:49.214-0600] {dag.py:4180} INFO - Setting next_dagrun for tutorial to 2024-12-06 00:00:00+00:00, run_after=2024-12-07 00:00:00+00:00
[2024-12-06T22:39:49.227-0600] {processor.py:208} INFO - Processing /home/m9d9v9/PycharmProjects/Airflow-2/Airflow-2/.venv/lib/python3.10/site-packages/airflow/example_dags/tutorial.py took 0.080 seconds
[2024-12-06T22:40:49.916-0600] {processor.py:186} INFO - Started process (PID=15115) to work on /home/m9d9v9/PycharmProjects/Airflow-2/Airflow-2/.venv/lib/python3.10/site-packages/airflow/example_dags/tutorial.py
[2024-12-06T22:40:49.924-0600] {processor.py:914} INFO - Processing file /home/m9d9v9/PycharmProjects/Airflow-2/Airflow-2/.venv/lib/python3.10/site-packages/airflow/example_dags/tutorial.py for tasks to queue
[2024-12-06T22:40:49.928-0600] {logging_mixin.py:190} INFO - [2024-12-06T22:40:49.927-0600] {dagbag.py:588} INFO - Filling up the DagBag from /home/m9d9v9/PycharmProjects/Airflow-2/Airflow-2/.venv/lib/python3.10/site-packages/airflow/example_dags/tutorial.py
[2024-12-06T22:40:49.944-0600] {processor.py:925} INFO - DAG(s) 'tutorial' retrieved from /home/m9d9v9/PycharmProjects/Airflow-2/Airflow-2/.venv/lib/python3.10/site-packages/airflow/example_dags/tutorial.py
[2024-12-06T22:40:49.966-0600] {logging_mixin.py:190} INFO - [2024-12-06T22:40:49.966-0600] {dag.py:3239} INFO - Sync 1 DAGs
[2024-12-06T22:40:49.979-0600] {logging_mixin.py:190} INFO - [2024-12-06T22:40:49.979-0600] {dag.py:4180} INFO - Setting next_dagrun for tutorial to 2024-12-06 00:00:00+00:00, run_after=2024-12-07 00:00:00+00:00
[2024-12-06T22:40:49.992-0600] {processor.py:208} INFO - Processing /home/m9d9v9/PycharmProjects/Airflow-2/Airflow-2/.venv/lib/python3.10/site-packages/airflow/example_dags/tutorial.py took 0.093 seconds
[2024-12-06T23:25:05.567-0600] {processor.py:186} INFO - Started process (PID=17253) to work on /home/m9d9v9/PycharmProjects/Airflow-2/Airflow-2/.venv/lib/python3.10/site-packages/airflow/example_dags/tutorial.py
[2024-12-06T23:25:05.568-0600] {processor.py:914} INFO - Processing file /home/m9d9v9/PycharmProjects/Airflow-2/Airflow-2/.venv/lib/python3.10/site-packages/airflow/example_dags/tutorial.py for tasks to queue
[2024-12-06T23:25:05.569-0600] {logging_mixin.py:190} INFO - [2024-12-06T23:25:05.569-0600] {dagbag.py:588} INFO - Filling up the DagBag from /home/m9d9v9/PycharmProjects/Airflow-2/Airflow-2/.venv/lib/python3.10/site-packages/airflow/example_dags/tutorial.py
[2024-12-06T23:25:05.575-0600] {processor.py:925} INFO - DAG(s) 'tutorial' retrieved from /home/m9d9v9/PycharmProjects/Airflow-2/Airflow-2/.venv/lib/python3.10/site-packages/airflow/example_dags/tutorial.py
[2024-12-06T23:25:05.588-0600] {logging_mixin.py:190} INFO - [2024-12-06T23:25:05.588-0600] {dag.py:3239} INFO - Sync 1 DAGs
[2024-12-06T23:25:05.600-0600] {logging_mixin.py:190} INFO - [2024-12-06T23:25:05.600-0600] {dag.py:4180} INFO - Setting next_dagrun for tutorial to 2024-12-06 00:00:00+00:00, run_after=2024-12-07 00:00:00+00:00
[2024-12-06T23:25:05.612-0600] {processor.py:208} INFO - Processing /home/m9d9v9/PycharmProjects/Airflow-2/Airflow-2/.venv/lib/python3.10/site-packages/airflow/example_dags/tutorial.py took 0.049 seconds
[2024-12-06T23:26:01.753-0600] {processor.py:186} INFO - Started process (PID=17371) to work on /home/m9d9v9/PycharmProjects/Airflow-2/Airflow-2/.venv/lib/python3.10/site-packages/airflow/example_dags/tutorial.py
[2024-12-06T23:26:01.759-0600] {processor.py:914} INFO - Processing file /home/m9d9v9/PycharmProjects/Airflow-2/Airflow-2/.venv/lib/python3.10/site-packages/airflow/example_dags/tutorial.py for tasks to queue
[2024-12-06T23:26:01.761-0600] {logging_mixin.py:190} INFO - [2024-12-06T23:26:01.760-0600] {dagbag.py:588} INFO - Filling up the DagBag from /home/m9d9v9/PycharmProjects/Airflow-2/Airflow-2/.venv/lib/python3.10/site-packages/airflow/example_dags/tutorial.py
[2024-12-06T23:26:01.766-0600] {processor.py:925} INFO - DAG(s) 'tutorial' retrieved from /home/m9d9v9/PycharmProjects/Airflow-2/Airflow-2/.venv/lib/python3.10/site-packages/airflow/example_dags/tutorial.py
[2024-12-06T23:26:01.775-0600] {logging_mixin.py:190} INFO - [2024-12-06T23:26:01.775-0600] {dag.py:3239} INFO - Sync 1 DAGs
[2024-12-06T23:26:01.787-0600] {logging_mixin.py:190} INFO - [2024-12-06T23:26:01.787-0600] {dag.py:4180} INFO - Setting next_dagrun for tutorial to 2024-12-06 00:00:00+00:00, run_after=2024-12-07 00:00:00+00:00
[2024-12-06T23:26:01.798-0600] {processor.py:208} INFO - Processing /home/m9d9v9/PycharmProjects/Airflow-2/Airflow-2/.venv/lib/python3.10/site-packages/airflow/example_dags/tutorial.py took 0.049 seconds
[2024-12-06T23:26:59.404-0600] {processor.py:186} INFO - Started process (PID=17446) to work on /home/m9d9v9/PycharmProjects/Airflow-2/Airflow-2/.venv/lib/python3.10/site-packages/airflow/example_dags/tutorial.py
[2024-12-06T23:26:59.411-0600] {processor.py:914} INFO - Processing file /home/m9d9v9/PycharmProjects/Airflow-2/Airflow-2/.venv/lib/python3.10/site-packages/airflow/example_dags/tutorial.py for tasks to queue
[2024-12-06T23:26:59.414-0600] {logging_mixin.py:190} INFO - [2024-12-06T23:26:59.413-0600] {dagbag.py:588} INFO - Filling up the DagBag from /home/m9d9v9/PycharmProjects/Airflow-2/Airflow-2/.venv/lib/python3.10/site-packages/airflow/example_dags/tutorial.py
[2024-12-06T23:26:59.430-0600] {processor.py:925} INFO - DAG(s) 'tutorial' retrieved from /home/m9d9v9/PycharmProjects/Airflow-2/Airflow-2/.venv/lib/python3.10/site-packages/airflow/example_dags/tutorial.py
[2024-12-06T23:26:59.453-0600] {logging_mixin.py:190} INFO - [2024-12-06T23:26:59.453-0600] {dag.py:3239} INFO - Sync 1 DAGs
[2024-12-06T23:26:59.466-0600] {logging_mixin.py:190} INFO - [2024-12-06T23:26:59.465-0600] {dag.py:4180} INFO - Setting next_dagrun for tutorial to 2024-12-06 00:00:00+00:00, run_after=2024-12-07 00:00:00+00:00
[2024-12-06T23:26:59.477-0600] {processor.py:208} INFO - Processing /home/m9d9v9/PycharmProjects/Airflow-2/Airflow-2/.venv/lib/python3.10/site-packages/airflow/example_dags/tutorial.py took 0.084 seconds
[2024-12-06T23:27:55.726-0600] {processor.py:186} INFO - Started process (PID=17519) to work on /home/m9d9v9/PycharmProjects/Airflow-2/Airflow-2/.venv/lib/python3.10/site-packages/airflow/example_dags/tutorial.py
[2024-12-06T23:27:55.727-0600] {processor.py:914} INFO - Processing file /home/m9d9v9/PycharmProjects/Airflow-2/Airflow-2/.venv/lib/python3.10/site-packages/airflow/example_dags/tutorial.py for tasks to queue
[2024-12-06T23:27:55.728-0600] {logging_mixin.py:190} INFO - [2024-12-06T23:27:55.727-0600] {dagbag.py:588} INFO - Filling up the DagBag from /home/m9d9v9/PycharmProjects/Airflow-2/Airflow-2/.venv/lib/python3.10/site-packages/airflow/example_dags/tutorial.py
[2024-12-06T23:27:55.736-0600] {processor.py:925} INFO - DAG(s) 'tutorial' retrieved from /home/m9d9v9/PycharmProjects/Airflow-2/Airflow-2/.venv/lib/python3.10/site-packages/airflow/example_dags/tutorial.py
[2024-12-06T23:27:55.750-0600] {logging_mixin.py:190} INFO - [2024-12-06T23:27:55.750-0600] {dag.py:3239} INFO - Sync 1 DAGs
[2024-12-06T23:27:55.765-0600] {logging_mixin.py:190} INFO - [2024-12-06T23:27:55.765-0600] {dag.py:4180} INFO - Setting next_dagrun for tutorial to 2024-12-06 00:00:00+00:00, run_after=2024-12-07 00:00:00+00:00
[2024-12-06T23:27:55.778-0600] {processor.py:208} INFO - Processing /home/m9d9v9/PycharmProjects/Airflow-2/Airflow-2/.venv/lib/python3.10/site-packages/airflow/example_dags/tutorial.py took 0.059 seconds
[2024-12-06T23:28:53.325-0600] {processor.py:186} INFO - Started process (PID=17628) to work on /home/m9d9v9/PycharmProjects/Airflow-2/Airflow-2/.venv/lib/python3.10/site-packages/airflow/example_dags/tutorial.py
[2024-12-06T23:28:53.331-0600] {processor.py:914} INFO - Processing file /home/m9d9v9/PycharmProjects/Airflow-2/Airflow-2/.venv/lib/python3.10/site-packages/airflow/example_dags/tutorial.py for tasks to queue
[2024-12-06T23:28:53.333-0600] {logging_mixin.py:190} INFO - [2024-12-06T23:28:53.332-0600] {dagbag.py:588} INFO - Filling up the DagBag from /home/m9d9v9/PycharmProjects/Airflow-2/Airflow-2/.venv/lib/python3.10/site-packages/airflow/example_dags/tutorial.py
[2024-12-06T23:28:53.350-0600] {processor.py:925} INFO - DAG(s) 'tutorial' retrieved from /home/m9d9v9/PycharmProjects/Airflow-2/Airflow-2/.venv/lib/python3.10/site-packages/airflow/example_dags/tutorial.py
[2024-12-06T23:28:53.375-0600] {logging_mixin.py:190} INFO - [2024-12-06T23:28:53.374-0600] {dag.py:3239} INFO - Sync 1 DAGs
[2024-12-06T23:28:53.389-0600] {logging_mixin.py:190} INFO - [2024-12-06T23:28:53.388-0600] {dag.py:4180} INFO - Setting next_dagrun for tutorial to 2024-12-06 00:00:00+00:00, run_after=2024-12-07 00:00:00+00:00
[2024-12-06T23:28:53.401-0600] {processor.py:208} INFO - Processing /home/m9d9v9/PycharmProjects/Airflow-2/Airflow-2/.venv/lib/python3.10/site-packages/airflow/example_dags/tutorial.py took 0.083 seconds
[2024-12-06T23:29:49.838-0600] {processor.py:186} INFO - Started process (PID=17764) to work on /home/m9d9v9/PycharmProjects/Airflow-2/Airflow-2/.venv/lib/python3.10/site-packages/airflow/example_dags/tutorial.py
[2024-12-06T23:29:49.845-0600] {processor.py:914} INFO - Processing file /home/m9d9v9/PycharmProjects/Airflow-2/Airflow-2/.venv/lib/python3.10/site-packages/airflow/example_dags/tutorial.py for tasks to queue
[2024-12-06T23:29:49.847-0600] {logging_mixin.py:190} INFO - [2024-12-06T23:29:49.846-0600] {dagbag.py:588} INFO - Filling up the DagBag from /home/m9d9v9/PycharmProjects/Airflow-2/Airflow-2/.venv/lib/python3.10/site-packages/airflow/example_dags/tutorial.py
[2024-12-06T23:29:49.864-0600] {processor.py:925} INFO - DAG(s) 'tutorial' retrieved from /home/m9d9v9/PycharmProjects/Airflow-2/Airflow-2/.venv/lib/python3.10/site-packages/airflow/example_dags/tutorial.py
[2024-12-06T23:29:49.887-0600] {logging_mixin.py:190} INFO - [2024-12-06T23:29:49.887-0600] {dag.py:3239} INFO - Sync 1 DAGs
[2024-12-06T23:29:49.898-0600] {logging_mixin.py:190} INFO - [2024-12-06T23:29:49.898-0600] {dag.py:4180} INFO - Setting next_dagrun for tutorial to 2024-12-06 00:00:00+00:00, run_after=2024-12-07 00:00:00+00:00
[2024-12-06T23:29:49.909-0600] {processor.py:208} INFO - Processing /home/m9d9v9/PycharmProjects/Airflow-2/Airflow-2/.venv/lib/python3.10/site-packages/airflow/example_dags/tutorial.py took 0.083 seconds
[2024-12-06T23:30:45.699-0600] {processor.py:186} INFO - Started process (PID=17885) to work on /home/m9d9v9/PycharmProjects/Airflow-2/Airflow-2/.venv/lib/python3.10/site-packages/airflow/example_dags/tutorial.py
[2024-12-06T23:30:45.706-0600] {processor.py:914} INFO - Processing file /home/m9d9v9/PycharmProjects/Airflow-2/Airflow-2/.venv/lib/python3.10/site-packages/airflow/example_dags/tutorial.py for tasks to queue
[2024-12-06T23:30:45.708-0600] {logging_mixin.py:190} INFO - [2024-12-06T23:30:45.708-0600] {dagbag.py:588} INFO - Filling up the DagBag from /home/m9d9v9/PycharmProjects/Airflow-2/Airflow-2/.venv/lib/python3.10/site-packages/airflow/example_dags/tutorial.py
[2024-12-06T23:30:45.723-0600] {processor.py:925} INFO - DAG(s) 'tutorial' retrieved from /home/m9d9v9/PycharmProjects/Airflow-2/Airflow-2/.venv/lib/python3.10/site-packages/airflow/example_dags/tutorial.py
[2024-12-06T23:30:45.747-0600] {logging_mixin.py:190} INFO - [2024-12-06T23:30:45.747-0600] {dag.py:3239} INFO - Sync 1 DAGs
[2024-12-06T23:30:45.758-0600] {logging_mixin.py:190} INFO - [2024-12-06T23:30:45.758-0600] {dag.py:4180} INFO - Setting next_dagrun for tutorial to 2024-12-06 00:00:00+00:00, run_after=2024-12-07 00:00:00+00:00
[2024-12-06T23:30:45.770-0600] {processor.py:208} INFO - Processing /home/m9d9v9/PycharmProjects/Airflow-2/Airflow-2/.venv/lib/python3.10/site-packages/airflow/example_dags/tutorial.py took 0.080 seconds
[2024-12-06T23:31:42.404-0600] {processor.py:186} INFO - Started process (PID=17954) to work on /home/m9d9v9/PycharmProjects/Airflow-2/Airflow-2/.venv/lib/python3.10/site-packages/airflow/example_dags/tutorial.py
[2024-12-06T23:31:42.411-0600] {processor.py:914} INFO - Processing file /home/m9d9v9/PycharmProjects/Airflow-2/Airflow-2/.venv/lib/python3.10/site-packages/airflow/example_dags/tutorial.py for tasks to queue
[2024-12-06T23:31:42.413-0600] {logging_mixin.py:190} INFO - [2024-12-06T23:31:42.413-0600] {dagbag.py:588} INFO - Filling up the DagBag from /home/m9d9v9/PycharmProjects/Airflow-2/Airflow-2/.venv/lib/python3.10/site-packages/airflow/example_dags/tutorial.py
[2024-12-06T23:31:42.428-0600] {processor.py:925} INFO - DAG(s) 'tutorial' retrieved from /home/m9d9v9/PycharmProjects/Airflow-2/Airflow-2/.venv/lib/python3.10/site-packages/airflow/example_dags/tutorial.py
[2024-12-06T23:31:42.452-0600] {logging_mixin.py:190} INFO - [2024-12-06T23:31:42.452-0600] {dag.py:3239} INFO - Sync 1 DAGs
[2024-12-06T23:31:42.464-0600] {logging_mixin.py:190} INFO - [2024-12-06T23:31:42.464-0600] {dag.py:4180} INFO - Setting next_dagrun for tutorial to 2024-12-06 00:00:00+00:00, run_after=2024-12-07 00:00:00+00:00
[2024-12-06T23:31:42.574-0600] {processor.py:208} INFO - Processing /home/m9d9v9/PycharmProjects/Airflow-2/Airflow-2/.venv/lib/python3.10/site-packages/airflow/example_dags/tutorial.py took 0.180 seconds
[2024-12-06T23:32:41.469-0600] {processor.py:186} INFO - Started process (PID=18065) to work on /home/m9d9v9/PycharmProjects/Airflow-2/Airflow-2/.venv/lib/python3.10/site-packages/airflow/example_dags/tutorial.py
[2024-12-06T23:32:41.476-0600] {processor.py:914} INFO - Processing file /home/m9d9v9/PycharmProjects/Airflow-2/Airflow-2/.venv/lib/python3.10/site-packages/airflow/example_dags/tutorial.py for tasks to queue
[2024-12-06T23:32:41.478-0600] {logging_mixin.py:190} INFO - [2024-12-06T23:32:41.478-0600] {dagbag.py:588} INFO - Filling up the DagBag from /home/m9d9v9/PycharmProjects/Airflow-2/Airflow-2/.venv/lib/python3.10/site-packages/airflow/example_dags/tutorial.py
[2024-12-06T23:32:41.494-0600] {processor.py:925} INFO - DAG(s) 'tutorial' retrieved from /home/m9d9v9/PycharmProjects/Airflow-2/Airflow-2/.venv/lib/python3.10/site-packages/airflow/example_dags/tutorial.py
[2024-12-06T23:32:41.519-0600] {logging_mixin.py:190} INFO - [2024-12-06T23:32:41.519-0600] {dag.py:3239} INFO - Sync 1 DAGs
[2024-12-06T23:32:41.529-0600] {logging_mixin.py:190} INFO - [2024-12-06T23:32:41.529-0600] {dag.py:4180} INFO - Setting next_dagrun for tutorial to 2024-12-06 00:00:00+00:00, run_after=2024-12-07 00:00:00+00:00
[2024-12-06T23:32:41.540-0600] {processor.py:208} INFO - Processing /home/m9d9v9/PycharmProjects/Airflow-2/Airflow-2/.venv/lib/python3.10/site-packages/airflow/example_dags/tutorial.py took 0.081 seconds
[2024-12-06T23:33:38.038-0600] {processor.py:186} INFO - Started process (PID=18132) to work on /home/m9d9v9/PycharmProjects/Airflow-2/Airflow-2/.venv/lib/python3.10/site-packages/airflow/example_dags/tutorial.py
[2024-12-06T23:33:38.045-0600] {processor.py:914} INFO - Processing file /home/m9d9v9/PycharmProjects/Airflow-2/Airflow-2/.venv/lib/python3.10/site-packages/airflow/example_dags/tutorial.py for tasks to queue
[2024-12-06T23:33:38.047-0600] {logging_mixin.py:190} INFO - [2024-12-06T23:33:38.047-0600] {dagbag.py:588} INFO - Filling up the DagBag from /home/m9d9v9/PycharmProjects/Airflow-2/Airflow-2/.venv/lib/python3.10/site-packages/airflow/example_dags/tutorial.py
[2024-12-06T23:33:38.062-0600] {processor.py:925} INFO - DAG(s) 'tutorial' retrieved from /home/m9d9v9/PycharmProjects/Airflow-2/Airflow-2/.venv/lib/python3.10/site-packages/airflow/example_dags/tutorial.py
[2024-12-06T23:33:38.088-0600] {logging_mixin.py:190} INFO - [2024-12-06T23:33:38.087-0600] {dag.py:3239} INFO - Sync 1 DAGs
[2024-12-06T23:33:38.099-0600] {logging_mixin.py:190} INFO - [2024-12-06T23:33:38.098-0600] {dag.py:4180} INFO - Setting next_dagrun for tutorial to 2024-12-06 00:00:00+00:00, run_after=2024-12-07 00:00:00+00:00
[2024-12-06T23:33:38.109-0600] {processor.py:208} INFO - Processing /home/m9d9v9/PycharmProjects/Airflow-2/Airflow-2/.venv/lib/python3.10/site-packages/airflow/example_dags/tutorial.py took 0.082 seconds
[2024-12-06T23:34:33.988-0600] {processor.py:186} INFO - Started process (PID=18227) to work on /home/m9d9v9/PycharmProjects/Airflow-2/Airflow-2/.venv/lib/python3.10/site-packages/airflow/example_dags/tutorial.py
[2024-12-06T23:34:33.995-0600] {processor.py:914} INFO - Processing file /home/m9d9v9/PycharmProjects/Airflow-2/Airflow-2/.venv/lib/python3.10/site-packages/airflow/example_dags/tutorial.py for tasks to queue
[2024-12-06T23:34:33.997-0600] {logging_mixin.py:190} INFO - [2024-12-06T23:34:33.996-0600] {dagbag.py:588} INFO - Filling up the DagBag from /home/m9d9v9/PycharmProjects/Airflow-2/Airflow-2/.venv/lib/python3.10/site-packages/airflow/example_dags/tutorial.py
[2024-12-06T23:34:34.012-0600] {processor.py:925} INFO - DAG(s) 'tutorial' retrieved from /home/m9d9v9/PycharmProjects/Airflow-2/Airflow-2/.venv/lib/python3.10/site-packages/airflow/example_dags/tutorial.py
[2024-12-06T23:34:34.039-0600] {logging_mixin.py:190} INFO - [2024-12-06T23:34:34.039-0600] {dag.py:3239} INFO - Sync 1 DAGs
[2024-12-06T23:34:34.145-0600] {logging_mixin.py:190} INFO - [2024-12-06T23:34:34.145-0600] {dag.py:4180} INFO - Setting next_dagrun for tutorial to 2024-12-06 00:00:00+00:00, run_after=2024-12-07 00:00:00+00:00
[2024-12-06T23:34:34.162-0600] {processor.py:208} INFO - Processing /home/m9d9v9/PycharmProjects/Airflow-2/Airflow-2/.venv/lib/python3.10/site-packages/airflow/example_dags/tutorial.py took 0.185 seconds
[2024-12-06T23:35:37.464-0600] {processor.py:186} INFO - Started process (PID=18338) to work on /home/m9d9v9/PycharmProjects/Airflow-2/Airflow-2/.venv/lib/python3.10/site-packages/airflow/example_dags/tutorial.py
[2024-12-06T23:35:37.470-0600] {processor.py:914} INFO - Processing file /home/m9d9v9/PycharmProjects/Airflow-2/Airflow-2/.venv/lib/python3.10/site-packages/airflow/example_dags/tutorial.py for tasks to queue
[2024-12-06T23:35:37.471-0600] {logging_mixin.py:190} INFO - [2024-12-06T23:35:37.471-0600] {dagbag.py:588} INFO - Filling up the DagBag from /home/m9d9v9/PycharmProjects/Airflow-2/Airflow-2/.venv/lib/python3.10/site-packages/airflow/example_dags/tutorial.py
[2024-12-06T23:35:37.477-0600] {processor.py:925} INFO - DAG(s) 'tutorial' retrieved from /home/m9d9v9/PycharmProjects/Airflow-2/Airflow-2/.venv/lib/python3.10/site-packages/airflow/example_dags/tutorial.py
[2024-12-06T23:35:37.487-0600] {logging_mixin.py:190} INFO - [2024-12-06T23:35:37.486-0600] {dag.py:3239} INFO - Sync 1 DAGs
[2024-12-06T23:35:37.587-0600] {logging_mixin.py:190} INFO - [2024-12-06T23:35:37.587-0600] {dag.py:4180} INFO - Setting next_dagrun for tutorial to 2024-12-06 00:00:00+00:00, run_after=2024-12-07 00:00:00+00:00
[2024-12-06T23:35:37.604-0600] {processor.py:208} INFO - Processing /home/m9d9v9/PycharmProjects/Airflow-2/Airflow-2/.venv/lib/python3.10/site-packages/airflow/example_dags/tutorial.py took 0.145 seconds
[2024-12-06T23:36:40.479-0600] {processor.py:186} INFO - Started process (PID=18415) to work on /home/m9d9v9/PycharmProjects/Airflow-2/Airflow-2/.venv/lib/python3.10/site-packages/airflow/example_dags/tutorial.py
[2024-12-06T23:36:40.485-0600] {processor.py:914} INFO - Processing file /home/m9d9v9/PycharmProjects/Airflow-2/Airflow-2/.venv/lib/python3.10/site-packages/airflow/example_dags/tutorial.py for tasks to queue
[2024-12-06T23:36:40.488-0600] {logging_mixin.py:190} INFO - [2024-12-06T23:36:40.487-0600] {dagbag.py:588} INFO - Filling up the DagBag from /home/m9d9v9/PycharmProjects/Airflow-2/Airflow-2/.venv/lib/python3.10/site-packages/airflow/example_dags/tutorial.py
[2024-12-06T23:36:40.502-0600] {processor.py:925} INFO - DAG(s) 'tutorial' retrieved from /home/m9d9v9/PycharmProjects/Airflow-2/Airflow-2/.venv/lib/python3.10/site-packages/airflow/example_dags/tutorial.py
[2024-12-06T23:36:40.529-0600] {logging_mixin.py:190} INFO - [2024-12-06T23:36:40.528-0600] {dag.py:3239} INFO - Sync 1 DAGs
[2024-12-06T23:36:40.540-0600] {logging_mixin.py:190} INFO - [2024-12-06T23:36:40.540-0600] {dag.py:4180} INFO - Setting next_dagrun for tutorial to 2024-12-06 00:00:00+00:00, run_after=2024-12-07 00:00:00+00:00
[2024-12-06T23:36:40.648-0600] {processor.py:208} INFO - Processing /home/m9d9v9/PycharmProjects/Airflow-2/Airflow-2/.venv/lib/python3.10/site-packages/airflow/example_dags/tutorial.py took 0.180 seconds
[2024-12-06T23:37:42.251-0600] {processor.py:186} INFO - Started process (PID=18704) to work on /home/m9d9v9/PycharmProjects/Airflow-2/Airflow-2/.venv/lib/python3.10/site-packages/airflow/example_dags/tutorial.py
[2024-12-06T23:37:42.258-0600] {processor.py:914} INFO - Processing file /home/m9d9v9/PycharmProjects/Airflow-2/Airflow-2/.venv/lib/python3.10/site-packages/airflow/example_dags/tutorial.py for tasks to queue
[2024-12-06T23:37:42.260-0600] {logging_mixin.py:190} INFO - [2024-12-06T23:37:42.259-0600] {dagbag.py:588} INFO - Filling up the DagBag from /home/m9d9v9/PycharmProjects/Airflow-2/Airflow-2/.venv/lib/python3.10/site-packages/airflow/example_dags/tutorial.py
[2024-12-06T23:37:42.278-0600] {processor.py:925} INFO - DAG(s) 'tutorial' retrieved from /home/m9d9v9/PycharmProjects/Airflow-2/Airflow-2/.venv/lib/python3.10/site-packages/airflow/example_dags/tutorial.py
[2024-12-06T23:37:42.300-0600] {logging_mixin.py:190} INFO - [2024-12-06T23:37:42.300-0600] {dag.py:3239} INFO - Sync 1 DAGs
[2024-12-06T23:37:42.312-0600] {logging_mixin.py:190} INFO - [2024-12-06T23:37:42.311-0600] {dag.py:4180} INFO - Setting next_dagrun for tutorial to 2024-12-06 00:00:00+00:00, run_after=2024-12-07 00:00:00+00:00
[2024-12-06T23:37:42.323-0600] {processor.py:208} INFO - Processing /home/m9d9v9/PycharmProjects/Airflow-2/Airflow-2/.venv/lib/python3.10/site-packages/airflow/example_dags/tutorial.py took 0.083 seconds
[2024-12-06T23:38:45.160-0600] {processor.py:186} INFO - Started process (PID=18873) to work on /home/m9d9v9/PycharmProjects/Airflow-2/Airflow-2/.venv/lib/python3.10/site-packages/airflow/example_dags/tutorial.py
[2024-12-06T23:38:45.166-0600] {processor.py:914} INFO - Processing file /home/m9d9v9/PycharmProjects/Airflow-2/Airflow-2/.venv/lib/python3.10/site-packages/airflow/example_dags/tutorial.py for tasks to queue
[2024-12-06T23:38:45.167-0600] {logging_mixin.py:190} INFO - [2024-12-06T23:38:45.167-0600] {dagbag.py:588} INFO - Filling up the DagBag from /home/m9d9v9/PycharmProjects/Airflow-2/Airflow-2/.venv/lib/python3.10/site-packages/airflow/example_dags/tutorial.py
[2024-12-06T23:38:45.174-0600] {processor.py:925} INFO - DAG(s) 'tutorial' retrieved from /home/m9d9v9/PycharmProjects/Airflow-2/Airflow-2/.venv/lib/python3.10/site-packages/airflow/example_dags/tutorial.py
[2024-12-06T23:38:45.190-0600] {logging_mixin.py:190} INFO - [2024-12-06T23:38:45.189-0600] {dag.py:3239} INFO - Sync 1 DAGs
[2024-12-06T23:38:45.202-0600] {logging_mixin.py:190} INFO - [2024-12-06T23:38:45.202-0600] {dag.py:4180} INFO - Setting next_dagrun for tutorial to 2024-12-06 00:00:00+00:00, run_after=2024-12-07 00:00:00+00:00
[2024-12-06T23:38:45.213-0600] {processor.py:208} INFO - Processing /home/m9d9v9/PycharmProjects/Airflow-2/Airflow-2/.venv/lib/python3.10/site-packages/airflow/example_dags/tutorial.py took 0.058 seconds
[2024-12-06T23:39:45.712-0600] {processor.py:186} INFO - Started process (PID=19084) to work on /home/m9d9v9/PycharmProjects/Airflow-2/Airflow-2/.venv/lib/python3.10/site-packages/airflow/example_dags/tutorial.py
[2024-12-06T23:39:45.714-0600] {processor.py:914} INFO - Processing file /home/m9d9v9/PycharmProjects/Airflow-2/Airflow-2/.venv/lib/python3.10/site-packages/airflow/example_dags/tutorial.py for tasks to queue
[2024-12-06T23:39:45.715-0600] {logging_mixin.py:190} INFO - [2024-12-06T23:39:45.715-0600] {dagbag.py:588} INFO - Filling up the DagBag from /home/m9d9v9/PycharmProjects/Airflow-2/Airflow-2/.venv/lib/python3.10/site-packages/airflow/example_dags/tutorial.py
[2024-12-06T23:39:45.723-0600] {processor.py:925} INFO - DAG(s) 'tutorial' retrieved from /home/m9d9v9/PycharmProjects/Airflow-2/Airflow-2/.venv/lib/python3.10/site-packages/airflow/example_dags/tutorial.py
[2024-12-06T23:39:45.734-0600] {logging_mixin.py:190} INFO - [2024-12-06T23:39:45.734-0600] {dag.py:3239} INFO - Sync 1 DAGs
[2024-12-06T23:39:45.748-0600] {logging_mixin.py:190} INFO - [2024-12-06T23:39:45.748-0600] {dag.py:4180} INFO - Setting next_dagrun for tutorial to 2024-12-06 00:00:00+00:00, run_after=2024-12-07 00:00:00+00:00
[2024-12-06T23:39:45.767-0600] {processor.py:208} INFO - Processing /home/m9d9v9/PycharmProjects/Airflow-2/Airflow-2/.venv/lib/python3.10/site-packages/airflow/example_dags/tutorial.py took 0.064 seconds
[2024-12-06T23:40:43.489-0600] {processor.py:186} INFO - Started process (PID=19270) to work on /home/m9d9v9/PycharmProjects/Airflow-2/Airflow-2/.venv/lib/python3.10/site-packages/airflow/example_dags/tutorial.py
[2024-12-06T23:40:43.496-0600] {processor.py:914} INFO - Processing file /home/m9d9v9/PycharmProjects/Airflow-2/Airflow-2/.venv/lib/python3.10/site-packages/airflow/example_dags/tutorial.py for tasks to queue
[2024-12-06T23:40:43.498-0600] {logging_mixin.py:190} INFO - [2024-12-06T23:40:43.497-0600] {dagbag.py:588} INFO - Filling up the DagBag from /home/m9d9v9/PycharmProjects/Airflow-2/Airflow-2/.venv/lib/python3.10/site-packages/airflow/example_dags/tutorial.py
[2024-12-06T23:40:43.514-0600] {processor.py:925} INFO - DAG(s) 'tutorial' retrieved from /home/m9d9v9/PycharmProjects/Airflow-2/Airflow-2/.venv/lib/python3.10/site-packages/airflow/example_dags/tutorial.py
[2024-12-06T23:40:43.535-0600] {logging_mixin.py:190} INFO - [2024-12-06T23:40:43.535-0600] {dag.py:3239} INFO - Sync 1 DAGs
[2024-12-06T23:40:43.547-0600] {logging_mixin.py:190} INFO - [2024-12-06T23:40:43.546-0600] {dag.py:4180} INFO - Setting next_dagrun for tutorial to 2024-12-06 00:00:00+00:00, run_after=2024-12-07 00:00:00+00:00
[2024-12-06T23:40:43.557-0600] {processor.py:208} INFO - Processing /home/m9d9v9/PycharmProjects/Airflow-2/Airflow-2/.venv/lib/python3.10/site-packages/airflow/example_dags/tutorial.py took 0.080 seconds
[2024-12-06T23:41:36.092-0600] {processor.py:186} INFO - Started process (PID=19352) to work on /home/m9d9v9/PycharmProjects/Airflow-2/Airflow-2/.venv/lib/python3.10/site-packages/airflow/example_dags/tutorial.py
[2024-12-06T23:41:36.098-0600] {processor.py:914} INFO - Processing file /home/m9d9v9/PycharmProjects/Airflow-2/Airflow-2/.venv/lib/python3.10/site-packages/airflow/example_dags/tutorial.py for tasks to queue
[2024-12-06T23:41:36.101-0600] {logging_mixin.py:190} INFO - [2024-12-06T23:41:36.100-0600] {dagbag.py:588} INFO - Filling up the DagBag from /home/m9d9v9/PycharmProjects/Airflow-2/Airflow-2/.venv/lib/python3.10/site-packages/airflow/example_dags/tutorial.py
[2024-12-06T23:41:36.109-0600] {processor.py:925} INFO - DAG(s) 'tutorial' retrieved from /home/m9d9v9/PycharmProjects/Airflow-2/Airflow-2/.venv/lib/python3.10/site-packages/airflow/example_dags/tutorial.py
[2024-12-06T23:41:36.125-0600] {logging_mixin.py:190} INFO - [2024-12-06T23:41:36.124-0600] {dag.py:3239} INFO - Sync 1 DAGs
[2024-12-06T23:41:36.142-0600] {logging_mixin.py:190} INFO - [2024-12-06T23:41:36.142-0600] {dag.py:4180} INFO - Setting next_dagrun for tutorial to 2024-12-06 00:00:00+00:00, run_after=2024-12-07 00:00:00+00:00
[2024-12-06T23:41:36.159-0600] {processor.py:208} INFO - Processing /home/m9d9v9/PycharmProjects/Airflow-2/Airflow-2/.venv/lib/python3.10/site-packages/airflow/example_dags/tutorial.py took 0.072 seconds
