[2024-12-06T22:18:38.447-0600] {processor.py:186} INFO - Started process (PID=12475) to work on /home/m9d9v9/PycharmProjects/Airflow-2/Airflow-2/.venv/lib/python3.10/site-packages/airflow/example_dags/tutorial_dag.py
[2024-12-06T22:18:38.448-0600] {processor.py:914} INFO - Processing file /home/m9d9v9/PycharmProjects/Airflow-2/Airflow-2/.venv/lib/python3.10/site-packages/airflow/example_dags/tutorial_dag.py for tasks to queue
[2024-12-06T22:18:38.450-0600] {logging_mixin.py:190} INFO - [2024-12-06T22:18:38.450-0600] {dagbag.py:588} INFO - Filling up the DagBag from /home/m9d9v9/PycharmProjects/Airflow-2/Airflow-2/.venv/lib/python3.10/site-packages/airflow/example_dags/tutorial_dag.py
[2024-12-06T22:18:38.457-0600] {processor.py:925} INFO - DAG(s) 'tutorial_dag' retrieved from /home/m9d9v9/PycharmProjects/Airflow-2/Airflow-2/.venv/lib/python3.10/site-packages/airflow/example_dags/tutorial_dag.py
[2024-12-06T22:18:38.541-0600] {logging_mixin.py:190} INFO - [2024-12-06T22:18:38.540-0600] {override.py:1911} INFO - Created Permission View: can edit on DAG:tutorial_dag
[2024-12-06T22:18:38.549-0600] {logging_mixin.py:190} INFO - [2024-12-06T22:18:38.548-0600] {override.py:1911} INFO - Created Permission View: can read on DAG:tutorial_dag
[2024-12-06T22:18:38.554-0600] {logging_mixin.py:190} INFO - [2024-12-06T22:18:38.553-0600] {override.py:1911} INFO - Created Permission View: can delete on DAG:tutorial_dag
[2024-12-06T22:18:38.561-0600] {logging_mixin.py:190} INFO - [2024-12-06T22:18:38.561-0600] {override.py:1911} INFO - Created Permission View: menu access on DAG Run:tutorial_dag
[2024-12-06T22:18:38.566-0600] {logging_mixin.py:190} INFO - [2024-12-06T22:18:38.566-0600] {override.py:1911} INFO - Created Permission View: can create on DAG Run:tutorial_dag
[2024-12-06T22:18:38.571-0600] {logging_mixin.py:190} INFO - [2024-12-06T22:18:38.570-0600] {override.py:1911} INFO - Created Permission View: can read on DAG Run:tutorial_dag
[2024-12-06T22:18:38.575-0600] {logging_mixin.py:190} INFO - [2024-12-06T22:18:38.575-0600] {override.py:1911} INFO - Created Permission View: can delete on DAG Run:tutorial_dag
[2024-12-06T22:18:38.575-0600] {logging_mixin.py:190} INFO - [2024-12-06T22:18:38.575-0600] {dag.py:3239} INFO - Sync 1 DAGs
[2024-12-06T22:18:38.582-0600] {logging_mixin.py:190} INFO - [2024-12-06T22:18:38.582-0600] {dag.py:3262} INFO - Creating ORM DAG for tutorial_dag
[2024-12-06T22:18:38.582-0600] {logging_mixin.py:190} INFO - [2024-12-06T22:18:38.582-0600] {dag.py:4180} INFO - Setting next_dagrun for tutorial_dag to None, run_after=None
[2024-12-06T22:18:38.594-0600] {processor.py:208} INFO - Processing /home/m9d9v9/PycharmProjects/Airflow-2/Airflow-2/.venv/lib/python3.10/site-packages/airflow/example_dags/tutorial_dag.py took 0.152 seconds
[2024-12-06T22:19:42.967-0600] {processor.py:186} INFO - Started process (PID=12587) to work on /home/m9d9v9/PycharmProjects/Airflow-2/Airflow-2/.venv/lib/python3.10/site-packages/airflow/example_dags/tutorial_dag.py
[2024-12-06T22:19:42.974-0600] {processor.py:914} INFO - Processing file /home/m9d9v9/PycharmProjects/Airflow-2/Airflow-2/.venv/lib/python3.10/site-packages/airflow/example_dags/tutorial_dag.py for tasks to queue
[2024-12-06T22:19:42.979-0600] {logging_mixin.py:190} INFO - [2024-12-06T22:19:42.978-0600] {dagbag.py:588} INFO - Filling up the DagBag from /home/m9d9v9/PycharmProjects/Airflow-2/Airflow-2/.venv/lib/python3.10/site-packages/airflow/example_dags/tutorial_dag.py
[2024-12-06T22:19:42.993-0600] {processor.py:925} INFO - DAG(s) 'tutorial_dag' retrieved from /home/m9d9v9/PycharmProjects/Airflow-2/Airflow-2/.venv/lib/python3.10/site-packages/airflow/example_dags/tutorial_dag.py
[2024-12-06T22:19:43.017-0600] {logging_mixin.py:190} INFO - [2024-12-06T22:19:43.017-0600] {dag.py:3239} INFO - Sync 1 DAGs
[2024-12-06T22:19:43.025-0600] {logging_mixin.py:190} INFO - [2024-12-06T22:19:43.025-0600] {dag.py:4180} INFO - Setting next_dagrun for tutorial_dag to None, run_after=None
[2024-12-06T22:19:43.036-0600] {processor.py:208} INFO - Processing /home/m9d9v9/PycharmProjects/Airflow-2/Airflow-2/.venv/lib/python3.10/site-packages/airflow/example_dags/tutorial_dag.py took 0.081 seconds
[2024-12-06T22:20:36.490-0600] {processor.py:186} INFO - Started process (PID=12676) to work on /home/m9d9v9/PycharmProjects/Airflow-2/Airflow-2/.venv/lib/python3.10/site-packages/airflow/example_dags/tutorial_dag.py
[2024-12-06T22:20:36.496-0600] {processor.py:914} INFO - Processing file /home/m9d9v9/PycharmProjects/Airflow-2/Airflow-2/.venv/lib/python3.10/site-packages/airflow/example_dags/tutorial_dag.py for tasks to queue
[2024-12-06T22:20:36.500-0600] {logging_mixin.py:190} INFO - [2024-12-06T22:20:36.499-0600] {dagbag.py:588} INFO - Filling up the DagBag from /home/m9d9v9/PycharmProjects/Airflow-2/Airflow-2/.venv/lib/python3.10/site-packages/airflow/example_dags/tutorial_dag.py
[2024-12-06T22:20:36.509-0600] {processor.py:925} INFO - DAG(s) 'tutorial_dag' retrieved from /home/m9d9v9/PycharmProjects/Airflow-2/Airflow-2/.venv/lib/python3.10/site-packages/airflow/example_dags/tutorial_dag.py
[2024-12-06T22:20:36.536-0600] {logging_mixin.py:190} INFO - [2024-12-06T22:20:36.535-0600] {dag.py:3239} INFO - Sync 1 DAGs
[2024-12-06T22:20:36.548-0600] {logging_mixin.py:190} INFO - [2024-12-06T22:20:36.548-0600] {dag.py:4180} INFO - Setting next_dagrun for tutorial_dag to None, run_after=None
[2024-12-06T22:20:36.569-0600] {processor.py:208} INFO - Processing /home/m9d9v9/PycharmProjects/Airflow-2/Airflow-2/.venv/lib/python3.10/site-packages/airflow/example_dags/tutorial_dag.py took 0.086 seconds
[2024-12-06T22:21:29.404-0600] {processor.py:186} INFO - Started process (PID=12744) to work on /home/m9d9v9/PycharmProjects/Airflow-2/Airflow-2/.venv/lib/python3.10/site-packages/airflow/example_dags/tutorial_dag.py
[2024-12-06T22:21:29.412-0600] {processor.py:914} INFO - Processing file /home/m9d9v9/PycharmProjects/Airflow-2/Airflow-2/.venv/lib/python3.10/site-packages/airflow/example_dags/tutorial_dag.py for tasks to queue
[2024-12-06T22:21:29.417-0600] {logging_mixin.py:190} INFO - [2024-12-06T22:21:29.415-0600] {dagbag.py:588} INFO - Filling up the DagBag from /home/m9d9v9/PycharmProjects/Airflow-2/Airflow-2/.venv/lib/python3.10/site-packages/airflow/example_dags/tutorial_dag.py
[2024-12-06T22:21:29.432-0600] {processor.py:925} INFO - DAG(s) 'tutorial_dag' retrieved from /home/m9d9v9/PycharmProjects/Airflow-2/Airflow-2/.venv/lib/python3.10/site-packages/airflow/example_dags/tutorial_dag.py
[2024-12-06T22:21:29.453-0600] {logging_mixin.py:190} INFO - [2024-12-06T22:21:29.453-0600] {dag.py:3239} INFO - Sync 1 DAGs
[2024-12-06T22:21:29.461-0600] {logging_mixin.py:190} INFO - [2024-12-06T22:21:29.461-0600] {dag.py:4180} INFO - Setting next_dagrun for tutorial_dag to None, run_after=None
[2024-12-06T22:21:29.474-0600] {processor.py:208} INFO - Processing /home/m9d9v9/PycharmProjects/Airflow-2/Airflow-2/.venv/lib/python3.10/site-packages/airflow/example_dags/tutorial_dag.py took 0.082 seconds
[2024-12-06T22:22:25.559-0600] {processor.py:186} INFO - Started process (PID=12820) to work on /home/m9d9v9/PycharmProjects/Airflow-2/Airflow-2/.venv/lib/python3.10/site-packages/airflow/example_dags/tutorial_dag.py
[2024-12-06T22:22:25.566-0600] {processor.py:914} INFO - Processing file /home/m9d9v9/PycharmProjects/Airflow-2/Airflow-2/.venv/lib/python3.10/site-packages/airflow/example_dags/tutorial_dag.py for tasks to queue
[2024-12-06T22:22:25.571-0600] {logging_mixin.py:190} INFO - [2024-12-06T22:22:25.569-0600] {dagbag.py:588} INFO - Filling up the DagBag from /home/m9d9v9/PycharmProjects/Airflow-2/Airflow-2/.venv/lib/python3.10/site-packages/airflow/example_dags/tutorial_dag.py
[2024-12-06T22:22:25.586-0600] {processor.py:925} INFO - DAG(s) 'tutorial_dag' retrieved from /home/m9d9v9/PycharmProjects/Airflow-2/Airflow-2/.venv/lib/python3.10/site-packages/airflow/example_dags/tutorial_dag.py
[2024-12-06T22:22:25.609-0600] {logging_mixin.py:190} INFO - [2024-12-06T22:22:25.609-0600] {dag.py:3239} INFO - Sync 1 DAGs
[2024-12-06T22:22:25.617-0600] {logging_mixin.py:190} INFO - [2024-12-06T22:22:25.617-0600] {dag.py:4180} INFO - Setting next_dagrun for tutorial_dag to None, run_after=None
[2024-12-06T22:22:25.629-0600] {processor.py:208} INFO - Processing /home/m9d9v9/PycharmProjects/Airflow-2/Airflow-2/.venv/lib/python3.10/site-packages/airflow/example_dags/tutorial_dag.py took 0.082 seconds
[2024-12-06T22:23:42.959-0600] {processor.py:186} INFO - Started process (PID=12976) to work on /home/m9d9v9/PycharmProjects/Airflow-2/Airflow-2/.venv/lib/python3.10/site-packages/airflow/example_dags/tutorial_dag.py
[2024-12-06T22:23:42.966-0600] {processor.py:914} INFO - Processing file /home/m9d9v9/PycharmProjects/Airflow-2/Airflow-2/.venv/lib/python3.10/site-packages/airflow/example_dags/tutorial_dag.py for tasks to queue
[2024-12-06T22:23:42.969-0600] {logging_mixin.py:190} INFO - [2024-12-06T22:23:42.968-0600] {dagbag.py:588} INFO - Filling up the DagBag from /home/m9d9v9/PycharmProjects/Airflow-2/Airflow-2/.venv/lib/python3.10/site-packages/airflow/example_dags/tutorial_dag.py
[2024-12-06T22:23:42.985-0600] {processor.py:925} INFO - DAG(s) 'tutorial_dag' retrieved from /home/m9d9v9/PycharmProjects/Airflow-2/Airflow-2/.venv/lib/python3.10/site-packages/airflow/example_dags/tutorial_dag.py
[2024-12-06T22:23:43.009-0600] {logging_mixin.py:190} INFO - [2024-12-06T22:23:43.009-0600] {dag.py:3239} INFO - Sync 1 DAGs
[2024-12-06T22:23:43.018-0600] {logging_mixin.py:190} INFO - [2024-12-06T22:23:43.018-0600] {dag.py:4180} INFO - Setting next_dagrun for tutorial_dag to None, run_after=None
[2024-12-06T22:23:43.031-0600] {processor.py:208} INFO - Processing /home/m9d9v9/PycharmProjects/Airflow-2/Airflow-2/.venv/lib/python3.10/site-packages/airflow/example_dags/tutorial_dag.py took 0.086 seconds
[2024-12-06T22:24:37.206-0600] {processor.py:186} INFO - Started process (PID=13046) to work on /home/m9d9v9/PycharmProjects/Airflow-2/Airflow-2/.venv/lib/python3.10/site-packages/airflow/example_dags/tutorial_dag.py
[2024-12-06T22:24:37.212-0600] {processor.py:914} INFO - Processing file /home/m9d9v9/PycharmProjects/Airflow-2/Airflow-2/.venv/lib/python3.10/site-packages/airflow/example_dags/tutorial_dag.py for tasks to queue
[2024-12-06T22:24:37.214-0600] {logging_mixin.py:190} INFO - [2024-12-06T22:24:37.214-0600] {dagbag.py:588} INFO - Filling up the DagBag from /home/m9d9v9/PycharmProjects/Airflow-2/Airflow-2/.venv/lib/python3.10/site-packages/airflow/example_dags/tutorial_dag.py
[2024-12-06T22:24:37.222-0600] {processor.py:925} INFO - DAG(s) 'tutorial_dag' retrieved from /home/m9d9v9/PycharmProjects/Airflow-2/Airflow-2/.venv/lib/python3.10/site-packages/airflow/example_dags/tutorial_dag.py
[2024-12-06T22:24:37.234-0600] {logging_mixin.py:190} INFO - [2024-12-06T22:24:37.234-0600] {dag.py:3239} INFO - Sync 1 DAGs
[2024-12-06T22:24:37.243-0600] {logging_mixin.py:190} INFO - [2024-12-06T22:24:37.243-0600] {dag.py:4180} INFO - Setting next_dagrun for tutorial_dag to None, run_after=None
[2024-12-06T22:24:37.255-0600] {processor.py:208} INFO - Processing /home/m9d9v9/PycharmProjects/Airflow-2/Airflow-2/.venv/lib/python3.10/site-packages/airflow/example_dags/tutorial_dag.py took 0.054 seconds
[2024-12-06T22:25:32.715-0600] {processor.py:186} INFO - Started process (PID=13130) to work on /home/m9d9v9/PycharmProjects/Airflow-2/Airflow-2/.venv/lib/python3.10/site-packages/airflow/example_dags/tutorial_dag.py
[2024-12-06T22:25:32.722-0600] {processor.py:914} INFO - Processing file /home/m9d9v9/PycharmProjects/Airflow-2/Airflow-2/.venv/lib/python3.10/site-packages/airflow/example_dags/tutorial_dag.py for tasks to queue
[2024-12-06T22:25:32.724-0600] {logging_mixin.py:190} INFO - [2024-12-06T22:25:32.724-0600] {dagbag.py:588} INFO - Filling up the DagBag from /home/m9d9v9/PycharmProjects/Airflow-2/Airflow-2/.venv/lib/python3.10/site-packages/airflow/example_dags/tutorial_dag.py
[2024-12-06T22:25:32.741-0600] {processor.py:925} INFO - DAG(s) 'tutorial_dag' retrieved from /home/m9d9v9/PycharmProjects/Airflow-2/Airflow-2/.venv/lib/python3.10/site-packages/airflow/example_dags/tutorial_dag.py
[2024-12-06T22:25:32.765-0600] {logging_mixin.py:190} INFO - [2024-12-06T22:25:32.765-0600] {dag.py:3239} INFO - Sync 1 DAGs
[2024-12-06T22:25:32.774-0600] {logging_mixin.py:190} INFO - [2024-12-06T22:25:32.773-0600] {dag.py:4180} INFO - Setting next_dagrun for tutorial_dag to None, run_after=None
[2024-12-06T22:25:32.786-0600] {processor.py:208} INFO - Processing /home/m9d9v9/PycharmProjects/Airflow-2/Airflow-2/.venv/lib/python3.10/site-packages/airflow/example_dags/tutorial_dag.py took 0.083 seconds
[2024-12-06T22:26:30.855-0600] {processor.py:186} INFO - Started process (PID=13209) to work on /home/m9d9v9/PycharmProjects/Airflow-2/Airflow-2/.venv/lib/python3.10/site-packages/airflow/example_dags/tutorial_dag.py
[2024-12-06T22:26:30.861-0600] {processor.py:914} INFO - Processing file /home/m9d9v9/PycharmProjects/Airflow-2/Airflow-2/.venv/lib/python3.10/site-packages/airflow/example_dags/tutorial_dag.py for tasks to queue
[2024-12-06T22:26:30.862-0600] {logging_mixin.py:190} INFO - [2024-12-06T22:26:30.862-0600] {dagbag.py:588} INFO - Filling up the DagBag from /home/m9d9v9/PycharmProjects/Airflow-2/Airflow-2/.venv/lib/python3.10/site-packages/airflow/example_dags/tutorial_dag.py
[2024-12-06T22:26:30.872-0600] {processor.py:925} INFO - DAG(s) 'tutorial_dag' retrieved from /home/m9d9v9/PycharmProjects/Airflow-2/Airflow-2/.venv/lib/python3.10/site-packages/airflow/example_dags/tutorial_dag.py
[2024-12-06T22:26:30.897-0600] {logging_mixin.py:190} INFO - [2024-12-06T22:26:30.897-0600] {dag.py:3239} INFO - Sync 1 DAGs
[2024-12-06T22:26:30.919-0600] {logging_mixin.py:190} INFO - [2024-12-06T22:26:30.918-0600] {dag.py:4180} INFO - Setting next_dagrun for tutorial_dag to None, run_after=None
[2024-12-06T22:26:30.939-0600] {processor.py:208} INFO - Processing /home/m9d9v9/PycharmProjects/Airflow-2/Airflow-2/.venv/lib/python3.10/site-packages/airflow/example_dags/tutorial_dag.py took 0.089 seconds
[2024-12-06T22:37:02.587-0600] {processor.py:186} INFO - Started process (PID=14578) to work on /home/m9d9v9/PycharmProjects/Airflow-2/Airflow-2/.venv/lib/python3.10/site-packages/airflow/example_dags/tutorial_dag.py
[2024-12-06T22:37:02.593-0600] {processor.py:914} INFO - Processing file /home/m9d9v9/PycharmProjects/Airflow-2/Airflow-2/.venv/lib/python3.10/site-packages/airflow/example_dags/tutorial_dag.py for tasks to queue
[2024-12-06T22:37:02.596-0600] {logging_mixin.py:190} INFO - [2024-12-06T22:37:02.595-0600] {dagbag.py:588} INFO - Filling up the DagBag from /home/m9d9v9/PycharmProjects/Airflow-2/Airflow-2/.venv/lib/python3.10/site-packages/airflow/example_dags/tutorial_dag.py
[2024-12-06T22:37:02.603-0600] {processor.py:925} INFO - DAG(s) 'tutorial_dag' retrieved from /home/m9d9v9/PycharmProjects/Airflow-2/Airflow-2/.venv/lib/python3.10/site-packages/airflow/example_dags/tutorial_dag.py
[2024-12-06T22:37:02.620-0600] {logging_mixin.py:190} INFO - [2024-12-06T22:37:02.620-0600] {dag.py:3239} INFO - Sync 1 DAGs
[2024-12-06T22:37:02.630-0600] {logging_mixin.py:190} INFO - [2024-12-06T22:37:02.630-0600] {dag.py:4180} INFO - Setting next_dagrun for tutorial_dag to None, run_after=None
[2024-12-06T22:37:02.644-0600] {processor.py:208} INFO - Processing /home/m9d9v9/PycharmProjects/Airflow-2/Airflow-2/.venv/lib/python3.10/site-packages/airflow/example_dags/tutorial_dag.py took 0.062 seconds
[2024-12-06T22:37:59.859-0600] {processor.py:186} INFO - Started process (PID=14718) to work on /home/m9d9v9/PycharmProjects/Airflow-2/Airflow-2/.venv/lib/python3.10/site-packages/airflow/example_dags/tutorial_dag.py
[2024-12-06T22:37:59.866-0600] {processor.py:914} INFO - Processing file /home/m9d9v9/PycharmProjects/Airflow-2/Airflow-2/.venv/lib/python3.10/site-packages/airflow/example_dags/tutorial_dag.py for tasks to queue
[2024-12-06T22:37:59.871-0600] {logging_mixin.py:190} INFO - [2024-12-06T22:37:59.870-0600] {dagbag.py:588} INFO - Filling up the DagBag from /home/m9d9v9/PycharmProjects/Airflow-2/Airflow-2/.venv/lib/python3.10/site-packages/airflow/example_dags/tutorial_dag.py
[2024-12-06T22:37:59.886-0600] {processor.py:925} INFO - DAG(s) 'tutorial_dag' retrieved from /home/m9d9v9/PycharmProjects/Airflow-2/Airflow-2/.venv/lib/python3.10/site-packages/airflow/example_dags/tutorial_dag.py
[2024-12-06T22:37:59.909-0600] {logging_mixin.py:190} INFO - [2024-12-06T22:37:59.909-0600] {dag.py:3239} INFO - Sync 1 DAGs
[2024-12-06T22:37:59.917-0600] {logging_mixin.py:190} INFO - [2024-12-06T22:37:59.917-0600] {dag.py:4180} INFO - Setting next_dagrun for tutorial_dag to None, run_after=None
[2024-12-06T22:37:59.928-0600] {processor.py:208} INFO - Processing /home/m9d9v9/PycharmProjects/Airflow-2/Airflow-2/.venv/lib/python3.10/site-packages/airflow/example_dags/tutorial_dag.py took 0.082 seconds
[2024-12-06T22:38:57.729-0600] {processor.py:186} INFO - Started process (PID=14826) to work on /home/m9d9v9/PycharmProjects/Airflow-2/Airflow-2/.venv/lib/python3.10/site-packages/airflow/example_dags/tutorial_dag.py
[2024-12-06T22:38:57.736-0600] {processor.py:914} INFO - Processing file /home/m9d9v9/PycharmProjects/Airflow-2/Airflow-2/.venv/lib/python3.10/site-packages/airflow/example_dags/tutorial_dag.py for tasks to queue
[2024-12-06T22:38:57.740-0600] {logging_mixin.py:190} INFO - [2024-12-06T22:38:57.739-0600] {dagbag.py:588} INFO - Filling up the DagBag from /home/m9d9v9/PycharmProjects/Airflow-2/Airflow-2/.venv/lib/python3.10/site-packages/airflow/example_dags/tutorial_dag.py
[2024-12-06T22:38:57.755-0600] {processor.py:925} INFO - DAG(s) 'tutorial_dag' retrieved from /home/m9d9v9/PycharmProjects/Airflow-2/Airflow-2/.venv/lib/python3.10/site-packages/airflow/example_dags/tutorial_dag.py
[2024-12-06T22:38:57.781-0600] {logging_mixin.py:190} INFO - [2024-12-06T22:38:57.780-0600] {dag.py:3239} INFO - Sync 1 DAGs
[2024-12-06T22:38:57.789-0600] {logging_mixin.py:190} INFO - [2024-12-06T22:38:57.789-0600] {dag.py:4180} INFO - Setting next_dagrun for tutorial_dag to None, run_after=None
[2024-12-06T22:38:57.802-0600] {processor.py:208} INFO - Processing /home/m9d9v9/PycharmProjects/Airflow-2/Airflow-2/.venv/lib/python3.10/site-packages/airflow/example_dags/tutorial_dag.py took 0.083 seconds
[2024-12-06T22:39:56.725-0600] {processor.py:186} INFO - Started process (PID=15015) to work on /home/m9d9v9/PycharmProjects/Airflow-2/Airflow-2/.venv/lib/python3.10/site-packages/airflow/example_dags/tutorial_dag.py
[2024-12-06T22:39:56.731-0600] {processor.py:914} INFO - Processing file /home/m9d9v9/PycharmProjects/Airflow-2/Airflow-2/.venv/lib/python3.10/site-packages/airflow/example_dags/tutorial_dag.py for tasks to queue
[2024-12-06T22:39:56.734-0600] {logging_mixin.py:190} INFO - [2024-12-06T22:39:56.733-0600] {dagbag.py:588} INFO - Filling up the DagBag from /home/m9d9v9/PycharmProjects/Airflow-2/Airflow-2/.venv/lib/python3.10/site-packages/airflow/example_dags/tutorial_dag.py
[2024-12-06T22:39:56.740-0600] {processor.py:925} INFO - DAG(s) 'tutorial_dag' retrieved from /home/m9d9v9/PycharmProjects/Airflow-2/Airflow-2/.venv/lib/python3.10/site-packages/airflow/example_dags/tutorial_dag.py
[2024-12-06T22:39:56.751-0600] {logging_mixin.py:190} INFO - [2024-12-06T22:39:56.751-0600] {dag.py:3239} INFO - Sync 1 DAGs
[2024-12-06T22:39:56.763-0600] {logging_mixin.py:190} INFO - [2024-12-06T22:39:56.763-0600] {dag.py:4180} INFO - Setting next_dagrun for tutorial_dag to None, run_after=None
[2024-12-06T22:39:56.776-0600] {processor.py:208} INFO - Processing /home/m9d9v9/PycharmProjects/Airflow-2/Airflow-2/.venv/lib/python3.10/site-packages/airflow/example_dags/tutorial_dag.py took 0.057 seconds
[2024-12-06T22:40:55.317-0600] {processor.py:186} INFO - Started process (PID=15121) to work on /home/m9d9v9/PycharmProjects/Airflow-2/Airflow-2/.venv/lib/python3.10/site-packages/airflow/example_dags/tutorial_dag.py
[2024-12-06T22:40:55.324-0600] {processor.py:914} INFO - Processing file /home/m9d9v9/PycharmProjects/Airflow-2/Airflow-2/.venv/lib/python3.10/site-packages/airflow/example_dags/tutorial_dag.py for tasks to queue
[2024-12-06T22:40:55.328-0600] {logging_mixin.py:190} INFO - [2024-12-06T22:40:55.327-0600] {dagbag.py:588} INFO - Filling up the DagBag from /home/m9d9v9/PycharmProjects/Airflow-2/Airflow-2/.venv/lib/python3.10/site-packages/airflow/example_dags/tutorial_dag.py
[2024-12-06T22:40:55.344-0600] {processor.py:925} INFO - DAG(s) 'tutorial_dag' retrieved from /home/m9d9v9/PycharmProjects/Airflow-2/Airflow-2/.venv/lib/python3.10/site-packages/airflow/example_dags/tutorial_dag.py
[2024-12-06T22:40:55.363-0600] {logging_mixin.py:190} INFO - [2024-12-06T22:40:55.363-0600] {dag.py:3239} INFO - Sync 1 DAGs
[2024-12-06T22:40:55.371-0600] {logging_mixin.py:190} INFO - [2024-12-06T22:40:55.371-0600] {dag.py:4180} INFO - Setting next_dagrun for tutorial_dag to None, run_after=None
[2024-12-06T22:40:55.383-0600] {processor.py:208} INFO - Processing /home/m9d9v9/PycharmProjects/Airflow-2/Airflow-2/.venv/lib/python3.10/site-packages/airflow/example_dags/tutorial_dag.py took 0.083 seconds
[2024-12-06T23:25:09.528-0600] {processor.py:186} INFO - Started process (PID=17259) to work on /home/m9d9v9/PycharmProjects/Airflow-2/Airflow-2/.venv/lib/python3.10/site-packages/airflow/example_dags/tutorial_dag.py
[2024-12-06T23:25:09.535-0600] {processor.py:914} INFO - Processing file /home/m9d9v9/PycharmProjects/Airflow-2/Airflow-2/.venv/lib/python3.10/site-packages/airflow/example_dags/tutorial_dag.py for tasks to queue
[2024-12-06T23:25:09.537-0600] {logging_mixin.py:190} INFO - [2024-12-06T23:25:09.537-0600] {dagbag.py:588} INFO - Filling up the DagBag from /home/m9d9v9/PycharmProjects/Airflow-2/Airflow-2/.venv/lib/python3.10/site-packages/airflow/example_dags/tutorial_dag.py
[2024-12-06T23:25:09.546-0600] {processor.py:925} INFO - DAG(s) 'tutorial_dag' retrieved from /home/m9d9v9/PycharmProjects/Airflow-2/Airflow-2/.venv/lib/python3.10/site-packages/airflow/example_dags/tutorial_dag.py
[2024-12-06T23:25:09.569-0600] {logging_mixin.py:190} INFO - [2024-12-06T23:25:09.569-0600] {dag.py:3239} INFO - Sync 1 DAGs
[2024-12-06T23:25:09.582-0600] {logging_mixin.py:190} INFO - [2024-12-06T23:25:09.582-0600] {dag.py:4180} INFO - Setting next_dagrun for tutorial_dag to None, run_after=None
[2024-12-06T23:25:09.594-0600] {processor.py:208} INFO - Processing /home/m9d9v9/PycharmProjects/Airflow-2/Airflow-2/.venv/lib/python3.10/site-packages/airflow/example_dags/tutorial_dag.py took 0.072 seconds
[2024-12-06T23:26:07.565-0600] {processor.py:186} INFO - Started process (PID=17378) to work on /home/m9d9v9/PycharmProjects/Airflow-2/Airflow-2/.venv/lib/python3.10/site-packages/airflow/example_dags/tutorial_dag.py
[2024-12-06T23:26:07.571-0600] {processor.py:914} INFO - Processing file /home/m9d9v9/PycharmProjects/Airflow-2/Airflow-2/.venv/lib/python3.10/site-packages/airflow/example_dags/tutorial_dag.py for tasks to queue
[2024-12-06T23:26:07.572-0600] {logging_mixin.py:190} INFO - [2024-12-06T23:26:07.572-0600] {dagbag.py:588} INFO - Filling up the DagBag from /home/m9d9v9/PycharmProjects/Airflow-2/Airflow-2/.venv/lib/python3.10/site-packages/airflow/example_dags/tutorial_dag.py
[2024-12-06T23:26:07.578-0600] {processor.py:925} INFO - DAG(s) 'tutorial_dag' retrieved from /home/m9d9v9/PycharmProjects/Airflow-2/Airflow-2/.venv/lib/python3.10/site-packages/airflow/example_dags/tutorial_dag.py
[2024-12-06T23:26:07.588-0600] {logging_mixin.py:190} INFO - [2024-12-06T23:26:07.588-0600] {dag.py:3239} INFO - Sync 1 DAGs
[2024-12-06T23:26:07.596-0600] {logging_mixin.py:190} INFO - [2024-12-06T23:26:07.595-0600] {dag.py:4180} INFO - Setting next_dagrun for tutorial_dag to None, run_after=None
[2024-12-06T23:26:07.608-0600] {processor.py:208} INFO - Processing /home/m9d9v9/PycharmProjects/Airflow-2/Airflow-2/.venv/lib/python3.10/site-packages/airflow/example_dags/tutorial_dag.py took 0.048 seconds
[2024-12-06T23:27:03.846-0600] {processor.py:186} INFO - Started process (PID=17453) to work on /home/m9d9v9/PycharmProjects/Airflow-2/Airflow-2/.venv/lib/python3.10/site-packages/airflow/example_dags/tutorial_dag.py
[2024-12-06T23:27:03.852-0600] {processor.py:914} INFO - Processing file /home/m9d9v9/PycharmProjects/Airflow-2/Airflow-2/.venv/lib/python3.10/site-packages/airflow/example_dags/tutorial_dag.py for tasks to queue
[2024-12-06T23:27:03.854-0600] {logging_mixin.py:190} INFO - [2024-12-06T23:27:03.854-0600] {dagbag.py:588} INFO - Filling up the DagBag from /home/m9d9v9/PycharmProjects/Airflow-2/Airflow-2/.venv/lib/python3.10/site-packages/airflow/example_dags/tutorial_dag.py
[2024-12-06T23:27:03.864-0600] {processor.py:925} INFO - DAG(s) 'tutorial_dag' retrieved from /home/m9d9v9/PycharmProjects/Airflow-2/Airflow-2/.venv/lib/python3.10/site-packages/airflow/example_dags/tutorial_dag.py
[2024-12-06T23:27:03.887-0600] {logging_mixin.py:190} INFO - [2024-12-06T23:27:03.887-0600] {dag.py:3239} INFO - Sync 1 DAGs
[2024-12-06T23:27:03.899-0600] {logging_mixin.py:190} INFO - [2024-12-06T23:27:03.899-0600] {dag.py:4180} INFO - Setting next_dagrun for tutorial_dag to None, run_after=None
[2024-12-06T23:27:03.911-0600] {processor.py:208} INFO - Processing /home/m9d9v9/PycharmProjects/Airflow-2/Airflow-2/.venv/lib/python3.10/site-packages/airflow/example_dags/tutorial_dag.py took 0.075 seconds
[2024-12-06T23:28:01.282-0600] {processor.py:186} INFO - Started process (PID=17526) to work on /home/m9d9v9/PycharmProjects/Airflow-2/Airflow-2/.venv/lib/python3.10/site-packages/airflow/example_dags/tutorial_dag.py
[2024-12-06T23:28:01.284-0600] {processor.py:914} INFO - Processing file /home/m9d9v9/PycharmProjects/Airflow-2/Airflow-2/.venv/lib/python3.10/site-packages/airflow/example_dags/tutorial_dag.py for tasks to queue
[2024-12-06T23:28:01.286-0600] {logging_mixin.py:190} INFO - [2024-12-06T23:28:01.285-0600] {dagbag.py:588} INFO - Filling up the DagBag from /home/m9d9v9/PycharmProjects/Airflow-2/Airflow-2/.venv/lib/python3.10/site-packages/airflow/example_dags/tutorial_dag.py
[2024-12-06T23:28:01.301-0600] {processor.py:925} INFO - DAG(s) 'tutorial_dag' retrieved from /home/m9d9v9/PycharmProjects/Airflow-2/Airflow-2/.venv/lib/python3.10/site-packages/airflow/example_dags/tutorial_dag.py
[2024-12-06T23:28:01.321-0600] {logging_mixin.py:190} INFO - [2024-12-06T23:28:01.321-0600] {dag.py:3239} INFO - Sync 1 DAGs
[2024-12-06T23:28:01.334-0600] {logging_mixin.py:190} INFO - [2024-12-06T23:28:01.334-0600] {dag.py:4180} INFO - Setting next_dagrun for tutorial_dag to None, run_after=None
[2024-12-06T23:28:01.350-0600] {processor.py:208} INFO - Processing /home/m9d9v9/PycharmProjects/Airflow-2/Airflow-2/.venv/lib/python3.10/site-packages/airflow/example_dags/tutorial_dag.py took 0.081 seconds
[2024-12-06T23:28:57.823-0600] {processor.py:186} INFO - Started process (PID=17634) to work on /home/m9d9v9/PycharmProjects/Airflow-2/Airflow-2/.venv/lib/python3.10/site-packages/airflow/example_dags/tutorial_dag.py
[2024-12-06T23:28:57.829-0600] {processor.py:914} INFO - Processing file /home/m9d9v9/PycharmProjects/Airflow-2/Airflow-2/.venv/lib/python3.10/site-packages/airflow/example_dags/tutorial_dag.py for tasks to queue
[2024-12-06T23:28:57.831-0600] {logging_mixin.py:190} INFO - [2024-12-06T23:28:57.831-0600] {dagbag.py:588} INFO - Filling up the DagBag from /home/m9d9v9/PycharmProjects/Airflow-2/Airflow-2/.venv/lib/python3.10/site-packages/airflow/example_dags/tutorial_dag.py
[2024-12-06T23:28:57.845-0600] {processor.py:925} INFO - DAG(s) 'tutorial_dag' retrieved from /home/m9d9v9/PycharmProjects/Airflow-2/Airflow-2/.venv/lib/python3.10/site-packages/airflow/example_dags/tutorial_dag.py
[2024-12-06T23:28:57.868-0600] {logging_mixin.py:190} INFO - [2024-12-06T23:28:57.867-0600] {dag.py:3239} INFO - Sync 1 DAGs
[2024-12-06T23:28:57.879-0600] {logging_mixin.py:190} INFO - [2024-12-06T23:28:57.879-0600] {dag.py:4180} INFO - Setting next_dagrun for tutorial_dag to None, run_after=None
[2024-12-06T23:28:57.891-0600] {processor.py:208} INFO - Processing /home/m9d9v9/PycharmProjects/Airflow-2/Airflow-2/.venv/lib/python3.10/site-packages/airflow/example_dags/tutorial_dag.py took 0.077 seconds
[2024-12-06T23:29:53.721-0600] {processor.py:186} INFO - Started process (PID=17769) to work on /home/m9d9v9/PycharmProjects/Airflow-2/Airflow-2/.venv/lib/python3.10/site-packages/airflow/example_dags/tutorial_dag.py
[2024-12-06T23:29:53.728-0600] {processor.py:914} INFO - Processing file /home/m9d9v9/PycharmProjects/Airflow-2/Airflow-2/.venv/lib/python3.10/site-packages/airflow/example_dags/tutorial_dag.py for tasks to queue
[2024-12-06T23:29:53.731-0600] {logging_mixin.py:190} INFO - [2024-12-06T23:29:53.730-0600] {dagbag.py:588} INFO - Filling up the DagBag from /home/m9d9v9/PycharmProjects/Airflow-2/Airflow-2/.venv/lib/python3.10/site-packages/airflow/example_dags/tutorial_dag.py
[2024-12-06T23:29:53.743-0600] {processor.py:925} INFO - DAG(s) 'tutorial_dag' retrieved from /home/m9d9v9/PycharmProjects/Airflow-2/Airflow-2/.venv/lib/python3.10/site-packages/airflow/example_dags/tutorial_dag.py
[2024-12-06T23:29:53.769-0600] {logging_mixin.py:190} INFO - [2024-12-06T23:29:53.769-0600] {dag.py:3239} INFO - Sync 1 DAGs
[2024-12-06T23:29:53.777-0600] {logging_mixin.py:190} INFO - [2024-12-06T23:29:53.777-0600] {dag.py:4180} INFO - Setting next_dagrun for tutorial_dag to None, run_after=None
[2024-12-06T23:29:53.787-0600] {processor.py:208} INFO - Processing /home/m9d9v9/PycharmProjects/Airflow-2/Airflow-2/.venv/lib/python3.10/site-packages/airflow/example_dags/tutorial_dag.py took 0.076 seconds
[2024-12-06T23:30:50.765-0600] {processor.py:186} INFO - Started process (PID=17890) to work on /home/m9d9v9/PycharmProjects/Airflow-2/Airflow-2/.venv/lib/python3.10/site-packages/airflow/example_dags/tutorial_dag.py
[2024-12-06T23:30:50.772-0600] {processor.py:914} INFO - Processing file /home/m9d9v9/PycharmProjects/Airflow-2/Airflow-2/.venv/lib/python3.10/site-packages/airflow/example_dags/tutorial_dag.py for tasks to queue
[2024-12-06T23:30:50.774-0600] {logging_mixin.py:190} INFO - [2024-12-06T23:30:50.773-0600] {dagbag.py:588} INFO - Filling up the DagBag from /home/m9d9v9/PycharmProjects/Airflow-2/Airflow-2/.venv/lib/python3.10/site-packages/airflow/example_dags/tutorial_dag.py
[2024-12-06T23:30:50.789-0600] {processor.py:925} INFO - DAG(s) 'tutorial_dag' retrieved from /home/m9d9v9/PycharmProjects/Airflow-2/Airflow-2/.venv/lib/python3.10/site-packages/airflow/example_dags/tutorial_dag.py
[2024-12-06T23:30:50.812-0600] {logging_mixin.py:190} INFO - [2024-12-06T23:30:50.811-0600] {dag.py:3239} INFO - Sync 1 DAGs
[2024-12-06T23:30:50.819-0600] {logging_mixin.py:190} INFO - [2024-12-06T23:30:50.819-0600] {dag.py:4180} INFO - Setting next_dagrun for tutorial_dag to None, run_after=None
[2024-12-06T23:30:50.832-0600] {processor.py:208} INFO - Processing /home/m9d9v9/PycharmProjects/Airflow-2/Airflow-2/.venv/lib/python3.10/site-packages/airflow/example_dags/tutorial_dag.py took 0.079 seconds
[2024-12-06T23:31:47.247-0600] {processor.py:186} INFO - Started process (PID=17988) to work on /home/m9d9v9/PycharmProjects/Airflow-2/Airflow-2/.venv/lib/python3.10/site-packages/airflow/example_dags/tutorial_dag.py
[2024-12-06T23:31:47.254-0600] {processor.py:914} INFO - Processing file /home/m9d9v9/PycharmProjects/Airflow-2/Airflow-2/.venv/lib/python3.10/site-packages/airflow/example_dags/tutorial_dag.py for tasks to queue
[2024-12-06T23:31:47.256-0600] {logging_mixin.py:190} INFO - [2024-12-06T23:31:47.255-0600] {dagbag.py:588} INFO - Filling up the DagBag from /home/m9d9v9/PycharmProjects/Airflow-2/Airflow-2/.venv/lib/python3.10/site-packages/airflow/example_dags/tutorial_dag.py
[2024-12-06T23:31:47.271-0600] {processor.py:925} INFO - DAG(s) 'tutorial_dag' retrieved from /home/m9d9v9/PycharmProjects/Airflow-2/Airflow-2/.venv/lib/python3.10/site-packages/airflow/example_dags/tutorial_dag.py
[2024-12-06T23:31:47.296-0600] {logging_mixin.py:190} INFO - [2024-12-06T23:31:47.295-0600] {dag.py:3239} INFO - Sync 1 DAGs
[2024-12-06T23:31:47.303-0600] {logging_mixin.py:190} INFO - [2024-12-06T23:31:47.303-0600] {dag.py:4180} INFO - Setting next_dagrun for tutorial_dag to None, run_after=None
[2024-12-06T23:31:47.317-0600] {processor.py:208} INFO - Processing /home/m9d9v9/PycharmProjects/Airflow-2/Airflow-2/.venv/lib/python3.10/site-packages/airflow/example_dags/tutorial_dag.py took 0.082 seconds
[2024-12-06T23:32:46.644-0600] {processor.py:186} INFO - Started process (PID=18071) to work on /home/m9d9v9/PycharmProjects/Airflow-2/Airflow-2/.venv/lib/python3.10/site-packages/airflow/example_dags/tutorial_dag.py
[2024-12-06T23:32:46.651-0600] {processor.py:914} INFO - Processing file /home/m9d9v9/PycharmProjects/Airflow-2/Airflow-2/.venv/lib/python3.10/site-packages/airflow/example_dags/tutorial_dag.py for tasks to queue
[2024-12-06T23:32:46.653-0600] {logging_mixin.py:190} INFO - [2024-12-06T23:32:46.653-0600] {dagbag.py:588} INFO - Filling up the DagBag from /home/m9d9v9/PycharmProjects/Airflow-2/Airflow-2/.venv/lib/python3.10/site-packages/airflow/example_dags/tutorial_dag.py
[2024-12-06T23:32:46.668-0600] {processor.py:925} INFO - DAG(s) 'tutorial_dag' retrieved from /home/m9d9v9/PycharmProjects/Airflow-2/Airflow-2/.venv/lib/python3.10/site-packages/airflow/example_dags/tutorial_dag.py
[2024-12-06T23:32:46.691-0600] {logging_mixin.py:190} INFO - [2024-12-06T23:32:46.691-0600] {dag.py:3239} INFO - Sync 1 DAGs
[2024-12-06T23:32:46.699-0600] {logging_mixin.py:190} INFO - [2024-12-06T23:32:46.699-0600] {dag.py:4180} INFO - Setting next_dagrun for tutorial_dag to None, run_after=None
[2024-12-06T23:32:46.710-0600] {processor.py:208} INFO - Processing /home/m9d9v9/PycharmProjects/Airflow-2/Airflow-2/.venv/lib/python3.10/site-packages/airflow/example_dags/tutorial_dag.py took 0.077 seconds
[2024-12-06T23:33:42.309-0600] {processor.py:186} INFO - Started process (PID=18139) to work on /home/m9d9v9/PycharmProjects/Airflow-2/Airflow-2/.venv/lib/python3.10/site-packages/airflow/example_dags/tutorial_dag.py
[2024-12-06T23:33:42.316-0600] {processor.py:914} INFO - Processing file /home/m9d9v9/PycharmProjects/Airflow-2/Airflow-2/.venv/lib/python3.10/site-packages/airflow/example_dags/tutorial_dag.py for tasks to queue
[2024-12-06T23:33:42.319-0600] {logging_mixin.py:190} INFO - [2024-12-06T23:33:42.318-0600] {dagbag.py:588} INFO - Filling up the DagBag from /home/m9d9v9/PycharmProjects/Airflow-2/Airflow-2/.venv/lib/python3.10/site-packages/airflow/example_dags/tutorial_dag.py
[2024-12-06T23:33:42.327-0600] {processor.py:925} INFO - DAG(s) 'tutorial_dag' retrieved from /home/m9d9v9/PycharmProjects/Airflow-2/Airflow-2/.venv/lib/python3.10/site-packages/airflow/example_dags/tutorial_dag.py
[2024-12-06T23:33:42.354-0600] {logging_mixin.py:190} INFO - [2024-12-06T23:33:42.353-0600] {dag.py:3239} INFO - Sync 1 DAGs
[2024-12-06T23:33:42.364-0600] {logging_mixin.py:190} INFO - [2024-12-06T23:33:42.363-0600] {dag.py:4180} INFO - Setting next_dagrun for tutorial_dag to None, run_after=None
[2024-12-06T23:33:42.377-0600] {processor.py:208} INFO - Processing /home/m9d9v9/PycharmProjects/Airflow-2/Airflow-2/.venv/lib/python3.10/site-packages/airflow/example_dags/tutorial_dag.py took 0.080 seconds
[2024-12-06T23:34:40.393-0600] {processor.py:186} INFO - Started process (PID=18261) to work on /home/m9d9v9/PycharmProjects/Airflow-2/Airflow-2/.venv/lib/python3.10/site-packages/airflow/example_dags/tutorial_dag.py
[2024-12-06T23:34:40.395-0600] {processor.py:914} INFO - Processing file /home/m9d9v9/PycharmProjects/Airflow-2/Airflow-2/.venv/lib/python3.10/site-packages/airflow/example_dags/tutorial_dag.py for tasks to queue
[2024-12-06T23:34:40.397-0600] {logging_mixin.py:190} INFO - [2024-12-06T23:34:40.396-0600] {dagbag.py:588} INFO - Filling up the DagBag from /home/m9d9v9/PycharmProjects/Airflow-2/Airflow-2/.venv/lib/python3.10/site-packages/airflow/example_dags/tutorial_dag.py
[2024-12-06T23:34:40.411-0600] {processor.py:925} INFO - DAG(s) 'tutorial_dag' retrieved from /home/m9d9v9/PycharmProjects/Airflow-2/Airflow-2/.venv/lib/python3.10/site-packages/airflow/example_dags/tutorial_dag.py
[2024-12-06T23:34:40.433-0600] {logging_mixin.py:190} INFO - [2024-12-06T23:34:40.433-0600] {dag.py:3239} INFO - Sync 1 DAGs
[2024-12-06T23:34:40.531-0600] {logging_mixin.py:190} INFO - [2024-12-06T23:34:40.530-0600] {dag.py:4180} INFO - Setting next_dagrun for tutorial_dag to None, run_after=None
[2024-12-06T23:34:40.546-0600] {processor.py:208} INFO - Processing /home/m9d9v9/PycharmProjects/Airflow-2/Airflow-2/.venv/lib/python3.10/site-packages/airflow/example_dags/tutorial_dag.py took 0.163 seconds
[2024-12-06T23:35:42.756-0600] {processor.py:186} INFO - Started process (PID=18347) to work on /home/m9d9v9/PycharmProjects/Airflow-2/Airflow-2/.venv/lib/python3.10/site-packages/airflow/example_dags/tutorial_dag.py
[2024-12-06T23:35:42.763-0600] {processor.py:914} INFO - Processing file /home/m9d9v9/PycharmProjects/Airflow-2/Airflow-2/.venv/lib/python3.10/site-packages/airflow/example_dags/tutorial_dag.py for tasks to queue
[2024-12-06T23:35:42.766-0600] {logging_mixin.py:190} INFO - [2024-12-06T23:35:42.765-0600] {dagbag.py:588} INFO - Filling up the DagBag from /home/m9d9v9/PycharmProjects/Airflow-2/Airflow-2/.venv/lib/python3.10/site-packages/airflow/example_dags/tutorial_dag.py
[2024-12-06T23:35:42.781-0600] {processor.py:925} INFO - DAG(s) 'tutorial_dag' retrieved from /home/m9d9v9/PycharmProjects/Airflow-2/Airflow-2/.venv/lib/python3.10/site-packages/airflow/example_dags/tutorial_dag.py
[2024-12-06T23:35:42.804-0600] {logging_mixin.py:190} INFO - [2024-12-06T23:35:42.804-0600] {dag.py:3239} INFO - Sync 1 DAGs
[2024-12-06T23:35:42.812-0600] {logging_mixin.py:190} INFO - [2024-12-06T23:35:42.812-0600] {dag.py:4180} INFO - Setting next_dagrun for tutorial_dag to None, run_after=None
[2024-12-06T23:35:42.919-0600] {processor.py:208} INFO - Processing /home/m9d9v9/PycharmProjects/Airflow-2/Airflow-2/.venv/lib/python3.10/site-packages/airflow/example_dags/tutorial_dag.py took 0.174 seconds
[2024-12-06T23:36:45.745-0600] {processor.py:186} INFO - Started process (PID=18421) to work on /home/m9d9v9/PycharmProjects/Airflow-2/Airflow-2/.venv/lib/python3.10/site-packages/airflow/example_dags/tutorial_dag.py
[2024-12-06T23:36:45.751-0600] {processor.py:914} INFO - Processing file /home/m9d9v9/PycharmProjects/Airflow-2/Airflow-2/.venv/lib/python3.10/site-packages/airflow/example_dags/tutorial_dag.py for tasks to queue
[2024-12-06T23:36:45.754-0600] {logging_mixin.py:190} INFO - [2024-12-06T23:36:45.753-0600] {dagbag.py:588} INFO - Filling up the DagBag from /home/m9d9v9/PycharmProjects/Airflow-2/Airflow-2/.venv/lib/python3.10/site-packages/airflow/example_dags/tutorial_dag.py
[2024-12-06T23:36:45.767-0600] {processor.py:925} INFO - DAG(s) 'tutorial_dag' retrieved from /home/m9d9v9/PycharmProjects/Airflow-2/Airflow-2/.venv/lib/python3.10/site-packages/airflow/example_dags/tutorial_dag.py
[2024-12-06T23:36:45.793-0600] {logging_mixin.py:190} INFO - [2024-12-06T23:36:45.793-0600] {dag.py:3239} INFO - Sync 1 DAGs
[2024-12-06T23:36:45.800-0600] {logging_mixin.py:190} INFO - [2024-12-06T23:36:45.800-0600] {dag.py:4180} INFO - Setting next_dagrun for tutorial_dag to None, run_after=None
[2024-12-06T23:36:45.812-0600] {processor.py:208} INFO - Processing /home/m9d9v9/PycharmProjects/Airflow-2/Airflow-2/.venv/lib/python3.10/site-packages/airflow/example_dags/tutorial_dag.py took 0.079 seconds
[2024-12-06T23:37:46.708-0600] {processor.py:186} INFO - Started process (PID=18710) to work on /home/m9d9v9/PycharmProjects/Airflow-2/Airflow-2/.venv/lib/python3.10/site-packages/airflow/example_dags/tutorial_dag.py
[2024-12-06T23:37:46.714-0600] {processor.py:914} INFO - Processing file /home/m9d9v9/PycharmProjects/Airflow-2/Airflow-2/.venv/lib/python3.10/site-packages/airflow/example_dags/tutorial_dag.py for tasks to queue
[2024-12-06T23:37:46.716-0600] {logging_mixin.py:190} INFO - [2024-12-06T23:37:46.716-0600] {dagbag.py:588} INFO - Filling up the DagBag from /home/m9d9v9/PycharmProjects/Airflow-2/Airflow-2/.venv/lib/python3.10/site-packages/airflow/example_dags/tutorial_dag.py
[2024-12-06T23:37:46.731-0600] {processor.py:925} INFO - DAG(s) 'tutorial_dag' retrieved from /home/m9d9v9/PycharmProjects/Airflow-2/Airflow-2/.venv/lib/python3.10/site-packages/airflow/example_dags/tutorial_dag.py
[2024-12-06T23:37:46.755-0600] {logging_mixin.py:190} INFO - [2024-12-06T23:37:46.754-0600] {dag.py:3239} INFO - Sync 1 DAGs
[2024-12-06T23:37:46.762-0600] {logging_mixin.py:190} INFO - [2024-12-06T23:37:46.761-0600] {dag.py:4180} INFO - Setting next_dagrun for tutorial_dag to None, run_after=None
[2024-12-06T23:37:46.772-0600] {processor.py:208} INFO - Processing /home/m9d9v9/PycharmProjects/Airflow-2/Airflow-2/.venv/lib/python3.10/site-packages/airflow/example_dags/tutorial_dag.py took 0.076 seconds
[2024-12-06T23:38:50.307-0600] {processor.py:186} INFO - Started process (PID=18878) to work on /home/m9d9v9/PycharmProjects/Airflow-2/Airflow-2/.venv/lib/python3.10/site-packages/airflow/example_dags/tutorial_dag.py
[2024-12-06T23:38:50.313-0600] {processor.py:914} INFO - Processing file /home/m9d9v9/PycharmProjects/Airflow-2/Airflow-2/.venv/lib/python3.10/site-packages/airflow/example_dags/tutorial_dag.py for tasks to queue
[2024-12-06T23:38:50.314-0600] {logging_mixin.py:190} INFO - [2024-12-06T23:38:50.314-0600] {dagbag.py:588} INFO - Filling up the DagBag from /home/m9d9v9/PycharmProjects/Airflow-2/Airflow-2/.venv/lib/python3.10/site-packages/airflow/example_dags/tutorial_dag.py
[2024-12-06T23:38:50.323-0600] {processor.py:925} INFO - DAG(s) 'tutorial_dag' retrieved from /home/m9d9v9/PycharmProjects/Airflow-2/Airflow-2/.venv/lib/python3.10/site-packages/airflow/example_dags/tutorial_dag.py
[2024-12-06T23:38:50.340-0600] {logging_mixin.py:190} INFO - [2024-12-06T23:38:50.340-0600] {dag.py:3239} INFO - Sync 1 DAGs
[2024-12-06T23:38:50.354-0600] {logging_mixin.py:190} INFO - [2024-12-06T23:38:50.353-0600] {dag.py:4180} INFO - Setting next_dagrun for tutorial_dag to None, run_after=None
[2024-12-06T23:38:50.369-0600] {processor.py:208} INFO - Processing /home/m9d9v9/PycharmProjects/Airflow-2/Airflow-2/.venv/lib/python3.10/site-packages/airflow/example_dags/tutorial_dag.py took 0.069 seconds
[2024-12-06T23:39:49.905-0600] {processor.py:186} INFO - Started process (PID=19097) to work on /home/m9d9v9/PycharmProjects/Airflow-2/Airflow-2/.venv/lib/python3.10/site-packages/airflow/example_dags/tutorial_dag.py
[2024-12-06T23:39:49.912-0600] {processor.py:914} INFO - Processing file /home/m9d9v9/PycharmProjects/Airflow-2/Airflow-2/.venv/lib/python3.10/site-packages/airflow/example_dags/tutorial_dag.py for tasks to queue
[2024-12-06T23:39:49.914-0600] {logging_mixin.py:190} INFO - [2024-12-06T23:39:49.913-0600] {dagbag.py:588} INFO - Filling up the DagBag from /home/m9d9v9/PycharmProjects/Airflow-2/Airflow-2/.venv/lib/python3.10/site-packages/airflow/example_dags/tutorial_dag.py
[2024-12-06T23:39:49.928-0600] {processor.py:925} INFO - DAG(s) 'tutorial_dag' retrieved from /home/m9d9v9/PycharmProjects/Airflow-2/Airflow-2/.venv/lib/python3.10/site-packages/airflow/example_dags/tutorial_dag.py
[2024-12-06T23:39:49.951-0600] {logging_mixin.py:190} INFO - [2024-12-06T23:39:49.950-0600] {dag.py:3239} INFO - Sync 1 DAGs
[2024-12-06T23:39:49.961-0600] {logging_mixin.py:190} INFO - [2024-12-06T23:39:49.960-0600] {dag.py:4180} INFO - Setting next_dagrun for tutorial_dag to None, run_after=None
[2024-12-06T23:39:49.974-0600] {processor.py:208} INFO - Processing /home/m9d9v9/PycharmProjects/Airflow-2/Airflow-2/.venv/lib/python3.10/site-packages/airflow/example_dags/tutorial_dag.py took 0.079 seconds
[2024-12-06T23:40:47.889-0600] {processor.py:186} INFO - Started process (PID=19276) to work on /home/m9d9v9/PycharmProjects/Airflow-2/Airflow-2/.venv/lib/python3.10/site-packages/airflow/example_dags/tutorial_dag.py
[2024-12-06T23:40:47.895-0600] {processor.py:914} INFO - Processing file /home/m9d9v9/PycharmProjects/Airflow-2/Airflow-2/.venv/lib/python3.10/site-packages/airflow/example_dags/tutorial_dag.py for tasks to queue
[2024-12-06T23:40:47.896-0600] {logging_mixin.py:190} INFO - [2024-12-06T23:40:47.896-0600] {dagbag.py:588} INFO - Filling up the DagBag from /home/m9d9v9/PycharmProjects/Airflow-2/Airflow-2/.venv/lib/python3.10/site-packages/airflow/example_dags/tutorial_dag.py
[2024-12-06T23:40:47.901-0600] {processor.py:925} INFO - DAG(s) 'tutorial_dag' retrieved from /home/m9d9v9/PycharmProjects/Airflow-2/Airflow-2/.venv/lib/python3.10/site-packages/airflow/example_dags/tutorial_dag.py
[2024-12-06T23:40:47.910-0600] {logging_mixin.py:190} INFO - [2024-12-06T23:40:47.910-0600] {dag.py:3239} INFO - Sync 1 DAGs
[2024-12-06T23:40:47.917-0600] {logging_mixin.py:190} INFO - [2024-12-06T23:40:47.917-0600] {dag.py:4180} INFO - Setting next_dagrun for tutorial_dag to None, run_after=None
[2024-12-06T23:40:47.928-0600] {processor.py:208} INFO - Processing /home/m9d9v9/PycharmProjects/Airflow-2/Airflow-2/.venv/lib/python3.10/site-packages/airflow/example_dags/tutorial_dag.py took 0.043 seconds
[2024-12-06T23:41:40.092-0600] {processor.py:186} INFO - Started process (PID=19358) to work on /home/m9d9v9/PycharmProjects/Airflow-2/Airflow-2/.venv/lib/python3.10/site-packages/airflow/example_dags/tutorial_dag.py
[2024-12-06T23:41:40.098-0600] {processor.py:914} INFO - Processing file /home/m9d9v9/PycharmProjects/Airflow-2/Airflow-2/.venv/lib/python3.10/site-packages/airflow/example_dags/tutorial_dag.py for tasks to queue
[2024-12-06T23:41:40.100-0600] {logging_mixin.py:190} INFO - [2024-12-06T23:41:40.099-0600] {dagbag.py:588} INFO - Filling up the DagBag from /home/m9d9v9/PycharmProjects/Airflow-2/Airflow-2/.venv/lib/python3.10/site-packages/airflow/example_dags/tutorial_dag.py
[2024-12-06T23:41:40.109-0600] {processor.py:925} INFO - DAG(s) 'tutorial_dag' retrieved from /home/m9d9v9/PycharmProjects/Airflow-2/Airflow-2/.venv/lib/python3.10/site-packages/airflow/example_dags/tutorial_dag.py
[2024-12-06T23:41:40.128-0600] {logging_mixin.py:190} INFO - [2024-12-06T23:41:40.127-0600] {dag.py:3239} INFO - Sync 1 DAGs
[2024-12-06T23:41:40.142-0600] {logging_mixin.py:190} INFO - [2024-12-06T23:41:40.142-0600] {dag.py:4180} INFO - Setting next_dagrun for tutorial_dag to None, run_after=None
[2024-12-06T23:41:40.163-0600] {processor.py:208} INFO - Processing /home/m9d9v9/PycharmProjects/Airflow-2/Airflow-2/.venv/lib/python3.10/site-packages/airflow/example_dags/tutorial_dag.py took 0.078 seconds
