[2024-12-06T22:37:40.351-0600] {processor.py:186} INFO - Started process (PID=14668) to work on /home/m9d9v9/PycharmProjects/Airflow-2/Airflow-2/dags/reddit_dag.py
[2024-12-06T22:37:40.352-0600] {processor.py:914} INFO - Processing file /home/m9d9v9/PycharmProjects/Airflow-2/Airflow-2/dags/reddit_dag.py for tasks to queue
[2024-12-06T22:37:40.356-0600] {logging_mixin.py:190} INFO - [2024-12-06T22:37:40.355-0600] {dagbag.py:588} INFO - Filling up the DagBag from /home/m9d9v9/PycharmProjects/Airflow-2/Airflow-2/dags/reddit_dag.py
[2024-12-06T22:37:40.361-0600] {logging_mixin.py:190} INFO - [2024-12-06T22:37:40.361-0600] {dagbag.py:387} ERROR - Failed to import: /home/m9d9v9/PycharmProjects/Airflow-2/Airflow-2/dags/reddit_dag.py
Traceback (most recent call last):
  File "/home/m9d9v9/PycharmProjects/Airflow-2/Airflow-2/.venv/lib/python3.10/site-packages/airflow/models/dagbag.py", line 383, in parse
    loader.exec_module(new_module)
  File "<frozen importlib._bootstrap_external>", line 879, in exec_module
  File "<frozen importlib._bootstrap_external>", line 1017, in get_code
  File "<frozen importlib._bootstrap_external>", line 947, in source_to_code
  File "<frozen importlib._bootstrap>", line 241, in _call_with_frames_removed
  File "/home/m9d9v9/PycharmProjects/Airflow-2/Airflow-2/dags/reddit_dag.py", line 27
    tags = ['reddit', 'etl']opjojpoo
           ^^^^^^^^^^^^^^^^^^^^^^^^^
SyntaxError: invalid syntax. Perhaps you forgot a comma?
[2024-12-06T22:37:40.362-0600] {processor.py:927} WARNING - No viable dags retrieved from /home/m9d9v9/PycharmProjects/Airflow-2/Airflow-2/dags/reddit_dag.py
[2024-12-06T22:37:40.391-0600] {processor.py:208} INFO - Processing /home/m9d9v9/PycharmProjects/Airflow-2/Airflow-2/dags/reddit_dag.py took 0.052 seconds
[2024-12-06T22:38:38.193-0600] {processor.py:186} INFO - Started process (PID=14773) to work on /home/m9d9v9/PycharmProjects/Airflow-2/Airflow-2/dags/reddit_dag.py
[2024-12-06T22:38:38.200-0600] {processor.py:914} INFO - Processing file /home/m9d9v9/PycharmProjects/Airflow-2/Airflow-2/dags/reddit_dag.py for tasks to queue
[2024-12-06T22:38:38.204-0600] {logging_mixin.py:190} INFO - [2024-12-06T22:38:38.203-0600] {dagbag.py:588} INFO - Filling up the DagBag from /home/m9d9v9/PycharmProjects/Airflow-2/Airflow-2/dags/reddit_dag.py
[2024-12-06T22:38:38.217-0600] {logging_mixin.py:190} INFO - [2024-12-06T22:38:38.216-0600] {dagbag.py:387} ERROR - Failed to import: /home/m9d9v9/PycharmProjects/Airflow-2/Airflow-2/dags/reddit_dag.py
Traceback (most recent call last):
  File "/home/m9d9v9/PycharmProjects/Airflow-2/Airflow-2/.venv/lib/python3.10/site-packages/airflow/models/dagbag.py", line 383, in parse
    loader.exec_module(new_module)
  File "<frozen importlib._bootstrap_external>", line 883, in exec_module
  File "<frozen importlib._bootstrap>", line 241, in _call_with_frames_removed
  File "/home/m9d9v9/PycharmProjects/Airflow-2/Airflow-2/dags/reddit_dag.py", line 6, in <module>
    from pipelines.reddit_pipeline import reddit_pipeline
  File "/home/m9d9v9/PycharmProjects/Airflow-2/Airflow-2/dags/pipelines/reddit_pipeline.py", line 2, in <module>
    from etls.reddit_etl import connect_reddit, extract_posts, transform_data, load_data_to_csv
  File "/home/m9d9v9/PycharmProjects/Airflow-2/Airflow-2/dags/etls/reddit_etl.py", line 1, in <module>
    import praw
ModuleNotFoundError: No module named 'praw'
[2024-12-06T22:38:38.218-0600] {processor.py:927} WARNING - No viable dags retrieved from /home/m9d9v9/PycharmProjects/Airflow-2/Airflow-2/dags/reddit_dag.py
[2024-12-06T22:38:38.246-0600] {processor.py:208} INFO - Processing /home/m9d9v9/PycharmProjects/Airflow-2/Airflow-2/dags/reddit_dag.py took 0.063 seconds
[2024-12-06T22:39:33.850-0600] {processor.py:186} INFO - Started process (PID=14940) to work on /home/m9d9v9/PycharmProjects/Airflow-2/Airflow-2/dags/reddit_dag.py
[2024-12-06T22:39:33.857-0600] {processor.py:914} INFO - Processing file /home/m9d9v9/PycharmProjects/Airflow-2/Airflow-2/dags/reddit_dag.py for tasks to queue
[2024-12-06T22:39:33.861-0600] {logging_mixin.py:190} INFO - [2024-12-06T22:39:33.860-0600] {dagbag.py:588} INFO - Filling up the DagBag from /home/m9d9v9/PycharmProjects/Airflow-2/Airflow-2/dags/reddit_dag.py
[2024-12-06T22:39:34.106-0600] {processor.py:925} INFO - DAG(s) 'reddit_dag' retrieved from /home/m9d9v9/PycharmProjects/Airflow-2/Airflow-2/dags/reddit_dag.py
[2024-12-06T22:39:34.350-0600] {logging_mixin.py:190} INFO - [2024-12-06T22:39:34.350-0600] {override.py:1911} INFO - Created Permission View: can delete on DAG:reddit_dag
[2024-12-06T22:39:34.357-0600] {logging_mixin.py:190} INFO - [2024-12-06T22:39:34.357-0600] {override.py:1911} INFO - Created Permission View: can edit on DAG:reddit_dag
[2024-12-06T22:39:34.363-0600] {logging_mixin.py:190} INFO - [2024-12-06T22:39:34.363-0600] {override.py:1911} INFO - Created Permission View: can read on DAG:reddit_dag
[2024-12-06T22:39:34.370-0600] {logging_mixin.py:190} INFO - [2024-12-06T22:39:34.370-0600] {override.py:1911} INFO - Created Permission View: can delete on DAG Run:reddit_dag
[2024-12-06T22:39:34.374-0600] {logging_mixin.py:190} INFO - [2024-12-06T22:39:34.374-0600] {override.py:1911} INFO - Created Permission View: menu access on DAG Run:reddit_dag
[2024-12-06T22:39:34.378-0600] {logging_mixin.py:190} INFO - [2024-12-06T22:39:34.378-0600] {override.py:1911} INFO - Created Permission View: can read on DAG Run:reddit_dag
[2024-12-06T22:39:34.382-0600] {logging_mixin.py:190} INFO - [2024-12-06T22:39:34.382-0600] {override.py:1911} INFO - Created Permission View: can create on DAG Run:reddit_dag
[2024-12-06T22:39:34.383-0600] {logging_mixin.py:190} INFO - [2024-12-06T22:39:34.383-0600] {dag.py:3239} INFO - Sync 1 DAGs
[2024-12-06T22:39:34.389-0600] {logging_mixin.py:190} INFO - [2024-12-06T22:39:34.389-0600] {dag.py:3262} INFO - Creating ORM DAG for reddit_dag
[2024-12-06T22:39:34.394-0600] {logging_mixin.py:190} INFO - [2024-12-06T22:39:34.394-0600] {dag.py:4180} INFO - Setting next_dagrun for reddit_dag to 2024-12-06 00:00:00+00:00, run_after=2024-12-07 00:00:00+00:00
[2024-12-06T22:39:34.406-0600] {processor.py:208} INFO - Processing /home/m9d9v9/PycharmProjects/Airflow-2/Airflow-2/dags/reddit_dag.py took 0.574 seconds
[2024-12-06T22:40:34.722-0600] {processor.py:186} INFO - Started process (PID=15066) to work on /home/m9d9v9/PycharmProjects/Airflow-2/Airflow-2/dags/reddit_dag.py
[2024-12-06T22:40:34.729-0600] {processor.py:914} INFO - Processing file /home/m9d9v9/PycharmProjects/Airflow-2/Airflow-2/dags/reddit_dag.py for tasks to queue
[2024-12-06T22:40:34.733-0600] {logging_mixin.py:190} INFO - [2024-12-06T22:40:34.732-0600] {dagbag.py:588} INFO - Filling up the DagBag from /home/m9d9v9/PycharmProjects/Airflow-2/Airflow-2/dags/reddit_dag.py
[2024-12-06T22:40:34.989-0600] {processor.py:925} INFO - DAG(s) 'reddit_dag' retrieved from /home/m9d9v9/PycharmProjects/Airflow-2/Airflow-2/dags/reddit_dag.py
[2024-12-06T22:40:35.001-0600] {logging_mixin.py:190} INFO - [2024-12-06T22:40:35.001-0600] {dag.py:3239} INFO - Sync 1 DAGs
[2024-12-06T22:40:35.016-0600] {logging_mixin.py:190} INFO - [2024-12-06T22:40:35.016-0600] {dag.py:4180} INFO - Setting next_dagrun for reddit_dag to 2024-12-07 00:00:00+00:00, run_after=2024-12-08 00:00:00+00:00
[2024-12-06T22:40:35.037-0600] {processor.py:208} INFO - Processing /home/m9d9v9/PycharmProjects/Airflow-2/Airflow-2/dags/reddit_dag.py took 0.332 seconds
[2024-12-06T23:24:50.818-0600] {processor.py:186} INFO - Started process (PID=17064) to work on /home/m9d9v9/PycharmProjects/Airflow-2/Airflow-2/dags/reddit_dag.py
[2024-12-06T23:24:50.819-0600] {processor.py:914} INFO - Processing file /home/m9d9v9/PycharmProjects/Airflow-2/Airflow-2/dags/reddit_dag.py for tasks to queue
[2024-12-06T23:24:50.821-0600] {logging_mixin.py:190} INFO - [2024-12-06T23:24:50.821-0600] {dagbag.py:588} INFO - Filling up the DagBag from /home/m9d9v9/PycharmProjects/Airflow-2/Airflow-2/dags/reddit_dag.py
[2024-12-06T23:24:50.859-0600] {logging_mixin.py:190} INFO - [2024-12-06T23:24:50.858-0600] {dagbag.py:387} ERROR - Failed to import: /home/m9d9v9/PycharmProjects/Airflow-2/Airflow-2/dags/reddit_dag.py
Traceback (most recent call last):
  File "/home/m9d9v9/PycharmProjects/Airflow-2/Airflow-2/.venv/lib/python3.10/site-packages/airflow/models/dagbag.py", line 383, in parse
    loader.exec_module(new_module)
  File "<frozen importlib._bootstrap_external>", line 883, in exec_module
  File "<frozen importlib._bootstrap>", line 241, in _call_with_frames_removed
  File "/home/m9d9v9/PycharmProjects/Airflow-2/Airflow-2/dags/reddit_dag.py", line 7, in <module>
    from pipelines.upload_s3_pipeline import upload_s3_pipeline
  File "/home/m9d9v9/PycharmProjects/Airflow-2/Airflow-2/dags/pipelines/upload_s3_pipeline.py", line 2, in <module>
    from etls.aws_etl import connect_to_s3, create_bucket_if_not_exists, upload_to_s3
  File "/home/m9d9v9/PycharmProjects/Airflow-2/Airflow-2/dags/etls/aws_etl.py", line 1, in <module>
    from utils.constants import AWS_ACCESS_KEY_ID, AWS_SECRET_KEY
ImportError: cannot import name 'AWS_SECRET_KEY' from 'utils.constants' (/home/m9d9v9/PycharmProjects/Airflow-2/Airflow-2/dags/utils/constants.py)
[2024-12-06T23:24:50.860-0600] {processor.py:927} WARNING - No viable dags retrieved from /home/m9d9v9/PycharmProjects/Airflow-2/Airflow-2/dags/reddit_dag.py
[2024-12-06T23:24:50.870-0600] {processor.py:208} INFO - Processing /home/m9d9v9/PycharmProjects/Airflow-2/Airflow-2/dags/reddit_dag.py took 0.058 seconds
[2024-12-06T23:25:47.542-0600] {processor.py:186} INFO - Started process (PID=17346) to work on /home/m9d9v9/PycharmProjects/Airflow-2/Airflow-2/dags/reddit_dag.py
[2024-12-06T23:25:47.549-0600] {processor.py:914} INFO - Processing file /home/m9d9v9/PycharmProjects/Airflow-2/Airflow-2/dags/reddit_dag.py for tasks to queue
[2024-12-06T23:25:47.553-0600] {logging_mixin.py:190} INFO - [2024-12-06T23:25:47.553-0600] {dagbag.py:588} INFO - Filling up the DagBag from /home/m9d9v9/PycharmProjects/Airflow-2/Airflow-2/dags/reddit_dag.py
[2024-12-06T23:25:47.603-0600] {logging_mixin.py:190} INFO - [2024-12-06T23:25:47.602-0600] {dagbag.py:387} ERROR - Failed to import: /home/m9d9v9/PycharmProjects/Airflow-2/Airflow-2/dags/reddit_dag.py
Traceback (most recent call last):
  File "/home/m9d9v9/PycharmProjects/Airflow-2/Airflow-2/.venv/lib/python3.10/site-packages/airflow/models/dagbag.py", line 383, in parse
    loader.exec_module(new_module)
  File "<frozen importlib._bootstrap_external>", line 883, in exec_module
  File "<frozen importlib._bootstrap>", line 241, in _call_with_frames_removed
  File "/home/m9d9v9/PycharmProjects/Airflow-2/Airflow-2/dags/reddit_dag.py", line 7, in <module>
    from pipelines.upload_s3_pipeline import upload_s3_pipeline
  File "/home/m9d9v9/PycharmProjects/Airflow-2/Airflow-2/dags/pipelines/upload_s3_pipeline.py", line 2, in <module>
    from etls.aws_etl import connect_to_s3, create_bucket_if_not_exists, upload_to_s3
  File "/home/m9d9v9/PycharmProjects/Airflow-2/Airflow-2/dags/etls/aws_etl.py", line 1, in <module>
    from utils.constants import AWS_ACCESS_KEY_ID, AWS_SECRET_KEY
ImportError: cannot import name 'AWS_SECRET_KEY' from 'utils.constants' (/home/m9d9v9/PycharmProjects/Airflow-2/Airflow-2/dags/utils/constants.py)
[2024-12-06T23:25:47.604-0600] {processor.py:927} WARNING - No viable dags retrieved from /home/m9d9v9/PycharmProjects/Airflow-2/Airflow-2/dags/reddit_dag.py
[2024-12-06T23:25:47.616-0600] {processor.py:208} INFO - Processing /home/m9d9v9/PycharmProjects/Airflow-2/Airflow-2/dags/reddit_dag.py took 0.085 seconds
[2024-12-06T23:26:44.407-0600] {processor.py:186} INFO - Started process (PID=17428) to work on /home/m9d9v9/PycharmProjects/Airflow-2/Airflow-2/dags/reddit_dag.py
[2024-12-06T23:26:44.413-0600] {processor.py:914} INFO - Processing file /home/m9d9v9/PycharmProjects/Airflow-2/Airflow-2/dags/reddit_dag.py for tasks to queue
[2024-12-06T23:26:44.415-0600] {logging_mixin.py:190} INFO - [2024-12-06T23:26:44.415-0600] {dagbag.py:588} INFO - Filling up the DagBag from /home/m9d9v9/PycharmProjects/Airflow-2/Airflow-2/dags/reddit_dag.py
[2024-12-06T23:26:44.466-0600] {logging_mixin.py:190} INFO - [2024-12-06T23:26:44.465-0600] {dagbag.py:387} ERROR - Failed to import: /home/m9d9v9/PycharmProjects/Airflow-2/Airflow-2/dags/reddit_dag.py
Traceback (most recent call last):
  File "/home/m9d9v9/PycharmProjects/Airflow-2/Airflow-2/.venv/lib/python3.10/site-packages/airflow/models/dagbag.py", line 383, in parse
    loader.exec_module(new_module)
  File "<frozen importlib._bootstrap_external>", line 883, in exec_module
  File "<frozen importlib._bootstrap>", line 241, in _call_with_frames_removed
  File "/home/m9d9v9/PycharmProjects/Airflow-2/Airflow-2/dags/reddit_dag.py", line 7, in <module>
    from pipelines.upload_s3_pipeline import upload_s3_pipeline
  File "/home/m9d9v9/PycharmProjects/Airflow-2/Airflow-2/dags/pipelines/upload_s3_pipeline.py", line 2, in <module>
    from etls.aws_etl import connect_to_s3, create_bucket_if_not_exists, upload_to_s3
  File "/home/m9d9v9/PycharmProjects/Airflow-2/Airflow-2/dags/etls/aws_etl.py", line 1, in <module>
    from utils.constants import AWS_ACCESS_KEY_ID, AWS_SECRET_KEY
ImportError: cannot import name 'AWS_SECRET_KEY' from 'utils.constants' (/home/m9d9v9/PycharmProjects/Airflow-2/Airflow-2/dags/utils/constants.py)
[2024-12-06T23:26:44.466-0600] {processor.py:927} WARNING - No viable dags retrieved from /home/m9d9v9/PycharmProjects/Airflow-2/Airflow-2/dags/reddit_dag.py
[2024-12-06T23:26:44.477-0600] {processor.py:208} INFO - Processing /home/m9d9v9/PycharmProjects/Airflow-2/Airflow-2/dags/reddit_dag.py took 0.075 seconds
[2024-12-06T23:27:40.729-0600] {processor.py:186} INFO - Started process (PID=17500) to work on /home/m9d9v9/PycharmProjects/Airflow-2/Airflow-2/dags/reddit_dag.py
[2024-12-06T23:27:40.735-0600] {processor.py:914} INFO - Processing file /home/m9d9v9/PycharmProjects/Airflow-2/Airflow-2/dags/reddit_dag.py for tasks to queue
[2024-12-06T23:27:40.736-0600] {logging_mixin.py:190} INFO - [2024-12-06T23:27:40.735-0600] {dagbag.py:588} INFO - Filling up the DagBag from /home/m9d9v9/PycharmProjects/Airflow-2/Airflow-2/dags/reddit_dag.py
[2024-12-06T23:27:40.762-0600] {logging_mixin.py:190} INFO - [2024-12-06T23:27:40.762-0600] {dagbag.py:387} ERROR - Failed to import: /home/m9d9v9/PycharmProjects/Airflow-2/Airflow-2/dags/reddit_dag.py
Traceback (most recent call last):
  File "/home/m9d9v9/PycharmProjects/Airflow-2/Airflow-2/.venv/lib/python3.10/site-packages/airflow/models/dagbag.py", line 383, in parse
    loader.exec_module(new_module)
  File "<frozen importlib._bootstrap_external>", line 883, in exec_module
  File "<frozen importlib._bootstrap>", line 241, in _call_with_frames_removed
  File "/home/m9d9v9/PycharmProjects/Airflow-2/Airflow-2/dags/reddit_dag.py", line 7, in <module>
    from pipelines.upload_s3_pipeline import upload_s3_pipeline
  File "/home/m9d9v9/PycharmProjects/Airflow-2/Airflow-2/dags/pipelines/upload_s3_pipeline.py", line 2, in <module>
    from etls.aws_etl import connect_to_s3, create_bucket_if_not_exists, upload_to_s3
  File "/home/m9d9v9/PycharmProjects/Airflow-2/Airflow-2/dags/etls/aws_etl.py", line 1, in <module>
    from utils.constants import AWS_ACCESS_KEY_ID, AWS_SECRET_KEY
ImportError: cannot import name 'AWS_SECRET_KEY' from 'utils.constants' (/home/m9d9v9/PycharmProjects/Airflow-2/Airflow-2/dags/utils/constants.py)
[2024-12-06T23:27:40.763-0600] {processor.py:927} WARNING - No viable dags retrieved from /home/m9d9v9/PycharmProjects/Airflow-2/Airflow-2/dags/reddit_dag.py
[2024-12-06T23:27:40.774-0600] {processor.py:208} INFO - Processing /home/m9d9v9/PycharmProjects/Airflow-2/Airflow-2/dags/reddit_dag.py took 0.049 seconds
[2024-12-06T23:28:37.870-0600] {processor.py:186} INFO - Started process (PID=17603) to work on /home/m9d9v9/PycharmProjects/Airflow-2/Airflow-2/dags/reddit_dag.py
[2024-12-06T23:28:37.871-0600] {processor.py:914} INFO - Processing file /home/m9d9v9/PycharmProjects/Airflow-2/Airflow-2/dags/reddit_dag.py for tasks to queue
[2024-12-06T23:28:37.871-0600] {logging_mixin.py:190} INFO - [2024-12-06T23:28:37.871-0600] {dagbag.py:588} INFO - Filling up the DagBag from /home/m9d9v9/PycharmProjects/Airflow-2/Airflow-2/dags/reddit_dag.py
[2024-12-06T23:28:38.135-0600] {processor.py:925} INFO - DAG(s) 'reddit_dag' retrieved from /home/m9d9v9/PycharmProjects/Airflow-2/Airflow-2/dags/reddit_dag.py
[2024-12-06T23:28:38.204-0600] {logging_mixin.py:190} INFO - [2024-12-06T23:28:38.203-0600] {dag.py:3239} INFO - Sync 1 DAGs
[2024-12-06T23:28:38.217-0600] {logging_mixin.py:190} INFO - [2024-12-06T23:28:38.217-0600] {dag.py:4180} INFO - Setting next_dagrun for reddit_dag to 2024-12-07 00:00:00+00:00, run_after=2024-12-08 00:00:00+00:00
[2024-12-06T23:28:38.234-0600] {processor.py:208} INFO - Processing /home/m9d9v9/PycharmProjects/Airflow-2/Airflow-2/dags/reddit_dag.py took 0.371 seconds
[2024-12-06T23:29:34.628-0600] {processor.py:186} INFO - Started process (PID=17745) to work on /home/m9d9v9/PycharmProjects/Airflow-2/Airflow-2/dags/reddit_dag.py
[2024-12-06T23:29:34.634-0600] {processor.py:914} INFO - Processing file /home/m9d9v9/PycharmProjects/Airflow-2/Airflow-2/dags/reddit_dag.py for tasks to queue
[2024-12-06T23:29:34.635-0600] {logging_mixin.py:190} INFO - [2024-12-06T23:29:34.635-0600] {dagbag.py:588} INFO - Filling up the DagBag from /home/m9d9v9/PycharmProjects/Airflow-2/Airflow-2/dags/reddit_dag.py
[2024-12-06T23:29:34.793-0600] {processor.py:925} INFO - DAG(s) 'reddit_dag' retrieved from /home/m9d9v9/PycharmProjects/Airflow-2/Airflow-2/dags/reddit_dag.py
[2024-12-06T23:29:34.802-0600] {logging_mixin.py:190} INFO - [2024-12-06T23:29:34.802-0600] {dag.py:3239} INFO - Sync 1 DAGs
[2024-12-06T23:29:34.813-0600] {logging_mixin.py:190} INFO - [2024-12-06T23:29:34.813-0600] {dag.py:4180} INFO - Setting next_dagrun for reddit_dag to 2024-12-07 00:00:00+00:00, run_after=2024-12-08 00:00:00+00:00
[2024-12-06T23:29:34.824-0600] {processor.py:208} INFO - Processing /home/m9d9v9/PycharmProjects/Airflow-2/Airflow-2/dags/reddit_dag.py took 0.200 seconds
[2024-12-06T23:30:30.238-0600] {processor.py:186} INFO - Started process (PID=17866) to work on /home/m9d9v9/PycharmProjects/Airflow-2/Airflow-2/dags/reddit_dag.py
[2024-12-06T23:30:30.245-0600] {processor.py:914} INFO - Processing file /home/m9d9v9/PycharmProjects/Airflow-2/Airflow-2/dags/reddit_dag.py for tasks to queue
[2024-12-06T23:30:30.246-0600] {logging_mixin.py:190} INFO - [2024-12-06T23:30:30.246-0600] {dagbag.py:588} INFO - Filling up the DagBag from /home/m9d9v9/PycharmProjects/Airflow-2/Airflow-2/dags/reddit_dag.py
[2024-12-06T23:30:30.437-0600] {processor.py:925} INFO - DAG(s) 'reddit_dag' retrieved from /home/m9d9v9/PycharmProjects/Airflow-2/Airflow-2/dags/reddit_dag.py
[2024-12-06T23:30:30.444-0600] {logging_mixin.py:190} INFO - [2024-12-06T23:30:30.444-0600] {dag.py:3239} INFO - Sync 1 DAGs
[2024-12-06T23:30:30.455-0600] {logging_mixin.py:190} INFO - [2024-12-06T23:30:30.455-0600] {dag.py:4180} INFO - Setting next_dagrun for reddit_dag to 2024-12-07 00:00:00+00:00, run_after=2024-12-08 00:00:00+00:00
[2024-12-06T23:30:30.471-0600] {processor.py:208} INFO - Processing /home/m9d9v9/PycharmProjects/Airflow-2/Airflow-2/dags/reddit_dag.py took 0.243 seconds
[2024-12-06T23:31:26.604-0600] {processor.py:186} INFO - Started process (PID=17934) to work on /home/m9d9v9/PycharmProjects/Airflow-2/Airflow-2/dags/reddit_dag.py
[2024-12-06T23:31:26.611-0600] {processor.py:914} INFO - Processing file /home/m9d9v9/PycharmProjects/Airflow-2/Airflow-2/dags/reddit_dag.py for tasks to queue
[2024-12-06T23:31:26.614-0600] {logging_mixin.py:190} INFO - [2024-12-06T23:31:26.613-0600] {dagbag.py:588} INFO - Filling up the DagBag from /home/m9d9v9/PycharmProjects/Airflow-2/Airflow-2/dags/reddit_dag.py
[2024-12-06T23:31:26.798-0600] {processor.py:925} INFO - DAG(s) 'reddit_dag' retrieved from /home/m9d9v9/PycharmProjects/Airflow-2/Airflow-2/dags/reddit_dag.py
[2024-12-06T23:31:26.805-0600] {logging_mixin.py:190} INFO - [2024-12-06T23:31:26.804-0600] {dag.py:3239} INFO - Sync 1 DAGs
[2024-12-06T23:31:26.815-0600] {logging_mixin.py:190} INFO - [2024-12-06T23:31:26.815-0600] {dag.py:4180} INFO - Setting next_dagrun for reddit_dag to 2024-12-07 00:00:00+00:00, run_after=2024-12-08 00:00:00+00:00
[2024-12-06T23:31:26.833-0600] {processor.py:208} INFO - Processing /home/m9d9v9/PycharmProjects/Airflow-2/Airflow-2/dags/reddit_dag.py took 0.239 seconds
[2024-12-06T23:32:25.724-0600] {processor.py:186} INFO - Started process (PID=18046) to work on /home/m9d9v9/PycharmProjects/Airflow-2/Airflow-2/dags/reddit_dag.py
[2024-12-06T23:32:25.730-0600] {processor.py:914} INFO - Processing file /home/m9d9v9/PycharmProjects/Airflow-2/Airflow-2/dags/reddit_dag.py for tasks to queue
[2024-12-06T23:32:25.731-0600] {logging_mixin.py:190} INFO - [2024-12-06T23:32:25.731-0600] {dagbag.py:588} INFO - Filling up the DagBag from /home/m9d9v9/PycharmProjects/Airflow-2/Airflow-2/dags/reddit_dag.py
[2024-12-06T23:32:25.888-0600] {processor.py:925} INFO - DAG(s) 'reddit_dag' retrieved from /home/m9d9v9/PycharmProjects/Airflow-2/Airflow-2/dags/reddit_dag.py
[2024-12-06T23:32:25.895-0600] {logging_mixin.py:190} INFO - [2024-12-06T23:32:25.895-0600] {dag.py:3239} INFO - Sync 1 DAGs
[2024-12-06T23:32:25.905-0600] {logging_mixin.py:190} INFO - [2024-12-06T23:32:25.905-0600] {dag.py:4180} INFO - Setting next_dagrun for reddit_dag to 2024-12-07 00:00:00+00:00, run_after=2024-12-08 00:00:00+00:00
[2024-12-06T23:32:25.922-0600] {processor.py:208} INFO - Processing /home/m9d9v9/PycharmProjects/Airflow-2/Airflow-2/dags/reddit_dag.py took 0.202 seconds
[2024-12-06T23:33:22.646-0600] {processor.py:186} INFO - Started process (PID=18114) to work on /home/m9d9v9/PycharmProjects/Airflow-2/Airflow-2/dags/reddit_dag.py
[2024-12-06T23:33:22.653-0600] {processor.py:914} INFO - Processing file /home/m9d9v9/PycharmProjects/Airflow-2/Airflow-2/dags/reddit_dag.py for tasks to queue
[2024-12-06T23:33:22.655-0600] {logging_mixin.py:190} INFO - [2024-12-06T23:33:22.654-0600] {dagbag.py:588} INFO - Filling up the DagBag from /home/m9d9v9/PycharmProjects/Airflow-2/Airflow-2/dags/reddit_dag.py
[2024-12-06T23:33:22.840-0600] {processor.py:925} INFO - DAG(s) 'reddit_dag' retrieved from /home/m9d9v9/PycharmProjects/Airflow-2/Airflow-2/dags/reddit_dag.py
[2024-12-06T23:33:22.847-0600] {logging_mixin.py:190} INFO - [2024-12-06T23:33:22.847-0600] {dag.py:3239} INFO - Sync 1 DAGs
[2024-12-06T23:33:22.858-0600] {logging_mixin.py:190} INFO - [2024-12-06T23:33:22.858-0600] {dag.py:4180} INFO - Setting next_dagrun for reddit_dag to 2024-12-07 00:00:00+00:00, run_after=2024-12-08 00:00:00+00:00
[2024-12-06T23:33:22.874-0600] {processor.py:208} INFO - Processing /home/m9d9v9/PycharmProjects/Airflow-2/Airflow-2/dags/reddit_dag.py took 0.240 seconds
[2024-12-06T23:34:18.493-0600] {processor.py:186} INFO - Started process (PID=18184) to work on /home/m9d9v9/PycharmProjects/Airflow-2/Airflow-2/dags/reddit_dag.py
[2024-12-06T23:34:18.500-0600] {processor.py:914} INFO - Processing file /home/m9d9v9/PycharmProjects/Airflow-2/Airflow-2/dags/reddit_dag.py for tasks to queue
[2024-12-06T23:34:18.503-0600] {logging_mixin.py:190} INFO - [2024-12-06T23:34:18.502-0600] {dagbag.py:588} INFO - Filling up the DagBag from /home/m9d9v9/PycharmProjects/Airflow-2/Airflow-2/dags/reddit_dag.py
[2024-12-06T23:34:18.685-0600] {processor.py:925} INFO - DAG(s) 'reddit_dag' retrieved from /home/m9d9v9/PycharmProjects/Airflow-2/Airflow-2/dags/reddit_dag.py
[2024-12-06T23:34:18.692-0600] {logging_mixin.py:190} INFO - [2024-12-06T23:34:18.692-0600] {dag.py:3239} INFO - Sync 1 DAGs
[2024-12-06T23:34:18.703-0600] {logging_mixin.py:190} INFO - [2024-12-06T23:34:18.703-0600] {dag.py:4180} INFO - Setting next_dagrun for reddit_dag to 2024-12-07 00:00:00+00:00, run_after=2024-12-08 00:00:00+00:00
[2024-12-06T23:34:18.720-0600] {processor.py:208} INFO - Processing /home/m9d9v9/PycharmProjects/Airflow-2/Airflow-2/dags/reddit_dag.py took 0.239 seconds
[2024-12-06T23:34:49.465-0600] {processor.py:186} INFO - Started process (PID=18278) to work on /home/m9d9v9/PycharmProjects/Airflow-2/Airflow-2/dags/reddit_dag.py
[2024-12-06T23:34:49.472-0600] {processor.py:914} INFO - Processing file /home/m9d9v9/PycharmProjects/Airflow-2/Airflow-2/dags/reddit_dag.py for tasks to queue
[2024-12-06T23:34:49.473-0600] {logging_mixin.py:190} INFO - [2024-12-06T23:34:49.473-0600] {dagbag.py:588} INFO - Filling up the DagBag from /home/m9d9v9/PycharmProjects/Airflow-2/Airflow-2/dags/reddit_dag.py
[2024-12-06T23:34:49.653-0600] {processor.py:925} INFO - DAG(s) 'reddit_dag' retrieved from /home/m9d9v9/PycharmProjects/Airflow-2/Airflow-2/dags/reddit_dag.py
[2024-12-06T23:34:49.660-0600] {logging_mixin.py:190} INFO - [2024-12-06T23:34:49.660-0600] {dag.py:3239} INFO - Sync 1 DAGs
[2024-12-06T23:34:49.671-0600] {logging_mixin.py:190} INFO - [2024-12-06T23:34:49.670-0600] {dag.py:4180} INFO - Setting next_dagrun for reddit_dag to 2024-12-07 00:00:00+00:00, run_after=2024-12-08 00:00:00+00:00
[2024-12-06T23:34:49.687-0600] {processor.py:208} INFO - Processing /home/m9d9v9/PycharmProjects/Airflow-2/Airflow-2/dags/reddit_dag.py took 0.231 seconds
[2024-12-06T23:35:21.219-0600] {processor.py:186} INFO - Started process (PID=18320) to work on /home/m9d9v9/PycharmProjects/Airflow-2/Airflow-2/dags/reddit_dag.py
[2024-12-06T23:35:21.226-0600] {processor.py:914} INFO - Processing file /home/m9d9v9/PycharmProjects/Airflow-2/Airflow-2/dags/reddit_dag.py for tasks to queue
[2024-12-06T23:35:21.227-0600] {logging_mixin.py:190} INFO - [2024-12-06T23:35:21.227-0600] {dagbag.py:588} INFO - Filling up the DagBag from /home/m9d9v9/PycharmProjects/Airflow-2/Airflow-2/dags/reddit_dag.py
[2024-12-06T23:35:21.407-0600] {processor.py:925} INFO - DAG(s) 'reddit_dag' retrieved from /home/m9d9v9/PycharmProjects/Airflow-2/Airflow-2/dags/reddit_dag.py
[2024-12-06T23:35:21.413-0600] {logging_mixin.py:190} INFO - [2024-12-06T23:35:21.413-0600] {dag.py:3239} INFO - Sync 1 DAGs
[2024-12-06T23:35:21.424-0600] {logging_mixin.py:190} INFO - [2024-12-06T23:35:21.424-0600] {dag.py:4180} INFO - Setting next_dagrun for reddit_dag to 2024-12-07 00:00:00+00:00, run_after=2024-12-08 00:00:00+00:00
[2024-12-06T23:35:21.435-0600] {processor.py:208} INFO - Processing /home/m9d9v9/PycharmProjects/Airflow-2/Airflow-2/dags/reddit_dag.py took 0.228 seconds
[2024-12-06T23:35:53.094-0600] {processor.py:186} INFO - Started process (PID=18358) to work on /home/m9d9v9/PycharmProjects/Airflow-2/Airflow-2/dags/reddit_dag.py
[2024-12-06T23:35:53.099-0600] {processor.py:914} INFO - Processing file /home/m9d9v9/PycharmProjects/Airflow-2/Airflow-2/dags/reddit_dag.py for tasks to queue
[2024-12-06T23:35:53.100-0600] {logging_mixin.py:190} INFO - [2024-12-06T23:35:53.100-0600] {dagbag.py:588} INFO - Filling up the DagBag from /home/m9d9v9/PycharmProjects/Airflow-2/Airflow-2/dags/reddit_dag.py
[2024-12-06T23:35:53.334-0600] {processor.py:925} INFO - DAG(s) 'reddit_dag' retrieved from /home/m9d9v9/PycharmProjects/Airflow-2/Airflow-2/dags/reddit_dag.py
[2024-12-06T23:35:53.343-0600] {logging_mixin.py:190} INFO - [2024-12-06T23:35:53.343-0600] {dag.py:3239} INFO - Sync 1 DAGs
[2024-12-06T23:35:53.360-0600] {logging_mixin.py:190} INFO - [2024-12-06T23:35:53.360-0600] {dag.py:4180} INFO - Setting next_dagrun for reddit_dag to 2024-12-07 00:00:00+00:00, run_after=2024-12-08 00:00:00+00:00
[2024-12-06T23:35:53.374-0600] {processor.py:208} INFO - Processing /home/m9d9v9/PycharmProjects/Airflow-2/Airflow-2/dags/reddit_dag.py took 0.284 seconds
[2024-12-06T23:36:24.723-0600] {processor.py:186} INFO - Started process (PID=18393) to work on /home/m9d9v9/PycharmProjects/Airflow-2/Airflow-2/dags/reddit_dag.py
[2024-12-06T23:36:24.730-0600] {processor.py:914} INFO - Processing file /home/m9d9v9/PycharmProjects/Airflow-2/Airflow-2/dags/reddit_dag.py for tasks to queue
[2024-12-06T23:36:24.731-0600] {logging_mixin.py:190} INFO - [2024-12-06T23:36:24.731-0600] {dagbag.py:588} INFO - Filling up the DagBag from /home/m9d9v9/PycharmProjects/Airflow-2/Airflow-2/dags/reddit_dag.py
[2024-12-06T23:36:24.915-0600] {processor.py:925} INFO - DAG(s) 'reddit_dag' retrieved from /home/m9d9v9/PycharmProjects/Airflow-2/Airflow-2/dags/reddit_dag.py
[2024-12-06T23:36:24.922-0600] {logging_mixin.py:190} INFO - [2024-12-06T23:36:24.922-0600] {dag.py:3239} INFO - Sync 1 DAGs
[2024-12-06T23:36:24.932-0600] {logging_mixin.py:190} INFO - [2024-12-06T23:36:24.932-0600] {dag.py:4180} INFO - Setting next_dagrun for reddit_dag to 2024-12-07 00:00:00+00:00, run_after=2024-12-08 00:00:00+00:00
[2024-12-06T23:36:24.948-0600] {processor.py:208} INFO - Processing /home/m9d9v9/PycharmProjects/Airflow-2/Airflow-2/dags/reddit_dag.py took 0.235 seconds
[2024-12-06T23:36:55.744-0600] {processor.py:186} INFO - Started process (PID=18460) to work on /home/m9d9v9/PycharmProjects/Airflow-2/Airflow-2/dags/reddit_dag.py
[2024-12-06T23:36:55.746-0600] {processor.py:914} INFO - Processing file /home/m9d9v9/PycharmProjects/Airflow-2/Airflow-2/dags/reddit_dag.py for tasks to queue
[2024-12-06T23:36:55.747-0600] {logging_mixin.py:190} INFO - [2024-12-06T23:36:55.747-0600] {dagbag.py:588} INFO - Filling up the DagBag from /home/m9d9v9/PycharmProjects/Airflow-2/Airflow-2/dags/reddit_dag.py
[2024-12-06T23:36:55.933-0600] {processor.py:925} INFO - DAG(s) 'reddit_dag' retrieved from /home/m9d9v9/PycharmProjects/Airflow-2/Airflow-2/dags/reddit_dag.py
[2024-12-06T23:36:55.940-0600] {logging_mixin.py:190} INFO - [2024-12-06T23:36:55.940-0600] {dag.py:3239} INFO - Sync 1 DAGs
[2024-12-06T23:36:55.951-0600] {logging_mixin.py:190} INFO - [2024-12-06T23:36:55.951-0600] {dag.py:4180} INFO - Setting next_dagrun for reddit_dag to 2024-12-07 00:00:00+00:00, run_after=2024-12-08 00:00:00+00:00
[2024-12-06T23:36:55.961-0600] {processor.py:208} INFO - Processing /home/m9d9v9/PycharmProjects/Airflow-2/Airflow-2/dags/reddit_dag.py took 0.229 seconds
[2024-12-06T23:37:26.484-0600] {processor.py:186} INFO - Started process (PID=18673) to work on /home/m9d9v9/PycharmProjects/Airflow-2/Airflow-2/dags/reddit_dag.py
[2024-12-06T23:37:26.490-0600] {processor.py:914} INFO - Processing file /home/m9d9v9/PycharmProjects/Airflow-2/Airflow-2/dags/reddit_dag.py for tasks to queue
[2024-12-06T23:37:26.491-0600] {logging_mixin.py:190} INFO - [2024-12-06T23:37:26.491-0600] {dagbag.py:588} INFO - Filling up the DagBag from /home/m9d9v9/PycharmProjects/Airflow-2/Airflow-2/dags/reddit_dag.py
[2024-12-06T23:37:26.667-0600] {processor.py:925} INFO - DAG(s) 'reddit_dag' retrieved from /home/m9d9v9/PycharmProjects/Airflow-2/Airflow-2/dags/reddit_dag.py
[2024-12-06T23:37:26.674-0600] {logging_mixin.py:190} INFO - [2024-12-06T23:37:26.674-0600] {dag.py:3239} INFO - Sync 1 DAGs
[2024-12-06T23:37:26.685-0600] {logging_mixin.py:190} INFO - [2024-12-06T23:37:26.685-0600] {dag.py:4180} INFO - Setting next_dagrun for reddit_dag to 2024-12-07 00:00:00+00:00, run_after=2024-12-08 00:00:00+00:00
[2024-12-06T23:37:26.695-0600] {processor.py:208} INFO - Processing /home/m9d9v9/PycharmProjects/Airflow-2/Airflow-2/dags/reddit_dag.py took 0.215 seconds
[2024-12-06T23:37:56.942-0600] {processor.py:186} INFO - Started process (PID=18727) to work on /home/m9d9v9/PycharmProjects/Airflow-2/Airflow-2/dags/reddit_dag.py
[2024-12-06T23:37:56.949-0600] {processor.py:914} INFO - Processing file /home/m9d9v9/PycharmProjects/Airflow-2/Airflow-2/dags/reddit_dag.py for tasks to queue
[2024-12-06T23:37:56.951-0600] {logging_mixin.py:190} INFO - [2024-12-06T23:37:56.951-0600] {dagbag.py:588} INFO - Filling up the DagBag from /home/m9d9v9/PycharmProjects/Airflow-2/Airflow-2/dags/reddit_dag.py
[2024-12-06T23:37:57.041-0600] {processor.py:925} INFO - DAG(s) 'reddit_dag' retrieved from /home/m9d9v9/PycharmProjects/Airflow-2/Airflow-2/dags/reddit_dag.py
[2024-12-06T23:37:57.050-0600] {logging_mixin.py:190} INFO - [2024-12-06T23:37:57.049-0600] {dag.py:3239} INFO - Sync 1 DAGs
[2024-12-06T23:37:57.063-0600] {logging_mixin.py:190} INFO - [2024-12-06T23:37:57.062-0600] {dag.py:4180} INFO - Setting next_dagrun for reddit_dag to 2024-12-07 00:00:00+00:00, run_after=2024-12-08 00:00:00+00:00
[2024-12-06T23:37:57.075-0600] {processor.py:208} INFO - Processing /home/m9d9v9/PycharmProjects/Airflow-2/Airflow-2/dags/reddit_dag.py took 0.142 seconds
[2024-12-06T23:38:59.479-0600] {processor.py:186} INFO - Started process (PID=18890) to work on /home/m9d9v9/PycharmProjects/Airflow-2/Airflow-2/dags/reddit_dag.py
[2024-12-06T23:38:59.486-0600] {processor.py:914} INFO - Processing file /home/m9d9v9/PycharmProjects/Airflow-2/Airflow-2/dags/reddit_dag.py for tasks to queue
[2024-12-06T23:38:59.487-0600] {logging_mixin.py:190} INFO - [2024-12-06T23:38:59.487-0600] {dagbag.py:588} INFO - Filling up the DagBag from /home/m9d9v9/PycharmProjects/Airflow-2/Airflow-2/dags/reddit_dag.py
[2024-12-06T23:38:59.579-0600] {processor.py:925} INFO - DAG(s) 'reddit_dag' retrieved from /home/m9d9v9/PycharmProjects/Airflow-2/Airflow-2/dags/reddit_dag.py
[2024-12-06T23:38:59.589-0600] {logging_mixin.py:190} INFO - [2024-12-06T23:38:59.589-0600] {dag.py:3239} INFO - Sync 1 DAGs
[2024-12-06T23:38:59.603-0600] {logging_mixin.py:190} INFO - [2024-12-06T23:38:59.602-0600] {dag.py:4180} INFO - Setting next_dagrun for reddit_dag to 2024-12-07 00:00:00+00:00, run_after=2024-12-08 00:00:00+00:00
[2024-12-06T23:38:59.616-0600] {processor.py:208} INFO - Processing /home/m9d9v9/PycharmProjects/Airflow-2/Airflow-2/dags/reddit_dag.py took 0.144 seconds
[2024-12-06T23:39:32.891-0600] {processor.py:186} INFO - Started process (PID=19058) to work on /home/m9d9v9/PycharmProjects/Airflow-2/Airflow-2/dags/reddit_dag.py
[2024-12-06T23:39:32.898-0600] {processor.py:914} INFO - Processing file /home/m9d9v9/PycharmProjects/Airflow-2/Airflow-2/dags/reddit_dag.py for tasks to queue
[2024-12-06T23:39:32.901-0600] {logging_mixin.py:190} INFO - [2024-12-06T23:39:32.900-0600] {dagbag.py:588} INFO - Filling up the DagBag from /home/m9d9v9/PycharmProjects/Airflow-2/Airflow-2/dags/reddit_dag.py
[2024-12-06T23:39:32.990-0600] {processor.py:925} INFO - DAG(s) 'reddit_dag' retrieved from /home/m9d9v9/PycharmProjects/Airflow-2/Airflow-2/dags/reddit_dag.py
[2024-12-06T23:39:33.000-0600] {logging_mixin.py:190} INFO - [2024-12-06T23:39:32.999-0600] {dag.py:3239} INFO - Sync 1 DAGs
[2024-12-06T23:39:33.013-0600] {logging_mixin.py:190} INFO - [2024-12-06T23:39:33.012-0600] {dag.py:4180} INFO - Setting next_dagrun for reddit_dag to 2024-12-07 00:00:00+00:00, run_after=2024-12-08 00:00:00+00:00
[2024-12-06T23:39:33.024-0600] {processor.py:208} INFO - Processing /home/m9d9v9/PycharmProjects/Airflow-2/Airflow-2/dags/reddit_dag.py took 0.145 seconds
[2024-12-06T23:40:29.188-0600] {processor.py:186} INFO - Started process (PID=19243) to work on /home/m9d9v9/PycharmProjects/Airflow-2/Airflow-2/dags/reddit_dag.py
[2024-12-06T23:40:29.195-0600] {processor.py:914} INFO - Processing file /home/m9d9v9/PycharmProjects/Airflow-2/Airflow-2/dags/reddit_dag.py for tasks to queue
[2024-12-06T23:40:29.197-0600] {logging_mixin.py:190} INFO - [2024-12-06T23:40:29.197-0600] {dagbag.py:588} INFO - Filling up the DagBag from /home/m9d9v9/PycharmProjects/Airflow-2/Airflow-2/dags/reddit_dag.py
[2024-12-06T23:40:29.286-0600] {processor.py:925} INFO - DAG(s) 'reddit_dag' retrieved from /home/m9d9v9/PycharmProjects/Airflow-2/Airflow-2/dags/reddit_dag.py
[2024-12-06T23:40:29.297-0600] {logging_mixin.py:190} INFO - [2024-12-06T23:40:29.297-0600] {dag.py:3239} INFO - Sync 1 DAGs
[2024-12-06T23:40:29.312-0600] {logging_mixin.py:190} INFO - [2024-12-06T23:40:29.311-0600] {dag.py:4180} INFO - Setting next_dagrun for reddit_dag to 2024-12-07 00:00:00+00:00, run_after=2024-12-08 00:00:00+00:00
[2024-12-06T23:40:29.332-0600] {processor.py:208} INFO - Processing /home/m9d9v9/PycharmProjects/Airflow-2/Airflow-2/dags/reddit_dag.py took 0.156 seconds
[2024-12-06T23:41:23.007-0600] {processor.py:186} INFO - Started process (PID=19333) to work on /home/m9d9v9/PycharmProjects/Airflow-2/Airflow-2/dags/reddit_dag.py
[2024-12-06T23:41:23.014-0600] {processor.py:914} INFO - Processing file /home/m9d9v9/PycharmProjects/Airflow-2/Airflow-2/dags/reddit_dag.py for tasks to queue
[2024-12-06T23:41:23.015-0600] {logging_mixin.py:190} INFO - [2024-12-06T23:41:23.015-0600] {dagbag.py:588} INFO - Filling up the DagBag from /home/m9d9v9/PycharmProjects/Airflow-2/Airflow-2/dags/reddit_dag.py
[2024-12-06T23:41:23.106-0600] {processor.py:925} INFO - DAG(s) 'reddit_dag' retrieved from /home/m9d9v9/PycharmProjects/Airflow-2/Airflow-2/dags/reddit_dag.py
[2024-12-06T23:41:23.117-0600] {logging_mixin.py:190} INFO - [2024-12-06T23:41:23.117-0600] {dag.py:3239} INFO - Sync 1 DAGs
[2024-12-06T23:41:23.135-0600] {logging_mixin.py:190} INFO - [2024-12-06T23:41:23.135-0600] {dag.py:4180} INFO - Setting next_dagrun for reddit_dag to 2024-12-07 00:00:00+00:00, run_after=2024-12-08 00:00:00+00:00
[2024-12-06T23:41:23.148-0600] {processor.py:208} INFO - Processing /home/m9d9v9/PycharmProjects/Airflow-2/Airflow-2/dags/reddit_dag.py took 0.146 seconds
