[2024-12-06T22:18:24.448-0600] {processor.py:186} INFO - Started process (PID=12329) to work on /home/m9d9v9/PycharmProjects/Airflow-2/Airflow-2/.venv/lib/python3.10/site-packages/airflow/example_dags/plugins/listener_plugin.py
[2024-12-06T22:18:24.449-0600] {processor.py:914} INFO - Processing file /home/m9d9v9/PycharmProjects/Airflow-2/Airflow-2/.venv/lib/python3.10/site-packages/airflow/example_dags/plugins/listener_plugin.py for tasks to queue
[2024-12-06T22:18:24.451-0600] {logging_mixin.py:190} INFO - [2024-12-06T22:18:24.451-0600] {dagbag.py:588} INFO - Filling up the DagBag from /home/m9d9v9/PycharmProjects/Airflow-2/Airflow-2/.venv/lib/python3.10/site-packages/airflow/example_dags/plugins/listener_plugin.py
[2024-12-06T22:18:24.453-0600] {processor.py:927} WARNING - No viable dags retrieved from /home/m9d9v9/PycharmProjects/Airflow-2/Airflow-2/.venv/lib/python3.10/site-packages/airflow/example_dags/plugins/listener_plugin.py
[2024-12-06T22:18:24.461-0600] {processor.py:208} INFO - Processing /home/m9d9v9/PycharmProjects/Airflow-2/Airflow-2/.venv/lib/python3.10/site-packages/airflow/example_dags/plugins/listener_plugin.py took 0.018 seconds
[2024-12-06T22:19:30.263-0600] {processor.py:186} INFO - Started process (PID=12574) to work on /home/m9d9v9/PycharmProjects/Airflow-2/Airflow-2/.venv/lib/python3.10/site-packages/airflow/example_dags/plugins/listener_plugin.py
[2024-12-06T22:19:30.269-0600] {processor.py:914} INFO - Processing file /home/m9d9v9/PycharmProjects/Airflow-2/Airflow-2/.venv/lib/python3.10/site-packages/airflow/example_dags/plugins/listener_plugin.py for tasks to queue
[2024-12-06T22:19:30.272-0600] {logging_mixin.py:190} INFO - [2024-12-06T22:19:30.272-0600] {dagbag.py:588} INFO - Filling up the DagBag from /home/m9d9v9/PycharmProjects/Airflow-2/Airflow-2/.venv/lib/python3.10/site-packages/airflow/example_dags/plugins/listener_plugin.py
[2024-12-06T22:19:30.273-0600] {processor.py:927} WARNING - No viable dags retrieved from /home/m9d9v9/PycharmProjects/Airflow-2/Airflow-2/.venv/lib/python3.10/site-packages/airflow/example_dags/plugins/listener_plugin.py
[2024-12-06T22:19:30.280-0600] {processor.py:208} INFO - Processing /home/m9d9v9/PycharmProjects/Airflow-2/Airflow-2/.venv/lib/python3.10/site-packages/airflow/example_dags/plugins/listener_plugin.py took 0.022 seconds
[2024-12-06T22:20:24.994-0600] {processor.py:186} INFO - Started process (PID=12658) to work on /home/m9d9v9/PycharmProjects/Airflow-2/Airflow-2/.venv/lib/python3.10/site-packages/airflow/example_dags/plugins/listener_plugin.py
[2024-12-06T22:20:25.001-0600] {processor.py:914} INFO - Processing file /home/m9d9v9/PycharmProjects/Airflow-2/Airflow-2/.venv/lib/python3.10/site-packages/airflow/example_dags/plugins/listener_plugin.py for tasks to queue
[2024-12-06T22:20:25.005-0600] {logging_mixin.py:190} INFO - [2024-12-06T22:20:25.005-0600] {dagbag.py:588} INFO - Filling up the DagBag from /home/m9d9v9/PycharmProjects/Airflow-2/Airflow-2/.venv/lib/python3.10/site-packages/airflow/example_dags/plugins/listener_plugin.py
[2024-12-06T22:20:25.010-0600] {processor.py:927} WARNING - No viable dags retrieved from /home/m9d9v9/PycharmProjects/Airflow-2/Airflow-2/.venv/lib/python3.10/site-packages/airflow/example_dags/plugins/listener_plugin.py
[2024-12-06T22:20:25.031-0600] {processor.py:208} INFO - Processing /home/m9d9v9/PycharmProjects/Airflow-2/Airflow-2/.venv/lib/python3.10/site-packages/airflow/example_dags/plugins/listener_plugin.py took 0.049 seconds
[2024-12-06T22:21:17.915-0600] {processor.py:186} INFO - Started process (PID=12725) to work on /home/m9d9v9/PycharmProjects/Airflow-2/Airflow-2/.venv/lib/python3.10/site-packages/airflow/example_dags/plugins/listener_plugin.py
[2024-12-06T22:21:17.921-0600] {processor.py:914} INFO - Processing file /home/m9d9v9/PycharmProjects/Airflow-2/Airflow-2/.venv/lib/python3.10/site-packages/airflow/example_dags/plugins/listener_plugin.py for tasks to queue
[2024-12-06T22:21:17.923-0600] {logging_mixin.py:190} INFO - [2024-12-06T22:21:17.923-0600] {dagbag.py:588} INFO - Filling up the DagBag from /home/m9d9v9/PycharmProjects/Airflow-2/Airflow-2/.venv/lib/python3.10/site-packages/airflow/example_dags/plugins/listener_plugin.py
[2024-12-06T22:21:17.926-0600] {processor.py:927} WARNING - No viable dags retrieved from /home/m9d9v9/PycharmProjects/Airflow-2/Airflow-2/.venv/lib/python3.10/site-packages/airflow/example_dags/plugins/listener_plugin.py
[2024-12-06T22:21:17.936-0600] {processor.py:208} INFO - Processing /home/m9d9v9/PycharmProjects/Airflow-2/Airflow-2/.venv/lib/python3.10/site-packages/airflow/example_dags/plugins/listener_plugin.py took 0.026 seconds
[2024-12-06T22:22:13.925-0600] {processor.py:186} INFO - Started process (PID=12802) to work on /home/m9d9v9/PycharmProjects/Airflow-2/Airflow-2/.venv/lib/python3.10/site-packages/airflow/example_dags/plugins/listener_plugin.py
[2024-12-06T22:22:13.932-0600] {processor.py:914} INFO - Processing file /home/m9d9v9/PycharmProjects/Airflow-2/Airflow-2/.venv/lib/python3.10/site-packages/airflow/example_dags/plugins/listener_plugin.py for tasks to queue
[2024-12-06T22:22:13.936-0600] {logging_mixin.py:190} INFO - [2024-12-06T22:22:13.935-0600] {dagbag.py:588} INFO - Filling up the DagBag from /home/m9d9v9/PycharmProjects/Airflow-2/Airflow-2/.venv/lib/python3.10/site-packages/airflow/example_dags/plugins/listener_plugin.py
[2024-12-06T22:22:13.941-0600] {processor.py:927} WARNING - No viable dags retrieved from /home/m9d9v9/PycharmProjects/Airflow-2/Airflow-2/.venv/lib/python3.10/site-packages/airflow/example_dags/plugins/listener_plugin.py
[2024-12-06T22:22:13.961-0600] {processor.py:208} INFO - Processing /home/m9d9v9/PycharmProjects/Airflow-2/Airflow-2/.venv/lib/python3.10/site-packages/airflow/example_dags/plugins/listener_plugin.py took 0.047 seconds
[2024-12-06T22:22:55.837-0600] {processor.py:186} INFO - Started process (PID=12914) to work on /home/m9d9v9/PycharmProjects/Airflow-2/Airflow-2/.venv/lib/python3.10/site-packages/airflow/example_dags/plugins/listener_plugin.py
[2024-12-06T22:22:55.844-0600] {processor.py:914} INFO - Processing file /home/m9d9v9/PycharmProjects/Airflow-2/Airflow-2/.venv/lib/python3.10/site-packages/airflow/example_dags/plugins/listener_plugin.py for tasks to queue
[2024-12-06T22:22:55.849-0600] {logging_mixin.py:190} INFO - [2024-12-06T22:22:55.848-0600] {dagbag.py:588} INFO - Filling up the DagBag from /home/m9d9v9/PycharmProjects/Airflow-2/Airflow-2/.venv/lib/python3.10/site-packages/airflow/example_dags/plugins/listener_plugin.py
[2024-12-06T22:22:55.855-0600] {processor.py:927} WARNING - No viable dags retrieved from /home/m9d9v9/PycharmProjects/Airflow-2/Airflow-2/.venv/lib/python3.10/site-packages/airflow/example_dags/plugins/listener_plugin.py
[2024-12-06T22:22:55.872-0600] {processor.py:208} INFO - Processing /home/m9d9v9/PycharmProjects/Airflow-2/Airflow-2/.venv/lib/python3.10/site-packages/airflow/example_dags/plugins/listener_plugin.py took 0.047 seconds
[2024-12-06T22:23:33.802-0600] {processor.py:186} INFO - Started process (PID=12965) to work on /home/m9d9v9/PycharmProjects/Airflow-2/Airflow-2/.venv/lib/python3.10/site-packages/airflow/example_dags/plugins/listener_plugin.py
[2024-12-06T22:23:33.810-0600] {processor.py:914} INFO - Processing file /home/m9d9v9/PycharmProjects/Airflow-2/Airflow-2/.venv/lib/python3.10/site-packages/airflow/example_dags/plugins/listener_plugin.py for tasks to queue
[2024-12-06T22:23:33.813-0600] {logging_mixin.py:190} INFO - [2024-12-06T22:23:33.812-0600] {dagbag.py:588} INFO - Filling up the DagBag from /home/m9d9v9/PycharmProjects/Airflow-2/Airflow-2/.venv/lib/python3.10/site-packages/airflow/example_dags/plugins/listener_plugin.py
[2024-12-06T22:23:33.818-0600] {processor.py:927} WARNING - No viable dags retrieved from /home/m9d9v9/PycharmProjects/Airflow-2/Airflow-2/.venv/lib/python3.10/site-packages/airflow/example_dags/plugins/listener_plugin.py
[2024-12-06T22:23:33.830-0600] {processor.py:208} INFO - Processing /home/m9d9v9/PycharmProjects/Airflow-2/Airflow-2/.venv/lib/python3.10/site-packages/airflow/example_dags/plugins/listener_plugin.py took 0.045 seconds
[2024-12-06T22:24:27.765-0600] {processor.py:186} INFO - Started process (PID=13032) to work on /home/m9d9v9/PycharmProjects/Airflow-2/Airflow-2/.venv/lib/python3.10/site-packages/airflow/example_dags/plugins/listener_plugin.py
[2024-12-06T22:24:27.772-0600] {processor.py:914} INFO - Processing file /home/m9d9v9/PycharmProjects/Airflow-2/Airflow-2/.venv/lib/python3.10/site-packages/airflow/example_dags/plugins/listener_plugin.py for tasks to queue
[2024-12-06T22:24:27.774-0600] {logging_mixin.py:190} INFO - [2024-12-06T22:24:27.773-0600] {dagbag.py:588} INFO - Filling up the DagBag from /home/m9d9v9/PycharmProjects/Airflow-2/Airflow-2/.venv/lib/python3.10/site-packages/airflow/example_dags/plugins/listener_plugin.py
[2024-12-06T22:24:27.776-0600] {processor.py:927} WARNING - No viable dags retrieved from /home/m9d9v9/PycharmProjects/Airflow-2/Airflow-2/.venv/lib/python3.10/site-packages/airflow/example_dags/plugins/listener_plugin.py
[2024-12-06T22:24:27.784-0600] {processor.py:208} INFO - Processing /home/m9d9v9/PycharmProjects/Airflow-2/Airflow-2/.venv/lib/python3.10/site-packages/airflow/example_dags/plugins/listener_plugin.py took 0.023 seconds
[2024-12-06T22:25:23.630-0600] {processor.py:186} INFO - Started process (PID=13120) to work on /home/m9d9v9/PycharmProjects/Airflow-2/Airflow-2/.venv/lib/python3.10/site-packages/airflow/example_dags/plugins/listener_plugin.py
[2024-12-06T22:25:23.637-0600] {processor.py:914} INFO - Processing file /home/m9d9v9/PycharmProjects/Airflow-2/Airflow-2/.venv/lib/python3.10/site-packages/airflow/example_dags/plugins/listener_plugin.py for tasks to queue
[2024-12-06T22:25:23.639-0600] {logging_mixin.py:190} INFO - [2024-12-06T22:25:23.638-0600] {dagbag.py:588} INFO - Filling up the DagBag from /home/m9d9v9/PycharmProjects/Airflow-2/Airflow-2/.venv/lib/python3.10/site-packages/airflow/example_dags/plugins/listener_plugin.py
[2024-12-06T22:25:23.644-0600] {processor.py:927} WARNING - No viable dags retrieved from /home/m9d9v9/PycharmProjects/Airflow-2/Airflow-2/.venv/lib/python3.10/site-packages/airflow/example_dags/plugins/listener_plugin.py
[2024-12-06T22:25:23.664-0600] {processor.py:208} INFO - Processing /home/m9d9v9/PycharmProjects/Airflow-2/Airflow-2/.venv/lib/python3.10/site-packages/airflow/example_dags/plugins/listener_plugin.py took 0.047 seconds
[2024-12-06T22:26:21.879-0600] {processor.py:186} INFO - Started process (PID=13197) to work on /home/m9d9v9/PycharmProjects/Airflow-2/Airflow-2/.venv/lib/python3.10/site-packages/airflow/example_dags/plugins/listener_plugin.py
[2024-12-06T22:26:21.881-0600] {processor.py:914} INFO - Processing file /home/m9d9v9/PycharmProjects/Airflow-2/Airflow-2/.venv/lib/python3.10/site-packages/airflow/example_dags/plugins/listener_plugin.py for tasks to queue
[2024-12-06T22:26:21.883-0600] {logging_mixin.py:190} INFO - [2024-12-06T22:26:21.882-0600] {dagbag.py:588} INFO - Filling up the DagBag from /home/m9d9v9/PycharmProjects/Airflow-2/Airflow-2/.venv/lib/python3.10/site-packages/airflow/example_dags/plugins/listener_plugin.py
[2024-12-06T22:26:21.889-0600] {processor.py:927} WARNING - No viable dags retrieved from /home/m9d9v9/PycharmProjects/Airflow-2/Airflow-2/.venv/lib/python3.10/site-packages/airflow/example_dags/plugins/listener_plugin.py
[2024-12-06T22:26:21.907-0600] {processor.py:208} INFO - Processing /home/m9d9v9/PycharmProjects/Airflow-2/Airflow-2/.venv/lib/python3.10/site-packages/airflow/example_dags/plugins/listener_plugin.py took 0.044 seconds
[2024-12-06T22:36:50.818-0600] {processor.py:186} INFO - Started process (PID=14425) to work on /home/m9d9v9/PycharmProjects/Airflow-2/Airflow-2/.venv/lib/python3.10/site-packages/airflow/example_dags/plugins/listener_plugin.py
[2024-12-06T22:36:50.825-0600] {processor.py:914} INFO - Processing file /home/m9d9v9/PycharmProjects/Airflow-2/Airflow-2/.venv/lib/python3.10/site-packages/airflow/example_dags/plugins/listener_plugin.py for tasks to queue
[2024-12-06T22:36:50.827-0600] {logging_mixin.py:190} INFO - [2024-12-06T22:36:50.827-0600] {dagbag.py:588} INFO - Filling up the DagBag from /home/m9d9v9/PycharmProjects/Airflow-2/Airflow-2/.venv/lib/python3.10/site-packages/airflow/example_dags/plugins/listener_plugin.py
[2024-12-06T22:36:50.830-0600] {processor.py:927} WARNING - No viable dags retrieved from /home/m9d9v9/PycharmProjects/Airflow-2/Airflow-2/.venv/lib/python3.10/site-packages/airflow/example_dags/plugins/listener_plugin.py
[2024-12-06T22:36:50.840-0600] {processor.py:208} INFO - Processing /home/m9d9v9/PycharmProjects/Airflow-2/Airflow-2/.venv/lib/python3.10/site-packages/airflow/example_dags/plugins/listener_plugin.py took 0.028 seconds
[2024-12-06T22:37:47.868-0600] {processor.py:186} INFO - Started process (PID=14682) to work on /home/m9d9v9/PycharmProjects/Airflow-2/Airflow-2/.venv/lib/python3.10/site-packages/airflow/example_dags/plugins/listener_plugin.py
[2024-12-06T22:37:47.875-0600] {processor.py:914} INFO - Processing file /home/m9d9v9/PycharmProjects/Airflow-2/Airflow-2/.venv/lib/python3.10/site-packages/airflow/example_dags/plugins/listener_plugin.py for tasks to queue
[2024-12-06T22:37:47.879-0600] {logging_mixin.py:190} INFO - [2024-12-06T22:37:47.878-0600] {dagbag.py:588} INFO - Filling up the DagBag from /home/m9d9v9/PycharmProjects/Airflow-2/Airflow-2/.venv/lib/python3.10/site-packages/airflow/example_dags/plugins/listener_plugin.py
[2024-12-06T22:37:47.884-0600] {processor.py:927} WARNING - No viable dags retrieved from /home/m9d9v9/PycharmProjects/Airflow-2/Airflow-2/.venv/lib/python3.10/site-packages/airflow/example_dags/plugins/listener_plugin.py
[2024-12-06T22:37:47.904-0600] {processor.py:208} INFO - Processing /home/m9d9v9/PycharmProjects/Airflow-2/Airflow-2/.venv/lib/python3.10/site-packages/airflow/example_dags/plugins/listener_plugin.py took 0.048 seconds
[2024-12-06T22:38:45.474-0600] {processor.py:186} INFO - Started process (PID=14785) to work on /home/m9d9v9/PycharmProjects/Airflow-2/Airflow-2/.venv/lib/python3.10/site-packages/airflow/example_dags/plugins/listener_plugin.py
[2024-12-06T22:38:45.481-0600] {processor.py:914} INFO - Processing file /home/m9d9v9/PycharmProjects/Airflow-2/Airflow-2/.venv/lib/python3.10/site-packages/airflow/example_dags/plugins/listener_plugin.py for tasks to queue
[2024-12-06T22:38:45.483-0600] {logging_mixin.py:190} INFO - [2024-12-06T22:38:45.483-0600] {dagbag.py:588} INFO - Filling up the DagBag from /home/m9d9v9/PycharmProjects/Airflow-2/Airflow-2/.venv/lib/python3.10/site-packages/airflow/example_dags/plugins/listener_plugin.py
[2024-12-06T22:38:45.485-0600] {processor.py:927} WARNING - No viable dags retrieved from /home/m9d9v9/PycharmProjects/Airflow-2/Airflow-2/.venv/lib/python3.10/site-packages/airflow/example_dags/plugins/listener_plugin.py
[2024-12-06T22:38:45.494-0600] {processor.py:208} INFO - Processing /home/m9d9v9/PycharmProjects/Airflow-2/Airflow-2/.venv/lib/python3.10/site-packages/airflow/example_dags/plugins/listener_plugin.py took 0.025 seconds
[2024-12-06T22:39:42.828-0600] {processor.py:186} INFO - Started process (PID=14979) to work on /home/m9d9v9/PycharmProjects/Airflow-2/Airflow-2/.venv/lib/python3.10/site-packages/airflow/example_dags/plugins/listener_plugin.py
[2024-12-06T22:39:42.834-0600] {processor.py:914} INFO - Processing file /home/m9d9v9/PycharmProjects/Airflow-2/Airflow-2/.venv/lib/python3.10/site-packages/airflow/example_dags/plugins/listener_plugin.py for tasks to queue
[2024-12-06T22:39:42.836-0600] {logging_mixin.py:190} INFO - [2024-12-06T22:39:42.836-0600] {dagbag.py:588} INFO - Filling up the DagBag from /home/m9d9v9/PycharmProjects/Airflow-2/Airflow-2/.venv/lib/python3.10/site-packages/airflow/example_dags/plugins/listener_plugin.py
[2024-12-06T22:39:42.838-0600] {processor.py:927} WARNING - No viable dags retrieved from /home/m9d9v9/PycharmProjects/Airflow-2/Airflow-2/.venv/lib/python3.10/site-packages/airflow/example_dags/plugins/listener_plugin.py
[2024-12-06T22:39:42.846-0600] {processor.py:208} INFO - Processing /home/m9d9v9/PycharmProjects/Airflow-2/Airflow-2/.venv/lib/python3.10/site-packages/airflow/example_dags/plugins/listener_plugin.py took 0.027 seconds
[2024-12-06T22:40:42.634-0600] {processor.py:186} INFO - Started process (PID=15107) to work on /home/m9d9v9/PycharmProjects/Airflow-2/Airflow-2/.venv/lib/python3.10/site-packages/airflow/example_dags/plugins/listener_plugin.py
[2024-12-06T22:40:42.641-0600] {processor.py:914} INFO - Processing file /home/m9d9v9/PycharmProjects/Airflow-2/Airflow-2/.venv/lib/python3.10/site-packages/airflow/example_dags/plugins/listener_plugin.py for tasks to queue
[2024-12-06T22:40:42.645-0600] {logging_mixin.py:190} INFO - [2024-12-06T22:40:42.644-0600] {dagbag.py:588} INFO - Filling up the DagBag from /home/m9d9v9/PycharmProjects/Airflow-2/Airflow-2/.venv/lib/python3.10/site-packages/airflow/example_dags/plugins/listener_plugin.py
[2024-12-06T22:40:42.650-0600] {processor.py:927} WARNING - No viable dags retrieved from /home/m9d9v9/PycharmProjects/Airflow-2/Airflow-2/.venv/lib/python3.10/site-packages/airflow/example_dags/plugins/listener_plugin.py
[2024-12-06T22:40:42.670-0600] {processor.py:208} INFO - Processing /home/m9d9v9/PycharmProjects/Airflow-2/Airflow-2/.venv/lib/python3.10/site-packages/airflow/example_dags/plugins/listener_plugin.py took 0.052 seconds
[2024-12-06T23:24:59.254-0600] {processor.py:186} INFO - Started process (PID=17095) to work on /home/m9d9v9/PycharmProjects/Airflow-2/Airflow-2/.venv/lib/python3.10/site-packages/airflow/example_dags/plugins/listener_plugin.py
[2024-12-06T23:24:59.260-0600] {processor.py:914} INFO - Processing file /home/m9d9v9/PycharmProjects/Airflow-2/Airflow-2/.venv/lib/python3.10/site-packages/airflow/example_dags/plugins/listener_plugin.py for tasks to queue
[2024-12-06T23:24:59.265-0600] {logging_mixin.py:190} INFO - [2024-12-06T23:24:59.264-0600] {dagbag.py:588} INFO - Filling up the DagBag from /home/m9d9v9/PycharmProjects/Airflow-2/Airflow-2/.venv/lib/python3.10/site-packages/airflow/example_dags/plugins/listener_plugin.py
[2024-12-06T23:24:59.269-0600] {processor.py:927} WARNING - No viable dags retrieved from /home/m9d9v9/PycharmProjects/Airflow-2/Airflow-2/.venv/lib/python3.10/site-packages/airflow/example_dags/plugins/listener_plugin.py
[2024-12-06T23:24:59.292-0600] {processor.py:208} INFO - Processing /home/m9d9v9/PycharmProjects/Airflow-2/Airflow-2/.venv/lib/python3.10/site-packages/airflow/example_dags/plugins/listener_plugin.py took 0.050 seconds
[2024-12-06T23:25:55.039-0600] {processor.py:186} INFO - Started process (PID=17362) to work on /home/m9d9v9/PycharmProjects/Airflow-2/Airflow-2/.venv/lib/python3.10/site-packages/airflow/example_dags/plugins/listener_plugin.py
[2024-12-06T23:25:55.045-0600] {processor.py:914} INFO - Processing file /home/m9d9v9/PycharmProjects/Airflow-2/Airflow-2/.venv/lib/python3.10/site-packages/airflow/example_dags/plugins/listener_plugin.py for tasks to queue
[2024-12-06T23:25:55.046-0600] {logging_mixin.py:190} INFO - [2024-12-06T23:25:55.046-0600] {dagbag.py:588} INFO - Filling up the DagBag from /home/m9d9v9/PycharmProjects/Airflow-2/Airflow-2/.venv/lib/python3.10/site-packages/airflow/example_dags/plugins/listener_plugin.py
[2024-12-06T23:25:55.048-0600] {processor.py:927} WARNING - No viable dags retrieved from /home/m9d9v9/PycharmProjects/Airflow-2/Airflow-2/.venv/lib/python3.10/site-packages/airflow/example_dags/plugins/listener_plugin.py
[2024-12-06T23:25:55.057-0600] {processor.py:208} INFO - Processing /home/m9d9v9/PycharmProjects/Airflow-2/Airflow-2/.venv/lib/python3.10/site-packages/airflow/example_dags/plugins/listener_plugin.py took 0.022 seconds
[2024-12-06T23:26:51.905-0600] {processor.py:186} INFO - Started process (PID=17437) to work on /home/m9d9v9/PycharmProjects/Airflow-2/Airflow-2/.venv/lib/python3.10/site-packages/airflow/example_dags/plugins/listener_plugin.py
[2024-12-06T23:26:51.911-0600] {processor.py:914} INFO - Processing file /home/m9d9v9/PycharmProjects/Airflow-2/Airflow-2/.venv/lib/python3.10/site-packages/airflow/example_dags/plugins/listener_plugin.py for tasks to queue
[2024-12-06T23:26:51.912-0600] {logging_mixin.py:190} INFO - [2024-12-06T23:26:51.912-0600] {dagbag.py:588} INFO - Filling up the DagBag from /home/m9d9v9/PycharmProjects/Airflow-2/Airflow-2/.venv/lib/python3.10/site-packages/airflow/example_dags/plugins/listener_plugin.py
[2024-12-06T23:26:51.914-0600] {processor.py:927} WARNING - No viable dags retrieved from /home/m9d9v9/PycharmProjects/Airflow-2/Airflow-2/.venv/lib/python3.10/site-packages/airflow/example_dags/plugins/listener_plugin.py
[2024-12-06T23:26:51.925-0600] {processor.py:208} INFO - Processing /home/m9d9v9/PycharmProjects/Airflow-2/Airflow-2/.venv/lib/python3.10/site-packages/airflow/example_dags/plugins/listener_plugin.py took 0.026 seconds
[2024-12-06T23:27:48.707-0600] {processor.py:186} INFO - Started process (PID=17511) to work on /home/m9d9v9/PycharmProjects/Airflow-2/Airflow-2/.venv/lib/python3.10/site-packages/airflow/example_dags/plugins/listener_plugin.py
[2024-12-06T23:27:48.708-0600] {processor.py:914} INFO - Processing file /home/m9d9v9/PycharmProjects/Airflow-2/Airflow-2/.venv/lib/python3.10/site-packages/airflow/example_dags/plugins/listener_plugin.py for tasks to queue
[2024-12-06T23:27:48.709-0600] {logging_mixin.py:190} INFO - [2024-12-06T23:27:48.709-0600] {dagbag.py:588} INFO - Filling up the DagBag from /home/m9d9v9/PycharmProjects/Airflow-2/Airflow-2/.venv/lib/python3.10/site-packages/airflow/example_dags/plugins/listener_plugin.py
[2024-12-06T23:27:48.711-0600] {processor.py:927} WARNING - No viable dags retrieved from /home/m9d9v9/PycharmProjects/Airflow-2/Airflow-2/.venv/lib/python3.10/site-packages/airflow/example_dags/plugins/listener_plugin.py
[2024-12-06T23:27:48.720-0600] {processor.py:208} INFO - Processing /home/m9d9v9/PycharmProjects/Airflow-2/Airflow-2/.venv/lib/python3.10/site-packages/airflow/example_dags/plugins/listener_plugin.py took 0.019 seconds
[2024-12-06T23:28:46.555-0600] {processor.py:186} INFO - Started process (PID=17615) to work on /home/m9d9v9/PycharmProjects/Airflow-2/Airflow-2/.venv/lib/python3.10/site-packages/airflow/example_dags/plugins/listener_plugin.py
[2024-12-06T23:28:46.561-0600] {processor.py:914} INFO - Processing file /home/m9d9v9/PycharmProjects/Airflow-2/Airflow-2/.venv/lib/python3.10/site-packages/airflow/example_dags/plugins/listener_plugin.py for tasks to queue
[2024-12-06T23:28:46.562-0600] {logging_mixin.py:190} INFO - [2024-12-06T23:28:46.562-0600] {dagbag.py:588} INFO - Filling up the DagBag from /home/m9d9v9/PycharmProjects/Airflow-2/Airflow-2/.venv/lib/python3.10/site-packages/airflow/example_dags/plugins/listener_plugin.py
[2024-12-06T23:28:46.564-0600] {processor.py:927} WARNING - No viable dags retrieved from /home/m9d9v9/PycharmProjects/Airflow-2/Airflow-2/.venv/lib/python3.10/site-packages/airflow/example_dags/plugins/listener_plugin.py
[2024-12-06T23:28:46.571-0600] {processor.py:208} INFO - Processing /home/m9d9v9/PycharmProjects/Airflow-2/Airflow-2/.venv/lib/python3.10/site-packages/airflow/example_dags/plugins/listener_plugin.py took 0.020 seconds
[2024-12-06T23:29:42.365-0600] {processor.py:186} INFO - Started process (PID=17754) to work on /home/m9d9v9/PycharmProjects/Airflow-2/Airflow-2/.venv/lib/python3.10/site-packages/airflow/example_dags/plugins/listener_plugin.py
[2024-12-06T23:29:42.372-0600] {processor.py:914} INFO - Processing file /home/m9d9v9/PycharmProjects/Airflow-2/Airflow-2/.venv/lib/python3.10/site-packages/airflow/example_dags/plugins/listener_plugin.py for tasks to queue
[2024-12-06T23:29:42.374-0600] {logging_mixin.py:190} INFO - [2024-12-06T23:29:42.373-0600] {dagbag.py:588} INFO - Filling up the DagBag from /home/m9d9v9/PycharmProjects/Airflow-2/Airflow-2/.venv/lib/python3.10/site-packages/airflow/example_dags/plugins/listener_plugin.py
[2024-12-06T23:29:42.378-0600] {processor.py:927} WARNING - No viable dags retrieved from /home/m9d9v9/PycharmProjects/Airflow-2/Airflow-2/.venv/lib/python3.10/site-packages/airflow/example_dags/plugins/listener_plugin.py
[2024-12-06T23:29:42.397-0600] {processor.py:208} INFO - Processing /home/m9d9v9/PycharmProjects/Airflow-2/Airflow-2/.venv/lib/python3.10/site-packages/airflow/example_dags/plugins/listener_plugin.py took 0.044 seconds
[2024-12-06T23:30:38.096-0600] {processor.py:186} INFO - Started process (PID=17874) to work on /home/m9d9v9/PycharmProjects/Airflow-2/Airflow-2/.venv/lib/python3.10/site-packages/airflow/example_dags/plugins/listener_plugin.py
[2024-12-06T23:30:38.103-0600] {processor.py:914} INFO - Processing file /home/m9d9v9/PycharmProjects/Airflow-2/Airflow-2/.venv/lib/python3.10/site-packages/airflow/example_dags/plugins/listener_plugin.py for tasks to queue
[2024-12-06T23:30:38.105-0600] {logging_mixin.py:190} INFO - [2024-12-06T23:30:38.105-0600] {dagbag.py:588} INFO - Filling up the DagBag from /home/m9d9v9/PycharmProjects/Airflow-2/Airflow-2/.venv/lib/python3.10/site-packages/airflow/example_dags/plugins/listener_plugin.py
[2024-12-06T23:30:38.110-0600] {processor.py:927} WARNING - No viable dags retrieved from /home/m9d9v9/PycharmProjects/Airflow-2/Airflow-2/.venv/lib/python3.10/site-packages/airflow/example_dags/plugins/listener_plugin.py
[2024-12-06T23:30:38.125-0600] {processor.py:208} INFO - Processing /home/m9d9v9/PycharmProjects/Airflow-2/Airflow-2/.venv/lib/python3.10/site-packages/airflow/example_dags/plugins/listener_plugin.py took 0.041 seconds
[2024-12-06T23:31:35.205-0600] {processor.py:186} INFO - Started process (PID=17945) to work on /home/m9d9v9/PycharmProjects/Airflow-2/Airflow-2/.venv/lib/python3.10/site-packages/airflow/example_dags/plugins/listener_plugin.py
[2024-12-06T23:31:35.212-0600] {processor.py:914} INFO - Processing file /home/m9d9v9/PycharmProjects/Airflow-2/Airflow-2/.venv/lib/python3.10/site-packages/airflow/example_dags/plugins/listener_plugin.py for tasks to queue
[2024-12-06T23:31:35.215-0600] {logging_mixin.py:190} INFO - [2024-12-06T23:31:35.214-0600] {dagbag.py:588} INFO - Filling up the DagBag from /home/m9d9v9/PycharmProjects/Airflow-2/Airflow-2/.venv/lib/python3.10/site-packages/airflow/example_dags/plugins/listener_plugin.py
[2024-12-06T23:31:35.219-0600] {processor.py:927} WARNING - No viable dags retrieved from /home/m9d9v9/PycharmProjects/Airflow-2/Airflow-2/.venv/lib/python3.10/site-packages/airflow/example_dags/plugins/listener_plugin.py
[2024-12-06T23:31:35.237-0600] {processor.py:208} INFO - Processing /home/m9d9v9/PycharmProjects/Airflow-2/Airflow-2/.venv/lib/python3.10/site-packages/airflow/example_dags/plugins/listener_plugin.py took 0.043 seconds
[2024-12-06T23:32:34.619-0600] {processor.py:186} INFO - Started process (PID=18057) to work on /home/m9d9v9/PycharmProjects/Airflow-2/Airflow-2/.venv/lib/python3.10/site-packages/airflow/example_dags/plugins/listener_plugin.py
[2024-12-06T23:32:34.625-0600] {processor.py:914} INFO - Processing file /home/m9d9v9/PycharmProjects/Airflow-2/Airflow-2/.venv/lib/python3.10/site-packages/airflow/example_dags/plugins/listener_plugin.py for tasks to queue
[2024-12-06T23:32:34.628-0600] {logging_mixin.py:190} INFO - [2024-12-06T23:32:34.627-0600] {dagbag.py:588} INFO - Filling up the DagBag from /home/m9d9v9/PycharmProjects/Airflow-2/Airflow-2/.venv/lib/python3.10/site-packages/airflow/example_dags/plugins/listener_plugin.py
[2024-12-06T23:32:34.632-0600] {processor.py:927} WARNING - No viable dags retrieved from /home/m9d9v9/PycharmProjects/Airflow-2/Airflow-2/.venv/lib/python3.10/site-packages/airflow/example_dags/plugins/listener_plugin.py
[2024-12-06T23:32:34.650-0600] {processor.py:208} INFO - Processing /home/m9d9v9/PycharmProjects/Airflow-2/Airflow-2/.venv/lib/python3.10/site-packages/airflow/example_dags/plugins/listener_plugin.py took 0.042 seconds
[2024-12-06T23:33:30.300-0600] {processor.py:186} INFO - Started process (PID=18124) to work on /home/m9d9v9/PycharmProjects/Airflow-2/Airflow-2/.venv/lib/python3.10/site-packages/airflow/example_dags/plugins/listener_plugin.py
[2024-12-06T23:33:30.307-0600] {processor.py:914} INFO - Processing file /home/m9d9v9/PycharmProjects/Airflow-2/Airflow-2/.venv/lib/python3.10/site-packages/airflow/example_dags/plugins/listener_plugin.py for tasks to queue
[2024-12-06T23:33:30.310-0600] {logging_mixin.py:190} INFO - [2024-12-06T23:33:30.309-0600] {dagbag.py:588} INFO - Filling up the DagBag from /home/m9d9v9/PycharmProjects/Airflow-2/Airflow-2/.venv/lib/python3.10/site-packages/airflow/example_dags/plugins/listener_plugin.py
[2024-12-06T23:33:30.314-0600] {processor.py:927} WARNING - No viable dags retrieved from /home/m9d9v9/PycharmProjects/Airflow-2/Airflow-2/.venv/lib/python3.10/site-packages/airflow/example_dags/plugins/listener_plugin.py
[2024-12-06T23:33:30.332-0600] {processor.py:208} INFO - Processing /home/m9d9v9/PycharmProjects/Airflow-2/Airflow-2/.venv/lib/python3.10/site-packages/airflow/example_dags/plugins/listener_plugin.py took 0.043 seconds
[2024-12-06T23:34:26.335-0600] {processor.py:186} INFO - Started process (PID=18193) to work on /home/m9d9v9/PycharmProjects/Airflow-2/Airflow-2/.venv/lib/python3.10/site-packages/airflow/example_dags/plugins/listener_plugin.py
[2024-12-06T23:34:26.342-0600] {processor.py:914} INFO - Processing file /home/m9d9v9/PycharmProjects/Airflow-2/Airflow-2/.venv/lib/python3.10/site-packages/airflow/example_dags/plugins/listener_plugin.py for tasks to queue
[2024-12-06T23:34:26.344-0600] {logging_mixin.py:190} INFO - [2024-12-06T23:34:26.343-0600] {dagbag.py:588} INFO - Filling up the DagBag from /home/m9d9v9/PycharmProjects/Airflow-2/Airflow-2/.venv/lib/python3.10/site-packages/airflow/example_dags/plugins/listener_plugin.py
[2024-12-06T23:34:26.348-0600] {processor.py:927} WARNING - No viable dags retrieved from /home/m9d9v9/PycharmProjects/Airflow-2/Airflow-2/.venv/lib/python3.10/site-packages/airflow/example_dags/plugins/listener_plugin.py
[2024-12-06T23:34:26.367-0600] {processor.py:208} INFO - Processing /home/m9d9v9/PycharmProjects/Airflow-2/Airflow-2/.venv/lib/python3.10/site-packages/airflow/example_dags/plugins/listener_plugin.py took 0.043 seconds
[2024-12-06T23:35:28.845-0600] {processor.py:186} INFO - Started process (PID=18329) to work on /home/m9d9v9/PycharmProjects/Airflow-2/Airflow-2/.venv/lib/python3.10/site-packages/airflow/example_dags/plugins/listener_plugin.py
[2024-12-06T23:35:28.851-0600] {processor.py:914} INFO - Processing file /home/m9d9v9/PycharmProjects/Airflow-2/Airflow-2/.venv/lib/python3.10/site-packages/airflow/example_dags/plugins/listener_plugin.py for tasks to queue
[2024-12-06T23:35:28.853-0600] {logging_mixin.py:190} INFO - [2024-12-06T23:35:28.853-0600] {dagbag.py:588} INFO - Filling up the DagBag from /home/m9d9v9/PycharmProjects/Airflow-2/Airflow-2/.venv/lib/python3.10/site-packages/airflow/example_dags/plugins/listener_plugin.py
[2024-12-06T23:35:28.858-0600] {processor.py:927} WARNING - No viable dags retrieved from /home/m9d9v9/PycharmProjects/Airflow-2/Airflow-2/.venv/lib/python3.10/site-packages/airflow/example_dags/plugins/listener_plugin.py
[2024-12-06T23:35:28.876-0600] {processor.py:208} INFO - Processing /home/m9d9v9/PycharmProjects/Airflow-2/Airflow-2/.venv/lib/python3.10/site-packages/airflow/example_dags/plugins/listener_plugin.py took 0.043 seconds
[2024-12-06T23:36:32.853-0600] {processor.py:186} INFO - Started process (PID=18404) to work on /home/m9d9v9/PycharmProjects/Airflow-2/Airflow-2/.venv/lib/python3.10/site-packages/airflow/example_dags/plugins/listener_plugin.py
[2024-12-06T23:36:32.860-0600] {processor.py:914} INFO - Processing file /home/m9d9v9/PycharmProjects/Airflow-2/Airflow-2/.venv/lib/python3.10/site-packages/airflow/example_dags/plugins/listener_plugin.py for tasks to queue
[2024-12-06T23:36:32.863-0600] {logging_mixin.py:190} INFO - [2024-12-06T23:36:32.862-0600] {dagbag.py:588} INFO - Filling up the DagBag from /home/m9d9v9/PycharmProjects/Airflow-2/Airflow-2/.venv/lib/python3.10/site-packages/airflow/example_dags/plugins/listener_plugin.py
[2024-12-06T23:36:32.867-0600] {processor.py:927} WARNING - No viable dags retrieved from /home/m9d9v9/PycharmProjects/Airflow-2/Airflow-2/.venv/lib/python3.10/site-packages/airflow/example_dags/plugins/listener_plugin.py
[2024-12-06T23:36:32.884-0600] {processor.py:208} INFO - Processing /home/m9d9v9/PycharmProjects/Airflow-2/Airflow-2/.venv/lib/python3.10/site-packages/airflow/example_dags/plugins/listener_plugin.py took 0.043 seconds
[2024-12-06T23:37:34.233-0600] {processor.py:186} INFO - Started process (PID=18685) to work on /home/m9d9v9/PycharmProjects/Airflow-2/Airflow-2/.venv/lib/python3.10/site-packages/airflow/example_dags/plugins/listener_plugin.py
[2024-12-06T23:37:34.238-0600] {processor.py:914} INFO - Processing file /home/m9d9v9/PycharmProjects/Airflow-2/Airflow-2/.venv/lib/python3.10/site-packages/airflow/example_dags/plugins/listener_plugin.py for tasks to queue
[2024-12-06T23:37:34.239-0600] {logging_mixin.py:190} INFO - [2024-12-06T23:37:34.239-0600] {dagbag.py:588} INFO - Filling up the DagBag from /home/m9d9v9/PycharmProjects/Airflow-2/Airflow-2/.venv/lib/python3.10/site-packages/airflow/example_dags/plugins/listener_plugin.py
[2024-12-06T23:37:34.241-0600] {processor.py:927} WARNING - No viable dags retrieved from /home/m9d9v9/PycharmProjects/Airflow-2/Airflow-2/.venv/lib/python3.10/site-packages/airflow/example_dags/plugins/listener_plugin.py
[2024-12-06T23:37:34.251-0600] {processor.py:208} INFO - Processing /home/m9d9v9/PycharmProjects/Airflow-2/Airflow-2/.venv/lib/python3.10/site-packages/airflow/example_dags/plugins/listener_plugin.py took 0.022 seconds
[2024-12-06T23:38:33.275-0600] {processor.py:186} INFO - Started process (PID=18820) to work on /home/m9d9v9/PycharmProjects/Airflow-2/Airflow-2/.venv/lib/python3.10/site-packages/airflow/example_dags/plugins/listener_plugin.py
[2024-12-06T23:38:33.281-0600] {processor.py:914} INFO - Processing file /home/m9d9v9/PycharmProjects/Airflow-2/Airflow-2/.venv/lib/python3.10/site-packages/airflow/example_dags/plugins/listener_plugin.py for tasks to queue
[2024-12-06T23:38:33.283-0600] {logging_mixin.py:190} INFO - [2024-12-06T23:38:33.282-0600] {dagbag.py:588} INFO - Filling up the DagBag from /home/m9d9v9/PycharmProjects/Airflow-2/Airflow-2/.venv/lib/python3.10/site-packages/airflow/example_dags/plugins/listener_plugin.py
[2024-12-06T23:38:33.285-0600] {processor.py:927} WARNING - No viable dags retrieved from /home/m9d9v9/PycharmProjects/Airflow-2/Airflow-2/.venv/lib/python3.10/site-packages/airflow/example_dags/plugins/listener_plugin.py
[2024-12-06T23:38:33.299-0600] {processor.py:208} INFO - Processing /home/m9d9v9/PycharmProjects/Airflow-2/Airflow-2/.venv/lib/python3.10/site-packages/airflow/example_dags/plugins/listener_plugin.py took 0.032 seconds
[2024-12-06T23:39:39.353-0600] {processor.py:186} INFO - Started process (PID=19067) to work on /home/m9d9v9/PycharmProjects/Airflow-2/Airflow-2/.venv/lib/python3.10/site-packages/airflow/example_dags/plugins/listener_plugin.py
[2024-12-06T23:39:39.355-0600] {processor.py:914} INFO - Processing file /home/m9d9v9/PycharmProjects/Airflow-2/Airflow-2/.venv/lib/python3.10/site-packages/airflow/example_dags/plugins/listener_plugin.py for tasks to queue
[2024-12-06T23:39:39.356-0600] {logging_mixin.py:190} INFO - [2024-12-06T23:39:39.356-0600] {dagbag.py:588} INFO - Filling up the DagBag from /home/m9d9v9/PycharmProjects/Airflow-2/Airflow-2/.venv/lib/python3.10/site-packages/airflow/example_dags/plugins/listener_plugin.py
[2024-12-06T23:39:39.358-0600] {processor.py:927} WARNING - No viable dags retrieved from /home/m9d9v9/PycharmProjects/Airflow-2/Airflow-2/.venv/lib/python3.10/site-packages/airflow/example_dags/plugins/listener_plugin.py
[2024-12-06T23:39:39.368-0600] {processor.py:208} INFO - Processing /home/m9d9v9/PycharmProjects/Airflow-2/Airflow-2/.venv/lib/python3.10/site-packages/airflow/example_dags/plugins/listener_plugin.py took 0.021 seconds
[2024-12-06T23:40:36.622-0600] {processor.py:186} INFO - Started process (PID=19256) to work on /home/m9d9v9/PycharmProjects/Airflow-2/Airflow-2/.venv/lib/python3.10/site-packages/airflow/example_dags/plugins/listener_plugin.py
[2024-12-06T23:40:36.628-0600] {processor.py:914} INFO - Processing file /home/m9d9v9/PycharmProjects/Airflow-2/Airflow-2/.venv/lib/python3.10/site-packages/airflow/example_dags/plugins/listener_plugin.py for tasks to queue
[2024-12-06T23:40:36.631-0600] {logging_mixin.py:190} INFO - [2024-12-06T23:40:36.630-0600] {dagbag.py:588} INFO - Filling up the DagBag from /home/m9d9v9/PycharmProjects/Airflow-2/Airflow-2/.venv/lib/python3.10/site-packages/airflow/example_dags/plugins/listener_plugin.py
[2024-12-06T23:40:36.635-0600] {processor.py:927} WARNING - No viable dags retrieved from /home/m9d9v9/PycharmProjects/Airflow-2/Airflow-2/.venv/lib/python3.10/site-packages/airflow/example_dags/plugins/listener_plugin.py
[2024-12-06T23:40:36.648-0600] {processor.py:208} INFO - Processing /home/m9d9v9/PycharmProjects/Airflow-2/Airflow-2/.venv/lib/python3.10/site-packages/airflow/example_dags/plugins/listener_plugin.py took 0.030 seconds
[2024-12-06T23:41:29.613-0600] {processor.py:186} INFO - Started process (PID=19343) to work on /home/m9d9v9/PycharmProjects/Airflow-2/Airflow-2/.venv/lib/python3.10/site-packages/airflow/example_dags/plugins/listener_plugin.py
[2024-12-06T23:41:29.622-0600] {processor.py:914} INFO - Processing file /home/m9d9v9/PycharmProjects/Airflow-2/Airflow-2/.venv/lib/python3.10/site-packages/airflow/example_dags/plugins/listener_plugin.py for tasks to queue
[2024-12-06T23:41:29.625-0600] {logging_mixin.py:190} INFO - [2024-12-06T23:41:29.624-0600] {dagbag.py:588} INFO - Filling up the DagBag from /home/m9d9v9/PycharmProjects/Airflow-2/Airflow-2/.venv/lib/python3.10/site-packages/airflow/example_dags/plugins/listener_plugin.py
[2024-12-06T23:41:29.627-0600] {processor.py:927} WARNING - No viable dags retrieved from /home/m9d9v9/PycharmProjects/Airflow-2/Airflow-2/.venv/lib/python3.10/site-packages/airflow/example_dags/plugins/listener_plugin.py
[2024-12-06T23:41:29.639-0600] {processor.py:208} INFO - Processing /home/m9d9v9/PycharmProjects/Airflow-2/Airflow-2/.venv/lib/python3.10/site-packages/airflow/example_dags/plugins/listener_plugin.py took 0.032 seconds
