[2024-12-06T22:22:45.652-0600] {local_task_job_runner.py:123} INFO - ::group::Pre task execution logs
[2024-12-06T22:22:45.658-0600] {taskinstance.py:2613} INFO - Dependencies all met for dep_context=non-requeueable deps ti=<TaskInstance: example_bash_operator.this_will_skip scheduled__2024-12-06T00:00:00+00:00 [queued]>
[2024-12-06T22:22:45.661-0600] {taskinstance.py:2613} INFO - Dependencies all met for dep_context=requeueable deps ti=<TaskInstance: example_bash_operator.this_will_skip scheduled__2024-12-06T00:00:00+00:00 [queued]>
[2024-12-06T22:22:45.662-0600] {taskinstance.py:2866} INFO - Starting attempt 1 of 1
[2024-12-06T22:22:45.670-0600] {taskinstance.py:2889} INFO - Executing <Task(BashOperator): this_will_skip> on 2024-12-06 00:00:00+00:00
[2024-12-06T22:22:45.672-0600] {standard_task_runner.py:72} INFO - Started process 12891 to run task
[2024-12-06T22:22:45.675-0600] {standard_task_runner.py:104} INFO - Running: ['airflow', 'tasks', 'run', 'example_bash_operator', 'this_will_skip', 'scheduled__2024-12-06T00:00:00+00:00', '--job-id', '7', '--raw', '--subdir', '/home/m9d9v9/PycharmProjects/Airflow-2/Airflow-2/.venv/lib/python3.10/site-packages/airflow/example_dags/example_bash_operator.py', '--cfg-path', '/tmp/tmpwyvmls4w']
[2024-12-06T22:22:45.675-0600] {standard_task_runner.py:105} INFO - Job 7: Subtask this_will_skip
[2024-12-06T22:22:45.701-0600] {task_command.py:467} INFO - Running <TaskInstance: example_bash_operator.this_will_skip scheduled__2024-12-06T00:00:00+00:00 [running]> on host m9dv9
[2024-12-06T22:22:45.735-0600] {taskinstance.py:3132} INFO - Exporting env vars: AIRFLOW_CTX_DAG_OWNER='airflow' AIRFLOW_CTX_DAG_ID='example_bash_operator' AIRFLOW_CTX_TASK_ID='this_will_skip' AIRFLOW_CTX_EXECUTION_DATE='2024-12-06T00:00:00+00:00' AIRFLOW_CTX_TRY_NUMBER='1' AIRFLOW_CTX_DAG_RUN_ID='scheduled__2024-12-06T00:00:00+00:00'
[2024-12-06T22:22:45.736-0600] {logging_mixin.py:190} INFO - Task instance is in running state
[2024-12-06T22:22:45.736-0600] {logging_mixin.py:190} INFO -  Previous state of the Task instance: queued
[2024-12-06T22:22:45.736-0600] {logging_mixin.py:190} INFO - Current task name:this_will_skip state:running start_date:2024-12-07 04:22:45.658424+00:00
[2024-12-06T22:22:45.736-0600] {logging_mixin.py:190} INFO - Dag name:example_bash_operator and current dag run status:running
[2024-12-06T22:22:45.736-0600] {taskinstance.py:731} INFO - ::endgroup::
[2024-12-06T22:22:45.737-0600] {subprocess.py:78} INFO - Tmp dir root location: /tmp
[2024-12-06T22:22:45.737-0600] {subprocess.py:88} INFO - Running command: ['/usr/bin/bash', '-c', 'echo "hello world"; exit 99;']
[2024-12-06T22:22:45.743-0600] {subprocess.py:99} INFO - Output:
[2024-12-06T22:22:45.744-0600] {subprocess.py:106} INFO - hello world
[2024-12-06T22:22:45.744-0600] {subprocess.py:110} INFO - Command exited with return code 99
[2024-12-06T22:22:45.745-0600] {taskinstance.py:301} INFO - Bash command returned exit code 99. Skipping.
[2024-12-06T22:22:45.754-0600] {taskinstance.py:340} INFO - ::group::Post task execution logs
[2024-12-06T22:22:45.755-0600] {taskinstance.py:352} INFO - Marking task as SKIPPED. dag_id=example_bash_operator, task_id=this_will_skip, run_id=scheduled__2024-12-06T00:00:00+00:00, execution_date=20241206T000000, start_date=20241207T042245, end_date=20241207T042245
[2024-12-06T22:22:45.807-0600] {local_task_job_runner.py:266} INFO - Task exited with return code 0
[2024-12-06T22:22:45.821-0600] {taskinstance.py:3895} INFO - 0 downstream tasks scheduled from follow-on schedule check
[2024-12-06T22:22:45.826-0600] {local_task_job_runner.py:245} INFO - ::endgroup::
