[2024-12-06T23:39:55.644-0600] {local_task_job_runner.py:123} INFO - ::group::Pre task execution logs
[2024-12-06T23:39:55.649-0600] {taskinstance.py:2613} INFO - Dependencies all met for dep_context=non-requeueable deps ti=<TaskInstance: reddit_dag.s3_upload manual__2024-12-07T05:38:37.768905+00:00 [queued]>
[2024-12-06T23:39:55.652-0600] {taskinstance.py:2613} INFO - Dependencies all met for dep_context=requeueable deps ti=<TaskInstance: reddit_dag.s3_upload manual__2024-12-07T05:38:37.768905+00:00 [queued]>
[2024-12-06T23:39:55.653-0600] {taskinstance.py:2866} INFO - Starting attempt 2 of 2
[2024-12-06T23:39:55.666-0600] {taskinstance.py:2889} INFO - Executing <Task(PythonOperator): s3_upload> on 2024-12-07 05:38:37.768905+00:00
[2024-12-06T23:39:55.669-0600] {standard_task_runner.py:72} INFO - Started process 19126 to run task
[2024-12-06T23:39:55.672-0600] {standard_task_runner.py:104} INFO - Running: ['airflow', 'tasks', 'run', 'reddit_dag', 's3_upload', 'manual__2024-12-07T05:38:37.768905+00:00', '--job-id', '17', '--raw', '--subdir', 'DAGS_FOLDER/reddit_dag.py', '--cfg-path', '/tmp/tmpuxyc30o5']
[2024-12-06T23:39:55.672-0600] {standard_task_runner.py:105} INFO - Job 17: Subtask s3_upload
[2024-12-06T23:39:55.694-0600] {task_command.py:467} INFO - Running <TaskInstance: reddit_dag.s3_upload manual__2024-12-07T05:38:37.768905+00:00 [running]> on host m9dv9
[2024-12-06T23:39:55.727-0600] {taskinstance.py:3132} INFO - Exporting env vars: AIRFLOW_CTX_DAG_OWNER='Misael' AIRFLOW_CTX_DAG_ID='reddit_dag' AIRFLOW_CTX_TASK_ID='s3_upload' AIRFLOW_CTX_EXECUTION_DATE='2024-12-07T05:38:37.768905+00:00' AIRFLOW_CTX_TRY_NUMBER='2' AIRFLOW_CTX_DAG_RUN_ID='manual__2024-12-07T05:38:37.768905+00:00'
[2024-12-06T23:39:55.728-0600] {logging_mixin.py:190} INFO - Task instance is in running state
[2024-12-06T23:39:55.728-0600] {logging_mixin.py:190} INFO -  Previous state of the Task instance: queued
[2024-12-06T23:39:55.728-0600] {logging_mixin.py:190} INFO - Current task name:s3_upload state:running start_date:2024-12-07 05:39:55.650056+00:00
[2024-12-06T23:39:55.729-0600] {logging_mixin.py:190} INFO - Dag name:reddit_dag and current dag run status:running
[2024-12-06T23:39:55.729-0600] {taskinstance.py:731} INFO - ::endgroup::
[2024-12-06T23:39:56.359-0600] {logging_mixin.py:190} INFO - Bucket exists
[2024-12-06T23:39:56.736-0600] {logging_mixin.py:190} INFO - File uploaded
[2024-12-06T23:39:56.736-0600] {python.py:240} INFO - Done. Returned value was: None
[2024-12-06T23:39:56.740-0600] {taskinstance.py:340} INFO - ::group::Post task execution logs
[2024-12-06T23:39:56.741-0600] {taskinstance.py:352} INFO - Marking task as SUCCESS. dag_id=reddit_dag, task_id=s3_upload, run_id=manual__2024-12-07T05:38:37.768905+00:00, execution_date=20241207T053837, start_date=20241207T053955, end_date=20241207T053956
[2024-12-06T23:39:56.754-0600] {logging_mixin.py:190} INFO - Task instance in success state
[2024-12-06T23:39:56.754-0600] {logging_mixin.py:190} INFO -  Previous state of the Task instance: running
[2024-12-06T23:39:56.754-0600] {logging_mixin.py:190} INFO - Dag name:reddit_dag queued_at:2024-12-07 05:39:54.090012+00:00
[2024-12-06T23:39:56.754-0600] {logging_mixin.py:190} INFO - Task hostname:m9dv9 operator:PythonOperator
[2024-12-06T23:39:56.807-0600] {local_task_job_runner.py:266} INFO - Task exited with return code 0
[2024-12-06T23:39:56.819-0600] {taskinstance.py:3895} INFO - 0 downstream tasks scheduled from follow-on schedule check
[2024-12-06T23:39:56.820-0600] {local_task_job_runner.py:245} INFO - ::endgroup::
