[2024-12-06T23:38:40.431-0600] {local_task_job_runner.py:123} INFO - ::group::Pre task execution logs
[2024-12-06T23:38:40.436-0600] {taskinstance.py:2613} INFO - Dependencies all met for dep_context=non-requeueable deps ti=<TaskInstance: reddit_dag.reddit_extraction manual__2024-12-07T05:38:37.768905+00:00 [queued]>
[2024-12-06T23:38:40.440-0600] {taskinstance.py:2613} INFO - Dependencies all met for dep_context=requeueable deps ti=<TaskInstance: reddit_dag.reddit_extraction manual__2024-12-07T05:38:37.768905+00:00 [queued]>
[2024-12-06T23:38:40.440-0600] {taskinstance.py:2866} INFO - Starting attempt 1 of 1
[2024-12-06T23:38:40.447-0600] {taskinstance.py:2889} INFO - Executing <Task(PythonOperator): reddit_extraction> on 2024-12-07 05:38:37.768905+00:00
[2024-12-06T23:38:40.450-0600] {standard_task_runner.py:72} INFO - Started process 18850 to run task
[2024-12-06T23:38:40.453-0600] {standard_task_runner.py:104} INFO - Running: ['airflow', 'tasks', 'run', 'reddit_dag', 'reddit_extraction', 'manual__2024-12-07T05:38:37.768905+00:00', '--job-id', '15', '--raw', '--subdir', 'DAGS_FOLDER/reddit_dag.py', '--cfg-path', '/tmp/tmpsxus93xk']
[2024-12-06T23:38:40.454-0600] {standard_task_runner.py:105} INFO - Job 15: Subtask reddit_extraction
[2024-12-06T23:38:40.477-0600] {task_command.py:467} INFO - Running <TaskInstance: reddit_dag.reddit_extraction manual__2024-12-07T05:38:37.768905+00:00 [running]> on host m9dv9
[2024-12-06T23:38:40.515-0600] {taskinstance.py:3132} INFO - Exporting env vars: AIRFLOW_CTX_DAG_OWNER='Misael' AIRFLOW_CTX_DAG_ID='reddit_dag' AIRFLOW_CTX_TASK_ID='reddit_extraction' AIRFLOW_CTX_EXECUTION_DATE='2024-12-07T05:38:37.768905+00:00' AIRFLOW_CTX_TRY_NUMBER='1' AIRFLOW_CTX_DAG_RUN_ID='manual__2024-12-07T05:38:37.768905+00:00'
[2024-12-06T23:38:40.516-0600] {logging_mixin.py:190} INFO - Task instance is in running state
[2024-12-06T23:38:40.516-0600] {logging_mixin.py:190} INFO -  Previous state of the Task instance: queued
[2024-12-06T23:38:40.516-0600] {logging_mixin.py:190} INFO - Current task name:reddit_extraction state:running start_date:2024-12-07 05:38:40.437144+00:00
[2024-12-06T23:38:40.516-0600] {logging_mixin.py:190} INFO - Dag name:reddit_dag and current dag run status:running
[2024-12-06T23:38:40.516-0600] {taskinstance.py:731} INFO - ::endgroup::
[2024-12-06T23:38:40.518-0600] {logging_mixin.py:190} INFO - Connected!
[2024-12-06T23:38:42.370-0600] {python.py:240} INFO - Done. Returned value was: dags/data/output/reddit_20241206.csv
[2024-12-06T23:38:42.380-0600] {taskinstance.py:340} INFO - ::group::Post task execution logs
[2024-12-06T23:38:42.380-0600] {taskinstance.py:352} INFO - Marking task as SUCCESS. dag_id=reddit_dag, task_id=reddit_extraction, run_id=manual__2024-12-07T05:38:37.768905+00:00, execution_date=20241207T053837, start_date=20241207T053840, end_date=20241207T053842
[2024-12-06T23:38:42.385-0600] {logging_mixin.py:190} INFO - Task instance in success state
[2024-12-06T23:38:42.385-0600] {logging_mixin.py:190} INFO -  Previous state of the Task instance: running
[2024-12-06T23:38:42.386-0600] {logging_mixin.py:190} INFO - Dag name:reddit_dag queued_at:2024-12-07 05:38:37.781862+00:00
[2024-12-06T23:38:42.386-0600] {logging_mixin.py:190} INFO - Task hostname:m9dv9 operator:PythonOperator
[2024-12-06T23:38:42.431-0600] {local_task_job_runner.py:266} INFO - Task exited with return code 0
[2024-12-06T23:38:42.442-0600] {taskinstance.py:3895} INFO - 1 downstream tasks scheduled from follow-on schedule check
[2024-12-06T23:38:42.445-0600] {local_task_job_runner.py:245} INFO - ::endgroup::
