[2024-12-06T22:18:22.120-0600] {processor.py:186} INFO - Started process (PID=12326) to work on /home/m9d9v9/PycharmProjects/Airflow-2/Airflow-2/.venv/lib/python3.10/site-packages/airflow/example_dags/plugins/workday.py
[2024-12-06T22:18:22.121-0600] {processor.py:914} INFO - Processing file /home/m9d9v9/PycharmProjects/Airflow-2/Airflow-2/.venv/lib/python3.10/site-packages/airflow/example_dags/plugins/workday.py for tasks to queue
[2024-12-06T22:18:22.125-0600] {logging_mixin.py:190} INFO - [2024-12-06T22:18:22.124-0600] {dagbag.py:588} INFO - Filling up the DagBag from /home/m9d9v9/PycharmProjects/Airflow-2/Airflow-2/.venv/lib/python3.10/site-packages/airflow/example_dags/plugins/workday.py
[2024-12-06T22:18:22.131-0600] {logging_mixin.py:190} INFO - [2024-12-06T22:18:22.131-0600] {workday.py:41} WARNING - Could not import pandas. Holidays will not be considered.
[2024-12-06T22:18:22.132-0600] {processor.py:927} WARNING - No viable dags retrieved from /home/m9d9v9/PycharmProjects/Airflow-2/Airflow-2/.venv/lib/python3.10/site-packages/airflow/example_dags/plugins/workday.py
[2024-12-06T22:18:22.151-0600] {processor.py:208} INFO - Processing /home/m9d9v9/PycharmProjects/Airflow-2/Airflow-2/.venv/lib/python3.10/site-packages/airflow/example_dags/plugins/workday.py took 0.043 seconds
[2024-12-06T22:19:27.980-0600] {processor.py:186} INFO - Started process (PID=12568) to work on /home/m9d9v9/PycharmProjects/Airflow-2/Airflow-2/.venv/lib/python3.10/site-packages/airflow/example_dags/plugins/workday.py
[2024-12-06T22:19:27.984-0600] {processor.py:914} INFO - Processing file /home/m9d9v9/PycharmProjects/Airflow-2/Airflow-2/.venv/lib/python3.10/site-packages/airflow/example_dags/plugins/workday.py for tasks to queue
[2024-12-06T22:19:27.989-0600] {logging_mixin.py:190} INFO - [2024-12-06T22:19:27.988-0600] {dagbag.py:588} INFO - Filling up the DagBag from /home/m9d9v9/PycharmProjects/Airflow-2/Airflow-2/.venv/lib/python3.10/site-packages/airflow/example_dags/plugins/workday.py
[2024-12-06T22:19:27.998-0600] {logging_mixin.py:190} INFO - [2024-12-06T22:19:27.997-0600] {workday.py:41} WARNING - Could not import pandas. Holidays will not be considered.
[2024-12-06T22:19:27.999-0600] {processor.py:927} WARNING - No viable dags retrieved from /home/m9d9v9/PycharmProjects/Airflow-2/Airflow-2/.venv/lib/python3.10/site-packages/airflow/example_dags/plugins/workday.py
[2024-12-06T22:19:28.020-0600] {processor.py:208} INFO - Processing /home/m9d9v9/PycharmProjects/Airflow-2/Airflow-2/.venv/lib/python3.10/site-packages/airflow/example_dags/plugins/workday.py took 0.058 seconds
[2024-12-06T22:20:23.245-0600] {processor.py:186} INFO - Started process (PID=12655) to work on /home/m9d9v9/PycharmProjects/Airflow-2/Airflow-2/.venv/lib/python3.10/site-packages/airflow/example_dags/plugins/workday.py
[2024-12-06T22:20:23.251-0600] {processor.py:914} INFO - Processing file /home/m9d9v9/PycharmProjects/Airflow-2/Airflow-2/.venv/lib/python3.10/site-packages/airflow/example_dags/plugins/workday.py for tasks to queue
[2024-12-06T22:20:23.253-0600] {logging_mixin.py:190} INFO - [2024-12-06T22:20:23.253-0600] {dagbag.py:588} INFO - Filling up the DagBag from /home/m9d9v9/PycharmProjects/Airflow-2/Airflow-2/.venv/lib/python3.10/site-packages/airflow/example_dags/plugins/workday.py
[2024-12-06T22:20:23.256-0600] {logging_mixin.py:190} INFO - [2024-12-06T22:20:23.256-0600] {workday.py:41} WARNING - Could not import pandas. Holidays will not be considered.
[2024-12-06T22:20:23.256-0600] {processor.py:927} WARNING - No viable dags retrieved from /home/m9d9v9/PycharmProjects/Airflow-2/Airflow-2/.venv/lib/python3.10/site-packages/airflow/example_dags/plugins/workday.py
[2024-12-06T22:20:23.264-0600] {processor.py:208} INFO - Processing /home/m9d9v9/PycharmProjects/Airflow-2/Airflow-2/.venv/lib/python3.10/site-packages/airflow/example_dags/plugins/workday.py took 0.023 seconds
[2024-12-06T22:21:16.227-0600] {processor.py:186} INFO - Started process (PID=12721) to work on /home/m9d9v9/PycharmProjects/Airflow-2/Airflow-2/.venv/lib/python3.10/site-packages/airflow/example_dags/plugins/workday.py
[2024-12-06T22:21:16.233-0600] {processor.py:914} INFO - Processing file /home/m9d9v9/PycharmProjects/Airflow-2/Airflow-2/.venv/lib/python3.10/site-packages/airflow/example_dags/plugins/workday.py for tasks to queue
[2024-12-06T22:21:16.235-0600] {logging_mixin.py:190} INFO - [2024-12-06T22:21:16.235-0600] {dagbag.py:588} INFO - Filling up the DagBag from /home/m9d9v9/PycharmProjects/Airflow-2/Airflow-2/.venv/lib/python3.10/site-packages/airflow/example_dags/plugins/workday.py
[2024-12-06T22:21:16.238-0600] {logging_mixin.py:190} INFO - [2024-12-06T22:21:16.237-0600] {workday.py:41} WARNING - Could not import pandas. Holidays will not be considered.
[2024-12-06T22:21:16.238-0600] {processor.py:927} WARNING - No viable dags retrieved from /home/m9d9v9/PycharmProjects/Airflow-2/Airflow-2/.venv/lib/python3.10/site-packages/airflow/example_dags/plugins/workday.py
[2024-12-06T22:21:16.246-0600] {processor.py:208} INFO - Processing /home/m9d9v9/PycharmProjects/Airflow-2/Airflow-2/.venv/lib/python3.10/site-packages/airflow/example_dags/plugins/workday.py took 0.024 seconds
[2024-12-06T22:22:12.245-0600] {processor.py:186} INFO - Started process (PID=12800) to work on /home/m9d9v9/PycharmProjects/Airflow-2/Airflow-2/.venv/lib/python3.10/site-packages/airflow/example_dags/plugins/workday.py
[2024-12-06T22:22:12.251-0600] {processor.py:914} INFO - Processing file /home/m9d9v9/PycharmProjects/Airflow-2/Airflow-2/.venv/lib/python3.10/site-packages/airflow/example_dags/plugins/workday.py for tasks to queue
[2024-12-06T22:22:12.256-0600] {logging_mixin.py:190} INFO - [2024-12-06T22:22:12.255-0600] {dagbag.py:588} INFO - Filling up the DagBag from /home/m9d9v9/PycharmProjects/Airflow-2/Airflow-2/.venv/lib/python3.10/site-packages/airflow/example_dags/plugins/workday.py
[2024-12-06T22:22:12.261-0600] {logging_mixin.py:190} INFO - [2024-12-06T22:22:12.261-0600] {workday.py:41} WARNING - Could not import pandas. Holidays will not be considered.
[2024-12-06T22:22:12.262-0600] {processor.py:927} WARNING - No viable dags retrieved from /home/m9d9v9/PycharmProjects/Airflow-2/Airflow-2/.venv/lib/python3.10/site-packages/airflow/example_dags/plugins/workday.py
[2024-12-06T22:22:12.281-0600] {processor.py:208} INFO - Processing /home/m9d9v9/PycharmProjects/Airflow-2/Airflow-2/.venv/lib/python3.10/site-packages/airflow/example_dags/plugins/workday.py took 0.049 seconds
[2024-12-06T22:22:53.525-0600] {processor.py:186} INFO - Started process (PID=12907) to work on /home/m9d9v9/PycharmProjects/Airflow-2/Airflow-2/.venv/lib/python3.10/site-packages/airflow/example_dags/plugins/workday.py
[2024-12-06T22:22:53.531-0600] {processor.py:914} INFO - Processing file /home/m9d9v9/PycharmProjects/Airflow-2/Airflow-2/.venv/lib/python3.10/site-packages/airflow/example_dags/plugins/workday.py for tasks to queue
[2024-12-06T22:22:53.533-0600] {logging_mixin.py:190} INFO - [2024-12-06T22:22:53.533-0600] {dagbag.py:588} INFO - Filling up the DagBag from /home/m9d9v9/PycharmProjects/Airflow-2/Airflow-2/.venv/lib/python3.10/site-packages/airflow/example_dags/plugins/workday.py
[2024-12-06T22:22:53.536-0600] {logging_mixin.py:190} INFO - [2024-12-06T22:22:53.536-0600] {workday.py:41} WARNING - Could not import pandas. Holidays will not be considered.
[2024-12-06T22:22:53.537-0600] {processor.py:927} WARNING - No viable dags retrieved from /home/m9d9v9/PycharmProjects/Airflow-2/Airflow-2/.venv/lib/python3.10/site-packages/airflow/example_dags/plugins/workday.py
[2024-12-06T22:22:53.550-0600] {processor.py:208} INFO - Processing /home/m9d9v9/PycharmProjects/Airflow-2/Airflow-2/.venv/lib/python3.10/site-packages/airflow/example_dags/plugins/workday.py took 0.030 seconds
[2024-12-06T22:23:31.539-0600] {processor.py:186} INFO - Started process (PID=12962) to work on /home/m9d9v9/PycharmProjects/Airflow-2/Airflow-2/.venv/lib/python3.10/site-packages/airflow/example_dags/plugins/workday.py
[2024-12-06T22:23:31.546-0600] {processor.py:914} INFO - Processing file /home/m9d9v9/PycharmProjects/Airflow-2/Airflow-2/.venv/lib/python3.10/site-packages/airflow/example_dags/plugins/workday.py for tasks to queue
[2024-12-06T22:23:31.548-0600] {logging_mixin.py:190} INFO - [2024-12-06T22:23:31.547-0600] {dagbag.py:588} INFO - Filling up the DagBag from /home/m9d9v9/PycharmProjects/Airflow-2/Airflow-2/.venv/lib/python3.10/site-packages/airflow/example_dags/plugins/workday.py
[2024-12-06T22:23:31.550-0600] {logging_mixin.py:190} INFO - [2024-12-06T22:23:31.550-0600] {workday.py:41} WARNING - Could not import pandas. Holidays will not be considered.
[2024-12-06T22:23:31.550-0600] {processor.py:927} WARNING - No viable dags retrieved from /home/m9d9v9/PycharmProjects/Airflow-2/Airflow-2/.venv/lib/python3.10/site-packages/airflow/example_dags/plugins/workday.py
[2024-12-06T22:23:31.558-0600] {processor.py:208} INFO - Processing /home/m9d9v9/PycharmProjects/Airflow-2/Airflow-2/.venv/lib/python3.10/site-packages/airflow/example_dags/plugins/workday.py took 0.032 seconds
[2024-12-06T22:24:25.685-0600] {processor.py:186} INFO - Started process (PID=13028) to work on /home/m9d9v9/PycharmProjects/Airflow-2/Airflow-2/.venv/lib/python3.10/site-packages/airflow/example_dags/plugins/workday.py
[2024-12-06T22:24:25.691-0600] {processor.py:914} INFO - Processing file /home/m9d9v9/PycharmProjects/Airflow-2/Airflow-2/.venv/lib/python3.10/site-packages/airflow/example_dags/plugins/workday.py for tasks to queue
[2024-12-06T22:24:25.693-0600] {logging_mixin.py:190} INFO - [2024-12-06T22:24:25.692-0600] {dagbag.py:588} INFO - Filling up the DagBag from /home/m9d9v9/PycharmProjects/Airflow-2/Airflow-2/.venv/lib/python3.10/site-packages/airflow/example_dags/plugins/workday.py
[2024-12-06T22:24:25.695-0600] {logging_mixin.py:190} INFO - [2024-12-06T22:24:25.695-0600] {workday.py:41} WARNING - Could not import pandas. Holidays will not be considered.
[2024-12-06T22:24:25.695-0600] {processor.py:927} WARNING - No viable dags retrieved from /home/m9d9v9/PycharmProjects/Airflow-2/Airflow-2/.venv/lib/python3.10/site-packages/airflow/example_dags/plugins/workday.py
[2024-12-06T22:24:25.703-0600] {processor.py:208} INFO - Processing /home/m9d9v9/PycharmProjects/Airflow-2/Airflow-2/.venv/lib/python3.10/site-packages/airflow/example_dags/plugins/workday.py took 0.024 seconds
[2024-12-06T22:25:21.323-0600] {processor.py:186} INFO - Started process (PID=13116) to work on /home/m9d9v9/PycharmProjects/Airflow-2/Airflow-2/.venv/lib/python3.10/site-packages/airflow/example_dags/plugins/workday.py
[2024-12-06T22:25:21.329-0600] {processor.py:914} INFO - Processing file /home/m9d9v9/PycharmProjects/Airflow-2/Airflow-2/.venv/lib/python3.10/site-packages/airflow/example_dags/plugins/workday.py for tasks to queue
[2024-12-06T22:25:21.331-0600] {logging_mixin.py:190} INFO - [2024-12-06T22:25:21.331-0600] {dagbag.py:588} INFO - Filling up the DagBag from /home/m9d9v9/PycharmProjects/Airflow-2/Airflow-2/.venv/lib/python3.10/site-packages/airflow/example_dags/plugins/workday.py
[2024-12-06T22:25:21.334-0600] {logging_mixin.py:190} INFO - [2024-12-06T22:25:21.334-0600] {workday.py:41} WARNING - Could not import pandas. Holidays will not be considered.
[2024-12-06T22:25:21.335-0600] {processor.py:927} WARNING - No viable dags retrieved from /home/m9d9v9/PycharmProjects/Airflow-2/Airflow-2/.venv/lib/python3.10/site-packages/airflow/example_dags/plugins/workday.py
[2024-12-06T22:25:21.350-0600] {processor.py:208} INFO - Processing /home/m9d9v9/PycharmProjects/Airflow-2/Airflow-2/.venv/lib/python3.10/site-packages/airflow/example_dags/plugins/workday.py took 0.035 seconds
[2024-12-06T22:26:19.524-0600] {processor.py:186} INFO - Started process (PID=13195) to work on /home/m9d9v9/PycharmProjects/Airflow-2/Airflow-2/.venv/lib/python3.10/site-packages/airflow/example_dags/plugins/workday.py
[2024-12-06T22:26:19.531-0600] {processor.py:914} INFO - Processing file /home/m9d9v9/PycharmProjects/Airflow-2/Airflow-2/.venv/lib/python3.10/site-packages/airflow/example_dags/plugins/workday.py for tasks to queue
[2024-12-06T22:26:19.533-0600] {logging_mixin.py:190} INFO - [2024-12-06T22:26:19.532-0600] {dagbag.py:588} INFO - Filling up the DagBag from /home/m9d9v9/PycharmProjects/Airflow-2/Airflow-2/.venv/lib/python3.10/site-packages/airflow/example_dags/plugins/workday.py
[2024-12-06T22:26:19.536-0600] {logging_mixin.py:190} INFO - [2024-12-06T22:26:19.536-0600] {workday.py:41} WARNING - Could not import pandas. Holidays will not be considered.
[2024-12-06T22:26:19.537-0600] {processor.py:927} WARNING - No viable dags retrieved from /home/m9d9v9/PycharmProjects/Airflow-2/Airflow-2/.venv/lib/python3.10/site-packages/airflow/example_dags/plugins/workday.py
[2024-12-06T22:26:19.554-0600] {processor.py:208} INFO - Processing /home/m9d9v9/PycharmProjects/Airflow-2/Airflow-2/.venv/lib/python3.10/site-packages/airflow/example_dags/plugins/workday.py took 0.034 seconds
[2024-12-06T22:36:48.494-0600] {processor.py:186} INFO - Started process (PID=14406) to work on /home/m9d9v9/PycharmProjects/Airflow-2/Airflow-2/.venv/lib/python3.10/site-packages/airflow/example_dags/plugins/workday.py
[2024-12-06T22:36:48.501-0600] {processor.py:914} INFO - Processing file /home/m9d9v9/PycharmProjects/Airflow-2/Airflow-2/.venv/lib/python3.10/site-packages/airflow/example_dags/plugins/workday.py for tasks to queue
[2024-12-06T22:36:48.505-0600] {logging_mixin.py:190} INFO - [2024-12-06T22:36:48.504-0600] {dagbag.py:588} INFO - Filling up the DagBag from /home/m9d9v9/PycharmProjects/Airflow-2/Airflow-2/.venv/lib/python3.10/site-packages/airflow/example_dags/plugins/workday.py
[2024-12-06T22:36:48.511-0600] {logging_mixin.py:190} INFO - [2024-12-06T22:36:48.511-0600] {workday.py:41} WARNING - Could not import pandas. Holidays will not be considered.
[2024-12-06T22:36:48.512-0600] {processor.py:927} WARNING - No viable dags retrieved from /home/m9d9v9/PycharmProjects/Airflow-2/Airflow-2/.venv/lib/python3.10/site-packages/airflow/example_dags/plugins/workday.py
[2024-12-06T22:36:48.531-0600] {processor.py:208} INFO - Processing /home/m9d9v9/PycharmProjects/Airflow-2/Airflow-2/.venv/lib/python3.10/site-packages/airflow/example_dags/plugins/workday.py took 0.050 seconds
[2024-12-06T22:37:45.543-0600] {processor.py:186} INFO - Started process (PID=14676) to work on /home/m9d9v9/PycharmProjects/Airflow-2/Airflow-2/.venv/lib/python3.10/site-packages/airflow/example_dags/plugins/workday.py
[2024-12-06T22:37:45.550-0600] {processor.py:914} INFO - Processing file /home/m9d9v9/PycharmProjects/Airflow-2/Airflow-2/.venv/lib/python3.10/site-packages/airflow/example_dags/plugins/workday.py for tasks to queue
[2024-12-06T22:37:45.554-0600] {logging_mixin.py:190} INFO - [2024-12-06T22:37:45.553-0600] {dagbag.py:588} INFO - Filling up the DagBag from /home/m9d9v9/PycharmProjects/Airflow-2/Airflow-2/.venv/lib/python3.10/site-packages/airflow/example_dags/plugins/workday.py
[2024-12-06T22:37:45.559-0600] {logging_mixin.py:190} INFO - [2024-12-06T22:37:45.559-0600] {workday.py:41} WARNING - Could not import pandas. Holidays will not be considered.
[2024-12-06T22:37:45.560-0600] {processor.py:927} WARNING - No viable dags retrieved from /home/m9d9v9/PycharmProjects/Airflow-2/Airflow-2/.venv/lib/python3.10/site-packages/airflow/example_dags/plugins/workday.py
[2024-12-06T22:37:45.580-0600] {processor.py:208} INFO - Processing /home/m9d9v9/PycharmProjects/Airflow-2/Airflow-2/.venv/lib/python3.10/site-packages/airflow/example_dags/plugins/workday.py took 0.048 seconds
[2024-12-06T22:38:43.434-0600] {processor.py:186} INFO - Started process (PID=14783) to work on /home/m9d9v9/PycharmProjects/Airflow-2/Airflow-2/.venv/lib/python3.10/site-packages/airflow/example_dags/plugins/workday.py
[2024-12-06T22:38:43.440-0600] {processor.py:914} INFO - Processing file /home/m9d9v9/PycharmProjects/Airflow-2/Airflow-2/.venv/lib/python3.10/site-packages/airflow/example_dags/plugins/workday.py for tasks to queue
[2024-12-06T22:38:43.442-0600] {logging_mixin.py:190} INFO - [2024-12-06T22:38:43.441-0600] {dagbag.py:588} INFO - Filling up the DagBag from /home/m9d9v9/PycharmProjects/Airflow-2/Airflow-2/.venv/lib/python3.10/site-packages/airflow/example_dags/plugins/workday.py
[2024-12-06T22:38:43.444-0600] {logging_mixin.py:190} INFO - [2024-12-06T22:38:43.444-0600] {workday.py:41} WARNING - Could not import pandas. Holidays will not be considered.
[2024-12-06T22:38:43.444-0600] {processor.py:927} WARNING - No viable dags retrieved from /home/m9d9v9/PycharmProjects/Airflow-2/Airflow-2/.venv/lib/python3.10/site-packages/airflow/example_dags/plugins/workday.py
[2024-12-06T22:38:43.452-0600] {processor.py:208} INFO - Processing /home/m9d9v9/PycharmProjects/Airflow-2/Airflow-2/.venv/lib/python3.10/site-packages/airflow/example_dags/plugins/workday.py took 0.023 seconds
[2024-12-06T22:39:41.147-0600] {processor.py:186} INFO - Started process (PID=14962) to work on /home/m9d9v9/PycharmProjects/Airflow-2/Airflow-2/.venv/lib/python3.10/site-packages/airflow/example_dags/plugins/workday.py
[2024-12-06T22:39:41.153-0600] {processor.py:914} INFO - Processing file /home/m9d9v9/PycharmProjects/Airflow-2/Airflow-2/.venv/lib/python3.10/site-packages/airflow/example_dags/plugins/workday.py for tasks to queue
[2024-12-06T22:39:41.156-0600] {logging_mixin.py:190} INFO - [2024-12-06T22:39:41.156-0600] {dagbag.py:588} INFO - Filling up the DagBag from /home/m9d9v9/PycharmProjects/Airflow-2/Airflow-2/.venv/lib/python3.10/site-packages/airflow/example_dags/plugins/workday.py
[2024-12-06T22:39:41.389-0600] {processor.py:927} WARNING - No viable dags retrieved from /home/m9d9v9/PycharmProjects/Airflow-2/Airflow-2/.venv/lib/python3.10/site-packages/airflow/example_dags/plugins/workday.py
[2024-12-06T22:39:41.396-0600] {processor.py:208} INFO - Processing /home/m9d9v9/PycharmProjects/Airflow-2/Airflow-2/.venv/lib/python3.10/site-packages/airflow/example_dags/plugins/workday.py took 0.261 seconds
[2024-12-06T22:40:41.346-0600] {processor.py:186} INFO - Started process (PID=15090) to work on /home/m9d9v9/PycharmProjects/Airflow-2/Airflow-2/.venv/lib/python3.10/site-packages/airflow/example_dags/plugins/workday.py
[2024-12-06T22:40:41.353-0600] {processor.py:914} INFO - Processing file /home/m9d9v9/PycharmProjects/Airflow-2/Airflow-2/.venv/lib/python3.10/site-packages/airflow/example_dags/plugins/workday.py for tasks to queue
[2024-12-06T22:40:41.357-0600] {logging_mixin.py:190} INFO - [2024-12-06T22:40:41.356-0600] {dagbag.py:588} INFO - Filling up the DagBag from /home/m9d9v9/PycharmProjects/Airflow-2/Airflow-2/.venv/lib/python3.10/site-packages/airflow/example_dags/plugins/workday.py
[2024-12-06T22:40:41.566-0600] {processor.py:927} WARNING - No viable dags retrieved from /home/m9d9v9/PycharmProjects/Airflow-2/Airflow-2/.venv/lib/python3.10/site-packages/airflow/example_dags/plugins/workday.py
[2024-12-06T22:40:41.574-0600] {processor.py:208} INFO - Processing /home/m9d9v9/PycharmProjects/Airflow-2/Airflow-2/.venv/lib/python3.10/site-packages/airflow/example_dags/plugins/workday.py took 0.246 seconds
[2024-12-06T23:24:56.935-0600] {processor.py:186} INFO - Started process (PID=17093) to work on /home/m9d9v9/PycharmProjects/Airflow-2/Airflow-2/.venv/lib/python3.10/site-packages/airflow/example_dags/plugins/workday.py
[2024-12-06T23:24:56.942-0600] {processor.py:914} INFO - Processing file /home/m9d9v9/PycharmProjects/Airflow-2/Airflow-2/.venv/lib/python3.10/site-packages/airflow/example_dags/plugins/workday.py for tasks to queue
[2024-12-06T23:24:56.944-0600] {logging_mixin.py:190} INFO - [2024-12-06T23:24:56.944-0600] {dagbag.py:588} INFO - Filling up the DagBag from /home/m9d9v9/PycharmProjects/Airflow-2/Airflow-2/.venv/lib/python3.10/site-packages/airflow/example_dags/plugins/workday.py
[2024-12-06T23:24:56.947-0600] {processor.py:927} WARNING - No viable dags retrieved from /home/m9d9v9/PycharmProjects/Airflow-2/Airflow-2/.venv/lib/python3.10/site-packages/airflow/example_dags/plugins/workday.py
[2024-12-06T23:24:56.963-0600] {processor.py:208} INFO - Processing /home/m9d9v9/PycharmProjects/Airflow-2/Airflow-2/.venv/lib/python3.10/site-packages/airflow/example_dags/plugins/workday.py took 0.037 seconds
[2024-12-06T23:25:52.710-0600] {processor.py:186} INFO - Started process (PID=17359) to work on /home/m9d9v9/PycharmProjects/Airflow-2/Airflow-2/.venv/lib/python3.10/site-packages/airflow/example_dags/plugins/workday.py
[2024-12-06T23:25:52.717-0600] {processor.py:914} INFO - Processing file /home/m9d9v9/PycharmProjects/Airflow-2/Airflow-2/.venv/lib/python3.10/site-packages/airflow/example_dags/plugins/workday.py for tasks to queue
[2024-12-06T23:25:52.720-0600] {logging_mixin.py:190} INFO - [2024-12-06T23:25:52.719-0600] {dagbag.py:588} INFO - Filling up the DagBag from /home/m9d9v9/PycharmProjects/Airflow-2/Airflow-2/.venv/lib/python3.10/site-packages/airflow/example_dags/plugins/workday.py
[2024-12-06T23:25:52.724-0600] {processor.py:927} WARNING - No viable dags retrieved from /home/m9d9v9/PycharmProjects/Airflow-2/Airflow-2/.venv/lib/python3.10/site-packages/airflow/example_dags/plugins/workday.py
[2024-12-06T23:25:52.741-0600] {processor.py:208} INFO - Processing /home/m9d9v9/PycharmProjects/Airflow-2/Airflow-2/.venv/lib/python3.10/site-packages/airflow/example_dags/plugins/workday.py took 0.043 seconds
[2024-12-06T23:26:50.727-0600] {processor.py:186} INFO - Started process (PID=17435) to work on /home/m9d9v9/PycharmProjects/Airflow-2/Airflow-2/.venv/lib/python3.10/site-packages/airflow/example_dags/plugins/workday.py
[2024-12-06T23:26:50.733-0600] {processor.py:914} INFO - Processing file /home/m9d9v9/PycharmProjects/Airflow-2/Airflow-2/.venv/lib/python3.10/site-packages/airflow/example_dags/plugins/workday.py for tasks to queue
[2024-12-06T23:26:50.734-0600] {logging_mixin.py:190} INFO - [2024-12-06T23:26:50.734-0600] {dagbag.py:588} INFO - Filling up the DagBag from /home/m9d9v9/PycharmProjects/Airflow-2/Airflow-2/.venv/lib/python3.10/site-packages/airflow/example_dags/plugins/workday.py
[2024-12-06T23:26:50.737-0600] {processor.py:927} WARNING - No viable dags retrieved from /home/m9d9v9/PycharmProjects/Airflow-2/Airflow-2/.venv/lib/python3.10/site-packages/airflow/example_dags/plugins/workday.py
[2024-12-06T23:26:50.748-0600] {processor.py:208} INFO - Processing /home/m9d9v9/PycharmProjects/Airflow-2/Airflow-2/.venv/lib/python3.10/site-packages/airflow/example_dags/plugins/workday.py took 0.027 seconds
[2024-12-06T23:27:46.434-0600] {processor.py:186} INFO - Started process (PID=17509) to work on /home/m9d9v9/PycharmProjects/Airflow-2/Airflow-2/.venv/lib/python3.10/site-packages/airflow/example_dags/plugins/workday.py
[2024-12-06T23:27:46.441-0600] {processor.py:914} INFO - Processing file /home/m9d9v9/PycharmProjects/Airflow-2/Airflow-2/.venv/lib/python3.10/site-packages/airflow/example_dags/plugins/workday.py for tasks to queue
[2024-12-06T23:27:46.443-0600] {logging_mixin.py:190} INFO - [2024-12-06T23:27:46.443-0600] {dagbag.py:588} INFO - Filling up the DagBag from /home/m9d9v9/PycharmProjects/Airflow-2/Airflow-2/.venv/lib/python3.10/site-packages/airflow/example_dags/plugins/workday.py
[2024-12-06T23:27:46.448-0600] {processor.py:927} WARNING - No viable dags retrieved from /home/m9d9v9/PycharmProjects/Airflow-2/Airflow-2/.venv/lib/python3.10/site-packages/airflow/example_dags/plugins/workday.py
[2024-12-06T23:27:46.466-0600] {processor.py:208} INFO - Processing /home/m9d9v9/PycharmProjects/Airflow-2/Airflow-2/.venv/lib/python3.10/site-packages/airflow/example_dags/plugins/workday.py took 0.042 seconds
[2024-12-06T23:28:44.251-0600] {processor.py:186} INFO - Started process (PID=17613) to work on /home/m9d9v9/PycharmProjects/Airflow-2/Airflow-2/.venv/lib/python3.10/site-packages/airflow/example_dags/plugins/workday.py
[2024-12-06T23:28:44.252-0600] {processor.py:914} INFO - Processing file /home/m9d9v9/PycharmProjects/Airflow-2/Airflow-2/.venv/lib/python3.10/site-packages/airflow/example_dags/plugins/workday.py for tasks to queue
[2024-12-06T23:28:44.254-0600] {logging_mixin.py:190} INFO - [2024-12-06T23:28:44.253-0600] {dagbag.py:588} INFO - Filling up the DagBag from /home/m9d9v9/PycharmProjects/Airflow-2/Airflow-2/.venv/lib/python3.10/site-packages/airflow/example_dags/plugins/workday.py
[2024-12-06T23:28:44.258-0600] {processor.py:927} WARNING - No viable dags retrieved from /home/m9d9v9/PycharmProjects/Airflow-2/Airflow-2/.venv/lib/python3.10/site-packages/airflow/example_dags/plugins/workday.py
[2024-12-06T23:28:44.276-0600] {processor.py:208} INFO - Processing /home/m9d9v9/PycharmProjects/Airflow-2/Airflow-2/.venv/lib/python3.10/site-packages/airflow/example_dags/plugins/workday.py took 0.035 seconds
[2024-12-06T23:29:40.020-0600] {processor.py:186} INFO - Started process (PID=17752) to work on /home/m9d9v9/PycharmProjects/Airflow-2/Airflow-2/.venv/lib/python3.10/site-packages/airflow/example_dags/plugins/workday.py
[2024-12-06T23:29:40.027-0600] {processor.py:914} INFO - Processing file /home/m9d9v9/PycharmProjects/Airflow-2/Airflow-2/.venv/lib/python3.10/site-packages/airflow/example_dags/plugins/workday.py for tasks to queue
[2024-12-06T23:29:40.028-0600] {logging_mixin.py:190} INFO - [2024-12-06T23:29:40.028-0600] {dagbag.py:588} INFO - Filling up the DagBag from /home/m9d9v9/PycharmProjects/Airflow-2/Airflow-2/.venv/lib/python3.10/site-packages/airflow/example_dags/plugins/workday.py
[2024-12-06T23:29:40.033-0600] {processor.py:927} WARNING - No viable dags retrieved from /home/m9d9v9/PycharmProjects/Airflow-2/Airflow-2/.venv/lib/python3.10/site-packages/airflow/example_dags/plugins/workday.py
[2024-12-06T23:29:40.050-0600] {processor.py:208} INFO - Processing /home/m9d9v9/PycharmProjects/Airflow-2/Airflow-2/.venv/lib/python3.10/site-packages/airflow/example_dags/plugins/workday.py took 0.042 seconds
[2024-12-06T23:30:35.943-0600] {processor.py:186} INFO - Started process (PID=17872) to work on /home/m9d9v9/PycharmProjects/Airflow-2/Airflow-2/.venv/lib/python3.10/site-packages/airflow/example_dags/plugins/workday.py
[2024-12-06T23:30:35.945-0600] {processor.py:914} INFO - Processing file /home/m9d9v9/PycharmProjects/Airflow-2/Airflow-2/.venv/lib/python3.10/site-packages/airflow/example_dags/plugins/workday.py for tasks to queue
[2024-12-06T23:30:35.947-0600] {logging_mixin.py:190} INFO - [2024-12-06T23:30:35.947-0600] {dagbag.py:588} INFO - Filling up the DagBag from /home/m9d9v9/PycharmProjects/Airflow-2/Airflow-2/.venv/lib/python3.10/site-packages/airflow/example_dags/plugins/workday.py
[2024-12-06T23:30:35.952-0600] {processor.py:927} WARNING - No viable dags retrieved from /home/m9d9v9/PycharmProjects/Airflow-2/Airflow-2/.venv/lib/python3.10/site-packages/airflow/example_dags/plugins/workday.py
[2024-12-06T23:30:35.969-0600] {processor.py:208} INFO - Processing /home/m9d9v9/PycharmProjects/Airflow-2/Airflow-2/.venv/lib/python3.10/site-packages/airflow/example_dags/plugins/workday.py took 0.037 seconds
[2024-12-06T23:31:33.515-0600] {processor.py:186} INFO - Started process (PID=17943) to work on /home/m9d9v9/PycharmProjects/Airflow-2/Airflow-2/.venv/lib/python3.10/site-packages/airflow/example_dags/plugins/workday.py
[2024-12-06T23:31:33.521-0600] {processor.py:914} INFO - Processing file /home/m9d9v9/PycharmProjects/Airflow-2/Airflow-2/.venv/lib/python3.10/site-packages/airflow/example_dags/plugins/workday.py for tasks to queue
[2024-12-06T23:31:33.523-0600] {logging_mixin.py:190} INFO - [2024-12-06T23:31:33.522-0600] {dagbag.py:588} INFO - Filling up the DagBag from /home/m9d9v9/PycharmProjects/Airflow-2/Airflow-2/.venv/lib/python3.10/site-packages/airflow/example_dags/plugins/workday.py
[2024-12-06T23:31:33.527-0600] {processor.py:927} WARNING - No viable dags retrieved from /home/m9d9v9/PycharmProjects/Airflow-2/Airflow-2/.venv/lib/python3.10/site-packages/airflow/example_dags/plugins/workday.py
[2024-12-06T23:31:33.546-0600] {processor.py:208} INFO - Processing /home/m9d9v9/PycharmProjects/Airflow-2/Airflow-2/.venv/lib/python3.10/site-packages/airflow/example_dags/plugins/workday.py took 0.042 seconds
[2024-12-06T23:32:32.282-0600] {processor.py:186} INFO - Started process (PID=18055) to work on /home/m9d9v9/PycharmProjects/Airflow-2/Airflow-2/.venv/lib/python3.10/site-packages/airflow/example_dags/plugins/workday.py
[2024-12-06T23:32:32.288-0600] {processor.py:914} INFO - Processing file /home/m9d9v9/PycharmProjects/Airflow-2/Airflow-2/.venv/lib/python3.10/site-packages/airflow/example_dags/plugins/workday.py for tasks to queue
[2024-12-06T23:32:32.289-0600] {logging_mixin.py:190} INFO - [2024-12-06T23:32:32.289-0600] {dagbag.py:588} INFO - Filling up the DagBag from /home/m9d9v9/PycharmProjects/Airflow-2/Airflow-2/.venv/lib/python3.10/site-packages/airflow/example_dags/plugins/workday.py
[2024-12-06T23:32:32.291-0600] {processor.py:927} WARNING - No viable dags retrieved from /home/m9d9v9/PycharmProjects/Airflow-2/Airflow-2/.venv/lib/python3.10/site-packages/airflow/example_dags/plugins/workday.py
[2024-12-06T23:32:32.297-0600] {processor.py:208} INFO - Processing /home/m9d9v9/PycharmProjects/Airflow-2/Airflow-2/.venv/lib/python3.10/site-packages/airflow/example_dags/plugins/workday.py took 0.019 seconds
[2024-12-06T23:33:28.307-0600] {processor.py:186} INFO - Started process (PID=18121) to work on /home/m9d9v9/PycharmProjects/Airflow-2/Airflow-2/.venv/lib/python3.10/site-packages/airflow/example_dags/plugins/workday.py
[2024-12-06T23:33:28.313-0600] {processor.py:914} INFO - Processing file /home/m9d9v9/PycharmProjects/Airflow-2/Airflow-2/.venv/lib/python3.10/site-packages/airflow/example_dags/plugins/workday.py for tasks to queue
[2024-12-06T23:33:28.315-0600] {logging_mixin.py:190} INFO - [2024-12-06T23:33:28.314-0600] {dagbag.py:588} INFO - Filling up the DagBag from /home/m9d9v9/PycharmProjects/Airflow-2/Airflow-2/.venv/lib/python3.10/site-packages/airflow/example_dags/plugins/workday.py
[2024-12-06T23:33:28.320-0600] {processor.py:927} WARNING - No viable dags retrieved from /home/m9d9v9/PycharmProjects/Airflow-2/Airflow-2/.venv/lib/python3.10/site-packages/airflow/example_dags/plugins/workday.py
[2024-12-06T23:33:28.338-0600] {processor.py:208} INFO - Processing /home/m9d9v9/PycharmProjects/Airflow-2/Airflow-2/.venv/lib/python3.10/site-packages/airflow/example_dags/plugins/workday.py took 0.043 seconds
[2024-12-06T23:34:24.729-0600] {processor.py:186} INFO - Started process (PID=18191) to work on /home/m9d9v9/PycharmProjects/Airflow-2/Airflow-2/.venv/lib/python3.10/site-packages/airflow/example_dags/plugins/workday.py
[2024-12-06T23:34:24.736-0600] {processor.py:914} INFO - Processing file /home/m9d9v9/PycharmProjects/Airflow-2/Airflow-2/.venv/lib/python3.10/site-packages/airflow/example_dags/plugins/workday.py for tasks to queue
[2024-12-06T23:34:24.738-0600] {logging_mixin.py:190} INFO - [2024-12-06T23:34:24.738-0600] {dagbag.py:588} INFO - Filling up the DagBag from /home/m9d9v9/PycharmProjects/Airflow-2/Airflow-2/.venv/lib/python3.10/site-packages/airflow/example_dags/plugins/workday.py
[2024-12-06T23:34:24.743-0600] {processor.py:927} WARNING - No viable dags retrieved from /home/m9d9v9/PycharmProjects/Airflow-2/Airflow-2/.venv/lib/python3.10/site-packages/airflow/example_dags/plugins/workday.py
[2024-12-06T23:34:24.762-0600] {processor.py:208} INFO - Processing /home/m9d9v9/PycharmProjects/Airflow-2/Airflow-2/.venv/lib/python3.10/site-packages/airflow/example_dags/plugins/workday.py took 0.043 seconds
[2024-12-06T23:35:27.243-0600] {processor.py:186} INFO - Started process (PID=18326) to work on /home/m9d9v9/PycharmProjects/Airflow-2/Airflow-2/.venv/lib/python3.10/site-packages/airflow/example_dags/plugins/workday.py
[2024-12-06T23:35:27.249-0600] {processor.py:914} INFO - Processing file /home/m9d9v9/PycharmProjects/Airflow-2/Airflow-2/.venv/lib/python3.10/site-packages/airflow/example_dags/plugins/workday.py for tasks to queue
[2024-12-06T23:35:27.251-0600] {logging_mixin.py:190} INFO - [2024-12-06T23:35:27.251-0600] {dagbag.py:588} INFO - Filling up the DagBag from /home/m9d9v9/PycharmProjects/Airflow-2/Airflow-2/.venv/lib/python3.10/site-packages/airflow/example_dags/plugins/workday.py
[2024-12-06T23:35:27.255-0600] {processor.py:927} WARNING - No viable dags retrieved from /home/m9d9v9/PycharmProjects/Airflow-2/Airflow-2/.venv/lib/python3.10/site-packages/airflow/example_dags/plugins/workday.py
[2024-12-06T23:35:27.271-0600] {processor.py:208} INFO - Processing /home/m9d9v9/PycharmProjects/Airflow-2/Airflow-2/.venv/lib/python3.10/site-packages/airflow/example_dags/plugins/workday.py took 0.039 seconds
[2024-12-06T23:36:31.253-0600] {processor.py:186} INFO - Started process (PID=18402) to work on /home/m9d9v9/PycharmProjects/Airflow-2/Airflow-2/.venv/lib/python3.10/site-packages/airflow/example_dags/plugins/workday.py
[2024-12-06T23:36:31.259-0600] {processor.py:914} INFO - Processing file /home/m9d9v9/PycharmProjects/Airflow-2/Airflow-2/.venv/lib/python3.10/site-packages/airflow/example_dags/plugins/workday.py for tasks to queue
[2024-12-06T23:36:31.262-0600] {logging_mixin.py:190} INFO - [2024-12-06T23:36:31.261-0600] {dagbag.py:588} INFO - Filling up the DagBag from /home/m9d9v9/PycharmProjects/Airflow-2/Airflow-2/.venv/lib/python3.10/site-packages/airflow/example_dags/plugins/workday.py
[2024-12-06T23:36:31.267-0600] {processor.py:927} WARNING - No viable dags retrieved from /home/m9d9v9/PycharmProjects/Airflow-2/Airflow-2/.venv/lib/python3.10/site-packages/airflow/example_dags/plugins/workday.py
[2024-12-06T23:36:31.284-0600] {processor.py:208} INFO - Processing /home/m9d9v9/PycharmProjects/Airflow-2/Airflow-2/.venv/lib/python3.10/site-packages/airflow/example_dags/plugins/workday.py took 0.041 seconds
[2024-12-06T23:37:32.457-0600] {processor.py:186} INFO - Started process (PID=18683) to work on /home/m9d9v9/PycharmProjects/Airflow-2/Airflow-2/.venv/lib/python3.10/site-packages/airflow/example_dags/plugins/workday.py
[2024-12-06T23:37:32.458-0600] {processor.py:914} INFO - Processing file /home/m9d9v9/PycharmProjects/Airflow-2/Airflow-2/.venv/lib/python3.10/site-packages/airflow/example_dags/plugins/workday.py for tasks to queue
[2024-12-06T23:37:32.459-0600] {logging_mixin.py:190} INFO - [2024-12-06T23:37:32.458-0600] {dagbag.py:588} INFO - Filling up the DagBag from /home/m9d9v9/PycharmProjects/Airflow-2/Airflow-2/.venv/lib/python3.10/site-packages/airflow/example_dags/plugins/workday.py
[2024-12-06T23:37:32.461-0600] {processor.py:927} WARNING - No viable dags retrieved from /home/m9d9v9/PycharmProjects/Airflow-2/Airflow-2/.venv/lib/python3.10/site-packages/airflow/example_dags/plugins/workday.py
[2024-12-06T23:37:32.469-0600] {processor.py:208} INFO - Processing /home/m9d9v9/PycharmProjects/Airflow-2/Airflow-2/.venv/lib/python3.10/site-packages/airflow/example_dags/plugins/workday.py took 0.017 seconds
[2024-12-06T23:38:30.997-0600] {processor.py:186} INFO - Started process (PID=18814) to work on /home/m9d9v9/PycharmProjects/Airflow-2/Airflow-2/.venv/lib/python3.10/site-packages/airflow/example_dags/plugins/workday.py
[2024-12-06T23:38:31.003-0600] {processor.py:914} INFO - Processing file /home/m9d9v9/PycharmProjects/Airflow-2/Airflow-2/.venv/lib/python3.10/site-packages/airflow/example_dags/plugins/workday.py for tasks to queue
[2024-12-06T23:38:31.004-0600] {logging_mixin.py:190} INFO - [2024-12-06T23:38:31.004-0600] {dagbag.py:588} INFO - Filling up the DagBag from /home/m9d9v9/PycharmProjects/Airflow-2/Airflow-2/.venv/lib/python3.10/site-packages/airflow/example_dags/plugins/workday.py
[2024-12-06T23:38:31.006-0600] {processor.py:927} WARNING - No viable dags retrieved from /home/m9d9v9/PycharmProjects/Airflow-2/Airflow-2/.venv/lib/python3.10/site-packages/airflow/example_dags/plugins/workday.py
[2024-12-06T23:38:31.014-0600] {processor.py:208} INFO - Processing /home/m9d9v9/PycharmProjects/Airflow-2/Airflow-2/.venv/lib/python3.10/site-packages/airflow/example_dags/plugins/workday.py took 0.021 seconds
[2024-12-06T23:39:37.050-0600] {processor.py:186} INFO - Started process (PID=19065) to work on /home/m9d9v9/PycharmProjects/Airflow-2/Airflow-2/.venv/lib/python3.10/site-packages/airflow/example_dags/plugins/workday.py
[2024-12-06T23:39:37.051-0600] {processor.py:914} INFO - Processing file /home/m9d9v9/PycharmProjects/Airflow-2/Airflow-2/.venv/lib/python3.10/site-packages/airflow/example_dags/plugins/workday.py for tasks to queue
[2024-12-06T23:39:37.052-0600] {logging_mixin.py:190} INFO - [2024-12-06T23:39:37.052-0600] {dagbag.py:588} INFO - Filling up the DagBag from /home/m9d9v9/PycharmProjects/Airflow-2/Airflow-2/.venv/lib/python3.10/site-packages/airflow/example_dags/plugins/workday.py
[2024-12-06T23:39:37.054-0600] {processor.py:927} WARNING - No viable dags retrieved from /home/m9d9v9/PycharmProjects/Airflow-2/Airflow-2/.venv/lib/python3.10/site-packages/airflow/example_dags/plugins/workday.py
[2024-12-06T23:39:37.063-0600] {processor.py:208} INFO - Processing /home/m9d9v9/PycharmProjects/Airflow-2/Airflow-2/.venv/lib/python3.10/site-packages/airflow/example_dags/plugins/workday.py took 0.018 seconds
[2024-12-06T23:40:34.332-0600] {processor.py:186} INFO - Started process (PID=19251) to work on /home/m9d9v9/PycharmProjects/Airflow-2/Airflow-2/.venv/lib/python3.10/site-packages/airflow/example_dags/plugins/workday.py
[2024-12-06T23:40:34.339-0600] {processor.py:914} INFO - Processing file /home/m9d9v9/PycharmProjects/Airflow-2/Airflow-2/.venv/lib/python3.10/site-packages/airflow/example_dags/plugins/workday.py for tasks to queue
[2024-12-06T23:40:34.340-0600] {logging_mixin.py:190} INFO - [2024-12-06T23:40:34.340-0600] {dagbag.py:588} INFO - Filling up the DagBag from /home/m9d9v9/PycharmProjects/Airflow-2/Airflow-2/.venv/lib/python3.10/site-packages/airflow/example_dags/plugins/workday.py
[2024-12-06T23:40:34.343-0600] {processor.py:927} WARNING - No viable dags retrieved from /home/m9d9v9/PycharmProjects/Airflow-2/Airflow-2/.venv/lib/python3.10/site-packages/airflow/example_dags/plugins/workday.py
[2024-12-06T23:40:34.356-0600] {processor.py:208} INFO - Processing /home/m9d9v9/PycharmProjects/Airflow-2/Airflow-2/.venv/lib/python3.10/site-packages/airflow/example_dags/plugins/workday.py took 0.032 seconds
[2024-12-06T23:41:28.064-0600] {processor.py:186} INFO - Started process (PID=19341) to work on /home/m9d9v9/PycharmProjects/Airflow-2/Airflow-2/.venv/lib/python3.10/site-packages/airflow/example_dags/plugins/workday.py
[2024-12-06T23:41:28.070-0600] {processor.py:914} INFO - Processing file /home/m9d9v9/PycharmProjects/Airflow-2/Airflow-2/.venv/lib/python3.10/site-packages/airflow/example_dags/plugins/workday.py for tasks to queue
[2024-12-06T23:41:28.070-0600] {logging_mixin.py:190} INFO - [2024-12-06T23:41:28.070-0600] {dagbag.py:588} INFO - Filling up the DagBag from /home/m9d9v9/PycharmProjects/Airflow-2/Airflow-2/.venv/lib/python3.10/site-packages/airflow/example_dags/plugins/workday.py
[2024-12-06T23:41:28.073-0600] {processor.py:927} WARNING - No viable dags retrieved from /home/m9d9v9/PycharmProjects/Airflow-2/Airflow-2/.venv/lib/python3.10/site-packages/airflow/example_dags/plugins/workday.py
[2024-12-06T23:41:28.083-0600] {processor.py:208} INFO - Processing /home/m9d9v9/PycharmProjects/Airflow-2/Airflow-2/.venv/lib/python3.10/site-packages/airflow/example_dags/plugins/workday.py took 0.024 seconds
