[2024-12-06T22:19:20.259-0600] {processor.py:186} INFO - Started process (PID=12524) to work on /home/m9d9v9/PycharmProjects/Airflow-2/Airflow-2/.venv/lib/python3.10/site-packages/airflow/example_dags/example_dataset_alias_with_no_taskflow.py
[2024-12-06T22:19:20.260-0600] {processor.py:914} INFO - Processing file /home/m9d9v9/PycharmProjects/Airflow-2/Airflow-2/.venv/lib/python3.10/site-packages/airflow/example_dags/example_dataset_alias_with_no_taskflow.py for tasks to queue
[2024-12-06T22:19:20.264-0600] {logging_mixin.py:190} INFO - [2024-12-06T22:19:20.264-0600] {dagbag.py:588} INFO - Filling up the DagBag from /home/m9d9v9/PycharmProjects/Airflow-2/Airflow-2/.venv/lib/python3.10/site-packages/airflow/example_dags/example_dataset_alias_with_no_taskflow.py
[2024-12-06T22:19:20.294-0600] {processor.py:925} INFO - DAG(s) 'dataset_alias_example_alias_consumer_with_no_taskflow', 'dataset_s3_bucket_consumer_with_no_taskflow', 'dataset_s3_bucket_producer_with_no_taskflow', 'dataset_alias_example_alias_producer_with_no_taskflow' retrieved from /home/m9d9v9/PycharmProjects/Airflow-2/Airflow-2/.venv/lib/python3.10/site-packages/airflow/example_dags/example_dataset_alias_with_no_taskflow.py
[2024-12-06T22:19:20.358-0600] {logging_mixin.py:190} INFO - [2024-12-06T22:19:20.357-0600] {override.py:1911} INFO - Created Permission View: can edit on DAG:dataset_alias_example_alias_consumer_with_no_taskflow
[2024-12-06T22:19:20.365-0600] {logging_mixin.py:190} INFO - [2024-12-06T22:19:20.365-0600] {override.py:1911} INFO - Created Permission View: can read on DAG:dataset_alias_example_alias_consumer_with_no_taskflow
[2024-12-06T22:19:20.370-0600] {logging_mixin.py:190} INFO - [2024-12-06T22:19:20.370-0600] {override.py:1911} INFO - Created Permission View: can delete on DAG:dataset_alias_example_alias_consumer_with_no_taskflow
[2024-12-06T22:19:20.382-0600] {logging_mixin.py:190} INFO - [2024-12-06T22:19:20.382-0600] {override.py:1911} INFO - Created Permission View: menu access on DAG Run:dataset_alias_example_alias_consumer_with_no_taskflow
[2024-12-06T22:19:20.388-0600] {logging_mixin.py:190} INFO - [2024-12-06T22:19:20.388-0600] {override.py:1911} INFO - Created Permission View: can create on DAG Run:dataset_alias_example_alias_consumer_with_no_taskflow
[2024-12-06T22:19:20.392-0600] {logging_mixin.py:190} INFO - [2024-12-06T22:19:20.392-0600] {override.py:1911} INFO - Created Permission View: can read on DAG Run:dataset_alias_example_alias_consumer_with_no_taskflow
[2024-12-06T22:19:20.396-0600] {logging_mixin.py:190} INFO - [2024-12-06T22:19:20.396-0600] {override.py:1911} INFO - Created Permission View: can delete on DAG Run:dataset_alias_example_alias_consumer_with_no_taskflow
[2024-12-06T22:19:20.406-0600] {logging_mixin.py:190} INFO - [2024-12-06T22:19:20.406-0600] {override.py:1911} INFO - Created Permission View: can edit on DAG:dataset_s3_bucket_consumer_with_no_taskflow
[2024-12-06T22:19:20.411-0600] {logging_mixin.py:190} INFO - [2024-12-06T22:19:20.410-0600] {override.py:1911} INFO - Created Permission View: can read on DAG:dataset_s3_bucket_consumer_with_no_taskflow
[2024-12-06T22:19:20.415-0600] {logging_mixin.py:190} INFO - [2024-12-06T22:19:20.415-0600] {override.py:1911} INFO - Created Permission View: can delete on DAG:dataset_s3_bucket_consumer_with_no_taskflow
[2024-12-06T22:19:20.421-0600] {logging_mixin.py:190} INFO - [2024-12-06T22:19:20.421-0600] {override.py:1911} INFO - Created Permission View: menu access on DAG Run:dataset_s3_bucket_consumer_with_no_taskflow
[2024-12-06T22:19:20.426-0600] {logging_mixin.py:190} INFO - [2024-12-06T22:19:20.425-0600] {override.py:1911} INFO - Created Permission View: can create on DAG Run:dataset_s3_bucket_consumer_with_no_taskflow
[2024-12-06T22:19:20.430-0600] {logging_mixin.py:190} INFO - [2024-12-06T22:19:20.430-0600] {override.py:1911} INFO - Created Permission View: can read on DAG Run:dataset_s3_bucket_consumer_with_no_taskflow
[2024-12-06T22:19:20.436-0600] {logging_mixin.py:190} INFO - [2024-12-06T22:19:20.435-0600] {override.py:1911} INFO - Created Permission View: can delete on DAG Run:dataset_s3_bucket_consumer_with_no_taskflow
[2024-12-06T22:19:20.450-0600] {logging_mixin.py:190} INFO - [2024-12-06T22:19:20.449-0600] {override.py:1911} INFO - Created Permission View: can edit on DAG:dataset_s3_bucket_producer_with_no_taskflow
[2024-12-06T22:19:20.455-0600] {logging_mixin.py:190} INFO - [2024-12-06T22:19:20.455-0600] {override.py:1911} INFO - Created Permission View: can read on DAG:dataset_s3_bucket_producer_with_no_taskflow
[2024-12-06T22:19:20.461-0600] {logging_mixin.py:190} INFO - [2024-12-06T22:19:20.461-0600] {override.py:1911} INFO - Created Permission View: can delete on DAG:dataset_s3_bucket_producer_with_no_taskflow
[2024-12-06T22:19:20.468-0600] {logging_mixin.py:190} INFO - [2024-12-06T22:19:20.467-0600] {override.py:1911} INFO - Created Permission View: menu access on DAG Run:dataset_s3_bucket_producer_with_no_taskflow
[2024-12-06T22:19:20.472-0600] {logging_mixin.py:190} INFO - [2024-12-06T22:19:20.472-0600] {override.py:1911} INFO - Created Permission View: can create on DAG Run:dataset_s3_bucket_producer_with_no_taskflow
[2024-12-06T22:19:20.476-0600] {logging_mixin.py:190} INFO - [2024-12-06T22:19:20.476-0600] {override.py:1911} INFO - Created Permission View: can read on DAG Run:dataset_s3_bucket_producer_with_no_taskflow
[2024-12-06T22:19:20.480-0600] {logging_mixin.py:190} INFO - [2024-12-06T22:19:20.480-0600] {override.py:1911} INFO - Created Permission View: can delete on DAG Run:dataset_s3_bucket_producer_with_no_taskflow
[2024-12-06T22:19:20.491-0600] {logging_mixin.py:190} INFO - [2024-12-06T22:19:20.491-0600] {override.py:1911} INFO - Created Permission View: can edit on DAG:dataset_alias_example_alias_producer_with_no_taskflow
[2024-12-06T22:19:20.495-0600] {logging_mixin.py:190} INFO - [2024-12-06T22:19:20.495-0600] {override.py:1911} INFO - Created Permission View: can read on DAG:dataset_alias_example_alias_producer_with_no_taskflow
[2024-12-06T22:19:20.500-0600] {logging_mixin.py:190} INFO - [2024-12-06T22:19:20.500-0600] {override.py:1911} INFO - Created Permission View: can delete on DAG:dataset_alias_example_alias_producer_with_no_taskflow
[2024-12-06T22:19:20.507-0600] {logging_mixin.py:190} INFO - [2024-12-06T22:19:20.507-0600] {override.py:1911} INFO - Created Permission View: menu access on DAG Run:dataset_alias_example_alias_producer_with_no_taskflow
[2024-12-06T22:19:20.511-0600] {logging_mixin.py:190} INFO - [2024-12-06T22:19:20.511-0600] {override.py:1911} INFO - Created Permission View: can create on DAG Run:dataset_alias_example_alias_producer_with_no_taskflow
[2024-12-06T22:19:20.517-0600] {logging_mixin.py:190} INFO - [2024-12-06T22:19:20.517-0600] {override.py:1911} INFO - Created Permission View: can read on DAG Run:dataset_alias_example_alias_producer_with_no_taskflow
[2024-12-06T22:19:20.522-0600] {logging_mixin.py:190} INFO - [2024-12-06T22:19:20.521-0600] {override.py:1911} INFO - Created Permission View: can delete on DAG Run:dataset_alias_example_alias_producer_with_no_taskflow
[2024-12-06T22:19:20.522-0600] {logging_mixin.py:190} INFO - [2024-12-06T22:19:20.522-0600] {dag.py:3239} INFO - Sync 4 DAGs
[2024-12-06T22:19:20.529-0600] {logging_mixin.py:190} INFO - [2024-12-06T22:19:20.529-0600] {dag.py:3262} INFO - Creating ORM DAG for dataset_s3_bucket_consumer_with_no_taskflow
[2024-12-06T22:19:20.529-0600] {logging_mixin.py:190} INFO - [2024-12-06T22:19:20.529-0600] {dag.py:3262} INFO - Creating ORM DAG for dataset_alias_example_alias_producer_with_no_taskflow
[2024-12-06T22:19:20.530-0600] {logging_mixin.py:190} INFO - [2024-12-06T22:19:20.530-0600] {dag.py:3262} INFO - Creating ORM DAG for dataset_alias_example_alias_consumer_with_no_taskflow
[2024-12-06T22:19:20.530-0600] {logging_mixin.py:190} INFO - [2024-12-06T22:19:20.530-0600] {dag.py:3262} INFO - Creating ORM DAG for dataset_s3_bucket_producer_with_no_taskflow
[2024-12-06T22:19:20.534-0600] {logging_mixin.py:190} INFO - [2024-12-06T22:19:20.534-0600] {dag.py:4180} INFO - Setting next_dagrun for dataset_alias_example_alias_consumer_with_no_taskflow to None, run_after=None
[2024-12-06T22:19:20.535-0600] {logging_mixin.py:190} INFO - [2024-12-06T22:19:20.535-0600] {dag.py:4180} INFO - Setting next_dagrun for dataset_alias_example_alias_producer_with_no_taskflow to None, run_after=None
[2024-12-06T22:19:20.535-0600] {logging_mixin.py:190} INFO - [2024-12-06T22:19:20.535-0600] {dag.py:4180} INFO - Setting next_dagrun for dataset_s3_bucket_consumer_with_no_taskflow to None, run_after=None
[2024-12-06T22:19:20.535-0600] {logging_mixin.py:190} INFO - [2024-12-06T22:19:20.535-0600] {dag.py:4180} INFO - Setting next_dagrun for dataset_s3_bucket_producer_with_no_taskflow to None, run_after=None
[2024-12-06T22:19:20.550-0600] {processor.py:208} INFO - Processing /home/m9d9v9/PycharmProjects/Airflow-2/Airflow-2/.venv/lib/python3.10/site-packages/airflow/example_dags/example_dataset_alias_with_no_taskflow.py took 0.303 seconds
[2024-12-06T22:20:17.530-0600] {processor.py:186} INFO - Started process (PID=12648) to work on /home/m9d9v9/PycharmProjects/Airflow-2/Airflow-2/.venv/lib/python3.10/site-packages/airflow/example_dags/example_dataset_alias_with_no_taskflow.py
[2024-12-06T22:20:17.537-0600] {processor.py:914} INFO - Processing file /home/m9d9v9/PycharmProjects/Airflow-2/Airflow-2/.venv/lib/python3.10/site-packages/airflow/example_dags/example_dataset_alias_with_no_taskflow.py for tasks to queue
[2024-12-06T22:20:17.540-0600] {logging_mixin.py:190} INFO - [2024-12-06T22:20:17.539-0600] {dagbag.py:588} INFO - Filling up the DagBag from /home/m9d9v9/PycharmProjects/Airflow-2/Airflow-2/.venv/lib/python3.10/site-packages/airflow/example_dags/example_dataset_alias_with_no_taskflow.py
[2024-12-06T22:20:17.579-0600] {processor.py:925} INFO - DAG(s) 'dataset_s3_bucket_consumer_with_no_taskflow', 'dataset_alias_example_alias_producer_with_no_taskflow', 'dataset_s3_bucket_producer_with_no_taskflow', 'dataset_alias_example_alias_consumer_with_no_taskflow' retrieved from /home/m9d9v9/PycharmProjects/Airflow-2/Airflow-2/.venv/lib/python3.10/site-packages/airflow/example_dags/example_dataset_alias_with_no_taskflow.py
[2024-12-06T22:20:17.594-0600] {logging_mixin.py:190} INFO - [2024-12-06T22:20:17.594-0600] {dag.py:3239} INFO - Sync 4 DAGs
[2024-12-06T22:20:17.610-0600] {logging_mixin.py:190} INFO - [2024-12-06T22:20:17.610-0600] {dag.py:4180} INFO - Setting next_dagrun for dataset_alias_example_alias_consumer_with_no_taskflow to None, run_after=None
[2024-12-06T22:20:17.612-0600] {logging_mixin.py:190} INFO - [2024-12-06T22:20:17.611-0600] {dag.py:4180} INFO - Setting next_dagrun for dataset_alias_example_alias_producer_with_no_taskflow to None, run_after=None
[2024-12-06T22:20:17.612-0600] {logging_mixin.py:190} INFO - [2024-12-06T22:20:17.612-0600] {dag.py:4180} INFO - Setting next_dagrun for dataset_s3_bucket_consumer_with_no_taskflow to None, run_after=None
[2024-12-06T22:20:17.613-0600] {logging_mixin.py:190} INFO - [2024-12-06T22:20:17.613-0600] {dag.py:4180} INFO - Setting next_dagrun for dataset_s3_bucket_producer_with_no_taskflow to None, run_after=None
[2024-12-06T22:20:17.627-0600] {processor.py:208} INFO - Processing /home/m9d9v9/PycharmProjects/Airflow-2/Airflow-2/.venv/lib/python3.10/site-packages/airflow/example_dags/example_dataset_alias_with_no_taskflow.py took 0.108 seconds
[2024-12-06T22:21:37.418-0600] {processor.py:186} INFO - Started process (PID=12753) to work on /home/m9d9v9/PycharmProjects/Airflow-2/Airflow-2/.venv/lib/python3.10/site-packages/airflow/example_dags/example_dataset_alias_with_no_taskflow.py
[2024-12-06T22:21:37.425-0600] {processor.py:914} INFO - Processing file /home/m9d9v9/PycharmProjects/Airflow-2/Airflow-2/.venv/lib/python3.10/site-packages/airflow/example_dags/example_dataset_alias_with_no_taskflow.py for tasks to queue
[2024-12-06T22:21:37.429-0600] {logging_mixin.py:190} INFO - [2024-12-06T22:21:37.428-0600] {dagbag.py:588} INFO - Filling up the DagBag from /home/m9d9v9/PycharmProjects/Airflow-2/Airflow-2/.venv/lib/python3.10/site-packages/airflow/example_dags/example_dataset_alias_with_no_taskflow.py
[2024-12-06T22:21:37.466-0600] {processor.py:925} INFO - DAG(s) 'dataset_s3_bucket_producer_with_no_taskflow', 'dataset_s3_bucket_consumer_with_no_taskflow', 'dataset_alias_example_alias_producer_with_no_taskflow', 'dataset_alias_example_alias_consumer_with_no_taskflow' retrieved from /home/m9d9v9/PycharmProjects/Airflow-2/Airflow-2/.venv/lib/python3.10/site-packages/airflow/example_dags/example_dataset_alias_with_no_taskflow.py
[2024-12-06T22:21:37.478-0600] {logging_mixin.py:190} INFO - [2024-12-06T22:21:37.478-0600] {dag.py:3239} INFO - Sync 4 DAGs
[2024-12-06T22:21:37.491-0600] {logging_mixin.py:190} INFO - [2024-12-06T22:21:37.490-0600] {dag.py:4180} INFO - Setting next_dagrun for dataset_alias_example_alias_consumer_with_no_taskflow to None, run_after=None
[2024-12-06T22:21:37.492-0600] {logging_mixin.py:190} INFO - [2024-12-06T22:21:37.492-0600] {dag.py:4180} INFO - Setting next_dagrun for dataset_alias_example_alias_producer_with_no_taskflow to None, run_after=None
[2024-12-06T22:21:37.492-0600] {logging_mixin.py:190} INFO - [2024-12-06T22:21:37.492-0600] {dag.py:4180} INFO - Setting next_dagrun for dataset_s3_bucket_consumer_with_no_taskflow to None, run_after=None
[2024-12-06T22:21:37.493-0600] {logging_mixin.py:190} INFO - [2024-12-06T22:21:37.493-0600] {dag.py:4180} INFO - Setting next_dagrun for dataset_s3_bucket_producer_with_no_taskflow to None, run_after=None
[2024-12-06T22:21:37.507-0600] {processor.py:208} INFO - Processing /home/m9d9v9/PycharmProjects/Airflow-2/Airflow-2/.venv/lib/python3.10/site-packages/airflow/example_dags/example_dataset_alias_with_no_taskflow.py took 0.101 seconds
[2024-12-06T22:22:46.220-0600] {processor.py:186} INFO - Started process (PID=12894) to work on /home/m9d9v9/PycharmProjects/Airflow-2/Airflow-2/.venv/lib/python3.10/site-packages/airflow/example_dags/example_dataset_alias_with_no_taskflow.py
[2024-12-06T22:22:46.221-0600] {processor.py:914} INFO - Processing file /home/m9d9v9/PycharmProjects/Airflow-2/Airflow-2/.venv/lib/python3.10/site-packages/airflow/example_dags/example_dataset_alias_with_no_taskflow.py for tasks to queue
[2024-12-06T22:22:46.225-0600] {logging_mixin.py:190} INFO - [2024-12-06T22:22:46.224-0600] {dagbag.py:588} INFO - Filling up the DagBag from /home/m9d9v9/PycharmProjects/Airflow-2/Airflow-2/.venv/lib/python3.10/site-packages/airflow/example_dags/example_dataset_alias_with_no_taskflow.py
[2024-12-06T22:22:46.257-0600] {processor.py:925} INFO - DAG(s) 'dataset_s3_bucket_producer_with_no_taskflow', 'dataset_s3_bucket_consumer_with_no_taskflow', 'dataset_alias_example_alias_consumer_with_no_taskflow', 'dataset_alias_example_alias_producer_with_no_taskflow' retrieved from /home/m9d9v9/PycharmProjects/Airflow-2/Airflow-2/.venv/lib/python3.10/site-packages/airflow/example_dags/example_dataset_alias_with_no_taskflow.py
[2024-12-06T22:22:46.269-0600] {logging_mixin.py:190} INFO - [2024-12-06T22:22:46.269-0600] {dag.py:3239} INFO - Sync 4 DAGs
[2024-12-06T22:22:46.282-0600] {logging_mixin.py:190} INFO - [2024-12-06T22:22:46.281-0600] {dag.py:4180} INFO - Setting next_dagrun for dataset_alias_example_alias_consumer_with_no_taskflow to None, run_after=None
[2024-12-06T22:22:46.283-0600] {logging_mixin.py:190} INFO - [2024-12-06T22:22:46.283-0600] {dag.py:4180} INFO - Setting next_dagrun for dataset_alias_example_alias_producer_with_no_taskflow to None, run_after=None
[2024-12-06T22:22:46.284-0600] {logging_mixin.py:190} INFO - [2024-12-06T22:22:46.284-0600] {dag.py:4180} INFO - Setting next_dagrun for dataset_s3_bucket_consumer_with_no_taskflow to None, run_after=None
[2024-12-06T22:22:46.284-0600] {logging_mixin.py:190} INFO - [2024-12-06T22:22:46.284-0600] {dag.py:4180} INFO - Setting next_dagrun for dataset_s3_bucket_producer_with_no_taskflow to None, run_after=None
[2024-12-06T22:22:46.297-0600] {processor.py:208} INFO - Processing /home/m9d9v9/PycharmProjects/Airflow-2/Airflow-2/.venv/lib/python3.10/site-packages/airflow/example_dags/example_dataset_alias_with_no_taskflow.py took 0.086 seconds
[2024-12-06T22:23:51.685-0600] {processor.py:186} INFO - Started process (PID=12987) to work on /home/m9d9v9/PycharmProjects/Airflow-2/Airflow-2/.venv/lib/python3.10/site-packages/airflow/example_dags/example_dataset_alias_with_no_taskflow.py
[2024-12-06T22:23:51.692-0600] {processor.py:914} INFO - Processing file /home/m9d9v9/PycharmProjects/Airflow-2/Airflow-2/.venv/lib/python3.10/site-packages/airflow/example_dags/example_dataset_alias_with_no_taskflow.py for tasks to queue
[2024-12-06T22:23:51.693-0600] {logging_mixin.py:190} INFO - [2024-12-06T22:23:51.693-0600] {dagbag.py:588} INFO - Filling up the DagBag from /home/m9d9v9/PycharmProjects/Airflow-2/Airflow-2/.venv/lib/python3.10/site-packages/airflow/example_dags/example_dataset_alias_with_no_taskflow.py
[2024-12-06T22:23:51.722-0600] {processor.py:925} INFO - DAG(s) 'dataset_alias_example_alias_consumer_with_no_taskflow', 'dataset_alias_example_alias_producer_with_no_taskflow', 'dataset_s3_bucket_producer_with_no_taskflow', 'dataset_s3_bucket_consumer_with_no_taskflow' retrieved from /home/m9d9v9/PycharmProjects/Airflow-2/Airflow-2/.venv/lib/python3.10/site-packages/airflow/example_dags/example_dataset_alias_with_no_taskflow.py
[2024-12-06T22:23:51.738-0600] {logging_mixin.py:190} INFO - [2024-12-06T22:23:51.738-0600] {dag.py:3239} INFO - Sync 4 DAGs
[2024-12-06T22:23:51.756-0600] {logging_mixin.py:190} INFO - [2024-12-06T22:23:51.755-0600] {dag.py:4180} INFO - Setting next_dagrun for dataset_alias_example_alias_consumer_with_no_taskflow to None, run_after=None
[2024-12-06T22:23:51.758-0600] {logging_mixin.py:190} INFO - [2024-12-06T22:23:51.758-0600] {dag.py:4180} INFO - Setting next_dagrun for dataset_alias_example_alias_producer_with_no_taskflow to None, run_after=None
[2024-12-06T22:23:51.759-0600] {logging_mixin.py:190} INFO - [2024-12-06T22:23:51.759-0600] {dag.py:4180} INFO - Setting next_dagrun for dataset_s3_bucket_consumer_with_no_taskflow to None, run_after=None
[2024-12-06T22:23:51.759-0600] {logging_mixin.py:190} INFO - [2024-12-06T22:23:51.759-0600] {dag.py:4180} INFO - Setting next_dagrun for dataset_s3_bucket_producer_with_no_taskflow to None, run_after=None
[2024-12-06T22:23:51.775-0600] {processor.py:208} INFO - Processing /home/m9d9v9/PycharmProjects/Airflow-2/Airflow-2/.venv/lib/python3.10/site-packages/airflow/example_dags/example_dataset_alias_with_no_taskflow.py took 0.097 seconds
[2024-12-06T22:25:16.174-0600] {processor.py:186} INFO - Started process (PID=13110) to work on /home/m9d9v9/PycharmProjects/Airflow-2/Airflow-2/.venv/lib/python3.10/site-packages/airflow/example_dags/example_dataset_alias_with_no_taskflow.py
[2024-12-06T22:25:16.180-0600] {processor.py:914} INFO - Processing file /home/m9d9v9/PycharmProjects/Airflow-2/Airflow-2/.venv/lib/python3.10/site-packages/airflow/example_dags/example_dataset_alias_with_no_taskflow.py for tasks to queue
[2024-12-06T22:25:16.181-0600] {logging_mixin.py:190} INFO - [2024-12-06T22:25:16.181-0600] {dagbag.py:588} INFO - Filling up the DagBag from /home/m9d9v9/PycharmProjects/Airflow-2/Airflow-2/.venv/lib/python3.10/site-packages/airflow/example_dags/example_dataset_alias_with_no_taskflow.py
[2024-12-06T22:25:16.202-0600] {processor.py:925} INFO - DAG(s) 'dataset_alias_example_alias_producer_with_no_taskflow', 'dataset_s3_bucket_producer_with_no_taskflow', 'dataset_s3_bucket_consumer_with_no_taskflow', 'dataset_alias_example_alias_consumer_with_no_taskflow' retrieved from /home/m9d9v9/PycharmProjects/Airflow-2/Airflow-2/.venv/lib/python3.10/site-packages/airflow/example_dags/example_dataset_alias_with_no_taskflow.py
[2024-12-06T22:25:16.219-0600] {logging_mixin.py:190} INFO - [2024-12-06T22:25:16.219-0600] {dag.py:3239} INFO - Sync 4 DAGs
[2024-12-06T22:25:16.235-0600] {logging_mixin.py:190} INFO - [2024-12-06T22:25:16.234-0600] {dag.py:4180} INFO - Setting next_dagrun for dataset_alias_example_alias_consumer_with_no_taskflow to None, run_after=None
[2024-12-06T22:25:16.236-0600] {logging_mixin.py:190} INFO - [2024-12-06T22:25:16.236-0600] {dag.py:4180} INFO - Setting next_dagrun for dataset_alias_example_alias_producer_with_no_taskflow to None, run_after=None
[2024-12-06T22:25:16.237-0600] {logging_mixin.py:190} INFO - [2024-12-06T22:25:16.237-0600] {dag.py:4180} INFO - Setting next_dagrun for dataset_s3_bucket_consumer_with_no_taskflow to None, run_after=None
[2024-12-06T22:25:16.238-0600] {logging_mixin.py:190} INFO - [2024-12-06T22:25:16.238-0600] {dag.py:4180} INFO - Setting next_dagrun for dataset_s3_bucket_producer_with_no_taskflow to None, run_after=None
[2024-12-06T22:25:16.253-0600] {processor.py:208} INFO - Processing /home/m9d9v9/PycharmProjects/Airflow-2/Airflow-2/.venv/lib/python3.10/site-packages/airflow/example_dags/example_dataset_alias_with_no_taskflow.py took 0.085 seconds
[2024-12-06T22:26:42.114-0600] {processor.py:186} INFO - Started process (PID=13224) to work on /home/m9d9v9/PycharmProjects/Airflow-2/Airflow-2/.venv/lib/python3.10/site-packages/airflow/example_dags/example_dataset_alias_with_no_taskflow.py
[2024-12-06T22:26:42.119-0600] {processor.py:914} INFO - Processing file /home/m9d9v9/PycharmProjects/Airflow-2/Airflow-2/.venv/lib/python3.10/site-packages/airflow/example_dags/example_dataset_alias_with_no_taskflow.py for tasks to queue
[2024-12-06T22:26:42.120-0600] {logging_mixin.py:190} INFO - [2024-12-06T22:26:42.120-0600] {dagbag.py:588} INFO - Filling up the DagBag from /home/m9d9v9/PycharmProjects/Airflow-2/Airflow-2/.venv/lib/python3.10/site-packages/airflow/example_dags/example_dataset_alias_with_no_taskflow.py
[2024-12-06T22:26:42.138-0600] {processor.py:925} INFO - DAG(s) 'dataset_alias_example_alias_producer_with_no_taskflow', 'dataset_alias_example_alias_consumer_with_no_taskflow', 'dataset_s3_bucket_producer_with_no_taskflow', 'dataset_s3_bucket_consumer_with_no_taskflow' retrieved from /home/m9d9v9/PycharmProjects/Airflow-2/Airflow-2/.venv/lib/python3.10/site-packages/airflow/example_dags/example_dataset_alias_with_no_taskflow.py
[2024-12-06T22:26:42.152-0600] {logging_mixin.py:190} INFO - [2024-12-06T22:26:42.152-0600] {dag.py:3239} INFO - Sync 4 DAGs
[2024-12-06T22:26:42.167-0600] {logging_mixin.py:190} INFO - [2024-12-06T22:26:42.167-0600] {dag.py:4180} INFO - Setting next_dagrun for dataset_alias_example_alias_consumer_with_no_taskflow to None, run_after=None
[2024-12-06T22:26:42.168-0600] {logging_mixin.py:190} INFO - [2024-12-06T22:26:42.168-0600] {dag.py:4180} INFO - Setting next_dagrun for dataset_alias_example_alias_producer_with_no_taskflow to None, run_after=None
[2024-12-06T22:26:42.169-0600] {logging_mixin.py:190} INFO - [2024-12-06T22:26:42.169-0600] {dag.py:4180} INFO - Setting next_dagrun for dataset_s3_bucket_consumer_with_no_taskflow to None, run_after=None
[2024-12-06T22:26:42.170-0600] {logging_mixin.py:190} INFO - [2024-12-06T22:26:42.169-0600] {dag.py:4180} INFO - Setting next_dagrun for dataset_s3_bucket_producer_with_no_taskflow to None, run_after=None
[2024-12-06T22:26:42.184-0600] {processor.py:208} INFO - Processing /home/m9d9v9/PycharmProjects/Airflow-2/Airflow-2/.venv/lib/python3.10/site-packages/airflow/example_dags/example_dataset_alias_with_no_taskflow.py took 0.075 seconds
[2024-12-06T22:37:38.729-0600] {processor.py:186} INFO - Started process (PID=14665) to work on /home/m9d9v9/PycharmProjects/Airflow-2/Airflow-2/.venv/lib/python3.10/site-packages/airflow/example_dags/example_dataset_alias_with_no_taskflow.py
[2024-12-06T22:37:38.735-0600] {processor.py:914} INFO - Processing file /home/m9d9v9/PycharmProjects/Airflow-2/Airflow-2/.venv/lib/python3.10/site-packages/airflow/example_dags/example_dataset_alias_with_no_taskflow.py for tasks to queue
[2024-12-06T22:37:38.739-0600] {logging_mixin.py:190} INFO - [2024-12-06T22:37:38.738-0600] {dagbag.py:588} INFO - Filling up the DagBag from /home/m9d9v9/PycharmProjects/Airflow-2/Airflow-2/.venv/lib/python3.10/site-packages/airflow/example_dags/example_dataset_alias_with_no_taskflow.py
[2024-12-06T22:37:38.781-0600] {processor.py:925} INFO - DAG(s) 'dataset_s3_bucket_consumer_with_no_taskflow', 'dataset_alias_example_alias_producer_with_no_taskflow', 'dataset_alias_example_alias_consumer_with_no_taskflow', 'dataset_s3_bucket_producer_with_no_taskflow' retrieved from /home/m9d9v9/PycharmProjects/Airflow-2/Airflow-2/.venv/lib/python3.10/site-packages/airflow/example_dags/example_dataset_alias_with_no_taskflow.py
[2024-12-06T22:37:38.794-0600] {logging_mixin.py:190} INFO - [2024-12-06T22:37:38.794-0600] {dag.py:3239} INFO - Sync 4 DAGs
[2024-12-06T22:37:38.807-0600] {logging_mixin.py:190} INFO - [2024-12-06T22:37:38.807-0600] {dag.py:4180} INFO - Setting next_dagrun for dataset_alias_example_alias_consumer_with_no_taskflow to None, run_after=None
[2024-12-06T22:37:38.808-0600] {logging_mixin.py:190} INFO - [2024-12-06T22:37:38.808-0600] {dag.py:4180} INFO - Setting next_dagrun for dataset_alias_example_alias_producer_with_no_taskflow to None, run_after=None
[2024-12-06T22:37:38.809-0600] {logging_mixin.py:190} INFO - [2024-12-06T22:37:38.809-0600] {dag.py:4180} INFO - Setting next_dagrun for dataset_s3_bucket_consumer_with_no_taskflow to None, run_after=None
[2024-12-06T22:37:38.809-0600] {logging_mixin.py:190} INFO - [2024-12-06T22:37:38.809-0600] {dag.py:4180} INFO - Setting next_dagrun for dataset_s3_bucket_producer_with_no_taskflow to None, run_after=None
[2024-12-06T22:37:38.826-0600] {processor.py:208} INFO - Processing /home/m9d9v9/PycharmProjects/Airflow-2/Airflow-2/.venv/lib/python3.10/site-packages/airflow/example_dags/example_dataset_alias_with_no_taskflow.py took 0.102 seconds
[2024-12-06T22:38:35.890-0600] {processor.py:186} INFO - Started process (PID=14771) to work on /home/m9d9v9/PycharmProjects/Airflow-2/Airflow-2/.venv/lib/python3.10/site-packages/airflow/example_dags/example_dataset_alias_with_no_taskflow.py
[2024-12-06T22:38:35.896-0600] {processor.py:914} INFO - Processing file /home/m9d9v9/PycharmProjects/Airflow-2/Airflow-2/.venv/lib/python3.10/site-packages/airflow/example_dags/example_dataset_alias_with_no_taskflow.py for tasks to queue
[2024-12-06T22:38:35.897-0600] {logging_mixin.py:190} INFO - [2024-12-06T22:38:35.897-0600] {dagbag.py:588} INFO - Filling up the DagBag from /home/m9d9v9/PycharmProjects/Airflow-2/Airflow-2/.venv/lib/python3.10/site-packages/airflow/example_dags/example_dataset_alias_with_no_taskflow.py
[2024-12-06T22:38:35.915-0600] {processor.py:925} INFO - DAG(s) 'dataset_alias_example_alias_consumer_with_no_taskflow', 'dataset_s3_bucket_producer_with_no_taskflow', 'dataset_alias_example_alias_producer_with_no_taskflow', 'dataset_s3_bucket_consumer_with_no_taskflow' retrieved from /home/m9d9v9/PycharmProjects/Airflow-2/Airflow-2/.venv/lib/python3.10/site-packages/airflow/example_dags/example_dataset_alias_with_no_taskflow.py
[2024-12-06T22:38:35.930-0600] {logging_mixin.py:190} INFO - [2024-12-06T22:38:35.930-0600] {dag.py:3239} INFO - Sync 4 DAGs
[2024-12-06T22:38:35.944-0600] {logging_mixin.py:190} INFO - [2024-12-06T22:38:35.944-0600] {dag.py:4180} INFO - Setting next_dagrun for dataset_alias_example_alias_consumer_with_no_taskflow to None, run_after=None
[2024-12-06T22:38:35.945-0600] {logging_mixin.py:190} INFO - [2024-12-06T22:38:35.945-0600] {dag.py:4180} INFO - Setting next_dagrun for dataset_alias_example_alias_producer_with_no_taskflow to None, run_after=None
[2024-12-06T22:38:35.946-0600] {logging_mixin.py:190} INFO - [2024-12-06T22:38:35.946-0600] {dag.py:4180} INFO - Setting next_dagrun for dataset_s3_bucket_consumer_with_no_taskflow to None, run_after=None
[2024-12-06T22:38:35.946-0600] {logging_mixin.py:190} INFO - [2024-12-06T22:38:35.946-0600] {dag.py:4180} INFO - Setting next_dagrun for dataset_s3_bucket_producer_with_no_taskflow to None, run_after=None
[2024-12-06T22:38:35.962-0600] {processor.py:208} INFO - Processing /home/m9d9v9/PycharmProjects/Airflow-2/Airflow-2/.venv/lib/python3.10/site-packages/airflow/example_dags/example_dataset_alias_with_no_taskflow.py took 0.077 seconds
[2024-12-06T22:40:02.619-0600] {processor.py:186} INFO - Started process (PID=15023) to work on /home/m9d9v9/PycharmProjects/Airflow-2/Airflow-2/.venv/lib/python3.10/site-packages/airflow/example_dags/example_dataset_alias_with_no_taskflow.py
[2024-12-06T22:40:02.625-0600] {processor.py:914} INFO - Processing file /home/m9d9v9/PycharmProjects/Airflow-2/Airflow-2/.venv/lib/python3.10/site-packages/airflow/example_dags/example_dataset_alias_with_no_taskflow.py for tasks to queue
[2024-12-06T22:40:02.629-0600] {logging_mixin.py:190} INFO - [2024-12-06T22:40:02.628-0600] {dagbag.py:588} INFO - Filling up the DagBag from /home/m9d9v9/PycharmProjects/Airflow-2/Airflow-2/.venv/lib/python3.10/site-packages/airflow/example_dags/example_dataset_alias_with_no_taskflow.py
[2024-12-06T22:40:02.650-0600] {processor.py:925} INFO - DAG(s) 'dataset_s3_bucket_producer_with_no_taskflow', 'dataset_alias_example_alias_consumer_with_no_taskflow', 'dataset_alias_example_alias_producer_with_no_taskflow', 'dataset_s3_bucket_consumer_with_no_taskflow' retrieved from /home/m9d9v9/PycharmProjects/Airflow-2/Airflow-2/.venv/lib/python3.10/site-packages/airflow/example_dags/example_dataset_alias_with_no_taskflow.py
[2024-12-06T22:40:02.663-0600] {logging_mixin.py:190} INFO - [2024-12-06T22:40:02.663-0600] {dag.py:3239} INFO - Sync 4 DAGs
[2024-12-06T22:40:02.677-0600] {logging_mixin.py:190} INFO - [2024-12-06T22:40:02.676-0600] {dag.py:4180} INFO - Setting next_dagrun for dataset_alias_example_alias_consumer_with_no_taskflow to None, run_after=None
[2024-12-06T22:40:02.678-0600] {logging_mixin.py:190} INFO - [2024-12-06T22:40:02.678-0600] {dag.py:4180} INFO - Setting next_dagrun for dataset_alias_example_alias_producer_with_no_taskflow to None, run_after=None
[2024-12-06T22:40:02.679-0600] {logging_mixin.py:190} INFO - [2024-12-06T22:40:02.678-0600] {dag.py:4180} INFO - Setting next_dagrun for dataset_s3_bucket_consumer_with_no_taskflow to None, run_after=None
[2024-12-06T22:40:02.679-0600] {logging_mixin.py:190} INFO - [2024-12-06T22:40:02.679-0600] {dag.py:4180} INFO - Setting next_dagrun for dataset_s3_bucket_producer_with_no_taskflow to None, run_after=None
[2024-12-06T22:40:02.694-0600] {processor.py:208} INFO - Processing /home/m9d9v9/PycharmProjects/Airflow-2/Airflow-2/.venv/lib/python3.10/site-packages/airflow/example_dags/example_dataset_alias_with_no_taskflow.py took 0.082 seconds
[2024-12-06T22:41:02.178-0600] {processor.py:186} INFO - Started process (PID=15128) to work on /home/m9d9v9/PycharmProjects/Airflow-2/Airflow-2/.venv/lib/python3.10/site-packages/airflow/example_dags/example_dataset_alias_with_no_taskflow.py
[2024-12-06T22:41:02.185-0600] {processor.py:914} INFO - Processing file /home/m9d9v9/PycharmProjects/Airflow-2/Airflow-2/.venv/lib/python3.10/site-packages/airflow/example_dags/example_dataset_alias_with_no_taskflow.py for tasks to queue
[2024-12-06T22:41:02.187-0600] {logging_mixin.py:190} INFO - [2024-12-06T22:41:02.187-0600] {dagbag.py:588} INFO - Filling up the DagBag from /home/m9d9v9/PycharmProjects/Airflow-2/Airflow-2/.venv/lib/python3.10/site-packages/airflow/example_dags/example_dataset_alias_with_no_taskflow.py
[2024-12-06T22:41:02.212-0600] {processor.py:925} INFO - DAG(s) 'dataset_s3_bucket_consumer_with_no_taskflow', 'dataset_alias_example_alias_consumer_with_no_taskflow', 'dataset_alias_example_alias_producer_with_no_taskflow', 'dataset_s3_bucket_producer_with_no_taskflow' retrieved from /home/m9d9v9/PycharmProjects/Airflow-2/Airflow-2/.venv/lib/python3.10/site-packages/airflow/example_dags/example_dataset_alias_with_no_taskflow.py
[2024-12-06T22:41:02.230-0600] {logging_mixin.py:190} INFO - [2024-12-06T22:41:02.230-0600] {dag.py:3239} INFO - Sync 4 DAGs
[2024-12-06T22:41:02.250-0600] {logging_mixin.py:190} INFO - [2024-12-06T22:41:02.250-0600] {dag.py:4180} INFO - Setting next_dagrun for dataset_alias_example_alias_consumer_with_no_taskflow to None, run_after=None
[2024-12-06T22:41:02.252-0600] {logging_mixin.py:190} INFO - [2024-12-06T22:41:02.252-0600] {dag.py:4180} INFO - Setting next_dagrun for dataset_alias_example_alias_producer_with_no_taskflow to None, run_after=None
[2024-12-06T22:41:02.253-0600] {logging_mixin.py:190} INFO - [2024-12-06T22:41:02.253-0600] {dag.py:4180} INFO - Setting next_dagrun for dataset_s3_bucket_consumer_with_no_taskflow to None, run_after=None
[2024-12-06T22:41:02.254-0600] {logging_mixin.py:190} INFO - [2024-12-06T22:41:02.254-0600] {dag.py:4180} INFO - Setting next_dagrun for dataset_s3_bucket_producer_with_no_taskflow to None, run_after=None
[2024-12-06T22:41:02.273-0600] {processor.py:208} INFO - Processing /home/m9d9v9/PycharmProjects/Airflow-2/Airflow-2/.venv/lib/python3.10/site-packages/airflow/example_dags/example_dataset_alias_with_no_taskflow.py took 0.103 seconds
[2024-12-06T23:25:45.813-0600] {processor.py:186} INFO - Started process (PID=17343) to work on /home/m9d9v9/PycharmProjects/Airflow-2/Airflow-2/.venv/lib/python3.10/site-packages/airflow/example_dags/example_dataset_alias_with_no_taskflow.py
[2024-12-06T23:25:45.819-0600] {processor.py:914} INFO - Processing file /home/m9d9v9/PycharmProjects/Airflow-2/Airflow-2/.venv/lib/python3.10/site-packages/airflow/example_dags/example_dataset_alias_with_no_taskflow.py for tasks to queue
[2024-12-06T23:25:45.822-0600] {logging_mixin.py:190} INFO - [2024-12-06T23:25:45.821-0600] {dagbag.py:588} INFO - Filling up the DagBag from /home/m9d9v9/PycharmProjects/Airflow-2/Airflow-2/.venv/lib/python3.10/site-packages/airflow/example_dags/example_dataset_alias_with_no_taskflow.py
[2024-12-06T23:25:45.846-0600] {processor.py:925} INFO - DAG(s) 'dataset_s3_bucket_consumer_with_no_taskflow', 'dataset_s3_bucket_producer_with_no_taskflow', 'dataset_alias_example_alias_producer_with_no_taskflow', 'dataset_alias_example_alias_consumer_with_no_taskflow' retrieved from /home/m9d9v9/PycharmProjects/Airflow-2/Airflow-2/.venv/lib/python3.10/site-packages/airflow/example_dags/example_dataset_alias_with_no_taskflow.py
[2024-12-06T23:25:45.868-0600] {logging_mixin.py:190} INFO - [2024-12-06T23:25:45.868-0600] {dag.py:3239} INFO - Sync 4 DAGs
[2024-12-06T23:25:45.880-0600] {logging_mixin.py:190} INFO - [2024-12-06T23:25:45.880-0600] {dag.py:4180} INFO - Setting next_dagrun for dataset_alias_example_alias_consumer_with_no_taskflow to None, run_after=None
[2024-12-06T23:25:45.881-0600] {logging_mixin.py:190} INFO - [2024-12-06T23:25:45.881-0600] {dag.py:4180} INFO - Setting next_dagrun for dataset_alias_example_alias_producer_with_no_taskflow to None, run_after=None
[2024-12-06T23:25:45.882-0600] {logging_mixin.py:190} INFO - [2024-12-06T23:25:45.882-0600] {dag.py:4180} INFO - Setting next_dagrun for dataset_s3_bucket_consumer_with_no_taskflow to None, run_after=None
[2024-12-06T23:25:45.882-0600] {logging_mixin.py:190} INFO - [2024-12-06T23:25:45.882-0600] {dag.py:4180} INFO - Setting next_dagrun for dataset_s3_bucket_producer_with_no_taskflow to None, run_after=None
[2024-12-06T23:25:45.897-0600] {processor.py:208} INFO - Processing /home/m9d9v9/PycharmProjects/Airflow-2/Airflow-2/.venv/lib/python3.10/site-packages/airflow/example_dags/example_dataset_alias_with_no_taskflow.py took 0.091 seconds
[2024-12-06T23:26:43.514-0600] {processor.py:186} INFO - Started process (PID=17427) to work on /home/m9d9v9/PycharmProjects/Airflow-2/Airflow-2/.venv/lib/python3.10/site-packages/airflow/example_dags/example_dataset_alias_with_no_taskflow.py
[2024-12-06T23:26:43.521-0600] {processor.py:914} INFO - Processing file /home/m9d9v9/PycharmProjects/Airflow-2/Airflow-2/.venv/lib/python3.10/site-packages/airflow/example_dags/example_dataset_alias_with_no_taskflow.py for tasks to queue
[2024-12-06T23:26:43.523-0600] {logging_mixin.py:190} INFO - [2024-12-06T23:26:43.522-0600] {dagbag.py:588} INFO - Filling up the DagBag from /home/m9d9v9/PycharmProjects/Airflow-2/Airflow-2/.venv/lib/python3.10/site-packages/airflow/example_dags/example_dataset_alias_with_no_taskflow.py
[2024-12-06T23:26:43.554-0600] {processor.py:925} INFO - DAG(s) 'dataset_alias_example_alias_producer_with_no_taskflow', 'dataset_s3_bucket_producer_with_no_taskflow', 'dataset_alias_example_alias_consumer_with_no_taskflow', 'dataset_s3_bucket_consumer_with_no_taskflow' retrieved from /home/m9d9v9/PycharmProjects/Airflow-2/Airflow-2/.venv/lib/python3.10/site-packages/airflow/example_dags/example_dataset_alias_with_no_taskflow.py
[2024-12-06T23:26:43.570-0600] {logging_mixin.py:190} INFO - [2024-12-06T23:26:43.570-0600] {dag.py:3239} INFO - Sync 4 DAGs
[2024-12-06T23:26:43.582-0600] {logging_mixin.py:190} INFO - [2024-12-06T23:26:43.581-0600] {dag.py:4180} INFO - Setting next_dagrun for dataset_alias_example_alias_consumer_with_no_taskflow to None, run_after=None
[2024-12-06T23:26:43.583-0600] {logging_mixin.py:190} INFO - [2024-12-06T23:26:43.583-0600] {dag.py:4180} INFO - Setting next_dagrun for dataset_alias_example_alias_producer_with_no_taskflow to None, run_after=None
[2024-12-06T23:26:43.583-0600] {logging_mixin.py:190} INFO - [2024-12-06T23:26:43.583-0600] {dag.py:4180} INFO - Setting next_dagrun for dataset_s3_bucket_consumer_with_no_taskflow to None, run_after=None
[2024-12-06T23:26:43.584-0600] {logging_mixin.py:190} INFO - [2024-12-06T23:26:43.584-0600] {dag.py:4180} INFO - Setting next_dagrun for dataset_s3_bucket_producer_with_no_taskflow to None, run_after=None
[2024-12-06T23:26:43.598-0600] {processor.py:208} INFO - Processing /home/m9d9v9/PycharmProjects/Airflow-2/Airflow-2/.venv/lib/python3.10/site-packages/airflow/example_dags/example_dataset_alias_with_no_taskflow.py took 0.094 seconds
[2024-12-06T23:28:07.569-0600] {processor.py:186} INFO - Started process (PID=17561) to work on /home/m9d9v9/PycharmProjects/Airflow-2/Airflow-2/.venv/lib/python3.10/site-packages/airflow/example_dags/example_dataset_alias_with_no_taskflow.py
[2024-12-06T23:28:07.570-0600] {processor.py:914} INFO - Processing file /home/m9d9v9/PycharmProjects/Airflow-2/Airflow-2/.venv/lib/python3.10/site-packages/airflow/example_dags/example_dataset_alias_with_no_taskflow.py for tasks to queue
[2024-12-06T23:28:07.572-0600] {logging_mixin.py:190} INFO - [2024-12-06T23:28:07.571-0600] {dagbag.py:588} INFO - Filling up the DagBag from /home/m9d9v9/PycharmProjects/Airflow-2/Airflow-2/.venv/lib/python3.10/site-packages/airflow/example_dags/example_dataset_alias_with_no_taskflow.py
[2024-12-06T23:28:07.595-0600] {processor.py:925} INFO - DAG(s) 'dataset_s3_bucket_consumer_with_no_taskflow', 'dataset_alias_example_alias_consumer_with_no_taskflow', 'dataset_s3_bucket_producer_with_no_taskflow', 'dataset_alias_example_alias_producer_with_no_taskflow' retrieved from /home/m9d9v9/PycharmProjects/Airflow-2/Airflow-2/.venv/lib/python3.10/site-packages/airflow/example_dags/example_dataset_alias_with_no_taskflow.py
[2024-12-06T23:28:07.612-0600] {logging_mixin.py:190} INFO - [2024-12-06T23:28:07.612-0600] {dag.py:3239} INFO - Sync 4 DAGs
[2024-12-06T23:28:07.630-0600] {logging_mixin.py:190} INFO - [2024-12-06T23:28:07.630-0600] {dag.py:4180} INFO - Setting next_dagrun for dataset_alias_example_alias_consumer_with_no_taskflow to None, run_after=None
[2024-12-06T23:28:07.633-0600] {logging_mixin.py:190} INFO - [2024-12-06T23:28:07.632-0600] {dag.py:4180} INFO - Setting next_dagrun for dataset_alias_example_alias_producer_with_no_taskflow to None, run_after=None
[2024-12-06T23:28:07.634-0600] {logging_mixin.py:190} INFO - [2024-12-06T23:28:07.634-0600] {dag.py:4180} INFO - Setting next_dagrun for dataset_s3_bucket_consumer_with_no_taskflow to None, run_after=None
[2024-12-06T23:28:07.635-0600] {logging_mixin.py:190} INFO - [2024-12-06T23:28:07.634-0600] {dag.py:4180} INFO - Setting next_dagrun for dataset_s3_bucket_producer_with_no_taskflow to None, run_after=None
[2024-12-06T23:28:07.782-0600] {processor.py:208} INFO - Processing /home/m9d9v9/PycharmProjects/Airflow-2/Airflow-2/.venv/lib/python3.10/site-packages/airflow/example_dags/example_dataset_alias_with_no_taskflow.py took 0.223 seconds
[2024-12-06T23:29:33.378-0600] {processor.py:186} INFO - Started process (PID=17744) to work on /home/m9d9v9/PycharmProjects/Airflow-2/Airflow-2/.venv/lib/python3.10/site-packages/airflow/example_dags/example_dataset_alias_with_no_taskflow.py
[2024-12-06T23:29:33.385-0600] {processor.py:914} INFO - Processing file /home/m9d9v9/PycharmProjects/Airflow-2/Airflow-2/.venv/lib/python3.10/site-packages/airflow/example_dags/example_dataset_alias_with_no_taskflow.py for tasks to queue
[2024-12-06T23:29:33.388-0600] {logging_mixin.py:190} INFO - [2024-12-06T23:29:33.387-0600] {dagbag.py:588} INFO - Filling up the DagBag from /home/m9d9v9/PycharmProjects/Airflow-2/Airflow-2/.venv/lib/python3.10/site-packages/airflow/example_dags/example_dataset_alias_with_no_taskflow.py
[2024-12-06T23:29:33.427-0600] {processor.py:925} INFO - DAG(s) 'dataset_s3_bucket_producer_with_no_taskflow', 'dataset_s3_bucket_consumer_with_no_taskflow', 'dataset_alias_example_alias_producer_with_no_taskflow', 'dataset_alias_example_alias_consumer_with_no_taskflow' retrieved from /home/m9d9v9/PycharmProjects/Airflow-2/Airflow-2/.venv/lib/python3.10/site-packages/airflow/example_dags/example_dataset_alias_with_no_taskflow.py
[2024-12-06T23:29:33.439-0600] {logging_mixin.py:190} INFO - [2024-12-06T23:29:33.438-0600] {dag.py:3239} INFO - Sync 4 DAGs
[2024-12-06T23:29:33.450-0600] {logging_mixin.py:190} INFO - [2024-12-06T23:29:33.450-0600] {dag.py:4180} INFO - Setting next_dagrun for dataset_alias_example_alias_consumer_with_no_taskflow to None, run_after=None
[2024-12-06T23:29:33.451-0600] {logging_mixin.py:190} INFO - [2024-12-06T23:29:33.451-0600] {dag.py:4180} INFO - Setting next_dagrun for dataset_alias_example_alias_producer_with_no_taskflow to None, run_after=None
[2024-12-06T23:29:33.452-0600] {logging_mixin.py:190} INFO - [2024-12-06T23:29:33.452-0600] {dag.py:4180} INFO - Setting next_dagrun for dataset_s3_bucket_consumer_with_no_taskflow to None, run_after=None
[2024-12-06T23:29:33.452-0600] {logging_mixin.py:190} INFO - [2024-12-06T23:29:33.452-0600] {dag.py:4180} INFO - Setting next_dagrun for dataset_s3_bucket_producer_with_no_taskflow to None, run_after=None
[2024-12-06T23:29:33.465-0600] {processor.py:208} INFO - Processing /home/m9d9v9/PycharmProjects/Airflow-2/Airflow-2/.venv/lib/python3.10/site-packages/airflow/example_dags/example_dataset_alias_with_no_taskflow.py took 0.098 seconds
[2024-12-06T23:30:57.427-0600] {processor.py:186} INFO - Started process (PID=17901) to work on /home/m9d9v9/PycharmProjects/Airflow-2/Airflow-2/.venv/lib/python3.10/site-packages/airflow/example_dags/example_dataset_alias_with_no_taskflow.py
[2024-12-06T23:30:57.433-0600] {processor.py:914} INFO - Processing file /home/m9d9v9/PycharmProjects/Airflow-2/Airflow-2/.venv/lib/python3.10/site-packages/airflow/example_dags/example_dataset_alias_with_no_taskflow.py for tasks to queue
[2024-12-06T23:30:57.434-0600] {logging_mixin.py:190} INFO - [2024-12-06T23:30:57.434-0600] {dagbag.py:588} INFO - Filling up the DagBag from /home/m9d9v9/PycharmProjects/Airflow-2/Airflow-2/.venv/lib/python3.10/site-packages/airflow/example_dags/example_dataset_alias_with_no_taskflow.py
[2024-12-06T23:30:57.448-0600] {processor.py:925} INFO - DAG(s) 'dataset_s3_bucket_producer_with_no_taskflow', 'dataset_alias_example_alias_producer_with_no_taskflow', 'dataset_s3_bucket_consumer_with_no_taskflow', 'dataset_alias_example_alias_consumer_with_no_taskflow' retrieved from /home/m9d9v9/PycharmProjects/Airflow-2/Airflow-2/.venv/lib/python3.10/site-packages/airflow/example_dags/example_dataset_alias_with_no_taskflow.py
[2024-12-06T23:30:57.459-0600] {logging_mixin.py:190} INFO - [2024-12-06T23:30:57.459-0600] {dag.py:3239} INFO - Sync 4 DAGs
[2024-12-06T23:30:57.470-0600] {logging_mixin.py:190} INFO - [2024-12-06T23:30:57.470-0600] {dag.py:4180} INFO - Setting next_dagrun for dataset_alias_example_alias_consumer_with_no_taskflow to None, run_after=None
[2024-12-06T23:30:57.471-0600] {logging_mixin.py:190} INFO - [2024-12-06T23:30:57.471-0600] {dag.py:4180} INFO - Setting next_dagrun for dataset_alias_example_alias_producer_with_no_taskflow to None, run_after=None
[2024-12-06T23:30:57.472-0600] {logging_mixin.py:190} INFO - [2024-12-06T23:30:57.472-0600] {dag.py:4180} INFO - Setting next_dagrun for dataset_s3_bucket_consumer_with_no_taskflow to None, run_after=None
[2024-12-06T23:30:57.472-0600] {logging_mixin.py:190} INFO - [2024-12-06T23:30:57.472-0600] {dag.py:4180} INFO - Setting next_dagrun for dataset_s3_bucket_producer_with_no_taskflow to None, run_after=None
[2024-12-06T23:30:57.487-0600] {processor.py:208} INFO - Processing /home/m9d9v9/PycharmProjects/Airflow-2/Airflow-2/.venv/lib/python3.10/site-packages/airflow/example_dags/example_dataset_alias_with_no_taskflow.py took 0.063 seconds
[2024-12-06T23:32:24.250-0600] {processor.py:186} INFO - Started process (PID=18044) to work on /home/m9d9v9/PycharmProjects/Airflow-2/Airflow-2/.venv/lib/python3.10/site-packages/airflow/example_dags/example_dataset_alias_with_no_taskflow.py
[2024-12-06T23:32:24.251-0600] {processor.py:914} INFO - Processing file /home/m9d9v9/PycharmProjects/Airflow-2/Airflow-2/.venv/lib/python3.10/site-packages/airflow/example_dags/example_dataset_alias_with_no_taskflow.py for tasks to queue
[2024-12-06T23:32:24.252-0600] {logging_mixin.py:190} INFO - [2024-12-06T23:32:24.251-0600] {dagbag.py:588} INFO - Filling up the DagBag from /home/m9d9v9/PycharmProjects/Airflow-2/Airflow-2/.venv/lib/python3.10/site-packages/airflow/example_dags/example_dataset_alias_with_no_taskflow.py
[2024-12-06T23:32:24.265-0600] {processor.py:925} INFO - DAG(s) 'dataset_alias_example_alias_producer_with_no_taskflow', 'dataset_s3_bucket_consumer_with_no_taskflow', 'dataset_alias_example_alias_consumer_with_no_taskflow', 'dataset_s3_bucket_producer_with_no_taskflow' retrieved from /home/m9d9v9/PycharmProjects/Airflow-2/Airflow-2/.venv/lib/python3.10/site-packages/airflow/example_dags/example_dataset_alias_with_no_taskflow.py
[2024-12-06T23:32:24.276-0600] {logging_mixin.py:190} INFO - [2024-12-06T23:32:24.276-0600] {dag.py:3239} INFO - Sync 4 DAGs
[2024-12-06T23:32:24.287-0600] {logging_mixin.py:190} INFO - [2024-12-06T23:32:24.287-0600] {dag.py:4180} INFO - Setting next_dagrun for dataset_alias_example_alias_consumer_with_no_taskflow to None, run_after=None
[2024-12-06T23:32:24.288-0600] {logging_mixin.py:190} INFO - [2024-12-06T23:32:24.288-0600] {dag.py:4180} INFO - Setting next_dagrun for dataset_alias_example_alias_producer_with_no_taskflow to None, run_after=None
[2024-12-06T23:32:24.289-0600] {logging_mixin.py:190} INFO - [2024-12-06T23:32:24.289-0600] {dag.py:4180} INFO - Setting next_dagrun for dataset_s3_bucket_consumer_with_no_taskflow to None, run_after=None
[2024-12-06T23:32:24.289-0600] {logging_mixin.py:190} INFO - [2024-12-06T23:32:24.289-0600] {dag.py:4180} INFO - Setting next_dagrun for dataset_s3_bucket_producer_with_no_taskflow to None, run_after=None
[2024-12-06T23:32:24.301-0600] {processor.py:208} INFO - Processing /home/m9d9v9/PycharmProjects/Airflow-2/Airflow-2/.venv/lib/python3.10/site-packages/airflow/example_dags/example_dataset_alias_with_no_taskflow.py took 0.055 seconds
[2024-12-06T23:33:21.396-0600] {processor.py:186} INFO - Started process (PID=18113) to work on /home/m9d9v9/PycharmProjects/Airflow-2/Airflow-2/.venv/lib/python3.10/site-packages/airflow/example_dags/example_dataset_alias_with_no_taskflow.py
[2024-12-06T23:33:21.402-0600] {processor.py:914} INFO - Processing file /home/m9d9v9/PycharmProjects/Airflow-2/Airflow-2/.venv/lib/python3.10/site-packages/airflow/example_dags/example_dataset_alias_with_no_taskflow.py for tasks to queue
[2024-12-06T23:33:21.405-0600] {logging_mixin.py:190} INFO - [2024-12-06T23:33:21.404-0600] {dagbag.py:588} INFO - Filling up the DagBag from /home/m9d9v9/PycharmProjects/Airflow-2/Airflow-2/.venv/lib/python3.10/site-packages/airflow/example_dags/example_dataset_alias_with_no_taskflow.py
[2024-12-06T23:33:21.445-0600] {processor.py:925} INFO - DAG(s) 'dataset_s3_bucket_consumer_with_no_taskflow', 'dataset_alias_example_alias_consumer_with_no_taskflow', 'dataset_alias_example_alias_producer_with_no_taskflow', 'dataset_s3_bucket_producer_with_no_taskflow' retrieved from /home/m9d9v9/PycharmProjects/Airflow-2/Airflow-2/.venv/lib/python3.10/site-packages/airflow/example_dags/example_dataset_alias_with_no_taskflow.py
[2024-12-06T23:33:21.456-0600] {logging_mixin.py:190} INFO - [2024-12-06T23:33:21.456-0600] {dag.py:3239} INFO - Sync 4 DAGs
[2024-12-06T23:33:21.559-0600] {logging_mixin.py:190} INFO - [2024-12-06T23:33:21.559-0600] {dag.py:4180} INFO - Setting next_dagrun for dataset_alias_example_alias_consumer_with_no_taskflow to None, run_after=None
[2024-12-06T23:33:21.561-0600] {logging_mixin.py:190} INFO - [2024-12-06T23:33:21.560-0600] {dag.py:4180} INFO - Setting next_dagrun for dataset_alias_example_alias_producer_with_no_taskflow to None, run_after=None
[2024-12-06T23:33:21.561-0600] {logging_mixin.py:190} INFO - [2024-12-06T23:33:21.561-0600] {dag.py:4180} INFO - Setting next_dagrun for dataset_s3_bucket_consumer_with_no_taskflow to None, run_after=None
[2024-12-06T23:33:21.562-0600] {logging_mixin.py:190} INFO - [2024-12-06T23:33:21.562-0600] {dag.py:4180} INFO - Setting next_dagrun for dataset_s3_bucket_producer_with_no_taskflow to None, run_after=None
[2024-12-06T23:33:21.579-0600] {processor.py:208} INFO - Processing /home/m9d9v9/PycharmProjects/Airflow-2/Airflow-2/.venv/lib/python3.10/site-packages/airflow/example_dags/example_dataset_alias_with_no_taskflow.py took 0.194 seconds
[2024-12-06T23:34:48.212-0600] {processor.py:186} INFO - Started process (PID=18277) to work on /home/m9d9v9/PycharmProjects/Airflow-2/Airflow-2/.venv/lib/python3.10/site-packages/airflow/example_dags/example_dataset_alias_with_no_taskflow.py
[2024-12-06T23:34:48.219-0600] {processor.py:914} INFO - Processing file /home/m9d9v9/PycharmProjects/Airflow-2/Airflow-2/.venv/lib/python3.10/site-packages/airflow/example_dags/example_dataset_alias_with_no_taskflow.py for tasks to queue
[2024-12-06T23:34:48.221-0600] {logging_mixin.py:190} INFO - [2024-12-06T23:34:48.220-0600] {dagbag.py:588} INFO - Filling up the DagBag from /home/m9d9v9/PycharmProjects/Airflow-2/Airflow-2/.venv/lib/python3.10/site-packages/airflow/example_dags/example_dataset_alias_with_no_taskflow.py
[2024-12-06T23:34:48.258-0600] {processor.py:925} INFO - DAG(s) 'dataset_alias_example_alias_producer_with_no_taskflow', 'dataset_alias_example_alias_consumer_with_no_taskflow', 'dataset_s3_bucket_consumer_with_no_taskflow', 'dataset_s3_bucket_producer_with_no_taskflow' retrieved from /home/m9d9v9/PycharmProjects/Airflow-2/Airflow-2/.venv/lib/python3.10/site-packages/airflow/example_dags/example_dataset_alias_with_no_taskflow.py
[2024-12-06T23:34:48.269-0600] {logging_mixin.py:190} INFO - [2024-12-06T23:34:48.269-0600] {dag.py:3239} INFO - Sync 4 DAGs
[2024-12-06T23:34:48.370-0600] {logging_mixin.py:190} INFO - [2024-12-06T23:34:48.370-0600] {dag.py:4180} INFO - Setting next_dagrun for dataset_alias_example_alias_consumer_with_no_taskflow to None, run_after=None
[2024-12-06T23:34:48.372-0600] {logging_mixin.py:190} INFO - [2024-12-06T23:34:48.372-0600] {dag.py:4180} INFO - Setting next_dagrun for dataset_alias_example_alias_producer_with_no_taskflow to None, run_after=None
[2024-12-06T23:34:48.372-0600] {logging_mixin.py:190} INFO - [2024-12-06T23:34:48.372-0600] {dag.py:4180} INFO - Setting next_dagrun for dataset_s3_bucket_consumer_with_no_taskflow to None, run_after=None
[2024-12-06T23:34:48.373-0600] {logging_mixin.py:190} INFO - [2024-12-06T23:34:48.373-0600] {dag.py:4180} INFO - Setting next_dagrun for dataset_s3_bucket_producer_with_no_taskflow to None, run_after=None
[2024-12-06T23:34:48.392-0600] {processor.py:208} INFO - Processing /home/m9d9v9/PycharmProjects/Airflow-2/Airflow-2/.venv/lib/python3.10/site-packages/airflow/example_dags/example_dataset_alias_with_no_taskflow.py took 0.192 seconds
[2024-12-06T23:35:52.444-0600] {processor.py:186} INFO - Started process (PID=18357) to work on /home/m9d9v9/PycharmProjects/Airflow-2/Airflow-2/.venv/lib/python3.10/site-packages/airflow/example_dags/example_dataset_alias_with_no_taskflow.py
[2024-12-06T23:35:52.450-0600] {processor.py:914} INFO - Processing file /home/m9d9v9/PycharmProjects/Airflow-2/Airflow-2/.venv/lib/python3.10/site-packages/airflow/example_dags/example_dataset_alias_with_no_taskflow.py for tasks to queue
[2024-12-06T23:35:52.451-0600] {logging_mixin.py:190} INFO - [2024-12-06T23:35:52.451-0600] {dagbag.py:588} INFO - Filling up the DagBag from /home/m9d9v9/PycharmProjects/Airflow-2/Airflow-2/.venv/lib/python3.10/site-packages/airflow/example_dags/example_dataset_alias_with_no_taskflow.py
[2024-12-06T23:35:52.464-0600] {processor.py:925} INFO - DAG(s) 'dataset_s3_bucket_producer_with_no_taskflow', 'dataset_s3_bucket_consumer_with_no_taskflow', 'dataset_alias_example_alias_producer_with_no_taskflow', 'dataset_alias_example_alias_consumer_with_no_taskflow' retrieved from /home/m9d9v9/PycharmProjects/Airflow-2/Airflow-2/.venv/lib/python3.10/site-packages/airflow/example_dags/example_dataset_alias_with_no_taskflow.py
[2024-12-06T23:35:52.496-0600] {logging_mixin.py:190} INFO - [2024-12-06T23:35:52.496-0600] {dag.py:3239} INFO - Sync 4 DAGs
[2024-12-06T23:35:52.591-0600] {logging_mixin.py:190} INFO - [2024-12-06T23:35:52.591-0600] {dag.py:4180} INFO - Setting next_dagrun for dataset_alias_example_alias_consumer_with_no_taskflow to None, run_after=None
[2024-12-06T23:35:52.593-0600] {logging_mixin.py:190} INFO - [2024-12-06T23:35:52.593-0600] {dag.py:4180} INFO - Setting next_dagrun for dataset_alias_example_alias_producer_with_no_taskflow to None, run_after=None
[2024-12-06T23:35:52.593-0600] {logging_mixin.py:190} INFO - [2024-12-06T23:35:52.593-0600] {dag.py:4180} INFO - Setting next_dagrun for dataset_s3_bucket_consumer_with_no_taskflow to None, run_after=None
[2024-12-06T23:35:52.594-0600] {logging_mixin.py:190} INFO - [2024-12-06T23:35:52.594-0600] {dag.py:4180} INFO - Setting next_dagrun for dataset_s3_bucket_producer_with_no_taskflow to None, run_after=None
[2024-12-06T23:35:52.611-0600] {processor.py:208} INFO - Processing /home/m9d9v9/PycharmProjects/Airflow-2/Airflow-2/.venv/lib/python3.10/site-packages/airflow/example_dags/example_dataset_alias_with_no_taskflow.py took 0.171 seconds
[2024-12-06T23:36:54.486-0600] {processor.py:186} INFO - Started process (PID=18459) to work on /home/m9d9v9/PycharmProjects/Airflow-2/Airflow-2/.venv/lib/python3.10/site-packages/airflow/example_dags/example_dataset_alias_with_no_taskflow.py
[2024-12-06T23:36:54.493-0600] {processor.py:914} INFO - Processing file /home/m9d9v9/PycharmProjects/Airflow-2/Airflow-2/.venv/lib/python3.10/site-packages/airflow/example_dags/example_dataset_alias_with_no_taskflow.py for tasks to queue
[2024-12-06T23:36:54.495-0600] {logging_mixin.py:190} INFO - [2024-12-06T23:36:54.495-0600] {dagbag.py:588} INFO - Filling up the DagBag from /home/m9d9v9/PycharmProjects/Airflow-2/Airflow-2/.venv/lib/python3.10/site-packages/airflow/example_dags/example_dataset_alias_with_no_taskflow.py
[2024-12-06T23:36:54.538-0600] {processor.py:925} INFO - DAG(s) 'dataset_s3_bucket_consumer_with_no_taskflow', 'dataset_alias_example_alias_producer_with_no_taskflow', 'dataset_alias_example_alias_consumer_with_no_taskflow', 'dataset_s3_bucket_producer_with_no_taskflow' retrieved from /home/m9d9v9/PycharmProjects/Airflow-2/Airflow-2/.venv/lib/python3.10/site-packages/airflow/example_dags/example_dataset_alias_with_no_taskflow.py
[2024-12-06T23:36:54.548-0600] {logging_mixin.py:190} INFO - [2024-12-06T23:36:54.548-0600] {dag.py:3239} INFO - Sync 4 DAGs
[2024-12-06T23:36:54.651-0600] {logging_mixin.py:190} INFO - [2024-12-06T23:36:54.651-0600] {dag.py:4180} INFO - Setting next_dagrun for dataset_alias_example_alias_consumer_with_no_taskflow to None, run_after=None
[2024-12-06T23:36:54.652-0600] {logging_mixin.py:190} INFO - [2024-12-06T23:36:54.652-0600] {dag.py:4180} INFO - Setting next_dagrun for dataset_alias_example_alias_producer_with_no_taskflow to None, run_after=None
[2024-12-06T23:36:54.653-0600] {logging_mixin.py:190} INFO - [2024-12-06T23:36:54.653-0600] {dag.py:4180} INFO - Setting next_dagrun for dataset_s3_bucket_consumer_with_no_taskflow to None, run_after=None
[2024-12-06T23:36:54.653-0600] {logging_mixin.py:190} INFO - [2024-12-06T23:36:54.653-0600] {dag.py:4180} INFO - Setting next_dagrun for dataset_s3_bucket_producer_with_no_taskflow to None, run_after=None
[2024-12-06T23:36:54.668-0600] {processor.py:208} INFO - Processing /home/m9d9v9/PycharmProjects/Airflow-2/Airflow-2/.venv/lib/python3.10/site-packages/airflow/example_dags/example_dataset_alias_with_no_taskflow.py took 0.193 seconds
[2024-12-06T23:37:55.690-0600] {processor.py:186} INFO - Started process (PID=18724) to work on /home/m9d9v9/PycharmProjects/Airflow-2/Airflow-2/.venv/lib/python3.10/site-packages/airflow/example_dags/example_dataset_alias_with_no_taskflow.py
[2024-12-06T23:37:55.696-0600] {processor.py:914} INFO - Processing file /home/m9d9v9/PycharmProjects/Airflow-2/Airflow-2/.venv/lib/python3.10/site-packages/airflow/example_dags/example_dataset_alias_with_no_taskflow.py for tasks to queue
[2024-12-06T23:37:55.698-0600] {logging_mixin.py:190} INFO - [2024-12-06T23:37:55.698-0600] {dagbag.py:588} INFO - Filling up the DagBag from /home/m9d9v9/PycharmProjects/Airflow-2/Airflow-2/.venv/lib/python3.10/site-packages/airflow/example_dags/example_dataset_alias_with_no_taskflow.py
[2024-12-06T23:37:55.722-0600] {processor.py:925} INFO - DAG(s) 'dataset_alias_example_alias_consumer_with_no_taskflow', 'dataset_s3_bucket_producer_with_no_taskflow', 'dataset_alias_example_alias_producer_with_no_taskflow', 'dataset_s3_bucket_consumer_with_no_taskflow' retrieved from /home/m9d9v9/PycharmProjects/Airflow-2/Airflow-2/.venv/lib/python3.10/site-packages/airflow/example_dags/example_dataset_alias_with_no_taskflow.py
[2024-12-06T23:37:55.738-0600] {logging_mixin.py:190} INFO - [2024-12-06T23:37:55.738-0600] {dag.py:3239} INFO - Sync 4 DAGs
[2024-12-06T23:37:55.754-0600] {logging_mixin.py:190} INFO - [2024-12-06T23:37:55.754-0600] {dag.py:4180} INFO - Setting next_dagrun for dataset_alias_example_alias_consumer_with_no_taskflow to None, run_after=None
[2024-12-06T23:37:55.758-0600] {logging_mixin.py:190} INFO - [2024-12-06T23:37:55.757-0600] {dag.py:4180} INFO - Setting next_dagrun for dataset_alias_example_alias_producer_with_no_taskflow to None, run_after=None
[2024-12-06T23:37:55.759-0600] {logging_mixin.py:190} INFO - [2024-12-06T23:37:55.759-0600] {dag.py:4180} INFO - Setting next_dagrun for dataset_s3_bucket_consumer_with_no_taskflow to None, run_after=None
[2024-12-06T23:37:55.760-0600] {logging_mixin.py:190} INFO - [2024-12-06T23:37:55.760-0600] {dag.py:4180} INFO - Setting next_dagrun for dataset_s3_bucket_producer_with_no_taskflow to None, run_after=None
[2024-12-06T23:37:55.784-0600] {processor.py:208} INFO - Processing /home/m9d9v9/PycharmProjects/Airflow-2/Airflow-2/.venv/lib/python3.10/site-packages/airflow/example_dags/example_dataset_alias_with_no_taskflow.py took 0.101 seconds
[2024-12-06T23:38:58.310-0600] {processor.py:186} INFO - Started process (PID=18889) to work on /home/m9d9v9/PycharmProjects/Airflow-2/Airflow-2/.venv/lib/python3.10/site-packages/airflow/example_dags/example_dataset_alias_with_no_taskflow.py
[2024-12-06T23:38:58.316-0600] {processor.py:914} INFO - Processing file /home/m9d9v9/PycharmProjects/Airflow-2/Airflow-2/.venv/lib/python3.10/site-packages/airflow/example_dags/example_dataset_alias_with_no_taskflow.py for tasks to queue
[2024-12-06T23:38:58.318-0600] {logging_mixin.py:190} INFO - [2024-12-06T23:38:58.317-0600] {dagbag.py:588} INFO - Filling up the DagBag from /home/m9d9v9/PycharmProjects/Airflow-2/Airflow-2/.venv/lib/python3.10/site-packages/airflow/example_dags/example_dataset_alias_with_no_taskflow.py
[2024-12-06T23:38:58.346-0600] {processor.py:925} INFO - DAG(s) 'dataset_alias_example_alias_consumer_with_no_taskflow', 'dataset_s3_bucket_consumer_with_no_taskflow', 'dataset_alias_example_alias_producer_with_no_taskflow', 'dataset_s3_bucket_producer_with_no_taskflow' retrieved from /home/m9d9v9/PycharmProjects/Airflow-2/Airflow-2/.venv/lib/python3.10/site-packages/airflow/example_dags/example_dataset_alias_with_no_taskflow.py
[2024-12-06T23:38:58.367-0600] {logging_mixin.py:190} INFO - [2024-12-06T23:38:58.366-0600] {dag.py:3239} INFO - Sync 4 DAGs
[2024-12-06T23:38:58.379-0600] {logging_mixin.py:190} INFO - [2024-12-06T23:38:58.379-0600] {dag.py:4180} INFO - Setting next_dagrun for dataset_alias_example_alias_consumer_with_no_taskflow to None, run_after=None
[2024-12-06T23:38:58.381-0600] {logging_mixin.py:190} INFO - [2024-12-06T23:38:58.380-0600] {dag.py:4180} INFO - Setting next_dagrun for dataset_alias_example_alias_producer_with_no_taskflow to None, run_after=None
[2024-12-06T23:38:58.381-0600] {logging_mixin.py:190} INFO - [2024-12-06T23:38:58.381-0600] {dag.py:4180} INFO - Setting next_dagrun for dataset_s3_bucket_consumer_with_no_taskflow to None, run_after=None
[2024-12-06T23:38:58.382-0600] {logging_mixin.py:190} INFO - [2024-12-06T23:38:58.381-0600] {dag.py:4180} INFO - Setting next_dagrun for dataset_s3_bucket_producer_with_no_taskflow to None, run_after=None
[2024-12-06T23:38:58.396-0600] {processor.py:208} INFO - Processing /home/m9d9v9/PycharmProjects/Airflow-2/Airflow-2/.venv/lib/python3.10/site-packages/airflow/example_dags/example_dataset_alias_with_no_taskflow.py took 0.094 seconds
[2024-12-06T23:40:00.747-0600] {processor.py:186} INFO - Started process (PID=19139) to work on /home/m9d9v9/PycharmProjects/Airflow-2/Airflow-2/.venv/lib/python3.10/site-packages/airflow/example_dags/example_dataset_alias_with_no_taskflow.py
[2024-12-06T23:40:00.753-0600] {processor.py:914} INFO - Processing file /home/m9d9v9/PycharmProjects/Airflow-2/Airflow-2/.venv/lib/python3.10/site-packages/airflow/example_dags/example_dataset_alias_with_no_taskflow.py for tasks to queue
[2024-12-06T23:40:00.754-0600] {logging_mixin.py:190} INFO - [2024-12-06T23:40:00.754-0600] {dagbag.py:588} INFO - Filling up the DagBag from /home/m9d9v9/PycharmProjects/Airflow-2/Airflow-2/.venv/lib/python3.10/site-packages/airflow/example_dags/example_dataset_alias_with_no_taskflow.py
[2024-12-06T23:40:00.770-0600] {processor.py:925} INFO - DAG(s) 'dataset_s3_bucket_consumer_with_no_taskflow', 'dataset_alias_example_alias_consumer_with_no_taskflow', 'dataset_s3_bucket_producer_with_no_taskflow', 'dataset_alias_example_alias_producer_with_no_taskflow' retrieved from /home/m9d9v9/PycharmProjects/Airflow-2/Airflow-2/.venv/lib/python3.10/site-packages/airflow/example_dags/example_dataset_alias_with_no_taskflow.py
[2024-12-06T23:40:00.783-0600] {logging_mixin.py:190} INFO - [2024-12-06T23:40:00.782-0600] {dag.py:3239} INFO - Sync 4 DAGs
[2024-12-06T23:40:00.795-0600] {logging_mixin.py:190} INFO - [2024-12-06T23:40:00.795-0600] {dag.py:4180} INFO - Setting next_dagrun for dataset_alias_example_alias_consumer_with_no_taskflow to None, run_after=None
[2024-12-06T23:40:00.797-0600] {logging_mixin.py:190} INFO - [2024-12-06T23:40:00.797-0600] {dag.py:4180} INFO - Setting next_dagrun for dataset_alias_example_alias_producer_with_no_taskflow to None, run_after=None
[2024-12-06T23:40:00.797-0600] {logging_mixin.py:190} INFO - [2024-12-06T23:40:00.797-0600] {dag.py:4180} INFO - Setting next_dagrun for dataset_s3_bucket_consumer_with_no_taskflow to None, run_after=None
[2024-12-06T23:40:00.798-0600] {logging_mixin.py:190} INFO - [2024-12-06T23:40:00.798-0600] {dag.py:4180} INFO - Setting next_dagrun for dataset_s3_bucket_producer_with_no_taskflow to None, run_after=None
[2024-12-06T23:40:00.813-0600] {processor.py:208} INFO - Processing /home/m9d9v9/PycharmProjects/Airflow-2/Airflow-2/.venv/lib/python3.10/site-packages/airflow/example_dags/example_dataset_alias_with_no_taskflow.py took 0.071 seconds
[2024-12-06T23:41:21.868-0600] {processor.py:186} INFO - Started process (PID=19332) to work on /home/m9d9v9/PycharmProjects/Airflow-2/Airflow-2/.venv/lib/python3.10/site-packages/airflow/example_dags/example_dataset_alias_with_no_taskflow.py
[2024-12-06T23:41:21.874-0600] {processor.py:914} INFO - Processing file /home/m9d9v9/PycharmProjects/Airflow-2/Airflow-2/.venv/lib/python3.10/site-packages/airflow/example_dags/example_dataset_alias_with_no_taskflow.py for tasks to queue
[2024-12-06T23:41:21.876-0600] {logging_mixin.py:190} INFO - [2024-12-06T23:41:21.876-0600] {dagbag.py:588} INFO - Filling up the DagBag from /home/m9d9v9/PycharmProjects/Airflow-2/Airflow-2/.venv/lib/python3.10/site-packages/airflow/example_dags/example_dataset_alias_with_no_taskflow.py
[2024-12-06T23:41:21.903-0600] {processor.py:925} INFO - DAG(s) 'dataset_s3_bucket_consumer_with_no_taskflow', 'dataset_alias_example_alias_consumer_with_no_taskflow', 'dataset_alias_example_alias_producer_with_no_taskflow', 'dataset_s3_bucket_producer_with_no_taskflow' retrieved from /home/m9d9v9/PycharmProjects/Airflow-2/Airflow-2/.venv/lib/python3.10/site-packages/airflow/example_dags/example_dataset_alias_with_no_taskflow.py
[2024-12-06T23:41:21.922-0600] {logging_mixin.py:190} INFO - [2024-12-06T23:41:21.922-0600] {dag.py:3239} INFO - Sync 4 DAGs
[2024-12-06T23:41:21.937-0600] {logging_mixin.py:190} INFO - [2024-12-06T23:41:21.936-0600] {dag.py:4180} INFO - Setting next_dagrun for dataset_alias_example_alias_consumer_with_no_taskflow to None, run_after=None
[2024-12-06T23:41:21.938-0600] {logging_mixin.py:190} INFO - [2024-12-06T23:41:21.938-0600] {dag.py:4180} INFO - Setting next_dagrun for dataset_alias_example_alias_producer_with_no_taskflow to None, run_after=None
[2024-12-06T23:41:21.939-0600] {logging_mixin.py:190} INFO - [2024-12-06T23:41:21.939-0600] {dag.py:4180} INFO - Setting next_dagrun for dataset_s3_bucket_consumer_with_no_taskflow to None, run_after=None
[2024-12-06T23:41:21.939-0600] {logging_mixin.py:190} INFO - [2024-12-06T23:41:21.939-0600] {dag.py:4180} INFO - Setting next_dagrun for dataset_s3_bucket_producer_with_no_taskflow to None, run_after=None
[2024-12-06T23:41:21.954-0600] {processor.py:208} INFO - Processing /home/m9d9v9/PycharmProjects/Airflow-2/Airflow-2/.venv/lib/python3.10/site-packages/airflow/example_dags/example_dataset_alias_with_no_taskflow.py took 0.095 seconds
