[2024-12-06T22:18:34.660-0600] {processor.py:186} INFO - Started process (PID=12472) to work on /home/m9d9v9/PycharmProjects/Airflow-2/Airflow-2/.venv/lib/python3.10/site-packages/airflow/example_dags/example_short_circuit_decorator.py
[2024-12-06T22:18:34.661-0600] {processor.py:914} INFO - Processing file /home/m9d9v9/PycharmProjects/Airflow-2/Airflow-2/.venv/lib/python3.10/site-packages/airflow/example_dags/example_short_circuit_decorator.py for tasks to queue
[2024-12-06T22:18:34.664-0600] {logging_mixin.py:190} INFO - [2024-12-06T22:18:34.664-0600] {dagbag.py:588} INFO - Filling up the DagBag from /home/m9d9v9/PycharmProjects/Airflow-2/Airflow-2/.venv/lib/python3.10/site-packages/airflow/example_dags/example_short_circuit_decorator.py
[2024-12-06T22:18:34.673-0600] {processor.py:925} INFO - DAG(s) 'example_short_circuit_decorator' retrieved from /home/m9d9v9/PycharmProjects/Airflow-2/Airflow-2/.venv/lib/python3.10/site-packages/airflow/example_dags/example_short_circuit_decorator.py
[2024-12-06T22:18:34.758-0600] {logging_mixin.py:190} INFO - [2024-12-06T22:18:34.757-0600] {override.py:1911} INFO - Created Permission View: can edit on DAG:example_short_circuit_decorator
[2024-12-06T22:18:34.765-0600] {logging_mixin.py:190} INFO - [2024-12-06T22:18:34.764-0600] {override.py:1911} INFO - Created Permission View: can read on DAG:example_short_circuit_decorator
[2024-12-06T22:18:34.772-0600] {logging_mixin.py:190} INFO - [2024-12-06T22:18:34.771-0600] {override.py:1911} INFO - Created Permission View: can delete on DAG:example_short_circuit_decorator
[2024-12-06T22:18:34.781-0600] {logging_mixin.py:190} INFO - [2024-12-06T22:18:34.781-0600] {override.py:1911} INFO - Created Permission View: menu access on DAG Run:example_short_circuit_decorator
[2024-12-06T22:18:34.787-0600] {logging_mixin.py:190} INFO - [2024-12-06T22:18:34.787-0600] {override.py:1911} INFO - Created Permission View: can create on DAG Run:example_short_circuit_decorator
[2024-12-06T22:18:34.791-0600] {logging_mixin.py:190} INFO - [2024-12-06T22:18:34.791-0600] {override.py:1911} INFO - Created Permission View: can read on DAG Run:example_short_circuit_decorator
[2024-12-06T22:18:34.797-0600] {logging_mixin.py:190} INFO - [2024-12-06T22:18:34.797-0600] {override.py:1911} INFO - Created Permission View: can delete on DAG Run:example_short_circuit_decorator
[2024-12-06T22:18:34.798-0600] {logging_mixin.py:190} INFO - [2024-12-06T22:18:34.798-0600] {dag.py:3239} INFO - Sync 1 DAGs
[2024-12-06T22:18:34.805-0600] {logging_mixin.py:190} INFO - [2024-12-06T22:18:34.805-0600] {dag.py:3262} INFO - Creating ORM DAG for example_short_circuit_decorator
[2024-12-06T22:18:34.806-0600] {logging_mixin.py:190} INFO - [2024-12-06T22:18:34.806-0600] {dag.py:4180} INFO - Setting next_dagrun for example_short_circuit_decorator to None, run_after=None
[2024-12-06T22:18:34.817-0600] {processor.py:208} INFO - Processing /home/m9d9v9/PycharmProjects/Airflow-2/Airflow-2/.venv/lib/python3.10/site-packages/airflow/example_dags/example_short_circuit_decorator.py took 0.161 seconds
[2024-12-06T22:19:39.472-0600] {processor.py:186} INFO - Started process (PID=12584) to work on /home/m9d9v9/PycharmProjects/Airflow-2/Airflow-2/.venv/lib/python3.10/site-packages/airflow/example_dags/example_short_circuit_decorator.py
[2024-12-06T22:19:39.474-0600] {processor.py:914} INFO - Processing file /home/m9d9v9/PycharmProjects/Airflow-2/Airflow-2/.venv/lib/python3.10/site-packages/airflow/example_dags/example_short_circuit_decorator.py for tasks to queue
[2024-12-06T22:19:39.478-0600] {logging_mixin.py:190} INFO - [2024-12-06T22:19:39.477-0600] {dagbag.py:588} INFO - Filling up the DagBag from /home/m9d9v9/PycharmProjects/Airflow-2/Airflow-2/.venv/lib/python3.10/site-packages/airflow/example_dags/example_short_circuit_decorator.py
[2024-12-06T22:19:39.500-0600] {processor.py:925} INFO - DAG(s) 'example_short_circuit_decorator' retrieved from /home/m9d9v9/PycharmProjects/Airflow-2/Airflow-2/.venv/lib/python3.10/site-packages/airflow/example_dags/example_short_circuit_decorator.py
[2024-12-06T22:19:39.517-0600] {logging_mixin.py:190} INFO - [2024-12-06T22:19:39.516-0600] {dag.py:3239} INFO - Sync 1 DAGs
[2024-12-06T22:19:39.526-0600] {logging_mixin.py:190} INFO - [2024-12-06T22:19:39.525-0600] {dag.py:4180} INFO - Setting next_dagrun for example_short_circuit_decorator to None, run_after=None
[2024-12-06T22:19:39.538-0600] {processor.py:208} INFO - Processing /home/m9d9v9/PycharmProjects/Airflow-2/Airflow-2/.venv/lib/python3.10/site-packages/airflow/example_dags/example_short_circuit_decorator.py took 0.079 seconds
[2024-12-06T22:20:33.932-0600] {processor.py:186} INFO - Started process (PID=12672) to work on /home/m9d9v9/PycharmProjects/Airflow-2/Airflow-2/.venv/lib/python3.10/site-packages/airflow/example_dags/example_short_circuit_decorator.py
[2024-12-06T22:20:33.939-0600] {processor.py:914} INFO - Processing file /home/m9d9v9/PycharmProjects/Airflow-2/Airflow-2/.venv/lib/python3.10/site-packages/airflow/example_dags/example_short_circuit_decorator.py for tasks to queue
[2024-12-06T22:20:33.943-0600] {logging_mixin.py:190} INFO - [2024-12-06T22:20:33.942-0600] {dagbag.py:588} INFO - Filling up the DagBag from /home/m9d9v9/PycharmProjects/Airflow-2/Airflow-2/.venv/lib/python3.10/site-packages/airflow/example_dags/example_short_circuit_decorator.py
[2024-12-06T22:20:33.963-0600] {processor.py:925} INFO - DAG(s) 'example_short_circuit_decorator' retrieved from /home/m9d9v9/PycharmProjects/Airflow-2/Airflow-2/.venv/lib/python3.10/site-packages/airflow/example_dags/example_short_circuit_decorator.py
[2024-12-06T22:20:33.987-0600] {logging_mixin.py:190} INFO - [2024-12-06T22:20:33.987-0600] {dag.py:3239} INFO - Sync 1 DAGs
[2024-12-06T22:20:33.994-0600] {logging_mixin.py:190} INFO - [2024-12-06T22:20:33.994-0600] {dag.py:4180} INFO - Setting next_dagrun for example_short_circuit_decorator to None, run_after=None
[2024-12-06T22:20:34.005-0600] {processor.py:208} INFO - Processing /home/m9d9v9/PycharmProjects/Airflow-2/Airflow-2/.venv/lib/python3.10/site-packages/airflow/example_dags/example_short_circuit_decorator.py took 0.084 seconds
[2024-12-06T22:21:26.633-0600] {processor.py:186} INFO - Started process (PID=12739) to work on /home/m9d9v9/PycharmProjects/Airflow-2/Airflow-2/.venv/lib/python3.10/site-packages/airflow/example_dags/example_short_circuit_decorator.py
[2024-12-06T22:21:26.635-0600] {processor.py:914} INFO - Processing file /home/m9d9v9/PycharmProjects/Airflow-2/Airflow-2/.venv/lib/python3.10/site-packages/airflow/example_dags/example_short_circuit_decorator.py for tasks to queue
[2024-12-06T22:21:26.637-0600] {logging_mixin.py:190} INFO - [2024-12-06T22:21:26.636-0600] {dagbag.py:588} INFO - Filling up the DagBag from /home/m9d9v9/PycharmProjects/Airflow-2/Airflow-2/.venv/lib/python3.10/site-packages/airflow/example_dags/example_short_circuit_decorator.py
[2024-12-06T22:21:26.646-0600] {processor.py:925} INFO - DAG(s) 'example_short_circuit_decorator' retrieved from /home/m9d9v9/PycharmProjects/Airflow-2/Airflow-2/.venv/lib/python3.10/site-packages/airflow/example_dags/example_short_circuit_decorator.py
[2024-12-06T22:21:26.661-0600] {logging_mixin.py:190} INFO - [2024-12-06T22:21:26.661-0600] {dag.py:3239} INFO - Sync 1 DAGs
[2024-12-06T22:21:26.670-0600] {logging_mixin.py:190} INFO - [2024-12-06T22:21:26.670-0600] {dag.py:4180} INFO - Setting next_dagrun for example_short_circuit_decorator to None, run_after=None
[2024-12-06T22:21:26.684-0600] {processor.py:208} INFO - Processing /home/m9d9v9/PycharmProjects/Airflow-2/Airflow-2/.venv/lib/python3.10/site-packages/airflow/example_dags/example_short_circuit_decorator.py took 0.057 seconds
[2024-12-06T22:22:22.390-0600] {processor.py:186} INFO - Started process (PID=12816) to work on /home/m9d9v9/PycharmProjects/Airflow-2/Airflow-2/.venv/lib/python3.10/site-packages/airflow/example_dags/example_short_circuit_decorator.py
[2024-12-06T22:22:22.393-0600] {processor.py:914} INFO - Processing file /home/m9d9v9/PycharmProjects/Airflow-2/Airflow-2/.venv/lib/python3.10/site-packages/airflow/example_dags/example_short_circuit_decorator.py for tasks to queue
[2024-12-06T22:22:22.397-0600] {logging_mixin.py:190} INFO - [2024-12-06T22:22:22.396-0600] {dagbag.py:588} INFO - Filling up the DagBag from /home/m9d9v9/PycharmProjects/Airflow-2/Airflow-2/.venv/lib/python3.10/site-packages/airflow/example_dags/example_short_circuit_decorator.py
[2024-12-06T22:22:22.419-0600] {processor.py:925} INFO - DAG(s) 'example_short_circuit_decorator' retrieved from /home/m9d9v9/PycharmProjects/Airflow-2/Airflow-2/.venv/lib/python3.10/site-packages/airflow/example_dags/example_short_circuit_decorator.py
[2024-12-06T22:22:22.435-0600] {logging_mixin.py:190} INFO - [2024-12-06T22:22:22.435-0600] {dag.py:3239} INFO - Sync 1 DAGs
[2024-12-06T22:22:22.443-0600] {logging_mixin.py:190} INFO - [2024-12-06T22:22:22.443-0600] {dag.py:4180} INFO - Setting next_dagrun for example_short_circuit_decorator to None, run_after=None
[2024-12-06T22:22:22.455-0600] {processor.py:208} INFO - Processing /home/m9d9v9/PycharmProjects/Airflow-2/Airflow-2/.venv/lib/python3.10/site-packages/airflow/example_dags/example_short_circuit_decorator.py took 0.078 seconds
[2024-12-06T22:23:40.083-0600] {processor.py:186} INFO - Started process (PID=12971) to work on /home/m9d9v9/PycharmProjects/Airflow-2/Airflow-2/.venv/lib/python3.10/site-packages/airflow/example_dags/example_short_circuit_decorator.py
[2024-12-06T22:23:40.089-0600] {processor.py:914} INFO - Processing file /home/m9d9v9/PycharmProjects/Airflow-2/Airflow-2/.venv/lib/python3.10/site-packages/airflow/example_dags/example_short_circuit_decorator.py for tasks to queue
[2024-12-06T22:23:40.090-0600] {logging_mixin.py:190} INFO - [2024-12-06T22:23:40.090-0600] {dagbag.py:588} INFO - Filling up the DagBag from /home/m9d9v9/PycharmProjects/Airflow-2/Airflow-2/.venv/lib/python3.10/site-packages/airflow/example_dags/example_short_circuit_decorator.py
[2024-12-06T22:23:40.098-0600] {processor.py:925} INFO - DAG(s) 'example_short_circuit_decorator' retrieved from /home/m9d9v9/PycharmProjects/Airflow-2/Airflow-2/.venv/lib/python3.10/site-packages/airflow/example_dags/example_short_circuit_decorator.py
[2024-12-06T22:23:40.112-0600] {logging_mixin.py:190} INFO - [2024-12-06T22:23:40.112-0600] {dag.py:3239} INFO - Sync 1 DAGs
[2024-12-06T22:23:40.121-0600] {logging_mixin.py:190} INFO - [2024-12-06T22:23:40.121-0600] {dag.py:4180} INFO - Setting next_dagrun for example_short_circuit_decorator to None, run_after=None
[2024-12-06T22:23:40.136-0600] {processor.py:208} INFO - Processing /home/m9d9v9/PycharmProjects/Airflow-2/Airflow-2/.venv/lib/python3.10/site-packages/airflow/example_dags/example_short_circuit_decorator.py took 0.057 seconds
[2024-12-06T22:24:34.374-0600] {processor.py:186} INFO - Started process (PID=13042) to work on /home/m9d9v9/PycharmProjects/Airflow-2/Airflow-2/.venv/lib/python3.10/site-packages/airflow/example_dags/example_short_circuit_decorator.py
[2024-12-06T22:24:34.375-0600] {processor.py:914} INFO - Processing file /home/m9d9v9/PycharmProjects/Airflow-2/Airflow-2/.venv/lib/python3.10/site-packages/airflow/example_dags/example_short_circuit_decorator.py for tasks to queue
[2024-12-06T22:24:34.376-0600] {logging_mixin.py:190} INFO - [2024-12-06T22:24:34.376-0600] {dagbag.py:588} INFO - Filling up the DagBag from /home/m9d9v9/PycharmProjects/Airflow-2/Airflow-2/.venv/lib/python3.10/site-packages/airflow/example_dags/example_short_circuit_decorator.py
[2024-12-06T22:24:34.387-0600] {processor.py:925} INFO - DAG(s) 'example_short_circuit_decorator' retrieved from /home/m9d9v9/PycharmProjects/Airflow-2/Airflow-2/.venv/lib/python3.10/site-packages/airflow/example_dags/example_short_circuit_decorator.py
[2024-12-06T22:24:34.406-0600] {logging_mixin.py:190} INFO - [2024-12-06T22:24:34.406-0600] {dag.py:3239} INFO - Sync 1 DAGs
[2024-12-06T22:24:34.416-0600] {logging_mixin.py:190} INFO - [2024-12-06T22:24:34.416-0600] {dag.py:4180} INFO - Setting next_dagrun for example_short_circuit_decorator to None, run_after=None
[2024-12-06T22:24:34.430-0600] {processor.py:208} INFO - Processing /home/m9d9v9/PycharmProjects/Airflow-2/Airflow-2/.venv/lib/python3.10/site-packages/airflow/example_dags/example_short_circuit_decorator.py took 0.063 seconds
[2024-12-06T22:25:30.017-0600] {processor.py:186} INFO - Started process (PID=13126) to work on /home/m9d9v9/PycharmProjects/Airflow-2/Airflow-2/.venv/lib/python3.10/site-packages/airflow/example_dags/example_short_circuit_decorator.py
[2024-12-06T22:25:30.024-0600] {processor.py:914} INFO - Processing file /home/m9d9v9/PycharmProjects/Airflow-2/Airflow-2/.venv/lib/python3.10/site-packages/airflow/example_dags/example_short_circuit_decorator.py for tasks to queue
[2024-12-06T22:25:30.026-0600] {logging_mixin.py:190} INFO - [2024-12-06T22:25:30.026-0600] {dagbag.py:588} INFO - Filling up the DagBag from /home/m9d9v9/PycharmProjects/Airflow-2/Airflow-2/.venv/lib/python3.10/site-packages/airflow/example_dags/example_short_circuit_decorator.py
[2024-12-06T22:25:30.046-0600] {processor.py:925} INFO - DAG(s) 'example_short_circuit_decorator' retrieved from /home/m9d9v9/PycharmProjects/Airflow-2/Airflow-2/.venv/lib/python3.10/site-packages/airflow/example_dags/example_short_circuit_decorator.py
[2024-12-06T22:25:30.069-0600] {logging_mixin.py:190} INFO - [2024-12-06T22:25:30.068-0600] {dag.py:3239} INFO - Sync 1 DAGs
[2024-12-06T22:25:30.077-0600] {logging_mixin.py:190} INFO - [2024-12-06T22:25:30.077-0600] {dag.py:4180} INFO - Setting next_dagrun for example_short_circuit_decorator to None, run_after=None
[2024-12-06T22:25:30.090-0600] {processor.py:208} INFO - Processing /home/m9d9v9/PycharmProjects/Airflow-2/Airflow-2/.venv/lib/python3.10/site-packages/airflow/example_dags/example_short_circuit_decorator.py took 0.085 seconds
[2024-12-06T22:26:28.101-0600] {processor.py:186} INFO - Started process (PID=13206) to work on /home/m9d9v9/PycharmProjects/Airflow-2/Airflow-2/.venv/lib/python3.10/site-packages/airflow/example_dags/example_short_circuit_decorator.py
[2024-12-06T22:26:28.107-0600] {processor.py:914} INFO - Processing file /home/m9d9v9/PycharmProjects/Airflow-2/Airflow-2/.venv/lib/python3.10/site-packages/airflow/example_dags/example_short_circuit_decorator.py for tasks to queue
[2024-12-06T22:26:28.110-0600] {logging_mixin.py:190} INFO - [2024-12-06T22:26:28.109-0600] {dagbag.py:588} INFO - Filling up the DagBag from /home/m9d9v9/PycharmProjects/Airflow-2/Airflow-2/.venv/lib/python3.10/site-packages/airflow/example_dags/example_short_circuit_decorator.py
[2024-12-06T22:26:28.118-0600] {processor.py:925} INFO - DAG(s) 'example_short_circuit_decorator' retrieved from /home/m9d9v9/PycharmProjects/Airflow-2/Airflow-2/.venv/lib/python3.10/site-packages/airflow/example_dags/example_short_circuit_decorator.py
[2024-12-06T22:26:28.133-0600] {logging_mixin.py:190} INFO - [2024-12-06T22:26:28.133-0600] {dag.py:3239} INFO - Sync 1 DAGs
[2024-12-06T22:26:28.144-0600] {logging_mixin.py:190} INFO - [2024-12-06T22:26:28.144-0600] {dag.py:4180} INFO - Setting next_dagrun for example_short_circuit_decorator to None, run_after=None
[2024-12-06T22:26:28.158-0600] {processor.py:208} INFO - Processing /home/m9d9v9/PycharmProjects/Airflow-2/Airflow-2/.venv/lib/python3.10/site-packages/airflow/example_dags/example_short_circuit_decorator.py took 0.063 seconds
[2024-12-06T22:37:00.000-0600] {processor.py:186} INFO - Started process (PID=14575) to work on /home/m9d9v9/PycharmProjects/Airflow-2/Airflow-2/.venv/lib/python3.10/site-packages/airflow/example_dags/example_short_circuit_decorator.py
[2024-12-06T22:37:00.006-0600] {processor.py:914} INFO - Processing file /home/m9d9v9/PycharmProjects/Airflow-2/Airflow-2/.venv/lib/python3.10/site-packages/airflow/example_dags/example_short_circuit_decorator.py for tasks to queue
[2024-12-06T22:37:00.009-0600] {logging_mixin.py:190} INFO - [2024-12-06T22:37:00.008-0600] {dagbag.py:588} INFO - Filling up the DagBag from /home/m9d9v9/PycharmProjects/Airflow-2/Airflow-2/.venv/lib/python3.10/site-packages/airflow/example_dags/example_short_circuit_decorator.py
[2024-12-06T22:37:00.018-0600] {processor.py:925} INFO - DAG(s) 'example_short_circuit_decorator' retrieved from /home/m9d9v9/PycharmProjects/Airflow-2/Airflow-2/.venv/lib/python3.10/site-packages/airflow/example_dags/example_short_circuit_decorator.py
[2024-12-06T22:37:00.034-0600] {logging_mixin.py:190} INFO - [2024-12-06T22:37:00.034-0600] {dag.py:3239} INFO - Sync 1 DAGs
[2024-12-06T22:37:00.043-0600] {logging_mixin.py:190} INFO - [2024-12-06T22:37:00.043-0600] {dag.py:4180} INFO - Setting next_dagrun for example_short_circuit_decorator to None, run_after=None
[2024-12-06T22:37:00.054-0600] {processor.py:208} INFO - Processing /home/m9d9v9/PycharmProjects/Airflow-2/Airflow-2/.venv/lib/python3.10/site-packages/airflow/example_dags/example_short_circuit_decorator.py took 0.058 seconds
[2024-12-06T22:37:57.007-0600] {processor.py:186} INFO - Started process (PID=14715) to work on /home/m9d9v9/PycharmProjects/Airflow-2/Airflow-2/.venv/lib/python3.10/site-packages/airflow/example_dags/example_short_circuit_decorator.py
[2024-12-06T22:37:57.014-0600] {processor.py:914} INFO - Processing file /home/m9d9v9/PycharmProjects/Airflow-2/Airflow-2/.venv/lib/python3.10/site-packages/airflow/example_dags/example_short_circuit_decorator.py for tasks to queue
[2024-12-06T22:37:57.018-0600] {logging_mixin.py:190} INFO - [2024-12-06T22:37:57.017-0600] {dagbag.py:588} INFO - Filling up the DagBag from /home/m9d9v9/PycharmProjects/Airflow-2/Airflow-2/.venv/lib/python3.10/site-packages/airflow/example_dags/example_short_circuit_decorator.py
[2024-12-06T22:37:57.040-0600] {processor.py:925} INFO - DAG(s) 'example_short_circuit_decorator' retrieved from /home/m9d9v9/PycharmProjects/Airflow-2/Airflow-2/.venv/lib/python3.10/site-packages/airflow/example_dags/example_short_circuit_decorator.py
[2024-12-06T22:37:57.061-0600] {logging_mixin.py:190} INFO - [2024-12-06T22:37:57.061-0600] {dag.py:3239} INFO - Sync 1 DAGs
[2024-12-06T22:37:57.070-0600] {logging_mixin.py:190} INFO - [2024-12-06T22:37:57.070-0600] {dag.py:4180} INFO - Setting next_dagrun for example_short_circuit_decorator to None, run_after=None
[2024-12-06T22:37:57.083-0600] {processor.py:208} INFO - Processing /home/m9d9v9/PycharmProjects/Airflow-2/Airflow-2/.venv/lib/python3.10/site-packages/airflow/example_dags/example_short_circuit_decorator.py took 0.089 seconds
[2024-12-06T22:38:54.487-0600] {processor.py:186} INFO - Started process (PID=14798) to work on /home/m9d9v9/PycharmProjects/Airflow-2/Airflow-2/.venv/lib/python3.10/site-packages/airflow/example_dags/example_short_circuit_decorator.py
[2024-12-06T22:38:54.493-0600] {processor.py:914} INFO - Processing file /home/m9d9v9/PycharmProjects/Airflow-2/Airflow-2/.venv/lib/python3.10/site-packages/airflow/example_dags/example_short_circuit_decorator.py for tasks to queue
[2024-12-06T22:38:54.497-0600] {logging_mixin.py:190} INFO - [2024-12-06T22:38:54.497-0600] {dagbag.py:588} INFO - Filling up the DagBag from /home/m9d9v9/PycharmProjects/Airflow-2/Airflow-2/.venv/lib/python3.10/site-packages/airflow/example_dags/example_short_circuit_decorator.py
[2024-12-06T22:38:54.518-0600] {processor.py:925} INFO - DAG(s) 'example_short_circuit_decorator' retrieved from /home/m9d9v9/PycharmProjects/Airflow-2/Airflow-2/.venv/lib/python3.10/site-packages/airflow/example_dags/example_short_circuit_decorator.py
[2024-12-06T22:38:54.547-0600] {logging_mixin.py:190} INFO - [2024-12-06T22:38:54.547-0600] {dag.py:3239} INFO - Sync 1 DAGs
[2024-12-06T22:38:54.556-0600] {logging_mixin.py:190} INFO - [2024-12-06T22:38:54.555-0600] {dag.py:4180} INFO - Setting next_dagrun for example_short_circuit_decorator to None, run_after=None
[2024-12-06T22:38:54.571-0600] {processor.py:208} INFO - Processing /home/m9d9v9/PycharmProjects/Airflow-2/Airflow-2/.venv/lib/python3.10/site-packages/airflow/example_dags/example_short_circuit_decorator.py took 0.089 seconds
[2024-12-06T22:39:53.903-0600] {processor.py:186} INFO - Started process (PID=15012) to work on /home/m9d9v9/PycharmProjects/Airflow-2/Airflow-2/.venv/lib/python3.10/site-packages/airflow/example_dags/example_short_circuit_decorator.py
[2024-12-06T22:39:53.904-0600] {processor.py:914} INFO - Processing file /home/m9d9v9/PycharmProjects/Airflow-2/Airflow-2/.venv/lib/python3.10/site-packages/airflow/example_dags/example_short_circuit_decorator.py for tasks to queue
[2024-12-06T22:39:53.905-0600] {logging_mixin.py:190} INFO - [2024-12-06T22:39:53.905-0600] {dagbag.py:588} INFO - Filling up the DagBag from /home/m9d9v9/PycharmProjects/Airflow-2/Airflow-2/.venv/lib/python3.10/site-packages/airflow/example_dags/example_short_circuit_decorator.py
[2024-12-06T22:39:53.912-0600] {processor.py:925} INFO - DAG(s) 'example_short_circuit_decorator' retrieved from /home/m9d9v9/PycharmProjects/Airflow-2/Airflow-2/.venv/lib/python3.10/site-packages/airflow/example_dags/example_short_circuit_decorator.py
[2024-12-06T22:39:53.924-0600] {logging_mixin.py:190} INFO - [2024-12-06T22:39:53.924-0600] {dag.py:3239} INFO - Sync 1 DAGs
[2024-12-06T22:39:53.932-0600] {logging_mixin.py:190} INFO - [2024-12-06T22:39:53.932-0600] {dag.py:4180} INFO - Setting next_dagrun for example_short_circuit_decorator to None, run_after=None
[2024-12-06T22:39:53.944-0600] {processor.py:208} INFO - Processing /home/m9d9v9/PycharmProjects/Airflow-2/Airflow-2/.venv/lib/python3.10/site-packages/airflow/example_dags/example_short_circuit_decorator.py took 0.046 seconds
[2024-12-06T22:40:51.825-0600] {processor.py:186} INFO - Started process (PID=15117) to work on /home/m9d9v9/PycharmProjects/Airflow-2/Airflow-2/.venv/lib/python3.10/site-packages/airflow/example_dags/example_short_circuit_decorator.py
[2024-12-06T22:40:51.832-0600] {processor.py:914} INFO - Processing file /home/m9d9v9/PycharmProjects/Airflow-2/Airflow-2/.venv/lib/python3.10/site-packages/airflow/example_dags/example_short_circuit_decorator.py for tasks to queue
[2024-12-06T22:40:51.836-0600] {logging_mixin.py:190} INFO - [2024-12-06T22:40:51.835-0600] {dagbag.py:588} INFO - Filling up the DagBag from /home/m9d9v9/PycharmProjects/Airflow-2/Airflow-2/.venv/lib/python3.10/site-packages/airflow/example_dags/example_short_circuit_decorator.py
[2024-12-06T22:40:51.857-0600] {processor.py:925} INFO - DAG(s) 'example_short_circuit_decorator' retrieved from /home/m9d9v9/PycharmProjects/Airflow-2/Airflow-2/.venv/lib/python3.10/site-packages/airflow/example_dags/example_short_circuit_decorator.py
[2024-12-06T22:40:51.875-0600] {logging_mixin.py:190} INFO - [2024-12-06T22:40:51.875-0600] {dag.py:3239} INFO - Sync 1 DAGs
[2024-12-06T22:40:51.883-0600] {logging_mixin.py:190} INFO - [2024-12-06T22:40:51.883-0600] {dag.py:4180} INFO - Setting next_dagrun for example_short_circuit_decorator to None, run_after=None
[2024-12-06T22:40:51.895-0600] {processor.py:208} INFO - Processing /home/m9d9v9/PycharmProjects/Airflow-2/Airflow-2/.venv/lib/python3.10/site-packages/airflow/example_dags/example_short_circuit_decorator.py took 0.088 seconds
[2024-12-06T23:25:06.079-0600] {processor.py:186} INFO - Started process (PID=17255) to work on /home/m9d9v9/PycharmProjects/Airflow-2/Airflow-2/.venv/lib/python3.10/site-packages/airflow/example_dags/example_short_circuit_decorator.py
[2024-12-06T23:25:06.085-0600] {processor.py:914} INFO - Processing file /home/m9d9v9/PycharmProjects/Airflow-2/Airflow-2/.venv/lib/python3.10/site-packages/airflow/example_dags/example_short_circuit_decorator.py for tasks to queue
[2024-12-06T23:25:06.087-0600] {logging_mixin.py:190} INFO - [2024-12-06T23:25:06.087-0600] {dagbag.py:588} INFO - Filling up the DagBag from /home/m9d9v9/PycharmProjects/Airflow-2/Airflow-2/.venv/lib/python3.10/site-packages/airflow/example_dags/example_short_circuit_decorator.py
[2024-12-06T23:25:06.105-0600] {processor.py:925} INFO - DAG(s) 'example_short_circuit_decorator' retrieved from /home/m9d9v9/PycharmProjects/Airflow-2/Airflow-2/.venv/lib/python3.10/site-packages/airflow/example_dags/example_short_circuit_decorator.py
[2024-12-06T23:25:06.136-0600] {logging_mixin.py:190} INFO - [2024-12-06T23:25:06.136-0600] {dag.py:3239} INFO - Sync 1 DAGs
[2024-12-06T23:25:06.143-0600] {logging_mixin.py:190} INFO - [2024-12-06T23:25:06.143-0600] {dag.py:4180} INFO - Setting next_dagrun for example_short_circuit_decorator to None, run_after=None
[2024-12-06T23:25:06.156-0600] {processor.py:208} INFO - Processing /home/m9d9v9/PycharmProjects/Airflow-2/Airflow-2/.venv/lib/python3.10/site-packages/airflow/example_dags/example_short_circuit_decorator.py took 0.086 seconds
[2024-12-06T23:26:04.113-0600] {processor.py:186} INFO - Started process (PID=17375) to work on /home/m9d9v9/PycharmProjects/Airflow-2/Airflow-2/.venv/lib/python3.10/site-packages/airflow/example_dags/example_short_circuit_decorator.py
[2024-12-06T23:26:04.120-0600] {processor.py:914} INFO - Processing file /home/m9d9v9/PycharmProjects/Airflow-2/Airflow-2/.venv/lib/python3.10/site-packages/airflow/example_dags/example_short_circuit_decorator.py for tasks to queue
[2024-12-06T23:26:04.122-0600] {logging_mixin.py:190} INFO - [2024-12-06T23:26:04.121-0600] {dagbag.py:588} INFO - Filling up the DagBag from /home/m9d9v9/PycharmProjects/Airflow-2/Airflow-2/.venv/lib/python3.10/site-packages/airflow/example_dags/example_short_circuit_decorator.py
[2024-12-06T23:26:04.142-0600] {processor.py:925} INFO - DAG(s) 'example_short_circuit_decorator' retrieved from /home/m9d9v9/PycharmProjects/Airflow-2/Airflow-2/.venv/lib/python3.10/site-packages/airflow/example_dags/example_short_circuit_decorator.py
[2024-12-06T23:26:04.163-0600] {logging_mixin.py:190} INFO - [2024-12-06T23:26:04.163-0600] {dag.py:3239} INFO - Sync 1 DAGs
[2024-12-06T23:26:04.171-0600] {logging_mixin.py:190} INFO - [2024-12-06T23:26:04.170-0600] {dag.py:4180} INFO - Setting next_dagrun for example_short_circuit_decorator to None, run_after=None
[2024-12-06T23:26:04.182-0600] {processor.py:208} INFO - Processing /home/m9d9v9/PycharmProjects/Airflow-2/Airflow-2/.venv/lib/python3.10/site-packages/airflow/example_dags/example_short_circuit_decorator.py took 0.081 seconds
[2024-12-06T23:27:01.089-0600] {processor.py:186} INFO - Started process (PID=17448) to work on /home/m9d9v9/PycharmProjects/Airflow-2/Airflow-2/.venv/lib/python3.10/site-packages/airflow/example_dags/example_short_circuit_decorator.py
[2024-12-06T23:27:01.095-0600] {processor.py:914} INFO - Processing file /home/m9d9v9/PycharmProjects/Airflow-2/Airflow-2/.venv/lib/python3.10/site-packages/airflow/example_dags/example_short_circuit_decorator.py for tasks to queue
[2024-12-06T23:27:01.096-0600] {logging_mixin.py:190} INFO - [2024-12-06T23:27:01.096-0600] {dagbag.py:588} INFO - Filling up the DagBag from /home/m9d9v9/PycharmProjects/Airflow-2/Airflow-2/.venv/lib/python3.10/site-packages/airflow/example_dags/example_short_circuit_decorator.py
[2024-12-06T23:27:01.102-0600] {processor.py:925} INFO - DAG(s) 'example_short_circuit_decorator' retrieved from /home/m9d9v9/PycharmProjects/Airflow-2/Airflow-2/.venv/lib/python3.10/site-packages/airflow/example_dags/example_short_circuit_decorator.py
[2024-12-06T23:27:01.113-0600] {logging_mixin.py:190} INFO - [2024-12-06T23:27:01.113-0600] {dag.py:3239} INFO - Sync 1 DAGs
[2024-12-06T23:27:01.121-0600] {logging_mixin.py:190} INFO - [2024-12-06T23:27:01.121-0600] {dag.py:4180} INFO - Setting next_dagrun for example_short_circuit_decorator to None, run_after=None
[2024-12-06T23:27:01.132-0600] {processor.py:208} INFO - Processing /home/m9d9v9/PycharmProjects/Airflow-2/Airflow-2/.venv/lib/python3.10/site-packages/airflow/example_dags/example_short_circuit_decorator.py took 0.046 seconds
[2024-12-06T23:27:57.854-0600] {processor.py:186} INFO - Started process (PID=17523) to work on /home/m9d9v9/PycharmProjects/Airflow-2/Airflow-2/.venv/lib/python3.10/site-packages/airflow/example_dags/example_short_circuit_decorator.py
[2024-12-06T23:27:57.855-0600] {processor.py:914} INFO - Processing file /home/m9d9v9/PycharmProjects/Airflow-2/Airflow-2/.venv/lib/python3.10/site-packages/airflow/example_dags/example_short_circuit_decorator.py for tasks to queue
[2024-12-06T23:27:57.855-0600] {logging_mixin.py:190} INFO - [2024-12-06T23:27:57.855-0600] {dagbag.py:588} INFO - Filling up the DagBag from /home/m9d9v9/PycharmProjects/Airflow-2/Airflow-2/.venv/lib/python3.10/site-packages/airflow/example_dags/example_short_circuit_decorator.py
[2024-12-06T23:27:57.863-0600] {processor.py:925} INFO - DAG(s) 'example_short_circuit_decorator' retrieved from /home/m9d9v9/PycharmProjects/Airflow-2/Airflow-2/.venv/lib/python3.10/site-packages/airflow/example_dags/example_short_circuit_decorator.py
[2024-12-06T23:27:57.877-0600] {logging_mixin.py:190} INFO - [2024-12-06T23:27:57.876-0600] {dag.py:3239} INFO - Sync 1 DAGs
[2024-12-06T23:27:57.886-0600] {logging_mixin.py:190} INFO - [2024-12-06T23:27:57.886-0600] {dag.py:4180} INFO - Setting next_dagrun for example_short_circuit_decorator to None, run_after=None
[2024-12-06T23:27:57.898-0600] {processor.py:208} INFO - Processing /home/m9d9v9/PycharmProjects/Airflow-2/Airflow-2/.venv/lib/python3.10/site-packages/airflow/example_dags/example_short_circuit_decorator.py took 0.048 seconds
[2024-12-06T23:28:54.398-0600] {processor.py:186} INFO - Started process (PID=17631) to work on /home/m9d9v9/PycharmProjects/Airflow-2/Airflow-2/.venv/lib/python3.10/site-packages/airflow/example_dags/example_short_circuit_decorator.py
[2024-12-06T23:28:54.400-0600] {processor.py:914} INFO - Processing file /home/m9d9v9/PycharmProjects/Airflow-2/Airflow-2/.venv/lib/python3.10/site-packages/airflow/example_dags/example_short_circuit_decorator.py for tasks to queue
[2024-12-06T23:28:54.402-0600] {logging_mixin.py:190} INFO - [2024-12-06T23:28:54.401-0600] {dagbag.py:588} INFO - Filling up the DagBag from /home/m9d9v9/PycharmProjects/Airflow-2/Airflow-2/.venv/lib/python3.10/site-packages/airflow/example_dags/example_short_circuit_decorator.py
[2024-12-06T23:28:54.415-0600] {processor.py:925} INFO - DAG(s) 'example_short_circuit_decorator' retrieved from /home/m9d9v9/PycharmProjects/Airflow-2/Airflow-2/.venv/lib/python3.10/site-packages/airflow/example_dags/example_short_circuit_decorator.py
[2024-12-06T23:28:54.438-0600] {logging_mixin.py:190} INFO - [2024-12-06T23:28:54.437-0600] {dag.py:3239} INFO - Sync 1 DAGs
[2024-12-06T23:28:54.445-0600] {logging_mixin.py:190} INFO - [2024-12-06T23:28:54.445-0600] {dag.py:4180} INFO - Setting next_dagrun for example_short_circuit_decorator to None, run_after=None
[2024-12-06T23:28:54.457-0600] {processor.py:208} INFO - Processing /home/m9d9v9/PycharmProjects/Airflow-2/Airflow-2/.venv/lib/python3.10/site-packages/airflow/example_dags/example_short_circuit_decorator.py took 0.067 seconds
[2024-12-06T23:29:50.786-0600] {processor.py:186} INFO - Started process (PID=17766) to work on /home/m9d9v9/PycharmProjects/Airflow-2/Airflow-2/.venv/lib/python3.10/site-packages/airflow/example_dags/example_short_circuit_decorator.py
[2024-12-06T23:29:50.793-0600] {processor.py:914} INFO - Processing file /home/m9d9v9/PycharmProjects/Airflow-2/Airflow-2/.venv/lib/python3.10/site-packages/airflow/example_dags/example_short_circuit_decorator.py for tasks to queue
[2024-12-06T23:29:50.796-0600] {logging_mixin.py:190} INFO - [2024-12-06T23:29:50.795-0600] {dagbag.py:588} INFO - Filling up the DagBag from /home/m9d9v9/PycharmProjects/Airflow-2/Airflow-2/.venv/lib/python3.10/site-packages/airflow/example_dags/example_short_circuit_decorator.py
[2024-12-06T23:29:50.816-0600] {processor.py:925} INFO - DAG(s) 'example_short_circuit_decorator' retrieved from /home/m9d9v9/PycharmProjects/Airflow-2/Airflow-2/.venv/lib/python3.10/site-packages/airflow/example_dags/example_short_circuit_decorator.py
[2024-12-06T23:29:50.839-0600] {logging_mixin.py:190} INFO - [2024-12-06T23:29:50.839-0600] {dag.py:3239} INFO - Sync 1 DAGs
[2024-12-06T23:29:50.847-0600] {logging_mixin.py:190} INFO - [2024-12-06T23:29:50.846-0600] {dag.py:4180} INFO - Setting next_dagrun for example_short_circuit_decorator to None, run_after=None
[2024-12-06T23:29:50.858-0600] {processor.py:208} INFO - Processing /home/m9d9v9/PycharmProjects/Airflow-2/Airflow-2/.venv/lib/python3.10/site-packages/airflow/example_dags/example_short_circuit_decorator.py took 0.083 seconds
[2024-12-06T23:30:47.271-0600] {processor.py:186} INFO - Started process (PID=17887) to work on /home/m9d9v9/PycharmProjects/Airflow-2/Airflow-2/.venv/lib/python3.10/site-packages/airflow/example_dags/example_short_circuit_decorator.py
[2024-12-06T23:30:47.278-0600] {processor.py:914} INFO - Processing file /home/m9d9v9/PycharmProjects/Airflow-2/Airflow-2/.venv/lib/python3.10/site-packages/airflow/example_dags/example_short_circuit_decorator.py for tasks to queue
[2024-12-06T23:30:47.280-0600] {logging_mixin.py:190} INFO - [2024-12-06T23:30:47.280-0600] {dagbag.py:588} INFO - Filling up the DagBag from /home/m9d9v9/PycharmProjects/Airflow-2/Airflow-2/.venv/lib/python3.10/site-packages/airflow/example_dags/example_short_circuit_decorator.py
[2024-12-06T23:30:47.301-0600] {processor.py:925} INFO - DAG(s) 'example_short_circuit_decorator' retrieved from /home/m9d9v9/PycharmProjects/Airflow-2/Airflow-2/.venv/lib/python3.10/site-packages/airflow/example_dags/example_short_circuit_decorator.py
[2024-12-06T23:30:47.323-0600] {logging_mixin.py:190} INFO - [2024-12-06T23:30:47.323-0600] {dag.py:3239} INFO - Sync 1 DAGs
[2024-12-06T23:30:47.331-0600] {logging_mixin.py:190} INFO - [2024-12-06T23:30:47.331-0600] {dag.py:4180} INFO - Setting next_dagrun for example_short_circuit_decorator to None, run_after=None
[2024-12-06T23:30:47.342-0600] {processor.py:208} INFO - Processing /home/m9d9v9/PycharmProjects/Airflow-2/Airflow-2/.venv/lib/python3.10/site-packages/airflow/example_dags/example_short_circuit_decorator.py took 0.083 seconds
[2024-12-06T23:31:44.355-0600] {processor.py:186} INFO - Started process (PID=17974) to work on /home/m9d9v9/PycharmProjects/Airflow-2/Airflow-2/.venv/lib/python3.10/site-packages/airflow/example_dags/example_short_circuit_decorator.py
[2024-12-06T23:31:44.356-0600] {processor.py:914} INFO - Processing file /home/m9d9v9/PycharmProjects/Airflow-2/Airflow-2/.venv/lib/python3.10/site-packages/airflow/example_dags/example_short_circuit_decorator.py for tasks to queue
[2024-12-06T23:31:44.356-0600] {logging_mixin.py:190} INFO - [2024-12-06T23:31:44.356-0600] {dagbag.py:588} INFO - Filling up the DagBag from /home/m9d9v9/PycharmProjects/Airflow-2/Airflow-2/.venv/lib/python3.10/site-packages/airflow/example_dags/example_short_circuit_decorator.py
[2024-12-06T23:31:44.364-0600] {processor.py:925} INFO - DAG(s) 'example_short_circuit_decorator' retrieved from /home/m9d9v9/PycharmProjects/Airflow-2/Airflow-2/.venv/lib/python3.10/site-packages/airflow/example_dags/example_short_circuit_decorator.py
[2024-12-06T23:31:44.377-0600] {logging_mixin.py:190} INFO - [2024-12-06T23:31:44.377-0600] {dag.py:3239} INFO - Sync 1 DAGs
[2024-12-06T23:31:44.390-0600] {logging_mixin.py:190} INFO - [2024-12-06T23:31:44.390-0600] {dag.py:4180} INFO - Setting next_dagrun for example_short_circuit_decorator to None, run_after=None
[2024-12-06T23:31:44.402-0600] {processor.py:208} INFO - Processing /home/m9d9v9/PycharmProjects/Airflow-2/Airflow-2/.venv/lib/python3.10/site-packages/airflow/example_dags/example_short_circuit_decorator.py took 0.052 seconds
[2024-12-06T23:32:43.808-0600] {processor.py:186} INFO - Started process (PID=18067) to work on /home/m9d9v9/PycharmProjects/Airflow-2/Airflow-2/.venv/lib/python3.10/site-packages/airflow/example_dags/example_short_circuit_decorator.py
[2024-12-06T23:32:43.815-0600] {processor.py:914} INFO - Processing file /home/m9d9v9/PycharmProjects/Airflow-2/Airflow-2/.venv/lib/python3.10/site-packages/airflow/example_dags/example_short_circuit_decorator.py for tasks to queue
[2024-12-06T23:32:43.817-0600] {logging_mixin.py:190} INFO - [2024-12-06T23:32:43.816-0600] {dagbag.py:588} INFO - Filling up the DagBag from /home/m9d9v9/PycharmProjects/Airflow-2/Airflow-2/.venv/lib/python3.10/site-packages/airflow/example_dags/example_short_circuit_decorator.py
[2024-12-06T23:32:43.837-0600] {processor.py:925} INFO - DAG(s) 'example_short_circuit_decorator' retrieved from /home/m9d9v9/PycharmProjects/Airflow-2/Airflow-2/.venv/lib/python3.10/site-packages/airflow/example_dags/example_short_circuit_decorator.py
[2024-12-06T23:32:43.861-0600] {logging_mixin.py:190} INFO - [2024-12-06T23:32:43.861-0600] {dag.py:3239} INFO - Sync 1 DAGs
[2024-12-06T23:32:43.868-0600] {logging_mixin.py:190} INFO - [2024-12-06T23:32:43.868-0600] {dag.py:4180} INFO - Setting next_dagrun for example_short_circuit_decorator to None, run_after=None
[2024-12-06T23:32:43.879-0600] {processor.py:208} INFO - Processing /home/m9d9v9/PycharmProjects/Airflow-2/Airflow-2/.venv/lib/python3.10/site-packages/airflow/example_dags/example_short_circuit_decorator.py took 0.082 seconds
[2024-12-06T23:33:39.289-0600] {processor.py:186} INFO - Started process (PID=18134) to work on /home/m9d9v9/PycharmProjects/Airflow-2/Airflow-2/.venv/lib/python3.10/site-packages/airflow/example_dags/example_short_circuit_decorator.py
[2024-12-06T23:33:39.295-0600] {processor.py:914} INFO - Processing file /home/m9d9v9/PycharmProjects/Airflow-2/Airflow-2/.venv/lib/python3.10/site-packages/airflow/example_dags/example_short_circuit_decorator.py for tasks to queue
[2024-12-06T23:33:39.297-0600] {logging_mixin.py:190} INFO - [2024-12-06T23:33:39.297-0600] {dagbag.py:588} INFO - Filling up the DagBag from /home/m9d9v9/PycharmProjects/Airflow-2/Airflow-2/.venv/lib/python3.10/site-packages/airflow/example_dags/example_short_circuit_decorator.py
[2024-12-06T23:33:39.314-0600] {processor.py:925} INFO - DAG(s) 'example_short_circuit_decorator' retrieved from /home/m9d9v9/PycharmProjects/Airflow-2/Airflow-2/.venv/lib/python3.10/site-packages/airflow/example_dags/example_short_circuit_decorator.py
[2024-12-06T23:33:39.343-0600] {logging_mixin.py:190} INFO - [2024-12-06T23:33:39.343-0600] {dag.py:3239} INFO - Sync 1 DAGs
[2024-12-06T23:33:39.351-0600] {logging_mixin.py:190} INFO - [2024-12-06T23:33:39.351-0600] {dag.py:4180} INFO - Setting next_dagrun for example_short_circuit_decorator to None, run_after=None
[2024-12-06T23:33:39.363-0600] {processor.py:208} INFO - Processing /home/m9d9v9/PycharmProjects/Airflow-2/Airflow-2/.venv/lib/python3.10/site-packages/airflow/example_dags/example_short_circuit_decorator.py took 0.078 seconds
[2024-12-06T23:34:36.490-0600] {processor.py:186} INFO - Started process (PID=18229) to work on /home/m9d9v9/PycharmProjects/Airflow-2/Airflow-2/.venv/lib/python3.10/site-packages/airflow/example_dags/example_short_circuit_decorator.py
[2024-12-06T23:34:36.497-0600] {processor.py:914} INFO - Processing file /home/m9d9v9/PycharmProjects/Airflow-2/Airflow-2/.venv/lib/python3.10/site-packages/airflow/example_dags/example_short_circuit_decorator.py for tasks to queue
[2024-12-06T23:34:36.499-0600] {logging_mixin.py:190} INFO - [2024-12-06T23:34:36.499-0600] {dagbag.py:588} INFO - Filling up the DagBag from /home/m9d9v9/PycharmProjects/Airflow-2/Airflow-2/.venv/lib/python3.10/site-packages/airflow/example_dags/example_short_circuit_decorator.py
[2024-12-06T23:34:36.516-0600] {processor.py:925} INFO - DAG(s) 'example_short_circuit_decorator' retrieved from /home/m9d9v9/PycharmProjects/Airflow-2/Airflow-2/.venv/lib/python3.10/site-packages/airflow/example_dags/example_short_circuit_decorator.py
[2024-12-06T23:34:36.527-0600] {logging_mixin.py:190} INFO - [2024-12-06T23:34:36.527-0600] {dag.py:3239} INFO - Sync 1 DAGs
[2024-12-06T23:34:36.625-0600] {logging_mixin.py:190} INFO - [2024-12-06T23:34:36.625-0600] {dag.py:4180} INFO - Setting next_dagrun for example_short_circuit_decorator to None, run_after=None
[2024-12-06T23:34:36.642-0600] {processor.py:208} INFO - Processing /home/m9d9v9/PycharmProjects/Airflow-2/Airflow-2/.venv/lib/python3.10/site-packages/airflow/example_dags/example_short_circuit_decorator.py took 0.164 seconds
[2024-12-06T23:35:40.007-0600] {processor.py:186} INFO - Started process (PID=18342) to work on /home/m9d9v9/PycharmProjects/Airflow-2/Airflow-2/.venv/lib/python3.10/site-packages/airflow/example_dags/example_short_circuit_decorator.py
[2024-12-06T23:35:40.013-0600] {processor.py:914} INFO - Processing file /home/m9d9v9/PycharmProjects/Airflow-2/Airflow-2/.venv/lib/python3.10/site-packages/airflow/example_dags/example_short_circuit_decorator.py for tasks to queue
[2024-12-06T23:35:40.015-0600] {logging_mixin.py:190} INFO - [2024-12-06T23:35:40.014-0600] {dagbag.py:588} INFO - Filling up the DagBag from /home/m9d9v9/PycharmProjects/Airflow-2/Airflow-2/.venv/lib/python3.10/site-packages/airflow/example_dags/example_short_circuit_decorator.py
[2024-12-06T23:35:40.022-0600] {processor.py:925} INFO - DAG(s) 'example_short_circuit_decorator' retrieved from /home/m9d9v9/PycharmProjects/Airflow-2/Airflow-2/.venv/lib/python3.10/site-packages/airflow/example_dags/example_short_circuit_decorator.py
[2024-12-06T23:35:40.033-0600] {logging_mixin.py:190} INFO - [2024-12-06T23:35:40.033-0600] {dag.py:3239} INFO - Sync 1 DAGs
[2024-12-06T23:35:40.041-0600] {logging_mixin.py:190} INFO - [2024-12-06T23:35:40.040-0600] {dag.py:4180} INFO - Setting next_dagrun for example_short_circuit_decorator to None, run_after=None
[2024-12-06T23:35:40.148-0600] {processor.py:208} INFO - Processing /home/m9d9v9/PycharmProjects/Airflow-2/Airflow-2/.venv/lib/python3.10/site-packages/airflow/example_dags/example_short_circuit_decorator.py took 0.145 seconds
[2024-12-06T23:36:42.991-0600] {processor.py:186} INFO - Started process (PID=18417) to work on /home/m9d9v9/PycharmProjects/Airflow-2/Airflow-2/.venv/lib/python3.10/site-packages/airflow/example_dags/example_short_circuit_decorator.py
[2024-12-06T23:36:42.998-0600] {processor.py:914} INFO - Processing file /home/m9d9v9/PycharmProjects/Airflow-2/Airflow-2/.venv/lib/python3.10/site-packages/airflow/example_dags/example_short_circuit_decorator.py for tasks to queue
[2024-12-06T23:36:43.000-0600] {logging_mixin.py:190} INFO - [2024-12-06T23:36:42.999-0600] {dagbag.py:588} INFO - Filling up the DagBag from /home/m9d9v9/PycharmProjects/Airflow-2/Airflow-2/.venv/lib/python3.10/site-packages/airflow/example_dags/example_short_circuit_decorator.py
[2024-12-06T23:36:43.018-0600] {processor.py:925} INFO - DAG(s) 'example_short_circuit_decorator' retrieved from /home/m9d9v9/PycharmProjects/Airflow-2/Airflow-2/.venv/lib/python3.10/site-packages/airflow/example_dags/example_short_circuit_decorator.py
[2024-12-06T23:36:43.042-0600] {logging_mixin.py:190} INFO - [2024-12-06T23:36:43.042-0600] {dag.py:3239} INFO - Sync 1 DAGs
[2024-12-06T23:36:43.050-0600] {logging_mixin.py:190} INFO - [2024-12-06T23:36:43.050-0600] {dag.py:4180} INFO - Setting next_dagrun for example_short_circuit_decorator to None, run_after=None
[2024-12-06T23:36:43.061-0600] {processor.py:208} INFO - Processing /home/m9d9v9/PycharmProjects/Airflow-2/Airflow-2/.venv/lib/python3.10/site-packages/airflow/example_dags/example_short_circuit_decorator.py took 0.082 seconds
[2024-12-06T23:37:43.978-0600] {processor.py:186} INFO - Started process (PID=18706) to work on /home/m9d9v9/PycharmProjects/Airflow-2/Airflow-2/.venv/lib/python3.10/site-packages/airflow/example_dags/example_short_circuit_decorator.py
[2024-12-06T23:37:43.985-0600] {processor.py:914} INFO - Processing file /home/m9d9v9/PycharmProjects/Airflow-2/Airflow-2/.venv/lib/python3.10/site-packages/airflow/example_dags/example_short_circuit_decorator.py for tasks to queue
[2024-12-06T23:37:43.987-0600] {logging_mixin.py:190} INFO - [2024-12-06T23:37:43.987-0600] {dagbag.py:588} INFO - Filling up the DagBag from /home/m9d9v9/PycharmProjects/Airflow-2/Airflow-2/.venv/lib/python3.10/site-packages/airflow/example_dags/example_short_circuit_decorator.py
[2024-12-06T23:37:44.004-0600] {processor.py:925} INFO - DAG(s) 'example_short_circuit_decorator' retrieved from /home/m9d9v9/PycharmProjects/Airflow-2/Airflow-2/.venv/lib/python3.10/site-packages/airflow/example_dags/example_short_circuit_decorator.py
[2024-12-06T23:37:44.028-0600] {logging_mixin.py:190} INFO - [2024-12-06T23:37:44.028-0600] {dag.py:3239} INFO - Sync 1 DAGs
[2024-12-06T23:37:44.037-0600] {logging_mixin.py:190} INFO - [2024-12-06T23:37:44.036-0600] {dag.py:4180} INFO - Setting next_dagrun for example_short_circuit_decorator to None, run_after=None
[2024-12-06T23:37:44.049-0600] {processor.py:208} INFO - Processing /home/m9d9v9/PycharmProjects/Airflow-2/Airflow-2/.venv/lib/python3.10/site-packages/airflow/example_dags/example_short_circuit_decorator.py took 0.083 seconds
[2024-12-06T23:38:47.442-0600] {processor.py:186} INFO - Started process (PID=18875) to work on /home/m9d9v9/PycharmProjects/Airflow-2/Airflow-2/.venv/lib/python3.10/site-packages/airflow/example_dags/example_short_circuit_decorator.py
[2024-12-06T23:38:47.443-0600] {processor.py:914} INFO - Processing file /home/m9d9v9/PycharmProjects/Airflow-2/Airflow-2/.venv/lib/python3.10/site-packages/airflow/example_dags/example_short_circuit_decorator.py for tasks to queue
[2024-12-06T23:38:47.445-0600] {logging_mixin.py:190} INFO - [2024-12-06T23:38:47.445-0600] {dagbag.py:588} INFO - Filling up the DagBag from /home/m9d9v9/PycharmProjects/Airflow-2/Airflow-2/.venv/lib/python3.10/site-packages/airflow/example_dags/example_short_circuit_decorator.py
[2024-12-06T23:38:47.455-0600] {processor.py:925} INFO - DAG(s) 'example_short_circuit_decorator' retrieved from /home/m9d9v9/PycharmProjects/Airflow-2/Airflow-2/.venv/lib/python3.10/site-packages/airflow/example_dags/example_short_circuit_decorator.py
[2024-12-06T23:38:47.475-0600] {logging_mixin.py:190} INFO - [2024-12-06T23:38:47.475-0600] {dag.py:3239} INFO - Sync 1 DAGs
[2024-12-06T23:38:47.488-0600] {logging_mixin.py:190} INFO - [2024-12-06T23:38:47.488-0600] {dag.py:4180} INFO - Setting next_dagrun for example_short_circuit_decorator to None, run_after=None
[2024-12-06T23:38:47.501-0600] {processor.py:208} INFO - Processing /home/m9d9v9/PycharmProjects/Airflow-2/Airflow-2/.venv/lib/python3.10/site-packages/airflow/example_dags/example_short_circuit_decorator.py took 0.067 seconds
[2024-12-06T23:39:47.194-0600] {processor.py:186} INFO - Started process (PID=19091) to work on /home/m9d9v9/PycharmProjects/Airflow-2/Airflow-2/.venv/lib/python3.10/site-packages/airflow/example_dags/example_short_circuit_decorator.py
[2024-12-06T23:39:47.201-0600] {processor.py:914} INFO - Processing file /home/m9d9v9/PycharmProjects/Airflow-2/Airflow-2/.venv/lib/python3.10/site-packages/airflow/example_dags/example_short_circuit_decorator.py for tasks to queue
[2024-12-06T23:39:47.203-0600] {logging_mixin.py:190} INFO - [2024-12-06T23:39:47.202-0600] {dagbag.py:588} INFO - Filling up the DagBag from /home/m9d9v9/PycharmProjects/Airflow-2/Airflow-2/.venv/lib/python3.10/site-packages/airflow/example_dags/example_short_circuit_decorator.py
[2024-12-06T23:39:47.216-0600] {processor.py:925} INFO - DAG(s) 'example_short_circuit_decorator' retrieved from /home/m9d9v9/PycharmProjects/Airflow-2/Airflow-2/.venv/lib/python3.10/site-packages/airflow/example_dags/example_short_circuit_decorator.py
[2024-12-06T23:39:47.240-0600] {logging_mixin.py:190} INFO - [2024-12-06T23:39:47.240-0600] {dag.py:3239} INFO - Sync 1 DAGs
[2024-12-06T23:39:47.251-0600] {logging_mixin.py:190} INFO - [2024-12-06T23:39:47.251-0600] {dag.py:4180} INFO - Setting next_dagrun for example_short_circuit_decorator to None, run_after=None
[2024-12-06T23:39:47.263-0600] {processor.py:208} INFO - Processing /home/m9d9v9/PycharmProjects/Airflow-2/Airflow-2/.venv/lib/python3.10/site-packages/airflow/example_dags/example_short_circuit_decorator.py took 0.078 seconds
[2024-12-06T23:40:45.800-0600] {processor.py:186} INFO - Started process (PID=19273) to work on /home/m9d9v9/PycharmProjects/Airflow-2/Airflow-2/.venv/lib/python3.10/site-packages/airflow/example_dags/example_short_circuit_decorator.py
[2024-12-06T23:40:45.807-0600] {processor.py:914} INFO - Processing file /home/m9d9v9/PycharmProjects/Airflow-2/Airflow-2/.venv/lib/python3.10/site-packages/airflow/example_dags/example_short_circuit_decorator.py for tasks to queue
[2024-12-06T23:40:45.810-0600] {logging_mixin.py:190} INFO - [2024-12-06T23:40:45.809-0600] {dagbag.py:588} INFO - Filling up the DagBag from /home/m9d9v9/PycharmProjects/Airflow-2/Airflow-2/.venv/lib/python3.10/site-packages/airflow/example_dags/example_short_circuit_decorator.py
[2024-12-06T23:40:45.830-0600] {processor.py:925} INFO - DAG(s) 'example_short_circuit_decorator' retrieved from /home/m9d9v9/PycharmProjects/Airflow-2/Airflow-2/.venv/lib/python3.10/site-packages/airflow/example_dags/example_short_circuit_decorator.py
[2024-12-06T23:40:45.854-0600] {logging_mixin.py:190} INFO - [2024-12-06T23:40:45.854-0600] {dag.py:3239} INFO - Sync 1 DAGs
[2024-12-06T23:40:45.861-0600] {logging_mixin.py:190} INFO - [2024-12-06T23:40:45.861-0600] {dag.py:4180} INFO - Setting next_dagrun for example_short_circuit_decorator to None, run_after=None
[2024-12-06T23:40:45.872-0600] {processor.py:208} INFO - Processing /home/m9d9v9/PycharmProjects/Airflow-2/Airflow-2/.venv/lib/python3.10/site-packages/airflow/example_dags/example_short_circuit_decorator.py took 0.082 seconds
[2024-12-06T23:41:38.385-0600] {processor.py:186} INFO - Started process (PID=19355) to work on /home/m9d9v9/PycharmProjects/Airflow-2/Airflow-2/.venv/lib/python3.10/site-packages/airflow/example_dags/example_short_circuit_decorator.py
[2024-12-06T23:41:38.391-0600] {processor.py:914} INFO - Processing file /home/m9d9v9/PycharmProjects/Airflow-2/Airflow-2/.venv/lib/python3.10/site-packages/airflow/example_dags/example_short_circuit_decorator.py for tasks to queue
[2024-12-06T23:41:38.392-0600] {logging_mixin.py:190} INFO - [2024-12-06T23:41:38.392-0600] {dagbag.py:588} INFO - Filling up the DagBag from /home/m9d9v9/PycharmProjects/Airflow-2/Airflow-2/.venv/lib/python3.10/site-packages/airflow/example_dags/example_short_circuit_decorator.py
[2024-12-06T23:41:38.400-0600] {processor.py:925} INFO - DAG(s) 'example_short_circuit_decorator' retrieved from /home/m9d9v9/PycharmProjects/Airflow-2/Airflow-2/.venv/lib/python3.10/site-packages/airflow/example_dags/example_short_circuit_decorator.py
[2024-12-06T23:41:38.415-0600] {logging_mixin.py:190} INFO - [2024-12-06T23:41:38.415-0600] {dag.py:3239} INFO - Sync 1 DAGs
[2024-12-06T23:41:38.423-0600] {logging_mixin.py:190} INFO - [2024-12-06T23:41:38.423-0600] {dag.py:4180} INFO - Setting next_dagrun for example_short_circuit_decorator to None, run_after=None
[2024-12-06T23:41:38.436-0600] {processor.py:208} INFO - Processing /home/m9d9v9/PycharmProjects/Airflow-2/Airflow-2/.venv/lib/python3.10/site-packages/airflow/example_dags/example_short_circuit_decorator.py took 0.055 seconds
