[2024-12-06T22:19:10.624-0600] {processor.py:186} INFO - Started process (PID=12513) to work on /home/m9d9v9/PycharmProjects/Airflow-2/Airflow-2/.venv/lib/python3.10/site-packages/airflow/example_dags/example_branch_labels.py
[2024-12-06T22:19:10.625-0600] {processor.py:914} INFO - Processing file /home/m9d9v9/PycharmProjects/Airflow-2/Airflow-2/.venv/lib/python3.10/site-packages/airflow/example_dags/example_branch_labels.py for tasks to queue
[2024-12-06T22:19:10.626-0600] {logging_mixin.py:190} INFO - [2024-12-06T22:19:10.626-0600] {dagbag.py:588} INFO - Filling up the DagBag from /home/m9d9v9/PycharmProjects/Airflow-2/Airflow-2/.venv/lib/python3.10/site-packages/airflow/example_dags/example_branch_labels.py
[2024-12-06T22:19:10.634-0600] {processor.py:925} INFO - DAG(s) 'example_branch_labels' retrieved from /home/m9d9v9/PycharmProjects/Airflow-2/Airflow-2/.venv/lib/python3.10/site-packages/airflow/example_dags/example_branch_labels.py
[2024-12-06T22:19:10.702-0600] {logging_mixin.py:190} INFO - [2024-12-06T22:19:10.701-0600] {override.py:1911} INFO - Created Permission View: can edit on DAG:example_branch_labels
[2024-12-06T22:19:10.711-0600] {logging_mixin.py:190} INFO - [2024-12-06T22:19:10.710-0600] {override.py:1911} INFO - Created Permission View: can read on DAG:example_branch_labels
[2024-12-06T22:19:10.718-0600] {logging_mixin.py:190} INFO - [2024-12-06T22:19:10.718-0600] {override.py:1911} INFO - Created Permission View: can delete on DAG:example_branch_labels
[2024-12-06T22:19:10.732-0600] {logging_mixin.py:190} INFO - [2024-12-06T22:19:10.731-0600] {override.py:1911} INFO - Created Permission View: menu access on DAG Run:example_branch_labels
[2024-12-06T22:19:10.738-0600] {logging_mixin.py:190} INFO - [2024-12-06T22:19:10.738-0600] {override.py:1911} INFO - Created Permission View: can create on DAG Run:example_branch_labels
[2024-12-06T22:19:10.744-0600] {logging_mixin.py:190} INFO - [2024-12-06T22:19:10.743-0600] {override.py:1911} INFO - Created Permission View: can read on DAG Run:example_branch_labels
[2024-12-06T22:19:10.750-0600] {logging_mixin.py:190} INFO - [2024-12-06T22:19:10.749-0600] {override.py:1911} INFO - Created Permission View: can delete on DAG Run:example_branch_labels
[2024-12-06T22:19:10.750-0600] {logging_mixin.py:190} INFO - [2024-12-06T22:19:10.750-0600] {dag.py:3239} INFO - Sync 1 DAGs
[2024-12-06T22:19:10.758-0600] {logging_mixin.py:190} INFO - [2024-12-06T22:19:10.758-0600] {dag.py:3262} INFO - Creating ORM DAG for example_branch_labels
[2024-12-06T22:19:10.764-0600] {logging_mixin.py:190} INFO - [2024-12-06T22:19:10.763-0600] {dag.py:4180} INFO - Setting next_dagrun for example_branch_labels to 2024-12-06 00:00:00+00:00, run_after=2024-12-07 00:00:00+00:00
[2024-12-06T22:19:10.777-0600] {processor.py:208} INFO - Processing /home/m9d9v9/PycharmProjects/Airflow-2/Airflow-2/.venv/lib/python3.10/site-packages/airflow/example_dags/example_branch_labels.py took 0.158 seconds
[2024-12-06T22:20:09.177-0600] {processor.py:186} INFO - Started process (PID=12633) to work on /home/m9d9v9/PycharmProjects/Airflow-2/Airflow-2/.venv/lib/python3.10/site-packages/airflow/example_dags/example_branch_labels.py
[2024-12-06T22:20:09.183-0600] {processor.py:914} INFO - Processing file /home/m9d9v9/PycharmProjects/Airflow-2/Airflow-2/.venv/lib/python3.10/site-packages/airflow/example_dags/example_branch_labels.py for tasks to queue
[2024-12-06T22:20:09.186-0600] {logging_mixin.py:190} INFO - [2024-12-06T22:20:09.185-0600] {dagbag.py:588} INFO - Filling up the DagBag from /home/m9d9v9/PycharmProjects/Airflow-2/Airflow-2/.venv/lib/python3.10/site-packages/airflow/example_dags/example_branch_labels.py
[2024-12-06T22:20:09.192-0600] {processor.py:925} INFO - DAG(s) 'example_branch_labels' retrieved from /home/m9d9v9/PycharmProjects/Airflow-2/Airflow-2/.venv/lib/python3.10/site-packages/airflow/example_dags/example_branch_labels.py
[2024-12-06T22:20:09.203-0600] {logging_mixin.py:190} INFO - [2024-12-06T22:20:09.202-0600] {dag.py:3239} INFO - Sync 1 DAGs
[2024-12-06T22:20:09.214-0600] {logging_mixin.py:190} INFO - [2024-12-06T22:20:09.214-0600] {dag.py:4180} INFO - Setting next_dagrun for example_branch_labels to 2024-12-06 00:00:00+00:00, run_after=2024-12-07 00:00:00+00:00
[2024-12-06T22:20:09.228-0600] {processor.py:208} INFO - Processing /home/m9d9v9/PycharmProjects/Airflow-2/Airflow-2/.venv/lib/python3.10/site-packages/airflow/example_dags/example_branch_labels.py took 0.054 seconds
[2024-12-06T22:21:04.215-0600] {processor.py:186} INFO - Started process (PID=12708) to work on /home/m9d9v9/PycharmProjects/Airflow-2/Airflow-2/.venv/lib/python3.10/site-packages/airflow/example_dags/example_branch_labels.py
[2024-12-06T22:21:04.221-0600] {processor.py:914} INFO - Processing file /home/m9d9v9/PycharmProjects/Airflow-2/Airflow-2/.venv/lib/python3.10/site-packages/airflow/example_dags/example_branch_labels.py for tasks to queue
[2024-12-06T22:21:04.223-0600] {logging_mixin.py:190} INFO - [2024-12-06T22:21:04.223-0600] {dagbag.py:588} INFO - Filling up the DagBag from /home/m9d9v9/PycharmProjects/Airflow-2/Airflow-2/.venv/lib/python3.10/site-packages/airflow/example_dags/example_branch_labels.py
[2024-12-06T22:21:04.241-0600] {processor.py:925} INFO - DAG(s) 'example_branch_labels' retrieved from /home/m9d9v9/PycharmProjects/Airflow-2/Airflow-2/.venv/lib/python3.10/site-packages/airflow/example_dags/example_branch_labels.py
[2024-12-06T22:21:04.261-0600] {logging_mixin.py:190} INFO - [2024-12-06T22:21:04.260-0600] {dag.py:3239} INFO - Sync 1 DAGs
[2024-12-06T22:21:04.280-0600] {logging_mixin.py:190} INFO - [2024-12-06T22:21:04.280-0600] {dag.py:4180} INFO - Setting next_dagrun for example_branch_labels to 2024-12-06 00:00:00+00:00, run_after=2024-12-07 00:00:00+00:00
[2024-12-06T22:21:04.294-0600] {processor.py:208} INFO - Processing /home/m9d9v9/PycharmProjects/Airflow-2/Airflow-2/.venv/lib/python3.10/site-packages/airflow/example_dags/example_branch_labels.py took 0.086 seconds
[2024-12-06T22:22:02.185-0600] {processor.py:186} INFO - Started process (PID=12787) to work on /home/m9d9v9/PycharmProjects/Airflow-2/Airflow-2/.venv/lib/python3.10/site-packages/airflow/example_dags/example_branch_labels.py
[2024-12-06T22:22:02.191-0600] {processor.py:914} INFO - Processing file /home/m9d9v9/PycharmProjects/Airflow-2/Airflow-2/.venv/lib/python3.10/site-packages/airflow/example_dags/example_branch_labels.py for tasks to queue
[2024-12-06T22:22:02.194-0600] {logging_mixin.py:190} INFO - [2024-12-06T22:22:02.194-0600] {dagbag.py:588} INFO - Filling up the DagBag from /home/m9d9v9/PycharmProjects/Airflow-2/Airflow-2/.venv/lib/python3.10/site-packages/airflow/example_dags/example_branch_labels.py
[2024-12-06T22:22:02.210-0600] {processor.py:925} INFO - DAG(s) 'example_branch_labels' retrieved from /home/m9d9v9/PycharmProjects/Airflow-2/Airflow-2/.venv/lib/python3.10/site-packages/airflow/example_dags/example_branch_labels.py
[2024-12-06T22:22:02.232-0600] {logging_mixin.py:190} INFO - [2024-12-06T22:22:02.232-0600] {dag.py:3239} INFO - Sync 1 DAGs
[2024-12-06T22:22:02.246-0600] {logging_mixin.py:190} INFO - [2024-12-06T22:22:02.245-0600] {dag.py:4180} INFO - Setting next_dagrun for example_branch_labels to 2024-12-06 00:00:00+00:00, run_after=2024-12-07 00:00:00+00:00
[2024-12-06T22:22:02.259-0600] {processor.py:208} INFO - Processing /home/m9d9v9/PycharmProjects/Airflow-2/Airflow-2/.venv/lib/python3.10/site-packages/airflow/example_dags/example_branch_labels.py took 0.086 seconds
[2024-12-06T22:23:19.448-0600] {processor.py:186} INFO - Started process (PID=12945) to work on /home/m9d9v9/PycharmProjects/Airflow-2/Airflow-2/.venv/lib/python3.10/site-packages/airflow/example_dags/example_branch_labels.py
[2024-12-06T22:23:19.454-0600] {processor.py:914} INFO - Processing file /home/m9d9v9/PycharmProjects/Airflow-2/Airflow-2/.venv/lib/python3.10/site-packages/airflow/example_dags/example_branch_labels.py for tasks to queue
[2024-12-06T22:23:19.457-0600] {logging_mixin.py:190} INFO - [2024-12-06T22:23:19.456-0600] {dagbag.py:588} INFO - Filling up the DagBag from /home/m9d9v9/PycharmProjects/Airflow-2/Airflow-2/.venv/lib/python3.10/site-packages/airflow/example_dags/example_branch_labels.py
[2024-12-06T22:23:19.478-0600] {processor.py:925} INFO - DAG(s) 'example_branch_labels' retrieved from /home/m9d9v9/PycharmProjects/Airflow-2/Airflow-2/.venv/lib/python3.10/site-packages/airflow/example_dags/example_branch_labels.py
[2024-12-06T22:23:19.499-0600] {logging_mixin.py:190} INFO - [2024-12-06T22:23:19.499-0600] {dag.py:3239} INFO - Sync 1 DAGs
[2024-12-06T22:23:19.512-0600] {logging_mixin.py:190} INFO - [2024-12-06T22:23:19.512-0600] {dag.py:4180} INFO - Setting next_dagrun for example_branch_labels to 2024-12-06 00:00:00+00:00, run_after=2024-12-07 00:00:00+00:00
[2024-12-06T22:23:19.524-0600] {processor.py:208} INFO - Processing /home/m9d9v9/PycharmProjects/Airflow-2/Airflow-2/.venv/lib/python3.10/site-packages/airflow/example_dags/example_branch_labels.py took 0.089 seconds
[2024-12-06T22:24:16.857-0600] {processor.py:186} INFO - Started process (PID=13016) to work on /home/m9d9v9/PycharmProjects/Airflow-2/Airflow-2/.venv/lib/python3.10/site-packages/airflow/example_dags/example_branch_labels.py
[2024-12-06T22:24:16.864-0600] {processor.py:914} INFO - Processing file /home/m9d9v9/PycharmProjects/Airflow-2/Airflow-2/.venv/lib/python3.10/site-packages/airflow/example_dags/example_branch_labels.py for tasks to queue
[2024-12-06T22:24:16.867-0600] {logging_mixin.py:190} INFO - [2024-12-06T22:24:16.866-0600] {dagbag.py:588} INFO - Filling up the DagBag from /home/m9d9v9/PycharmProjects/Airflow-2/Airflow-2/.venv/lib/python3.10/site-packages/airflow/example_dags/example_branch_labels.py
[2024-12-06T22:24:16.888-0600] {processor.py:925} INFO - DAG(s) 'example_branch_labels' retrieved from /home/m9d9v9/PycharmProjects/Airflow-2/Airflow-2/.venv/lib/python3.10/site-packages/airflow/example_dags/example_branch_labels.py
[2024-12-06T22:24:16.908-0600] {logging_mixin.py:190} INFO - [2024-12-06T22:24:16.908-0600] {dag.py:3239} INFO - Sync 1 DAGs
[2024-12-06T22:24:16.921-0600] {logging_mixin.py:190} INFO - [2024-12-06T22:24:16.921-0600] {dag.py:4180} INFO - Setting next_dagrun for example_branch_labels to 2024-12-06 00:00:00+00:00, run_after=2024-12-07 00:00:00+00:00
[2024-12-06T22:24:16.933-0600] {processor.py:208} INFO - Processing /home/m9d9v9/PycharmProjects/Airflow-2/Airflow-2/.venv/lib/python3.10/site-packages/airflow/example_dags/example_branch_labels.py took 0.087 seconds
[2024-12-06T22:25:13.317-0600] {processor.py:186} INFO - Started process (PID=13103) to work on /home/m9d9v9/PycharmProjects/Airflow-2/Airflow-2/.venv/lib/python3.10/site-packages/airflow/example_dags/example_branch_labels.py
[2024-12-06T22:25:13.318-0600] {processor.py:914} INFO - Processing file /home/m9d9v9/PycharmProjects/Airflow-2/Airflow-2/.venv/lib/python3.10/site-packages/airflow/example_dags/example_branch_labels.py for tasks to queue
[2024-12-06T22:25:13.319-0600] {logging_mixin.py:190} INFO - [2024-12-06T22:25:13.319-0600] {dagbag.py:588} INFO - Filling up the DagBag from /home/m9d9v9/PycharmProjects/Airflow-2/Airflow-2/.venv/lib/python3.10/site-packages/airflow/example_dags/example_branch_labels.py
[2024-12-06T22:25:13.325-0600] {processor.py:925} INFO - DAG(s) 'example_branch_labels' retrieved from /home/m9d9v9/PycharmProjects/Airflow-2/Airflow-2/.venv/lib/python3.10/site-packages/airflow/example_dags/example_branch_labels.py
[2024-12-06T22:25:13.335-0600] {logging_mixin.py:190} INFO - [2024-12-06T22:25:13.334-0600] {dag.py:3239} INFO - Sync 1 DAGs
[2024-12-06T22:25:13.346-0600] {logging_mixin.py:190} INFO - [2024-12-06T22:25:13.346-0600] {dag.py:4180} INFO - Setting next_dagrun for example_branch_labels to 2024-12-06 00:00:00+00:00, run_after=2024-12-07 00:00:00+00:00
[2024-12-06T22:25:13.357-0600] {processor.py:208} INFO - Processing /home/m9d9v9/PycharmProjects/Airflow-2/Airflow-2/.venv/lib/python3.10/site-packages/airflow/example_dags/example_branch_labels.py took 0.043 seconds
[2024-12-06T22:26:10.526-0600] {processor.py:186} INFO - Started process (PID=13182) to work on /home/m9d9v9/PycharmProjects/Airflow-2/Airflow-2/.venv/lib/python3.10/site-packages/airflow/example_dags/example_branch_labels.py
[2024-12-06T22:26:10.532-0600] {processor.py:914} INFO - Processing file /home/m9d9v9/PycharmProjects/Airflow-2/Airflow-2/.venv/lib/python3.10/site-packages/airflow/example_dags/example_branch_labels.py for tasks to queue
[2024-12-06T22:26:10.534-0600] {logging_mixin.py:190} INFO - [2024-12-06T22:26:10.534-0600] {dagbag.py:588} INFO - Filling up the DagBag from /home/m9d9v9/PycharmProjects/Airflow-2/Airflow-2/.venv/lib/python3.10/site-packages/airflow/example_dags/example_branch_labels.py
[2024-12-06T22:26:10.556-0600] {processor.py:925} INFO - DAG(s) 'example_branch_labels' retrieved from /home/m9d9v9/PycharmProjects/Airflow-2/Airflow-2/.venv/lib/python3.10/site-packages/airflow/example_dags/example_branch_labels.py
[2024-12-06T22:26:10.581-0600] {logging_mixin.py:190} INFO - [2024-12-06T22:26:10.581-0600] {dag.py:3239} INFO - Sync 1 DAGs
[2024-12-06T22:26:10.595-0600] {logging_mixin.py:190} INFO - [2024-12-06T22:26:10.594-0600] {dag.py:4180} INFO - Setting next_dagrun for example_branch_labels to 2024-12-06 00:00:00+00:00, run_after=2024-12-07 00:00:00+00:00
[2024-12-06T22:26:10.607-0600] {processor.py:208} INFO - Processing /home/m9d9v9/PycharmProjects/Airflow-2/Airflow-2/.venv/lib/python3.10/site-packages/airflow/example_dags/example_branch_labels.py took 0.086 seconds
[2024-12-06T22:37:27.711-0600] {processor.py:186} INFO - Started process (PID=14654) to work on /home/m9d9v9/PycharmProjects/Airflow-2/Airflow-2/.venv/lib/python3.10/site-packages/airflow/example_dags/example_branch_labels.py
[2024-12-06T22:37:27.713-0600] {processor.py:914} INFO - Processing file /home/m9d9v9/PycharmProjects/Airflow-2/Airflow-2/.venv/lib/python3.10/site-packages/airflow/example_dags/example_branch_labels.py for tasks to queue
[2024-12-06T22:37:27.718-0600] {logging_mixin.py:190} INFO - [2024-12-06T22:37:27.717-0600] {dagbag.py:588} INFO - Filling up the DagBag from /home/m9d9v9/PycharmProjects/Airflow-2/Airflow-2/.venv/lib/python3.10/site-packages/airflow/example_dags/example_branch_labels.py
[2024-12-06T22:37:27.738-0600] {processor.py:925} INFO - DAG(s) 'example_branch_labels' retrieved from /home/m9d9v9/PycharmProjects/Airflow-2/Airflow-2/.venv/lib/python3.10/site-packages/airflow/example_dags/example_branch_labels.py
[2024-12-06T22:37:27.752-0600] {logging_mixin.py:190} INFO - [2024-12-06T22:37:27.752-0600] {dag.py:3239} INFO - Sync 1 DAGs
[2024-12-06T22:37:27.765-0600] {logging_mixin.py:190} INFO - [2024-12-06T22:37:27.765-0600] {dag.py:4180} INFO - Setting next_dagrun for example_branch_labels to 2024-12-06 00:00:00+00:00, run_after=2024-12-07 00:00:00+00:00
[2024-12-06T22:37:27.781-0600] {processor.py:208} INFO - Processing /home/m9d9v9/PycharmProjects/Airflow-2/Airflow-2/.venv/lib/python3.10/site-packages/airflow/example_dags/example_branch_labels.py took 0.082 seconds
[2024-12-06T22:38:25.660-0600] {processor.py:186} INFO - Started process (PID=14760) to work on /home/m9d9v9/PycharmProjects/Airflow-2/Airflow-2/.venv/lib/python3.10/site-packages/airflow/example_dags/example_branch_labels.py
[2024-12-06T22:38:25.667-0600] {processor.py:914} INFO - Processing file /home/m9d9v9/PycharmProjects/Airflow-2/Airflow-2/.venv/lib/python3.10/site-packages/airflow/example_dags/example_branch_labels.py for tasks to queue
[2024-12-06T22:38:25.669-0600] {logging_mixin.py:190} INFO - [2024-12-06T22:38:25.668-0600] {dagbag.py:588} INFO - Filling up the DagBag from /home/m9d9v9/PycharmProjects/Airflow-2/Airflow-2/.venv/lib/python3.10/site-packages/airflow/example_dags/example_branch_labels.py
[2024-12-06T22:38:25.682-0600] {processor.py:925} INFO - DAG(s) 'example_branch_labels' retrieved from /home/m9d9v9/PycharmProjects/Airflow-2/Airflow-2/.venv/lib/python3.10/site-packages/airflow/example_dags/example_branch_labels.py
[2024-12-06T22:38:25.699-0600] {logging_mixin.py:190} INFO - [2024-12-06T22:38:25.699-0600] {dag.py:3239} INFO - Sync 1 DAGs
[2024-12-06T22:38:25.723-0600] {logging_mixin.py:190} INFO - [2024-12-06T22:38:25.723-0600] {dag.py:4180} INFO - Setting next_dagrun for example_branch_labels to 2024-12-06 00:00:00+00:00, run_after=2024-12-07 00:00:00+00:00
[2024-12-06T22:38:25.737-0600] {processor.py:208} INFO - Processing /home/m9d9v9/PycharmProjects/Airflow-2/Airflow-2/.venv/lib/python3.10/site-packages/airflow/example_dags/example_branch_labels.py took 0.081 seconds
[2024-12-06T22:39:24.681-0600] {processor.py:186} INFO - Started process (PID=14921) to work on /home/m9d9v9/PycharmProjects/Airflow-2/Airflow-2/.venv/lib/python3.10/site-packages/airflow/example_dags/example_branch_labels.py
[2024-12-06T22:39:24.687-0600] {processor.py:914} INFO - Processing file /home/m9d9v9/PycharmProjects/Airflow-2/Airflow-2/.venv/lib/python3.10/site-packages/airflow/example_dags/example_branch_labels.py for tasks to queue
[2024-12-06T22:39:24.689-0600] {logging_mixin.py:190} INFO - [2024-12-06T22:39:24.688-0600] {dagbag.py:588} INFO - Filling up the DagBag from /home/m9d9v9/PycharmProjects/Airflow-2/Airflow-2/.venv/lib/python3.10/site-packages/airflow/example_dags/example_branch_labels.py
[2024-12-06T22:39:24.697-0600] {processor.py:925} INFO - DAG(s) 'example_branch_labels' retrieved from /home/m9d9v9/PycharmProjects/Airflow-2/Airflow-2/.venv/lib/python3.10/site-packages/airflow/example_dags/example_branch_labels.py
[2024-12-06T22:39:24.710-0600] {logging_mixin.py:190} INFO - [2024-12-06T22:39:24.710-0600] {dag.py:3239} INFO - Sync 1 DAGs
[2024-12-06T22:39:24.725-0600] {logging_mixin.py:190} INFO - [2024-12-06T22:39:24.724-0600] {dag.py:4180} INFO - Setting next_dagrun for example_branch_labels to 2024-12-06 00:00:00+00:00, run_after=2024-12-07 00:00:00+00:00
[2024-12-06T22:39:24.738-0600] {processor.py:208} INFO - Processing /home/m9d9v9/PycharmProjects/Airflow-2/Airflow-2/.venv/lib/python3.10/site-packages/airflow/example_dags/example_branch_labels.py took 0.063 seconds
[2024-12-06T22:40:24.582-0600] {processor.py:186} INFO - Started process (PID=15053) to work on /home/m9d9v9/PycharmProjects/Airflow-2/Airflow-2/.venv/lib/python3.10/site-packages/airflow/example_dags/example_branch_labels.py
[2024-12-06T22:40:24.588-0600] {processor.py:914} INFO - Processing file /home/m9d9v9/PycharmProjects/Airflow-2/Airflow-2/.venv/lib/python3.10/site-packages/airflow/example_dags/example_branch_labels.py for tasks to queue
[2024-12-06T22:40:24.591-0600] {logging_mixin.py:190} INFO - [2024-12-06T22:40:24.591-0600] {dagbag.py:588} INFO - Filling up the DagBag from /home/m9d9v9/PycharmProjects/Airflow-2/Airflow-2/.venv/lib/python3.10/site-packages/airflow/example_dags/example_branch_labels.py
[2024-12-06T22:40:24.609-0600] {processor.py:925} INFO - DAG(s) 'example_branch_labels' retrieved from /home/m9d9v9/PycharmProjects/Airflow-2/Airflow-2/.venv/lib/python3.10/site-packages/airflow/example_dags/example_branch_labels.py
[2024-12-06T22:40:24.625-0600] {logging_mixin.py:190} INFO - [2024-12-06T22:40:24.624-0600] {dag.py:3239} INFO - Sync 1 DAGs
[2024-12-06T22:40:24.642-0600] {logging_mixin.py:190} INFO - [2024-12-06T22:40:24.642-0600] {dag.py:4180} INFO - Setting next_dagrun for example_branch_labels to 2024-12-06 00:00:00+00:00, run_after=2024-12-07 00:00:00+00:00
[2024-12-06T22:40:24.654-0600] {processor.py:208} INFO - Processing /home/m9d9v9/PycharmProjects/Airflow-2/Airflow-2/.venv/lib/python3.10/site-packages/airflow/example_dags/example_branch_labels.py took 0.087 seconds
[2024-12-06T22:41:25.795-0600] {processor.py:186} INFO - Started process (PID=15176) to work on /home/m9d9v9/PycharmProjects/Airflow-2/Airflow-2/.venv/lib/python3.10/site-packages/airflow/example_dags/example_branch_labels.py
[2024-12-06T22:41:25.801-0600] {processor.py:914} INFO - Processing file /home/m9d9v9/PycharmProjects/Airflow-2/Airflow-2/.venv/lib/python3.10/site-packages/airflow/example_dags/example_branch_labels.py for tasks to queue
[2024-12-06T22:41:25.803-0600] {logging_mixin.py:190} INFO - [2024-12-06T22:41:25.803-0600] {dagbag.py:588} INFO - Filling up the DagBag from /home/m9d9v9/PycharmProjects/Airflow-2/Airflow-2/.venv/lib/python3.10/site-packages/airflow/example_dags/example_branch_labels.py
[2024-12-06T22:41:25.811-0600] {processor.py:925} INFO - DAG(s) 'example_branch_labels' retrieved from /home/m9d9v9/PycharmProjects/Airflow-2/Airflow-2/.venv/lib/python3.10/site-packages/airflow/example_dags/example_branch_labels.py
[2024-12-06T22:41:25.823-0600] {logging_mixin.py:190} INFO - [2024-12-06T22:41:25.823-0600] {dag.py:3239} INFO - Sync 1 DAGs
[2024-12-06T22:41:25.836-0600] {logging_mixin.py:190} INFO - [2024-12-06T22:41:25.836-0600] {dag.py:4180} INFO - Setting next_dagrun for example_branch_labels to 2024-12-06 00:00:00+00:00, run_after=2024-12-07 00:00:00+00:00
[2024-12-06T22:41:25.848-0600] {processor.py:208} INFO - Processing /home/m9d9v9/PycharmProjects/Airflow-2/Airflow-2/.venv/lib/python3.10/site-packages/airflow/example_dags/example_branch_labels.py took 0.060 seconds
[2024-12-06T23:25:35.501-0600] {processor.py:186} INFO - Started process (PID=17331) to work on /home/m9d9v9/PycharmProjects/Airflow-2/Airflow-2/.venv/lib/python3.10/site-packages/airflow/example_dags/example_branch_labels.py
[2024-12-06T23:25:35.507-0600] {processor.py:914} INFO - Processing file /home/m9d9v9/PycharmProjects/Airflow-2/Airflow-2/.venv/lib/python3.10/site-packages/airflow/example_dags/example_branch_labels.py for tasks to queue
[2024-12-06T23:25:35.510-0600] {logging_mixin.py:190} INFO - [2024-12-06T23:25:35.510-0600] {dagbag.py:588} INFO - Filling up the DagBag from /home/m9d9v9/PycharmProjects/Airflow-2/Airflow-2/.venv/lib/python3.10/site-packages/airflow/example_dags/example_branch_labels.py
[2024-12-06T23:25:35.526-0600] {processor.py:925} INFO - DAG(s) 'example_branch_labels' retrieved from /home/m9d9v9/PycharmProjects/Airflow-2/Airflow-2/.venv/lib/python3.10/site-packages/airflow/example_dags/example_branch_labels.py
[2024-12-06T23:25:35.547-0600] {logging_mixin.py:190} INFO - [2024-12-06T23:25:35.547-0600] {dag.py:3239} INFO - Sync 1 DAGs
[2024-12-06T23:25:35.561-0600] {logging_mixin.py:190} INFO - [2024-12-06T23:25:35.561-0600] {dag.py:4180} INFO - Setting next_dagrun for example_branch_labels to 2024-12-06 00:00:00+00:00, run_after=2024-12-07 00:00:00+00:00
[2024-12-06T23:25:35.572-0600] {processor.py:208} INFO - Processing /home/m9d9v9/PycharmProjects/Airflow-2/Airflow-2/.venv/lib/python3.10/site-packages/airflow/example_dags/example_branch_labels.py took 0.080 seconds
[2024-12-06T23:26:33.349-0600] {processor.py:186} INFO - Started process (PID=17413) to work on /home/m9d9v9/PycharmProjects/Airflow-2/Airflow-2/.venv/lib/python3.10/site-packages/airflow/example_dags/example_branch_labels.py
[2024-12-06T23:26:33.355-0600] {processor.py:914} INFO - Processing file /home/m9d9v9/PycharmProjects/Airflow-2/Airflow-2/.venv/lib/python3.10/site-packages/airflow/example_dags/example_branch_labels.py for tasks to queue
[2024-12-06T23:26:33.357-0600] {logging_mixin.py:190} INFO - [2024-12-06T23:26:33.356-0600] {dagbag.py:588} INFO - Filling up the DagBag from /home/m9d9v9/PycharmProjects/Airflow-2/Airflow-2/.venv/lib/python3.10/site-packages/airflow/example_dags/example_branch_labels.py
[2024-12-06T23:26:33.363-0600] {processor.py:925} INFO - DAG(s) 'example_branch_labels' retrieved from /home/m9d9v9/PycharmProjects/Airflow-2/Airflow-2/.venv/lib/python3.10/site-packages/airflow/example_dags/example_branch_labels.py
[2024-12-06T23:26:33.373-0600] {logging_mixin.py:190} INFO - [2024-12-06T23:26:33.373-0600] {dag.py:3239} INFO - Sync 1 DAGs
[2024-12-06T23:26:33.386-0600] {logging_mixin.py:190} INFO - [2024-12-06T23:26:33.385-0600] {dag.py:4180} INFO - Setting next_dagrun for example_branch_labels to 2024-12-06 00:00:00+00:00, run_after=2024-12-07 00:00:00+00:00
[2024-12-06T23:26:33.396-0600] {processor.py:208} INFO - Processing /home/m9d9v9/PycharmProjects/Airflow-2/Airflow-2/.venv/lib/python3.10/site-packages/airflow/example_dags/example_branch_labels.py took 0.051 seconds
[2024-12-06T23:27:30.399-0600] {processor.py:186} INFO - Started process (PID=17486) to work on /home/m9d9v9/PycharmProjects/Airflow-2/Airflow-2/.venv/lib/python3.10/site-packages/airflow/example_dags/example_branch_labels.py
[2024-12-06T23:27:30.406-0600] {processor.py:914} INFO - Processing file /home/m9d9v9/PycharmProjects/Airflow-2/Airflow-2/.venv/lib/python3.10/site-packages/airflow/example_dags/example_branch_labels.py for tasks to queue
[2024-12-06T23:27:30.408-0600] {logging_mixin.py:190} INFO - [2024-12-06T23:27:30.407-0600] {dagbag.py:588} INFO - Filling up the DagBag from /home/m9d9v9/PycharmProjects/Airflow-2/Airflow-2/.venv/lib/python3.10/site-packages/airflow/example_dags/example_branch_labels.py
[2024-12-06T23:27:30.429-0600] {processor.py:925} INFO - DAG(s) 'example_branch_labels' retrieved from /home/m9d9v9/PycharmProjects/Airflow-2/Airflow-2/.venv/lib/python3.10/site-packages/airflow/example_dags/example_branch_labels.py
[2024-12-06T23:27:30.449-0600] {logging_mixin.py:190} INFO - [2024-12-06T23:27:30.449-0600] {dag.py:3239} INFO - Sync 1 DAGs
[2024-12-06T23:27:30.461-0600] {logging_mixin.py:190} INFO - [2024-12-06T23:27:30.461-0600] {dag.py:4180} INFO - Setting next_dagrun for example_branch_labels to 2024-12-06 00:00:00+00:00, run_after=2024-12-07 00:00:00+00:00
[2024-12-06T23:27:30.473-0600] {processor.py:208} INFO - Processing /home/m9d9v9/PycharmProjects/Airflow-2/Airflow-2/.venv/lib/python3.10/site-packages/airflow/example_dags/example_branch_labels.py took 0.086 seconds
[2024-12-06T23:28:27.540-0600] {processor.py:186} INFO - Started process (PID=17587) to work on /home/m9d9v9/PycharmProjects/Airflow-2/Airflow-2/.venv/lib/python3.10/site-packages/airflow/example_dags/example_branch_labels.py
[2024-12-06T23:28:27.548-0600] {processor.py:914} INFO - Processing file /home/m9d9v9/PycharmProjects/Airflow-2/Airflow-2/.venv/lib/python3.10/site-packages/airflow/example_dags/example_branch_labels.py for tasks to queue
[2024-12-06T23:28:27.550-0600] {logging_mixin.py:190} INFO - [2024-12-06T23:28:27.549-0600] {dagbag.py:588} INFO - Filling up the DagBag from /home/m9d9v9/PycharmProjects/Airflow-2/Airflow-2/.venv/lib/python3.10/site-packages/airflow/example_dags/example_branch_labels.py
[2024-12-06T23:28:27.570-0600] {processor.py:925} INFO - DAG(s) 'example_branch_labels' retrieved from /home/m9d9v9/PycharmProjects/Airflow-2/Airflow-2/.venv/lib/python3.10/site-packages/airflow/example_dags/example_branch_labels.py
[2024-12-06T23:28:27.591-0600] {logging_mixin.py:190} INFO - [2024-12-06T23:28:27.591-0600] {dag.py:3239} INFO - Sync 1 DAGs
[2024-12-06T23:28:27.606-0600] {logging_mixin.py:190} INFO - [2024-12-06T23:28:27.605-0600] {dag.py:4180} INFO - Setting next_dagrun for example_branch_labels to 2024-12-06 00:00:00+00:00, run_after=2024-12-07 00:00:00+00:00
[2024-12-06T23:28:27.618-0600] {processor.py:208} INFO - Processing /home/m9d9v9/PycharmProjects/Airflow-2/Airflow-2/.venv/lib/python3.10/site-packages/airflow/example_dags/example_branch_labels.py took 0.088 seconds
[2024-12-06T23:29:24.537-0600] {processor.py:186} INFO - Started process (PID=17732) to work on /home/m9d9v9/PycharmProjects/Airflow-2/Airflow-2/.venv/lib/python3.10/site-packages/airflow/example_dags/example_branch_labels.py
[2024-12-06T23:29:24.543-0600] {processor.py:914} INFO - Processing file /home/m9d9v9/PycharmProjects/Airflow-2/Airflow-2/.venv/lib/python3.10/site-packages/airflow/example_dags/example_branch_labels.py for tasks to queue
[2024-12-06T23:29:24.545-0600] {logging_mixin.py:190} INFO - [2024-12-06T23:29:24.544-0600] {dagbag.py:588} INFO - Filling up the DagBag from /home/m9d9v9/PycharmProjects/Airflow-2/Airflow-2/.venv/lib/python3.10/site-packages/airflow/example_dags/example_branch_labels.py
[2024-12-06T23:29:24.557-0600] {processor.py:925} INFO - DAG(s) 'example_branch_labels' retrieved from /home/m9d9v9/PycharmProjects/Airflow-2/Airflow-2/.venv/lib/python3.10/site-packages/airflow/example_dags/example_branch_labels.py
[2024-12-06T23:29:24.580-0600] {logging_mixin.py:190} INFO - [2024-12-06T23:29:24.580-0600] {dag.py:3239} INFO - Sync 1 DAGs
[2024-12-06T23:29:24.599-0600] {logging_mixin.py:190} INFO - [2024-12-06T23:29:24.598-0600] {dag.py:4180} INFO - Setting next_dagrun for example_branch_labels to 2024-12-06 00:00:00+00:00, run_after=2024-12-07 00:00:00+00:00
[2024-12-06T23:29:24.612-0600] {processor.py:208} INFO - Processing /home/m9d9v9/PycharmProjects/Airflow-2/Airflow-2/.venv/lib/python3.10/site-packages/airflow/example_dags/example_branch_labels.py took 0.082 seconds
[2024-12-06T23:30:21.232-0600] {processor.py:186} INFO - Started process (PID=17821) to work on /home/m9d9v9/PycharmProjects/Airflow-2/Airflow-2/.venv/lib/python3.10/site-packages/airflow/example_dags/example_branch_labels.py
[2024-12-06T23:30:21.240-0600] {processor.py:914} INFO - Processing file /home/m9d9v9/PycharmProjects/Airflow-2/Airflow-2/.venv/lib/python3.10/site-packages/airflow/example_dags/example_branch_labels.py for tasks to queue
[2024-12-06T23:30:21.242-0600] {logging_mixin.py:190} INFO - [2024-12-06T23:30:21.241-0600] {dagbag.py:588} INFO - Filling up the DagBag from /home/m9d9v9/PycharmProjects/Airflow-2/Airflow-2/.venv/lib/python3.10/site-packages/airflow/example_dags/example_branch_labels.py
[2024-12-06T23:30:21.260-0600] {processor.py:925} INFO - DAG(s) 'example_branch_labels' retrieved from /home/m9d9v9/PycharmProjects/Airflow-2/Airflow-2/.venv/lib/python3.10/site-packages/airflow/example_dags/example_branch_labels.py
[2024-12-06T23:30:21.284-0600] {logging_mixin.py:190} INFO - [2024-12-06T23:30:21.284-0600] {dag.py:3239} INFO - Sync 1 DAGs
[2024-12-06T23:30:21.296-0600] {logging_mixin.py:190} INFO - [2024-12-06T23:30:21.295-0600] {dag.py:4180} INFO - Setting next_dagrun for example_branch_labels to 2024-12-06 00:00:00+00:00, run_after=2024-12-07 00:00:00+00:00
[2024-12-06T23:30:21.306-0600] {processor.py:208} INFO - Processing /home/m9d9v9/PycharmProjects/Airflow-2/Airflow-2/.venv/lib/python3.10/site-packages/airflow/example_dags/example_branch_labels.py took 0.085 seconds
[2024-12-06T23:31:17.595-0600] {processor.py:186} INFO - Started process (PID=17924) to work on /home/m9d9v9/PycharmProjects/Airflow-2/Airflow-2/.venv/lib/python3.10/site-packages/airflow/example_dags/example_branch_labels.py
[2024-12-06T23:31:17.596-0600] {processor.py:914} INFO - Processing file /home/m9d9v9/PycharmProjects/Airflow-2/Airflow-2/.venv/lib/python3.10/site-packages/airflow/example_dags/example_branch_labels.py for tasks to queue
[2024-12-06T23:31:17.596-0600] {logging_mixin.py:190} INFO - [2024-12-06T23:31:17.596-0600] {dagbag.py:588} INFO - Filling up the DagBag from /home/m9d9v9/PycharmProjects/Airflow-2/Airflow-2/.venv/lib/python3.10/site-packages/airflow/example_dags/example_branch_labels.py
[2024-12-06T23:31:17.603-0600] {processor.py:925} INFO - DAG(s) 'example_branch_labels' retrieved from /home/m9d9v9/PycharmProjects/Airflow-2/Airflow-2/.venv/lib/python3.10/site-packages/airflow/example_dags/example_branch_labels.py
[2024-12-06T23:31:17.613-0600] {logging_mixin.py:190} INFO - [2024-12-06T23:31:17.613-0600] {dag.py:3239} INFO - Sync 1 DAGs
[2024-12-06T23:31:17.625-0600] {logging_mixin.py:190} INFO - [2024-12-06T23:31:17.625-0600] {dag.py:4180} INFO - Setting next_dagrun for example_branch_labels to 2024-12-06 00:00:00+00:00, run_after=2024-12-07 00:00:00+00:00
[2024-12-06T23:31:17.636-0600] {processor.py:208} INFO - Processing /home/m9d9v9/PycharmProjects/Airflow-2/Airflow-2/.venv/lib/python3.10/site-packages/airflow/example_dags/example_branch_labels.py took 0.045 seconds
[2024-12-06T23:32:15.384-0600] {processor.py:186} INFO - Started process (PID=18034) to work on /home/m9d9v9/PycharmProjects/Airflow-2/Airflow-2/.venv/lib/python3.10/site-packages/airflow/example_dags/example_branch_labels.py
[2024-12-06T23:32:15.391-0600] {processor.py:914} INFO - Processing file /home/m9d9v9/PycharmProjects/Airflow-2/Airflow-2/.venv/lib/python3.10/site-packages/airflow/example_dags/example_branch_labels.py for tasks to queue
[2024-12-06T23:32:15.392-0600] {logging_mixin.py:190} INFO - [2024-12-06T23:32:15.391-0600] {dagbag.py:588} INFO - Filling up the DagBag from /home/m9d9v9/PycharmProjects/Airflow-2/Airflow-2/.venv/lib/python3.10/site-packages/airflow/example_dags/example_branch_labels.py
[2024-12-06T23:32:15.412-0600] {processor.py:925} INFO - DAG(s) 'example_branch_labels' retrieved from /home/m9d9v9/PycharmProjects/Airflow-2/Airflow-2/.venv/lib/python3.10/site-packages/airflow/example_dags/example_branch_labels.py
[2024-12-06T23:32:15.433-0600] {logging_mixin.py:190} INFO - [2024-12-06T23:32:15.433-0600] {dag.py:3239} INFO - Sync 1 DAGs
[2024-12-06T23:32:15.445-0600] {logging_mixin.py:190} INFO - [2024-12-06T23:32:15.445-0600] {dag.py:4180} INFO - Setting next_dagrun for example_branch_labels to 2024-12-06 00:00:00+00:00, run_after=2024-12-07 00:00:00+00:00
[2024-12-06T23:32:15.457-0600] {processor.py:208} INFO - Processing /home/m9d9v9/PycharmProjects/Airflow-2/Airflow-2/.venv/lib/python3.10/site-packages/airflow/example_dags/example_branch_labels.py took 0.086 seconds
[2024-12-06T23:33:12.545-0600] {processor.py:186} INFO - Started process (PID=18103) to work on /home/m9d9v9/PycharmProjects/Airflow-2/Airflow-2/.venv/lib/python3.10/site-packages/airflow/example_dags/example_branch_labels.py
[2024-12-06T23:33:12.552-0600] {processor.py:914} INFO - Processing file /home/m9d9v9/PycharmProjects/Airflow-2/Airflow-2/.venv/lib/python3.10/site-packages/airflow/example_dags/example_branch_labels.py for tasks to queue
[2024-12-06T23:33:12.554-0600] {logging_mixin.py:190} INFO - [2024-12-06T23:33:12.553-0600] {dagbag.py:588} INFO - Filling up the DagBag from /home/m9d9v9/PycharmProjects/Airflow-2/Airflow-2/.venv/lib/python3.10/site-packages/airflow/example_dags/example_branch_labels.py
[2024-12-06T23:33:12.573-0600] {processor.py:925} INFO - DAG(s) 'example_branch_labels' retrieved from /home/m9d9v9/PycharmProjects/Airflow-2/Airflow-2/.venv/lib/python3.10/site-packages/airflow/example_dags/example_branch_labels.py
[2024-12-06T23:33:12.596-0600] {logging_mixin.py:190} INFO - [2024-12-06T23:33:12.596-0600] {dag.py:3239} INFO - Sync 1 DAGs
[2024-12-06T23:33:12.609-0600] {logging_mixin.py:190} INFO - [2024-12-06T23:33:12.608-0600] {dag.py:4180} INFO - Setting next_dagrun for example_branch_labels to 2024-12-06 00:00:00+00:00, run_after=2024-12-07 00:00:00+00:00
[2024-12-06T23:33:12.717-0600] {processor.py:208} INFO - Processing /home/m9d9v9/PycharmProjects/Airflow-2/Airflow-2/.venv/lib/python3.10/site-packages/airflow/example_dags/example_branch_labels.py took 0.184 seconds
[2024-12-06T23:34:09.501-0600] {processor.py:186} INFO - Started process (PID=18174) to work on /home/m9d9v9/PycharmProjects/Airflow-2/Airflow-2/.venv/lib/python3.10/site-packages/airflow/example_dags/example_branch_labels.py
[2024-12-06T23:34:09.508-0600] {processor.py:914} INFO - Processing file /home/m9d9v9/PycharmProjects/Airflow-2/Airflow-2/.venv/lib/python3.10/site-packages/airflow/example_dags/example_branch_labels.py for tasks to queue
[2024-12-06T23:34:09.510-0600] {logging_mixin.py:190} INFO - [2024-12-06T23:34:09.510-0600] {dagbag.py:588} INFO - Filling up the DagBag from /home/m9d9v9/PycharmProjects/Airflow-2/Airflow-2/.venv/lib/python3.10/site-packages/airflow/example_dags/example_branch_labels.py
[2024-12-06T23:34:09.531-0600] {processor.py:925} INFO - DAG(s) 'example_branch_labels' retrieved from /home/m9d9v9/PycharmProjects/Airflow-2/Airflow-2/.venv/lib/python3.10/site-packages/airflow/example_dags/example_branch_labels.py
[2024-12-06T23:34:09.550-0600] {logging_mixin.py:190} INFO - [2024-12-06T23:34:09.550-0600] {dag.py:3239} INFO - Sync 1 DAGs
[2024-12-06T23:34:09.562-0600] {logging_mixin.py:190} INFO - [2024-12-06T23:34:09.562-0600] {dag.py:4180} INFO - Setting next_dagrun for example_branch_labels to 2024-12-06 00:00:00+00:00, run_after=2024-12-07 00:00:00+00:00
[2024-12-06T23:34:09.575-0600] {processor.py:208} INFO - Processing /home/m9d9v9/PycharmProjects/Airflow-2/Airflow-2/.venv/lib/python3.10/site-packages/airflow/example_dags/example_branch_labels.py took 0.086 seconds
[2024-12-06T23:35:10.004-0600] {processor.py:186} INFO - Started process (PID=18306) to work on /home/m9d9v9/PycharmProjects/Airflow-2/Airflow-2/.venv/lib/python3.10/site-packages/airflow/example_dags/example_branch_labels.py
[2024-12-06T23:35:10.011-0600] {processor.py:914} INFO - Processing file /home/m9d9v9/PycharmProjects/Airflow-2/Airflow-2/.venv/lib/python3.10/site-packages/airflow/example_dags/example_branch_labels.py for tasks to queue
[2024-12-06T23:35:10.013-0600] {logging_mixin.py:190} INFO - [2024-12-06T23:35:10.013-0600] {dagbag.py:588} INFO - Filling up the DagBag from /home/m9d9v9/PycharmProjects/Airflow-2/Airflow-2/.venv/lib/python3.10/site-packages/airflow/example_dags/example_branch_labels.py
[2024-12-06T23:35:10.032-0600] {processor.py:925} INFO - DAG(s) 'example_branch_labels' retrieved from /home/m9d9v9/PycharmProjects/Airflow-2/Airflow-2/.venv/lib/python3.10/site-packages/airflow/example_dags/example_branch_labels.py
[2024-12-06T23:35:10.056-0600] {logging_mixin.py:190} INFO - [2024-12-06T23:35:10.056-0600] {dag.py:3239} INFO - Sync 1 DAGs
[2024-12-06T23:35:10.068-0600] {logging_mixin.py:190} INFO - [2024-12-06T23:35:10.068-0600] {dag.py:4180} INFO - Setting next_dagrun for example_branch_labels to 2024-12-06 00:00:00+00:00, run_after=2024-12-07 00:00:00+00:00
[2024-12-06T23:35:10.081-0600] {processor.py:208} INFO - Processing /home/m9d9v9/PycharmProjects/Airflow-2/Airflow-2/.venv/lib/python3.10/site-packages/airflow/example_dags/example_branch_labels.py took 0.086 seconds
[2024-12-06T23:36:13.315-0600] {processor.py:186} INFO - Started process (PID=18380) to work on /home/m9d9v9/PycharmProjects/Airflow-2/Airflow-2/.venv/lib/python3.10/site-packages/airflow/example_dags/example_branch_labels.py
[2024-12-06T23:36:13.321-0600] {processor.py:914} INFO - Processing file /home/m9d9v9/PycharmProjects/Airflow-2/Airflow-2/.venv/lib/python3.10/site-packages/airflow/example_dags/example_branch_labels.py for tasks to queue
[2024-12-06T23:36:13.323-0600] {logging_mixin.py:190} INFO - [2024-12-06T23:36:13.323-0600] {dagbag.py:588} INFO - Filling up the DagBag from /home/m9d9v9/PycharmProjects/Airflow-2/Airflow-2/.venv/lib/python3.10/site-packages/airflow/example_dags/example_branch_labels.py
[2024-12-06T23:36:13.343-0600] {processor.py:925} INFO - DAG(s) 'example_branch_labels' retrieved from /home/m9d9v9/PycharmProjects/Airflow-2/Airflow-2/.venv/lib/python3.10/site-packages/airflow/example_dags/example_branch_labels.py
[2024-12-06T23:36:13.365-0600] {logging_mixin.py:190} INFO - [2024-12-06T23:36:13.365-0600] {dag.py:3239} INFO - Sync 1 DAGs
[2024-12-06T23:36:13.376-0600] {logging_mixin.py:190} INFO - [2024-12-06T23:36:13.376-0600] {dag.py:4180} INFO - Setting next_dagrun for example_branch_labels to 2024-12-06 00:00:00+00:00, run_after=2024-12-07 00:00:00+00:00
[2024-12-06T23:36:13.388-0600] {processor.py:208} INFO - Processing /home/m9d9v9/PycharmProjects/Airflow-2/Airflow-2/.venv/lib/python3.10/site-packages/airflow/example_dags/example_branch_labels.py took 0.085 seconds
[2024-12-06T23:37:14.079-0600] {processor.py:186} INFO - Started process (PID=18616) to work on /home/m9d9v9/PycharmProjects/Airflow-2/Airflow-2/.venv/lib/python3.10/site-packages/airflow/example_dags/example_branch_labels.py
[2024-12-06T23:37:14.085-0600] {processor.py:914} INFO - Processing file /home/m9d9v9/PycharmProjects/Airflow-2/Airflow-2/.venv/lib/python3.10/site-packages/airflow/example_dags/example_branch_labels.py for tasks to queue
[2024-12-06T23:37:14.088-0600] {logging_mixin.py:190} INFO - [2024-12-06T23:37:14.087-0600] {dagbag.py:588} INFO - Filling up the DagBag from /home/m9d9v9/PycharmProjects/Airflow-2/Airflow-2/.venv/lib/python3.10/site-packages/airflow/example_dags/example_branch_labels.py
[2024-12-06T23:37:14.108-0600] {processor.py:925} INFO - DAG(s) 'example_branch_labels' retrieved from /home/m9d9v9/PycharmProjects/Airflow-2/Airflow-2/.venv/lib/python3.10/site-packages/airflow/example_dags/example_branch_labels.py
[2024-12-06T23:37:14.129-0600] {logging_mixin.py:190} INFO - [2024-12-06T23:37:14.128-0600] {dag.py:3239} INFO - Sync 1 DAGs
[2024-12-06T23:37:14.230-0600] {logging_mixin.py:190} INFO - [2024-12-06T23:37:14.230-0600] {dag.py:4180} INFO - Setting next_dagrun for example_branch_labels to 2024-12-06 00:00:00+00:00, run_after=2024-12-07 00:00:00+00:00
[2024-12-06T23:37:14.242-0600] {processor.py:208} INFO - Processing /home/m9d9v9/PycharmProjects/Airflow-2/Airflow-2/.venv/lib/python3.10/site-packages/airflow/example_dags/example_branch_labels.py took 0.175 seconds
[2024-12-06T23:38:14.703-0600] {processor.py:186} INFO - Started process (PID=18786) to work on /home/m9d9v9/PycharmProjects/Airflow-2/Airflow-2/.venv/lib/python3.10/site-packages/airflow/example_dags/example_branch_labels.py
[2024-12-06T23:38:14.709-0600] {processor.py:914} INFO - Processing file /home/m9d9v9/PycharmProjects/Airflow-2/Airflow-2/.venv/lib/python3.10/site-packages/airflow/example_dags/example_branch_labels.py for tasks to queue
[2024-12-06T23:38:14.711-0600] {logging_mixin.py:190} INFO - [2024-12-06T23:38:14.710-0600] {dagbag.py:588} INFO - Filling up the DagBag from /home/m9d9v9/PycharmProjects/Airflow-2/Airflow-2/.venv/lib/python3.10/site-packages/airflow/example_dags/example_branch_labels.py
[2024-12-06T23:38:14.730-0600] {processor.py:925} INFO - DAG(s) 'example_branch_labels' retrieved from /home/m9d9v9/PycharmProjects/Airflow-2/Airflow-2/.venv/lib/python3.10/site-packages/airflow/example_dags/example_branch_labels.py
[2024-12-06T23:38:14.749-0600] {logging_mixin.py:190} INFO - [2024-12-06T23:38:14.749-0600] {dag.py:3239} INFO - Sync 1 DAGs
[2024-12-06T23:38:14.761-0600] {logging_mixin.py:190} INFO - [2024-12-06T23:38:14.761-0600] {dag.py:4180} INFO - Setting next_dagrun for example_branch_labels to 2024-12-06 00:00:00+00:00, run_after=2024-12-07 00:00:00+00:00
[2024-12-06T23:38:14.771-0600] {processor.py:208} INFO - Processing /home/m9d9v9/PycharmProjects/Airflow-2/Airflow-2/.venv/lib/python3.10/site-packages/airflow/example_dags/example_branch_labels.py took 0.080 seconds
[2024-12-06T23:39:21.261-0600] {processor.py:186} INFO - Started process (PID=18978) to work on /home/m9d9v9/PycharmProjects/Airflow-2/Airflow-2/.venv/lib/python3.10/site-packages/airflow/example_dags/example_branch_labels.py
[2024-12-06T23:39:21.268-0600] {processor.py:914} INFO - Processing file /home/m9d9v9/PycharmProjects/Airflow-2/Airflow-2/.venv/lib/python3.10/site-packages/airflow/example_dags/example_branch_labels.py for tasks to queue
[2024-12-06T23:39:21.269-0600] {logging_mixin.py:190} INFO - [2024-12-06T23:39:21.268-0600] {dagbag.py:588} INFO - Filling up the DagBag from /home/m9d9v9/PycharmProjects/Airflow-2/Airflow-2/.venv/lib/python3.10/site-packages/airflow/example_dags/example_branch_labels.py
[2024-12-06T23:39:21.287-0600] {processor.py:925} INFO - DAG(s) 'example_branch_labels' retrieved from /home/m9d9v9/PycharmProjects/Airflow-2/Airflow-2/.venv/lib/python3.10/site-packages/airflow/example_dags/example_branch_labels.py
[2024-12-06T23:39:21.308-0600] {logging_mixin.py:190} INFO - [2024-12-06T23:39:21.308-0600] {dag.py:3239} INFO - Sync 1 DAGs
[2024-12-06T23:39:21.324-0600] {logging_mixin.py:190} INFO - [2024-12-06T23:39:21.324-0600] {dag.py:4180} INFO - Setting next_dagrun for example_branch_labels to 2024-12-06 00:00:00+00:00, run_after=2024-12-07 00:00:00+00:00
[2024-12-06T23:39:21.336-0600] {processor.py:208} INFO - Processing /home/m9d9v9/PycharmProjects/Airflow-2/Airflow-2/.venv/lib/python3.10/site-packages/airflow/example_dags/example_branch_labels.py took 0.081 seconds
[2024-12-06T23:40:17.745-0600] {processor.py:186} INFO - Started process (PID=19226) to work on /home/m9d9v9/PycharmProjects/Airflow-2/Airflow-2/.venv/lib/python3.10/site-packages/airflow/example_dags/example_branch_labels.py
[2024-12-06T23:40:17.746-0600] {processor.py:914} INFO - Processing file /home/m9d9v9/PycharmProjects/Airflow-2/Airflow-2/.venv/lib/python3.10/site-packages/airflow/example_dags/example_branch_labels.py for tasks to queue
[2024-12-06T23:40:17.747-0600] {logging_mixin.py:190} INFO - [2024-12-06T23:40:17.747-0600] {dagbag.py:588} INFO - Filling up the DagBag from /home/m9d9v9/PycharmProjects/Airflow-2/Airflow-2/.venv/lib/python3.10/site-packages/airflow/example_dags/example_branch_labels.py
[2024-12-06T23:40:17.756-0600] {processor.py:925} INFO - DAG(s) 'example_branch_labels' retrieved from /home/m9d9v9/PycharmProjects/Airflow-2/Airflow-2/.venv/lib/python3.10/site-packages/airflow/example_dags/example_branch_labels.py
[2024-12-06T23:40:17.769-0600] {logging_mixin.py:190} INFO - [2024-12-06T23:40:17.768-0600] {dag.py:3239} INFO - Sync 1 DAGs
[2024-12-06T23:40:17.781-0600] {logging_mixin.py:190} INFO - [2024-12-06T23:40:17.781-0600] {dag.py:4180} INFO - Setting next_dagrun for example_branch_labels to 2024-12-06 00:00:00+00:00, run_after=2024-12-07 00:00:00+00:00
[2024-12-06T23:40:17.794-0600] {processor.py:208} INFO - Processing /home/m9d9v9/PycharmProjects/Airflow-2/Airflow-2/.venv/lib/python3.10/site-packages/airflow/example_dags/example_branch_labels.py took 0.054 seconds
[2024-12-06T23:41:14.471-0600] {processor.py:186} INFO - Started process (PID=19320) to work on /home/m9d9v9/PycharmProjects/Airflow-2/Airflow-2/.venv/lib/python3.10/site-packages/airflow/example_dags/example_branch_labels.py
[2024-12-06T23:41:14.473-0600] {processor.py:914} INFO - Processing file /home/m9d9v9/PycharmProjects/Airflow-2/Airflow-2/.venv/lib/python3.10/site-packages/airflow/example_dags/example_branch_labels.py for tasks to queue
[2024-12-06T23:41:14.476-0600] {logging_mixin.py:190} INFO - [2024-12-06T23:41:14.475-0600] {dagbag.py:588} INFO - Filling up the DagBag from /home/m9d9v9/PycharmProjects/Airflow-2/Airflow-2/.venv/lib/python3.10/site-packages/airflow/example_dags/example_branch_labels.py
[2024-12-06T23:41:14.491-0600] {processor.py:925} INFO - DAG(s) 'example_branch_labels' retrieved from /home/m9d9v9/PycharmProjects/Airflow-2/Airflow-2/.venv/lib/python3.10/site-packages/airflow/example_dags/example_branch_labels.py
[2024-12-06T23:41:14.506-0600] {logging_mixin.py:190} INFO - [2024-12-06T23:41:14.506-0600] {dag.py:3239} INFO - Sync 1 DAGs
[2024-12-06T23:41:14.521-0600] {logging_mixin.py:190} INFO - [2024-12-06T23:41:14.520-0600] {dag.py:4180} INFO - Setting next_dagrun for example_branch_labels to 2024-12-06 00:00:00+00:00, run_after=2024-12-07 00:00:00+00:00
[2024-12-06T23:41:14.533-0600] {processor.py:208} INFO - Processing /home/m9d9v9/PycharmProjects/Airflow-2/Airflow-2/.venv/lib/python3.10/site-packages/airflow/example_dags/example_branch_labels.py took 0.077 seconds
