[2024-12-06T22:18:37.179-0600] {processor.py:186} INFO - Started process (PID=12474) to work on /home/m9d9v9/PycharmProjects/Airflow-2/Airflow-2/.venv/lib/python3.10/site-packages/airflow/example_dags/example_task_group.py
[2024-12-06T22:18:37.180-0600] {processor.py:914} INFO - Processing file /home/m9d9v9/PycharmProjects/Airflow-2/Airflow-2/.venv/lib/python3.10/site-packages/airflow/example_dags/example_task_group.py for tasks to queue
[2024-12-06T22:18:37.181-0600] {logging_mixin.py:190} INFO - [2024-12-06T22:18:37.181-0600] {dagbag.py:588} INFO - Filling up the DagBag from /home/m9d9v9/PycharmProjects/Airflow-2/Airflow-2/.venv/lib/python3.10/site-packages/airflow/example_dags/example_task_group.py
[2024-12-06T22:18:37.189-0600] {processor.py:925} INFO - DAG(s) 'example_task_group' retrieved from /home/m9d9v9/PycharmProjects/Airflow-2/Airflow-2/.venv/lib/python3.10/site-packages/airflow/example_dags/example_task_group.py
[2024-12-06T22:18:37.271-0600] {logging_mixin.py:190} INFO - [2024-12-06T22:18:37.270-0600] {override.py:1911} INFO - Created Permission View: can edit on DAG:example_task_group
[2024-12-06T22:18:37.279-0600] {logging_mixin.py:190} INFO - [2024-12-06T22:18:37.279-0600] {override.py:1911} INFO - Created Permission View: can read on DAG:example_task_group
[2024-12-06T22:18:37.287-0600] {logging_mixin.py:190} INFO - [2024-12-06T22:18:37.287-0600] {override.py:1911} INFO - Created Permission View: can delete on DAG:example_task_group
[2024-12-06T22:18:37.296-0600] {logging_mixin.py:190} INFO - [2024-12-06T22:18:37.295-0600] {override.py:1911} INFO - Created Permission View: menu access on DAG Run:example_task_group
[2024-12-06T22:18:37.300-0600] {logging_mixin.py:190} INFO - [2024-12-06T22:18:37.300-0600] {override.py:1911} INFO - Created Permission View: can create on DAG Run:example_task_group
[2024-12-06T22:18:37.306-0600] {logging_mixin.py:190} INFO - [2024-12-06T22:18:37.305-0600] {override.py:1911} INFO - Created Permission View: can read on DAG Run:example_task_group
[2024-12-06T22:18:37.312-0600] {logging_mixin.py:190} INFO - [2024-12-06T22:18:37.312-0600] {override.py:1911} INFO - Created Permission View: can delete on DAG Run:example_task_group
[2024-12-06T22:18:37.312-0600] {logging_mixin.py:190} INFO - [2024-12-06T22:18:37.312-0600] {dag.py:3239} INFO - Sync 1 DAGs
[2024-12-06T22:18:37.321-0600] {logging_mixin.py:190} INFO - [2024-12-06T22:18:37.321-0600] {dag.py:3262} INFO - Creating ORM DAG for example_task_group
[2024-12-06T22:18:37.322-0600] {logging_mixin.py:190} INFO - [2024-12-06T22:18:37.322-0600] {dag.py:4180} INFO - Setting next_dagrun for example_task_group to None, run_after=None
[2024-12-06T22:18:37.336-0600] {processor.py:208} INFO - Processing /home/m9d9v9/PycharmProjects/Airflow-2/Airflow-2/.venv/lib/python3.10/site-packages/airflow/example_dags/example_task_group.py took 0.163 seconds
[2024-12-06T22:19:41.792-0600] {processor.py:186} INFO - Started process (PID=12586) to work on /home/m9d9v9/PycharmProjects/Airflow-2/Airflow-2/.venv/lib/python3.10/site-packages/airflow/example_dags/example_task_group.py
[2024-12-06T22:19:41.798-0600] {processor.py:914} INFO - Processing file /home/m9d9v9/PycharmProjects/Airflow-2/Airflow-2/.venv/lib/python3.10/site-packages/airflow/example_dags/example_task_group.py for tasks to queue
[2024-12-06T22:19:41.801-0600] {logging_mixin.py:190} INFO - [2024-12-06T22:19:41.800-0600] {dagbag.py:588} INFO - Filling up the DagBag from /home/m9d9v9/PycharmProjects/Airflow-2/Airflow-2/.venv/lib/python3.10/site-packages/airflow/example_dags/example_task_group.py
[2024-12-06T22:19:41.808-0600] {processor.py:925} INFO - DAG(s) 'example_task_group' retrieved from /home/m9d9v9/PycharmProjects/Airflow-2/Airflow-2/.venv/lib/python3.10/site-packages/airflow/example_dags/example_task_group.py
[2024-12-06T22:19:41.822-0600] {logging_mixin.py:190} INFO - [2024-12-06T22:19:41.822-0600] {dag.py:3239} INFO - Sync 1 DAGs
[2024-12-06T22:19:41.830-0600] {logging_mixin.py:190} INFO - [2024-12-06T22:19:41.830-0600] {dag.py:4180} INFO - Setting next_dagrun for example_task_group to None, run_after=None
[2024-12-06T22:19:41.842-0600] {processor.py:208} INFO - Processing /home/m9d9v9/PycharmProjects/Airflow-2/Airflow-2/.venv/lib/python3.10/site-packages/airflow/example_dags/example_task_group.py took 0.055 seconds
[2024-12-06T22:20:35.321-0600] {processor.py:186} INFO - Started process (PID=12675) to work on /home/m9d9v9/PycharmProjects/Airflow-2/Airflow-2/.venv/lib/python3.10/site-packages/airflow/example_dags/example_task_group.py
[2024-12-06T22:20:35.328-0600] {processor.py:914} INFO - Processing file /home/m9d9v9/PycharmProjects/Airflow-2/Airflow-2/.venv/lib/python3.10/site-packages/airflow/example_dags/example_task_group.py for tasks to queue
[2024-12-06T22:20:35.331-0600] {logging_mixin.py:190} INFO - [2024-12-06T22:20:35.331-0600] {dagbag.py:588} INFO - Filling up the DagBag from /home/m9d9v9/PycharmProjects/Airflow-2/Airflow-2/.venv/lib/python3.10/site-packages/airflow/example_dags/example_task_group.py
[2024-12-06T22:20:35.350-0600] {processor.py:925} INFO - DAG(s) 'example_task_group' retrieved from /home/m9d9v9/PycharmProjects/Airflow-2/Airflow-2/.venv/lib/python3.10/site-packages/airflow/example_dags/example_task_group.py
[2024-12-06T22:20:35.371-0600] {logging_mixin.py:190} INFO - [2024-12-06T22:20:35.370-0600] {dag.py:3239} INFO - Sync 1 DAGs
[2024-12-06T22:20:35.379-0600] {logging_mixin.py:190} INFO - [2024-12-06T22:20:35.378-0600] {dag.py:4180} INFO - Setting next_dagrun for example_task_group to None, run_after=None
[2024-12-06T22:20:35.391-0600] {processor.py:208} INFO - Processing /home/m9d9v9/PycharmProjects/Airflow-2/Airflow-2/.venv/lib/python3.10/site-packages/airflow/example_dags/example_task_group.py took 0.083 seconds
[2024-12-06T22:21:28.239-0600] {processor.py:186} INFO - Started process (PID=12742) to work on /home/m9d9v9/PycharmProjects/Airflow-2/Airflow-2/.venv/lib/python3.10/site-packages/airflow/example_dags/example_task_group.py
[2024-12-06T22:21:28.246-0600] {processor.py:914} INFO - Processing file /home/m9d9v9/PycharmProjects/Airflow-2/Airflow-2/.venv/lib/python3.10/site-packages/airflow/example_dags/example_task_group.py for tasks to queue
[2024-12-06T22:21:28.250-0600] {logging_mixin.py:190} INFO - [2024-12-06T22:21:28.250-0600] {dagbag.py:588} INFO - Filling up the DagBag from /home/m9d9v9/PycharmProjects/Airflow-2/Airflow-2/.venv/lib/python3.10/site-packages/airflow/example_dags/example_task_group.py
[2024-12-06T22:21:28.269-0600] {processor.py:925} INFO - DAG(s) 'example_task_group' retrieved from /home/m9d9v9/PycharmProjects/Airflow-2/Airflow-2/.venv/lib/python3.10/site-packages/airflow/example_dags/example_task_group.py
[2024-12-06T22:21:28.294-0600] {logging_mixin.py:190} INFO - [2024-12-06T22:21:28.294-0600] {dag.py:3239} INFO - Sync 1 DAGs
[2024-12-06T22:21:28.302-0600] {logging_mixin.py:190} INFO - [2024-12-06T22:21:28.302-0600] {dag.py:4180} INFO - Setting next_dagrun for example_task_group to None, run_after=None
[2024-12-06T22:21:28.316-0600] {processor.py:208} INFO - Processing /home/m9d9v9/PycharmProjects/Airflow-2/Airflow-2/.venv/lib/python3.10/site-packages/airflow/example_dags/example_task_group.py took 0.088 seconds
[2024-12-06T22:22:24.405-0600] {processor.py:186} INFO - Started process (PID=12819) to work on /home/m9d9v9/PycharmProjects/Airflow-2/Airflow-2/.venv/lib/python3.10/site-packages/airflow/example_dags/example_task_group.py
[2024-12-06T22:22:24.412-0600] {processor.py:914} INFO - Processing file /home/m9d9v9/PycharmProjects/Airflow-2/Airflow-2/.venv/lib/python3.10/site-packages/airflow/example_dags/example_task_group.py for tasks to queue
[2024-12-06T22:22:24.416-0600] {logging_mixin.py:190} INFO - [2024-12-06T22:22:24.415-0600] {dagbag.py:588} INFO - Filling up the DagBag from /home/m9d9v9/PycharmProjects/Airflow-2/Airflow-2/.venv/lib/python3.10/site-packages/airflow/example_dags/example_task_group.py
[2024-12-06T22:22:24.435-0600] {processor.py:925} INFO - DAG(s) 'example_task_group' retrieved from /home/m9d9v9/PycharmProjects/Airflow-2/Airflow-2/.venv/lib/python3.10/site-packages/airflow/example_dags/example_task_group.py
[2024-12-06T22:22:24.456-0600] {logging_mixin.py:190} INFO - [2024-12-06T22:22:24.456-0600] {dag.py:3239} INFO - Sync 1 DAGs
[2024-12-06T22:22:24.464-0600] {logging_mixin.py:190} INFO - [2024-12-06T22:22:24.464-0600] {dag.py:4180} INFO - Setting next_dagrun for example_task_group to None, run_after=None
[2024-12-06T22:22:24.475-0600] {processor.py:208} INFO - Processing /home/m9d9v9/PycharmProjects/Airflow-2/Airflow-2/.venv/lib/python3.10/site-packages/airflow/example_dags/example_task_group.py took 0.083 seconds
[2024-12-06T22:23:42.392-0600] {processor.py:186} INFO - Started process (PID=12975) to work on /home/m9d9v9/PycharmProjects/Airflow-2/Airflow-2/.venv/lib/python3.10/site-packages/airflow/example_dags/example_task_group.py
[2024-12-06T22:23:42.399-0600] {processor.py:914} INFO - Processing file /home/m9d9v9/PycharmProjects/Airflow-2/Airflow-2/.venv/lib/python3.10/site-packages/airflow/example_dags/example_task_group.py for tasks to queue
[2024-12-06T22:23:42.401-0600] {logging_mixin.py:190} INFO - [2024-12-06T22:23:42.401-0600] {dagbag.py:588} INFO - Filling up the DagBag from /home/m9d9v9/PycharmProjects/Airflow-2/Airflow-2/.venv/lib/python3.10/site-packages/airflow/example_dags/example_task_group.py
[2024-12-06T22:23:42.415-0600] {processor.py:925} INFO - DAG(s) 'example_task_group' retrieved from /home/m9d9v9/PycharmProjects/Airflow-2/Airflow-2/.venv/lib/python3.10/site-packages/airflow/example_dags/example_task_group.py
[2024-12-06T22:23:42.431-0600] {logging_mixin.py:190} INFO - [2024-12-06T22:23:42.431-0600] {dag.py:3239} INFO - Sync 1 DAGs
[2024-12-06T22:23:42.443-0600] {logging_mixin.py:190} INFO - [2024-12-06T22:23:42.443-0600] {dag.py:4180} INFO - Setting next_dagrun for example_task_group to None, run_after=None
[2024-12-06T22:23:42.458-0600] {processor.py:208} INFO - Processing /home/m9d9v9/PycharmProjects/Airflow-2/Airflow-2/.venv/lib/python3.10/site-packages/airflow/example_dags/example_task_group.py took 0.080 seconds
[2024-12-06T22:24:36.048-0600] {processor.py:186} INFO - Started process (PID=13044) to work on /home/m9d9v9/PycharmProjects/Airflow-2/Airflow-2/.venv/lib/python3.10/site-packages/airflow/example_dags/example_task_group.py
[2024-12-06T22:24:36.051-0600] {processor.py:914} INFO - Processing file /home/m9d9v9/PycharmProjects/Airflow-2/Airflow-2/.venv/lib/python3.10/site-packages/airflow/example_dags/example_task_group.py for tasks to queue
[2024-12-06T22:24:36.053-0600] {logging_mixin.py:190} INFO - [2024-12-06T22:24:36.052-0600] {dagbag.py:588} INFO - Filling up the DagBag from /home/m9d9v9/PycharmProjects/Airflow-2/Airflow-2/.venv/lib/python3.10/site-packages/airflow/example_dags/example_task_group.py
[2024-12-06T22:24:36.072-0600] {processor.py:925} INFO - DAG(s) 'example_task_group' retrieved from /home/m9d9v9/PycharmProjects/Airflow-2/Airflow-2/.venv/lib/python3.10/site-packages/airflow/example_dags/example_task_group.py
[2024-12-06T22:24:36.090-0600] {logging_mixin.py:190} INFO - [2024-12-06T22:24:36.090-0600] {dag.py:3239} INFO - Sync 1 DAGs
[2024-12-06T22:24:36.098-0600] {logging_mixin.py:190} INFO - [2024-12-06T22:24:36.098-0600] {dag.py:4180} INFO - Setting next_dagrun for example_task_group to None, run_after=None
[2024-12-06T22:24:36.111-0600] {processor.py:208} INFO - Processing /home/m9d9v9/PycharmProjects/Airflow-2/Airflow-2/.venv/lib/python3.10/site-packages/airflow/example_dags/example_task_group.py took 0.075 seconds
[2024-12-06T22:25:31.666-0600] {processor.py:186} INFO - Started process (PID=13129) to work on /home/m9d9v9/PycharmProjects/Airflow-2/Airflow-2/.venv/lib/python3.10/site-packages/airflow/example_dags/example_task_group.py
[2024-12-06T22:25:31.668-0600] {processor.py:914} INFO - Processing file /home/m9d9v9/PycharmProjects/Airflow-2/Airflow-2/.venv/lib/python3.10/site-packages/airflow/example_dags/example_task_group.py for tasks to queue
[2024-12-06T22:25:31.669-0600] {logging_mixin.py:190} INFO - [2024-12-06T22:25:31.668-0600] {dagbag.py:588} INFO - Filling up the DagBag from /home/m9d9v9/PycharmProjects/Airflow-2/Airflow-2/.venv/lib/python3.10/site-packages/airflow/example_dags/example_task_group.py
[2024-12-06T22:25:31.676-0600] {processor.py:925} INFO - DAG(s) 'example_task_group' retrieved from /home/m9d9v9/PycharmProjects/Airflow-2/Airflow-2/.venv/lib/python3.10/site-packages/airflow/example_dags/example_task_group.py
[2024-12-06T22:25:31.688-0600] {logging_mixin.py:190} INFO - [2024-12-06T22:25:31.688-0600] {dag.py:3239} INFO - Sync 1 DAGs
[2024-12-06T22:25:31.697-0600] {logging_mixin.py:190} INFO - [2024-12-06T22:25:31.696-0600] {dag.py:4180} INFO - Setting next_dagrun for example_task_group to None, run_after=None
[2024-12-06T22:25:31.713-0600] {processor.py:208} INFO - Processing /home/m9d9v9/PycharmProjects/Airflow-2/Airflow-2/.venv/lib/python3.10/site-packages/airflow/example_dags/example_task_group.py took 0.051 seconds
[2024-12-06T22:26:29.697-0600] {processor.py:186} INFO - Started process (PID=13208) to work on /home/m9d9v9/PycharmProjects/Airflow-2/Airflow-2/.venv/lib/python3.10/site-packages/airflow/example_dags/example_task_group.py
[2024-12-06T22:26:29.704-0600] {processor.py:914} INFO - Processing file /home/m9d9v9/PycharmProjects/Airflow-2/Airflow-2/.venv/lib/python3.10/site-packages/airflow/example_dags/example_task_group.py for tasks to queue
[2024-12-06T22:26:29.706-0600] {logging_mixin.py:190} INFO - [2024-12-06T22:26:29.706-0600] {dagbag.py:588} INFO - Filling up the DagBag from /home/m9d9v9/PycharmProjects/Airflow-2/Airflow-2/.venv/lib/python3.10/site-packages/airflow/example_dags/example_task_group.py
[2024-12-06T22:26:29.721-0600] {processor.py:925} INFO - DAG(s) 'example_task_group' retrieved from /home/m9d9v9/PycharmProjects/Airflow-2/Airflow-2/.venv/lib/python3.10/site-packages/airflow/example_dags/example_task_group.py
[2024-12-06T22:26:29.738-0600] {logging_mixin.py:190} INFO - [2024-12-06T22:26:29.737-0600] {dag.py:3239} INFO - Sync 1 DAGs
[2024-12-06T22:26:29.745-0600] {logging_mixin.py:190} INFO - [2024-12-06T22:26:29.745-0600] {dag.py:4180} INFO - Setting next_dagrun for example_task_group to None, run_after=None
[2024-12-06T22:26:29.756-0600] {processor.py:208} INFO - Processing /home/m9d9v9/PycharmProjects/Airflow-2/Airflow-2/.venv/lib/python3.10/site-packages/airflow/example_dags/example_task_group.py took 0.070 seconds
[2024-12-06T22:37:02.314-0600] {processor.py:186} INFO - Started process (PID=14577) to work on /home/m9d9v9/PycharmProjects/Airflow-2/Airflow-2/.venv/lib/python3.10/site-packages/airflow/example_dags/example_task_group.py
[2024-12-06T22:37:02.320-0600] {processor.py:914} INFO - Processing file /home/m9d9v9/PycharmProjects/Airflow-2/Airflow-2/.venv/lib/python3.10/site-packages/airflow/example_dags/example_task_group.py for tasks to queue
[2024-12-06T22:37:02.322-0600] {logging_mixin.py:190} INFO - [2024-12-06T22:37:02.322-0600] {dagbag.py:588} INFO - Filling up the DagBag from /home/m9d9v9/PycharmProjects/Airflow-2/Airflow-2/.venv/lib/python3.10/site-packages/airflow/example_dags/example_task_group.py
[2024-12-06T22:37:02.331-0600] {processor.py:925} INFO - DAG(s) 'example_task_group' retrieved from /home/m9d9v9/PycharmProjects/Airflow-2/Airflow-2/.venv/lib/python3.10/site-packages/airflow/example_dags/example_task_group.py
[2024-12-06T22:37:02.352-0600] {logging_mixin.py:190} INFO - [2024-12-06T22:37:02.351-0600] {dag.py:3239} INFO - Sync 1 DAGs
[2024-12-06T22:37:02.363-0600] {logging_mixin.py:190} INFO - [2024-12-06T22:37:02.363-0600] {dag.py:4180} INFO - Setting next_dagrun for example_task_group to None, run_after=None
[2024-12-06T22:37:02.378-0600] {processor.py:208} INFO - Processing /home/m9d9v9/PycharmProjects/Airflow-2/Airflow-2/.venv/lib/python3.10/site-packages/airflow/example_dags/example_task_group.py took 0.069 seconds
[2024-12-06T22:37:59.157-0600] {processor.py:186} INFO - Started process (PID=14717) to work on /home/m9d9v9/PycharmProjects/Airflow-2/Airflow-2/.venv/lib/python3.10/site-packages/airflow/example_dags/example_task_group.py
[2024-12-06T22:37:59.164-0600] {processor.py:914} INFO - Processing file /home/m9d9v9/PycharmProjects/Airflow-2/Airflow-2/.venv/lib/python3.10/site-packages/airflow/example_dags/example_task_group.py for tasks to queue
[2024-12-06T22:37:59.168-0600] {logging_mixin.py:190} INFO - [2024-12-06T22:37:59.167-0600] {dagbag.py:588} INFO - Filling up the DagBag from /home/m9d9v9/PycharmProjects/Airflow-2/Airflow-2/.venv/lib/python3.10/site-packages/airflow/example_dags/example_task_group.py
[2024-12-06T22:37:59.187-0600] {processor.py:925} INFO - DAG(s) 'example_task_group' retrieved from /home/m9d9v9/PycharmProjects/Airflow-2/Airflow-2/.venv/lib/python3.10/site-packages/airflow/example_dags/example_task_group.py
[2024-12-06T22:37:59.208-0600] {logging_mixin.py:190} INFO - [2024-12-06T22:37:59.208-0600] {dag.py:3239} INFO - Sync 1 DAGs
[2024-12-06T22:37:59.216-0600] {logging_mixin.py:190} INFO - [2024-12-06T22:37:59.216-0600] {dag.py:4180} INFO - Setting next_dagrun for example_task_group to None, run_after=None
[2024-12-06T22:37:59.228-0600] {processor.py:208} INFO - Processing /home/m9d9v9/PycharmProjects/Airflow-2/Airflow-2/.venv/lib/python3.10/site-packages/airflow/example_dags/example_task_group.py took 0.083 seconds
[2024-12-06T22:38:56.547-0600] {processor.py:186} INFO - Started process (PID=14825) to work on /home/m9d9v9/PycharmProjects/Airflow-2/Airflow-2/.venv/lib/python3.10/site-packages/airflow/example_dags/example_task_group.py
[2024-12-06T22:38:56.549-0600] {processor.py:914} INFO - Processing file /home/m9d9v9/PycharmProjects/Airflow-2/Airflow-2/.venv/lib/python3.10/site-packages/airflow/example_dags/example_task_group.py for tasks to queue
[2024-12-06T22:38:56.553-0600] {logging_mixin.py:190} INFO - [2024-12-06T22:38:56.552-0600] {dagbag.py:588} INFO - Filling up the DagBag from /home/m9d9v9/PycharmProjects/Airflow-2/Airflow-2/.venv/lib/python3.10/site-packages/airflow/example_dags/example_task_group.py
[2024-12-06T22:38:56.563-0600] {processor.py:925} INFO - DAG(s) 'example_task_group' retrieved from /home/m9d9v9/PycharmProjects/Airflow-2/Airflow-2/.venv/lib/python3.10/site-packages/airflow/example_dags/example_task_group.py
[2024-12-06T22:38:56.585-0600] {logging_mixin.py:190} INFO - [2024-12-06T22:38:56.584-0600] {dag.py:3239} INFO - Sync 1 DAGs
[2024-12-06T22:38:56.593-0600] {logging_mixin.py:190} INFO - [2024-12-06T22:38:56.593-0600] {dag.py:4180} INFO - Setting next_dagrun for example_task_group to None, run_after=None
[2024-12-06T22:38:56.605-0600] {processor.py:208} INFO - Processing /home/m9d9v9/PycharmProjects/Airflow-2/Airflow-2/.venv/lib/python3.10/site-packages/airflow/example_dags/example_task_group.py took 0.071 seconds
[2024-12-06T22:39:55.575-0600] {processor.py:186} INFO - Started process (PID=15014) to work on /home/m9d9v9/PycharmProjects/Airflow-2/Airflow-2/.venv/lib/python3.10/site-packages/airflow/example_dags/example_task_group.py
[2024-12-06T22:39:55.577-0600] {processor.py:914} INFO - Processing file /home/m9d9v9/PycharmProjects/Airflow-2/Airflow-2/.venv/lib/python3.10/site-packages/airflow/example_dags/example_task_group.py for tasks to queue
[2024-12-06T22:39:55.580-0600] {logging_mixin.py:190} INFO - [2024-12-06T22:39:55.579-0600] {dagbag.py:588} INFO - Filling up the DagBag from /home/m9d9v9/PycharmProjects/Airflow-2/Airflow-2/.venv/lib/python3.10/site-packages/airflow/example_dags/example_task_group.py
[2024-12-06T22:39:55.592-0600] {processor.py:925} INFO - DAG(s) 'example_task_group' retrieved from /home/m9d9v9/PycharmProjects/Airflow-2/Airflow-2/.venv/lib/python3.10/site-packages/airflow/example_dags/example_task_group.py
[2024-12-06T22:39:55.616-0600] {logging_mixin.py:190} INFO - [2024-12-06T22:39:55.616-0600] {dag.py:3239} INFO - Sync 1 DAGs
[2024-12-06T22:39:55.627-0600] {logging_mixin.py:190} INFO - [2024-12-06T22:39:55.626-0600] {dag.py:4180} INFO - Setting next_dagrun for example_task_group to None, run_after=None
[2024-12-06T22:39:55.643-0600] {processor.py:208} INFO - Processing /home/m9d9v9/PycharmProjects/Airflow-2/Airflow-2/.venv/lib/python3.10/site-packages/airflow/example_dags/example_task_group.py took 0.078 seconds
[2024-12-06T22:40:54.152-0600] {processor.py:186} INFO - Started process (PID=15120) to work on /home/m9d9v9/PycharmProjects/Airflow-2/Airflow-2/.venv/lib/python3.10/site-packages/airflow/example_dags/example_task_group.py
[2024-12-06T22:40:54.159-0600] {processor.py:914} INFO - Processing file /home/m9d9v9/PycharmProjects/Airflow-2/Airflow-2/.venv/lib/python3.10/site-packages/airflow/example_dags/example_task_group.py for tasks to queue
[2024-12-06T22:40:54.163-0600] {logging_mixin.py:190} INFO - [2024-12-06T22:40:54.163-0600] {dagbag.py:588} INFO - Filling up the DagBag from /home/m9d9v9/PycharmProjects/Airflow-2/Airflow-2/.venv/lib/python3.10/site-packages/airflow/example_dags/example_task_group.py
[2024-12-06T22:40:54.182-0600] {processor.py:925} INFO - DAG(s) 'example_task_group' retrieved from /home/m9d9v9/PycharmProjects/Airflow-2/Airflow-2/.venv/lib/python3.10/site-packages/airflow/example_dags/example_task_group.py
[2024-12-06T22:40:54.201-0600] {logging_mixin.py:190} INFO - [2024-12-06T22:40:54.201-0600] {dag.py:3239} INFO - Sync 1 DAGs
[2024-12-06T22:40:54.209-0600] {logging_mixin.py:190} INFO - [2024-12-06T22:40:54.209-0600] {dag.py:4180} INFO - Setting next_dagrun for example_task_group to None, run_after=None
[2024-12-06T22:40:54.222-0600] {processor.py:208} INFO - Processing /home/m9d9v9/PycharmProjects/Airflow-2/Airflow-2/.venv/lib/python3.10/site-packages/airflow/example_dags/example_task_group.py took 0.086 seconds
[2024-12-06T23:25:08.389-0600] {processor.py:186} INFO - Started process (PID=17258) to work on /home/m9d9v9/PycharmProjects/Airflow-2/Airflow-2/.venv/lib/python3.10/site-packages/airflow/example_dags/example_task_group.py
[2024-12-06T23:25:08.395-0600] {processor.py:914} INFO - Processing file /home/m9d9v9/PycharmProjects/Airflow-2/Airflow-2/.venv/lib/python3.10/site-packages/airflow/example_dags/example_task_group.py for tasks to queue
[2024-12-06T23:25:08.397-0600] {logging_mixin.py:190} INFO - [2024-12-06T23:25:08.396-0600] {dagbag.py:588} INFO - Filling up the DagBag from /home/m9d9v9/PycharmProjects/Airflow-2/Airflow-2/.venv/lib/python3.10/site-packages/airflow/example_dags/example_task_group.py
[2024-12-06T23:25:08.404-0600] {processor.py:925} INFO - DAG(s) 'example_task_group' retrieved from /home/m9d9v9/PycharmProjects/Airflow-2/Airflow-2/.venv/lib/python3.10/site-packages/airflow/example_dags/example_task_group.py
[2024-12-06T23:25:08.420-0600] {logging_mixin.py:190} INFO - [2024-12-06T23:25:08.420-0600] {dag.py:3239} INFO - Sync 1 DAGs
[2024-12-06T23:25:08.429-0600] {logging_mixin.py:190} INFO - [2024-12-06T23:25:08.429-0600] {dag.py:4180} INFO - Setting next_dagrun for example_task_group to None, run_after=None
[2024-12-06T23:25:08.443-0600] {processor.py:208} INFO - Processing /home/m9d9v9/PycharmProjects/Airflow-2/Airflow-2/.venv/lib/python3.10/site-packages/airflow/example_dags/example_task_group.py took 0.059 seconds
[2024-12-06T23:26:06.415-0600] {processor.py:186} INFO - Started process (PID=17377) to work on /home/m9d9v9/PycharmProjects/Airflow-2/Airflow-2/.venv/lib/python3.10/site-packages/airflow/example_dags/example_task_group.py
[2024-12-06T23:26:06.422-0600] {processor.py:914} INFO - Processing file /home/m9d9v9/PycharmProjects/Airflow-2/Airflow-2/.venv/lib/python3.10/site-packages/airflow/example_dags/example_task_group.py for tasks to queue
[2024-12-06T23:26:06.423-0600] {logging_mixin.py:190} INFO - [2024-12-06T23:26:06.423-0600] {dagbag.py:588} INFO - Filling up the DagBag from /home/m9d9v9/PycharmProjects/Airflow-2/Airflow-2/.venv/lib/python3.10/site-packages/airflow/example_dags/example_task_group.py
[2024-12-06T23:26:06.440-0600] {processor.py:925} INFO - DAG(s) 'example_task_group' retrieved from /home/m9d9v9/PycharmProjects/Airflow-2/Airflow-2/.venv/lib/python3.10/site-packages/airflow/example_dags/example_task_group.py
[2024-12-06T23:26:06.464-0600] {logging_mixin.py:190} INFO - [2024-12-06T23:26:06.464-0600] {dag.py:3239} INFO - Sync 1 DAGs
[2024-12-06T23:26:06.471-0600] {logging_mixin.py:190} INFO - [2024-12-06T23:26:06.471-0600] {dag.py:4180} INFO - Setting next_dagrun for example_task_group to None, run_after=None
[2024-12-06T23:26:06.483-0600] {processor.py:208} INFO - Processing /home/m9d9v9/PycharmProjects/Airflow-2/Airflow-2/.venv/lib/python3.10/site-packages/airflow/example_dags/example_task_group.py took 0.079 seconds
[2024-12-06T23:27:02.674-0600] {processor.py:186} INFO - Started process (PID=17451) to work on /home/m9d9v9/PycharmProjects/Airflow-2/Airflow-2/.venv/lib/python3.10/site-packages/airflow/example_dags/example_task_group.py
[2024-12-06T23:27:02.680-0600] {processor.py:914} INFO - Processing file /home/m9d9v9/PycharmProjects/Airflow-2/Airflow-2/.venv/lib/python3.10/site-packages/airflow/example_dags/example_task_group.py for tasks to queue
[2024-12-06T23:27:02.681-0600] {logging_mixin.py:190} INFO - [2024-12-06T23:27:02.681-0600] {dagbag.py:588} INFO - Filling up the DagBag from /home/m9d9v9/PycharmProjects/Airflow-2/Airflow-2/.venv/lib/python3.10/site-packages/airflow/example_dags/example_task_group.py
[2024-12-06T23:27:02.687-0600] {processor.py:925} INFO - DAG(s) 'example_task_group' retrieved from /home/m9d9v9/PycharmProjects/Airflow-2/Airflow-2/.venv/lib/python3.10/site-packages/airflow/example_dags/example_task_group.py
[2024-12-06T23:27:02.703-0600] {logging_mixin.py:190} INFO - [2024-12-06T23:27:02.703-0600] {dag.py:3239} INFO - Sync 1 DAGs
[2024-12-06T23:27:02.717-0600] {logging_mixin.py:190} INFO - [2024-12-06T23:27:02.716-0600] {dag.py:4180} INFO - Setting next_dagrun for example_task_group to None, run_after=None
[2024-12-06T23:27:02.733-0600] {processor.py:208} INFO - Processing /home/m9d9v9/PycharmProjects/Airflow-2/Airflow-2/.venv/lib/python3.10/site-packages/airflow/example_dags/example_task_group.py took 0.063 seconds
[2024-12-06T23:28:00.124-0600] {processor.py:186} INFO - Started process (PID=17525) to work on /home/m9d9v9/PycharmProjects/Airflow-2/Airflow-2/.venv/lib/python3.10/site-packages/airflow/example_dags/example_task_group.py
[2024-12-06T23:28:00.130-0600] {processor.py:914} INFO - Processing file /home/m9d9v9/PycharmProjects/Airflow-2/Airflow-2/.venv/lib/python3.10/site-packages/airflow/example_dags/example_task_group.py for tasks to queue
[2024-12-06T23:28:00.131-0600] {logging_mixin.py:190} INFO - [2024-12-06T23:28:00.131-0600] {dagbag.py:588} INFO - Filling up the DagBag from /home/m9d9v9/PycharmProjects/Airflow-2/Airflow-2/.venv/lib/python3.10/site-packages/airflow/example_dags/example_task_group.py
[2024-12-06T23:28:00.140-0600] {processor.py:925} INFO - DAG(s) 'example_task_group' retrieved from /home/m9d9v9/PycharmProjects/Airflow-2/Airflow-2/.venv/lib/python3.10/site-packages/airflow/example_dags/example_task_group.py
[2024-12-06T23:28:00.154-0600] {logging_mixin.py:190} INFO - [2024-12-06T23:28:00.154-0600] {dag.py:3239} INFO - Sync 1 DAGs
[2024-12-06T23:28:00.164-0600] {logging_mixin.py:190} INFO - [2024-12-06T23:28:00.164-0600] {dag.py:4180} INFO - Setting next_dagrun for example_task_group to None, run_after=None
[2024-12-06T23:28:00.180-0600] {processor.py:208} INFO - Processing /home/m9d9v9/PycharmProjects/Airflow-2/Airflow-2/.venv/lib/python3.10/site-packages/airflow/example_dags/example_task_group.py took 0.061 seconds
[2024-12-06T23:28:56.676-0600] {processor.py:186} INFO - Started process (PID=17633) to work on /home/m9d9v9/PycharmProjects/Airflow-2/Airflow-2/.venv/lib/python3.10/site-packages/airflow/example_dags/example_task_group.py
[2024-12-06T23:28:56.682-0600] {processor.py:914} INFO - Processing file /home/m9d9v9/PycharmProjects/Airflow-2/Airflow-2/.venv/lib/python3.10/site-packages/airflow/example_dags/example_task_group.py for tasks to queue
[2024-12-06T23:28:56.684-0600] {logging_mixin.py:190} INFO - [2024-12-06T23:28:56.683-0600] {dagbag.py:588} INFO - Filling up the DagBag from /home/m9d9v9/PycharmProjects/Airflow-2/Airflow-2/.venv/lib/python3.10/site-packages/airflow/example_dags/example_task_group.py
[2024-12-06T23:28:56.700-0600] {processor.py:925} INFO - DAG(s) 'example_task_group' retrieved from /home/m9d9v9/PycharmProjects/Airflow-2/Airflow-2/.venv/lib/python3.10/site-packages/airflow/example_dags/example_task_group.py
[2024-12-06T23:28:56.730-0600] {logging_mixin.py:190} INFO - [2024-12-06T23:28:56.730-0600] {dag.py:3239} INFO - Sync 1 DAGs
[2024-12-06T23:28:56.739-0600] {logging_mixin.py:190} INFO - [2024-12-06T23:28:56.739-0600] {dag.py:4180} INFO - Setting next_dagrun for example_task_group to None, run_after=None
[2024-12-06T23:28:56.752-0600] {processor.py:208} INFO - Processing /home/m9d9v9/PycharmProjects/Airflow-2/Airflow-2/.venv/lib/python3.10/site-packages/airflow/example_dags/example_task_group.py took 0.083 seconds
[2024-12-06T23:29:52.560-0600] {processor.py:186} INFO - Started process (PID=17768) to work on /home/m9d9v9/PycharmProjects/Airflow-2/Airflow-2/.venv/lib/python3.10/site-packages/airflow/example_dags/example_task_group.py
[2024-12-06T23:29:52.566-0600] {processor.py:914} INFO - Processing file /home/m9d9v9/PycharmProjects/Airflow-2/Airflow-2/.venv/lib/python3.10/site-packages/airflow/example_dags/example_task_group.py for tasks to queue
[2024-12-06T23:29:52.569-0600] {logging_mixin.py:190} INFO - [2024-12-06T23:29:52.568-0600] {dagbag.py:588} INFO - Filling up the DagBag from /home/m9d9v9/PycharmProjects/Airflow-2/Airflow-2/.venv/lib/python3.10/site-packages/airflow/example_dags/example_task_group.py
[2024-12-06T23:29:52.585-0600] {processor.py:925} INFO - DAG(s) 'example_task_group' retrieved from /home/m9d9v9/PycharmProjects/Airflow-2/Airflow-2/.venv/lib/python3.10/site-packages/airflow/example_dags/example_task_group.py
[2024-12-06T23:29:52.609-0600] {logging_mixin.py:190} INFO - [2024-12-06T23:29:52.609-0600] {dag.py:3239} INFO - Sync 1 DAGs
[2024-12-06T23:29:52.616-0600] {logging_mixin.py:190} INFO - [2024-12-06T23:29:52.616-0600] {dag.py:4180} INFO - Setting next_dagrun for example_task_group to None, run_after=None
[2024-12-06T23:29:52.628-0600] {processor.py:208} INFO - Processing /home/m9d9v9/PycharmProjects/Airflow-2/Airflow-2/.venv/lib/python3.10/site-packages/airflow/example_dags/example_task_group.py took 0.080 seconds
[2024-12-06T23:30:49.603-0600] {processor.py:186} INFO - Started process (PID=17889) to work on /home/m9d9v9/PycharmProjects/Airflow-2/Airflow-2/.venv/lib/python3.10/site-packages/airflow/example_dags/example_task_group.py
[2024-12-06T23:30:49.609-0600] {processor.py:914} INFO - Processing file /home/m9d9v9/PycharmProjects/Airflow-2/Airflow-2/.venv/lib/python3.10/site-packages/airflow/example_dags/example_task_group.py for tasks to queue
[2024-12-06T23:30:49.612-0600] {logging_mixin.py:190} INFO - [2024-12-06T23:30:49.611-0600] {dagbag.py:588} INFO - Filling up the DagBag from /home/m9d9v9/PycharmProjects/Airflow-2/Airflow-2/.venv/lib/python3.10/site-packages/airflow/example_dags/example_task_group.py
[2024-12-06T23:30:49.630-0600] {processor.py:925} INFO - DAG(s) 'example_task_group' retrieved from /home/m9d9v9/PycharmProjects/Airflow-2/Airflow-2/.venv/lib/python3.10/site-packages/airflow/example_dags/example_task_group.py
[2024-12-06T23:30:49.653-0600] {logging_mixin.py:190} INFO - [2024-12-06T23:30:49.653-0600] {dag.py:3239} INFO - Sync 1 DAGs
[2024-12-06T23:30:49.661-0600] {logging_mixin.py:190} INFO - [2024-12-06T23:30:49.660-0600] {dag.py:4180} INFO - Setting next_dagrun for example_task_group to None, run_after=None
[2024-12-06T23:30:49.673-0600] {processor.py:208} INFO - Processing /home/m9d9v9/PycharmProjects/Airflow-2/Airflow-2/.venv/lib/python3.10/site-packages/airflow/example_dags/example_task_group.py took 0.082 seconds
[2024-12-06T23:31:46.683-0600] {processor.py:186} INFO - Started process (PID=17987) to work on /home/m9d9v9/PycharmProjects/Airflow-2/Airflow-2/.venv/lib/python3.10/site-packages/airflow/example_dags/example_task_group.py
[2024-12-06T23:31:46.689-0600] {processor.py:914} INFO - Processing file /home/m9d9v9/PycharmProjects/Airflow-2/Airflow-2/.venv/lib/python3.10/site-packages/airflow/example_dags/example_task_group.py for tasks to queue
[2024-12-06T23:31:46.690-0600] {logging_mixin.py:190} INFO - [2024-12-06T23:31:46.690-0600] {dagbag.py:588} INFO - Filling up the DagBag from /home/m9d9v9/PycharmProjects/Airflow-2/Airflow-2/.venv/lib/python3.10/site-packages/airflow/example_dags/example_task_group.py
[2024-12-06T23:31:46.696-0600] {processor.py:925} INFO - DAG(s) 'example_task_group' retrieved from /home/m9d9v9/PycharmProjects/Airflow-2/Airflow-2/.venv/lib/python3.10/site-packages/airflow/example_dags/example_task_group.py
[2024-12-06T23:31:46.706-0600] {logging_mixin.py:190} INFO - [2024-12-06T23:31:46.706-0600] {dag.py:3239} INFO - Sync 1 DAGs
[2024-12-06T23:31:46.714-0600] {logging_mixin.py:190} INFO - [2024-12-06T23:31:46.714-0600] {dag.py:4180} INFO - Setting next_dagrun for example_task_group to None, run_after=None
[2024-12-06T23:31:46.725-0600] {processor.py:208} INFO - Processing /home/m9d9v9/PycharmProjects/Airflow-2/Airflow-2/.venv/lib/python3.10/site-packages/airflow/example_dags/example_task_group.py took 0.046 seconds
[2024-12-06T23:32:46.124-0600] {processor.py:186} INFO - Started process (PID=18070) to work on /home/m9d9v9/PycharmProjects/Airflow-2/Airflow-2/.venv/lib/python3.10/site-packages/airflow/example_dags/example_task_group.py
[2024-12-06T23:32:46.130-0600] {processor.py:914} INFO - Processing file /home/m9d9v9/PycharmProjects/Airflow-2/Airflow-2/.venv/lib/python3.10/site-packages/airflow/example_dags/example_task_group.py for tasks to queue
[2024-12-06T23:32:46.131-0600] {logging_mixin.py:190} INFO - [2024-12-06T23:32:46.131-0600] {dagbag.py:588} INFO - Filling up the DagBag from /home/m9d9v9/PycharmProjects/Airflow-2/Airflow-2/.venv/lib/python3.10/site-packages/airflow/example_dags/example_task_group.py
[2024-12-06T23:32:46.137-0600] {processor.py:925} INFO - DAG(s) 'example_task_group' retrieved from /home/m9d9v9/PycharmProjects/Airflow-2/Airflow-2/.venv/lib/python3.10/site-packages/airflow/example_dags/example_task_group.py
[2024-12-06T23:32:46.147-0600] {logging_mixin.py:190} INFO - [2024-12-06T23:32:46.146-0600] {dag.py:3239} INFO - Sync 1 DAGs
[2024-12-06T23:32:46.154-0600] {logging_mixin.py:190} INFO - [2024-12-06T23:32:46.154-0600] {dag.py:4180} INFO - Setting next_dagrun for example_task_group to None, run_after=None
[2024-12-06T23:32:46.164-0600] {processor.py:208} INFO - Processing /home/m9d9v9/PycharmProjects/Airflow-2/Airflow-2/.venv/lib/python3.10/site-packages/airflow/example_dags/example_task_group.py took 0.044 seconds
[2024-12-06T23:33:41.166-0600] {processor.py:186} INFO - Started process (PID=18138) to work on /home/m9d9v9/PycharmProjects/Airflow-2/Airflow-2/.venv/lib/python3.10/site-packages/airflow/example_dags/example_task_group.py
[2024-12-06T23:33:41.173-0600] {processor.py:914} INFO - Processing file /home/m9d9v9/PycharmProjects/Airflow-2/Airflow-2/.venv/lib/python3.10/site-packages/airflow/example_dags/example_task_group.py for tasks to queue
[2024-12-06T23:33:41.175-0600] {logging_mixin.py:190} INFO - [2024-12-06T23:33:41.174-0600] {dagbag.py:588} INFO - Filling up the DagBag from /home/m9d9v9/PycharmProjects/Airflow-2/Airflow-2/.venv/lib/python3.10/site-packages/airflow/example_dags/example_task_group.py
[2024-12-06T23:33:41.193-0600] {processor.py:925} INFO - DAG(s) 'example_task_group' retrieved from /home/m9d9v9/PycharmProjects/Airflow-2/Airflow-2/.venv/lib/python3.10/site-packages/airflow/example_dags/example_task_group.py
[2024-12-06T23:33:41.218-0600] {logging_mixin.py:190} INFO - [2024-12-06T23:33:41.217-0600] {dag.py:3239} INFO - Sync 1 DAGs
[2024-12-06T23:33:41.225-0600] {logging_mixin.py:190} INFO - [2024-12-06T23:33:41.225-0600] {dag.py:4180} INFO - Setting next_dagrun for example_task_group to None, run_after=None
[2024-12-06T23:33:41.237-0600] {processor.py:208} INFO - Processing /home/m9d9v9/PycharmProjects/Airflow-2/Airflow-2/.venv/lib/python3.10/site-packages/airflow/example_dags/example_task_group.py took 0.083 seconds
[2024-12-06T23:34:39.088-0600] {processor.py:186} INFO - Started process (PID=18260) to work on /home/m9d9v9/PycharmProjects/Airflow-2/Airflow-2/.venv/lib/python3.10/site-packages/airflow/example_dags/example_task_group.py
[2024-12-06T23:34:39.095-0600] {processor.py:914} INFO - Processing file /home/m9d9v9/PycharmProjects/Airflow-2/Airflow-2/.venv/lib/python3.10/site-packages/airflow/example_dags/example_task_group.py for tasks to queue
[2024-12-06T23:34:39.098-0600] {logging_mixin.py:190} INFO - [2024-12-06T23:34:39.097-0600] {dagbag.py:588} INFO - Filling up the DagBag from /home/m9d9v9/PycharmProjects/Airflow-2/Airflow-2/.venv/lib/python3.10/site-packages/airflow/example_dags/example_task_group.py
[2024-12-06T23:34:39.114-0600] {processor.py:925} INFO - DAG(s) 'example_task_group' retrieved from /home/m9d9v9/PycharmProjects/Airflow-2/Airflow-2/.venv/lib/python3.10/site-packages/airflow/example_dags/example_task_group.py
[2024-12-06T23:34:39.138-0600] {logging_mixin.py:190} INFO - [2024-12-06T23:34:39.138-0600] {dag.py:3239} INFO - Sync 1 DAGs
[2024-12-06T23:34:39.286-0600] {logging_mixin.py:190} INFO - [2024-12-06T23:34:39.286-0600] {dag.py:4180} INFO - Setting next_dagrun for example_task_group to None, run_after=None
[2024-12-06T23:34:39.315-0600] {processor.py:208} INFO - Processing /home/m9d9v9/PycharmProjects/Airflow-2/Airflow-2/.venv/lib/python3.10/site-packages/airflow/example_dags/example_task_group.py took 0.239 seconds
[2024-12-06T23:35:41.651-0600] {processor.py:186} INFO - Started process (PID=18346) to work on /home/m9d9v9/PycharmProjects/Airflow-2/Airflow-2/.venv/lib/python3.10/site-packages/airflow/example_dags/example_task_group.py
[2024-12-06T23:35:41.658-0600] {processor.py:914} INFO - Processing file /home/m9d9v9/PycharmProjects/Airflow-2/Airflow-2/.venv/lib/python3.10/site-packages/airflow/example_dags/example_task_group.py for tasks to queue
[2024-12-06T23:35:41.659-0600] {logging_mixin.py:190} INFO - [2024-12-06T23:35:41.659-0600] {dagbag.py:588} INFO - Filling up the DagBag from /home/m9d9v9/PycharmProjects/Airflow-2/Airflow-2/.venv/lib/python3.10/site-packages/airflow/example_dags/example_task_group.py
[2024-12-06T23:35:41.665-0600] {processor.py:925} INFO - DAG(s) 'example_task_group' retrieved from /home/m9d9v9/PycharmProjects/Airflow-2/Airflow-2/.venv/lib/python3.10/site-packages/airflow/example_dags/example_task_group.py
[2024-12-06T23:35:41.674-0600] {logging_mixin.py:190} INFO - [2024-12-06T23:35:41.674-0600] {dag.py:3239} INFO - Sync 1 DAGs
[2024-12-06T23:35:41.682-0600] {logging_mixin.py:190} INFO - [2024-12-06T23:35:41.682-0600] {dag.py:4180} INFO - Setting next_dagrun for example_task_group to None, run_after=None
[2024-12-06T23:35:41.789-0600] {processor.py:208} INFO - Processing /home/m9d9v9/PycharmProjects/Airflow-2/Airflow-2/.venv/lib/python3.10/site-packages/airflow/example_dags/example_task_group.py took 0.142 seconds
[2024-12-06T23:36:44.732-0600] {processor.py:186} INFO - Started process (PID=18419) to work on /home/m9d9v9/PycharmProjects/Airflow-2/Airflow-2/.venv/lib/python3.10/site-packages/airflow/example_dags/example_task_group.py
[2024-12-06T23:36:44.738-0600] {processor.py:914} INFO - Processing file /home/m9d9v9/PycharmProjects/Airflow-2/Airflow-2/.venv/lib/python3.10/site-packages/airflow/example_dags/example_task_group.py for tasks to queue
[2024-12-06T23:36:44.740-0600] {logging_mixin.py:190} INFO - [2024-12-06T23:36:44.740-0600] {dagbag.py:588} INFO - Filling up the DagBag from /home/m9d9v9/PycharmProjects/Airflow-2/Airflow-2/.venv/lib/python3.10/site-packages/airflow/example_dags/example_task_group.py
[2024-12-06T23:36:44.757-0600] {processor.py:925} INFO - DAG(s) 'example_task_group' retrieved from /home/m9d9v9/PycharmProjects/Airflow-2/Airflow-2/.venv/lib/python3.10/site-packages/airflow/example_dags/example_task_group.py
[2024-12-06T23:36:44.786-0600] {logging_mixin.py:190} INFO - [2024-12-06T23:36:44.786-0600] {dag.py:3239} INFO - Sync 1 DAGs
[2024-12-06T23:36:44.801-0600] {logging_mixin.py:190} INFO - [2024-12-06T23:36:44.801-0600] {dag.py:4180} INFO - Setting next_dagrun for example_task_group to None, run_after=None
[2024-12-06T23:36:44.820-0600] {processor.py:208} INFO - Processing /home/m9d9v9/PycharmProjects/Airflow-2/Airflow-2/.venv/lib/python3.10/site-packages/airflow/example_dags/example_task_group.py took 0.099 seconds
[2024-12-06T23:37:45.548-0600] {processor.py:186} INFO - Started process (PID=18709) to work on /home/m9d9v9/PycharmProjects/Airflow-2/Airflow-2/.venv/lib/python3.10/site-packages/airflow/example_dags/example_task_group.py
[2024-12-06T23:37:45.555-0600] {processor.py:914} INFO - Processing file /home/m9d9v9/PycharmProjects/Airflow-2/Airflow-2/.venv/lib/python3.10/site-packages/airflow/example_dags/example_task_group.py for tasks to queue
[2024-12-06T23:37:45.557-0600] {logging_mixin.py:190} INFO - [2024-12-06T23:37:45.556-0600] {dagbag.py:588} INFO - Filling up the DagBag from /home/m9d9v9/PycharmProjects/Airflow-2/Airflow-2/.venv/lib/python3.10/site-packages/airflow/example_dags/example_task_group.py
[2024-12-06T23:37:45.575-0600] {processor.py:925} INFO - DAG(s) 'example_task_group' retrieved from /home/m9d9v9/PycharmProjects/Airflow-2/Airflow-2/.venv/lib/python3.10/site-packages/airflow/example_dags/example_task_group.py
[2024-12-06T23:37:45.598-0600] {logging_mixin.py:190} INFO - [2024-12-06T23:37:45.597-0600] {dag.py:3239} INFO - Sync 1 DAGs
[2024-12-06T23:37:45.605-0600] {logging_mixin.py:190} INFO - [2024-12-06T23:37:45.605-0600] {dag.py:4180} INFO - Setting next_dagrun for example_task_group to None, run_after=None
[2024-12-06T23:37:45.615-0600] {processor.py:208} INFO - Processing /home/m9d9v9/PycharmProjects/Airflow-2/Airflow-2/.venv/lib/python3.10/site-packages/airflow/example_dags/example_task_group.py took 0.080 seconds
[2024-12-06T23:38:49.158-0600] {processor.py:186} INFO - Started process (PID=18877) to work on /home/m9d9v9/PycharmProjects/Airflow-2/Airflow-2/.venv/lib/python3.10/site-packages/airflow/example_dags/example_task_group.py
[2024-12-06T23:38:49.164-0600] {processor.py:914} INFO - Processing file /home/m9d9v9/PycharmProjects/Airflow-2/Airflow-2/.venv/lib/python3.10/site-packages/airflow/example_dags/example_task_group.py for tasks to queue
[2024-12-06T23:38:49.165-0600] {logging_mixin.py:190} INFO - [2024-12-06T23:38:49.164-0600] {dagbag.py:588} INFO - Filling up the DagBag from /home/m9d9v9/PycharmProjects/Airflow-2/Airflow-2/.venv/lib/python3.10/site-packages/airflow/example_dags/example_task_group.py
[2024-12-06T23:38:49.172-0600] {processor.py:925} INFO - DAG(s) 'example_task_group' retrieved from /home/m9d9v9/PycharmProjects/Airflow-2/Airflow-2/.venv/lib/python3.10/site-packages/airflow/example_dags/example_task_group.py
[2024-12-06T23:38:49.183-0600] {logging_mixin.py:190} INFO - [2024-12-06T23:38:49.183-0600] {dag.py:3239} INFO - Sync 1 DAGs
[2024-12-06T23:38:49.192-0600] {logging_mixin.py:190} INFO - [2024-12-06T23:38:49.192-0600] {dag.py:4180} INFO - Setting next_dagrun for example_task_group to None, run_after=None
[2024-12-06T23:38:49.205-0600] {processor.py:208} INFO - Processing /home/m9d9v9/PycharmProjects/Airflow-2/Airflow-2/.venv/lib/python3.10/site-packages/airflow/example_dags/example_task_group.py took 0.053 seconds
[2024-12-06T23:39:49.477-0600] {processor.py:186} INFO - Started process (PID=19095) to work on /home/m9d9v9/PycharmProjects/Airflow-2/Airflow-2/.venv/lib/python3.10/site-packages/airflow/example_dags/example_task_group.py
[2024-12-06T23:39:49.483-0600] {processor.py:914} INFO - Processing file /home/m9d9v9/PycharmProjects/Airflow-2/Airflow-2/.venv/lib/python3.10/site-packages/airflow/example_dags/example_task_group.py for tasks to queue
[2024-12-06T23:39:49.484-0600] {logging_mixin.py:190} INFO - [2024-12-06T23:39:49.484-0600] {dagbag.py:588} INFO - Filling up the DagBag from /home/m9d9v9/PycharmProjects/Airflow-2/Airflow-2/.venv/lib/python3.10/site-packages/airflow/example_dags/example_task_group.py
[2024-12-06T23:39:49.492-0600] {processor.py:925} INFO - DAG(s) 'example_task_group' retrieved from /home/m9d9v9/PycharmProjects/Airflow-2/Airflow-2/.venv/lib/python3.10/site-packages/airflow/example_dags/example_task_group.py
[2024-12-06T23:39:49.506-0600] {logging_mixin.py:190} INFO - [2024-12-06T23:39:49.506-0600] {dag.py:3239} INFO - Sync 1 DAGs
[2024-12-06T23:39:49.515-0600] {logging_mixin.py:190} INFO - [2024-12-06T23:39:49.515-0600] {dag.py:4180} INFO - Setting next_dagrun for example_task_group to None, run_after=None
[2024-12-06T23:39:49.527-0600] {processor.py:208} INFO - Processing /home/m9d9v9/PycharmProjects/Airflow-2/Airflow-2/.venv/lib/python3.10/site-packages/airflow/example_dags/example_task_group.py took 0.056 seconds
[2024-12-06T23:40:47.379-0600] {processor.py:186} INFO - Started process (PID=19275) to work on /home/m9d9v9/PycharmProjects/Airflow-2/Airflow-2/.venv/lib/python3.10/site-packages/airflow/example_dags/example_task_group.py
[2024-12-06T23:40:47.386-0600] {processor.py:914} INFO - Processing file /home/m9d9v9/PycharmProjects/Airflow-2/Airflow-2/.venv/lib/python3.10/site-packages/airflow/example_dags/example_task_group.py for tasks to queue
[2024-12-06T23:40:47.388-0600] {logging_mixin.py:190} INFO - [2024-12-06T23:40:47.388-0600] {dagbag.py:588} INFO - Filling up the DagBag from /home/m9d9v9/PycharmProjects/Airflow-2/Airflow-2/.venv/lib/python3.10/site-packages/airflow/example_dags/example_task_group.py
[2024-12-06T23:40:47.404-0600] {processor.py:925} INFO - DAG(s) 'example_task_group' retrieved from /home/m9d9v9/PycharmProjects/Airflow-2/Airflow-2/.venv/lib/python3.10/site-packages/airflow/example_dags/example_task_group.py
[2024-12-06T23:40:47.428-0600] {logging_mixin.py:190} INFO - [2024-12-06T23:40:47.428-0600] {dag.py:3239} INFO - Sync 1 DAGs
[2024-12-06T23:40:47.435-0600] {logging_mixin.py:190} INFO - [2024-12-06T23:40:47.435-0600] {dag.py:4180} INFO - Setting next_dagrun for example_task_group to None, run_after=None
[2024-12-06T23:40:47.446-0600] {processor.py:208} INFO - Processing /home/m9d9v9/PycharmProjects/Airflow-2/Airflow-2/.venv/lib/python3.10/site-packages/airflow/example_dags/example_task_group.py took 0.079 seconds
[2024-12-06T23:41:39.764-0600] {processor.py:186} INFO - Started process (PID=19357) to work on /home/m9d9v9/PycharmProjects/Airflow-2/Airflow-2/.venv/lib/python3.10/site-packages/airflow/example_dags/example_task_group.py
[2024-12-06T23:41:39.770-0600] {processor.py:914} INFO - Processing file /home/m9d9v9/PycharmProjects/Airflow-2/Airflow-2/.venv/lib/python3.10/site-packages/airflow/example_dags/example_task_group.py for tasks to queue
[2024-12-06T23:41:39.773-0600] {logging_mixin.py:190} INFO - [2024-12-06T23:41:39.772-0600] {dagbag.py:588} INFO - Filling up the DagBag from /home/m9d9v9/PycharmProjects/Airflow-2/Airflow-2/.venv/lib/python3.10/site-packages/airflow/example_dags/example_task_group.py
[2024-12-06T23:41:39.784-0600] {processor.py:925} INFO - DAG(s) 'example_task_group' retrieved from /home/m9d9v9/PycharmProjects/Airflow-2/Airflow-2/.venv/lib/python3.10/site-packages/airflow/example_dags/example_task_group.py
[2024-12-06T23:41:39.804-0600] {logging_mixin.py:190} INFO - [2024-12-06T23:41:39.803-0600] {dag.py:3239} INFO - Sync 1 DAGs
[2024-12-06T23:41:39.818-0600] {logging_mixin.py:190} INFO - [2024-12-06T23:41:39.817-0600] {dag.py:4180} INFO - Setting next_dagrun for example_task_group to None, run_after=None
[2024-12-06T23:41:39.832-0600] {processor.py:208} INFO - Processing /home/m9d9v9/PycharmProjects/Airflow-2/Airflow-2/.venv/lib/python3.10/site-packages/airflow/example_dags/example_task_group.py took 0.078 seconds
