[2024-12-06T22:18:57.796-0600] {processor.py:186} INFO - Started process (PID=12501) to work on /home/m9d9v9/PycharmProjects/Airflow-2/Airflow-2/.venv/lib/python3.10/site-packages/airflow/example_dags/example_latest_only_with_trigger.py
[2024-12-06T22:18:57.798-0600] {processor.py:914} INFO - Processing file /home/m9d9v9/PycharmProjects/Airflow-2/Airflow-2/.venv/lib/python3.10/site-packages/airflow/example_dags/example_latest_only_with_trigger.py for tasks to queue
[2024-12-06T22:18:57.802-0600] {logging_mixin.py:190} INFO - [2024-12-06T22:18:57.801-0600] {dagbag.py:588} INFO - Filling up the DagBag from /home/m9d9v9/PycharmProjects/Airflow-2/Airflow-2/.venv/lib/python3.10/site-packages/airflow/example_dags/example_latest_only_with_trigger.py
[2024-12-06T22:18:57.812-0600] {processor.py:925} INFO - DAG(s) 'latest_only_with_trigger' retrieved from /home/m9d9v9/PycharmProjects/Airflow-2/Airflow-2/.venv/lib/python3.10/site-packages/airflow/example_dags/example_latest_only_with_trigger.py
[2024-12-06T22:18:57.890-0600] {logging_mixin.py:190} INFO - [2024-12-06T22:18:57.890-0600] {override.py:1911} INFO - Created Permission View: can edit on DAG:latest_only_with_trigger
[2024-12-06T22:18:57.898-0600] {logging_mixin.py:190} INFO - [2024-12-06T22:18:57.898-0600] {override.py:1911} INFO - Created Permission View: can read on DAG:latest_only_with_trigger
[2024-12-06T22:18:57.903-0600] {logging_mixin.py:190} INFO - [2024-12-06T22:18:57.902-0600] {override.py:1911} INFO - Created Permission View: can delete on DAG:latest_only_with_trigger
[2024-12-06T22:18:57.909-0600] {logging_mixin.py:190} INFO - [2024-12-06T22:18:57.909-0600] {override.py:1911} INFO - Created Permission View: menu access on DAG Run:latest_only_with_trigger
[2024-12-06T22:18:57.914-0600] {logging_mixin.py:190} INFO - [2024-12-06T22:18:57.913-0600] {override.py:1911} INFO - Created Permission View: can create on DAG Run:latest_only_with_trigger
[2024-12-06T22:18:57.920-0600] {logging_mixin.py:190} INFO - [2024-12-06T22:18:57.920-0600] {override.py:1911} INFO - Created Permission View: can read on DAG Run:latest_only_with_trigger
[2024-12-06T22:18:57.926-0600] {logging_mixin.py:190} INFO - [2024-12-06T22:18:57.926-0600] {override.py:1911} INFO - Created Permission View: can delete on DAG Run:latest_only_with_trigger
[2024-12-06T22:18:57.926-0600] {logging_mixin.py:190} INFO - [2024-12-06T22:18:57.926-0600] {dag.py:3239} INFO - Sync 1 DAGs
[2024-12-06T22:18:57.934-0600] {logging_mixin.py:190} INFO - [2024-12-06T22:18:57.934-0600] {dag.py:3262} INFO - Creating ORM DAG for latest_only_with_trigger
[2024-12-06T22:18:57.939-0600] {logging_mixin.py:190} INFO - [2024-12-06T22:18:57.939-0600] {dag.py:4180} INFO - Setting next_dagrun for latest_only_with_trigger to 2024-12-07 00:00:00+00:00, run_after=2024-12-07 04:00:00+00:00
[2024-12-06T22:18:57.950-0600] {processor.py:208} INFO - Processing /home/m9d9v9/PycharmProjects/Airflow-2/Airflow-2/.venv/lib/python3.10/site-packages/airflow/example_dags/example_latest_only_with_trigger.py took 0.169 seconds
[2024-12-06T22:19:57.907-0600] {processor.py:186} INFO - Started process (PID=12607) to work on /home/m9d9v9/PycharmProjects/Airflow-2/Airflow-2/.venv/lib/python3.10/site-packages/airflow/example_dags/example_latest_only_with_trigger.py
[2024-12-06T22:19:57.915-0600] {processor.py:914} INFO - Processing file /home/m9d9v9/PycharmProjects/Airflow-2/Airflow-2/.venv/lib/python3.10/site-packages/airflow/example_dags/example_latest_only_with_trigger.py for tasks to queue
[2024-12-06T22:19:57.920-0600] {logging_mixin.py:190} INFO - [2024-12-06T22:19:57.919-0600] {dagbag.py:588} INFO - Filling up the DagBag from /home/m9d9v9/PycharmProjects/Airflow-2/Airflow-2/.venv/lib/python3.10/site-packages/airflow/example_dags/example_latest_only_with_trigger.py
[2024-12-06T22:19:57.927-0600] {processor.py:925} INFO - DAG(s) 'latest_only_with_trigger' retrieved from /home/m9d9v9/PycharmProjects/Airflow-2/Airflow-2/.venv/lib/python3.10/site-packages/airflow/example_dags/example_latest_only_with_trigger.py
[2024-12-06T22:19:57.943-0600] {logging_mixin.py:190} INFO - [2024-12-06T22:19:57.942-0600] {dag.py:3239} INFO - Sync 1 DAGs
[2024-12-06T22:19:57.958-0600] {logging_mixin.py:190} INFO - [2024-12-06T22:19:57.957-0600] {dag.py:4180} INFO - Setting next_dagrun for latest_only_with_trigger to 2024-12-07 00:00:00+00:00, run_after=2024-12-07 04:00:00+00:00
[2024-12-06T22:19:57.972-0600] {processor.py:208} INFO - Processing /home/m9d9v9/PycharmProjects/Airflow-2/Airflow-2/.venv/lib/python3.10/site-packages/airflow/example_dags/example_latest_only_with_trigger.py took 0.084 seconds
[2024-12-06T22:20:53.253-0600] {processor.py:186} INFO - Started process (PID=12694) to work on /home/m9d9v9/PycharmProjects/Airflow-2/Airflow-2/.venv/lib/python3.10/site-packages/airflow/example_dags/example_latest_only_with_trigger.py
[2024-12-06T22:20:53.259-0600] {processor.py:914} INFO - Processing file /home/m9d9v9/PycharmProjects/Airflow-2/Airflow-2/.venv/lib/python3.10/site-packages/airflow/example_dags/example_latest_only_with_trigger.py for tasks to queue
[2024-12-06T22:20:53.262-0600] {logging_mixin.py:190} INFO - [2024-12-06T22:20:53.261-0600] {dagbag.py:588} INFO - Filling up the DagBag from /home/m9d9v9/PycharmProjects/Airflow-2/Airflow-2/.venv/lib/python3.10/site-packages/airflow/example_dags/example_latest_only_with_trigger.py
[2024-12-06T22:20:53.268-0600] {processor.py:925} INFO - DAG(s) 'latest_only_with_trigger' retrieved from /home/m9d9v9/PycharmProjects/Airflow-2/Airflow-2/.venv/lib/python3.10/site-packages/airflow/example_dags/example_latest_only_with_trigger.py
[2024-12-06T22:20:53.280-0600] {logging_mixin.py:190} INFO - [2024-12-06T22:20:53.280-0600] {dag.py:3239} INFO - Sync 1 DAGs
[2024-12-06T22:20:53.293-0600] {logging_mixin.py:190} INFO - [2024-12-06T22:20:53.293-0600] {dag.py:4180} INFO - Setting next_dagrun for latest_only_with_trigger to 2024-12-07 00:00:00+00:00, run_after=2024-12-07 04:00:00+00:00
[2024-12-06T22:20:53.306-0600] {processor.py:208} INFO - Processing /home/m9d9v9/PycharmProjects/Airflow-2/Airflow-2/.venv/lib/python3.10/site-packages/airflow/example_dags/example_latest_only_with_trigger.py took 0.058 seconds
[2024-12-06T22:21:50.864-0600] {processor.py:186} INFO - Started process (PID=12769) to work on /home/m9d9v9/PycharmProjects/Airflow-2/Airflow-2/.venv/lib/python3.10/site-packages/airflow/example_dags/example_latest_only_with_trigger.py
[2024-12-06T22:21:50.871-0600] {processor.py:914} INFO - Processing file /home/m9d9v9/PycharmProjects/Airflow-2/Airflow-2/.venv/lib/python3.10/site-packages/airflow/example_dags/example_latest_only_with_trigger.py for tasks to queue
[2024-12-06T22:21:50.875-0600] {logging_mixin.py:190} INFO - [2024-12-06T22:21:50.874-0600] {dagbag.py:588} INFO - Filling up the DagBag from /home/m9d9v9/PycharmProjects/Airflow-2/Airflow-2/.venv/lib/python3.10/site-packages/airflow/example_dags/example_latest_only_with_trigger.py
[2024-12-06T22:21:50.891-0600] {processor.py:925} INFO - DAG(s) 'latest_only_with_trigger' retrieved from /home/m9d9v9/PycharmProjects/Airflow-2/Airflow-2/.venv/lib/python3.10/site-packages/airflow/example_dags/example_latest_only_with_trigger.py
[2024-12-06T22:21:50.914-0600] {logging_mixin.py:190} INFO - [2024-12-06T22:21:50.914-0600] {dag.py:3239} INFO - Sync 1 DAGs
[2024-12-06T22:21:50.928-0600] {logging_mixin.py:190} INFO - [2024-12-06T22:21:50.928-0600] {dag.py:4180} INFO - Setting next_dagrun for latest_only_with_trigger to 2024-12-07 00:00:00+00:00, run_after=2024-12-07 04:00:00+00:00
[2024-12-06T22:21:50.941-0600] {processor.py:208} INFO - Processing /home/m9d9v9/PycharmProjects/Airflow-2/Airflow-2/.venv/lib/python3.10/site-packages/airflow/example_dags/example_latest_only_with_trigger.py took 0.090 seconds
[2024-12-06T22:23:09.073-0600] {processor.py:186} INFO - Started process (PID=12930) to work on /home/m9d9v9/PycharmProjects/Airflow-2/Airflow-2/.venv/lib/python3.10/site-packages/airflow/example_dags/example_latest_only_with_trigger.py
[2024-12-06T22:23:09.074-0600] {processor.py:914} INFO - Processing file /home/m9d9v9/PycharmProjects/Airflow-2/Airflow-2/.venv/lib/python3.10/site-packages/airflow/example_dags/example_latest_only_with_trigger.py for tasks to queue
[2024-12-06T22:23:09.076-0600] {logging_mixin.py:190} INFO - [2024-12-06T22:23:09.076-0600] {dagbag.py:588} INFO - Filling up the DagBag from /home/m9d9v9/PycharmProjects/Airflow-2/Airflow-2/.venv/lib/python3.10/site-packages/airflow/example_dags/example_latest_only_with_trigger.py
[2024-12-06T22:23:09.083-0600] {processor.py:925} INFO - DAG(s) 'latest_only_with_trigger' retrieved from /home/m9d9v9/PycharmProjects/Airflow-2/Airflow-2/.venv/lib/python3.10/site-packages/airflow/example_dags/example_latest_only_with_trigger.py
[2024-12-06T22:23:09.098-0600] {logging_mixin.py:190} INFO - [2024-12-06T22:23:09.097-0600] {dag.py:3239} INFO - Sync 1 DAGs
[2024-12-06T22:23:09.115-0600] {logging_mixin.py:190} INFO - [2024-12-06T22:23:09.114-0600] {dag.py:4180} INFO - Setting next_dagrun for latest_only_with_trigger to 2024-12-07 00:00:00+00:00, run_after=2024-12-07 04:00:00+00:00
[2024-12-06T22:23:09.128-0600] {processor.py:208} INFO - Processing /home/m9d9v9/PycharmProjects/Airflow-2/Airflow-2/.venv/lib/python3.10/site-packages/airflow/example_dags/example_latest_only_with_trigger.py took 0.061 seconds
[2024-12-06T22:24:07.117-0600] {processor.py:186} INFO - Started process (PID=13003) to work on /home/m9d9v9/PycharmProjects/Airflow-2/Airflow-2/.venv/lib/python3.10/site-packages/airflow/example_dags/example_latest_only_with_trigger.py
[2024-12-06T22:24:07.123-0600] {processor.py:914} INFO - Processing file /home/m9d9v9/PycharmProjects/Airflow-2/Airflow-2/.venv/lib/python3.10/site-packages/airflow/example_dags/example_latest_only_with_trigger.py for tasks to queue
[2024-12-06T22:24:07.125-0600] {logging_mixin.py:190} INFO - [2024-12-06T22:24:07.124-0600] {dagbag.py:588} INFO - Filling up the DagBag from /home/m9d9v9/PycharmProjects/Airflow-2/Airflow-2/.venv/lib/python3.10/site-packages/airflow/example_dags/example_latest_only_with_trigger.py
[2024-12-06T22:24:07.131-0600] {processor.py:925} INFO - DAG(s) 'latest_only_with_trigger' retrieved from /home/m9d9v9/PycharmProjects/Airflow-2/Airflow-2/.venv/lib/python3.10/site-packages/airflow/example_dags/example_latest_only_with_trigger.py
[2024-12-06T22:24:07.143-0600] {logging_mixin.py:190} INFO - [2024-12-06T22:24:07.143-0600] {dag.py:3239} INFO - Sync 1 DAGs
[2024-12-06T22:24:07.156-0600] {logging_mixin.py:190} INFO - [2024-12-06T22:24:07.156-0600] {dag.py:4180} INFO - Setting next_dagrun for latest_only_with_trigger to 2024-12-07 00:00:00+00:00, run_after=2024-12-07 04:00:00+00:00
[2024-12-06T22:24:07.169-0600] {processor.py:208} INFO - Processing /home/m9d9v9/PycharmProjects/Airflow-2/Airflow-2/.venv/lib/python3.10/site-packages/airflow/example_dags/example_latest_only_with_trigger.py took 0.056 seconds
[2024-12-06T22:25:02.377-0600] {processor.py:186} INFO - Started process (PID=13085) to work on /home/m9d9v9/PycharmProjects/Airflow-2/Airflow-2/.venv/lib/python3.10/site-packages/airflow/example_dags/example_latest_only_with_trigger.py
[2024-12-06T22:25:02.383-0600] {processor.py:914} INFO - Processing file /home/m9d9v9/PycharmProjects/Airflow-2/Airflow-2/.venv/lib/python3.10/site-packages/airflow/example_dags/example_latest_only_with_trigger.py for tasks to queue
[2024-12-06T22:25:02.385-0600] {logging_mixin.py:190} INFO - [2024-12-06T22:25:02.385-0600] {dagbag.py:588} INFO - Filling up the DagBag from /home/m9d9v9/PycharmProjects/Airflow-2/Airflow-2/.venv/lib/python3.10/site-packages/airflow/example_dags/example_latest_only_with_trigger.py
[2024-12-06T22:25:02.391-0600] {processor.py:925} INFO - DAG(s) 'latest_only_with_trigger' retrieved from /home/m9d9v9/PycharmProjects/Airflow-2/Airflow-2/.venv/lib/python3.10/site-packages/airflow/example_dags/example_latest_only_with_trigger.py
[2024-12-06T22:25:02.403-0600] {logging_mixin.py:190} INFO - [2024-12-06T22:25:02.403-0600] {dag.py:3239} INFO - Sync 1 DAGs
[2024-12-06T22:25:02.416-0600] {logging_mixin.py:190} INFO - [2024-12-06T22:25:02.416-0600] {dag.py:4180} INFO - Setting next_dagrun for latest_only_with_trigger to 2024-12-07 00:00:00+00:00, run_after=2024-12-07 04:00:00+00:00
[2024-12-06T22:25:02.428-0600] {processor.py:208} INFO - Processing /home/m9d9v9/PycharmProjects/Airflow-2/Airflow-2/.venv/lib/python3.10/site-packages/airflow/example_dags/example_latest_only_with_trigger.py took 0.056 seconds
[2024-12-06T22:25:59.204-0600] {processor.py:186} INFO - Started process (PID=13169) to work on /home/m9d9v9/PycharmProjects/Airflow-2/Airflow-2/.venv/lib/python3.10/site-packages/airflow/example_dags/example_latest_only_with_trigger.py
[2024-12-06T22:25:59.205-0600] {processor.py:914} INFO - Processing file /home/m9d9v9/PycharmProjects/Airflow-2/Airflow-2/.venv/lib/python3.10/site-packages/airflow/example_dags/example_latest_only_with_trigger.py for tasks to queue
[2024-12-06T22:25:59.206-0600] {logging_mixin.py:190} INFO - [2024-12-06T22:25:59.206-0600] {dagbag.py:588} INFO - Filling up the DagBag from /home/m9d9v9/PycharmProjects/Airflow-2/Airflow-2/.venv/lib/python3.10/site-packages/airflow/example_dags/example_latest_only_with_trigger.py
[2024-12-06T22:25:59.215-0600] {processor.py:925} INFO - DAG(s) 'latest_only_with_trigger' retrieved from /home/m9d9v9/PycharmProjects/Airflow-2/Airflow-2/.venv/lib/python3.10/site-packages/airflow/example_dags/example_latest_only_with_trigger.py
[2024-12-06T22:25:59.229-0600] {logging_mixin.py:190} INFO - [2024-12-06T22:25:59.228-0600] {dag.py:3239} INFO - Sync 1 DAGs
[2024-12-06T22:25:59.245-0600] {logging_mixin.py:190} INFO - [2024-12-06T22:25:59.245-0600] {dag.py:4180} INFO - Setting next_dagrun for latest_only_with_trigger to 2024-12-07 00:00:00+00:00, run_after=2024-12-07 04:00:00+00:00
[2024-12-06T22:25:59.259-0600] {processor.py:208} INFO - Processing /home/m9d9v9/PycharmProjects/Airflow-2/Airflow-2/.venv/lib/python3.10/site-packages/airflow/example_dags/example_latest_only_with_trigger.py took 0.060 seconds
[2024-12-06T22:26:56.967-0600] {processor.py:186} INFO - Started process (PID=13243) to work on /home/m9d9v9/PycharmProjects/Airflow-2/Airflow-2/.venv/lib/python3.10/site-packages/airflow/example_dags/example_latest_only_with_trigger.py
[2024-12-06T22:26:56.973-0600] {processor.py:914} INFO - Processing file /home/m9d9v9/PycharmProjects/Airflow-2/Airflow-2/.venv/lib/python3.10/site-packages/airflow/example_dags/example_latest_only_with_trigger.py for tasks to queue
[2024-12-06T22:26:56.975-0600] {logging_mixin.py:190} INFO - [2024-12-06T22:26:56.974-0600] {dagbag.py:588} INFO - Filling up the DagBag from /home/m9d9v9/PycharmProjects/Airflow-2/Airflow-2/.venv/lib/python3.10/site-packages/airflow/example_dags/example_latest_only_with_trigger.py
[2024-12-06T22:26:56.983-0600] {processor.py:925} INFO - DAG(s) 'latest_only_with_trigger' retrieved from /home/m9d9v9/PycharmProjects/Airflow-2/Airflow-2/.venv/lib/python3.10/site-packages/airflow/example_dags/example_latest_only_with_trigger.py
[2024-12-06T22:26:57.002-0600] {logging_mixin.py:190} INFO - [2024-12-06T22:26:57.001-0600] {dag.py:3239} INFO - Sync 1 DAGs
[2024-12-06T22:26:57.019-0600] {logging_mixin.py:190} INFO - [2024-12-06T22:26:57.018-0600] {dag.py:4180} INFO - Setting next_dagrun for latest_only_with_trigger to 2024-12-07 00:00:00+00:00, run_after=2024-12-07 04:00:00+00:00
[2024-12-06T22:26:57.034-0600] {processor.py:208} INFO - Processing /home/m9d9v9/PycharmProjects/Airflow-2/Airflow-2/.venv/lib/python3.10/site-packages/airflow/example_dags/example_latest_only_with_trigger.py took 0.074 seconds
[2024-12-06T22:37:16.763-0600] {processor.py:186} INFO - Started process (PID=14632) to work on /home/m9d9v9/PycharmProjects/Airflow-2/Airflow-2/.venv/lib/python3.10/site-packages/airflow/example_dags/example_latest_only_with_trigger.py
[2024-12-06T22:37:16.769-0600] {processor.py:914} INFO - Processing file /home/m9d9v9/PycharmProjects/Airflow-2/Airflow-2/.venv/lib/python3.10/site-packages/airflow/example_dags/example_latest_only_with_trigger.py for tasks to queue
[2024-12-06T22:37:16.773-0600] {logging_mixin.py:190} INFO - [2024-12-06T22:37:16.772-0600] {dagbag.py:588} INFO - Filling up the DagBag from /home/m9d9v9/PycharmProjects/Airflow-2/Airflow-2/.venv/lib/python3.10/site-packages/airflow/example_dags/example_latest_only_with_trigger.py
[2024-12-06T22:37:16.790-0600] {processor.py:925} INFO - DAG(s) 'latest_only_with_trigger' retrieved from /home/m9d9v9/PycharmProjects/Airflow-2/Airflow-2/.venv/lib/python3.10/site-packages/airflow/example_dags/example_latest_only_with_trigger.py
[2024-12-06T22:37:16.806-0600] {logging_mixin.py:190} INFO - [2024-12-06T22:37:16.806-0600] {dag.py:3239} INFO - Sync 1 DAGs
[2024-12-06T22:37:16.825-0600] {logging_mixin.py:190} INFO - [2024-12-06T22:37:16.825-0600] {dag.py:4180} INFO - Setting next_dagrun for latest_only_with_trigger to 2024-12-07 00:00:00+00:00, run_after=2024-12-07 04:00:00+00:00
[2024-12-06T22:37:16.837-0600] {processor.py:208} INFO - Processing /home/m9d9v9/PycharmProjects/Airflow-2/Airflow-2/.venv/lib/python3.10/site-packages/airflow/example_dags/example_latest_only_with_trigger.py took 0.080 seconds
[2024-12-06T22:38:15.171-0600] {processor.py:186} INFO - Started process (PID=14740) to work on /home/m9d9v9/PycharmProjects/Airflow-2/Airflow-2/.venv/lib/python3.10/site-packages/airflow/example_dags/example_latest_only_with_trigger.py
[2024-12-06T22:38:15.180-0600] {processor.py:914} INFO - Processing file /home/m9d9v9/PycharmProjects/Airflow-2/Airflow-2/.venv/lib/python3.10/site-packages/airflow/example_dags/example_latest_only_with_trigger.py for tasks to queue
[2024-12-06T22:38:15.183-0600] {logging_mixin.py:190} INFO - [2024-12-06T22:38:15.182-0600] {dagbag.py:588} INFO - Filling up the DagBag from /home/m9d9v9/PycharmProjects/Airflow-2/Airflow-2/.venv/lib/python3.10/site-packages/airflow/example_dags/example_latest_only_with_trigger.py
[2024-12-06T22:38:15.191-0600] {processor.py:925} INFO - DAG(s) 'latest_only_with_trigger' retrieved from /home/m9d9v9/PycharmProjects/Airflow-2/Airflow-2/.venv/lib/python3.10/site-packages/airflow/example_dags/example_latest_only_with_trigger.py
[2024-12-06T22:38:15.210-0600] {logging_mixin.py:190} INFO - [2024-12-06T22:38:15.210-0600] {dag.py:3239} INFO - Sync 1 DAGs
[2024-12-06T22:38:15.227-0600] {logging_mixin.py:190} INFO - [2024-12-06T22:38:15.226-0600] {dag.py:4180} INFO - Setting next_dagrun for latest_only_with_trigger to 2024-12-07 00:00:00+00:00, run_after=2024-12-07 04:00:00+00:00
[2024-12-06T22:38:15.246-0600] {processor.py:208} INFO - Processing /home/m9d9v9/PycharmProjects/Airflow-2/Airflow-2/.venv/lib/python3.10/site-packages/airflow/example_dags/example_latest_only_with_trigger.py took 0.086 seconds
[2024-12-06T22:39:13.169-0600] {processor.py:186} INFO - Started process (PID=14853) to work on /home/m9d9v9/PycharmProjects/Airflow-2/Airflow-2/.venv/lib/python3.10/site-packages/airflow/example_dags/example_latest_only_with_trigger.py
[2024-12-06T22:39:13.175-0600] {processor.py:914} INFO - Processing file /home/m9d9v9/PycharmProjects/Airflow-2/Airflow-2/.venv/lib/python3.10/site-packages/airflow/example_dags/example_latest_only_with_trigger.py for tasks to queue
[2024-12-06T22:39:13.176-0600] {logging_mixin.py:190} INFO - [2024-12-06T22:39:13.176-0600] {dagbag.py:588} INFO - Filling up the DagBag from /home/m9d9v9/PycharmProjects/Airflow-2/Airflow-2/.venv/lib/python3.10/site-packages/airflow/example_dags/example_latest_only_with_trigger.py
[2024-12-06T22:39:13.182-0600] {processor.py:925} INFO - DAG(s) 'latest_only_with_trigger' retrieved from /home/m9d9v9/PycharmProjects/Airflow-2/Airflow-2/.venv/lib/python3.10/site-packages/airflow/example_dags/example_latest_only_with_trigger.py
[2024-12-06T22:39:13.194-0600] {logging_mixin.py:190} INFO - [2024-12-06T22:39:13.194-0600] {dag.py:3239} INFO - Sync 1 DAGs
[2024-12-06T22:39:13.207-0600] {logging_mixin.py:190} INFO - [2024-12-06T22:39:13.207-0600] {dag.py:4180} INFO - Setting next_dagrun for latest_only_with_trigger to 2024-12-07 00:00:00+00:00, run_after=2024-12-07 04:00:00+00:00
[2024-12-06T22:39:13.222-0600] {processor.py:208} INFO - Processing /home/m9d9v9/PycharmProjects/Airflow-2/Airflow-2/.venv/lib/python3.10/site-packages/airflow/example_dags/example_latest_only_with_trigger.py took 0.059 seconds
[2024-12-06T22:40:13.803-0600] {processor.py:186} INFO - Started process (PID=15040) to work on /home/m9d9v9/PycharmProjects/Airflow-2/Airflow-2/.venv/lib/python3.10/site-packages/airflow/example_dags/example_latest_only_with_trigger.py
[2024-12-06T22:40:13.809-0600] {processor.py:914} INFO - Processing file /home/m9d9v9/PycharmProjects/Airflow-2/Airflow-2/.venv/lib/python3.10/site-packages/airflow/example_dags/example_latest_only_with_trigger.py for tasks to queue
[2024-12-06T22:40:13.813-0600] {logging_mixin.py:190} INFO - [2024-12-06T22:40:13.812-0600] {dagbag.py:588} INFO - Filling up the DagBag from /home/m9d9v9/PycharmProjects/Airflow-2/Airflow-2/.venv/lib/python3.10/site-packages/airflow/example_dags/example_latest_only_with_trigger.py
[2024-12-06T22:40:13.827-0600] {processor.py:925} INFO - DAG(s) 'latest_only_with_trigger' retrieved from /home/m9d9v9/PycharmProjects/Airflow-2/Airflow-2/.venv/lib/python3.10/site-packages/airflow/example_dags/example_latest_only_with_trigger.py
[2024-12-06T22:40:13.855-0600] {logging_mixin.py:190} INFO - [2024-12-06T22:40:13.855-0600] {dag.py:3239} INFO - Sync 1 DAGs
[2024-12-06T22:40:13.868-0600] {logging_mixin.py:190} INFO - [2024-12-06T22:40:13.868-0600] {dag.py:4180} INFO - Setting next_dagrun for latest_only_with_trigger to 2024-12-07 00:00:00+00:00, run_after=2024-12-07 04:00:00+00:00
[2024-12-06T22:40:13.882-0600] {processor.py:208} INFO - Processing /home/m9d9v9/PycharmProjects/Airflow-2/Airflow-2/.venv/lib/python3.10/site-packages/airflow/example_dags/example_latest_only_with_trigger.py took 0.085 seconds
[2024-12-06T22:41:14.983-0600] {processor.py:186} INFO - Started process (PID=15161) to work on /home/m9d9v9/PycharmProjects/Airflow-2/Airflow-2/.venv/lib/python3.10/site-packages/airflow/example_dags/example_latest_only_with_trigger.py
[2024-12-06T22:41:14.984-0600] {processor.py:914} INFO - Processing file /home/m9d9v9/PycharmProjects/Airflow-2/Airflow-2/.venv/lib/python3.10/site-packages/airflow/example_dags/example_latest_only_with_trigger.py for tasks to queue
[2024-12-06T22:41:14.988-0600] {logging_mixin.py:190} INFO - [2024-12-06T22:41:14.987-0600] {dagbag.py:588} INFO - Filling up the DagBag from /home/m9d9v9/PycharmProjects/Airflow-2/Airflow-2/.venv/lib/python3.10/site-packages/airflow/example_dags/example_latest_only_with_trigger.py
[2024-12-06T22:41:15.005-0600] {processor.py:925} INFO - DAG(s) 'latest_only_with_trigger' retrieved from /home/m9d9v9/PycharmProjects/Airflow-2/Airflow-2/.venv/lib/python3.10/site-packages/airflow/example_dags/example_latest_only_with_trigger.py
[2024-12-06T22:41:15.030-0600] {logging_mixin.py:190} INFO - [2024-12-06T22:41:15.030-0600] {dag.py:3239} INFO - Sync 1 DAGs
[2024-12-06T22:41:15.045-0600] {logging_mixin.py:190} INFO - [2024-12-06T22:41:15.045-0600] {dag.py:4180} INFO - Setting next_dagrun for latest_only_with_trigger to 2024-12-07 00:00:00+00:00, run_after=2024-12-07 04:00:00+00:00
[2024-12-06T22:41:15.058-0600] {processor.py:208} INFO - Processing /home/m9d9v9/PycharmProjects/Airflow-2/Airflow-2/.venv/lib/python3.10/site-packages/airflow/example_dags/example_latest_only_with_trigger.py took 0.083 seconds
[2024-12-06T23:25:23.920-0600] {processor.py:186} INFO - Started process (PID=17278) to work on /home/m9d9v9/PycharmProjects/Airflow-2/Airflow-2/.venv/lib/python3.10/site-packages/airflow/example_dags/example_latest_only_with_trigger.py
[2024-12-06T23:25:23.926-0600] {processor.py:914} INFO - Processing file /home/m9d9v9/PycharmProjects/Airflow-2/Airflow-2/.venv/lib/python3.10/site-packages/airflow/example_dags/example_latest_only_with_trigger.py for tasks to queue
[2024-12-06T23:25:23.928-0600] {logging_mixin.py:190} INFO - [2024-12-06T23:25:23.928-0600] {dagbag.py:588} INFO - Filling up the DagBag from /home/m9d9v9/PycharmProjects/Airflow-2/Airflow-2/.venv/lib/python3.10/site-packages/airflow/example_dags/example_latest_only_with_trigger.py
[2024-12-06T23:25:23.933-0600] {processor.py:925} INFO - DAG(s) 'latest_only_with_trigger' retrieved from /home/m9d9v9/PycharmProjects/Airflow-2/Airflow-2/.venv/lib/python3.10/site-packages/airflow/example_dags/example_latest_only_with_trigger.py
[2024-12-06T23:25:23.942-0600] {logging_mixin.py:190} INFO - [2024-12-06T23:25:23.942-0600] {dag.py:3239} INFO - Sync 1 DAGs
[2024-12-06T23:25:23.953-0600] {logging_mixin.py:190} INFO - [2024-12-06T23:25:23.953-0600] {dag.py:4180} INFO - Setting next_dagrun for latest_only_with_trigger to 2024-12-07 00:00:00+00:00, run_after=2024-12-07 04:00:00+00:00
[2024-12-06T23:25:23.964-0600] {processor.py:208} INFO - Processing /home/m9d9v9/PycharmProjects/Airflow-2/Airflow-2/.venv/lib/python3.10/site-packages/airflow/example_dags/example_latest_only_with_trigger.py took 0.050 seconds
[2024-12-06T23:26:22.075-0600] {processor.py:186} INFO - Started process (PID=17398) to work on /home/m9d9v9/PycharmProjects/Airflow-2/Airflow-2/.venv/lib/python3.10/site-packages/airflow/example_dags/example_latest_only_with_trigger.py
[2024-12-06T23:26:22.081-0600] {processor.py:914} INFO - Processing file /home/m9d9v9/PycharmProjects/Airflow-2/Airflow-2/.venv/lib/python3.10/site-packages/airflow/example_dags/example_latest_only_with_trigger.py for tasks to queue
[2024-12-06T23:26:22.082-0600] {logging_mixin.py:190} INFO - [2024-12-06T23:26:22.082-0600] {dagbag.py:588} INFO - Filling up the DagBag from /home/m9d9v9/PycharmProjects/Airflow-2/Airflow-2/.venv/lib/python3.10/site-packages/airflow/example_dags/example_latest_only_with_trigger.py
[2024-12-06T23:26:22.088-0600] {processor.py:925} INFO - DAG(s) 'latest_only_with_trigger' retrieved from /home/m9d9v9/PycharmProjects/Airflow-2/Airflow-2/.venv/lib/python3.10/site-packages/airflow/example_dags/example_latest_only_with_trigger.py
[2024-12-06T23:26:22.098-0600] {logging_mixin.py:190} INFO - [2024-12-06T23:26:22.097-0600] {dag.py:3239} INFO - Sync 1 DAGs
[2024-12-06T23:26:22.109-0600] {logging_mixin.py:190} INFO - [2024-12-06T23:26:22.108-0600] {dag.py:4180} INFO - Setting next_dagrun for latest_only_with_trigger to 2024-12-07 00:00:00+00:00, run_after=2024-12-07 04:00:00+00:00
[2024-12-06T23:26:22.119-0600] {processor.py:208} INFO - Processing /home/m9d9v9/PycharmProjects/Airflow-2/Airflow-2/.venv/lib/python3.10/site-packages/airflow/example_dags/example_latest_only_with_trigger.py took 0.047 seconds
[2024-12-06T23:27:19.963-0600] {processor.py:186} INFO - Started process (PID=17471) to work on /home/m9d9v9/PycharmProjects/Airflow-2/Airflow-2/.venv/lib/python3.10/site-packages/airflow/example_dags/example_latest_only_with_trigger.py
[2024-12-06T23:27:19.964-0600] {processor.py:914} INFO - Processing file /home/m9d9v9/PycharmProjects/Airflow-2/Airflow-2/.venv/lib/python3.10/site-packages/airflow/example_dags/example_latest_only_with_trigger.py for tasks to queue
[2024-12-06T23:27:19.966-0600] {logging_mixin.py:190} INFO - [2024-12-06T23:27:19.966-0600] {dagbag.py:588} INFO - Filling up the DagBag from /home/m9d9v9/PycharmProjects/Airflow-2/Airflow-2/.venv/lib/python3.10/site-packages/airflow/example_dags/example_latest_only_with_trigger.py
[2024-12-06T23:27:19.979-0600] {processor.py:925} INFO - DAG(s) 'latest_only_with_trigger' retrieved from /home/m9d9v9/PycharmProjects/Airflow-2/Airflow-2/.venv/lib/python3.10/site-packages/airflow/example_dags/example_latest_only_with_trigger.py
[2024-12-06T23:27:19.999-0600] {logging_mixin.py:190} INFO - [2024-12-06T23:27:19.998-0600] {dag.py:3239} INFO - Sync 1 DAGs
[2024-12-06T23:27:20.017-0600] {logging_mixin.py:190} INFO - [2024-12-06T23:27:20.017-0600] {dag.py:4180} INFO - Setting next_dagrun for latest_only_with_trigger to 2024-12-07 00:00:00+00:00, run_after=2024-12-07 04:00:00+00:00
[2024-12-06T23:27:20.036-0600] {processor.py:208} INFO - Processing /home/m9d9v9/PycharmProjects/Airflow-2/Airflow-2/.venv/lib/python3.10/site-packages/airflow/example_dags/example_latest_only_with_trigger.py took 0.080 seconds
[2024-12-06T23:28:17.197-0600] {processor.py:186} INFO - Started process (PID=17574) to work on /home/m9d9v9/PycharmProjects/Airflow-2/Airflow-2/.venv/lib/python3.10/site-packages/airflow/example_dags/example_latest_only_with_trigger.py
[2024-12-06T23:28:17.203-0600] {processor.py:914} INFO - Processing file /home/m9d9v9/PycharmProjects/Airflow-2/Airflow-2/.venv/lib/python3.10/site-packages/airflow/example_dags/example_latest_only_with_trigger.py for tasks to queue
[2024-12-06T23:28:17.205-0600] {logging_mixin.py:190} INFO - [2024-12-06T23:28:17.204-0600] {dagbag.py:588} INFO - Filling up the DagBag from /home/m9d9v9/PycharmProjects/Airflow-2/Airflow-2/.venv/lib/python3.10/site-packages/airflow/example_dags/example_latest_only_with_trigger.py
[2024-12-06T23:28:17.210-0600] {processor.py:925} INFO - DAG(s) 'latest_only_with_trigger' retrieved from /home/m9d9v9/PycharmProjects/Airflow-2/Airflow-2/.venv/lib/python3.10/site-packages/airflow/example_dags/example_latest_only_with_trigger.py
[2024-12-06T23:28:17.220-0600] {logging_mixin.py:190} INFO - [2024-12-06T23:28:17.220-0600] {dag.py:3239} INFO - Sync 1 DAGs
[2024-12-06T23:28:17.232-0600] {logging_mixin.py:190} INFO - [2024-12-06T23:28:17.232-0600] {dag.py:4180} INFO - Setting next_dagrun for latest_only_with_trigger to 2024-12-07 00:00:00+00:00, run_after=2024-12-07 04:00:00+00:00
[2024-12-06T23:28:17.244-0600] {processor.py:208} INFO - Processing /home/m9d9v9/PycharmProjects/Airflow-2/Airflow-2/.venv/lib/python3.10/site-packages/airflow/example_dags/example_latest_only_with_trigger.py took 0.052 seconds
[2024-12-06T23:29:13.651-0600] {processor.py:186} INFO - Started process (PID=17716) to work on /home/m9d9v9/PycharmProjects/Airflow-2/Airflow-2/.venv/lib/python3.10/site-packages/airflow/example_dags/example_latest_only_with_trigger.py
[2024-12-06T23:29:13.657-0600] {processor.py:914} INFO - Processing file /home/m9d9v9/PycharmProjects/Airflow-2/Airflow-2/.venv/lib/python3.10/site-packages/airflow/example_dags/example_latest_only_with_trigger.py for tasks to queue
[2024-12-06T23:29:13.660-0600] {logging_mixin.py:190} INFO - [2024-12-06T23:29:13.659-0600] {dagbag.py:588} INFO - Filling up the DagBag from /home/m9d9v9/PycharmProjects/Airflow-2/Airflow-2/.venv/lib/python3.10/site-packages/airflow/example_dags/example_latest_only_with_trigger.py
[2024-12-06T23:29:13.668-0600] {processor.py:925} INFO - DAG(s) 'latest_only_with_trigger' retrieved from /home/m9d9v9/PycharmProjects/Airflow-2/Airflow-2/.venv/lib/python3.10/site-packages/airflow/example_dags/example_latest_only_with_trigger.py
[2024-12-06T23:29:13.678-0600] {logging_mixin.py:190} INFO - [2024-12-06T23:29:13.678-0600] {dag.py:3239} INFO - Sync 1 DAGs
[2024-12-06T23:29:13.691-0600] {logging_mixin.py:190} INFO - [2024-12-06T23:29:13.691-0600] {dag.py:4180} INFO - Setting next_dagrun for latest_only_with_trigger to 2024-12-07 00:00:00+00:00, run_after=2024-12-07 04:00:00+00:00
[2024-12-06T23:29:13.703-0600] {processor.py:208} INFO - Processing /home/m9d9v9/PycharmProjects/Airflow-2/Airflow-2/.venv/lib/python3.10/site-packages/airflow/example_dags/example_latest_only_with_trigger.py took 0.056 seconds
[2024-12-06T23:30:10.054-0600] {processor.py:186} INFO - Started process (PID=17805) to work on /home/m9d9v9/PycharmProjects/Airflow-2/Airflow-2/.venv/lib/python3.10/site-packages/airflow/example_dags/example_latest_only_with_trigger.py
[2024-12-06T23:30:10.060-0600] {processor.py:914} INFO - Processing file /home/m9d9v9/PycharmProjects/Airflow-2/Airflow-2/.venv/lib/python3.10/site-packages/airflow/example_dags/example_latest_only_with_trigger.py for tasks to queue
[2024-12-06T23:30:10.061-0600] {logging_mixin.py:190} INFO - [2024-12-06T23:30:10.060-0600] {dagbag.py:588} INFO - Filling up the DagBag from /home/m9d9v9/PycharmProjects/Airflow-2/Airflow-2/.venv/lib/python3.10/site-packages/airflow/example_dags/example_latest_only_with_trigger.py
[2024-12-06T23:30:10.067-0600] {processor.py:925} INFO - DAG(s) 'latest_only_with_trigger' retrieved from /home/m9d9v9/PycharmProjects/Airflow-2/Airflow-2/.venv/lib/python3.10/site-packages/airflow/example_dags/example_latest_only_with_trigger.py
[2024-12-06T23:30:10.079-0600] {logging_mixin.py:190} INFO - [2024-12-06T23:30:10.079-0600] {dag.py:3239} INFO - Sync 1 DAGs
[2024-12-06T23:30:10.095-0600] {logging_mixin.py:190} INFO - [2024-12-06T23:30:10.095-0600] {dag.py:4180} INFO - Setting next_dagrun for latest_only_with_trigger to 2024-12-07 00:00:00+00:00, run_after=2024-12-07 04:00:00+00:00
[2024-12-06T23:30:10.106-0600] {processor.py:208} INFO - Processing /home/m9d9v9/PycharmProjects/Airflow-2/Airflow-2/.venv/lib/python3.10/site-packages/airflow/example_dags/example_latest_only_with_trigger.py took 0.059 seconds
[2024-12-06T23:31:06.276-0600] {processor.py:186} INFO - Started process (PID=17912) to work on /home/m9d9v9/PycharmProjects/Airflow-2/Airflow-2/.venv/lib/python3.10/site-packages/airflow/example_dags/example_latest_only_with_trigger.py
[2024-12-06T23:31:06.283-0600] {processor.py:914} INFO - Processing file /home/m9d9v9/PycharmProjects/Airflow-2/Airflow-2/.venv/lib/python3.10/site-packages/airflow/example_dags/example_latest_only_with_trigger.py for tasks to queue
[2024-12-06T23:31:06.286-0600] {logging_mixin.py:190} INFO - [2024-12-06T23:31:06.285-0600] {dagbag.py:588} INFO - Filling up the DagBag from /home/m9d9v9/PycharmProjects/Airflow-2/Airflow-2/.venv/lib/python3.10/site-packages/airflow/example_dags/example_latest_only_with_trigger.py
[2024-12-06T23:31:06.303-0600] {processor.py:925} INFO - DAG(s) 'latest_only_with_trigger' retrieved from /home/m9d9v9/PycharmProjects/Airflow-2/Airflow-2/.venv/lib/python3.10/site-packages/airflow/example_dags/example_latest_only_with_trigger.py
[2024-12-06T23:31:06.328-0600] {logging_mixin.py:190} INFO - [2024-12-06T23:31:06.327-0600] {dag.py:3239} INFO - Sync 1 DAGs
[2024-12-06T23:31:06.339-0600] {logging_mixin.py:190} INFO - [2024-12-06T23:31:06.339-0600] {dag.py:4180} INFO - Setting next_dagrun for latest_only_with_trigger to 2024-12-07 00:00:00+00:00, run_after=2024-12-07 04:00:00+00:00
[2024-12-06T23:31:06.351-0600] {processor.py:208} INFO - Processing /home/m9d9v9/PycharmProjects/Airflow-2/Airflow-2/.venv/lib/python3.10/site-packages/airflow/example_dags/example_latest_only_with_trigger.py took 0.086 seconds
[2024-12-06T23:32:06.207-0600] {processor.py:186} INFO - Started process (PID=18017) to work on /home/m9d9v9/PycharmProjects/Airflow-2/Airflow-2/.venv/lib/python3.10/site-packages/airflow/example_dags/example_latest_only_with_trigger.py
[2024-12-06T23:32:06.214-0600] {processor.py:914} INFO - Processing file /home/m9d9v9/PycharmProjects/Airflow-2/Airflow-2/.venv/lib/python3.10/site-packages/airflow/example_dags/example_latest_only_with_trigger.py for tasks to queue
[2024-12-06T23:32:06.216-0600] {logging_mixin.py:190} INFO - [2024-12-06T23:32:06.215-0600] {dagbag.py:588} INFO - Filling up the DagBag from /home/m9d9v9/PycharmProjects/Airflow-2/Airflow-2/.venv/lib/python3.10/site-packages/airflow/example_dags/example_latest_only_with_trigger.py
[2024-12-06T23:32:06.233-0600] {processor.py:925} INFO - DAG(s) 'latest_only_with_trigger' retrieved from /home/m9d9v9/PycharmProjects/Airflow-2/Airflow-2/.venv/lib/python3.10/site-packages/airflow/example_dags/example_latest_only_with_trigger.py
[2024-12-06T23:32:06.256-0600] {logging_mixin.py:190} INFO - [2024-12-06T23:32:06.256-0600] {dag.py:3239} INFO - Sync 1 DAGs
[2024-12-06T23:32:06.267-0600] {logging_mixin.py:190} INFO - [2024-12-06T23:32:06.267-0600] {dag.py:4180} INFO - Setting next_dagrun for latest_only_with_trigger to 2024-12-07 00:00:00+00:00, run_after=2024-12-07 04:00:00+00:00
[2024-12-06T23:32:06.373-0600] {processor.py:208} INFO - Processing /home/m9d9v9/PycharmProjects/Airflow-2/Airflow-2/.venv/lib/python3.10/site-packages/airflow/example_dags/example_latest_only_with_trigger.py took 0.177 seconds
[2024-12-06T23:33:01.936-0600] {processor.py:186} INFO - Started process (PID=18091) to work on /home/m9d9v9/PycharmProjects/Airflow-2/Airflow-2/.venv/lib/python3.10/site-packages/airflow/example_dags/example_latest_only_with_trigger.py
[2024-12-06T23:33:01.943-0600] {processor.py:914} INFO - Processing file /home/m9d9v9/PycharmProjects/Airflow-2/Airflow-2/.venv/lib/python3.10/site-packages/airflow/example_dags/example_latest_only_with_trigger.py for tasks to queue
[2024-12-06T23:33:01.945-0600] {logging_mixin.py:190} INFO - [2024-12-06T23:33:01.944-0600] {dagbag.py:588} INFO - Filling up the DagBag from /home/m9d9v9/PycharmProjects/Airflow-2/Airflow-2/.venv/lib/python3.10/site-packages/airflow/example_dags/example_latest_only_with_trigger.py
[2024-12-06T23:33:01.961-0600] {processor.py:925} INFO - DAG(s) 'latest_only_with_trigger' retrieved from /home/m9d9v9/PycharmProjects/Airflow-2/Airflow-2/.venv/lib/python3.10/site-packages/airflow/example_dags/example_latest_only_with_trigger.py
[2024-12-06T23:33:01.984-0600] {logging_mixin.py:190} INFO - [2024-12-06T23:33:01.984-0600] {dag.py:3239} INFO - Sync 1 DAGs
[2024-12-06T23:33:01.995-0600] {logging_mixin.py:190} INFO - [2024-12-06T23:33:01.995-0600] {dag.py:4180} INFO - Setting next_dagrun for latest_only_with_trigger to 2024-12-07 00:00:00+00:00, run_after=2024-12-07 04:00:00+00:00
[2024-12-06T23:33:02.006-0600] {processor.py:208} INFO - Processing /home/m9d9v9/PycharmProjects/Airflow-2/Airflow-2/.venv/lib/python3.10/site-packages/airflow/example_dags/example_latest_only_with_trigger.py took 0.080 seconds
[2024-12-06T23:33:58.586-0600] {processor.py:186} INFO - Started process (PID=18159) to work on /home/m9d9v9/PycharmProjects/Airflow-2/Airflow-2/.venv/lib/python3.10/site-packages/airflow/example_dags/example_latest_only_with_trigger.py
[2024-12-06T23:33:58.593-0600] {processor.py:914} INFO - Processing file /home/m9d9v9/PycharmProjects/Airflow-2/Airflow-2/.venv/lib/python3.10/site-packages/airflow/example_dags/example_latest_only_with_trigger.py for tasks to queue
[2024-12-06T23:33:58.594-0600] {logging_mixin.py:190} INFO - [2024-12-06T23:33:58.593-0600] {dagbag.py:588} INFO - Filling up the DagBag from /home/m9d9v9/PycharmProjects/Airflow-2/Airflow-2/.venv/lib/python3.10/site-packages/airflow/example_dags/example_latest_only_with_trigger.py
[2024-12-06T23:33:58.606-0600] {processor.py:925} INFO - DAG(s) 'latest_only_with_trigger' retrieved from /home/m9d9v9/PycharmProjects/Airflow-2/Airflow-2/.venv/lib/python3.10/site-packages/airflow/example_dags/example_latest_only_with_trigger.py
[2024-12-06T23:33:58.634-0600] {logging_mixin.py:190} INFO - [2024-12-06T23:33:58.634-0600] {dag.py:3239} INFO - Sync 1 DAGs
[2024-12-06T23:33:58.646-0600] {logging_mixin.py:190} INFO - [2024-12-06T23:33:58.645-0600] {dag.py:4180} INFO - Setting next_dagrun for latest_only_with_trigger to 2024-12-07 00:00:00+00:00, run_after=2024-12-07 04:00:00+00:00
[2024-12-06T23:33:58.657-0600] {processor.py:208} INFO - Processing /home/m9d9v9/PycharmProjects/Airflow-2/Airflow-2/.venv/lib/python3.10/site-packages/airflow/example_dags/example_latest_only_with_trigger.py took 0.082 seconds
[2024-12-06T23:34:58.495-0600] {processor.py:186} INFO - Started process (PID=18288) to work on /home/m9d9v9/PycharmProjects/Airflow-2/Airflow-2/.venv/lib/python3.10/site-packages/airflow/example_dags/example_latest_only_with_trigger.py
[2024-12-06T23:34:58.501-0600] {processor.py:914} INFO - Processing file /home/m9d9v9/PycharmProjects/Airflow-2/Airflow-2/.venv/lib/python3.10/site-packages/airflow/example_dags/example_latest_only_with_trigger.py for tasks to queue
[2024-12-06T23:34:58.502-0600] {logging_mixin.py:190} INFO - [2024-12-06T23:34:58.502-0600] {dagbag.py:588} INFO - Filling up the DagBag from /home/m9d9v9/PycharmProjects/Airflow-2/Airflow-2/.venv/lib/python3.10/site-packages/airflow/example_dags/example_latest_only_with_trigger.py
[2024-12-06T23:34:58.508-0600] {processor.py:925} INFO - DAG(s) 'latest_only_with_trigger' retrieved from /home/m9d9v9/PycharmProjects/Airflow-2/Airflow-2/.venv/lib/python3.10/site-packages/airflow/example_dags/example_latest_only_with_trigger.py
[2024-12-06T23:34:58.520-0600] {logging_mixin.py:190} INFO - [2024-12-06T23:34:58.520-0600] {dag.py:3239} INFO - Sync 1 DAGs
[2024-12-06T23:34:58.531-0600] {logging_mixin.py:190} INFO - [2024-12-06T23:34:58.531-0600] {dag.py:4180} INFO - Setting next_dagrun for latest_only_with_trigger to 2024-12-07 00:00:00+00:00, run_after=2024-12-07 04:00:00+00:00
[2024-12-06T23:34:58.544-0600] {processor.py:208} INFO - Processing /home/m9d9v9/PycharmProjects/Airflow-2/Airflow-2/.venv/lib/python3.10/site-packages/airflow/example_dags/example_latest_only_with_trigger.py took 0.053 seconds
[2024-12-06T23:36:02.193-0600] {processor.py:186} INFO - Started process (PID=18368) to work on /home/m9d9v9/PycharmProjects/Airflow-2/Airflow-2/.venv/lib/python3.10/site-packages/airflow/example_dags/example_latest_only_with_trigger.py
[2024-12-06T23:36:02.199-0600] {processor.py:914} INFO - Processing file /home/m9d9v9/PycharmProjects/Airflow-2/Airflow-2/.venv/lib/python3.10/site-packages/airflow/example_dags/example_latest_only_with_trigger.py for tasks to queue
[2024-12-06T23:36:02.203-0600] {logging_mixin.py:190} INFO - [2024-12-06T23:36:02.202-0600] {dagbag.py:588} INFO - Filling up the DagBag from /home/m9d9v9/PycharmProjects/Airflow-2/Airflow-2/.venv/lib/python3.10/site-packages/airflow/example_dags/example_latest_only_with_trigger.py
[2024-12-06T23:36:02.219-0600] {processor.py:925} INFO - DAG(s) 'latest_only_with_trigger' retrieved from /home/m9d9v9/PycharmProjects/Airflow-2/Airflow-2/.venv/lib/python3.10/site-packages/airflow/example_dags/example_latest_only_with_trigger.py
[2024-12-06T23:36:02.241-0600] {logging_mixin.py:190} INFO - [2024-12-06T23:36:02.241-0600] {dag.py:3239} INFO - Sync 1 DAGs
[2024-12-06T23:36:02.341-0600] {logging_mixin.py:190} INFO - [2024-12-06T23:36:02.341-0600] {dag.py:4180} INFO - Setting next_dagrun for latest_only_with_trigger to 2024-12-07 00:00:00+00:00, run_after=2024-12-07 04:00:00+00:00
[2024-12-06T23:36:02.357-0600] {processor.py:208} INFO - Processing /home/m9d9v9/PycharmProjects/Airflow-2/Airflow-2/.venv/lib/python3.10/site-packages/airflow/example_dags/example_latest_only_with_trigger.py took 0.175 seconds
[2024-12-06T23:37:03.488-0600] {processor.py:186} INFO - Started process (PID=18500) to work on /home/m9d9v9/PycharmProjects/Airflow-2/Airflow-2/.venv/lib/python3.10/site-packages/airflow/example_dags/example_latest_only_with_trigger.py
[2024-12-06T23:37:03.495-0600] {processor.py:914} INFO - Processing file /home/m9d9v9/PycharmProjects/Airflow-2/Airflow-2/.venv/lib/python3.10/site-packages/airflow/example_dags/example_latest_only_with_trigger.py for tasks to queue
[2024-12-06T23:37:03.497-0600] {logging_mixin.py:190} INFO - [2024-12-06T23:37:03.497-0600] {dagbag.py:588} INFO - Filling up the DagBag from /home/m9d9v9/PycharmProjects/Airflow-2/Airflow-2/.venv/lib/python3.10/site-packages/airflow/example_dags/example_latest_only_with_trigger.py
[2024-12-06T23:37:03.514-0600] {processor.py:925} INFO - DAG(s) 'latest_only_with_trigger' retrieved from /home/m9d9v9/PycharmProjects/Airflow-2/Airflow-2/.venv/lib/python3.10/site-packages/airflow/example_dags/example_latest_only_with_trigger.py
[2024-12-06T23:37:03.540-0600] {logging_mixin.py:190} INFO - [2024-12-06T23:37:03.539-0600] {dag.py:3239} INFO - Sync 1 DAGs
[2024-12-06T23:37:03.551-0600] {logging_mixin.py:190} INFO - [2024-12-06T23:37:03.551-0600] {dag.py:4180} INFO - Setting next_dagrun for latest_only_with_trigger to 2024-12-07 00:00:00+00:00, run_after=2024-12-07 04:00:00+00:00
[2024-12-06T23:37:03.658-0600] {processor.py:208} INFO - Processing /home/m9d9v9/PycharmProjects/Airflow-2/Airflow-2/.venv/lib/python3.10/site-packages/airflow/example_dags/example_latest_only_with_trigger.py took 0.181 seconds
[2024-12-06T23:38:03.375-0600] {processor.py:186} INFO - Started process (PID=18762) to work on /home/m9d9v9/PycharmProjects/Airflow-2/Airflow-2/.venv/lib/python3.10/site-packages/airflow/example_dags/example_latest_only_with_trigger.py
[2024-12-06T23:38:03.382-0600] {processor.py:914} INFO - Processing file /home/m9d9v9/PycharmProjects/Airflow-2/Airflow-2/.venv/lib/python3.10/site-packages/airflow/example_dags/example_latest_only_with_trigger.py for tasks to queue
[2024-12-06T23:38:03.385-0600] {logging_mixin.py:190} INFO - [2024-12-06T23:38:03.384-0600] {dagbag.py:588} INFO - Filling up the DagBag from /home/m9d9v9/PycharmProjects/Airflow-2/Airflow-2/.venv/lib/python3.10/site-packages/airflow/example_dags/example_latest_only_with_trigger.py
[2024-12-06T23:38:03.400-0600] {processor.py:925} INFO - DAG(s) 'latest_only_with_trigger' retrieved from /home/m9d9v9/PycharmProjects/Airflow-2/Airflow-2/.venv/lib/python3.10/site-packages/airflow/example_dags/example_latest_only_with_trigger.py
[2024-12-06T23:38:03.424-0600] {logging_mixin.py:190} INFO - [2024-12-06T23:38:03.424-0600] {dag.py:3239} INFO - Sync 1 DAGs
[2024-12-06T23:38:03.435-0600] {logging_mixin.py:190} INFO - [2024-12-06T23:38:03.434-0600] {dag.py:4180} INFO - Setting next_dagrun for latest_only_with_trigger to 2024-12-07 00:00:00+00:00, run_after=2024-12-07 04:00:00+00:00
[2024-12-06T23:38:03.445-0600] {processor.py:208} INFO - Processing /home/m9d9v9/PycharmProjects/Airflow-2/Airflow-2/.venv/lib/python3.10/site-packages/airflow/example_dags/example_latest_only_with_trigger.py took 0.081 seconds
[2024-12-06T23:39:10.944-0600] {processor.py:186} INFO - Started process (PID=18904) to work on /home/m9d9v9/PycharmProjects/Airflow-2/Airflow-2/.venv/lib/python3.10/site-packages/airflow/example_dags/example_latest_only_with_trigger.py
[2024-12-06T23:39:10.950-0600] {processor.py:914} INFO - Processing file /home/m9d9v9/PycharmProjects/Airflow-2/Airflow-2/.venv/lib/python3.10/site-packages/airflow/example_dags/example_latest_only_with_trigger.py for tasks to queue
[2024-12-06T23:39:10.952-0600] {logging_mixin.py:190} INFO - [2024-12-06T23:39:10.952-0600] {dagbag.py:588} INFO - Filling up the DagBag from /home/m9d9v9/PycharmProjects/Airflow-2/Airflow-2/.venv/lib/python3.10/site-packages/airflow/example_dags/example_latest_only_with_trigger.py
[2024-12-06T23:39:10.961-0600] {processor.py:925} INFO - DAG(s) 'latest_only_with_trigger' retrieved from /home/m9d9v9/PycharmProjects/Airflow-2/Airflow-2/.venv/lib/python3.10/site-packages/airflow/example_dags/example_latest_only_with_trigger.py
[2024-12-06T23:39:10.978-0600] {logging_mixin.py:190} INFO - [2024-12-06T23:39:10.978-0600] {dag.py:3239} INFO - Sync 1 DAGs
[2024-12-06T23:39:10.996-0600] {logging_mixin.py:190} INFO - [2024-12-06T23:39:10.996-0600] {dag.py:4180} INFO - Setting next_dagrun for latest_only_with_trigger to 2024-12-07 00:00:00+00:00, run_after=2024-12-07 04:00:00+00:00
[2024-12-06T23:39:11.009-0600] {processor.py:208} INFO - Processing /home/m9d9v9/PycharmProjects/Airflow-2/Airflow-2/.venv/lib/python3.10/site-packages/airflow/example_dags/example_latest_only_with_trigger.py took 0.074 seconds
[2024-12-06T23:40:07.449-0600] {processor.py:186} INFO - Started process (PID=19199) to work on /home/m9d9v9/PycharmProjects/Airflow-2/Airflow-2/.venv/lib/python3.10/site-packages/airflow/example_dags/example_latest_only_with_trigger.py
[2024-12-06T23:40:07.451-0600] {processor.py:914} INFO - Processing file /home/m9d9v9/PycharmProjects/Airflow-2/Airflow-2/.venv/lib/python3.10/site-packages/airflow/example_dags/example_latest_only_with_trigger.py for tasks to queue
[2024-12-06T23:40:07.453-0600] {logging_mixin.py:190} INFO - [2024-12-06T23:40:07.452-0600] {dagbag.py:588} INFO - Filling up the DagBag from /home/m9d9v9/PycharmProjects/Airflow-2/Airflow-2/.venv/lib/python3.10/site-packages/airflow/example_dags/example_latest_only_with_trigger.py
[2024-12-06T23:40:07.460-0600] {processor.py:925} INFO - DAG(s) 'latest_only_with_trigger' retrieved from /home/m9d9v9/PycharmProjects/Airflow-2/Airflow-2/.venv/lib/python3.10/site-packages/airflow/example_dags/example_latest_only_with_trigger.py
[2024-12-06T23:40:07.474-0600] {logging_mixin.py:190} INFO - [2024-12-06T23:40:07.474-0600] {dag.py:3239} INFO - Sync 1 DAGs
[2024-12-06T23:40:07.489-0600] {logging_mixin.py:190} INFO - [2024-12-06T23:40:07.489-0600] {dag.py:4180} INFO - Setting next_dagrun for latest_only_with_trigger to 2024-12-07 00:00:00+00:00, run_after=2024-12-07 04:00:00+00:00
[2024-12-06T23:40:07.502-0600] {processor.py:208} INFO - Processing /home/m9d9v9/PycharmProjects/Airflow-2/Airflow-2/.venv/lib/python3.10/site-packages/airflow/example_dags/example_latest_only_with_trigger.py took 0.061 seconds
[2024-12-06T23:41:03.565-0600] {processor.py:186} INFO - Started process (PID=19304) to work on /home/m9d9v9/PycharmProjects/Airflow-2/Airflow-2/.venv/lib/python3.10/site-packages/airflow/example_dags/example_latest_only_with_trigger.py
[2024-12-06T23:41:03.566-0600] {processor.py:914} INFO - Processing file /home/m9d9v9/PycharmProjects/Airflow-2/Airflow-2/.venv/lib/python3.10/site-packages/airflow/example_dags/example_latest_only_with_trigger.py for tasks to queue
[2024-12-06T23:41:03.567-0600] {logging_mixin.py:190} INFO - [2024-12-06T23:41:03.567-0600] {dagbag.py:588} INFO - Filling up the DagBag from /home/m9d9v9/PycharmProjects/Airflow-2/Airflow-2/.venv/lib/python3.10/site-packages/airflow/example_dags/example_latest_only_with_trigger.py
[2024-12-06T23:41:03.574-0600] {processor.py:925} INFO - DAG(s) 'latest_only_with_trigger' retrieved from /home/m9d9v9/PycharmProjects/Airflow-2/Airflow-2/.venv/lib/python3.10/site-packages/airflow/example_dags/example_latest_only_with_trigger.py
[2024-12-06T23:41:03.585-0600] {logging_mixin.py:190} INFO - [2024-12-06T23:41:03.585-0600] {dag.py:3239} INFO - Sync 1 DAGs
[2024-12-06T23:41:03.598-0600] {logging_mixin.py:190} INFO - [2024-12-06T23:41:03.598-0600] {dag.py:4180} INFO - Setting next_dagrun for latest_only_with_trigger to 2024-12-07 00:00:00+00:00, run_after=2024-12-07 04:00:00+00:00
[2024-12-06T23:41:03.611-0600] {processor.py:208} INFO - Processing /home/m9d9v9/PycharmProjects/Airflow-2/Airflow-2/.venv/lib/python3.10/site-packages/airflow/example_dags/example_latest_only_with_trigger.py took 0.051 seconds
