[2024-12-06T22:18:28.467-0600] {processor.py:186} INFO - Started process (PID=12335) to work on /home/m9d9v9/PycharmProjects/Airflow-2/Airflow-2/.venv/lib/python3.10/site-packages/airflow/example_dags/example_sensor_decorator.py
[2024-12-06T22:18:28.471-0600] {processor.py:914} INFO - Processing file /home/m9d9v9/PycharmProjects/Airflow-2/Airflow-2/.venv/lib/python3.10/site-packages/airflow/example_dags/example_sensor_decorator.py for tasks to queue
[2024-12-06T22:18:28.483-0600] {logging_mixin.py:190} INFO - [2024-12-06T22:18:28.481-0600] {dagbag.py:588} INFO - Filling up the DagBag from /home/m9d9v9/PycharmProjects/Airflow-2/Airflow-2/.venv/lib/python3.10/site-packages/airflow/example_dags/example_sensor_decorator.py
[2024-12-06T22:18:28.515-0600] {processor.py:925} INFO - DAG(s) 'example_sensor_decorator' retrieved from /home/m9d9v9/PycharmProjects/Airflow-2/Airflow-2/.venv/lib/python3.10/site-packages/airflow/example_dags/example_sensor_decorator.py
[2024-12-06T22:18:28.624-0600] {logging_mixin.py:190} INFO - [2024-12-06T22:18:28.623-0600] {override.py:1911} INFO - Created Permission View: can edit on DAG:example_sensor_decorator
[2024-12-06T22:18:28.636-0600] {logging_mixin.py:190} INFO - [2024-12-06T22:18:28.636-0600] {override.py:1911} INFO - Created Permission View: can read on DAG:example_sensor_decorator
[2024-12-06T22:18:28.642-0600] {logging_mixin.py:190} INFO - [2024-12-06T22:18:28.642-0600] {override.py:1911} INFO - Created Permission View: can delete on DAG:example_sensor_decorator
[2024-12-06T22:18:28.655-0600] {logging_mixin.py:190} INFO - [2024-12-06T22:18:28.654-0600] {override.py:1911} INFO - Created Permission View: menu access on DAG Run:example_sensor_decorator
[2024-12-06T22:18:28.660-0600] {logging_mixin.py:190} INFO - [2024-12-06T22:18:28.660-0600] {override.py:1911} INFO - Created Permission View: can create on DAG Run:example_sensor_decorator
[2024-12-06T22:18:28.667-0600] {logging_mixin.py:190} INFO - [2024-12-06T22:18:28.666-0600] {override.py:1911} INFO - Created Permission View: can read on DAG Run:example_sensor_decorator
[2024-12-06T22:18:28.672-0600] {logging_mixin.py:190} INFO - [2024-12-06T22:18:28.672-0600] {override.py:1911} INFO - Created Permission View: can delete on DAG Run:example_sensor_decorator
[2024-12-06T22:18:28.672-0600] {logging_mixin.py:190} INFO - [2024-12-06T22:18:28.672-0600] {dag.py:3239} INFO - Sync 1 DAGs
[2024-12-06T22:18:28.680-0600] {logging_mixin.py:190} INFO - [2024-12-06T22:18:28.680-0600] {dag.py:3262} INFO - Creating ORM DAG for example_sensor_decorator
[2024-12-06T22:18:28.680-0600] {logging_mixin.py:190} INFO - [2024-12-06T22:18:28.680-0600] {dag.py:4180} INFO - Setting next_dagrun for example_sensor_decorator to None, run_after=None
[2024-12-06T22:18:28.692-0600] {processor.py:208} INFO - Processing /home/m9d9v9/PycharmProjects/Airflow-2/Airflow-2/.venv/lib/python3.10/site-packages/airflow/example_dags/example_sensor_decorator.py took 0.250 seconds
[2024-12-06T22:19:34.309-0600] {processor.py:186} INFO - Started process (PID=12579) to work on /home/m9d9v9/PycharmProjects/Airflow-2/Airflow-2/.venv/lib/python3.10/site-packages/airflow/example_dags/example_sensor_decorator.py
[2024-12-06T22:19:34.315-0600] {processor.py:914} INFO - Processing file /home/m9d9v9/PycharmProjects/Airflow-2/Airflow-2/.venv/lib/python3.10/site-packages/airflow/example_dags/example_sensor_decorator.py for tasks to queue
[2024-12-06T22:19:34.319-0600] {logging_mixin.py:190} INFO - [2024-12-06T22:19:34.318-0600] {dagbag.py:588} INFO - Filling up the DagBag from /home/m9d9v9/PycharmProjects/Airflow-2/Airflow-2/.venv/lib/python3.10/site-packages/airflow/example_dags/example_sensor_decorator.py
[2024-12-06T22:19:34.336-0600] {processor.py:925} INFO - DAG(s) 'example_sensor_decorator' retrieved from /home/m9d9v9/PycharmProjects/Airflow-2/Airflow-2/.venv/lib/python3.10/site-packages/airflow/example_dags/example_sensor_decorator.py
[2024-12-06T22:19:34.363-0600] {logging_mixin.py:190} INFO - [2024-12-06T22:19:34.363-0600] {dag.py:3239} INFO - Sync 1 DAGs
[2024-12-06T22:19:34.372-0600] {logging_mixin.py:190} INFO - [2024-12-06T22:19:34.372-0600] {dag.py:4180} INFO - Setting next_dagrun for example_sensor_decorator to None, run_after=None
[2024-12-06T22:19:34.385-0600] {processor.py:208} INFO - Processing /home/m9d9v9/PycharmProjects/Airflow-2/Airflow-2/.venv/lib/python3.10/site-packages/airflow/example_dags/example_sensor_decorator.py took 0.081 seconds
[2024-12-06T22:20:29.583-0600] {processor.py:186} INFO - Started process (PID=12665) to work on /home/m9d9v9/PycharmProjects/Airflow-2/Airflow-2/.venv/lib/python3.10/site-packages/airflow/example_dags/example_sensor_decorator.py
[2024-12-06T22:20:29.584-0600] {processor.py:914} INFO - Processing file /home/m9d9v9/PycharmProjects/Airflow-2/Airflow-2/.venv/lib/python3.10/site-packages/airflow/example_dags/example_sensor_decorator.py for tasks to queue
[2024-12-06T22:20:29.586-0600] {logging_mixin.py:190} INFO - [2024-12-06T22:20:29.586-0600] {dagbag.py:588} INFO - Filling up the DagBag from /home/m9d9v9/PycharmProjects/Airflow-2/Airflow-2/.venv/lib/python3.10/site-packages/airflow/example_dags/example_sensor_decorator.py
[2024-12-06T22:20:29.593-0600] {processor.py:925} INFO - DAG(s) 'example_sensor_decorator' retrieved from /home/m9d9v9/PycharmProjects/Airflow-2/Airflow-2/.venv/lib/python3.10/site-packages/airflow/example_dags/example_sensor_decorator.py
[2024-12-06T22:20:29.604-0600] {logging_mixin.py:190} INFO - [2024-12-06T22:20:29.604-0600] {dag.py:3239} INFO - Sync 1 DAGs
[2024-12-06T22:20:29.614-0600] {logging_mixin.py:190} INFO - [2024-12-06T22:20:29.614-0600] {dag.py:4180} INFO - Setting next_dagrun for example_sensor_decorator to None, run_after=None
[2024-12-06T22:20:29.629-0600] {processor.py:208} INFO - Processing /home/m9d9v9/PycharmProjects/Airflow-2/Airflow-2/.venv/lib/python3.10/site-packages/airflow/example_dags/example_sensor_decorator.py took 0.052 seconds
[2024-12-06T22:21:21.595-0600] {processor.py:186} INFO - Started process (PID=12729) to work on /home/m9d9v9/PycharmProjects/Airflow-2/Airflow-2/.venv/lib/python3.10/site-packages/airflow/example_dags/example_sensor_decorator.py
[2024-12-06T22:21:21.601-0600] {processor.py:914} INFO - Processing file /home/m9d9v9/PycharmProjects/Airflow-2/Airflow-2/.venv/lib/python3.10/site-packages/airflow/example_dags/example_sensor_decorator.py for tasks to queue
[2024-12-06T22:21:21.603-0600] {logging_mixin.py:190} INFO - [2024-12-06T22:21:21.603-0600] {dagbag.py:588} INFO - Filling up the DagBag from /home/m9d9v9/PycharmProjects/Airflow-2/Airflow-2/.venv/lib/python3.10/site-packages/airflow/example_dags/example_sensor_decorator.py
[2024-12-06T22:21:21.610-0600] {processor.py:925} INFO - DAG(s) 'example_sensor_decorator' retrieved from /home/m9d9v9/PycharmProjects/Airflow-2/Airflow-2/.venv/lib/python3.10/site-packages/airflow/example_dags/example_sensor_decorator.py
[2024-12-06T22:21:21.621-0600] {logging_mixin.py:190} INFO - [2024-12-06T22:21:21.620-0600] {dag.py:3239} INFO - Sync 1 DAGs
[2024-12-06T22:21:21.629-0600] {logging_mixin.py:190} INFO - [2024-12-06T22:21:21.629-0600] {dag.py:4180} INFO - Setting next_dagrun for example_sensor_decorator to None, run_after=None
[2024-12-06T22:21:21.642-0600] {processor.py:208} INFO - Processing /home/m9d9v9/PycharmProjects/Airflow-2/Airflow-2/.venv/lib/python3.10/site-packages/airflow/example_dags/example_sensor_decorator.py took 0.051 seconds
[2024-12-06T22:22:17.589-0600] {processor.py:186} INFO - Started process (PID=12806) to work on /home/m9d9v9/PycharmProjects/Airflow-2/Airflow-2/.venv/lib/python3.10/site-packages/airflow/example_dags/example_sensor_decorator.py
[2024-12-06T22:22:17.596-0600] {processor.py:914} INFO - Processing file /home/m9d9v9/PycharmProjects/Airflow-2/Airflow-2/.venv/lib/python3.10/site-packages/airflow/example_dags/example_sensor_decorator.py for tasks to queue
[2024-12-06T22:22:17.601-0600] {logging_mixin.py:190} INFO - [2024-12-06T22:22:17.600-0600] {dagbag.py:588} INFO - Filling up the DagBag from /home/m9d9v9/PycharmProjects/Airflow-2/Airflow-2/.venv/lib/python3.10/site-packages/airflow/example_dags/example_sensor_decorator.py
[2024-12-06T22:22:17.619-0600] {processor.py:925} INFO - DAG(s) 'example_sensor_decorator' retrieved from /home/m9d9v9/PycharmProjects/Airflow-2/Airflow-2/.venv/lib/python3.10/site-packages/airflow/example_dags/example_sensor_decorator.py
[2024-12-06T22:22:17.640-0600] {logging_mixin.py:190} INFO - [2024-12-06T22:22:17.640-0600] {dag.py:3239} INFO - Sync 1 DAGs
[2024-12-06T22:22:17.648-0600] {logging_mixin.py:190} INFO - [2024-12-06T22:22:17.648-0600] {dag.py:4180} INFO - Setting next_dagrun for example_sensor_decorator to None, run_after=None
[2024-12-06T22:22:17.661-0600] {processor.py:208} INFO - Processing /home/m9d9v9/PycharmProjects/Airflow-2/Airflow-2/.venv/lib/python3.10/site-packages/airflow/example_dags/example_sensor_decorator.py took 0.084 seconds
[2024-12-06T22:22:58.774-0600] {processor.py:186} INFO - Started process (PID=12918) to work on /home/m9d9v9/PycharmProjects/Airflow-2/Airflow-2/.venv/lib/python3.10/site-packages/airflow/example_dags/example_sensor_decorator.py
[2024-12-06T22:22:58.781-0600] {processor.py:914} INFO - Processing file /home/m9d9v9/PycharmProjects/Airflow-2/Airflow-2/.venv/lib/python3.10/site-packages/airflow/example_dags/example_sensor_decorator.py for tasks to queue
[2024-12-06T22:22:58.783-0600] {logging_mixin.py:190} INFO - [2024-12-06T22:22:58.783-0600] {dagbag.py:588} INFO - Filling up the DagBag from /home/m9d9v9/PycharmProjects/Airflow-2/Airflow-2/.venv/lib/python3.10/site-packages/airflow/example_dags/example_sensor_decorator.py
[2024-12-06T22:22:58.791-0600] {processor.py:925} INFO - DAG(s) 'example_sensor_decorator' retrieved from /home/m9d9v9/PycharmProjects/Airflow-2/Airflow-2/.venv/lib/python3.10/site-packages/airflow/example_dags/example_sensor_decorator.py
[2024-12-06T22:22:58.806-0600] {logging_mixin.py:190} INFO - [2024-12-06T22:22:58.805-0600] {dag.py:3239} INFO - Sync 1 DAGs
[2024-12-06T22:22:58.816-0600] {logging_mixin.py:190} INFO - [2024-12-06T22:22:58.816-0600] {dag.py:4180} INFO - Setting next_dagrun for example_sensor_decorator to None, run_after=None
[2024-12-06T22:22:58.834-0600] {processor.py:208} INFO - Processing /home/m9d9v9/PycharmProjects/Airflow-2/Airflow-2/.venv/lib/python3.10/site-packages/airflow/example_dags/example_sensor_decorator.py took 0.067 seconds
[2024-12-06T22:23:55.626-0600] {processor.py:186} INFO - Started process (PID=12991) to work on /home/m9d9v9/PycharmProjects/Airflow-2/Airflow-2/.venv/lib/python3.10/site-packages/airflow/example_dags/example_sensor_decorator.py
[2024-12-06T22:23:55.632-0600] {processor.py:914} INFO - Processing file /home/m9d9v9/PycharmProjects/Airflow-2/Airflow-2/.venv/lib/python3.10/site-packages/airflow/example_dags/example_sensor_decorator.py for tasks to queue
[2024-12-06T22:23:55.633-0600] {logging_mixin.py:190} INFO - [2024-12-06T22:23:55.633-0600] {dagbag.py:588} INFO - Filling up the DagBag from /home/m9d9v9/PycharmProjects/Airflow-2/Airflow-2/.venv/lib/python3.10/site-packages/airflow/example_dags/example_sensor_decorator.py
[2024-12-06T22:23:55.642-0600] {processor.py:925} INFO - DAG(s) 'example_sensor_decorator' retrieved from /home/m9d9v9/PycharmProjects/Airflow-2/Airflow-2/.venv/lib/python3.10/site-packages/airflow/example_dags/example_sensor_decorator.py
[2024-12-06T22:23:55.669-0600] {logging_mixin.py:190} INFO - [2024-12-06T22:23:55.669-0600] {dag.py:3239} INFO - Sync 1 DAGs
[2024-12-06T22:23:55.680-0600] {logging_mixin.py:190} INFO - [2024-12-06T22:23:55.680-0600] {dag.py:4180} INFO - Setting next_dagrun for example_sensor_decorator to None, run_after=None
[2024-12-06T22:23:55.699-0600] {processor.py:208} INFO - Processing /home/m9d9v9/PycharmProjects/Airflow-2/Airflow-2/.venv/lib/python3.10/site-packages/airflow/example_dags/example_sensor_decorator.py took 0.085 seconds
[2024-12-06T22:24:51.586-0600] {processor.py:186} INFO - Started process (PID=13070) to work on /home/m9d9v9/PycharmProjects/Airflow-2/Airflow-2/.venv/lib/python3.10/site-packages/airflow/example_dags/example_sensor_decorator.py
[2024-12-06T22:24:51.593-0600] {processor.py:914} INFO - Processing file /home/m9d9v9/PycharmProjects/Airflow-2/Airflow-2/.venv/lib/python3.10/site-packages/airflow/example_dags/example_sensor_decorator.py for tasks to queue
[2024-12-06T22:24:51.595-0600] {logging_mixin.py:190} INFO - [2024-12-06T22:24:51.595-0600] {dagbag.py:588} INFO - Filling up the DagBag from /home/m9d9v9/PycharmProjects/Airflow-2/Airflow-2/.venv/lib/python3.10/site-packages/airflow/example_dags/example_sensor_decorator.py
[2024-12-06T22:24:51.615-0600] {processor.py:925} INFO - DAG(s) 'example_sensor_decorator' retrieved from /home/m9d9v9/PycharmProjects/Airflow-2/Airflow-2/.venv/lib/python3.10/site-packages/airflow/example_dags/example_sensor_decorator.py
[2024-12-06T22:24:51.636-0600] {logging_mixin.py:190} INFO - [2024-12-06T22:24:51.636-0600] {dag.py:3239} INFO - Sync 1 DAGs
[2024-12-06T22:24:51.646-0600] {logging_mixin.py:190} INFO - [2024-12-06T22:24:51.645-0600] {dag.py:4180} INFO - Setting next_dagrun for example_sensor_decorator to None, run_after=None
[2024-12-06T22:24:51.660-0600] {processor.py:208} INFO - Processing /home/m9d9v9/PycharmProjects/Airflow-2/Airflow-2/.venv/lib/python3.10/site-packages/airflow/example_dags/example_sensor_decorator.py took 0.091 seconds
[2024-12-06T22:25:47.869-0600] {processor.py:186} INFO - Started process (PID=13149) to work on /home/m9d9v9/PycharmProjects/Airflow-2/Airflow-2/.venv/lib/python3.10/site-packages/airflow/example_dags/example_sensor_decorator.py
[2024-12-06T22:25:47.875-0600] {processor.py:914} INFO - Processing file /home/m9d9v9/PycharmProjects/Airflow-2/Airflow-2/.venv/lib/python3.10/site-packages/airflow/example_dags/example_sensor_decorator.py for tasks to queue
[2024-12-06T22:25:47.877-0600] {logging_mixin.py:190} INFO - [2024-12-06T22:25:47.877-0600] {dagbag.py:588} INFO - Filling up the DagBag from /home/m9d9v9/PycharmProjects/Airflow-2/Airflow-2/.venv/lib/python3.10/site-packages/airflow/example_dags/example_sensor_decorator.py
[2024-12-06T22:25:47.884-0600] {processor.py:925} INFO - DAG(s) 'example_sensor_decorator' retrieved from /home/m9d9v9/PycharmProjects/Airflow-2/Airflow-2/.venv/lib/python3.10/site-packages/airflow/example_dags/example_sensor_decorator.py
[2024-12-06T22:25:47.896-0600] {logging_mixin.py:190} INFO - [2024-12-06T22:25:47.896-0600] {dag.py:3239} INFO - Sync 1 DAGs
[2024-12-06T22:25:47.904-0600] {logging_mixin.py:190} INFO - [2024-12-06T22:25:47.904-0600] {dag.py:4180} INFO - Setting next_dagrun for example_sensor_decorator to None, run_after=None
[2024-12-06T22:25:47.917-0600] {processor.py:208} INFO - Processing /home/m9d9v9/PycharmProjects/Airflow-2/Airflow-2/.venv/lib/python3.10/site-packages/airflow/example_dags/example_sensor_decorator.py took 0.053 seconds
[2024-12-06T22:26:45.376-0600] {processor.py:186} INFO - Started process (PID=13227) to work on /home/m9d9v9/PycharmProjects/Airflow-2/Airflow-2/.venv/lib/python3.10/site-packages/airflow/example_dags/example_sensor_decorator.py
[2024-12-06T22:26:45.382-0600] {processor.py:914} INFO - Processing file /home/m9d9v9/PycharmProjects/Airflow-2/Airflow-2/.venv/lib/python3.10/site-packages/airflow/example_dags/example_sensor_decorator.py for tasks to queue
[2024-12-06T22:26:45.383-0600] {logging_mixin.py:190} INFO - [2024-12-06T22:26:45.383-0600] {dagbag.py:588} INFO - Filling up the DagBag from /home/m9d9v9/PycharmProjects/Airflow-2/Airflow-2/.venv/lib/python3.10/site-packages/airflow/example_dags/example_sensor_decorator.py
[2024-12-06T22:26:45.392-0600] {processor.py:925} INFO - DAG(s) 'example_sensor_decorator' retrieved from /home/m9d9v9/PycharmProjects/Airflow-2/Airflow-2/.venv/lib/python3.10/site-packages/airflow/example_dags/example_sensor_decorator.py
[2024-12-06T22:26:45.404-0600] {logging_mixin.py:190} INFO - [2024-12-06T22:26:45.404-0600] {dag.py:3239} INFO - Sync 1 DAGs
[2024-12-06T22:26:45.413-0600] {logging_mixin.py:190} INFO - [2024-12-06T22:26:45.413-0600] {dag.py:4180} INFO - Setting next_dagrun for example_sensor_decorator to None, run_after=None
[2024-12-06T22:26:45.428-0600] {processor.py:208} INFO - Processing /home/m9d9v9/PycharmProjects/Airflow-2/Airflow-2/.venv/lib/python3.10/site-packages/airflow/example_dags/example_sensor_decorator.py took 0.059 seconds
[2024-12-06T22:36:54.871-0600] {processor.py:186} INFO - Started process (PID=14564) to work on /home/m9d9v9/PycharmProjects/Airflow-2/Airflow-2/.venv/lib/python3.10/site-packages/airflow/example_dags/example_sensor_decorator.py
[2024-12-06T22:36:54.878-0600] {processor.py:914} INFO - Processing file /home/m9d9v9/PycharmProjects/Airflow-2/Airflow-2/.venv/lib/python3.10/site-packages/airflow/example_dags/example_sensor_decorator.py for tasks to queue
[2024-12-06T22:36:54.882-0600] {logging_mixin.py:190} INFO - [2024-12-06T22:36:54.881-0600] {dagbag.py:588} INFO - Filling up the DagBag from /home/m9d9v9/PycharmProjects/Airflow-2/Airflow-2/.venv/lib/python3.10/site-packages/airflow/example_dags/example_sensor_decorator.py
[2024-12-06T22:36:54.899-0600] {processor.py:925} INFO - DAG(s) 'example_sensor_decorator' retrieved from /home/m9d9v9/PycharmProjects/Airflow-2/Airflow-2/.venv/lib/python3.10/site-packages/airflow/example_dags/example_sensor_decorator.py
[2024-12-06T22:36:54.926-0600] {logging_mixin.py:190} INFO - [2024-12-06T22:36:54.926-0600] {dag.py:3239} INFO - Sync 1 DAGs
[2024-12-06T22:36:54.936-0600] {logging_mixin.py:190} INFO - [2024-12-06T22:36:54.936-0600] {dag.py:4180} INFO - Setting next_dagrun for example_sensor_decorator to None, run_after=None
[2024-12-06T22:36:54.949-0600] {processor.py:208} INFO - Processing /home/m9d9v9/PycharmProjects/Airflow-2/Airflow-2/.venv/lib/python3.10/site-packages/airflow/example_dags/example_sensor_decorator.py took 0.091 seconds
[2024-12-06T22:37:51.847-0600] {processor.py:186} INFO - Started process (PID=14694) to work on /home/m9d9v9/PycharmProjects/Airflow-2/Airflow-2/.venv/lib/python3.10/site-packages/airflow/example_dags/example_sensor_decorator.py
[2024-12-06T22:37:51.855-0600] {processor.py:914} INFO - Processing file /home/m9d9v9/PycharmProjects/Airflow-2/Airflow-2/.venv/lib/python3.10/site-packages/airflow/example_dags/example_sensor_decorator.py for tasks to queue
[2024-12-06T22:37:51.860-0600] {logging_mixin.py:190} INFO - [2024-12-06T22:37:51.859-0600] {dagbag.py:588} INFO - Filling up the DagBag from /home/m9d9v9/PycharmProjects/Airflow-2/Airflow-2/.venv/lib/python3.10/site-packages/airflow/example_dags/example_sensor_decorator.py
[2024-12-06T22:37:51.878-0600] {processor.py:925} INFO - DAG(s) 'example_sensor_decorator' retrieved from /home/m9d9v9/PycharmProjects/Airflow-2/Airflow-2/.venv/lib/python3.10/site-packages/airflow/example_dags/example_sensor_decorator.py
[2024-12-06T22:37:51.901-0600] {logging_mixin.py:190} INFO - [2024-12-06T22:37:51.901-0600] {dag.py:3239} INFO - Sync 1 DAGs
[2024-12-06T22:37:51.909-0600] {logging_mixin.py:190} INFO - [2024-12-06T22:37:51.909-0600] {dag.py:4180} INFO - Setting next_dagrun for example_sensor_decorator to None, run_after=None
[2024-12-06T22:37:51.920-0600] {processor.py:208} INFO - Processing /home/m9d9v9/PycharmProjects/Airflow-2/Airflow-2/.venv/lib/python3.10/site-packages/airflow/example_dags/example_sensor_decorator.py took 0.085 seconds
[2024-12-06T22:38:49.650-0600] {processor.py:186} INFO - Started process (PID=14790) to work on /home/m9d9v9/PycharmProjects/Airflow-2/Airflow-2/.venv/lib/python3.10/site-packages/airflow/example_dags/example_sensor_decorator.py
[2024-12-06T22:38:49.656-0600] {processor.py:914} INFO - Processing file /home/m9d9v9/PycharmProjects/Airflow-2/Airflow-2/.venv/lib/python3.10/site-packages/airflow/example_dags/example_sensor_decorator.py for tasks to queue
[2024-12-06T22:38:49.658-0600] {logging_mixin.py:190} INFO - [2024-12-06T22:38:49.658-0600] {dagbag.py:588} INFO - Filling up the DagBag from /home/m9d9v9/PycharmProjects/Airflow-2/Airflow-2/.venv/lib/python3.10/site-packages/airflow/example_dags/example_sensor_decorator.py
[2024-12-06T22:38:49.666-0600] {processor.py:925} INFO - DAG(s) 'example_sensor_decorator' retrieved from /home/m9d9v9/PycharmProjects/Airflow-2/Airflow-2/.venv/lib/python3.10/site-packages/airflow/example_dags/example_sensor_decorator.py
[2024-12-06T22:38:49.680-0600] {logging_mixin.py:190} INFO - [2024-12-06T22:38:49.680-0600] {dag.py:3239} INFO - Sync 1 DAGs
[2024-12-06T22:38:49.690-0600] {logging_mixin.py:190} INFO - [2024-12-06T22:38:49.690-0600] {dag.py:4180} INFO - Setting next_dagrun for example_sensor_decorator to None, run_after=None
[2024-12-06T22:38:49.704-0600] {processor.py:208} INFO - Processing /home/m9d9v9/PycharmProjects/Airflow-2/Airflow-2/.venv/lib/python3.10/site-packages/airflow/example_dags/example_sensor_decorator.py took 0.060 seconds
[2024-12-06T22:39:46.566-0600] {processor.py:186} INFO - Started process (PID=14984) to work on /home/m9d9v9/PycharmProjects/Airflow-2/Airflow-2/.venv/lib/python3.10/site-packages/airflow/example_dags/example_sensor_decorator.py
[2024-12-06T22:39:46.572-0600] {processor.py:914} INFO - Processing file /home/m9d9v9/PycharmProjects/Airflow-2/Airflow-2/.venv/lib/python3.10/site-packages/airflow/example_dags/example_sensor_decorator.py for tasks to queue
[2024-12-06T22:39:46.574-0600] {logging_mixin.py:190} INFO - [2024-12-06T22:39:46.574-0600] {dagbag.py:588} INFO - Filling up the DagBag from /home/m9d9v9/PycharmProjects/Airflow-2/Airflow-2/.venv/lib/python3.10/site-packages/airflow/example_dags/example_sensor_decorator.py
[2024-12-06T22:39:46.583-0600] {processor.py:925} INFO - DAG(s) 'example_sensor_decorator' retrieved from /home/m9d9v9/PycharmProjects/Airflow-2/Airflow-2/.venv/lib/python3.10/site-packages/airflow/example_dags/example_sensor_decorator.py
[2024-12-06T22:39:46.598-0600] {logging_mixin.py:190} INFO - [2024-12-06T22:39:46.598-0600] {dag.py:3239} INFO - Sync 1 DAGs
[2024-12-06T22:39:46.611-0600] {logging_mixin.py:190} INFO - [2024-12-06T22:39:46.610-0600] {dag.py:4180} INFO - Setting next_dagrun for example_sensor_decorator to None, run_after=None
[2024-12-06T22:39:46.629-0600] {processor.py:208} INFO - Processing /home/m9d9v9/PycharmProjects/Airflow-2/Airflow-2/.venv/lib/python3.10/site-packages/airflow/example_dags/example_sensor_decorator.py took 0.071 seconds
[2024-12-06T22:40:46.423-0600] {processor.py:186} INFO - Started process (PID=15111) to work on /home/m9d9v9/PycharmProjects/Airflow-2/Airflow-2/.venv/lib/python3.10/site-packages/airflow/example_dags/example_sensor_decorator.py
[2024-12-06T22:40:46.430-0600] {processor.py:914} INFO - Processing file /home/m9d9v9/PycharmProjects/Airflow-2/Airflow-2/.venv/lib/python3.10/site-packages/airflow/example_dags/example_sensor_decorator.py for tasks to queue
[2024-12-06T22:40:46.433-0600] {logging_mixin.py:190} INFO - [2024-12-06T22:40:46.432-0600] {dagbag.py:588} INFO - Filling up the DagBag from /home/m9d9v9/PycharmProjects/Airflow-2/Airflow-2/.venv/lib/python3.10/site-packages/airflow/example_dags/example_sensor_decorator.py
[2024-12-06T22:40:46.449-0600] {processor.py:925} INFO - DAG(s) 'example_sensor_decorator' retrieved from /home/m9d9v9/PycharmProjects/Airflow-2/Airflow-2/.venv/lib/python3.10/site-packages/airflow/example_dags/example_sensor_decorator.py
[2024-12-06T22:40:46.470-0600] {logging_mixin.py:190} INFO - [2024-12-06T22:40:46.470-0600] {dag.py:3239} INFO - Sync 1 DAGs
[2024-12-06T22:40:46.478-0600] {logging_mixin.py:190} INFO - [2024-12-06T22:40:46.478-0600] {dag.py:4180} INFO - Setting next_dagrun for example_sensor_decorator to None, run_after=None
[2024-12-06T22:40:46.490-0600] {processor.py:208} INFO - Processing /home/m9d9v9/PycharmProjects/Airflow-2/Airflow-2/.venv/lib/python3.10/site-packages/airflow/example_dags/example_sensor_decorator.py took 0.084 seconds
[2024-12-06T23:25:02.072-0600] {processor.py:186} INFO - Started process (PID=17197) to work on /home/m9d9v9/PycharmProjects/Airflow-2/Airflow-2/.venv/lib/python3.10/site-packages/airflow/example_dags/example_sensor_decorator.py
[2024-12-06T23:25:02.078-0600] {processor.py:914} INFO - Processing file /home/m9d9v9/PycharmProjects/Airflow-2/Airflow-2/.venv/lib/python3.10/site-packages/airflow/example_dags/example_sensor_decorator.py for tasks to queue
[2024-12-06T23:25:02.083-0600] {logging_mixin.py:190} INFO - [2024-12-06T23:25:02.082-0600] {dagbag.py:588} INFO - Filling up the DagBag from /home/m9d9v9/PycharmProjects/Airflow-2/Airflow-2/.venv/lib/python3.10/site-packages/airflow/example_dags/example_sensor_decorator.py
[2024-12-06T23:25:02.088-0600] {processor.py:925} INFO - DAG(s) 'example_sensor_decorator' retrieved from /home/m9d9v9/PycharmProjects/Airflow-2/Airflow-2/.venv/lib/python3.10/site-packages/airflow/example_dags/example_sensor_decorator.py
[2024-12-06T23:25:02.101-0600] {logging_mixin.py:190} INFO - [2024-12-06T23:25:02.101-0600] {dag.py:3239} INFO - Sync 1 DAGs
[2024-12-06T23:25:02.108-0600] {logging_mixin.py:190} INFO - [2024-12-06T23:25:02.108-0600] {dag.py:4180} INFO - Setting next_dagrun for example_sensor_decorator to None, run_after=None
[2024-12-06T23:25:02.120-0600] {processor.py:208} INFO - Processing /home/m9d9v9/PycharmProjects/Airflow-2/Airflow-2/.venv/lib/python3.10/site-packages/airflow/example_dags/example_sensor_decorator.py took 0.052 seconds
[2024-12-06T23:25:59.048-0600] {processor.py:186} INFO - Started process (PID=17368) to work on /home/m9d9v9/PycharmProjects/Airflow-2/Airflow-2/.venv/lib/python3.10/site-packages/airflow/example_dags/example_sensor_decorator.py
[2024-12-06T23:25:59.054-0600] {processor.py:914} INFO - Processing file /home/m9d9v9/PycharmProjects/Airflow-2/Airflow-2/.venv/lib/python3.10/site-packages/airflow/example_dags/example_sensor_decorator.py for tasks to queue
[2024-12-06T23:25:59.056-0600] {logging_mixin.py:190} INFO - [2024-12-06T23:25:59.055-0600] {dagbag.py:588} INFO - Filling up the DagBag from /home/m9d9v9/PycharmProjects/Airflow-2/Airflow-2/.venv/lib/python3.10/site-packages/airflow/example_dags/example_sensor_decorator.py
[2024-12-06T23:25:59.066-0600] {processor.py:925} INFO - DAG(s) 'example_sensor_decorator' retrieved from /home/m9d9v9/PycharmProjects/Airflow-2/Airflow-2/.venv/lib/python3.10/site-packages/airflow/example_dags/example_sensor_decorator.py
[2024-12-06T23:25:59.090-0600] {logging_mixin.py:190} INFO - [2024-12-06T23:25:59.089-0600] {dag.py:3239} INFO - Sync 1 DAGs
[2024-12-06T23:25:59.103-0600] {logging_mixin.py:190} INFO - [2024-12-06T23:25:59.102-0600] {dag.py:4180} INFO - Setting next_dagrun for example_sensor_decorator to None, run_after=None
[2024-12-06T23:25:59.114-0600] {processor.py:208} INFO - Processing /home/m9d9v9/PycharmProjects/Airflow-2/Airflow-2/.venv/lib/python3.10/site-packages/airflow/example_dags/example_sensor_decorator.py took 0.075 seconds
[2024-12-06T23:26:55.918-0600] {processor.py:186} INFO - Started process (PID=17443) to work on /home/m9d9v9/PycharmProjects/Airflow-2/Airflow-2/.venv/lib/python3.10/site-packages/airflow/example_dags/example_sensor_decorator.py
[2024-12-06T23:26:55.925-0600] {processor.py:914} INFO - Processing file /home/m9d9v9/PycharmProjects/Airflow-2/Airflow-2/.venv/lib/python3.10/site-packages/airflow/example_dags/example_sensor_decorator.py for tasks to queue
[2024-12-06T23:26:55.927-0600] {logging_mixin.py:190} INFO - [2024-12-06T23:26:55.926-0600] {dagbag.py:588} INFO - Filling up the DagBag from /home/m9d9v9/PycharmProjects/Airflow-2/Airflow-2/.venv/lib/python3.10/site-packages/airflow/example_dags/example_sensor_decorator.py
[2024-12-06T23:26:55.943-0600] {processor.py:925} INFO - DAG(s) 'example_sensor_decorator' retrieved from /home/m9d9v9/PycharmProjects/Airflow-2/Airflow-2/.venv/lib/python3.10/site-packages/airflow/example_dags/example_sensor_decorator.py
[2024-12-06T23:26:55.966-0600] {logging_mixin.py:190} INFO - [2024-12-06T23:26:55.966-0600] {dag.py:3239} INFO - Sync 1 DAGs
[2024-12-06T23:26:55.973-0600] {logging_mixin.py:190} INFO - [2024-12-06T23:26:55.973-0600] {dag.py:4180} INFO - Setting next_dagrun for example_sensor_decorator to None, run_after=None
[2024-12-06T23:26:55.984-0600] {processor.py:208} INFO - Processing /home/m9d9v9/PycharmProjects/Airflow-2/Airflow-2/.venv/lib/python3.10/site-packages/airflow/example_dags/example_sensor_decorator.py took 0.078 seconds
[2024-12-06T23:27:52.406-0600] {processor.py:186} INFO - Started process (PID=17515) to work on /home/m9d9v9/PycharmProjects/Airflow-2/Airflow-2/.venv/lib/python3.10/site-packages/airflow/example_dags/example_sensor_decorator.py
[2024-12-06T23:27:52.407-0600] {processor.py:914} INFO - Processing file /home/m9d9v9/PycharmProjects/Airflow-2/Airflow-2/.venv/lib/python3.10/site-packages/airflow/example_dags/example_sensor_decorator.py for tasks to queue
[2024-12-06T23:27:52.408-0600] {logging_mixin.py:190} INFO - [2024-12-06T23:27:52.408-0600] {dagbag.py:588} INFO - Filling up the DagBag from /home/m9d9v9/PycharmProjects/Airflow-2/Airflow-2/.venv/lib/python3.10/site-packages/airflow/example_dags/example_sensor_decorator.py
[2024-12-06T23:27:52.415-0600] {processor.py:925} INFO - DAG(s) 'example_sensor_decorator' retrieved from /home/m9d9v9/PycharmProjects/Airflow-2/Airflow-2/.venv/lib/python3.10/site-packages/airflow/example_dags/example_sensor_decorator.py
[2024-12-06T23:27:52.427-0600] {logging_mixin.py:190} INFO - [2024-12-06T23:27:52.426-0600] {dag.py:3239} INFO - Sync 1 DAGs
[2024-12-06T23:27:52.437-0600] {logging_mixin.py:190} INFO - [2024-12-06T23:27:52.436-0600] {dag.py:4180} INFO - Setting next_dagrun for example_sensor_decorator to None, run_after=None
[2024-12-06T23:27:52.452-0600] {processor.py:208} INFO - Processing /home/m9d9v9/PycharmProjects/Airflow-2/Airflow-2/.venv/lib/python3.10/site-packages/airflow/example_dags/example_sensor_decorator.py took 0.050 seconds
[2024-12-06T23:28:50.768-0600] {processor.py:186} INFO - Started process (PID=17620) to work on /home/m9d9v9/PycharmProjects/Airflow-2/Airflow-2/.venv/lib/python3.10/site-packages/airflow/example_dags/example_sensor_decorator.py
[2024-12-06T23:28:50.774-0600] {processor.py:914} INFO - Processing file /home/m9d9v9/PycharmProjects/Airflow-2/Airflow-2/.venv/lib/python3.10/site-packages/airflow/example_dags/example_sensor_decorator.py for tasks to queue
[2024-12-06T23:28:50.775-0600] {logging_mixin.py:190} INFO - [2024-12-06T23:28:50.775-0600] {dagbag.py:588} INFO - Filling up the DagBag from /home/m9d9v9/PycharmProjects/Airflow-2/Airflow-2/.venv/lib/python3.10/site-packages/airflow/example_dags/example_sensor_decorator.py
[2024-12-06T23:28:50.783-0600] {processor.py:925} INFO - DAG(s) 'example_sensor_decorator' retrieved from /home/m9d9v9/PycharmProjects/Airflow-2/Airflow-2/.venv/lib/python3.10/site-packages/airflow/example_dags/example_sensor_decorator.py
[2024-12-06T23:28:50.795-0600] {logging_mixin.py:190} INFO - [2024-12-06T23:28:50.794-0600] {dag.py:3239} INFO - Sync 1 DAGs
[2024-12-06T23:28:50.806-0600] {logging_mixin.py:190} INFO - [2024-12-06T23:28:50.806-0600] {dag.py:4180} INFO - Setting next_dagrun for example_sensor_decorator to None, run_after=None
[2024-12-06T23:28:50.824-0600] {processor.py:208} INFO - Processing /home/m9d9v9/PycharmProjects/Airflow-2/Airflow-2/.venv/lib/python3.10/site-packages/airflow/example_dags/example_sensor_decorator.py took 0.063 seconds
[2024-12-06T23:29:46.376-0600] {processor.py:186} INFO - Started process (PID=17760) to work on /home/m9d9v9/PycharmProjects/Airflow-2/Airflow-2/.venv/lib/python3.10/site-packages/airflow/example_dags/example_sensor_decorator.py
[2024-12-06T23:29:46.383-0600] {processor.py:914} INFO - Processing file /home/m9d9v9/PycharmProjects/Airflow-2/Airflow-2/.venv/lib/python3.10/site-packages/airflow/example_dags/example_sensor_decorator.py for tasks to queue
[2024-12-06T23:29:46.386-0600] {logging_mixin.py:190} INFO - [2024-12-06T23:29:46.385-0600] {dagbag.py:588} INFO - Filling up the DagBag from /home/m9d9v9/PycharmProjects/Airflow-2/Airflow-2/.venv/lib/python3.10/site-packages/airflow/example_dags/example_sensor_decorator.py
[2024-12-06T23:29:46.401-0600] {processor.py:925} INFO - DAG(s) 'example_sensor_decorator' retrieved from /home/m9d9v9/PycharmProjects/Airflow-2/Airflow-2/.venv/lib/python3.10/site-packages/airflow/example_dags/example_sensor_decorator.py
[2024-12-06T23:29:46.425-0600] {logging_mixin.py:190} INFO - [2024-12-06T23:29:46.425-0600] {dag.py:3239} INFO - Sync 1 DAGs
[2024-12-06T23:29:46.436-0600] {logging_mixin.py:190} INFO - [2024-12-06T23:29:46.436-0600] {dag.py:4180} INFO - Setting next_dagrun for example_sensor_decorator to None, run_after=None
[2024-12-06T23:29:46.451-0600] {processor.py:208} INFO - Processing /home/m9d9v9/PycharmProjects/Airflow-2/Airflow-2/.venv/lib/python3.10/site-packages/airflow/example_dags/example_sensor_decorator.py took 0.086 seconds
[2024-12-06T23:30:42.104-0600] {processor.py:186} INFO - Started process (PID=17881) to work on /home/m9d9v9/PycharmProjects/Airflow-2/Airflow-2/.venv/lib/python3.10/site-packages/airflow/example_dags/example_sensor_decorator.py
[2024-12-06T23:30:42.111-0600] {processor.py:914} INFO - Processing file /home/m9d9v9/PycharmProjects/Airflow-2/Airflow-2/.venv/lib/python3.10/site-packages/airflow/example_dags/example_sensor_decorator.py for tasks to queue
[2024-12-06T23:30:42.113-0600] {logging_mixin.py:190} INFO - [2024-12-06T23:30:42.112-0600] {dagbag.py:588} INFO - Filling up the DagBag from /home/m9d9v9/PycharmProjects/Airflow-2/Airflow-2/.venv/lib/python3.10/site-packages/airflow/example_dags/example_sensor_decorator.py
[2024-12-06T23:30:42.130-0600] {processor.py:925} INFO - DAG(s) 'example_sensor_decorator' retrieved from /home/m9d9v9/PycharmProjects/Airflow-2/Airflow-2/.venv/lib/python3.10/site-packages/airflow/example_dags/example_sensor_decorator.py
[2024-12-06T23:30:42.155-0600] {logging_mixin.py:190} INFO - [2024-12-06T23:30:42.155-0600] {dag.py:3239} INFO - Sync 1 DAGs
[2024-12-06T23:30:42.162-0600] {logging_mixin.py:190} INFO - [2024-12-06T23:30:42.162-0600] {dag.py:4180} INFO - Setting next_dagrun for example_sensor_decorator to None, run_after=None
[2024-12-06T23:30:42.173-0600] {processor.py:208} INFO - Processing /home/m9d9v9/PycharmProjects/Airflow-2/Airflow-2/.venv/lib/python3.10/site-packages/airflow/example_dags/example_sensor_decorator.py took 0.079 seconds
[2024-12-06T23:31:39.206-0600] {processor.py:186} INFO - Started process (PID=17951) to work on /home/m9d9v9/PycharmProjects/Airflow-2/Airflow-2/.venv/lib/python3.10/site-packages/airflow/example_dags/example_sensor_decorator.py
[2024-12-06T23:31:39.212-0600] {processor.py:914} INFO - Processing file /home/m9d9v9/PycharmProjects/Airflow-2/Airflow-2/.venv/lib/python3.10/site-packages/airflow/example_dags/example_sensor_decorator.py for tasks to queue
[2024-12-06T23:31:39.215-0600] {logging_mixin.py:190} INFO - [2024-12-06T23:31:39.214-0600] {dagbag.py:588} INFO - Filling up the DagBag from /home/m9d9v9/PycharmProjects/Airflow-2/Airflow-2/.venv/lib/python3.10/site-packages/airflow/example_dags/example_sensor_decorator.py
[2024-12-06T23:31:39.230-0600] {processor.py:925} INFO - DAG(s) 'example_sensor_decorator' retrieved from /home/m9d9v9/PycharmProjects/Airflow-2/Airflow-2/.venv/lib/python3.10/site-packages/airflow/example_dags/example_sensor_decorator.py
[2024-12-06T23:31:39.254-0600] {logging_mixin.py:190} INFO - [2024-12-06T23:31:39.254-0600] {dag.py:3239} INFO - Sync 1 DAGs
[2024-12-06T23:31:39.261-0600] {logging_mixin.py:190} INFO - [2024-12-06T23:31:39.261-0600] {dag.py:4180} INFO - Setting next_dagrun for example_sensor_decorator to None, run_after=None
[2024-12-06T23:31:39.274-0600] {processor.py:208} INFO - Processing /home/m9d9v9/PycharmProjects/Airflow-2/Airflow-2/.venv/lib/python3.10/site-packages/airflow/example_dags/example_sensor_decorator.py took 0.080 seconds
[2024-12-06T23:32:38.044-0600] {processor.py:186} INFO - Started process (PID=18061) to work on /home/m9d9v9/PycharmProjects/Airflow-2/Airflow-2/.venv/lib/python3.10/site-packages/airflow/example_dags/example_sensor_decorator.py
[2024-12-06T23:32:38.051-0600] {processor.py:914} INFO - Processing file /home/m9d9v9/PycharmProjects/Airflow-2/Airflow-2/.venv/lib/python3.10/site-packages/airflow/example_dags/example_sensor_decorator.py for tasks to queue
[2024-12-06T23:32:38.054-0600] {logging_mixin.py:190} INFO - [2024-12-06T23:32:38.053-0600] {dagbag.py:588} INFO - Filling up the DagBag from /home/m9d9v9/PycharmProjects/Airflow-2/Airflow-2/.venv/lib/python3.10/site-packages/airflow/example_dags/example_sensor_decorator.py
[2024-12-06T23:32:38.069-0600] {processor.py:925} INFO - DAG(s) 'example_sensor_decorator' retrieved from /home/m9d9v9/PycharmProjects/Airflow-2/Airflow-2/.venv/lib/python3.10/site-packages/airflow/example_dags/example_sensor_decorator.py
[2024-12-06T23:32:38.091-0600] {logging_mixin.py:190} INFO - [2024-12-06T23:32:38.091-0600] {dag.py:3239} INFO - Sync 1 DAGs
[2024-12-06T23:32:38.099-0600] {logging_mixin.py:190} INFO - [2024-12-06T23:32:38.098-0600] {dag.py:4180} INFO - Setting next_dagrun for example_sensor_decorator to None, run_after=None
[2024-12-06T23:32:38.111-0600] {processor.py:208} INFO - Processing /home/m9d9v9/PycharmProjects/Airflow-2/Airflow-2/.venv/lib/python3.10/site-packages/airflow/example_dags/example_sensor_decorator.py took 0.077 seconds
[2024-12-06T23:33:34.610-0600] {processor.py:186} INFO - Started process (PID=18129) to work on /home/m9d9v9/PycharmProjects/Airflow-2/Airflow-2/.venv/lib/python3.10/site-packages/airflow/example_dags/example_sensor_decorator.py
[2024-12-06T23:33:34.617-0600] {processor.py:914} INFO - Processing file /home/m9d9v9/PycharmProjects/Airflow-2/Airflow-2/.venv/lib/python3.10/site-packages/airflow/example_dags/example_sensor_decorator.py for tasks to queue
[2024-12-06T23:33:34.619-0600] {logging_mixin.py:190} INFO - [2024-12-06T23:33:34.618-0600] {dagbag.py:588} INFO - Filling up the DagBag from /home/m9d9v9/PycharmProjects/Airflow-2/Airflow-2/.venv/lib/python3.10/site-packages/airflow/example_dags/example_sensor_decorator.py
[2024-12-06T23:33:34.635-0600] {processor.py:925} INFO - DAG(s) 'example_sensor_decorator' retrieved from /home/m9d9v9/PycharmProjects/Airflow-2/Airflow-2/.venv/lib/python3.10/site-packages/airflow/example_dags/example_sensor_decorator.py
[2024-12-06T23:33:34.659-0600] {logging_mixin.py:190} INFO - [2024-12-06T23:33:34.659-0600] {dag.py:3239} INFO - Sync 1 DAGs
[2024-12-06T23:33:34.667-0600] {logging_mixin.py:190} INFO - [2024-12-06T23:33:34.667-0600] {dag.py:4180} INFO - Setting next_dagrun for example_sensor_decorator to None, run_after=None
[2024-12-06T23:33:34.678-0600] {processor.py:208} INFO - Processing /home/m9d9v9/PycharmProjects/Airflow-2/Airflow-2/.venv/lib/python3.10/site-packages/airflow/example_dags/example_sensor_decorator.py took 0.079 seconds
[2024-12-06T23:34:30.137-0600] {processor.py:186} INFO - Started process (PID=18222) to work on /home/m9d9v9/PycharmProjects/Airflow-2/Airflow-2/.venv/lib/python3.10/site-packages/airflow/example_dags/example_sensor_decorator.py
[2024-12-06T23:34:30.138-0600] {processor.py:914} INFO - Processing file /home/m9d9v9/PycharmProjects/Airflow-2/Airflow-2/.venv/lib/python3.10/site-packages/airflow/example_dags/example_sensor_decorator.py for tasks to queue
[2024-12-06T23:34:30.139-0600] {logging_mixin.py:190} INFO - [2024-12-06T23:34:30.139-0600] {dagbag.py:588} INFO - Filling up the DagBag from /home/m9d9v9/PycharmProjects/Airflow-2/Airflow-2/.venv/lib/python3.10/site-packages/airflow/example_dags/example_sensor_decorator.py
[2024-12-06T23:34:30.144-0600] {processor.py:925} INFO - DAG(s) 'example_sensor_decorator' retrieved from /home/m9d9v9/PycharmProjects/Airflow-2/Airflow-2/.venv/lib/python3.10/site-packages/airflow/example_dags/example_sensor_decorator.py
[2024-12-06T23:34:30.154-0600] {logging_mixin.py:190} INFO - [2024-12-06T23:34:30.154-0600] {dag.py:3239} INFO - Sync 1 DAGs
[2024-12-06T23:34:30.163-0600] {logging_mixin.py:190} INFO - [2024-12-06T23:34:30.162-0600] {dag.py:4180} INFO - Setting next_dagrun for example_sensor_decorator to None, run_after=None
[2024-12-06T23:34:30.279-0600] {processor.py:208} INFO - Processing /home/m9d9v9/PycharmProjects/Airflow-2/Airflow-2/.venv/lib/python3.10/site-packages/airflow/example_dags/example_sensor_decorator.py took 0.146 seconds
[2024-12-06T23:35:33.704-0600] {processor.py:186} INFO - Started process (PID=18335) to work on /home/m9d9v9/PycharmProjects/Airflow-2/Airflow-2/.venv/lib/python3.10/site-packages/airflow/example_dags/example_sensor_decorator.py
[2024-12-06T23:35:33.710-0600] {processor.py:914} INFO - Processing file /home/m9d9v9/PycharmProjects/Airflow-2/Airflow-2/.venv/lib/python3.10/site-packages/airflow/example_dags/example_sensor_decorator.py for tasks to queue
[2024-12-06T23:35:33.711-0600] {logging_mixin.py:190} INFO - [2024-12-06T23:35:33.711-0600] {dagbag.py:588} INFO - Filling up the DagBag from /home/m9d9v9/PycharmProjects/Airflow-2/Airflow-2/.venv/lib/python3.10/site-packages/airflow/example_dags/example_sensor_decorator.py
[2024-12-06T23:35:33.718-0600] {processor.py:925} INFO - DAG(s) 'example_sensor_decorator' retrieved from /home/m9d9v9/PycharmProjects/Airflow-2/Airflow-2/.venv/lib/python3.10/site-packages/airflow/example_dags/example_sensor_decorator.py
[2024-12-06T23:35:33.730-0600] {logging_mixin.py:190} INFO - [2024-12-06T23:35:33.730-0600] {dag.py:3239} INFO - Sync 1 DAGs
[2024-12-06T23:35:33.739-0600] {logging_mixin.py:190} INFO - [2024-12-06T23:35:33.739-0600] {dag.py:4180} INFO - Setting next_dagrun for example_sensor_decorator to None, run_after=None
[2024-12-06T23:35:33.854-0600] {processor.py:208} INFO - Processing /home/m9d9v9/PycharmProjects/Airflow-2/Airflow-2/.venv/lib/python3.10/site-packages/airflow/example_dags/example_sensor_decorator.py took 0.156 seconds
[2024-12-06T23:36:37.725-0600] {processor.py:186} INFO - Started process (PID=18410) to work on /home/m9d9v9/PycharmProjects/Airflow-2/Airflow-2/.venv/lib/python3.10/site-packages/airflow/example_dags/example_sensor_decorator.py
[2024-12-06T23:36:37.731-0600] {processor.py:914} INFO - Processing file /home/m9d9v9/PycharmProjects/Airflow-2/Airflow-2/.venv/lib/python3.10/site-packages/airflow/example_dags/example_sensor_decorator.py for tasks to queue
[2024-12-06T23:36:37.734-0600] {logging_mixin.py:190} INFO - [2024-12-06T23:36:37.733-0600] {dagbag.py:588} INFO - Filling up the DagBag from /home/m9d9v9/PycharmProjects/Airflow-2/Airflow-2/.venv/lib/python3.10/site-packages/airflow/example_dags/example_sensor_decorator.py
[2024-12-06T23:36:37.750-0600] {processor.py:925} INFO - DAG(s) 'example_sensor_decorator' retrieved from /home/m9d9v9/PycharmProjects/Airflow-2/Airflow-2/.venv/lib/python3.10/site-packages/airflow/example_dags/example_sensor_decorator.py
[2024-12-06T23:36:37.775-0600] {logging_mixin.py:190} INFO - [2024-12-06T23:36:37.775-0600] {dag.py:3239} INFO - Sync 1 DAGs
[2024-12-06T23:36:37.782-0600] {logging_mixin.py:190} INFO - [2024-12-06T23:36:37.782-0600] {dag.py:4180} INFO - Setting next_dagrun for example_sensor_decorator to None, run_after=None
[2024-12-06T23:36:37.793-0600] {processor.py:208} INFO - Processing /home/m9d9v9/PycharmProjects/Airflow-2/Airflow-2/.venv/lib/python3.10/site-packages/airflow/example_dags/example_sensor_decorator.py took 0.079 seconds
[2024-12-06T23:37:38.791-0600] {processor.py:186} INFO - Started process (PID=18697) to work on /home/m9d9v9/PycharmProjects/Airflow-2/Airflow-2/.venv/lib/python3.10/site-packages/airflow/example_dags/example_sensor_decorator.py
[2024-12-06T23:37:38.797-0600] {processor.py:914} INFO - Processing file /home/m9d9v9/PycharmProjects/Airflow-2/Airflow-2/.venv/lib/python3.10/site-packages/airflow/example_dags/example_sensor_decorator.py for tasks to queue
[2024-12-06T23:37:38.798-0600] {logging_mixin.py:190} INFO - [2024-12-06T23:37:38.798-0600] {dagbag.py:588} INFO - Filling up the DagBag from /home/m9d9v9/PycharmProjects/Airflow-2/Airflow-2/.venv/lib/python3.10/site-packages/airflow/example_dags/example_sensor_decorator.py
[2024-12-06T23:37:38.804-0600] {processor.py:925} INFO - DAG(s) 'example_sensor_decorator' retrieved from /home/m9d9v9/PycharmProjects/Airflow-2/Airflow-2/.venv/lib/python3.10/site-packages/airflow/example_dags/example_sensor_decorator.py
[2024-12-06T23:37:38.813-0600] {logging_mixin.py:190} INFO - [2024-12-06T23:37:38.812-0600] {dag.py:3239} INFO - Sync 1 DAGs
[2024-12-06T23:37:38.822-0600] {logging_mixin.py:190} INFO - [2024-12-06T23:37:38.822-0600] {dag.py:4180} INFO - Setting next_dagrun for example_sensor_decorator to None, run_after=None
[2024-12-06T23:37:38.838-0600] {processor.py:208} INFO - Processing /home/m9d9v9/PycharmProjects/Airflow-2/Airflow-2/.venv/lib/python3.10/site-packages/airflow/example_dags/example_sensor_decorator.py took 0.052 seconds
[2024-12-06T23:38:37.309-0600] {processor.py:186} INFO - Started process (PID=18830) to work on /home/m9d9v9/PycharmProjects/Airflow-2/Airflow-2/.venv/lib/python3.10/site-packages/airflow/example_dags/example_sensor_decorator.py
[2024-12-06T23:38:37.315-0600] {processor.py:914} INFO - Processing file /home/m9d9v9/PycharmProjects/Airflow-2/Airflow-2/.venv/lib/python3.10/site-packages/airflow/example_dags/example_sensor_decorator.py for tasks to queue
[2024-12-06T23:38:37.316-0600] {logging_mixin.py:190} INFO - [2024-12-06T23:38:37.316-0600] {dagbag.py:588} INFO - Filling up the DagBag from /home/m9d9v9/PycharmProjects/Airflow-2/Airflow-2/.venv/lib/python3.10/site-packages/airflow/example_dags/example_sensor_decorator.py
[2024-12-06T23:38:37.323-0600] {processor.py:925} INFO - DAG(s) 'example_sensor_decorator' retrieved from /home/m9d9v9/PycharmProjects/Airflow-2/Airflow-2/.venv/lib/python3.10/site-packages/airflow/example_dags/example_sensor_decorator.py
[2024-12-06T23:38:37.333-0600] {logging_mixin.py:190} INFO - [2024-12-06T23:38:37.333-0600] {dag.py:3239} INFO - Sync 1 DAGs
[2024-12-06T23:38:37.341-0600] {logging_mixin.py:190} INFO - [2024-12-06T23:38:37.341-0600] {dag.py:4180} INFO - Setting next_dagrun for example_sensor_decorator to None, run_after=None
[2024-12-06T23:38:37.353-0600] {processor.py:208} INFO - Processing /home/m9d9v9/PycharmProjects/Airflow-2/Airflow-2/.venv/lib/python3.10/site-packages/airflow/example_dags/example_sensor_decorator.py took 0.053 seconds
[2024-12-06T23:39:43.051-0600] {processor.py:186} INFO - Started process (PID=19079) to work on /home/m9d9v9/PycharmProjects/Airflow-2/Airflow-2/.venv/lib/python3.10/site-packages/airflow/example_dags/example_sensor_decorator.py
[2024-12-06T23:39:43.058-0600] {processor.py:914} INFO - Processing file /home/m9d9v9/PycharmProjects/Airflow-2/Airflow-2/.venv/lib/python3.10/site-packages/airflow/example_dags/example_sensor_decorator.py for tasks to queue
[2024-12-06T23:39:43.061-0600] {logging_mixin.py:190} INFO - [2024-12-06T23:39:43.060-0600] {dagbag.py:588} INFO - Filling up the DagBag from /home/m9d9v9/PycharmProjects/Airflow-2/Airflow-2/.venv/lib/python3.10/site-packages/airflow/example_dags/example_sensor_decorator.py
[2024-12-06T23:39:43.075-0600] {processor.py:925} INFO - DAG(s) 'example_sensor_decorator' retrieved from /home/m9d9v9/PycharmProjects/Airflow-2/Airflow-2/.venv/lib/python3.10/site-packages/airflow/example_dags/example_sensor_decorator.py
[2024-12-06T23:39:43.101-0600] {logging_mixin.py:190} INFO - [2024-12-06T23:39:43.100-0600] {dag.py:3239} INFO - Sync 1 DAGs
[2024-12-06T23:39:43.109-0600] {logging_mixin.py:190} INFO - [2024-12-06T23:39:43.109-0600] {dag.py:4180} INFO - Setting next_dagrun for example_sensor_decorator to None, run_after=None
[2024-12-06T23:39:43.120-0600] {processor.py:208} INFO - Processing /home/m9d9v9/PycharmProjects/Airflow-2/Airflow-2/.venv/lib/python3.10/site-packages/airflow/example_dags/example_sensor_decorator.py took 0.081 seconds
[2024-12-06T23:40:40.649-0600] {processor.py:186} INFO - Started process (PID=19266) to work on /home/m9d9v9/PycharmProjects/Airflow-2/Airflow-2/.venv/lib/python3.10/site-packages/airflow/example_dags/example_sensor_decorator.py
[2024-12-06T23:40:40.656-0600] {processor.py:914} INFO - Processing file /home/m9d9v9/PycharmProjects/Airflow-2/Airflow-2/.venv/lib/python3.10/site-packages/airflow/example_dags/example_sensor_decorator.py for tasks to queue
[2024-12-06T23:40:40.658-0600] {logging_mixin.py:190} INFO - [2024-12-06T23:40:40.657-0600] {dagbag.py:588} INFO - Filling up the DagBag from /home/m9d9v9/PycharmProjects/Airflow-2/Airflow-2/.venv/lib/python3.10/site-packages/airflow/example_dags/example_sensor_decorator.py
[2024-12-06T23:40:40.675-0600] {processor.py:925} INFO - DAG(s) 'example_sensor_decorator' retrieved from /home/m9d9v9/PycharmProjects/Airflow-2/Airflow-2/.venv/lib/python3.10/site-packages/airflow/example_dags/example_sensor_decorator.py
[2024-12-06T23:40:40.690-0600] {logging_mixin.py:190} INFO - [2024-12-06T23:40:40.689-0600] {dag.py:3239} INFO - Sync 1 DAGs
[2024-12-06T23:40:40.698-0600] {logging_mixin.py:190} INFO - [2024-12-06T23:40:40.698-0600] {dag.py:4180} INFO - Setting next_dagrun for example_sensor_decorator to None, run_after=None
[2024-12-06T23:40:40.711-0600] {processor.py:208} INFO - Processing /home/m9d9v9/PycharmProjects/Airflow-2/Airflow-2/.venv/lib/python3.10/site-packages/airflow/example_dags/example_sensor_decorator.py took 0.074 seconds
[2024-12-06T23:41:32.723-0600] {processor.py:186} INFO - Started process (PID=19348) to work on /home/m9d9v9/PycharmProjects/Airflow-2/Airflow-2/.venv/lib/python3.10/site-packages/airflow/example_dags/example_sensor_decorator.py
[2024-12-06T23:41:32.724-0600] {processor.py:914} INFO - Processing file /home/m9d9v9/PycharmProjects/Airflow-2/Airflow-2/.venv/lib/python3.10/site-packages/airflow/example_dags/example_sensor_decorator.py for tasks to queue
[2024-12-06T23:41:32.726-0600] {logging_mixin.py:190} INFO - [2024-12-06T23:41:32.725-0600] {dagbag.py:588} INFO - Filling up the DagBag from /home/m9d9v9/PycharmProjects/Airflow-2/Airflow-2/.venv/lib/python3.10/site-packages/airflow/example_dags/example_sensor_decorator.py
[2024-12-06T23:41:32.734-0600] {processor.py:925} INFO - DAG(s) 'example_sensor_decorator' retrieved from /home/m9d9v9/PycharmProjects/Airflow-2/Airflow-2/.venv/lib/python3.10/site-packages/airflow/example_dags/example_sensor_decorator.py
[2024-12-06T23:41:32.754-0600] {logging_mixin.py:190} INFO - [2024-12-06T23:41:32.753-0600] {dag.py:3239} INFO - Sync 1 DAGs
[2024-12-06T23:41:32.768-0600] {logging_mixin.py:190} INFO - [2024-12-06T23:41:32.768-0600] {dag.py:4180} INFO - Setting next_dagrun for example_sensor_decorator to None, run_after=None
[2024-12-06T23:41:32.781-0600] {processor.py:208} INFO - Processing /home/m9d9v9/PycharmProjects/Airflow-2/Airflow-2/.venv/lib/python3.10/site-packages/airflow/example_dags/example_sensor_decorator.py took 0.064 seconds
