[2024-12-06T22:18:27.176-0600] {processor.py:186} INFO - Started process (PID=12333) to work on /home/m9d9v9/PycharmProjects/Airflow-2/Airflow-2/.venv/lib/python3.10/site-packages/airflow/example_dags/example_sla_dag.py
[2024-12-06T22:18:27.177-0600] {processor.py:914} INFO - Processing file /home/m9d9v9/PycharmProjects/Airflow-2/Airflow-2/.venv/lib/python3.10/site-packages/airflow/example_dags/example_sla_dag.py for tasks to queue
[2024-12-06T22:18:27.179-0600] {logging_mixin.py:190} INFO - [2024-12-06T22:18:27.178-0600] {dagbag.py:588} INFO - Filling up the DagBag from /home/m9d9v9/PycharmProjects/Airflow-2/Airflow-2/.venv/lib/python3.10/site-packages/airflow/example_dags/example_sla_dag.py
[2024-12-06T22:18:27.187-0600] {processor.py:925} INFO - DAG(s) 'example_sla_dag' retrieved from /home/m9d9v9/PycharmProjects/Airflow-2/Airflow-2/.venv/lib/python3.10/site-packages/airflow/example_dags/example_sla_dag.py
[2024-12-06T22:18:27.259-0600] {logging_mixin.py:190} INFO - [2024-12-06T22:18:27.258-0600] {override.py:1911} INFO - Created Permission View: can edit on DAG:example_sla_dag
[2024-12-06T22:18:27.266-0600] {logging_mixin.py:190} INFO - [2024-12-06T22:18:27.265-0600] {override.py:1911} INFO - Created Permission View: can read on DAG:example_sla_dag
[2024-12-06T22:18:27.270-0600] {logging_mixin.py:190} INFO - [2024-12-06T22:18:27.270-0600] {override.py:1911} INFO - Created Permission View: can delete on DAG:example_sla_dag
[2024-12-06T22:18:27.277-0600] {logging_mixin.py:190} INFO - [2024-12-06T22:18:27.277-0600] {override.py:1911} INFO - Created Permission View: menu access on DAG Run:example_sla_dag
[2024-12-06T22:18:27.287-0600] {logging_mixin.py:190} INFO - [2024-12-06T22:18:27.287-0600] {override.py:1911} INFO - Created Permission View: can create on DAG Run:example_sla_dag
[2024-12-06T22:18:27.300-0600] {logging_mixin.py:190} INFO - [2024-12-06T22:18:27.299-0600] {override.py:1911} INFO - Created Permission View: can read on DAG Run:example_sla_dag
[2024-12-06T22:18:27.314-0600] {logging_mixin.py:190} INFO - [2024-12-06T22:18:27.313-0600] {override.py:1911} INFO - Created Permission View: can delete on DAG Run:example_sla_dag
[2024-12-06T22:18:27.314-0600] {logging_mixin.py:190} INFO - [2024-12-06T22:18:27.314-0600] {dag.py:3239} INFO - Sync 1 DAGs
[2024-12-06T22:18:27.321-0600] {logging_mixin.py:190} INFO - [2024-12-06T22:18:27.321-0600] {dag.py:3262} INFO - Creating ORM DAG for example_sla_dag
[2024-12-06T22:18:27.328-0600] {logging_mixin.py:190} INFO - [2024-12-06T22:18:27.328-0600] {dag.py:4180} INFO - Setting next_dagrun for example_sla_dag to 2024-12-07 04:16:00+00:00, run_after=2024-12-07 04:18:00+00:00
[2024-12-06T22:18:27.338-0600] {processor.py:208} INFO - Processing /home/m9d9v9/PycharmProjects/Airflow-2/Airflow-2/.venv/lib/python3.10/site-packages/airflow/example_dags/example_sla_dag.py took 0.166 seconds
[2024-12-06T22:19:33.133-0600] {processor.py:186} INFO - Started process (PID=12578) to work on /home/m9d9v9/PycharmProjects/Airflow-2/Airflow-2/.venv/lib/python3.10/site-packages/airflow/example_dags/example_sla_dag.py
[2024-12-06T22:19:33.139-0600] {processor.py:914} INFO - Processing file /home/m9d9v9/PycharmProjects/Airflow-2/Airflow-2/.venv/lib/python3.10/site-packages/airflow/example_dags/example_sla_dag.py for tasks to queue
[2024-12-06T22:19:33.141-0600] {logging_mixin.py:190} INFO - [2024-12-06T22:19:33.141-0600] {dagbag.py:588} INFO - Filling up the DagBag from /home/m9d9v9/PycharmProjects/Airflow-2/Airflow-2/.venv/lib/python3.10/site-packages/airflow/example_dags/example_sla_dag.py
[2024-12-06T22:19:33.151-0600] {processor.py:925} INFO - DAG(s) 'example_sla_dag' retrieved from /home/m9d9v9/PycharmProjects/Airflow-2/Airflow-2/.venv/lib/python3.10/site-packages/airflow/example_dags/example_sla_dag.py
[2024-12-06T22:19:33.163-0600] {logging_mixin.py:190} INFO - [2024-12-06T22:19:33.163-0600] {dag.py:3239} INFO - Sync 1 DAGs
[2024-12-06T22:19:33.179-0600] {logging_mixin.py:190} INFO - [2024-12-06T22:19:33.179-0600] {dag.py:4180} INFO - Setting next_dagrun for example_sla_dag to 2024-12-07 04:16:00+00:00, run_after=2024-12-07 04:18:00+00:00
[2024-12-06T22:19:33.196-0600] {processor.py:208} INFO - Processing /home/m9d9v9/PycharmProjects/Airflow-2/Airflow-2/.venv/lib/python3.10/site-packages/airflow/example_dags/example_sla_dag.py took 0.069 seconds
[2024-12-06T22:20:28.345-0600] {processor.py:186} INFO - Started process (PID=12663) to work on /home/m9d9v9/PycharmProjects/Airflow-2/Airflow-2/.venv/lib/python3.10/site-packages/airflow/example_dags/example_sla_dag.py
[2024-12-06T22:20:28.352-0600] {processor.py:914} INFO - Processing file /home/m9d9v9/PycharmProjects/Airflow-2/Airflow-2/.venv/lib/python3.10/site-packages/airflow/example_dags/example_sla_dag.py for tasks to queue
[2024-12-06T22:20:28.356-0600] {logging_mixin.py:190} INFO - [2024-12-06T22:20:28.355-0600] {dagbag.py:588} INFO - Filling up the DagBag from /home/m9d9v9/PycharmProjects/Airflow-2/Airflow-2/.venv/lib/python3.10/site-packages/airflow/example_dags/example_sla_dag.py
[2024-12-06T22:20:28.372-0600] {processor.py:925} INFO - DAG(s) 'example_sla_dag' retrieved from /home/m9d9v9/PycharmProjects/Airflow-2/Airflow-2/.venv/lib/python3.10/site-packages/airflow/example_dags/example_sla_dag.py
[2024-12-06T22:20:28.393-0600] {logging_mixin.py:190} INFO - [2024-12-06T22:20:28.392-0600] {dag.py:3239} INFO - Sync 1 DAGs
[2024-12-06T22:20:28.419-0600] {logging_mixin.py:190} INFO - [2024-12-06T22:20:28.418-0600] {dag.py:4180} INFO - Setting next_dagrun for example_sla_dag to 2024-12-07 04:18:00+00:00, run_after=2024-12-07 04:20:00+00:00
[2024-12-06T22:20:28.439-0600] {processor.py:208} INFO - Processing /home/m9d9v9/PycharmProjects/Airflow-2/Airflow-2/.venv/lib/python3.10/site-packages/airflow/example_dags/example_sla_dag.py took 0.103 seconds
[2024-12-06T22:21:20.460-0600] {processor.py:186} INFO - Started process (PID=12728) to work on /home/m9d9v9/PycharmProjects/Airflow-2/Airflow-2/.venv/lib/python3.10/site-packages/airflow/example_dags/example_sla_dag.py
[2024-12-06T22:21:20.467-0600] {processor.py:914} INFO - Processing file /home/m9d9v9/PycharmProjects/Airflow-2/Airflow-2/.venv/lib/python3.10/site-packages/airflow/example_dags/example_sla_dag.py for tasks to queue
[2024-12-06T22:21:20.470-0600] {logging_mixin.py:190} INFO - [2024-12-06T22:21:20.469-0600] {dagbag.py:588} INFO - Filling up the DagBag from /home/m9d9v9/PycharmProjects/Airflow-2/Airflow-2/.venv/lib/python3.10/site-packages/airflow/example_dags/example_sla_dag.py
[2024-12-06T22:21:20.482-0600] {processor.py:925} INFO - DAG(s) 'example_sla_dag' retrieved from /home/m9d9v9/PycharmProjects/Airflow-2/Airflow-2/.venv/lib/python3.10/site-packages/airflow/example_dags/example_sla_dag.py
[2024-12-06T22:21:20.501-0600] {logging_mixin.py:190} INFO - [2024-12-06T22:21:20.500-0600] {dag.py:3239} INFO - Sync 1 DAGs
[2024-12-06T22:21:20.521-0600] {logging_mixin.py:190} INFO - [2024-12-06T22:21:20.520-0600] {dag.py:4180} INFO - Setting next_dagrun for example_sla_dag to 2024-12-07 04:18:00+00:00, run_after=2024-12-07 04:20:00+00:00
[2024-12-06T22:21:20.541-0600] {processor.py:208} INFO - Processing /home/m9d9v9/PycharmProjects/Airflow-2/Airflow-2/.venv/lib/python3.10/site-packages/airflow/example_dags/example_sla_dag.py took 0.091 seconds
[2024-12-06T22:22:16.411-0600] {processor.py:186} INFO - Started process (PID=12805) to work on /home/m9d9v9/PycharmProjects/Airflow-2/Airflow-2/.venv/lib/python3.10/site-packages/airflow/example_dags/example_sla_dag.py
[2024-12-06T22:22:16.417-0600] {processor.py:914} INFO - Processing file /home/m9d9v9/PycharmProjects/Airflow-2/Airflow-2/.venv/lib/python3.10/site-packages/airflow/example_dags/example_sla_dag.py for tasks to queue
[2024-12-06T22:22:16.422-0600] {logging_mixin.py:190} INFO - [2024-12-06T22:22:16.421-0600] {dagbag.py:588} INFO - Filling up the DagBag from /home/m9d9v9/PycharmProjects/Airflow-2/Airflow-2/.venv/lib/python3.10/site-packages/airflow/example_dags/example_sla_dag.py
[2024-12-06T22:22:16.441-0600] {processor.py:925} INFO - DAG(s) 'example_sla_dag' retrieved from /home/m9d9v9/PycharmProjects/Airflow-2/Airflow-2/.venv/lib/python3.10/site-packages/airflow/example_dags/example_sla_dag.py
[2024-12-06T22:22:16.461-0600] {logging_mixin.py:190} INFO - [2024-12-06T22:22:16.461-0600] {dag.py:3239} INFO - Sync 1 DAGs
[2024-12-06T22:22:16.476-0600] {logging_mixin.py:190} INFO - [2024-12-06T22:22:16.476-0600] {dag.py:4180} INFO - Setting next_dagrun for example_sla_dag to 2024-12-07 04:20:00+00:00, run_after=2024-12-07 04:22:00+00:00
[2024-12-06T22:22:16.489-0600] {processor.py:208} INFO - Processing /home/m9d9v9/PycharmProjects/Airflow-2/Airflow-2/.venv/lib/python3.10/site-packages/airflow/example_dags/example_sla_dag.py took 0.092 seconds
[2024-12-06T22:22:57.634-0600] {processor.py:186} INFO - Started process (PID=12917) to work on /home/m9d9v9/PycharmProjects/Airflow-2/Airflow-2/.venv/lib/python3.10/site-packages/airflow/example_dags/example_sla_dag.py
[2024-12-06T22:22:57.640-0600] {processor.py:914} INFO - Processing file /home/m9d9v9/PycharmProjects/Airflow-2/Airflow-2/.venv/lib/python3.10/site-packages/airflow/example_dags/example_sla_dag.py for tasks to queue
[2024-12-06T22:22:57.642-0600] {logging_mixin.py:190} INFO - [2024-12-06T22:22:57.642-0600] {dagbag.py:588} INFO - Filling up the DagBag from /home/m9d9v9/PycharmProjects/Airflow-2/Airflow-2/.venv/lib/python3.10/site-packages/airflow/example_dags/example_sla_dag.py
[2024-12-06T22:22:57.653-0600] {processor.py:925} INFO - DAG(s) 'example_sla_dag' retrieved from /home/m9d9v9/PycharmProjects/Airflow-2/Airflow-2/.venv/lib/python3.10/site-packages/airflow/example_dags/example_sla_dag.py
[2024-12-06T22:22:57.666-0600] {logging_mixin.py:190} INFO - [2024-12-06T22:22:57.666-0600] {dag.py:3239} INFO - Sync 1 DAGs
[2024-12-06T22:22:57.686-0600] {logging_mixin.py:190} INFO - [2024-12-06T22:22:57.686-0600] {dag.py:4180} INFO - Setting next_dagrun for example_sla_dag to 2024-12-07 04:20:00+00:00, run_after=2024-12-07 04:22:00+00:00
[2024-12-06T22:22:57.703-0600] {processor.py:208} INFO - Processing /home/m9d9v9/PycharmProjects/Airflow-2/Airflow-2/.venv/lib/python3.10/site-packages/airflow/example_dags/example_sla_dag.py took 0.075 seconds
[2024-12-06T22:23:54.448-0600] {processor.py:186} INFO - Started process (PID=12990) to work on /home/m9d9v9/PycharmProjects/Airflow-2/Airflow-2/.venv/lib/python3.10/site-packages/airflow/example_dags/example_sla_dag.py
[2024-12-06T22:23:54.454-0600] {processor.py:914} INFO - Processing file /home/m9d9v9/PycharmProjects/Airflow-2/Airflow-2/.venv/lib/python3.10/site-packages/airflow/example_dags/example_sla_dag.py for tasks to queue
[2024-12-06T22:23:54.455-0600] {logging_mixin.py:190} INFO - [2024-12-06T22:23:54.455-0600] {dagbag.py:588} INFO - Filling up the DagBag from /home/m9d9v9/PycharmProjects/Airflow-2/Airflow-2/.venv/lib/python3.10/site-packages/airflow/example_dags/example_sla_dag.py
[2024-12-06T22:23:54.468-0600] {processor.py:925} INFO - DAG(s) 'example_sla_dag' retrieved from /home/m9d9v9/PycharmProjects/Airflow-2/Airflow-2/.venv/lib/python3.10/site-packages/airflow/example_dags/example_sla_dag.py
[2024-12-06T22:23:54.479-0600] {logging_mixin.py:190} INFO - [2024-12-06T22:23:54.479-0600] {dag.py:3239} INFO - Sync 1 DAGs
[2024-12-06T22:23:54.494-0600] {logging_mixin.py:190} INFO - [2024-12-06T22:23:54.494-0600] {dag.py:4180} INFO - Setting next_dagrun for example_sla_dag to 2024-12-07 04:20:00+00:00, run_after=2024-12-07 04:22:00+00:00
[2024-12-06T22:23:54.507-0600] {processor.py:208} INFO - Processing /home/m9d9v9/PycharmProjects/Airflow-2/Airflow-2/.venv/lib/python3.10/site-packages/airflow/example_dags/example_sla_dag.py took 0.064 seconds
[2024-12-06T22:24:50.395-0600] {processor.py:186} INFO - Started process (PID=13069) to work on /home/m9d9v9/PycharmProjects/Airflow-2/Airflow-2/.venv/lib/python3.10/site-packages/airflow/example_dags/example_sla_dag.py
[2024-12-06T22:24:50.402-0600] {processor.py:914} INFO - Processing file /home/m9d9v9/PycharmProjects/Airflow-2/Airflow-2/.venv/lib/python3.10/site-packages/airflow/example_dags/example_sla_dag.py for tasks to queue
[2024-12-06T22:24:50.404-0600] {logging_mixin.py:190} INFO - [2024-12-06T22:24:50.403-0600] {dagbag.py:588} INFO - Filling up the DagBag from /home/m9d9v9/PycharmProjects/Airflow-2/Airflow-2/.venv/lib/python3.10/site-packages/airflow/example_dags/example_sla_dag.py
[2024-12-06T22:24:50.426-0600] {processor.py:925} INFO - DAG(s) 'example_sla_dag' retrieved from /home/m9d9v9/PycharmProjects/Airflow-2/Airflow-2/.venv/lib/python3.10/site-packages/airflow/example_dags/example_sla_dag.py
[2024-12-06T22:24:50.447-0600] {logging_mixin.py:190} INFO - [2024-12-06T22:24:50.446-0600] {dag.py:3239} INFO - Sync 1 DAGs
[2024-12-06T22:24:50.461-0600] {logging_mixin.py:190} INFO - [2024-12-06T22:24:50.461-0600] {dag.py:4180} INFO - Setting next_dagrun for example_sla_dag to 2024-12-07 04:22:00+00:00, run_after=2024-12-07 04:24:00+00:00
[2024-12-06T22:24:50.474-0600] {processor.py:208} INFO - Processing /home/m9d9v9/PycharmProjects/Airflow-2/Airflow-2/.venv/lib/python3.10/site-packages/airflow/example_dags/example_sla_dag.py took 0.092 seconds
[2024-12-06T22:25:47.432-0600] {processor.py:186} INFO - Started process (PID=13148) to work on /home/m9d9v9/PycharmProjects/Airflow-2/Airflow-2/.venv/lib/python3.10/site-packages/airflow/example_dags/example_sla_dag.py
[2024-12-06T22:25:47.439-0600] {processor.py:914} INFO - Processing file /home/m9d9v9/PycharmProjects/Airflow-2/Airflow-2/.venv/lib/python3.10/site-packages/airflow/example_dags/example_sla_dag.py for tasks to queue
[2024-12-06T22:25:47.441-0600] {logging_mixin.py:190} INFO - [2024-12-06T22:25:47.440-0600] {dagbag.py:588} INFO - Filling up the DagBag from /home/m9d9v9/PycharmProjects/Airflow-2/Airflow-2/.venv/lib/python3.10/site-packages/airflow/example_dags/example_sla_dag.py
[2024-12-06T22:25:47.449-0600] {processor.py:925} INFO - DAG(s) 'example_sla_dag' retrieved from /home/m9d9v9/PycharmProjects/Airflow-2/Airflow-2/.venv/lib/python3.10/site-packages/airflow/example_dags/example_sla_dag.py
[2024-12-06T22:25:47.460-0600] {logging_mixin.py:190} INFO - [2024-12-06T22:25:47.460-0600] {dag.py:3239} INFO - Sync 1 DAGs
[2024-12-06T22:25:47.476-0600] {logging_mixin.py:190} INFO - [2024-12-06T22:25:47.476-0600] {dag.py:4180} INFO - Setting next_dagrun for example_sla_dag to 2024-12-07 04:22:00+00:00, run_after=2024-12-07 04:24:00+00:00
[2024-12-06T22:25:47.488-0600] {processor.py:208} INFO - Processing /home/m9d9v9/PycharmProjects/Airflow-2/Airflow-2/.venv/lib/python3.10/site-packages/airflow/example_dags/example_sla_dag.py took 0.060 seconds
[2024-12-06T22:26:44.138-0600] {processor.py:186} INFO - Started process (PID=13226) to work on /home/m9d9v9/PycharmProjects/Airflow-2/Airflow-2/.venv/lib/python3.10/site-packages/airflow/example_dags/example_sla_dag.py
[2024-12-06T22:26:44.140-0600] {processor.py:914} INFO - Processing file /home/m9d9v9/PycharmProjects/Airflow-2/Airflow-2/.venv/lib/python3.10/site-packages/airflow/example_dags/example_sla_dag.py for tasks to queue
[2024-12-06T22:26:44.142-0600] {logging_mixin.py:190} INFO - [2024-12-06T22:26:44.141-0600] {dagbag.py:588} INFO - Filling up the DagBag from /home/m9d9v9/PycharmProjects/Airflow-2/Airflow-2/.venv/lib/python3.10/site-packages/airflow/example_dags/example_sla_dag.py
[2024-12-06T22:26:44.178-0600] {processor.py:925} INFO - DAG(s) 'example_sla_dag' retrieved from /home/m9d9v9/PycharmProjects/Airflow-2/Airflow-2/.venv/lib/python3.10/site-packages/airflow/example_dags/example_sla_dag.py
[2024-12-06T22:26:44.226-0600] {logging_mixin.py:190} INFO - [2024-12-06T22:26:44.225-0600] {dag.py:3239} INFO - Sync 1 DAGs
[2024-12-06T22:26:44.260-0600] {logging_mixin.py:190} INFO - [2024-12-06T22:26:44.260-0600] {dag.py:4180} INFO - Setting next_dagrun for example_sla_dag to 2024-12-07 04:24:00+00:00, run_after=2024-12-07 04:26:00+00:00
[2024-12-06T22:26:44.282-0600] {processor.py:208} INFO - Processing /home/m9d9v9/PycharmProjects/Airflow-2/Airflow-2/.venv/lib/python3.10/site-packages/airflow/example_dags/example_sla_dag.py took 0.165 seconds
[2024-12-06T22:36:53.606-0600] {processor.py:186} INFO - Started process (PID=14547) to work on /home/m9d9v9/PycharmProjects/Airflow-2/Airflow-2/.venv/lib/python3.10/site-packages/airflow/example_dags/example_sla_dag.py
[2024-12-06T22:36:53.614-0600] {processor.py:914} INFO - Processing file /home/m9d9v9/PycharmProjects/Airflow-2/Airflow-2/.venv/lib/python3.10/site-packages/airflow/example_dags/example_sla_dag.py for tasks to queue
[2024-12-06T22:36:53.617-0600] {logging_mixin.py:190} INFO - [2024-12-06T22:36:53.617-0600] {dagbag.py:588} INFO - Filling up the DagBag from /home/m9d9v9/PycharmProjects/Airflow-2/Airflow-2/.venv/lib/python3.10/site-packages/airflow/example_dags/example_sla_dag.py
[2024-12-06T22:36:53.637-0600] {processor.py:925} INFO - DAG(s) 'example_sla_dag' retrieved from /home/m9d9v9/PycharmProjects/Airflow-2/Airflow-2/.venv/lib/python3.10/site-packages/airflow/example_dags/example_sla_dag.py
[2024-12-06T22:36:53.664-0600] {logging_mixin.py:190} INFO - [2024-12-06T22:36:53.664-0600] {dag.py:3239} INFO - Sync 1 DAGs
[2024-12-06T22:36:53.680-0600] {logging_mixin.py:190} INFO - [2024-12-06T22:36:53.680-0600] {dag.py:4180} INFO - Setting next_dagrun for example_sla_dag to 2024-12-07 04:34:00+00:00, run_after=2024-12-07 04:36:00+00:00
[2024-12-06T22:36:53.693-0600] {processor.py:208} INFO - Processing /home/m9d9v9/PycharmProjects/Airflow-2/Airflow-2/.venv/lib/python3.10/site-packages/airflow/example_dags/example_sla_dag.py took 0.096 seconds
[2024-12-06T22:37:50.696-0600] {processor.py:186} INFO - Started process (PID=14690) to work on /home/m9d9v9/PycharmProjects/Airflow-2/Airflow-2/.venv/lib/python3.10/site-packages/airflow/example_dags/example_sla_dag.py
[2024-12-06T22:37:50.703-0600] {processor.py:914} INFO - Processing file /home/m9d9v9/PycharmProjects/Airflow-2/Airflow-2/.venv/lib/python3.10/site-packages/airflow/example_dags/example_sla_dag.py for tasks to queue
[2024-12-06T22:37:50.707-0600] {logging_mixin.py:190} INFO - [2024-12-06T22:37:50.706-0600] {dagbag.py:588} INFO - Filling up the DagBag from /home/m9d9v9/PycharmProjects/Airflow-2/Airflow-2/.venv/lib/python3.10/site-packages/airflow/example_dags/example_sla_dag.py
[2024-12-06T22:37:50.727-0600] {processor.py:925} INFO - DAG(s) 'example_sla_dag' retrieved from /home/m9d9v9/PycharmProjects/Airflow-2/Airflow-2/.venv/lib/python3.10/site-packages/airflow/example_dags/example_sla_dag.py
[2024-12-06T22:37:50.747-0600] {logging_mixin.py:190} INFO - [2024-12-06T22:37:50.747-0600] {dag.py:3239} INFO - Sync 1 DAGs
[2024-12-06T22:37:50.761-0600] {logging_mixin.py:190} INFO - [2024-12-06T22:37:50.761-0600] {dag.py:4180} INFO - Setting next_dagrun for example_sla_dag to 2024-12-07 04:34:00+00:00, run_after=2024-12-07 04:36:00+00:00
[2024-12-06T22:37:50.773-0600] {processor.py:208} INFO - Processing /home/m9d9v9/PycharmProjects/Airflow-2/Airflow-2/.venv/lib/python3.10/site-packages/airflow/example_dags/example_sla_dag.py took 0.090 seconds
[2024-12-06T22:38:48.514-0600] {processor.py:186} INFO - Started process (PID=14789) to work on /home/m9d9v9/PycharmProjects/Airflow-2/Airflow-2/.venv/lib/python3.10/site-packages/airflow/example_dags/example_sla_dag.py
[2024-12-06T22:38:48.521-0600] {processor.py:914} INFO - Processing file /home/m9d9v9/PycharmProjects/Airflow-2/Airflow-2/.venv/lib/python3.10/site-packages/airflow/example_dags/example_sla_dag.py for tasks to queue
[2024-12-06T22:38:48.526-0600] {logging_mixin.py:190} INFO - [2024-12-06T22:38:48.525-0600] {dagbag.py:588} INFO - Filling up the DagBag from /home/m9d9v9/PycharmProjects/Airflow-2/Airflow-2/.venv/lib/python3.10/site-packages/airflow/example_dags/example_sla_dag.py
[2024-12-06T22:38:48.546-0600] {processor.py:925} INFO - DAG(s) 'example_sla_dag' retrieved from /home/m9d9v9/PycharmProjects/Airflow-2/Airflow-2/.venv/lib/python3.10/site-packages/airflow/example_dags/example_sla_dag.py
[2024-12-06T22:38:48.565-0600] {logging_mixin.py:190} INFO - [2024-12-06T22:38:48.565-0600] {dag.py:3239} INFO - Sync 1 DAGs
[2024-12-06T22:38:48.577-0600] {logging_mixin.py:190} INFO - [2024-12-06T22:38:48.577-0600] {dag.py:4180} INFO - Setting next_dagrun for example_sla_dag to 2024-12-07 04:36:00+00:00, run_after=2024-12-07 04:38:00+00:00
[2024-12-06T22:38:48.588-0600] {processor.py:208} INFO - Processing /home/m9d9v9/PycharmProjects/Airflow-2/Airflow-2/.venv/lib/python3.10/site-packages/airflow/example_dags/example_sla_dag.py took 0.085 seconds
[2024-12-06T22:39:45.421-0600] {processor.py:186} INFO - Started process (PID=14983) to work on /home/m9d9v9/PycharmProjects/Airflow-2/Airflow-2/.venv/lib/python3.10/site-packages/airflow/example_dags/example_sla_dag.py
[2024-12-06T22:39:45.422-0600] {processor.py:914} INFO - Processing file /home/m9d9v9/PycharmProjects/Airflow-2/Airflow-2/.venv/lib/python3.10/site-packages/airflow/example_dags/example_sla_dag.py for tasks to queue
[2024-12-06T22:39:45.425-0600] {logging_mixin.py:190} INFO - [2024-12-06T22:39:45.424-0600] {dagbag.py:588} INFO - Filling up the DagBag from /home/m9d9v9/PycharmProjects/Airflow-2/Airflow-2/.venv/lib/python3.10/site-packages/airflow/example_dags/example_sla_dag.py
[2024-12-06T22:39:45.436-0600] {processor.py:925} INFO - DAG(s) 'example_sla_dag' retrieved from /home/m9d9v9/PycharmProjects/Airflow-2/Airflow-2/.venv/lib/python3.10/site-packages/airflow/example_dags/example_sla_dag.py
[2024-12-06T22:39:45.451-0600] {logging_mixin.py:190} INFO - [2024-12-06T22:39:45.451-0600] {dag.py:3239} INFO - Sync 1 DAGs
[2024-12-06T22:39:45.474-0600] {logging_mixin.py:190} INFO - [2024-12-06T22:39:45.474-0600] {dag.py:4180} INFO - Setting next_dagrun for example_sla_dag to 2024-12-07 04:36:00+00:00, run_after=2024-12-07 04:38:00+00:00
[2024-12-06T22:39:45.488-0600] {processor.py:208} INFO - Processing /home/m9d9v9/PycharmProjects/Airflow-2/Airflow-2/.venv/lib/python3.10/site-packages/airflow/example_dags/example_sla_dag.py took 0.075 seconds
[2024-12-06T22:40:45.356-0600] {processor.py:186} INFO - Started process (PID=15110) to work on /home/m9d9v9/PycharmProjects/Airflow-2/Airflow-2/.venv/lib/python3.10/site-packages/airflow/example_dags/example_sla_dag.py
[2024-12-06T22:40:45.363-0600] {processor.py:914} INFO - Processing file /home/m9d9v9/PycharmProjects/Airflow-2/Airflow-2/.venv/lib/python3.10/site-packages/airflow/example_dags/example_sla_dag.py for tasks to queue
[2024-12-06T22:40:45.367-0600] {logging_mixin.py:190} INFO - [2024-12-06T22:40:45.366-0600] {dagbag.py:588} INFO - Filling up the DagBag from /home/m9d9v9/PycharmProjects/Airflow-2/Airflow-2/.venv/lib/python3.10/site-packages/airflow/example_dags/example_sla_dag.py
[2024-12-06T22:40:45.389-0600] {processor.py:925} INFO - DAG(s) 'example_sla_dag' retrieved from /home/m9d9v9/PycharmProjects/Airflow-2/Airflow-2/.venv/lib/python3.10/site-packages/airflow/example_dags/example_sla_dag.py
[2024-12-06T22:40:45.405-0600] {logging_mixin.py:190} INFO - [2024-12-06T22:40:45.404-0600] {dag.py:3239} INFO - Sync 1 DAGs
[2024-12-06T22:40:45.418-0600] {logging_mixin.py:190} INFO - [2024-12-06T22:40:45.418-0600] {dag.py:4180} INFO - Setting next_dagrun for example_sla_dag to 2024-12-07 04:38:00+00:00, run_after=2024-12-07 04:40:00+00:00
[2024-12-06T22:40:45.434-0600] {processor.py:208} INFO - Processing /home/m9d9v9/PycharmProjects/Airflow-2/Airflow-2/.venv/lib/python3.10/site-packages/airflow/example_dags/example_sla_dag.py took 0.096 seconds
[2024-12-06T23:25:00.934-0600] {processor.py:186} INFO - Started process (PID=17142) to work on /home/m9d9v9/PycharmProjects/Airflow-2/Airflow-2/.venv/lib/python3.10/site-packages/airflow/example_dags/example_sla_dag.py
[2024-12-06T23:25:00.936-0600] {processor.py:914} INFO - Processing file /home/m9d9v9/PycharmProjects/Airflow-2/Airflow-2/.venv/lib/python3.10/site-packages/airflow/example_dags/example_sla_dag.py for tasks to queue
[2024-12-06T23:25:00.939-0600] {logging_mixin.py:190} INFO - [2024-12-06T23:25:00.938-0600] {dagbag.py:588} INFO - Filling up the DagBag from /home/m9d9v9/PycharmProjects/Airflow-2/Airflow-2/.venv/lib/python3.10/site-packages/airflow/example_dags/example_sla_dag.py
[2024-12-06T23:25:00.949-0600] {processor.py:925} INFO - DAG(s) 'example_sla_dag' retrieved from /home/m9d9v9/PycharmProjects/Airflow-2/Airflow-2/.venv/lib/python3.10/site-packages/airflow/example_dags/example_sla_dag.py
[2024-12-06T23:25:00.966-0600] {logging_mixin.py:190} INFO - [2024-12-06T23:25:00.965-0600] {dag.py:3239} INFO - Sync 1 DAGs
[2024-12-06T23:25:00.980-0600] {logging_mixin.py:190} INFO - [2024-12-06T23:25:00.979-0600] {dag.py:4180} INFO - Setting next_dagrun for example_sla_dag to 2024-12-07 05:22:00+00:00, run_after=2024-12-07 05:24:00+00:00
[2024-12-06T23:25:00.990-0600] {processor.py:208} INFO - Processing /home/m9d9v9/PycharmProjects/Airflow-2/Airflow-2/.venv/lib/python3.10/site-packages/airflow/example_dags/example_sla_dag.py took 0.067 seconds
[2024-12-06T23:25:57.881-0600] {processor.py:186} INFO - Started process (PID=17367) to work on /home/m9d9v9/PycharmProjects/Airflow-2/Airflow-2/.venv/lib/python3.10/site-packages/airflow/example_dags/example_sla_dag.py
[2024-12-06T23:25:57.887-0600] {processor.py:914} INFO - Processing file /home/m9d9v9/PycharmProjects/Airflow-2/Airflow-2/.venv/lib/python3.10/site-packages/airflow/example_dags/example_sla_dag.py for tasks to queue
[2024-12-06T23:25:57.889-0600] {logging_mixin.py:190} INFO - [2024-12-06T23:25:57.889-0600] {dagbag.py:588} INFO - Filling up the DagBag from /home/m9d9v9/PycharmProjects/Airflow-2/Airflow-2/.venv/lib/python3.10/site-packages/airflow/example_dags/example_sla_dag.py
[2024-12-06T23:25:57.905-0600] {processor.py:925} INFO - DAG(s) 'example_sla_dag' retrieved from /home/m9d9v9/PycharmProjects/Airflow-2/Airflow-2/.venv/lib/python3.10/site-packages/airflow/example_dags/example_sla_dag.py
[2024-12-06T23:25:57.923-0600] {logging_mixin.py:190} INFO - [2024-12-06T23:25:57.923-0600] {dag.py:3239} INFO - Sync 1 DAGs
[2024-12-06T23:25:57.939-0600] {logging_mixin.py:190} INFO - [2024-12-06T23:25:57.939-0600] {dag.py:4180} INFO - Setting next_dagrun for example_sla_dag to 2024-12-07 05:22:00+00:00, run_after=2024-12-07 05:24:00+00:00
[2024-12-06T23:25:57.952-0600] {processor.py:208} INFO - Processing /home/m9d9v9/PycharmProjects/Airflow-2/Airflow-2/.venv/lib/python3.10/site-packages/airflow/example_dags/example_sla_dag.py took 0.079 seconds
[2024-12-06T23:26:54.728-0600] {processor.py:186} INFO - Started process (PID=17442) to work on /home/m9d9v9/PycharmProjects/Airflow-2/Airflow-2/.venv/lib/python3.10/site-packages/airflow/example_dags/example_sla_dag.py
[2024-12-06T23:26:54.729-0600] {processor.py:914} INFO - Processing file /home/m9d9v9/PycharmProjects/Airflow-2/Airflow-2/.venv/lib/python3.10/site-packages/airflow/example_dags/example_sla_dag.py for tasks to queue
[2024-12-06T23:26:54.730-0600] {logging_mixin.py:190} INFO - [2024-12-06T23:26:54.730-0600] {dagbag.py:588} INFO - Filling up the DagBag from /home/m9d9v9/PycharmProjects/Airflow-2/Airflow-2/.venv/lib/python3.10/site-packages/airflow/example_dags/example_sla_dag.py
[2024-12-06T23:26:54.737-0600] {processor.py:925} INFO - DAG(s) 'example_sla_dag' retrieved from /home/m9d9v9/PycharmProjects/Airflow-2/Airflow-2/.venv/lib/python3.10/site-packages/airflow/example_dags/example_sla_dag.py
[2024-12-06T23:26:54.746-0600] {logging_mixin.py:190} INFO - [2024-12-06T23:26:54.746-0600] {dag.py:3239} INFO - Sync 1 DAGs
[2024-12-06T23:26:54.759-0600] {logging_mixin.py:190} INFO - [2024-12-06T23:26:54.759-0600] {dag.py:4180} INFO - Setting next_dagrun for example_sla_dag to 2024-12-07 05:24:00+00:00, run_after=2024-12-07 05:26:00+00:00
[2024-12-06T23:26:54.769-0600] {processor.py:208} INFO - Processing /home/m9d9v9/PycharmProjects/Airflow-2/Airflow-2/.venv/lib/python3.10/site-packages/airflow/example_dags/example_sla_dag.py took 0.045 seconds
[2024-12-06T23:27:51.568-0600] {processor.py:186} INFO - Started process (PID=17514) to work on /home/m9d9v9/PycharmProjects/Airflow-2/Airflow-2/.venv/lib/python3.10/site-packages/airflow/example_dags/example_sla_dag.py
[2024-12-06T23:27:51.574-0600] {processor.py:914} INFO - Processing file /home/m9d9v9/PycharmProjects/Airflow-2/Airflow-2/.venv/lib/python3.10/site-packages/airflow/example_dags/example_sla_dag.py for tasks to queue
[2024-12-06T23:27:51.575-0600] {logging_mixin.py:190} INFO - [2024-12-06T23:27:51.575-0600] {dagbag.py:588} INFO - Filling up the DagBag from /home/m9d9v9/PycharmProjects/Airflow-2/Airflow-2/.venv/lib/python3.10/site-packages/airflow/example_dags/example_sla_dag.py
[2024-12-06T23:27:51.584-0600] {processor.py:925} INFO - DAG(s) 'example_sla_dag' retrieved from /home/m9d9v9/PycharmProjects/Airflow-2/Airflow-2/.venv/lib/python3.10/site-packages/airflow/example_dags/example_sla_dag.py
[2024-12-06T23:27:51.595-0600] {logging_mixin.py:190} INFO - [2024-12-06T23:27:51.595-0600] {dag.py:3239} INFO - Sync 1 DAGs
[2024-12-06T23:27:51.611-0600] {logging_mixin.py:190} INFO - [2024-12-06T23:27:51.611-0600] {dag.py:4180} INFO - Setting next_dagrun for example_sla_dag to 2024-12-07 05:24:00+00:00, run_after=2024-12-07 05:26:00+00:00
[2024-12-06T23:27:51.623-0600] {processor.py:208} INFO - Processing /home/m9d9v9/PycharmProjects/Airflow-2/Airflow-2/.venv/lib/python3.10/site-packages/airflow/example_dags/example_sla_dag.py took 0.061 seconds
[2024-12-06T23:28:49.625-0600] {processor.py:186} INFO - Started process (PID=17619) to work on /home/m9d9v9/PycharmProjects/Airflow-2/Airflow-2/.venv/lib/python3.10/site-packages/airflow/example_dags/example_sla_dag.py
[2024-12-06T23:28:49.631-0600] {processor.py:914} INFO - Processing file /home/m9d9v9/PycharmProjects/Airflow-2/Airflow-2/.venv/lib/python3.10/site-packages/airflow/example_dags/example_sla_dag.py for tasks to queue
[2024-12-06T23:28:49.632-0600] {logging_mixin.py:190} INFO - [2024-12-06T23:28:49.632-0600] {dagbag.py:588} INFO - Filling up the DagBag from /home/m9d9v9/PycharmProjects/Airflow-2/Airflow-2/.venv/lib/python3.10/site-packages/airflow/example_dags/example_sla_dag.py
[2024-12-06T23:28:49.639-0600] {processor.py:925} INFO - DAG(s) 'example_sla_dag' retrieved from /home/m9d9v9/PycharmProjects/Airflow-2/Airflow-2/.venv/lib/python3.10/site-packages/airflow/example_dags/example_sla_dag.py
[2024-12-06T23:28:49.651-0600] {logging_mixin.py:190} INFO - [2024-12-06T23:28:49.651-0600] {dag.py:3239} INFO - Sync 1 DAGs
[2024-12-06T23:28:49.666-0600] {logging_mixin.py:190} INFO - [2024-12-06T23:28:49.666-0600] {dag.py:4180} INFO - Setting next_dagrun for example_sla_dag to 2024-12-07 05:26:00+00:00, run_after=2024-12-07 05:28:00+00:00
[2024-12-06T23:28:49.681-0600] {processor.py:208} INFO - Processing /home/m9d9v9/PycharmProjects/Airflow-2/Airflow-2/.venv/lib/python3.10/site-packages/airflow/example_dags/example_sla_dag.py took 0.062 seconds
[2024-12-06T23:29:45.199-0600] {processor.py:186} INFO - Started process (PID=17759) to work on /home/m9d9v9/PycharmProjects/Airflow-2/Airflow-2/.venv/lib/python3.10/site-packages/airflow/example_dags/example_sla_dag.py
[2024-12-06T23:29:45.206-0600] {processor.py:914} INFO - Processing file /home/m9d9v9/PycharmProjects/Airflow-2/Airflow-2/.venv/lib/python3.10/site-packages/airflow/example_dags/example_sla_dag.py for tasks to queue
[2024-12-06T23:29:45.207-0600] {logging_mixin.py:190} INFO - [2024-12-06T23:29:45.207-0600] {dagbag.py:588} INFO - Filling up the DagBag from /home/m9d9v9/PycharmProjects/Airflow-2/Airflow-2/.venv/lib/python3.10/site-packages/airflow/example_dags/example_sla_dag.py
[2024-12-06T23:29:45.228-0600] {processor.py:925} INFO - DAG(s) 'example_sla_dag' retrieved from /home/m9d9v9/PycharmProjects/Airflow-2/Airflow-2/.venv/lib/python3.10/site-packages/airflow/example_dags/example_sla_dag.py
[2024-12-06T23:29:45.252-0600] {logging_mixin.py:190} INFO - [2024-12-06T23:29:45.251-0600] {dag.py:3239} INFO - Sync 1 DAGs
[2024-12-06T23:29:45.265-0600] {logging_mixin.py:190} INFO - [2024-12-06T23:29:45.265-0600] {dag.py:4180} INFO - Setting next_dagrun for example_sla_dag to 2024-12-07 05:26:00+00:00, run_after=2024-12-07 05:28:00+00:00
[2024-12-06T23:29:45.277-0600] {processor.py:208} INFO - Processing /home/m9d9v9/PycharmProjects/Airflow-2/Airflow-2/.venv/lib/python3.10/site-packages/airflow/example_dags/example_sla_dag.py took 0.087 seconds
[2024-12-06T23:30:41.622-0600] {processor.py:186} INFO - Started process (PID=17880) to work on /home/m9d9v9/PycharmProjects/Airflow-2/Airflow-2/.venv/lib/python3.10/site-packages/airflow/example_dags/example_sla_dag.py
[2024-12-06T23:30:41.629-0600] {processor.py:914} INFO - Processing file /home/m9d9v9/PycharmProjects/Airflow-2/Airflow-2/.venv/lib/python3.10/site-packages/airflow/example_dags/example_sla_dag.py for tasks to queue
[2024-12-06T23:30:41.631-0600] {logging_mixin.py:190} INFO - [2024-12-06T23:30:41.630-0600] {dagbag.py:588} INFO - Filling up the DagBag from /home/m9d9v9/PycharmProjects/Airflow-2/Airflow-2/.venv/lib/python3.10/site-packages/airflow/example_dags/example_sla_dag.py
[2024-12-06T23:30:41.651-0600] {processor.py:925} INFO - DAG(s) 'example_sla_dag' retrieved from /home/m9d9v9/PycharmProjects/Airflow-2/Airflow-2/.venv/lib/python3.10/site-packages/airflow/example_dags/example_sla_dag.py
[2024-12-06T23:30:41.672-0600] {logging_mixin.py:190} INFO - [2024-12-06T23:30:41.672-0600] {dag.py:3239} INFO - Sync 1 DAGs
[2024-12-06T23:30:41.685-0600] {logging_mixin.py:190} INFO - [2024-12-06T23:30:41.685-0600] {dag.py:4180} INFO - Setting next_dagrun for example_sla_dag to 2024-12-07 05:28:00+00:00, run_after=2024-12-07 05:30:00+00:00
[2024-12-06T23:30:41.696-0600] {processor.py:208} INFO - Processing /home/m9d9v9/PycharmProjects/Airflow-2/Airflow-2/.venv/lib/python3.10/site-packages/airflow/example_dags/example_sla_dag.py took 0.086 seconds
[2024-12-06T23:31:38.241-0600] {processor.py:186} INFO - Started process (PID=17948) to work on /home/m9d9v9/PycharmProjects/Airflow-2/Airflow-2/.venv/lib/python3.10/site-packages/airflow/example_dags/example_sla_dag.py
[2024-12-06T23:31:38.247-0600] {processor.py:914} INFO - Processing file /home/m9d9v9/PycharmProjects/Airflow-2/Airflow-2/.venv/lib/python3.10/site-packages/airflow/example_dags/example_sla_dag.py for tasks to queue
[2024-12-06T23:31:38.249-0600] {logging_mixin.py:190} INFO - [2024-12-06T23:31:38.248-0600] {dagbag.py:588} INFO - Filling up the DagBag from /home/m9d9v9/PycharmProjects/Airflow-2/Airflow-2/.venv/lib/python3.10/site-packages/airflow/example_dags/example_sla_dag.py
[2024-12-06T23:31:38.267-0600] {processor.py:925} INFO - DAG(s) 'example_sla_dag' retrieved from /home/m9d9v9/PycharmProjects/Airflow-2/Airflow-2/.venv/lib/python3.10/site-packages/airflow/example_dags/example_sla_dag.py
[2024-12-06T23:31:38.291-0600] {logging_mixin.py:190} INFO - [2024-12-06T23:31:38.291-0600] {dag.py:3239} INFO - Sync 1 DAGs
[2024-12-06T23:31:38.304-0600] {logging_mixin.py:190} INFO - [2024-12-06T23:31:38.304-0600] {dag.py:4180} INFO - Setting next_dagrun for example_sla_dag to 2024-12-07 05:28:00+00:00, run_after=2024-12-07 05:30:00+00:00
[2024-12-06T23:31:38.315-0600] {processor.py:208} INFO - Processing /home/m9d9v9/PycharmProjects/Airflow-2/Airflow-2/.venv/lib/python3.10/site-packages/airflow/example_dags/example_sla_dag.py took 0.083 seconds
[2024-12-06T23:32:37.469-0600] {processor.py:186} INFO - Started process (PID=18060) to work on /home/m9d9v9/PycharmProjects/Airflow-2/Airflow-2/.venv/lib/python3.10/site-packages/airflow/example_dags/example_sla_dag.py
[2024-12-06T23:32:37.476-0600] {processor.py:914} INFO - Processing file /home/m9d9v9/PycharmProjects/Airflow-2/Airflow-2/.venv/lib/python3.10/site-packages/airflow/example_dags/example_sla_dag.py for tasks to queue
[2024-12-06T23:32:37.479-0600] {logging_mixin.py:190} INFO - [2024-12-06T23:32:37.478-0600] {dagbag.py:588} INFO - Filling up the DagBag from /home/m9d9v9/PycharmProjects/Airflow-2/Airflow-2/.venv/lib/python3.10/site-packages/airflow/example_dags/example_sla_dag.py
[2024-12-06T23:32:37.499-0600] {processor.py:925} INFO - DAG(s) 'example_sla_dag' retrieved from /home/m9d9v9/PycharmProjects/Airflow-2/Airflow-2/.venv/lib/python3.10/site-packages/airflow/example_dags/example_sla_dag.py
[2024-12-06T23:32:37.519-0600] {logging_mixin.py:190} INFO - [2024-12-06T23:32:37.519-0600] {dag.py:3239} INFO - Sync 1 DAGs
[2024-12-06T23:32:37.532-0600] {logging_mixin.py:190} INFO - [2024-12-06T23:32:37.532-0600] {dag.py:4180} INFO - Setting next_dagrun for example_sla_dag to 2024-12-07 05:30:00+00:00, run_after=2024-12-07 05:32:00+00:00
[2024-12-06T23:32:37.545-0600] {processor.py:208} INFO - Processing /home/m9d9v9/PycharmProjects/Airflow-2/Airflow-2/.venv/lib/python3.10/site-packages/airflow/example_dags/example_sla_dag.py took 0.087 seconds
[2024-12-06T23:33:33.456-0600] {processor.py:186} INFO - Started process (PID=18128) to work on /home/m9d9v9/PycharmProjects/Airflow-2/Airflow-2/.venv/lib/python3.10/site-packages/airflow/example_dags/example_sla_dag.py
[2024-12-06T23:33:33.462-0600] {processor.py:914} INFO - Processing file /home/m9d9v9/PycharmProjects/Airflow-2/Airflow-2/.venv/lib/python3.10/site-packages/airflow/example_dags/example_sla_dag.py for tasks to queue
[2024-12-06T23:33:33.464-0600] {logging_mixin.py:190} INFO - [2024-12-06T23:33:33.463-0600] {dagbag.py:588} INFO - Filling up the DagBag from /home/m9d9v9/PycharmProjects/Airflow-2/Airflow-2/.venv/lib/python3.10/site-packages/airflow/example_dags/example_sla_dag.py
[2024-12-06T23:33:33.484-0600] {processor.py:925} INFO - DAG(s) 'example_sla_dag' retrieved from /home/m9d9v9/PycharmProjects/Airflow-2/Airflow-2/.venv/lib/python3.10/site-packages/airflow/example_dags/example_sla_dag.py
[2024-12-06T23:33:33.505-0600] {logging_mixin.py:190} INFO - [2024-12-06T23:33:33.505-0600] {dag.py:3239} INFO - Sync 1 DAGs
[2024-12-06T23:33:33.518-0600] {logging_mixin.py:190} INFO - [2024-12-06T23:33:33.518-0600] {dag.py:4180} INFO - Setting next_dagrun for example_sla_dag to 2024-12-07 05:30:00+00:00, run_after=2024-12-07 05:32:00+00:00
[2024-12-06T23:33:33.529-0600] {processor.py:208} INFO - Processing /home/m9d9v9/PycharmProjects/Airflow-2/Airflow-2/.venv/lib/python3.10/site-packages/airflow/example_dags/example_sla_dag.py took 0.085 seconds
[2024-12-06T23:34:29.308-0600] {processor.py:186} INFO - Started process (PID=18220) to work on /home/m9d9v9/PycharmProjects/Airflow-2/Airflow-2/.venv/lib/python3.10/site-packages/airflow/example_dags/example_sla_dag.py
[2024-12-06T23:34:29.309-0600] {processor.py:914} INFO - Processing file /home/m9d9v9/PycharmProjects/Airflow-2/Airflow-2/.venv/lib/python3.10/site-packages/airflow/example_dags/example_sla_dag.py for tasks to queue
[2024-12-06T23:34:29.310-0600] {logging_mixin.py:190} INFO - [2024-12-06T23:34:29.310-0600] {dagbag.py:588} INFO - Filling up the DagBag from /home/m9d9v9/PycharmProjects/Airflow-2/Airflow-2/.venv/lib/python3.10/site-packages/airflow/example_dags/example_sla_dag.py
[2024-12-06T23:34:29.318-0600] {processor.py:925} INFO - DAG(s) 'example_sla_dag' retrieved from /home/m9d9v9/PycharmProjects/Airflow-2/Airflow-2/.venv/lib/python3.10/site-packages/airflow/example_dags/example_sla_dag.py
[2024-12-06T23:34:29.332-0600] {logging_mixin.py:190} INFO - [2024-12-06T23:34:29.331-0600] {dag.py:3239} INFO - Sync 1 DAGs
[2024-12-06T23:34:29.525-0600] {logging_mixin.py:190} INFO - [2024-12-06T23:34:29.525-0600] {dag.py:4180} INFO - Setting next_dagrun for example_sla_dag to 2024-12-07 05:32:00+00:00, run_after=2024-12-07 05:34:00+00:00
[2024-12-06T23:34:29.538-0600] {processor.py:208} INFO - Processing /home/m9d9v9/PycharmProjects/Airflow-2/Airflow-2/.venv/lib/python3.10/site-packages/airflow/example_dags/example_sla_dag.py took 0.234 seconds
[2024-12-06T23:35:32.410-0600] {processor.py:186} INFO - Started process (PID=18334) to work on /home/m9d9v9/PycharmProjects/Airflow-2/Airflow-2/.venv/lib/python3.10/site-packages/airflow/example_dags/example_sla_dag.py
[2024-12-06T23:35:32.416-0600] {processor.py:914} INFO - Processing file /home/m9d9v9/PycharmProjects/Airflow-2/Airflow-2/.venv/lib/python3.10/site-packages/airflow/example_dags/example_sla_dag.py for tasks to queue
[2024-12-06T23:35:32.417-0600] {logging_mixin.py:190} INFO - [2024-12-06T23:35:32.417-0600] {dagbag.py:588} INFO - Filling up the DagBag from /home/m9d9v9/PycharmProjects/Airflow-2/Airflow-2/.venv/lib/python3.10/site-packages/airflow/example_dags/example_sla_dag.py
[2024-12-06T23:35:32.424-0600] {processor.py:925} INFO - DAG(s) 'example_sla_dag' retrieved from /home/m9d9v9/PycharmProjects/Airflow-2/Airflow-2/.venv/lib/python3.10/site-packages/airflow/example_dags/example_sla_dag.py
[2024-12-06T23:35:32.433-0600] {logging_mixin.py:190} INFO - [2024-12-06T23:35:32.433-0600] {dag.py:3239} INFO - Sync 1 DAGs
[2024-12-06T23:35:32.447-0600] {logging_mixin.py:190} INFO - [2024-12-06T23:35:32.447-0600] {dag.py:4180} INFO - Setting next_dagrun for example_sla_dag to 2024-12-07 05:32:00+00:00, run_after=2024-12-07 05:34:00+00:00
[2024-12-06T23:35:32.547-0600] {processor.py:208} INFO - Processing /home/m9d9v9/PycharmProjects/Airflow-2/Airflow-2/.venv/lib/python3.10/site-packages/airflow/example_dags/example_sla_dag.py took 0.140 seconds
[2024-12-06T23:36:36.479-0600] {processor.py:186} INFO - Started process (PID=18409) to work on /home/m9d9v9/PycharmProjects/Airflow-2/Airflow-2/.venv/lib/python3.10/site-packages/airflow/example_dags/example_sla_dag.py
[2024-12-06T23:36:36.486-0600] {processor.py:914} INFO - Processing file /home/m9d9v9/PycharmProjects/Airflow-2/Airflow-2/.venv/lib/python3.10/site-packages/airflow/example_dags/example_sla_dag.py for tasks to queue
[2024-12-06T23:36:36.489-0600] {logging_mixin.py:190} INFO - [2024-12-06T23:36:36.488-0600] {dagbag.py:588} INFO - Filling up the DagBag from /home/m9d9v9/PycharmProjects/Airflow-2/Airflow-2/.venv/lib/python3.10/site-packages/airflow/example_dags/example_sla_dag.py
[2024-12-06T23:36:36.510-0600] {processor.py:925} INFO - DAG(s) 'example_sla_dag' retrieved from /home/m9d9v9/PycharmProjects/Airflow-2/Airflow-2/.venv/lib/python3.10/site-packages/airflow/example_dags/example_sla_dag.py
[2024-12-06T23:36:36.531-0600] {logging_mixin.py:190} INFO - [2024-12-06T23:36:36.531-0600] {dag.py:3239} INFO - Sync 1 DAGs
[2024-12-06T23:36:36.544-0600] {logging_mixin.py:190} INFO - [2024-12-06T23:36:36.544-0600] {dag.py:4180} INFO - Setting next_dagrun for example_sla_dag to 2024-12-07 05:34:00+00:00, run_after=2024-12-07 05:36:00+00:00
[2024-12-06T23:36:36.650-0600] {processor.py:208} INFO - Processing /home/m9d9v9/PycharmProjects/Airflow-2/Airflow-2/.venv/lib/python3.10/site-packages/airflow/example_dags/example_sla_dag.py took 0.182 seconds
[2024-12-06T23:37:37.610-0600] {processor.py:186} INFO - Started process (PID=18695) to work on /home/m9d9v9/PycharmProjects/Airflow-2/Airflow-2/.venv/lib/python3.10/site-packages/airflow/example_dags/example_sla_dag.py
[2024-12-06T23:37:37.611-0600] {processor.py:914} INFO - Processing file /home/m9d9v9/PycharmProjects/Airflow-2/Airflow-2/.venv/lib/python3.10/site-packages/airflow/example_dags/example_sla_dag.py for tasks to queue
[2024-12-06T23:37:37.612-0600] {logging_mixin.py:190} INFO - [2024-12-06T23:37:37.612-0600] {dagbag.py:588} INFO - Filling up the DagBag from /home/m9d9v9/PycharmProjects/Airflow-2/Airflow-2/.venv/lib/python3.10/site-packages/airflow/example_dags/example_sla_dag.py
[2024-12-06T23:37:37.618-0600] {processor.py:925} INFO - DAG(s) 'example_sla_dag' retrieved from /home/m9d9v9/PycharmProjects/Airflow-2/Airflow-2/.venv/lib/python3.10/site-packages/airflow/example_dags/example_sla_dag.py
[2024-12-06T23:37:37.627-0600] {logging_mixin.py:190} INFO - [2024-12-06T23:37:37.627-0600] {dag.py:3239} INFO - Sync 1 DAGs
[2024-12-06T23:37:37.639-0600] {logging_mixin.py:190} INFO - [2024-12-06T23:37:37.639-0600] {dag.py:4180} INFO - Setting next_dagrun for example_sla_dag to 2024-12-07 05:34:00+00:00, run_after=2024-12-07 05:36:00+00:00
[2024-12-06T23:37:37.650-0600] {processor.py:208} INFO - Processing /home/m9d9v9/PycharmProjects/Airflow-2/Airflow-2/.venv/lib/python3.10/site-packages/airflow/example_dags/example_sla_dag.py took 0.044 seconds
[2024-12-06T23:38:36.163-0600] {processor.py:186} INFO - Started process (PID=18829) to work on /home/m9d9v9/PycharmProjects/Airflow-2/Airflow-2/.venv/lib/python3.10/site-packages/airflow/example_dags/example_sla_dag.py
[2024-12-06T23:38:36.169-0600] {processor.py:914} INFO - Processing file /home/m9d9v9/PycharmProjects/Airflow-2/Airflow-2/.venv/lib/python3.10/site-packages/airflow/example_dags/example_sla_dag.py for tasks to queue
[2024-12-06T23:38:36.170-0600] {logging_mixin.py:190} INFO - [2024-12-06T23:38:36.170-0600] {dagbag.py:588} INFO - Filling up the DagBag from /home/m9d9v9/PycharmProjects/Airflow-2/Airflow-2/.venv/lib/python3.10/site-packages/airflow/example_dags/example_sla_dag.py
[2024-12-06T23:38:36.183-0600] {processor.py:925} INFO - DAG(s) 'example_sla_dag' retrieved from /home/m9d9v9/PycharmProjects/Airflow-2/Airflow-2/.venv/lib/python3.10/site-packages/airflow/example_dags/example_sla_dag.py
[2024-12-06T23:38:36.200-0600] {logging_mixin.py:190} INFO - [2024-12-06T23:38:36.200-0600] {dag.py:3239} INFO - Sync 1 DAGs
[2024-12-06T23:38:36.221-0600] {logging_mixin.py:190} INFO - [2024-12-06T23:38:36.221-0600] {dag.py:4180} INFO - Setting next_dagrun for example_sla_dag to 2024-12-07 05:36:00+00:00, run_after=2024-12-07 05:38:00+00:00
[2024-12-06T23:38:36.234-0600] {processor.py:208} INFO - Processing /home/m9d9v9/PycharmProjects/Airflow-2/Airflow-2/.venv/lib/python3.10/site-packages/airflow/example_dags/example_sla_dag.py took 0.075 seconds
[2024-12-06T23:39:41.903-0600] {processor.py:186} INFO - Started process (PID=19076) to work on /home/m9d9v9/PycharmProjects/Airflow-2/Airflow-2/.venv/lib/python3.10/site-packages/airflow/example_dags/example_sla_dag.py
[2024-12-06T23:39:41.910-0600] {processor.py:914} INFO - Processing file /home/m9d9v9/PycharmProjects/Airflow-2/Airflow-2/.venv/lib/python3.10/site-packages/airflow/example_dags/example_sla_dag.py for tasks to queue
[2024-12-06T23:39:41.912-0600] {logging_mixin.py:190} INFO - [2024-12-06T23:39:41.911-0600] {dagbag.py:588} INFO - Filling up the DagBag from /home/m9d9v9/PycharmProjects/Airflow-2/Airflow-2/.venv/lib/python3.10/site-packages/airflow/example_dags/example_sla_dag.py
[2024-12-06T23:39:41.933-0600] {processor.py:925} INFO - DAG(s) 'example_sla_dag' retrieved from /home/m9d9v9/PycharmProjects/Airflow-2/Airflow-2/.venv/lib/python3.10/site-packages/airflow/example_dags/example_sla_dag.py
[2024-12-06T23:39:41.956-0600] {logging_mixin.py:190} INFO - [2024-12-06T23:39:41.956-0600] {dag.py:3239} INFO - Sync 1 DAGs
[2024-12-06T23:39:41.969-0600] {logging_mixin.py:190} INFO - [2024-12-06T23:39:41.969-0600] {dag.py:4180} INFO - Setting next_dagrun for example_sla_dag to 2024-12-07 05:36:00+00:00, run_after=2024-12-07 05:38:00+00:00
[2024-12-06T23:39:41.980-0600] {processor.py:208} INFO - Processing /home/m9d9v9/PycharmProjects/Airflow-2/Airflow-2/.venv/lib/python3.10/site-packages/airflow/example_dags/example_sla_dag.py took 0.086 seconds
[2024-12-06T23:40:39.489-0600] {processor.py:186} INFO - Started process (PID=19263) to work on /home/m9d9v9/PycharmProjects/Airflow-2/Airflow-2/.venv/lib/python3.10/site-packages/airflow/example_dags/example_sla_dag.py
[2024-12-06T23:40:39.496-0600] {processor.py:914} INFO - Processing file /home/m9d9v9/PycharmProjects/Airflow-2/Airflow-2/.venv/lib/python3.10/site-packages/airflow/example_dags/example_sla_dag.py for tasks to queue
[2024-12-06T23:40:39.498-0600] {logging_mixin.py:190} INFO - [2024-12-06T23:40:39.498-0600] {dagbag.py:588} INFO - Filling up the DagBag from /home/m9d9v9/PycharmProjects/Airflow-2/Airflow-2/.venv/lib/python3.10/site-packages/airflow/example_dags/example_sla_dag.py
[2024-12-06T23:40:39.517-0600] {processor.py:925} INFO - DAG(s) 'example_sla_dag' retrieved from /home/m9d9v9/PycharmProjects/Airflow-2/Airflow-2/.venv/lib/python3.10/site-packages/airflow/example_dags/example_sla_dag.py
[2024-12-06T23:40:39.540-0600] {logging_mixin.py:190} INFO - [2024-12-06T23:40:39.539-0600] {dag.py:3239} INFO - Sync 1 DAGs
[2024-12-06T23:40:39.552-0600] {logging_mixin.py:190} INFO - [2024-12-06T23:40:39.552-0600] {dag.py:4180} INFO - Setting next_dagrun for example_sla_dag to 2024-12-07 05:38:00+00:00, run_after=2024-12-07 05:40:00+00:00
[2024-12-06T23:40:39.563-0600] {processor.py:208} INFO - Processing /home/m9d9v9/PycharmProjects/Airflow-2/Airflow-2/.venv/lib/python3.10/site-packages/airflow/example_dags/example_sla_dag.py took 0.085 seconds
[2024-12-06T23:41:31.581-0600] {processor.py:186} INFO - Started process (PID=19347) to work on /home/m9d9v9/PycharmProjects/Airflow-2/Airflow-2/.venv/lib/python3.10/site-packages/airflow/example_dags/example_sla_dag.py
[2024-12-06T23:41:31.582-0600] {processor.py:914} INFO - Processing file /home/m9d9v9/PycharmProjects/Airflow-2/Airflow-2/.venv/lib/python3.10/site-packages/airflow/example_dags/example_sla_dag.py for tasks to queue
[2024-12-06T23:41:31.583-0600] {logging_mixin.py:190} INFO - [2024-12-06T23:41:31.583-0600] {dagbag.py:588} INFO - Filling up the DagBag from /home/m9d9v9/PycharmProjects/Airflow-2/Airflow-2/.venv/lib/python3.10/site-packages/airflow/example_dags/example_sla_dag.py
[2024-12-06T23:41:31.592-0600] {processor.py:925} INFO - DAG(s) 'example_sla_dag' retrieved from /home/m9d9v9/PycharmProjects/Airflow-2/Airflow-2/.venv/lib/python3.10/site-packages/airflow/example_dags/example_sla_dag.py
[2024-12-06T23:41:31.603-0600] {logging_mixin.py:190} INFO - [2024-12-06T23:41:31.603-0600] {dag.py:3239} INFO - Sync 1 DAGs
[2024-12-06T23:41:31.621-0600] {logging_mixin.py:190} INFO - [2024-12-06T23:41:31.620-0600] {dag.py:4180} INFO - Setting next_dagrun for example_sla_dag to 2024-12-07 05:38:00+00:00, run_after=2024-12-07 05:40:00+00:00
[2024-12-06T23:41:31.634-0600] {processor.py:208} INFO - Processing /home/m9d9v9/PycharmProjects/Airflow-2/Airflow-2/.venv/lib/python3.10/site-packages/airflow/example_dags/example_sla_dag.py took 0.060 seconds
