[2024-12-06T22:18:47.491-0600] {processor.py:186} INFO - Started process (PID=12492) to work on /home/m9d9v9/PycharmProjects/Airflow-2/Airflow-2/.venv/lib/python3.10/site-packages/airflow/example_dags/example_subdag_operator.py
[2024-12-06T22:18:47.492-0600] {processor.py:914} INFO - Processing file /home/m9d9v9/PycharmProjects/Airflow-2/Airflow-2/.venv/lib/python3.10/site-packages/airflow/example_dags/example_subdag_operator.py for tasks to queue
[2024-12-06T22:18:47.496-0600] {logging_mixin.py:190} INFO - [2024-12-06T22:18:47.495-0600] {dagbag.py:588} INFO - Filling up the DagBag from /home/m9d9v9/PycharmProjects/Airflow-2/Airflow-2/.venv/lib/python3.10/site-packages/airflow/example_dags/example_subdag_operator.py
[2024-12-06T22:18:47.526-0600] {processor.py:925} INFO - DAG(s) 'example_subdag_operator.section-1', 'example_subdag_operator.section-2', 'example_subdag_operator' retrieved from /home/m9d9v9/PycharmProjects/Airflow-2/Airflow-2/.venv/lib/python3.10/site-packages/airflow/example_dags/example_subdag_operator.py
[2024-12-06T22:18:47.641-0600] {logging_mixin.py:190} INFO - [2024-12-06T22:18:47.639-0600] {override.py:1911} INFO - Created Permission View: can edit on DAG:example_subdag_operator
[2024-12-06T22:18:47.671-0600] {logging_mixin.py:190} INFO - [2024-12-06T22:18:47.669-0600] {override.py:1911} INFO - Created Permission View: can read on DAG:example_subdag_operator
[2024-12-06T22:18:47.689-0600] {logging_mixin.py:190} INFO - [2024-12-06T22:18:47.688-0600] {override.py:1911} INFO - Created Permission View: can delete on DAG:example_subdag_operator
[2024-12-06T22:18:47.712-0600] {logging_mixin.py:190} INFO - [2024-12-06T22:18:47.712-0600] {override.py:1911} INFO - Created Permission View: menu access on DAG Run:example_subdag_operator
[2024-12-06T22:18:47.719-0600] {logging_mixin.py:190} INFO - [2024-12-06T22:18:47.719-0600] {override.py:1911} INFO - Created Permission View: can create on DAG Run:example_subdag_operator
[2024-12-06T22:18:47.726-0600] {logging_mixin.py:190} INFO - [2024-12-06T22:18:47.725-0600] {override.py:1911} INFO - Created Permission View: can read on DAG Run:example_subdag_operator
[2024-12-06T22:18:47.734-0600] {logging_mixin.py:190} INFO - [2024-12-06T22:18:47.734-0600] {override.py:1911} INFO - Created Permission View: can delete on DAG Run:example_subdag_operator
[2024-12-06T22:18:47.735-0600] {logging_mixin.py:190} INFO - [2024-12-06T22:18:47.735-0600] {dag.py:3239} INFO - Sync 3 DAGs
[2024-12-06T22:18:47.746-0600] {logging_mixin.py:190} INFO - [2024-12-06T22:18:47.745-0600] {dag.py:3262} INFO - Creating ORM DAG for example_subdag_operator
[2024-12-06T22:18:47.746-0600] {logging_mixin.py:190} INFO - [2024-12-06T22:18:47.746-0600] {dag.py:3262} INFO - Creating ORM DAG for example_subdag_operator.section-1
[2024-12-06T22:18:47.747-0600] {logging_mixin.py:190} INFO - [2024-12-06T22:18:47.746-0600] {dag.py:3262} INFO - Creating ORM DAG for example_subdag_operator.section-2
[2024-12-06T22:18:47.756-0600] {logging_mixin.py:190} INFO - [2024-12-06T22:18:47.756-0600] {dag.py:4180} INFO - Setting next_dagrun for example_subdag_operator to 2022-01-01 00:00:00+00:00, run_after=2022-01-01 00:00:00+00:00
[2024-12-06T22:18:47.757-0600] {logging_mixin.py:190} INFO - [2024-12-06T22:18:47.757-0600] {dag.py:4180} INFO - Setting next_dagrun for example_subdag_operator.section-1 to None, run_after=None
[2024-12-06T22:18:47.758-0600] {logging_mixin.py:190} INFO - [2024-12-06T22:18:47.757-0600] {dag.py:4180} INFO - Setting next_dagrun for example_subdag_operator.section-2 to None, run_after=None
[2024-12-06T22:18:47.764-0600] {logging_mixin.py:190} INFO - [2024-12-06T22:18:47.764-0600] {dag.py:3239} INFO - Sync 2 DAGs
[2024-12-06T22:18:47.768-0600] {logging_mixin.py:190} INFO - [2024-12-06T22:18:47.768-0600] {dag.py:4180} INFO - Setting next_dagrun for example_subdag_operator.section-1 to None, run_after=None
[2024-12-06T22:18:47.769-0600] {logging_mixin.py:190} INFO - [2024-12-06T22:18:47.769-0600] {dag.py:4180} INFO - Setting next_dagrun for example_subdag_operator.section-2 to None, run_after=None
[2024-12-06T22:18:47.782-0600] {processor.py:208} INFO - Processing /home/m9d9v9/PycharmProjects/Airflow-2/Airflow-2/.venv/lib/python3.10/site-packages/airflow/example_dags/example_subdag_operator.py took 0.301 seconds
[2024-12-06T22:19:48.617-0600] {processor.py:186} INFO - Started process (PID=12595) to work on /home/m9d9v9/PycharmProjects/Airflow-2/Airflow-2/.venv/lib/python3.10/site-packages/airflow/example_dags/example_subdag_operator.py
[2024-12-06T22:19:48.624-0600] {processor.py:914} INFO - Processing file /home/m9d9v9/PycharmProjects/Airflow-2/Airflow-2/.venv/lib/python3.10/site-packages/airflow/example_dags/example_subdag_operator.py for tasks to queue
[2024-12-06T22:19:48.629-0600] {logging_mixin.py:190} INFO - [2024-12-06T22:19:48.628-0600] {dagbag.py:588} INFO - Filling up the DagBag from /home/m9d9v9/PycharmProjects/Airflow-2/Airflow-2/.venv/lib/python3.10/site-packages/airflow/example_dags/example_subdag_operator.py
[2024-12-06T22:19:48.669-0600] {processor.py:925} INFO - DAG(s) 'example_subdag_operator.section-1', 'example_subdag_operator.section-2', 'example_subdag_operator' retrieved from /home/m9d9v9/PycharmProjects/Airflow-2/Airflow-2/.venv/lib/python3.10/site-packages/airflow/example_dags/example_subdag_operator.py
[2024-12-06T22:19:48.680-0600] {logging_mixin.py:190} INFO - [2024-12-06T22:19:48.679-0600] {dag.py:3239} INFO - Sync 3 DAGs
[2024-12-06T22:19:48.694-0600] {logging_mixin.py:190} INFO - [2024-12-06T22:19:48.693-0600] {dag.py:4180} INFO - Setting next_dagrun for example_subdag_operator to 2022-01-01 00:00:00+00:00, run_after=2022-01-01 00:00:00+00:00
[2024-12-06T22:19:48.696-0600] {logging_mixin.py:190} INFO - [2024-12-06T22:19:48.696-0600] {dag.py:4180} INFO - Setting next_dagrun for example_subdag_operator.section-1 to None, run_after=None
[2024-12-06T22:19:48.696-0600] {logging_mixin.py:190} INFO - [2024-12-06T22:19:48.696-0600] {dag.py:4180} INFO - Setting next_dagrun for example_subdag_operator.section-2 to None, run_after=None
[2024-12-06T22:19:48.700-0600] {logging_mixin.py:190} INFO - [2024-12-06T22:19:48.700-0600] {dag.py:3239} INFO - Sync 2 DAGs
[2024-12-06T22:19:48.703-0600] {logging_mixin.py:190} INFO - [2024-12-06T22:19:48.703-0600] {dag.py:4180} INFO - Setting next_dagrun for example_subdag_operator.section-1 to None, run_after=None
[2024-12-06T22:19:48.703-0600] {logging_mixin.py:190} INFO - [2024-12-06T22:19:48.703-0600] {dag.py:4180} INFO - Setting next_dagrun for example_subdag_operator.section-2 to None, run_after=None
[2024-12-06T22:19:48.714-0600] {processor.py:208} INFO - Processing /home/m9d9v9/PycharmProjects/Airflow-2/Airflow-2/.venv/lib/python3.10/site-packages/airflow/example_dags/example_subdag_operator.py took 0.110 seconds
[2024-12-06T22:20:43.942-0600] {processor.py:186} INFO - Started process (PID=12684) to work on /home/m9d9v9/PycharmProjects/Airflow-2/Airflow-2/.venv/lib/python3.10/site-packages/airflow/example_dags/example_subdag_operator.py
[2024-12-06T22:20:43.948-0600] {processor.py:914} INFO - Processing file /home/m9d9v9/PycharmProjects/Airflow-2/Airflow-2/.venv/lib/python3.10/site-packages/airflow/example_dags/example_subdag_operator.py for tasks to queue
[2024-12-06T22:20:43.950-0600] {logging_mixin.py:190} INFO - [2024-12-06T22:20:43.949-0600] {dagbag.py:588} INFO - Filling up the DagBag from /home/m9d9v9/PycharmProjects/Airflow-2/Airflow-2/.venv/lib/python3.10/site-packages/airflow/example_dags/example_subdag_operator.py
[2024-12-06T22:20:43.967-0600] {processor.py:925} INFO - DAG(s) 'example_subdag_operator.section-1', 'example_subdag_operator.section-2', 'example_subdag_operator' retrieved from /home/m9d9v9/PycharmProjects/Airflow-2/Airflow-2/.venv/lib/python3.10/site-packages/airflow/example_dags/example_subdag_operator.py
[2024-12-06T22:20:43.978-0600] {logging_mixin.py:190} INFO - [2024-12-06T22:20:43.977-0600] {dag.py:3239} INFO - Sync 3 DAGs
[2024-12-06T22:20:43.991-0600] {logging_mixin.py:190} INFO - [2024-12-06T22:20:43.991-0600] {dag.py:4180} INFO - Setting next_dagrun for example_subdag_operator to 2022-01-01 00:00:00+00:00, run_after=2022-01-01 00:00:00+00:00
[2024-12-06T22:20:43.993-0600] {logging_mixin.py:190} INFO - [2024-12-06T22:20:43.993-0600] {dag.py:4180} INFO - Setting next_dagrun for example_subdag_operator.section-1 to None, run_after=None
[2024-12-06T22:20:43.994-0600] {logging_mixin.py:190} INFO - [2024-12-06T22:20:43.994-0600] {dag.py:4180} INFO - Setting next_dagrun for example_subdag_operator.section-2 to None, run_after=None
[2024-12-06T22:20:43.998-0600] {logging_mixin.py:190} INFO - [2024-12-06T22:20:43.997-0600] {dag.py:3239} INFO - Sync 2 DAGs
[2024-12-06T22:20:44.000-0600] {logging_mixin.py:190} INFO - [2024-12-06T22:20:44.000-0600] {dag.py:4180} INFO - Setting next_dagrun for example_subdag_operator.section-1 to None, run_after=None
[2024-12-06T22:20:44.000-0600] {logging_mixin.py:190} INFO - [2024-12-06T22:20:44.000-0600] {dag.py:4180} INFO - Setting next_dagrun for example_subdag_operator.section-2 to None, run_after=None
[2024-12-06T22:20:44.007-0600] {processor.py:208} INFO - Processing /home/m9d9v9/PycharmProjects/Airflow-2/Airflow-2/.venv/lib/python3.10/site-packages/airflow/example_dags/example_subdag_operator.py took 0.071 seconds
[2024-12-06T22:21:42.690-0600] {processor.py:186} INFO - Started process (PID=12758) to work on /home/m9d9v9/PycharmProjects/Airflow-2/Airflow-2/.venv/lib/python3.10/site-packages/airflow/example_dags/example_subdag_operator.py
[2024-12-06T22:21:42.697-0600] {processor.py:914} INFO - Processing file /home/m9d9v9/PycharmProjects/Airflow-2/Airflow-2/.venv/lib/python3.10/site-packages/airflow/example_dags/example_subdag_operator.py for tasks to queue
[2024-12-06T22:21:42.700-0600] {logging_mixin.py:190} INFO - [2024-12-06T22:21:42.700-0600] {dagbag.py:588} INFO - Filling up the DagBag from /home/m9d9v9/PycharmProjects/Airflow-2/Airflow-2/.venv/lib/python3.10/site-packages/airflow/example_dags/example_subdag_operator.py
[2024-12-06T22:21:42.743-0600] {processor.py:925} INFO - DAG(s) 'example_subdag_operator.section-1', 'example_subdag_operator.section-2', 'example_subdag_operator' retrieved from /home/m9d9v9/PycharmProjects/Airflow-2/Airflow-2/.venv/lib/python3.10/site-packages/airflow/example_dags/example_subdag_operator.py
[2024-12-06T22:21:42.754-0600] {logging_mixin.py:190} INFO - [2024-12-06T22:21:42.753-0600] {dag.py:3239} INFO - Sync 3 DAGs
[2024-12-06T22:21:42.768-0600] {logging_mixin.py:190} INFO - [2024-12-06T22:21:42.767-0600] {dag.py:4180} INFO - Setting next_dagrun for example_subdag_operator to 2022-01-01 00:00:00+00:00, run_after=2022-01-01 00:00:00+00:00
[2024-12-06T22:21:42.769-0600] {logging_mixin.py:190} INFO - [2024-12-06T22:21:42.769-0600] {dag.py:4180} INFO - Setting next_dagrun for example_subdag_operator.section-1 to None, run_after=None
[2024-12-06T22:21:42.770-0600] {logging_mixin.py:190} INFO - [2024-12-06T22:21:42.770-0600] {dag.py:4180} INFO - Setting next_dagrun for example_subdag_operator.section-2 to None, run_after=None
[2024-12-06T22:21:42.773-0600] {logging_mixin.py:190} INFO - [2024-12-06T22:21:42.773-0600] {dag.py:3239} INFO - Sync 2 DAGs
[2024-12-06T22:21:42.776-0600] {logging_mixin.py:190} INFO - [2024-12-06T22:21:42.775-0600] {dag.py:4180} INFO - Setting next_dagrun for example_subdag_operator.section-1 to None, run_after=None
[2024-12-06T22:21:42.776-0600] {logging_mixin.py:190} INFO - [2024-12-06T22:21:42.776-0600] {dag.py:4180} INFO - Setting next_dagrun for example_subdag_operator.section-2 to None, run_after=None
[2024-12-06T22:21:42.785-0600] {processor.py:208} INFO - Processing /home/m9d9v9/PycharmProjects/Airflow-2/Airflow-2/.venv/lib/python3.10/site-packages/airflow/example_dags/example_subdag_operator.py took 0.103 seconds
[2024-12-06T22:23:01.203-0600] {processor.py:186} INFO - Started process (PID=12921) to work on /home/m9d9v9/PycharmProjects/Airflow-2/Airflow-2/.venv/lib/python3.10/site-packages/airflow/example_dags/example_subdag_operator.py
[2024-12-06T22:23:01.203-0600] {processor.py:914} INFO - Processing file /home/m9d9v9/PycharmProjects/Airflow-2/Airflow-2/.venv/lib/python3.10/site-packages/airflow/example_dags/example_subdag_operator.py for tasks to queue
[2024-12-06T22:23:01.205-0600] {logging_mixin.py:190} INFO - [2024-12-06T22:23:01.205-0600] {dagbag.py:588} INFO - Filling up the DagBag from /home/m9d9v9/PycharmProjects/Airflow-2/Airflow-2/.venv/lib/python3.10/site-packages/airflow/example_dags/example_subdag_operator.py
[2024-12-06T22:23:01.222-0600] {processor.py:925} INFO - DAG(s) 'example_subdag_operator.section-1', 'example_subdag_operator.section-2', 'example_subdag_operator' retrieved from /home/m9d9v9/PycharmProjects/Airflow-2/Airflow-2/.venv/lib/python3.10/site-packages/airflow/example_dags/example_subdag_operator.py
[2024-12-06T22:23:01.231-0600] {logging_mixin.py:190} INFO - [2024-12-06T22:23:01.231-0600] {dag.py:3239} INFO - Sync 3 DAGs
[2024-12-06T22:23:01.244-0600] {logging_mixin.py:190} INFO - [2024-12-06T22:23:01.244-0600] {dag.py:4180} INFO - Setting next_dagrun for example_subdag_operator to 2022-01-01 00:00:00+00:00, run_after=2022-01-01 00:00:00+00:00
[2024-12-06T22:23:01.247-0600] {logging_mixin.py:190} INFO - [2024-12-06T22:23:01.247-0600] {dag.py:4180} INFO - Setting next_dagrun for example_subdag_operator.section-1 to None, run_after=None
[2024-12-06T22:23:01.247-0600] {logging_mixin.py:190} INFO - [2024-12-06T22:23:01.247-0600] {dag.py:4180} INFO - Setting next_dagrun for example_subdag_operator.section-2 to None, run_after=None
[2024-12-06T22:23:01.251-0600] {logging_mixin.py:190} INFO - [2024-12-06T22:23:01.251-0600] {dag.py:3239} INFO - Sync 2 DAGs
[2024-12-06T22:23:01.254-0600] {logging_mixin.py:190} INFO - [2024-12-06T22:23:01.254-0600] {dag.py:4180} INFO - Setting next_dagrun for example_subdag_operator.section-1 to None, run_after=None
[2024-12-06T22:23:01.254-0600] {logging_mixin.py:190} INFO - [2024-12-06T22:23:01.254-0600] {dag.py:4180} INFO - Setting next_dagrun for example_subdag_operator.section-2 to None, run_after=None
[2024-12-06T22:23:01.262-0600] {processor.py:208} INFO - Processing /home/m9d9v9/PycharmProjects/Airflow-2/Airflow-2/.venv/lib/python3.10/site-packages/airflow/example_dags/example_subdag_operator.py took 0.064 seconds
[2024-12-06T22:23:58.429-0600] {processor.py:186} INFO - Started process (PID=12994) to work on /home/m9d9v9/PycharmProjects/Airflow-2/Airflow-2/.venv/lib/python3.10/site-packages/airflow/example_dags/example_subdag_operator.py
[2024-12-06T22:23:58.435-0600] {processor.py:914} INFO - Processing file /home/m9d9v9/PycharmProjects/Airflow-2/Airflow-2/.venv/lib/python3.10/site-packages/airflow/example_dags/example_subdag_operator.py for tasks to queue
[2024-12-06T22:23:58.437-0600] {logging_mixin.py:190} INFO - [2024-12-06T22:23:58.437-0600] {dagbag.py:588} INFO - Filling up the DagBag from /home/m9d9v9/PycharmProjects/Airflow-2/Airflow-2/.venv/lib/python3.10/site-packages/airflow/example_dags/example_subdag_operator.py
[2024-12-06T22:23:58.453-0600] {processor.py:925} INFO - DAG(s) 'example_subdag_operator.section-1', 'example_subdag_operator.section-2', 'example_subdag_operator' retrieved from /home/m9d9v9/PycharmProjects/Airflow-2/Airflow-2/.venv/lib/python3.10/site-packages/airflow/example_dags/example_subdag_operator.py
[2024-12-06T22:23:58.463-0600] {logging_mixin.py:190} INFO - [2024-12-06T22:23:58.463-0600] {dag.py:3239} INFO - Sync 3 DAGs
[2024-12-06T22:23:58.476-0600] {logging_mixin.py:190} INFO - [2024-12-06T22:23:58.475-0600] {dag.py:4180} INFO - Setting next_dagrun for example_subdag_operator to 2022-01-01 00:00:00+00:00, run_after=2022-01-01 00:00:00+00:00
[2024-12-06T22:23:58.477-0600] {logging_mixin.py:190} INFO - [2024-12-06T22:23:58.477-0600] {dag.py:4180} INFO - Setting next_dagrun for example_subdag_operator.section-1 to None, run_after=None
[2024-12-06T22:23:58.478-0600] {logging_mixin.py:190} INFO - [2024-12-06T22:23:58.478-0600] {dag.py:4180} INFO - Setting next_dagrun for example_subdag_operator.section-2 to None, run_after=None
[2024-12-06T22:23:58.481-0600] {logging_mixin.py:190} INFO - [2024-12-06T22:23:58.481-0600] {dag.py:3239} INFO - Sync 2 DAGs
[2024-12-06T22:23:58.483-0600] {logging_mixin.py:190} INFO - [2024-12-06T22:23:58.483-0600] {dag.py:4180} INFO - Setting next_dagrun for example_subdag_operator.section-1 to None, run_after=None
[2024-12-06T22:23:58.484-0600] {logging_mixin.py:190} INFO - [2024-12-06T22:23:58.484-0600] {dag.py:4180} INFO - Setting next_dagrun for example_subdag_operator.section-2 to None, run_after=None
[2024-12-06T22:23:58.495-0600] {processor.py:208} INFO - Processing /home/m9d9v9/PycharmProjects/Airflow-2/Airflow-2/.venv/lib/python3.10/site-packages/airflow/example_dags/example_subdag_operator.py took 0.070 seconds
[2024-12-06T22:24:55.067-0600] {processor.py:186} INFO - Started process (PID=13074) to work on /home/m9d9v9/PycharmProjects/Airflow-2/Airflow-2/.venv/lib/python3.10/site-packages/airflow/example_dags/example_subdag_operator.py
[2024-12-06T22:24:55.073-0600] {processor.py:914} INFO - Processing file /home/m9d9v9/PycharmProjects/Airflow-2/Airflow-2/.venv/lib/python3.10/site-packages/airflow/example_dags/example_subdag_operator.py for tasks to queue
[2024-12-06T22:24:55.075-0600] {logging_mixin.py:190} INFO - [2024-12-06T22:24:55.074-0600] {dagbag.py:588} INFO - Filling up the DagBag from /home/m9d9v9/PycharmProjects/Airflow-2/Airflow-2/.venv/lib/python3.10/site-packages/airflow/example_dags/example_subdag_operator.py
[2024-12-06T22:24:55.091-0600] {processor.py:925} INFO - DAG(s) 'example_subdag_operator.section-1', 'example_subdag_operator.section-2', 'example_subdag_operator' retrieved from /home/m9d9v9/PycharmProjects/Airflow-2/Airflow-2/.venv/lib/python3.10/site-packages/airflow/example_dags/example_subdag_operator.py
[2024-12-06T22:24:55.100-0600] {logging_mixin.py:190} INFO - [2024-12-06T22:24:55.100-0600] {dag.py:3239} INFO - Sync 3 DAGs
[2024-12-06T22:24:55.113-0600] {logging_mixin.py:190} INFO - [2024-12-06T22:24:55.112-0600] {dag.py:4180} INFO - Setting next_dagrun for example_subdag_operator to 2022-01-01 00:00:00+00:00, run_after=2022-01-01 00:00:00+00:00
[2024-12-06T22:24:55.115-0600] {logging_mixin.py:190} INFO - [2024-12-06T22:24:55.115-0600] {dag.py:4180} INFO - Setting next_dagrun for example_subdag_operator.section-1 to None, run_after=None
[2024-12-06T22:24:55.116-0600] {logging_mixin.py:190} INFO - [2024-12-06T22:24:55.116-0600] {dag.py:4180} INFO - Setting next_dagrun for example_subdag_operator.section-2 to None, run_after=None
[2024-12-06T22:24:55.119-0600] {logging_mixin.py:190} INFO - [2024-12-06T22:24:55.119-0600] {dag.py:3239} INFO - Sync 2 DAGs
[2024-12-06T22:24:55.122-0600] {logging_mixin.py:190} INFO - [2024-12-06T22:24:55.122-0600] {dag.py:4180} INFO - Setting next_dagrun for example_subdag_operator.section-1 to None, run_after=None
[2024-12-06T22:24:55.122-0600] {logging_mixin.py:190} INFO - [2024-12-06T22:24:55.122-0600] {dag.py:4180} INFO - Setting next_dagrun for example_subdag_operator.section-2 to None, run_after=None
[2024-12-06T22:24:55.130-0600] {processor.py:208} INFO - Processing /home/m9d9v9/PycharmProjects/Airflow-2/Airflow-2/.venv/lib/python3.10/site-packages/airflow/example_dags/example_subdag_operator.py took 0.069 seconds
[2024-12-06T22:25:51.482-0600] {processor.py:186} INFO - Started process (PID=13155) to work on /home/m9d9v9/PycharmProjects/Airflow-2/Airflow-2/.venv/lib/python3.10/site-packages/airflow/example_dags/example_subdag_operator.py
[2024-12-06T22:25:51.483-0600] {processor.py:914} INFO - Processing file /home/m9d9v9/PycharmProjects/Airflow-2/Airflow-2/.venv/lib/python3.10/site-packages/airflow/example_dags/example_subdag_operator.py for tasks to queue
[2024-12-06T22:25:51.485-0600] {logging_mixin.py:190} INFO - [2024-12-06T22:25:51.484-0600] {dagbag.py:588} INFO - Filling up the DagBag from /home/m9d9v9/PycharmProjects/Airflow-2/Airflow-2/.venv/lib/python3.10/site-packages/airflow/example_dags/example_subdag_operator.py
[2024-12-06T22:25:51.512-0600] {processor.py:925} INFO - DAG(s) 'example_subdag_operator.section-1', 'example_subdag_operator.section-2', 'example_subdag_operator' retrieved from /home/m9d9v9/PycharmProjects/Airflow-2/Airflow-2/.venv/lib/python3.10/site-packages/airflow/example_dags/example_subdag_operator.py
[2024-12-06T22:25:51.528-0600] {logging_mixin.py:190} INFO - [2024-12-06T22:25:51.528-0600] {dag.py:3239} INFO - Sync 3 DAGs
[2024-12-06T22:25:51.554-0600] {logging_mixin.py:190} INFO - [2024-12-06T22:25:51.553-0600] {dag.py:4180} INFO - Setting next_dagrun for example_subdag_operator to 2022-01-01 00:00:00+00:00, run_after=2022-01-01 00:00:00+00:00
[2024-12-06T22:25:51.558-0600] {logging_mixin.py:190} INFO - [2024-12-06T22:25:51.558-0600] {dag.py:4180} INFO - Setting next_dagrun for example_subdag_operator.section-1 to None, run_after=None
[2024-12-06T22:25:51.559-0600] {logging_mixin.py:190} INFO - [2024-12-06T22:25:51.559-0600] {dag.py:4180} INFO - Setting next_dagrun for example_subdag_operator.section-2 to None, run_after=None
[2024-12-06T22:25:51.565-0600] {logging_mixin.py:190} INFO - [2024-12-06T22:25:51.565-0600] {dag.py:3239} INFO - Sync 2 DAGs
[2024-12-06T22:25:51.571-0600] {logging_mixin.py:190} INFO - [2024-12-06T22:25:51.571-0600] {dag.py:4180} INFO - Setting next_dagrun for example_subdag_operator.section-1 to None, run_after=None
[2024-12-06T22:25:51.572-0600] {logging_mixin.py:190} INFO - [2024-12-06T22:25:51.572-0600] {dag.py:4180} INFO - Setting next_dagrun for example_subdag_operator.section-2 to None, run_after=None
[2024-12-06T22:25:51.585-0600] {processor.py:208} INFO - Processing /home/m9d9v9/PycharmProjects/Airflow-2/Airflow-2/.venv/lib/python3.10/site-packages/airflow/example_dags/example_subdag_operator.py took 0.113 seconds
[2024-12-06T22:26:48.482-0600] {processor.py:186} INFO - Started process (PID=13235) to work on /home/m9d9v9/PycharmProjects/Airflow-2/Airflow-2/.venv/lib/python3.10/site-packages/airflow/example_dags/example_subdag_operator.py
[2024-12-06T22:26:48.483-0600] {processor.py:914} INFO - Processing file /home/m9d9v9/PycharmProjects/Airflow-2/Airflow-2/.venv/lib/python3.10/site-packages/airflow/example_dags/example_subdag_operator.py for tasks to queue
[2024-12-06T22:26:48.484-0600] {logging_mixin.py:190} INFO - [2024-12-06T22:26:48.484-0600] {dagbag.py:588} INFO - Filling up the DagBag from /home/m9d9v9/PycharmProjects/Airflow-2/Airflow-2/.venv/lib/python3.10/site-packages/airflow/example_dags/example_subdag_operator.py
[2024-12-06T22:26:48.501-0600] {processor.py:925} INFO - DAG(s) 'example_subdag_operator.section-1', 'example_subdag_operator.section-2', 'example_subdag_operator' retrieved from /home/m9d9v9/PycharmProjects/Airflow-2/Airflow-2/.venv/lib/python3.10/site-packages/airflow/example_dags/example_subdag_operator.py
[2024-12-06T22:26:48.511-0600] {logging_mixin.py:190} INFO - [2024-12-06T22:26:48.510-0600] {dag.py:3239} INFO - Sync 3 DAGs
[2024-12-06T22:26:48.524-0600] {logging_mixin.py:190} INFO - [2024-12-06T22:26:48.524-0600] {dag.py:4180} INFO - Setting next_dagrun for example_subdag_operator to 2022-01-01 00:00:00+00:00, run_after=2022-01-01 00:00:00+00:00
[2024-12-06T22:26:48.526-0600] {logging_mixin.py:190} INFO - [2024-12-06T22:26:48.526-0600] {dag.py:4180} INFO - Setting next_dagrun for example_subdag_operator.section-1 to None, run_after=None
[2024-12-06T22:26:48.527-0600] {logging_mixin.py:190} INFO - [2024-12-06T22:26:48.527-0600] {dag.py:4180} INFO - Setting next_dagrun for example_subdag_operator.section-2 to None, run_after=None
[2024-12-06T22:26:48.530-0600] {logging_mixin.py:190} INFO - [2024-12-06T22:26:48.530-0600] {dag.py:3239} INFO - Sync 2 DAGs
[2024-12-06T22:26:48.533-0600] {logging_mixin.py:190} INFO - [2024-12-06T22:26:48.533-0600] {dag.py:4180} INFO - Setting next_dagrun for example_subdag_operator.section-1 to None, run_after=None
[2024-12-06T22:26:48.533-0600] {logging_mixin.py:190} INFO - [2024-12-06T22:26:48.533-0600] {dag.py:4180} INFO - Setting next_dagrun for example_subdag_operator.section-2 to None, run_after=None
[2024-12-06T22:26:48.541-0600] {processor.py:208} INFO - Processing /home/m9d9v9/PycharmProjects/Airflow-2/Airflow-2/.venv/lib/python3.10/site-packages/airflow/example_dags/example_subdag_operator.py took 0.064 seconds
[2024-12-06T22:37:09.182-0600] {processor.py:186} INFO - Started process (PID=14616) to work on /home/m9d9v9/PycharmProjects/Airflow-2/Airflow-2/.venv/lib/python3.10/site-packages/airflow/example_dags/example_subdag_operator.py
[2024-12-06T22:37:09.188-0600] {processor.py:914} INFO - Processing file /home/m9d9v9/PycharmProjects/Airflow-2/Airflow-2/.venv/lib/python3.10/site-packages/airflow/example_dags/example_subdag_operator.py for tasks to queue
[2024-12-06T22:37:09.190-0600] {logging_mixin.py:190} INFO - [2024-12-06T22:37:09.189-0600] {dagbag.py:588} INFO - Filling up the DagBag from /home/m9d9v9/PycharmProjects/Airflow-2/Airflow-2/.venv/lib/python3.10/site-packages/airflow/example_dags/example_subdag_operator.py
[2024-12-06T22:37:09.209-0600] {processor.py:925} INFO - DAG(s) 'example_subdag_operator.section-1', 'example_subdag_operator.section-2', 'example_subdag_operator' retrieved from /home/m9d9v9/PycharmProjects/Airflow-2/Airflow-2/.venv/lib/python3.10/site-packages/airflow/example_dags/example_subdag_operator.py
[2024-12-06T22:37:09.226-0600] {logging_mixin.py:190} INFO - [2024-12-06T22:37:09.226-0600] {dag.py:3239} INFO - Sync 3 DAGs
[2024-12-06T22:37:09.238-0600] {logging_mixin.py:190} INFO - [2024-12-06T22:37:09.238-0600] {dag.py:4180} INFO - Setting next_dagrun for example_subdag_operator to 2022-01-01 00:00:00+00:00, run_after=2022-01-01 00:00:00+00:00
[2024-12-06T22:37:09.240-0600] {logging_mixin.py:190} INFO - [2024-12-06T22:37:09.240-0600] {dag.py:4180} INFO - Setting next_dagrun for example_subdag_operator.section-1 to None, run_after=None
[2024-12-06T22:37:09.241-0600] {logging_mixin.py:190} INFO - [2024-12-06T22:37:09.240-0600] {dag.py:4180} INFO - Setting next_dagrun for example_subdag_operator.section-2 to None, run_after=None
[2024-12-06T22:37:09.244-0600] {logging_mixin.py:190} INFO - [2024-12-06T22:37:09.244-0600] {dag.py:3239} INFO - Sync 2 DAGs
[2024-12-06T22:37:09.246-0600] {logging_mixin.py:190} INFO - [2024-12-06T22:37:09.246-0600] {dag.py:4180} INFO - Setting next_dagrun for example_subdag_operator.section-1 to None, run_after=None
[2024-12-06T22:37:09.246-0600] {logging_mixin.py:190} INFO - [2024-12-06T22:37:09.246-0600] {dag.py:4180} INFO - Setting next_dagrun for example_subdag_operator.section-2 to None, run_after=None
[2024-12-06T22:37:09.256-0600] {processor.py:208} INFO - Processing /home/m9d9v9/PycharmProjects/Airflow-2/Airflow-2/.venv/lib/python3.10/site-packages/airflow/example_dags/example_subdag_operator.py took 0.080 seconds
[2024-12-06T22:38:07.288-0600] {processor.py:186} INFO - Started process (PID=14730) to work on /home/m9d9v9/PycharmProjects/Airflow-2/Airflow-2/.venv/lib/python3.10/site-packages/airflow/example_dags/example_subdag_operator.py
[2024-12-06T22:38:07.294-0600] {processor.py:914} INFO - Processing file /home/m9d9v9/PycharmProjects/Airflow-2/Airflow-2/.venv/lib/python3.10/site-packages/airflow/example_dags/example_subdag_operator.py for tasks to queue
[2024-12-06T22:38:07.298-0600] {logging_mixin.py:190} INFO - [2024-12-06T22:38:07.297-0600] {dagbag.py:588} INFO - Filling up the DagBag from /home/m9d9v9/PycharmProjects/Airflow-2/Airflow-2/.venv/lib/python3.10/site-packages/airflow/example_dags/example_subdag_operator.py
[2024-12-06T22:38:07.319-0600] {processor.py:925} INFO - DAG(s) 'example_subdag_operator.section-1', 'example_subdag_operator.section-2', 'example_subdag_operator' retrieved from /home/m9d9v9/PycharmProjects/Airflow-2/Airflow-2/.venv/lib/python3.10/site-packages/airflow/example_dags/example_subdag_operator.py
[2024-12-06T22:38:07.333-0600] {logging_mixin.py:190} INFO - [2024-12-06T22:38:07.333-0600] {dag.py:3239} INFO - Sync 3 DAGs
[2024-12-06T22:38:07.350-0600] {logging_mixin.py:190} INFO - [2024-12-06T22:38:07.350-0600] {dag.py:4180} INFO - Setting next_dagrun for example_subdag_operator to 2022-01-01 00:00:00+00:00, run_after=2022-01-01 00:00:00+00:00
[2024-12-06T22:38:07.352-0600] {logging_mixin.py:190} INFO - [2024-12-06T22:38:07.352-0600] {dag.py:4180} INFO - Setting next_dagrun for example_subdag_operator.section-1 to None, run_after=None
[2024-12-06T22:38:07.353-0600] {logging_mixin.py:190} INFO - [2024-12-06T22:38:07.353-0600] {dag.py:4180} INFO - Setting next_dagrun for example_subdag_operator.section-2 to None, run_after=None
[2024-12-06T22:38:07.357-0600] {logging_mixin.py:190} INFO - [2024-12-06T22:38:07.357-0600] {dag.py:3239} INFO - Sync 2 DAGs
[2024-12-06T22:38:07.360-0600] {logging_mixin.py:190} INFO - [2024-12-06T22:38:07.360-0600] {dag.py:4180} INFO - Setting next_dagrun for example_subdag_operator.section-1 to None, run_after=None
[2024-12-06T22:38:07.360-0600] {logging_mixin.py:190} INFO - [2024-12-06T22:38:07.360-0600] {dag.py:4180} INFO - Setting next_dagrun for example_subdag_operator.section-2 to None, run_after=None
[2024-12-06T22:38:07.370-0600] {processor.py:208} INFO - Processing /home/m9d9v9/PycharmProjects/Airflow-2/Airflow-2/.venv/lib/python3.10/site-packages/airflow/example_dags/example_subdag_operator.py took 0.088 seconds
[2024-12-06T22:39:04.671-0600] {processor.py:186} INFO - Started process (PID=14840) to work on /home/m9d9v9/PycharmProjects/Airflow-2/Airflow-2/.venv/lib/python3.10/site-packages/airflow/example_dags/example_subdag_operator.py
[2024-12-06T22:39:04.673-0600] {processor.py:914} INFO - Processing file /home/m9d9v9/PycharmProjects/Airflow-2/Airflow-2/.venv/lib/python3.10/site-packages/airflow/example_dags/example_subdag_operator.py for tasks to queue
[2024-12-06T22:39:04.677-0600] {logging_mixin.py:190} INFO - [2024-12-06T22:39:04.677-0600] {dagbag.py:588} INFO - Filling up the DagBag from /home/m9d9v9/PycharmProjects/Airflow-2/Airflow-2/.venv/lib/python3.10/site-packages/airflow/example_dags/example_subdag_operator.py
[2024-12-06T22:39:04.709-0600] {processor.py:925} INFO - DAG(s) 'example_subdag_operator.section-1', 'example_subdag_operator.section-2', 'example_subdag_operator' retrieved from /home/m9d9v9/PycharmProjects/Airflow-2/Airflow-2/.venv/lib/python3.10/site-packages/airflow/example_dags/example_subdag_operator.py
[2024-12-06T22:39:04.720-0600] {logging_mixin.py:190} INFO - [2024-12-06T22:39:04.719-0600] {dag.py:3239} INFO - Sync 3 DAGs
[2024-12-06T22:39:04.734-0600] {logging_mixin.py:190} INFO - [2024-12-06T22:39:04.734-0600] {dag.py:4180} INFO - Setting next_dagrun for example_subdag_operator to 2022-01-01 00:00:00+00:00, run_after=2022-01-01 00:00:00+00:00
[2024-12-06T22:39:04.736-0600] {logging_mixin.py:190} INFO - [2024-12-06T22:39:04.736-0600] {dag.py:4180} INFO - Setting next_dagrun for example_subdag_operator.section-1 to None, run_after=None
[2024-12-06T22:39:04.736-0600] {logging_mixin.py:190} INFO - [2024-12-06T22:39:04.736-0600] {dag.py:4180} INFO - Setting next_dagrun for example_subdag_operator.section-2 to None, run_after=None
[2024-12-06T22:39:04.740-0600] {logging_mixin.py:190} INFO - [2024-12-06T22:39:04.740-0600] {dag.py:3239} INFO - Sync 2 DAGs
[2024-12-06T22:39:04.742-0600] {logging_mixin.py:190} INFO - [2024-12-06T22:39:04.742-0600] {dag.py:4180} INFO - Setting next_dagrun for example_subdag_operator.section-1 to None, run_after=None
[2024-12-06T22:39:04.742-0600] {logging_mixin.py:190} INFO - [2024-12-06T22:39:04.742-0600] {dag.py:4180} INFO - Setting next_dagrun for example_subdag_operator.section-2 to None, run_after=None
[2024-12-06T22:39:04.750-0600] {processor.py:208} INFO - Processing /home/m9d9v9/PycharmProjects/Airflow-2/Airflow-2/.venv/lib/python3.10/site-packages/airflow/example_dags/example_subdag_operator.py took 0.092 seconds
[2024-12-06T22:40:05.230-0600] {processor.py:186} INFO - Started process (PID=15028) to work on /home/m9d9v9/PycharmProjects/Airflow-2/Airflow-2/.venv/lib/python3.10/site-packages/airflow/example_dags/example_subdag_operator.py
[2024-12-06T22:40:05.237-0600] {processor.py:914} INFO - Processing file /home/m9d9v9/PycharmProjects/Airflow-2/Airflow-2/.venv/lib/python3.10/site-packages/airflow/example_dags/example_subdag_operator.py for tasks to queue
[2024-12-06T22:40:05.238-0600] {logging_mixin.py:190} INFO - [2024-12-06T22:40:05.238-0600] {dagbag.py:588} INFO - Filling up the DagBag from /home/m9d9v9/PycharmProjects/Airflow-2/Airflow-2/.venv/lib/python3.10/site-packages/airflow/example_dags/example_subdag_operator.py
[2024-12-06T22:40:05.259-0600] {processor.py:925} INFO - DAG(s) 'example_subdag_operator.section-1', 'example_subdag_operator.section-2', 'example_subdag_operator' retrieved from /home/m9d9v9/PycharmProjects/Airflow-2/Airflow-2/.venv/lib/python3.10/site-packages/airflow/example_dags/example_subdag_operator.py
[2024-12-06T22:40:05.271-0600] {logging_mixin.py:190} INFO - [2024-12-06T22:40:05.271-0600] {dag.py:3239} INFO - Sync 3 DAGs
[2024-12-06T22:40:05.288-0600] {logging_mixin.py:190} INFO - [2024-12-06T22:40:05.287-0600] {dag.py:4180} INFO - Setting next_dagrun for example_subdag_operator to 2022-01-01 00:00:00+00:00, run_after=2022-01-01 00:00:00+00:00
[2024-12-06T22:40:05.289-0600] {logging_mixin.py:190} INFO - [2024-12-06T22:40:05.289-0600] {dag.py:4180} INFO - Setting next_dagrun for example_subdag_operator.section-1 to None, run_after=None
[2024-12-06T22:40:05.290-0600] {logging_mixin.py:190} INFO - [2024-12-06T22:40:05.290-0600] {dag.py:4180} INFO - Setting next_dagrun for example_subdag_operator.section-2 to None, run_after=None
[2024-12-06T22:40:05.294-0600] {logging_mixin.py:190} INFO - [2024-12-06T22:40:05.294-0600] {dag.py:3239} INFO - Sync 2 DAGs
[2024-12-06T22:40:05.296-0600] {logging_mixin.py:190} INFO - [2024-12-06T22:40:05.296-0600] {dag.py:4180} INFO - Setting next_dagrun for example_subdag_operator.section-1 to None, run_after=None
[2024-12-06T22:40:05.297-0600] {logging_mixin.py:190} INFO - [2024-12-06T22:40:05.297-0600] {dag.py:4180} INFO - Setting next_dagrun for example_subdag_operator.section-2 to None, run_after=None
[2024-12-06T22:40:05.306-0600] {processor.py:208} INFO - Processing /home/m9d9v9/PycharmProjects/Airflow-2/Airflow-2/.venv/lib/python3.10/site-packages/airflow/example_dags/example_subdag_operator.py took 0.083 seconds
[2024-12-06T22:41:04.701-0600] {processor.py:186} INFO - Started process (PID=15131) to work on /home/m9d9v9/PycharmProjects/Airflow-2/Airflow-2/.venv/lib/python3.10/site-packages/airflow/example_dags/example_subdag_operator.py
[2024-12-06T22:41:04.707-0600] {processor.py:914} INFO - Processing file /home/m9d9v9/PycharmProjects/Airflow-2/Airflow-2/.venv/lib/python3.10/site-packages/airflow/example_dags/example_subdag_operator.py for tasks to queue
[2024-12-06T22:41:04.712-0600] {logging_mixin.py:190} INFO - [2024-12-06T22:41:04.711-0600] {dagbag.py:588} INFO - Filling up the DagBag from /home/m9d9v9/PycharmProjects/Airflow-2/Airflow-2/.venv/lib/python3.10/site-packages/airflow/example_dags/example_subdag_operator.py
[2024-12-06T22:41:04.746-0600] {processor.py:925} INFO - DAG(s) 'example_subdag_operator.section-1', 'example_subdag_operator.section-2', 'example_subdag_operator' retrieved from /home/m9d9v9/PycharmProjects/Airflow-2/Airflow-2/.venv/lib/python3.10/site-packages/airflow/example_dags/example_subdag_operator.py
[2024-12-06T22:41:04.756-0600] {logging_mixin.py:190} INFO - [2024-12-06T22:41:04.755-0600] {dag.py:3239} INFO - Sync 3 DAGs
[2024-12-06T22:41:04.768-0600] {logging_mixin.py:190} INFO - [2024-12-06T22:41:04.768-0600] {dag.py:4180} INFO - Setting next_dagrun for example_subdag_operator to 2022-01-01 00:00:00+00:00, run_after=2022-01-01 00:00:00+00:00
[2024-12-06T22:41:04.770-0600] {logging_mixin.py:190} INFO - [2024-12-06T22:41:04.770-0600] {dag.py:4180} INFO - Setting next_dagrun for example_subdag_operator.section-1 to None, run_after=None
[2024-12-06T22:41:04.771-0600] {logging_mixin.py:190} INFO - [2024-12-06T22:41:04.771-0600] {dag.py:4180} INFO - Setting next_dagrun for example_subdag_operator.section-2 to None, run_after=None
[2024-12-06T22:41:04.774-0600] {logging_mixin.py:190} INFO - [2024-12-06T22:41:04.774-0600] {dag.py:3239} INFO - Sync 2 DAGs
[2024-12-06T22:41:04.776-0600] {logging_mixin.py:190} INFO - [2024-12-06T22:41:04.776-0600] {dag.py:4180} INFO - Setting next_dagrun for example_subdag_operator.section-1 to None, run_after=None
[2024-12-06T22:41:04.776-0600] {logging_mixin.py:190} INFO - [2024-12-06T22:41:04.776-0600] {dag.py:4180} INFO - Setting next_dagrun for example_subdag_operator.section-2 to None, run_after=None
[2024-12-06T22:41:04.784-0600] {processor.py:208} INFO - Processing /home/m9d9v9/PycharmProjects/Airflow-2/Airflow-2/.venv/lib/python3.10/site-packages/airflow/example_dags/example_subdag_operator.py took 0.100 seconds
[2024-12-06T23:25:15.792-0600] {processor.py:186} INFO - Started process (PID=17267) to work on /home/m9d9v9/PycharmProjects/Airflow-2/Airflow-2/.venv/lib/python3.10/site-packages/airflow/example_dags/example_subdag_operator.py
[2024-12-06T23:25:15.793-0600] {processor.py:914} INFO - Processing file /home/m9d9v9/PycharmProjects/Airflow-2/Airflow-2/.venv/lib/python3.10/site-packages/airflow/example_dags/example_subdag_operator.py for tasks to queue
[2024-12-06T23:25:15.795-0600] {logging_mixin.py:190} INFO - [2024-12-06T23:25:15.795-0600] {dagbag.py:588} INFO - Filling up the DagBag from /home/m9d9v9/PycharmProjects/Airflow-2/Airflow-2/.venv/lib/python3.10/site-packages/airflow/example_dags/example_subdag_operator.py
[2024-12-06T23:25:15.818-0600] {processor.py:925} INFO - DAG(s) 'example_subdag_operator.section-1', 'example_subdag_operator.section-2', 'example_subdag_operator' retrieved from /home/m9d9v9/PycharmProjects/Airflow-2/Airflow-2/.venv/lib/python3.10/site-packages/airflow/example_dags/example_subdag_operator.py
[2024-12-06T23:25:15.837-0600] {logging_mixin.py:190} INFO - [2024-12-06T23:25:15.837-0600] {dag.py:3239} INFO - Sync 3 DAGs
[2024-12-06T23:25:15.850-0600] {logging_mixin.py:190} INFO - [2024-12-06T23:25:15.850-0600] {dag.py:4180} INFO - Setting next_dagrun for example_subdag_operator to 2022-01-01 00:00:00+00:00, run_after=2022-01-01 00:00:00+00:00
[2024-12-06T23:25:15.852-0600] {logging_mixin.py:190} INFO - [2024-12-06T23:25:15.851-0600] {dag.py:4180} INFO - Setting next_dagrun for example_subdag_operator.section-1 to None, run_after=None
[2024-12-06T23:25:15.853-0600] {logging_mixin.py:190} INFO - [2024-12-06T23:25:15.853-0600] {dag.py:4180} INFO - Setting next_dagrun for example_subdag_operator.section-2 to None, run_after=None
[2024-12-06T23:25:15.856-0600] {logging_mixin.py:190} INFO - [2024-12-06T23:25:15.856-0600] {dag.py:3239} INFO - Sync 2 DAGs
[2024-12-06T23:25:15.859-0600] {logging_mixin.py:190} INFO - [2024-12-06T23:25:15.859-0600] {dag.py:4180} INFO - Setting next_dagrun for example_subdag_operator.section-1 to None, run_after=None
[2024-12-06T23:25:15.859-0600] {logging_mixin.py:190} INFO - [2024-12-06T23:25:15.859-0600] {dag.py:4180} INFO - Setting next_dagrun for example_subdag_operator.section-2 to None, run_after=None
[2024-12-06T23:25:15.867-0600] {processor.py:208} INFO - Processing /home/m9d9v9/PycharmProjects/Airflow-2/Airflow-2/.venv/lib/python3.10/site-packages/airflow/example_dags/example_subdag_operator.py took 0.080 seconds
[2024-12-06T23:26:14.368-0600] {processor.py:186} INFO - Started process (PID=17386) to work on /home/m9d9v9/PycharmProjects/Airflow-2/Airflow-2/.venv/lib/python3.10/site-packages/airflow/example_dags/example_subdag_operator.py
[2024-12-06T23:26:14.375-0600] {processor.py:914} INFO - Processing file /home/m9d9v9/PycharmProjects/Airflow-2/Airflow-2/.venv/lib/python3.10/site-packages/airflow/example_dags/example_subdag_operator.py for tasks to queue
[2024-12-06T23:26:14.377-0600] {logging_mixin.py:190} INFO - [2024-12-06T23:26:14.376-0600] {dagbag.py:588} INFO - Filling up the DagBag from /home/m9d9v9/PycharmProjects/Airflow-2/Airflow-2/.venv/lib/python3.10/site-packages/airflow/example_dags/example_subdag_operator.py
[2024-12-06T23:26:14.415-0600] {processor.py:925} INFO - DAG(s) 'example_subdag_operator.section-1', 'example_subdag_operator.section-2', 'example_subdag_operator' retrieved from /home/m9d9v9/PycharmProjects/Airflow-2/Airflow-2/.venv/lib/python3.10/site-packages/airflow/example_dags/example_subdag_operator.py
[2024-12-06T23:26:14.424-0600] {logging_mixin.py:190} INFO - [2024-12-06T23:26:14.424-0600] {dag.py:3239} INFO - Sync 3 DAGs
[2024-12-06T23:26:14.436-0600] {logging_mixin.py:190} INFO - [2024-12-06T23:26:14.436-0600] {dag.py:4180} INFO - Setting next_dagrun for example_subdag_operator to 2022-01-01 00:00:00+00:00, run_after=2022-01-01 00:00:00+00:00
[2024-12-06T23:26:14.438-0600] {logging_mixin.py:190} INFO - [2024-12-06T23:26:14.438-0600] {dag.py:4180} INFO - Setting next_dagrun for example_subdag_operator.section-1 to None, run_after=None
[2024-12-06T23:26:14.438-0600] {logging_mixin.py:190} INFO - [2024-12-06T23:26:14.438-0600] {dag.py:4180} INFO - Setting next_dagrun for example_subdag_operator.section-2 to None, run_after=None
[2024-12-06T23:26:14.442-0600] {logging_mixin.py:190} INFO - [2024-12-06T23:26:14.441-0600] {dag.py:3239} INFO - Sync 2 DAGs
[2024-12-06T23:26:14.444-0600] {logging_mixin.py:190} INFO - [2024-12-06T23:26:14.444-0600] {dag.py:4180} INFO - Setting next_dagrun for example_subdag_operator.section-1 to None, run_after=None
[2024-12-06T23:26:14.444-0600] {logging_mixin.py:190} INFO - [2024-12-06T23:26:14.444-0600] {dag.py:4180} INFO - Setting next_dagrun for example_subdag_operator.section-2 to None, run_after=None
[2024-12-06T23:26:14.453-0600] {processor.py:208} INFO - Processing /home/m9d9v9/PycharmProjects/Airflow-2/Airflow-2/.venv/lib/python3.10/site-packages/airflow/example_dags/example_subdag_operator.py took 0.097 seconds
[2024-12-06T23:27:12.496-0600] {processor.py:186} INFO - Started process (PID=17462) to work on /home/m9d9v9/PycharmProjects/Airflow-2/Airflow-2/.venv/lib/python3.10/site-packages/airflow/example_dags/example_subdag_operator.py
[2024-12-06T23:27:12.502-0600] {processor.py:914} INFO - Processing file /home/m9d9v9/PycharmProjects/Airflow-2/Airflow-2/.venv/lib/python3.10/site-packages/airflow/example_dags/example_subdag_operator.py for tasks to queue
[2024-12-06T23:27:12.503-0600] {logging_mixin.py:190} INFO - [2024-12-06T23:27:12.503-0600] {dagbag.py:588} INFO - Filling up the DagBag from /home/m9d9v9/PycharmProjects/Airflow-2/Airflow-2/.venv/lib/python3.10/site-packages/airflow/example_dags/example_subdag_operator.py
[2024-12-06T23:27:12.517-0600] {processor.py:925} INFO - DAG(s) 'example_subdag_operator.section-1', 'example_subdag_operator.section-2', 'example_subdag_operator' retrieved from /home/m9d9v9/PycharmProjects/Airflow-2/Airflow-2/.venv/lib/python3.10/site-packages/airflow/example_dags/example_subdag_operator.py
[2024-12-06T23:27:12.525-0600] {logging_mixin.py:190} INFO - [2024-12-06T23:27:12.525-0600] {dag.py:3239} INFO - Sync 3 DAGs
[2024-12-06T23:27:12.536-0600] {logging_mixin.py:190} INFO - [2024-12-06T23:27:12.536-0600] {dag.py:4180} INFO - Setting next_dagrun for example_subdag_operator to 2022-01-01 00:00:00+00:00, run_after=2022-01-01 00:00:00+00:00
[2024-12-06T23:27:12.539-0600] {logging_mixin.py:190} INFO - [2024-12-06T23:27:12.539-0600] {dag.py:4180} INFO - Setting next_dagrun for example_subdag_operator.section-1 to None, run_after=None
[2024-12-06T23:27:12.539-0600] {logging_mixin.py:190} INFO - [2024-12-06T23:27:12.539-0600] {dag.py:4180} INFO - Setting next_dagrun for example_subdag_operator.section-2 to None, run_after=None
[2024-12-06T23:27:12.542-0600] {logging_mixin.py:190} INFO - [2024-12-06T23:27:12.542-0600] {dag.py:3239} INFO - Sync 2 DAGs
[2024-12-06T23:27:12.545-0600] {logging_mixin.py:190} INFO - [2024-12-06T23:27:12.544-0600] {dag.py:4180} INFO - Setting next_dagrun for example_subdag_operator.section-1 to None, run_after=None
[2024-12-06T23:27:12.545-0600] {logging_mixin.py:190} INFO - [2024-12-06T23:27:12.545-0600] {dag.py:4180} INFO - Setting next_dagrun for example_subdag_operator.section-2 to None, run_after=None
[2024-12-06T23:27:12.554-0600] {processor.py:208} INFO - Processing /home/m9d9v9/PycharmProjects/Airflow-2/Airflow-2/.venv/lib/python3.10/site-packages/airflow/example_dags/example_subdag_operator.py took 0.062 seconds
[2024-12-06T23:28:08.901-0600] {processor.py:186} INFO - Started process (PID=17563) to work on /home/m9d9v9/PycharmProjects/Airflow-2/Airflow-2/.venv/lib/python3.10/site-packages/airflow/example_dags/example_subdag_operator.py
[2024-12-06T23:28:08.907-0600] {processor.py:914} INFO - Processing file /home/m9d9v9/PycharmProjects/Airflow-2/Airflow-2/.venv/lib/python3.10/site-packages/airflow/example_dags/example_subdag_operator.py for tasks to queue
[2024-12-06T23:28:08.908-0600] {logging_mixin.py:190} INFO - [2024-12-06T23:28:08.908-0600] {dagbag.py:588} INFO - Filling up the DagBag from /home/m9d9v9/PycharmProjects/Airflow-2/Airflow-2/.venv/lib/python3.10/site-packages/airflow/example_dags/example_subdag_operator.py
[2024-12-06T23:28:08.930-0600] {processor.py:925} INFO - DAG(s) 'example_subdag_operator.section-1', 'example_subdag_operator.section-2', 'example_subdag_operator' retrieved from /home/m9d9v9/PycharmProjects/Airflow-2/Airflow-2/.venv/lib/python3.10/site-packages/airflow/example_dags/example_subdag_operator.py
[2024-12-06T23:28:08.943-0600] {logging_mixin.py:190} INFO - [2024-12-06T23:28:08.943-0600] {dag.py:3239} INFO - Sync 3 DAGs
[2024-12-06T23:28:08.960-0600] {logging_mixin.py:190} INFO - [2024-12-06T23:28:08.959-0600] {dag.py:4180} INFO - Setting next_dagrun for example_subdag_operator to 2022-01-01 00:00:00+00:00, run_after=2022-01-01 00:00:00+00:00
[2024-12-06T23:28:08.962-0600] {logging_mixin.py:190} INFO - [2024-12-06T23:28:08.961-0600] {dag.py:4180} INFO - Setting next_dagrun for example_subdag_operator.section-1 to None, run_after=None
[2024-12-06T23:28:08.962-0600] {logging_mixin.py:190} INFO - [2024-12-06T23:28:08.962-0600] {dag.py:4180} INFO - Setting next_dagrun for example_subdag_operator.section-2 to None, run_after=None
[2024-12-06T23:28:08.966-0600] {logging_mixin.py:190} INFO - [2024-12-06T23:28:08.965-0600] {dag.py:3239} INFO - Sync 2 DAGs
[2024-12-06T23:28:08.968-0600] {logging_mixin.py:190} INFO - [2024-12-06T23:28:08.968-0600] {dag.py:4180} INFO - Setting next_dagrun for example_subdag_operator.section-1 to None, run_after=None
[2024-12-06T23:28:08.968-0600] {logging_mixin.py:190} INFO - [2024-12-06T23:28:08.968-0600] {dag.py:4180} INFO - Setting next_dagrun for example_subdag_operator.section-2 to None, run_after=None
[2024-12-06T23:28:08.977-0600] {processor.py:208} INFO - Processing /home/m9d9v9/PycharmProjects/Airflow-2/Airflow-2/.venv/lib/python3.10/site-packages/airflow/example_dags/example_subdag_operator.py took 0.082 seconds
[2024-12-06T23:29:05.678-0600] {processor.py:186} INFO - Started process (PID=17697) to work on /home/m9d9v9/PycharmProjects/Airflow-2/Airflow-2/.venv/lib/python3.10/site-packages/airflow/example_dags/example_subdag_operator.py
[2024-12-06T23:29:05.685-0600] {processor.py:914} INFO - Processing file /home/m9d9v9/PycharmProjects/Airflow-2/Airflow-2/.venv/lib/python3.10/site-packages/airflow/example_dags/example_subdag_operator.py for tasks to queue
[2024-12-06T23:29:05.686-0600] {logging_mixin.py:190} INFO - [2024-12-06T23:29:05.686-0600] {dagbag.py:588} INFO - Filling up the DagBag from /home/m9d9v9/PycharmProjects/Airflow-2/Airflow-2/.venv/lib/python3.10/site-packages/airflow/example_dags/example_subdag_operator.py
[2024-12-06T23:29:05.712-0600] {processor.py:925} INFO - DAG(s) 'example_subdag_operator.section-1', 'example_subdag_operator.section-2', 'example_subdag_operator' retrieved from /home/m9d9v9/PycharmProjects/Airflow-2/Airflow-2/.venv/lib/python3.10/site-packages/airflow/example_dags/example_subdag_operator.py
[2024-12-06T23:29:05.727-0600] {logging_mixin.py:190} INFO - [2024-12-06T23:29:05.727-0600] {dag.py:3239} INFO - Sync 3 DAGs
[2024-12-06T23:29:05.741-0600] {logging_mixin.py:190} INFO - [2024-12-06T23:29:05.741-0600] {dag.py:4180} INFO - Setting next_dagrun for example_subdag_operator to 2022-01-01 00:00:00+00:00, run_after=2022-01-01 00:00:00+00:00
[2024-12-06T23:29:05.743-0600] {logging_mixin.py:190} INFO - [2024-12-06T23:29:05.742-0600] {dag.py:4180} INFO - Setting next_dagrun for example_subdag_operator.section-1 to None, run_after=None
[2024-12-06T23:29:05.743-0600] {logging_mixin.py:190} INFO - [2024-12-06T23:29:05.743-0600] {dag.py:4180} INFO - Setting next_dagrun for example_subdag_operator.section-2 to None, run_after=None
[2024-12-06T23:29:05.748-0600] {logging_mixin.py:190} INFO - [2024-12-06T23:29:05.748-0600] {dag.py:3239} INFO - Sync 2 DAGs
[2024-12-06T23:29:05.750-0600] {logging_mixin.py:190} INFO - [2024-12-06T23:29:05.750-0600] {dag.py:4180} INFO - Setting next_dagrun for example_subdag_operator.section-1 to None, run_after=None
[2024-12-06T23:29:05.751-0600] {logging_mixin.py:190} INFO - [2024-12-06T23:29:05.750-0600] {dag.py:4180} INFO - Setting next_dagrun for example_subdag_operator.section-2 to None, run_after=None
[2024-12-06T23:29:05.758-0600] {processor.py:208} INFO - Processing /home/m9d9v9/PycharmProjects/Airflow-2/Airflow-2/.venv/lib/python3.10/site-packages/airflow/example_dags/example_subdag_operator.py took 0.087 seconds
[2024-12-06T23:30:02.895-0600] {processor.py:186} INFO - Started process (PID=17783) to work on /home/m9d9v9/PycharmProjects/Airflow-2/Airflow-2/.venv/lib/python3.10/site-packages/airflow/example_dags/example_subdag_operator.py
[2024-12-06T23:30:02.902-0600] {processor.py:914} INFO - Processing file /home/m9d9v9/PycharmProjects/Airflow-2/Airflow-2/.venv/lib/python3.10/site-packages/airflow/example_dags/example_subdag_operator.py for tasks to queue
[2024-12-06T23:30:02.905-0600] {logging_mixin.py:190} INFO - [2024-12-06T23:30:02.904-0600] {dagbag.py:588} INFO - Filling up the DagBag from /home/m9d9v9/PycharmProjects/Airflow-2/Airflow-2/.venv/lib/python3.10/site-packages/airflow/example_dags/example_subdag_operator.py
[2024-12-06T23:30:02.942-0600] {processor.py:925} INFO - DAG(s) 'example_subdag_operator.section-1', 'example_subdag_operator.section-2', 'example_subdag_operator' retrieved from /home/m9d9v9/PycharmProjects/Airflow-2/Airflow-2/.venv/lib/python3.10/site-packages/airflow/example_dags/example_subdag_operator.py
[2024-12-06T23:30:02.951-0600] {logging_mixin.py:190} INFO - [2024-12-06T23:30:02.951-0600] {dag.py:3239} INFO - Sync 3 DAGs
[2024-12-06T23:30:02.962-0600] {logging_mixin.py:190} INFO - [2024-12-06T23:30:02.962-0600] {dag.py:4180} INFO - Setting next_dagrun for example_subdag_operator to 2022-01-01 00:00:00+00:00, run_after=2022-01-01 00:00:00+00:00
[2024-12-06T23:30:02.964-0600] {logging_mixin.py:190} INFO - [2024-12-06T23:30:02.964-0600] {dag.py:4180} INFO - Setting next_dagrun for example_subdag_operator.section-1 to None, run_after=None
[2024-12-06T23:30:02.964-0600] {logging_mixin.py:190} INFO - [2024-12-06T23:30:02.964-0600] {dag.py:4180} INFO - Setting next_dagrun for example_subdag_operator.section-2 to None, run_after=None
[2024-12-06T23:30:02.967-0600] {logging_mixin.py:190} INFO - [2024-12-06T23:30:02.967-0600] {dag.py:3239} INFO - Sync 2 DAGs
[2024-12-06T23:30:02.969-0600] {logging_mixin.py:190} INFO - [2024-12-06T23:30:02.969-0600] {dag.py:4180} INFO - Setting next_dagrun for example_subdag_operator.section-1 to None, run_after=None
[2024-12-06T23:30:02.970-0600] {logging_mixin.py:190} INFO - [2024-12-06T23:30:02.969-0600] {dag.py:4180} INFO - Setting next_dagrun for example_subdag_operator.section-2 to None, run_after=None
[2024-12-06T23:30:02.978-0600] {processor.py:208} INFO - Processing /home/m9d9v9/PycharmProjects/Airflow-2/Airflow-2/.venv/lib/python3.10/site-packages/airflow/example_dags/example_subdag_operator.py took 0.093 seconds
[2024-12-06T23:30:57.612-0600] {processor.py:186} INFO - Started process (PID=17902) to work on /home/m9d9v9/PycharmProjects/Airflow-2/Airflow-2/.venv/lib/python3.10/site-packages/airflow/example_dags/example_subdag_operator.py
[2024-12-06T23:30:57.619-0600] {processor.py:914} INFO - Processing file /home/m9d9v9/PycharmProjects/Airflow-2/Airflow-2/.venv/lib/python3.10/site-packages/airflow/example_dags/example_subdag_operator.py for tasks to queue
[2024-12-06T23:30:57.621-0600] {logging_mixin.py:190} INFO - [2024-12-06T23:30:57.620-0600] {dagbag.py:588} INFO - Filling up the DagBag from /home/m9d9v9/PycharmProjects/Airflow-2/Airflow-2/.venv/lib/python3.10/site-packages/airflow/example_dags/example_subdag_operator.py
[2024-12-06T23:30:57.659-0600] {processor.py:925} INFO - DAG(s) 'example_subdag_operator.section-1', 'example_subdag_operator.section-2', 'example_subdag_operator' retrieved from /home/m9d9v9/PycharmProjects/Airflow-2/Airflow-2/.venv/lib/python3.10/site-packages/airflow/example_dags/example_subdag_operator.py
[2024-12-06T23:30:57.668-0600] {logging_mixin.py:190} INFO - [2024-12-06T23:30:57.668-0600] {dag.py:3239} INFO - Sync 3 DAGs
[2024-12-06T23:30:57.679-0600] {logging_mixin.py:190} INFO - [2024-12-06T23:30:57.679-0600] {dag.py:4180} INFO - Setting next_dagrun for example_subdag_operator to 2022-01-01 00:00:00+00:00, run_after=2022-01-01 00:00:00+00:00
[2024-12-06T23:30:57.681-0600] {logging_mixin.py:190} INFO - [2024-12-06T23:30:57.680-0600] {dag.py:4180} INFO - Setting next_dagrun for example_subdag_operator.section-1 to None, run_after=None
[2024-12-06T23:30:57.681-0600] {logging_mixin.py:190} INFO - [2024-12-06T23:30:57.681-0600] {dag.py:4180} INFO - Setting next_dagrun for example_subdag_operator.section-2 to None, run_after=None
[2024-12-06T23:30:57.684-0600] {logging_mixin.py:190} INFO - [2024-12-06T23:30:57.684-0600] {dag.py:3239} INFO - Sync 2 DAGs
[2024-12-06T23:30:57.686-0600] {logging_mixin.py:190} INFO - [2024-12-06T23:30:57.686-0600] {dag.py:4180} INFO - Setting next_dagrun for example_subdag_operator.section-1 to None, run_after=None
[2024-12-06T23:30:57.686-0600] {logging_mixin.py:190} INFO - [2024-12-06T23:30:57.686-0600] {dag.py:4180} INFO - Setting next_dagrun for example_subdag_operator.section-2 to None, run_after=None
[2024-12-06T23:30:57.694-0600] {processor.py:208} INFO - Processing /home/m9d9v9/PycharmProjects/Airflow-2/Airflow-2/.venv/lib/python3.10/site-packages/airflow/example_dags/example_subdag_operator.py took 0.093 seconds
[2024-12-06T23:31:56.422-0600] {processor.py:186} INFO - Started process (PID=18006) to work on /home/m9d9v9/PycharmProjects/Airflow-2/Airflow-2/.venv/lib/python3.10/site-packages/airflow/example_dags/example_subdag_operator.py
[2024-12-06T23:31:56.428-0600] {processor.py:914} INFO - Processing file /home/m9d9v9/PycharmProjects/Airflow-2/Airflow-2/.venv/lib/python3.10/site-packages/airflow/example_dags/example_subdag_operator.py for tasks to queue
[2024-12-06T23:31:56.430-0600] {logging_mixin.py:190} INFO - [2024-12-06T23:31:56.430-0600] {dagbag.py:588} INFO - Filling up the DagBag from /home/m9d9v9/PycharmProjects/Airflow-2/Airflow-2/.venv/lib/python3.10/site-packages/airflow/example_dags/example_subdag_operator.py
[2024-12-06T23:31:56.468-0600] {processor.py:925} INFO - DAG(s) 'example_subdag_operator.section-1', 'example_subdag_operator.section-2', 'example_subdag_operator' retrieved from /home/m9d9v9/PycharmProjects/Airflow-2/Airflow-2/.venv/lib/python3.10/site-packages/airflow/example_dags/example_subdag_operator.py
[2024-12-06T23:31:56.476-0600] {logging_mixin.py:190} INFO - [2024-12-06T23:31:56.476-0600] {dag.py:3239} INFO - Sync 3 DAGs
[2024-12-06T23:31:56.579-0600] {logging_mixin.py:190} INFO - [2024-12-06T23:31:56.579-0600] {dag.py:4180} INFO - Setting next_dagrun for example_subdag_operator to 2022-01-01 00:00:00+00:00, run_after=2022-01-01 00:00:00+00:00
[2024-12-06T23:31:56.581-0600] {logging_mixin.py:190} INFO - [2024-12-06T23:31:56.581-0600] {dag.py:4180} INFO - Setting next_dagrun for example_subdag_operator.section-1 to None, run_after=None
[2024-12-06T23:31:56.581-0600] {logging_mixin.py:190} INFO - [2024-12-06T23:31:56.581-0600] {dag.py:4180} INFO - Setting next_dagrun for example_subdag_operator.section-2 to None, run_after=None
[2024-12-06T23:31:56.584-0600] {logging_mixin.py:190} INFO - [2024-12-06T23:31:56.584-0600] {dag.py:3239} INFO - Sync 2 DAGs
[2024-12-06T23:31:56.586-0600] {logging_mixin.py:190} INFO - [2024-12-06T23:31:56.586-0600] {dag.py:4180} INFO - Setting next_dagrun for example_subdag_operator.section-1 to None, run_after=None
[2024-12-06T23:31:56.586-0600] {logging_mixin.py:190} INFO - [2024-12-06T23:31:56.586-0600] {dag.py:4180} INFO - Setting next_dagrun for example_subdag_operator.section-2 to None, run_after=None
[2024-12-06T23:31:56.599-0600] {processor.py:208} INFO - Processing /home/m9d9v9/PycharmProjects/Airflow-2/Airflow-2/.venv/lib/python3.10/site-packages/airflow/example_dags/example_subdag_operator.py took 0.189 seconds
[2024-12-06T23:32:54.416-0600] {processor.py:186} INFO - Started process (PID=18082) to work on /home/m9d9v9/PycharmProjects/Airflow-2/Airflow-2/.venv/lib/python3.10/site-packages/airflow/example_dags/example_subdag_operator.py
[2024-12-06T23:32:54.422-0600] {processor.py:914} INFO - Processing file /home/m9d9v9/PycharmProjects/Airflow-2/Airflow-2/.venv/lib/python3.10/site-packages/airflow/example_dags/example_subdag_operator.py for tasks to queue
[2024-12-06T23:32:54.425-0600] {logging_mixin.py:190} INFO - [2024-12-06T23:32:54.424-0600] {dagbag.py:588} INFO - Filling up the DagBag from /home/m9d9v9/PycharmProjects/Airflow-2/Airflow-2/.venv/lib/python3.10/site-packages/airflow/example_dags/example_subdag_operator.py
[2024-12-06T23:32:54.466-0600] {processor.py:925} INFO - DAG(s) 'example_subdag_operator.section-1', 'example_subdag_operator.section-2', 'example_subdag_operator' retrieved from /home/m9d9v9/PycharmProjects/Airflow-2/Airflow-2/.venv/lib/python3.10/site-packages/airflow/example_dags/example_subdag_operator.py
[2024-12-06T23:32:54.474-0600] {logging_mixin.py:190} INFO - [2024-12-06T23:32:54.474-0600] {dag.py:3239} INFO - Sync 3 DAGs
[2024-12-06T23:32:54.485-0600] {logging_mixin.py:190} INFO - [2024-12-06T23:32:54.485-0600] {dag.py:4180} INFO - Setting next_dagrun for example_subdag_operator to 2022-01-01 00:00:00+00:00, run_after=2022-01-01 00:00:00+00:00
[2024-12-06T23:32:54.487-0600] {logging_mixin.py:190} INFO - [2024-12-06T23:32:54.487-0600] {dag.py:4180} INFO - Setting next_dagrun for example_subdag_operator.section-1 to None, run_after=None
[2024-12-06T23:32:54.487-0600] {logging_mixin.py:190} INFO - [2024-12-06T23:32:54.487-0600] {dag.py:4180} INFO - Setting next_dagrun for example_subdag_operator.section-2 to None, run_after=None
[2024-12-06T23:32:54.490-0600] {logging_mixin.py:190} INFO - [2024-12-06T23:32:54.490-0600] {dag.py:3239} INFO - Sync 2 DAGs
[2024-12-06T23:32:54.493-0600] {logging_mixin.py:190} INFO - [2024-12-06T23:32:54.493-0600] {dag.py:4180} INFO - Setting next_dagrun for example_subdag_operator.section-1 to None, run_after=None
[2024-12-06T23:32:54.493-0600] {logging_mixin.py:190} INFO - [2024-12-06T23:32:54.493-0600] {dag.py:4180} INFO - Setting next_dagrun for example_subdag_operator.section-2 to None, run_after=None
[2024-12-06T23:32:54.501-0600] {processor.py:208} INFO - Processing /home/m9d9v9/PycharmProjects/Airflow-2/Airflow-2/.venv/lib/python3.10/site-packages/airflow/example_dags/example_subdag_operator.py took 0.094 seconds
[2024-12-06T23:33:50.590-0600] {processor.py:186} INFO - Started process (PID=18149) to work on /home/m9d9v9/PycharmProjects/Airflow-2/Airflow-2/.venv/lib/python3.10/site-packages/airflow/example_dags/example_subdag_operator.py
[2024-12-06T23:33:50.597-0600] {processor.py:914} INFO - Processing file /home/m9d9v9/PycharmProjects/Airflow-2/Airflow-2/.venv/lib/python3.10/site-packages/airflow/example_dags/example_subdag_operator.py for tasks to queue
[2024-12-06T23:33:50.599-0600] {logging_mixin.py:190} INFO - [2024-12-06T23:33:50.599-0600] {dagbag.py:588} INFO - Filling up the DagBag from /home/m9d9v9/PycharmProjects/Airflow-2/Airflow-2/.venv/lib/python3.10/site-packages/airflow/example_dags/example_subdag_operator.py
[2024-12-06T23:33:50.642-0600] {processor.py:925} INFO - DAG(s) 'example_subdag_operator.section-1', 'example_subdag_operator.section-2', 'example_subdag_operator' retrieved from /home/m9d9v9/PycharmProjects/Airflow-2/Airflow-2/.venv/lib/python3.10/site-packages/airflow/example_dags/example_subdag_operator.py
[2024-12-06T23:33:50.650-0600] {logging_mixin.py:190} INFO - [2024-12-06T23:33:50.650-0600] {dag.py:3239} INFO - Sync 3 DAGs
[2024-12-06T23:33:50.661-0600] {logging_mixin.py:190} INFO - [2024-12-06T23:33:50.661-0600] {dag.py:4180} INFO - Setting next_dagrun for example_subdag_operator to 2022-01-01 00:00:00+00:00, run_after=2022-01-01 00:00:00+00:00
[2024-12-06T23:33:50.663-0600] {logging_mixin.py:190} INFO - [2024-12-06T23:33:50.662-0600] {dag.py:4180} INFO - Setting next_dagrun for example_subdag_operator.section-1 to None, run_after=None
[2024-12-06T23:33:50.663-0600] {logging_mixin.py:190} INFO - [2024-12-06T23:33:50.663-0600] {dag.py:4180} INFO - Setting next_dagrun for example_subdag_operator.section-2 to None, run_after=None
[2024-12-06T23:33:50.666-0600] {logging_mixin.py:190} INFO - [2024-12-06T23:33:50.666-0600] {dag.py:3239} INFO - Sync 2 DAGs
[2024-12-06T23:33:50.668-0600] {logging_mixin.py:190} INFO - [2024-12-06T23:33:50.668-0600] {dag.py:4180} INFO - Setting next_dagrun for example_subdag_operator.section-1 to None, run_after=None
[2024-12-06T23:33:50.668-0600] {logging_mixin.py:190} INFO - [2024-12-06T23:33:50.668-0600] {dag.py:4180} INFO - Setting next_dagrun for example_subdag_operator.section-2 to None, run_after=None
[2024-12-06T23:33:50.676-0600] {processor.py:208} INFO - Processing /home/m9d9v9/PycharmProjects/Airflow-2/Airflow-2/.venv/lib/python3.10/site-packages/airflow/example_dags/example_subdag_operator.py took 0.099 seconds
[2024-12-06T23:34:50.668-0600] {processor.py:186} INFO - Started process (PID=18279) to work on /home/m9d9v9/PycharmProjects/Airflow-2/Airflow-2/.venv/lib/python3.10/site-packages/airflow/example_dags/example_subdag_operator.py
[2024-12-06T23:34:50.675-0600] {processor.py:914} INFO - Processing file /home/m9d9v9/PycharmProjects/Airflow-2/Airflow-2/.venv/lib/python3.10/site-packages/airflow/example_dags/example_subdag_operator.py for tasks to queue
[2024-12-06T23:34:50.677-0600] {logging_mixin.py:190} INFO - [2024-12-06T23:34:50.676-0600] {dagbag.py:588} INFO - Filling up the DagBag from /home/m9d9v9/PycharmProjects/Airflow-2/Airflow-2/.venv/lib/python3.10/site-packages/airflow/example_dags/example_subdag_operator.py
[2024-12-06T23:34:50.715-0600] {processor.py:925} INFO - DAG(s) 'example_subdag_operator.section-1', 'example_subdag_operator.section-2', 'example_subdag_operator' retrieved from /home/m9d9v9/PycharmProjects/Airflow-2/Airflow-2/.venv/lib/python3.10/site-packages/airflow/example_dags/example_subdag_operator.py
[2024-12-06T23:34:50.723-0600] {logging_mixin.py:190} INFO - [2024-12-06T23:34:50.723-0600] {dag.py:3239} INFO - Sync 3 DAGs
[2024-12-06T23:34:50.819-0600] {logging_mixin.py:190} INFO - [2024-12-06T23:34:50.819-0600] {dag.py:4180} INFO - Setting next_dagrun for example_subdag_operator to 2022-01-01 00:00:00+00:00, run_after=2022-01-01 00:00:00+00:00
[2024-12-06T23:34:50.821-0600] {logging_mixin.py:190} INFO - [2024-12-06T23:34:50.821-0600] {dag.py:4180} INFO - Setting next_dagrun for example_subdag_operator.section-1 to None, run_after=None
[2024-12-06T23:34:50.822-0600] {logging_mixin.py:190} INFO - [2024-12-06T23:34:50.821-0600] {dag.py:4180} INFO - Setting next_dagrun for example_subdag_operator.section-2 to None, run_after=None
[2024-12-06T23:34:50.824-0600] {logging_mixin.py:190} INFO - [2024-12-06T23:34:50.824-0600] {dag.py:3239} INFO - Sync 2 DAGs
[2024-12-06T23:34:50.827-0600] {logging_mixin.py:190} INFO - [2024-12-06T23:34:50.826-0600] {dag.py:4180} INFO - Setting next_dagrun for example_subdag_operator.section-1 to None, run_after=None
[2024-12-06T23:34:50.827-0600] {logging_mixin.py:190} INFO - [2024-12-06T23:34:50.827-0600] {dag.py:4180} INFO - Setting next_dagrun for example_subdag_operator.section-2 to None, run_after=None
[2024-12-06T23:34:50.839-0600] {processor.py:208} INFO - Processing /home/m9d9v9/PycharmProjects/Airflow-2/Airflow-2/.venv/lib/python3.10/site-packages/airflow/example_dags/example_subdag_operator.py took 0.183 seconds
[2024-12-06T23:35:51.623-0600] {processor.py:186} INFO - Started process (PID=18355) to work on /home/m9d9v9/PycharmProjects/Airflow-2/Airflow-2/.venv/lib/python3.10/site-packages/airflow/example_dags/example_subdag_operator.py
[2024-12-06T23:35:51.630-0600] {processor.py:914} INFO - Processing file /home/m9d9v9/PycharmProjects/Airflow-2/Airflow-2/.venv/lib/python3.10/site-packages/airflow/example_dags/example_subdag_operator.py for tasks to queue
[2024-12-06T23:35:51.632-0600] {logging_mixin.py:190} INFO - [2024-12-06T23:35:51.632-0600] {dagbag.py:588} INFO - Filling up the DagBag from /home/m9d9v9/PycharmProjects/Airflow-2/Airflow-2/.venv/lib/python3.10/site-packages/airflow/example_dags/example_subdag_operator.py
[2024-12-06T23:35:51.671-0600] {processor.py:925} INFO - DAG(s) 'example_subdag_operator.section-1', 'example_subdag_operator.section-2', 'example_subdag_operator' retrieved from /home/m9d9v9/PycharmProjects/Airflow-2/Airflow-2/.venv/lib/python3.10/site-packages/airflow/example_dags/example_subdag_operator.py
[2024-12-06T23:35:51.679-0600] {logging_mixin.py:190} INFO - [2024-12-06T23:35:51.679-0600] {dag.py:3239} INFO - Sync 3 DAGs
[2024-12-06T23:35:51.779-0600] {logging_mixin.py:190} INFO - [2024-12-06T23:35:51.779-0600] {dag.py:4180} INFO - Setting next_dagrun for example_subdag_operator to 2022-01-01 00:00:00+00:00, run_after=2022-01-01 00:00:00+00:00
[2024-12-06T23:35:51.781-0600] {logging_mixin.py:190} INFO - [2024-12-06T23:35:51.780-0600] {dag.py:4180} INFO - Setting next_dagrun for example_subdag_operator.section-1 to None, run_after=None
[2024-12-06T23:35:51.781-0600] {logging_mixin.py:190} INFO - [2024-12-06T23:35:51.781-0600] {dag.py:4180} INFO - Setting next_dagrun for example_subdag_operator.section-2 to None, run_after=None
[2024-12-06T23:35:51.784-0600] {logging_mixin.py:190} INFO - [2024-12-06T23:35:51.784-0600] {dag.py:3239} INFO - Sync 2 DAGs
[2024-12-06T23:35:51.786-0600] {logging_mixin.py:190} INFO - [2024-12-06T23:35:51.786-0600] {dag.py:4180} INFO - Setting next_dagrun for example_subdag_operator.section-1 to None, run_after=None
[2024-12-06T23:35:51.786-0600] {logging_mixin.py:190} INFO - [2024-12-06T23:35:51.786-0600] {dag.py:4180} INFO - Setting next_dagrun for example_subdag_operator.section-2 to None, run_after=None
[2024-12-06T23:35:51.799-0600] {processor.py:208} INFO - Processing /home/m9d9v9/PycharmProjects/Airflow-2/Airflow-2/.venv/lib/python3.10/site-packages/airflow/example_dags/example_subdag_operator.py took 0.188 seconds
[2024-12-06T23:36:52.463-0600] {processor.py:186} INFO - Started process (PID=18428) to work on /home/m9d9v9/PycharmProjects/Airflow-2/Airflow-2/.venv/lib/python3.10/site-packages/airflow/example_dags/example_subdag_operator.py
[2024-12-06T23:36:52.470-0600] {processor.py:914} INFO - Processing file /home/m9d9v9/PycharmProjects/Airflow-2/Airflow-2/.venv/lib/python3.10/site-packages/airflow/example_dags/example_subdag_operator.py for tasks to queue
[2024-12-06T23:36:52.472-0600] {logging_mixin.py:190} INFO - [2024-12-06T23:36:52.472-0600] {dagbag.py:588} INFO - Filling up the DagBag from /home/m9d9v9/PycharmProjects/Airflow-2/Airflow-2/.venv/lib/python3.10/site-packages/airflow/example_dags/example_subdag_operator.py
[2024-12-06T23:36:52.515-0600] {processor.py:925} INFO - DAG(s) 'example_subdag_operator.section-1', 'example_subdag_operator.section-2', 'example_subdag_operator' retrieved from /home/m9d9v9/PycharmProjects/Airflow-2/Airflow-2/.venv/lib/python3.10/site-packages/airflow/example_dags/example_subdag_operator.py
[2024-12-06T23:36:52.523-0600] {logging_mixin.py:190} INFO - [2024-12-06T23:36:52.523-0600] {dag.py:3239} INFO - Sync 3 DAGs
[2024-12-06T23:36:52.626-0600] {logging_mixin.py:190} INFO - [2024-12-06T23:36:52.626-0600] {dag.py:4180} INFO - Setting next_dagrun for example_subdag_operator to 2022-01-01 00:00:00+00:00, run_after=2022-01-01 00:00:00+00:00
[2024-12-06T23:36:52.627-0600] {logging_mixin.py:190} INFO - [2024-12-06T23:36:52.627-0600] {dag.py:4180} INFO - Setting next_dagrun for example_subdag_operator.section-1 to None, run_after=None
[2024-12-06T23:36:52.628-0600] {logging_mixin.py:190} INFO - [2024-12-06T23:36:52.628-0600] {dag.py:4180} INFO - Setting next_dagrun for example_subdag_operator.section-2 to None, run_after=None
[2024-12-06T23:36:52.631-0600] {logging_mixin.py:190} INFO - [2024-12-06T23:36:52.631-0600] {dag.py:3239} INFO - Sync 2 DAGs
[2024-12-06T23:36:52.633-0600] {logging_mixin.py:190} INFO - [2024-12-06T23:36:52.633-0600] {dag.py:4180} INFO - Setting next_dagrun for example_subdag_operator.section-1 to None, run_after=None
[2024-12-06T23:36:52.633-0600] {logging_mixin.py:190} INFO - [2024-12-06T23:36:52.633-0600] {dag.py:4180} INFO - Setting next_dagrun for example_subdag_operator.section-2 to None, run_after=None
[2024-12-06T23:36:52.646-0600] {processor.py:208} INFO - Processing /home/m9d9v9/PycharmProjects/Airflow-2/Airflow-2/.venv/lib/python3.10/site-packages/airflow/example_dags/example_subdag_operator.py took 0.195 seconds
[2024-12-06T23:37:54.296-0600] {processor.py:186} INFO - Started process (PID=18722) to work on /home/m9d9v9/PycharmProjects/Airflow-2/Airflow-2/.venv/lib/python3.10/site-packages/airflow/example_dags/example_subdag_operator.py
[2024-12-06T23:37:54.303-0600] {processor.py:914} INFO - Processing file /home/m9d9v9/PycharmProjects/Airflow-2/Airflow-2/.venv/lib/python3.10/site-packages/airflow/example_dags/example_subdag_operator.py for tasks to queue
[2024-12-06T23:37:54.304-0600] {logging_mixin.py:190} INFO - [2024-12-06T23:37:54.304-0600] {dagbag.py:588} INFO - Filling up the DagBag from /home/m9d9v9/PycharmProjects/Airflow-2/Airflow-2/.venv/lib/python3.10/site-packages/airflow/example_dags/example_subdag_operator.py
[2024-12-06T23:37:54.323-0600] {processor.py:925} INFO - DAG(s) 'example_subdag_operator.section-1', 'example_subdag_operator.section-2', 'example_subdag_operator' retrieved from /home/m9d9v9/PycharmProjects/Airflow-2/Airflow-2/.venv/lib/python3.10/site-packages/airflow/example_dags/example_subdag_operator.py
[2024-12-06T23:37:54.333-0600] {logging_mixin.py:190} INFO - [2024-12-06T23:37:54.332-0600] {dag.py:3239} INFO - Sync 3 DAGs
[2024-12-06T23:37:54.346-0600] {logging_mixin.py:190} INFO - [2024-12-06T23:37:54.346-0600] {dag.py:4180} INFO - Setting next_dagrun for example_subdag_operator to 2022-01-01 00:00:00+00:00, run_after=2022-01-01 00:00:00+00:00
[2024-12-06T23:37:54.349-0600] {logging_mixin.py:190} INFO - [2024-12-06T23:37:54.349-0600] {dag.py:4180} INFO - Setting next_dagrun for example_subdag_operator.section-1 to None, run_after=None
[2024-12-06T23:37:54.349-0600] {logging_mixin.py:190} INFO - [2024-12-06T23:37:54.349-0600] {dag.py:4180} INFO - Setting next_dagrun for example_subdag_operator.section-2 to None, run_after=None
[2024-12-06T23:37:54.355-0600] {logging_mixin.py:190} INFO - [2024-12-06T23:37:54.355-0600] {dag.py:3239} INFO - Sync 2 DAGs
[2024-12-06T23:37:54.358-0600] {logging_mixin.py:190} INFO - [2024-12-06T23:37:54.357-0600] {dag.py:4180} INFO - Setting next_dagrun for example_subdag_operator.section-1 to None, run_after=None
[2024-12-06T23:37:54.358-0600] {logging_mixin.py:190} INFO - [2024-12-06T23:37:54.358-0600] {dag.py:4180} INFO - Setting next_dagrun for example_subdag_operator.section-2 to None, run_after=None
[2024-12-06T23:37:54.367-0600] {processor.py:208} INFO - Processing /home/m9d9v9/PycharmProjects/Airflow-2/Airflow-2/.venv/lib/python3.10/site-packages/airflow/example_dags/example_subdag_operator.py took 0.076 seconds
[2024-12-06T23:38:56.465-0600] {processor.py:186} INFO - Started process (PID=18887) to work on /home/m9d9v9/PycharmProjects/Airflow-2/Airflow-2/.venv/lib/python3.10/site-packages/airflow/example_dags/example_subdag_operator.py
[2024-12-06T23:38:56.471-0600] {processor.py:914} INFO - Processing file /home/m9d9v9/PycharmProjects/Airflow-2/Airflow-2/.venv/lib/python3.10/site-packages/airflow/example_dags/example_subdag_operator.py for tasks to queue
[2024-12-06T23:38:56.472-0600] {logging_mixin.py:190} INFO - [2024-12-06T23:38:56.472-0600] {dagbag.py:588} INFO - Filling up the DagBag from /home/m9d9v9/PycharmProjects/Airflow-2/Airflow-2/.venv/lib/python3.10/site-packages/airflow/example_dags/example_subdag_operator.py
[2024-12-06T23:38:56.492-0600] {processor.py:925} INFO - DAG(s) 'example_subdag_operator.section-1', 'example_subdag_operator.section-2', 'example_subdag_operator' retrieved from /home/m9d9v9/PycharmProjects/Airflow-2/Airflow-2/.venv/lib/python3.10/site-packages/airflow/example_dags/example_subdag_operator.py
[2024-12-06T23:38:56.504-0600] {logging_mixin.py:190} INFO - [2024-12-06T23:38:56.504-0600] {dag.py:3239} INFO - Sync 3 DAGs
[2024-12-06T23:38:56.517-0600] {logging_mixin.py:190} INFO - [2024-12-06T23:38:56.517-0600] {dag.py:4180} INFO - Setting next_dagrun for example_subdag_operator to 2022-01-01 00:00:00+00:00, run_after=2022-01-01 00:00:00+00:00
[2024-12-06T23:38:56.519-0600] {logging_mixin.py:190} INFO - [2024-12-06T23:38:56.519-0600] {dag.py:4180} INFO - Setting next_dagrun for example_subdag_operator.section-1 to None, run_after=None
[2024-12-06T23:38:56.519-0600] {logging_mixin.py:190} INFO - [2024-12-06T23:38:56.519-0600] {dag.py:4180} INFO - Setting next_dagrun for example_subdag_operator.section-2 to None, run_after=None
[2024-12-06T23:38:56.523-0600] {logging_mixin.py:190} INFO - [2024-12-06T23:38:56.523-0600] {dag.py:3239} INFO - Sync 2 DAGs
[2024-12-06T23:38:56.525-0600] {logging_mixin.py:190} INFO - [2024-12-06T23:38:56.525-0600] {dag.py:4180} INFO - Setting next_dagrun for example_subdag_operator.section-1 to None, run_after=None
[2024-12-06T23:38:56.525-0600] {logging_mixin.py:190} INFO - [2024-12-06T23:38:56.525-0600] {dag.py:4180} INFO - Setting next_dagrun for example_subdag_operator.section-2 to None, run_after=None
[2024-12-06T23:38:56.533-0600] {processor.py:208} INFO - Processing /home/m9d9v9/PycharmProjects/Airflow-2/Airflow-2/.venv/lib/python3.10/site-packages/airflow/example_dags/example_subdag_operator.py took 0.075 seconds
[2024-12-06T23:39:58.443-0600] {processor.py:186} INFO - Started process (PID=19134) to work on /home/m9d9v9/PycharmProjects/Airflow-2/Airflow-2/.venv/lib/python3.10/site-packages/airflow/example_dags/example_subdag_operator.py
[2024-12-06T23:39:58.445-0600] {processor.py:914} INFO - Processing file /home/m9d9v9/PycharmProjects/Airflow-2/Airflow-2/.venv/lib/python3.10/site-packages/airflow/example_dags/example_subdag_operator.py for tasks to queue
[2024-12-06T23:39:58.446-0600] {logging_mixin.py:190} INFO - [2024-12-06T23:39:58.446-0600] {dagbag.py:588} INFO - Filling up the DagBag from /home/m9d9v9/PycharmProjects/Airflow-2/Airflow-2/.venv/lib/python3.10/site-packages/airflow/example_dags/example_subdag_operator.py
[2024-12-06T23:39:58.471-0600] {processor.py:925} INFO - DAG(s) 'example_subdag_operator.section-1', 'example_subdag_operator.section-2', 'example_subdag_operator' retrieved from /home/m9d9v9/PycharmProjects/Airflow-2/Airflow-2/.venv/lib/python3.10/site-packages/airflow/example_dags/example_subdag_operator.py
[2024-12-06T23:39:58.485-0600] {logging_mixin.py:190} INFO - [2024-12-06T23:39:58.484-0600] {dag.py:3239} INFO - Sync 3 DAGs
[2024-12-06T23:39:58.497-0600] {logging_mixin.py:190} INFO - [2024-12-06T23:39:58.497-0600] {dag.py:4180} INFO - Setting next_dagrun for example_subdag_operator to 2022-01-01 00:00:00+00:00, run_after=2022-01-01 00:00:00+00:00
[2024-12-06T23:39:58.499-0600] {logging_mixin.py:190} INFO - [2024-12-06T23:39:58.499-0600] {dag.py:4180} INFO - Setting next_dagrun for example_subdag_operator.section-1 to None, run_after=None
[2024-12-06T23:39:58.499-0600] {logging_mixin.py:190} INFO - [2024-12-06T23:39:58.499-0600] {dag.py:4180} INFO - Setting next_dagrun for example_subdag_operator.section-2 to None, run_after=None
[2024-12-06T23:39:58.503-0600] {logging_mixin.py:190} INFO - [2024-12-06T23:39:58.502-0600] {dag.py:3239} INFO - Sync 2 DAGs
[2024-12-06T23:39:58.505-0600] {logging_mixin.py:190} INFO - [2024-12-06T23:39:58.505-0600] {dag.py:4180} INFO - Setting next_dagrun for example_subdag_operator.section-1 to None, run_after=None
[2024-12-06T23:39:58.505-0600] {logging_mixin.py:190} INFO - [2024-12-06T23:39:58.505-0600] {dag.py:4180} INFO - Setting next_dagrun for example_subdag_operator.section-2 to None, run_after=None
[2024-12-06T23:39:58.513-0600] {processor.py:208} INFO - Processing /home/m9d9v9/PycharmProjects/Airflow-2/Airflow-2/.venv/lib/python3.10/site-packages/airflow/example_dags/example_subdag_operator.py took 0.077 seconds
[2024-12-06T23:40:53.825-0600] {processor.py:186} INFO - Started process (PID=19283) to work on /home/m9d9v9/PycharmProjects/Airflow-2/Airflow-2/.venv/lib/python3.10/site-packages/airflow/example_dags/example_subdag_operator.py
[2024-12-06T23:40:53.831-0600] {processor.py:914} INFO - Processing file /home/m9d9v9/PycharmProjects/Airflow-2/Airflow-2/.venv/lib/python3.10/site-packages/airflow/example_dags/example_subdag_operator.py for tasks to queue
[2024-12-06T23:40:53.831-0600] {logging_mixin.py:190} INFO - [2024-12-06T23:40:53.831-0600] {dagbag.py:588} INFO - Filling up the DagBag from /home/m9d9v9/PycharmProjects/Airflow-2/Airflow-2/.venv/lib/python3.10/site-packages/airflow/example_dags/example_subdag_operator.py
[2024-12-06T23:40:53.847-0600] {processor.py:925} INFO - DAG(s) 'example_subdag_operator.section-1', 'example_subdag_operator.section-2', 'example_subdag_operator' retrieved from /home/m9d9v9/PycharmProjects/Airflow-2/Airflow-2/.venv/lib/python3.10/site-packages/airflow/example_dags/example_subdag_operator.py
[2024-12-06T23:40:53.856-0600] {logging_mixin.py:190} INFO - [2024-12-06T23:40:53.855-0600] {dag.py:3239} INFO - Sync 3 DAGs
[2024-12-06T23:40:53.866-0600] {logging_mixin.py:190} INFO - [2024-12-06T23:40:53.866-0600] {dag.py:4180} INFO - Setting next_dagrun for example_subdag_operator to 2022-01-01 00:00:00+00:00, run_after=2022-01-01 00:00:00+00:00
[2024-12-06T23:40:53.868-0600] {logging_mixin.py:190} INFO - [2024-12-06T23:40:53.868-0600] {dag.py:4180} INFO - Setting next_dagrun for example_subdag_operator.section-1 to None, run_after=None
[2024-12-06T23:40:53.869-0600] {logging_mixin.py:190} INFO - [2024-12-06T23:40:53.868-0600] {dag.py:4180} INFO - Setting next_dagrun for example_subdag_operator.section-2 to None, run_after=None
[2024-12-06T23:40:53.872-0600] {logging_mixin.py:190} INFO - [2024-12-06T23:40:53.872-0600] {dag.py:3239} INFO - Sync 2 DAGs
[2024-12-06T23:40:53.874-0600] {logging_mixin.py:190} INFO - [2024-12-06T23:40:53.874-0600] {dag.py:4180} INFO - Setting next_dagrun for example_subdag_operator.section-1 to None, run_after=None
[2024-12-06T23:40:53.874-0600] {logging_mixin.py:190} INFO - [2024-12-06T23:40:53.874-0600] {dag.py:4180} INFO - Setting next_dagrun for example_subdag_operator.section-2 to None, run_after=None
[2024-12-06T23:40:53.881-0600] {processor.py:208} INFO - Processing /home/m9d9v9/PycharmProjects/Airflow-2/Airflow-2/.venv/lib/python3.10/site-packages/airflow/example_dags/example_subdag_operator.py took 0.061 seconds
[2024-12-06T23:41:51.547-0600] {processor.py:186} INFO - Started process (PID=19375) to work on /home/m9d9v9/PycharmProjects/Airflow-2/Airflow-2/.venv/lib/python3.10/site-packages/airflow/example_dags/example_subdag_operator.py
[2024-12-06T23:41:51.553-0600] {processor.py:914} INFO - Processing file /home/m9d9v9/PycharmProjects/Airflow-2/Airflow-2/.venv/lib/python3.10/site-packages/airflow/example_dags/example_subdag_operator.py for tasks to queue
[2024-12-06T23:41:51.555-0600] {logging_mixin.py:190} INFO - [2024-12-06T23:41:51.554-0600] {dagbag.py:588} INFO - Filling up the DagBag from /home/m9d9v9/PycharmProjects/Airflow-2/Airflow-2/.venv/lib/python3.10/site-packages/airflow/example_dags/example_subdag_operator.py
[2024-12-06T23:41:51.579-0600] {processor.py:925} INFO - DAG(s) 'example_subdag_operator.section-1', 'example_subdag_operator.section-2', 'example_subdag_operator' retrieved from /home/m9d9v9/PycharmProjects/Airflow-2/Airflow-2/.venv/lib/python3.10/site-packages/airflow/example_dags/example_subdag_operator.py
[2024-12-06T23:41:51.592-0600] {logging_mixin.py:190} INFO - [2024-12-06T23:41:51.592-0600] {dag.py:3239} INFO - Sync 3 DAGs
[2024-12-06T23:41:51.614-0600] {logging_mixin.py:190} INFO - [2024-12-06T23:41:51.613-0600] {dag.py:4180} INFO - Setting next_dagrun for example_subdag_operator to 2022-01-01 00:00:00+00:00, run_after=2022-01-01 00:00:00+00:00
[2024-12-06T23:41:51.617-0600] {logging_mixin.py:190} INFO - [2024-12-06T23:41:51.616-0600] {dag.py:4180} INFO - Setting next_dagrun for example_subdag_operator.section-1 to None, run_after=None
[2024-12-06T23:41:51.617-0600] {logging_mixin.py:190} INFO - [2024-12-06T23:41:51.617-0600] {dag.py:4180} INFO - Setting next_dagrun for example_subdag_operator.section-2 to None, run_after=None
[2024-12-06T23:41:51.622-0600] {logging_mixin.py:190} INFO - [2024-12-06T23:41:51.622-0600] {dag.py:3239} INFO - Sync 2 DAGs
[2024-12-06T23:41:51.626-0600] {logging_mixin.py:190} INFO - [2024-12-06T23:41:51.625-0600] {dag.py:4180} INFO - Setting next_dagrun for example_subdag_operator.section-1 to None, run_after=None
[2024-12-06T23:41:51.626-0600] {logging_mixin.py:190} INFO - [2024-12-06T23:41:51.626-0600] {dag.py:4180} INFO - Setting next_dagrun for example_subdag_operator.section-2 to None, run_after=None
[2024-12-06T23:41:51.637-0600] {processor.py:208} INFO - Processing /home/m9d9v9/PycharmProjects/Airflow-2/Airflow-2/.venv/lib/python3.10/site-packages/airflow/example_dags/example_subdag_operator.py took 0.097 seconds
