[2024-12-06T22:18:54.025-0600] {processor.py:186} INFO - Started process (PID=12498) to work on /home/m9d9v9/PycharmProjects/Airflow-2/Airflow-2/.venv/lib/python3.10/site-packages/airflow/example_dags/example_trigger_controller_dag.py
[2024-12-06T22:18:54.027-0600] {processor.py:914} INFO - Processing file /home/m9d9v9/PycharmProjects/Airflow-2/Airflow-2/.venv/lib/python3.10/site-packages/airflow/example_dags/example_trigger_controller_dag.py for tasks to queue
[2024-12-06T22:18:54.031-0600] {logging_mixin.py:190} INFO - [2024-12-06T22:18:54.030-0600] {dagbag.py:588} INFO - Filling up the DagBag from /home/m9d9v9/PycharmProjects/Airflow-2/Airflow-2/.venv/lib/python3.10/site-packages/airflow/example_dags/example_trigger_controller_dag.py
[2024-12-06T22:18:54.046-0600] {processor.py:925} INFO - DAG(s) 'example_trigger_controller_dag' retrieved from /home/m9d9v9/PycharmProjects/Airflow-2/Airflow-2/.venv/lib/python3.10/site-packages/airflow/example_dags/example_trigger_controller_dag.py
[2024-12-06T22:18:54.128-0600] {logging_mixin.py:190} INFO - [2024-12-06T22:18:54.127-0600] {override.py:1911} INFO - Created Permission View: can edit on DAG:example_trigger_controller_dag
[2024-12-06T22:18:54.135-0600] {logging_mixin.py:190} INFO - [2024-12-06T22:18:54.135-0600] {override.py:1911} INFO - Created Permission View: can read on DAG:example_trigger_controller_dag
[2024-12-06T22:18:54.140-0600] {logging_mixin.py:190} INFO - [2024-12-06T22:18:54.140-0600] {override.py:1911} INFO - Created Permission View: can delete on DAG:example_trigger_controller_dag
[2024-12-06T22:18:54.147-0600] {logging_mixin.py:190} INFO - [2024-12-06T22:18:54.147-0600] {override.py:1911} INFO - Created Permission View: menu access on DAG Run:example_trigger_controller_dag
[2024-12-06T22:18:54.153-0600] {logging_mixin.py:190} INFO - [2024-12-06T22:18:54.153-0600] {override.py:1911} INFO - Created Permission View: can create on DAG Run:example_trigger_controller_dag
[2024-12-06T22:18:54.157-0600] {logging_mixin.py:190} INFO - [2024-12-06T22:18:54.157-0600] {override.py:1911} INFO - Created Permission View: can read on DAG Run:example_trigger_controller_dag
[2024-12-06T22:18:54.162-0600] {logging_mixin.py:190} INFO - [2024-12-06T22:18:54.162-0600] {override.py:1911} INFO - Created Permission View: can delete on DAG Run:example_trigger_controller_dag
[2024-12-06T22:18:54.162-0600] {logging_mixin.py:190} INFO - [2024-12-06T22:18:54.162-0600] {dag.py:3239} INFO - Sync 1 DAGs
[2024-12-06T22:18:54.169-0600] {logging_mixin.py:190} INFO - [2024-12-06T22:18:54.169-0600] {dag.py:3262} INFO - Creating ORM DAG for example_trigger_controller_dag
[2024-12-06T22:18:54.174-0600] {logging_mixin.py:190} INFO - [2024-12-06T22:18:54.174-0600] {dag.py:4180} INFO - Setting next_dagrun for example_trigger_controller_dag to 2021-01-01 00:00:00+00:00, run_after=2021-01-01 00:00:00+00:00
[2024-12-06T22:18:54.185-0600] {processor.py:208} INFO - Processing /home/m9d9v9/PycharmProjects/Airflow-2/Airflow-2/.venv/lib/python3.10/site-packages/airflow/example_dags/example_trigger_controller_dag.py took 0.172 seconds
[2024-12-06T22:19:55.042-0600] {processor.py:186} INFO - Started process (PID=12603) to work on /home/m9d9v9/PycharmProjects/Airflow-2/Airflow-2/.venv/lib/python3.10/site-packages/airflow/example_dags/example_trigger_controller_dag.py
[2024-12-06T22:19:55.048-0600] {processor.py:914} INFO - Processing file /home/m9d9v9/PycharmProjects/Airflow-2/Airflow-2/.venv/lib/python3.10/site-packages/airflow/example_dags/example_trigger_controller_dag.py for tasks to queue
[2024-12-06T22:19:55.053-0600] {logging_mixin.py:190} INFO - [2024-12-06T22:19:55.052-0600] {dagbag.py:588} INFO - Filling up the DagBag from /home/m9d9v9/PycharmProjects/Airflow-2/Airflow-2/.venv/lib/python3.10/site-packages/airflow/example_dags/example_trigger_controller_dag.py
[2024-12-06T22:19:55.062-0600] {processor.py:925} INFO - DAG(s) 'example_trigger_controller_dag' retrieved from /home/m9d9v9/PycharmProjects/Airflow-2/Airflow-2/.venv/lib/python3.10/site-packages/airflow/example_dags/example_trigger_controller_dag.py
[2024-12-06T22:19:55.088-0600] {logging_mixin.py:190} INFO - [2024-12-06T22:19:55.088-0600] {dag.py:3239} INFO - Sync 1 DAGs
[2024-12-06T22:19:55.104-0600] {logging_mixin.py:190} INFO - [2024-12-06T22:19:55.104-0600] {dag.py:4180} INFO - Setting next_dagrun for example_trigger_controller_dag to 2021-01-01 00:00:00+00:00, run_after=2021-01-01 00:00:00+00:00
[2024-12-06T22:19:55.116-0600] {processor.py:208} INFO - Processing /home/m9d9v9/PycharmProjects/Airflow-2/Airflow-2/.venv/lib/python3.10/site-packages/airflow/example_dags/example_trigger_controller_dag.py took 0.081 seconds
[2024-12-06T22:20:49.917-0600] {processor.py:186} INFO - Started process (PID=12691) to work on /home/m9d9v9/PycharmProjects/Airflow-2/Airflow-2/.venv/lib/python3.10/site-packages/airflow/example_dags/example_trigger_controller_dag.py
[2024-12-06T22:20:49.925-0600] {processor.py:914} INFO - Processing file /home/m9d9v9/PycharmProjects/Airflow-2/Airflow-2/.venv/lib/python3.10/site-packages/airflow/example_dags/example_trigger_controller_dag.py for tasks to queue
[2024-12-06T22:20:49.928-0600] {logging_mixin.py:190} INFO - [2024-12-06T22:20:49.927-0600] {dagbag.py:588} INFO - Filling up the DagBag from /home/m9d9v9/PycharmProjects/Airflow-2/Airflow-2/.venv/lib/python3.10/site-packages/airflow/example_dags/example_trigger_controller_dag.py
[2024-12-06T22:20:49.942-0600] {processor.py:925} INFO - DAG(s) 'example_trigger_controller_dag' retrieved from /home/m9d9v9/PycharmProjects/Airflow-2/Airflow-2/.venv/lib/python3.10/site-packages/airflow/example_dags/example_trigger_controller_dag.py
[2024-12-06T22:20:49.969-0600] {logging_mixin.py:190} INFO - [2024-12-06T22:20:49.968-0600] {dag.py:3239} INFO - Sync 1 DAGs
[2024-12-06T22:20:49.986-0600] {logging_mixin.py:190} INFO - [2024-12-06T22:20:49.985-0600] {dag.py:4180} INFO - Setting next_dagrun for example_trigger_controller_dag to 2021-01-01 00:00:00+00:00, run_after=2021-01-01 00:00:00+00:00
[2024-12-06T22:20:50.002-0600] {processor.py:208} INFO - Processing /home/m9d9v9/PycharmProjects/Airflow-2/Airflow-2/.venv/lib/python3.10/site-packages/airflow/example_dags/example_trigger_controller_dag.py took 0.098 seconds
[2024-12-06T22:21:47.957-0600] {processor.py:186} INFO - Started process (PID=12765) to work on /home/m9d9v9/PycharmProjects/Airflow-2/Airflow-2/.venv/lib/python3.10/site-packages/airflow/example_dags/example_trigger_controller_dag.py
[2024-12-06T22:21:47.963-0600] {processor.py:914} INFO - Processing file /home/m9d9v9/PycharmProjects/Airflow-2/Airflow-2/.venv/lib/python3.10/site-packages/airflow/example_dags/example_trigger_controller_dag.py for tasks to queue
[2024-12-06T22:21:47.966-0600] {logging_mixin.py:190} INFO - [2024-12-06T22:21:47.965-0600] {dagbag.py:588} INFO - Filling up the DagBag from /home/m9d9v9/PycharmProjects/Airflow-2/Airflow-2/.venv/lib/python3.10/site-packages/airflow/example_dags/example_trigger_controller_dag.py
[2024-12-06T22:21:47.972-0600] {processor.py:925} INFO - DAG(s) 'example_trigger_controller_dag' retrieved from /home/m9d9v9/PycharmProjects/Airflow-2/Airflow-2/.venv/lib/python3.10/site-packages/airflow/example_dags/example_trigger_controller_dag.py
[2024-12-06T22:21:47.983-0600] {logging_mixin.py:190} INFO - [2024-12-06T22:21:47.983-0600] {dag.py:3239} INFO - Sync 1 DAGs
[2024-12-06T22:21:47.995-0600] {logging_mixin.py:190} INFO - [2024-12-06T22:21:47.995-0600] {dag.py:4180} INFO - Setting next_dagrun for example_trigger_controller_dag to 2021-01-01 00:00:00+00:00, run_after=2021-01-01 00:00:00+00:00
[2024-12-06T22:21:48.006-0600] {processor.py:208} INFO - Processing /home/m9d9v9/PycharmProjects/Airflow-2/Airflow-2/.venv/lib/python3.10/site-packages/airflow/example_dags/example_trigger_controller_dag.py took 0.064 seconds
[2024-12-06T22:23:06.231-0600] {processor.py:186} INFO - Started process (PID=12927) to work on /home/m9d9v9/PycharmProjects/Airflow-2/Airflow-2/.venv/lib/python3.10/site-packages/airflow/example_dags/example_trigger_controller_dag.py
[2024-12-06T22:23:06.237-0600] {processor.py:914} INFO - Processing file /home/m9d9v9/PycharmProjects/Airflow-2/Airflow-2/.venv/lib/python3.10/site-packages/airflow/example_dags/example_trigger_controller_dag.py for tasks to queue
[2024-12-06T22:23:06.239-0600] {logging_mixin.py:190} INFO - [2024-12-06T22:23:06.239-0600] {dagbag.py:588} INFO - Filling up the DagBag from /home/m9d9v9/PycharmProjects/Airflow-2/Airflow-2/.venv/lib/python3.10/site-packages/airflow/example_dags/example_trigger_controller_dag.py
[2024-12-06T22:23:06.245-0600] {processor.py:925} INFO - DAG(s) 'example_trigger_controller_dag' retrieved from /home/m9d9v9/PycharmProjects/Airflow-2/Airflow-2/.venv/lib/python3.10/site-packages/airflow/example_dags/example_trigger_controller_dag.py
[2024-12-06T22:23:06.257-0600] {logging_mixin.py:190} INFO - [2024-12-06T22:23:06.256-0600] {dag.py:3239} INFO - Sync 1 DAGs
[2024-12-06T22:23:06.272-0600] {logging_mixin.py:190} INFO - [2024-12-06T22:23:06.272-0600] {dag.py:4180} INFO - Setting next_dagrun for example_trigger_controller_dag to 2021-01-01 00:00:00+00:00, run_after=2021-01-01 00:00:00+00:00
[2024-12-06T22:23:06.289-0600] {processor.py:208} INFO - Processing /home/m9d9v9/PycharmProjects/Airflow-2/Airflow-2/.venv/lib/python3.10/site-packages/airflow/example_dags/example_trigger_controller_dag.py took 0.066 seconds
[2024-12-06T22:24:03.615-0600] {processor.py:186} INFO - Started process (PID=13000) to work on /home/m9d9v9/PycharmProjects/Airflow-2/Airflow-2/.venv/lib/python3.10/site-packages/airflow/example_dags/example_trigger_controller_dag.py
[2024-12-06T22:24:03.622-0600] {processor.py:914} INFO - Processing file /home/m9d9v9/PycharmProjects/Airflow-2/Airflow-2/.venv/lib/python3.10/site-packages/airflow/example_dags/example_trigger_controller_dag.py for tasks to queue
[2024-12-06T22:24:03.624-0600] {logging_mixin.py:190} INFO - [2024-12-06T22:24:03.623-0600] {dagbag.py:588} INFO - Filling up the DagBag from /home/m9d9v9/PycharmProjects/Airflow-2/Airflow-2/.venv/lib/python3.10/site-packages/airflow/example_dags/example_trigger_controller_dag.py
[2024-12-06T22:24:03.638-0600] {processor.py:925} INFO - DAG(s) 'example_trigger_controller_dag' retrieved from /home/m9d9v9/PycharmProjects/Airflow-2/Airflow-2/.venv/lib/python3.10/site-packages/airflow/example_dags/example_trigger_controller_dag.py
[2024-12-06T22:24:03.662-0600] {logging_mixin.py:190} INFO - [2024-12-06T22:24:03.662-0600] {dag.py:3239} INFO - Sync 1 DAGs
[2024-12-06T22:24:03.675-0600] {logging_mixin.py:190} INFO - [2024-12-06T22:24:03.675-0600] {dag.py:4180} INFO - Setting next_dagrun for example_trigger_controller_dag to 2021-01-01 00:00:00+00:00, run_after=2021-01-01 00:00:00+00:00
[2024-12-06T22:24:03.688-0600] {processor.py:208} INFO - Processing /home/m9d9v9/PycharmProjects/Airflow-2/Airflow-2/.venv/lib/python3.10/site-packages/airflow/example_dags/example_trigger_controller_dag.py took 0.085 seconds
[2024-12-06T22:24:59.554-0600] {processor.py:186} INFO - Started process (PID=13081) to work on /home/m9d9v9/PycharmProjects/Airflow-2/Airflow-2/.venv/lib/python3.10/site-packages/airflow/example_dags/example_trigger_controller_dag.py
[2024-12-06T22:24:59.555-0600] {processor.py:914} INFO - Processing file /home/m9d9v9/PycharmProjects/Airflow-2/Airflow-2/.venv/lib/python3.10/site-packages/airflow/example_dags/example_trigger_controller_dag.py for tasks to queue
[2024-12-06T22:24:59.558-0600] {logging_mixin.py:190} INFO - [2024-12-06T22:24:59.557-0600] {dagbag.py:588} INFO - Filling up the DagBag from /home/m9d9v9/PycharmProjects/Airflow-2/Airflow-2/.venv/lib/python3.10/site-packages/airflow/example_dags/example_trigger_controller_dag.py
[2024-12-06T22:24:59.572-0600] {processor.py:925} INFO - DAG(s) 'example_trigger_controller_dag' retrieved from /home/m9d9v9/PycharmProjects/Airflow-2/Airflow-2/.venv/lib/python3.10/site-packages/airflow/example_dags/example_trigger_controller_dag.py
[2024-12-06T22:24:59.593-0600] {logging_mixin.py:190} INFO - [2024-12-06T22:24:59.593-0600] {dag.py:3239} INFO - Sync 1 DAGs
[2024-12-06T22:24:59.606-0600] {logging_mixin.py:190} INFO - [2024-12-06T22:24:59.605-0600] {dag.py:4180} INFO - Setting next_dagrun for example_trigger_controller_dag to 2021-01-01 00:00:00+00:00, run_after=2021-01-01 00:00:00+00:00
[2024-12-06T22:24:59.621-0600] {processor.py:208} INFO - Processing /home/m9d9v9/PycharmProjects/Airflow-2/Airflow-2/.venv/lib/python3.10/site-packages/airflow/example_dags/example_trigger_controller_dag.py took 0.079 seconds
[2024-12-06T22:25:57.258-0600] {processor.py:186} INFO - Started process (PID=13166) to work on /home/m9d9v9/PycharmProjects/Airflow-2/Airflow-2/.venv/lib/python3.10/site-packages/airflow/example_dags/example_trigger_controller_dag.py
[2024-12-06T22:25:57.264-0600] {processor.py:914} INFO - Processing file /home/m9d9v9/PycharmProjects/Airflow-2/Airflow-2/.venv/lib/python3.10/site-packages/airflow/example_dags/example_trigger_controller_dag.py for tasks to queue
[2024-12-06T22:25:57.267-0600] {logging_mixin.py:190} INFO - [2024-12-06T22:25:57.266-0600] {dagbag.py:588} INFO - Filling up the DagBag from /home/m9d9v9/PycharmProjects/Airflow-2/Airflow-2/.venv/lib/python3.10/site-packages/airflow/example_dags/example_trigger_controller_dag.py
[2024-12-06T22:25:57.283-0600] {processor.py:925} INFO - DAG(s) 'example_trigger_controller_dag' retrieved from /home/m9d9v9/PycharmProjects/Airflow-2/Airflow-2/.venv/lib/python3.10/site-packages/airflow/example_dags/example_trigger_controller_dag.py
[2024-12-06T22:25:57.305-0600] {logging_mixin.py:190} INFO - [2024-12-06T22:25:57.305-0600] {dag.py:3239} INFO - Sync 1 DAGs
[2024-12-06T22:25:57.318-0600] {logging_mixin.py:190} INFO - [2024-12-06T22:25:57.318-0600] {dag.py:4180} INFO - Setting next_dagrun for example_trigger_controller_dag to 2021-01-01 00:00:00+00:00, run_after=2021-01-01 00:00:00+00:00
[2024-12-06T22:25:57.331-0600] {processor.py:208} INFO - Processing /home/m9d9v9/PycharmProjects/Airflow-2/Airflow-2/.venv/lib/python3.10/site-packages/airflow/example_dags/example_trigger_controller_dag.py took 0.085 seconds
[2024-12-06T22:26:53.543-0600] {processor.py:186} INFO - Started process (PID=13240) to work on /home/m9d9v9/PycharmProjects/Airflow-2/Airflow-2/.venv/lib/python3.10/site-packages/airflow/example_dags/example_trigger_controller_dag.py
[2024-12-06T22:26:53.543-0600] {processor.py:914} INFO - Processing file /home/m9d9v9/PycharmProjects/Airflow-2/Airflow-2/.venv/lib/python3.10/site-packages/airflow/example_dags/example_trigger_controller_dag.py for tasks to queue
[2024-12-06T22:26:53.545-0600] {logging_mixin.py:190} INFO - [2024-12-06T22:26:53.544-0600] {dagbag.py:588} INFO - Filling up the DagBag from /home/m9d9v9/PycharmProjects/Airflow-2/Airflow-2/.venv/lib/python3.10/site-packages/airflow/example_dags/example_trigger_controller_dag.py
[2024-12-06T22:26:53.552-0600] {processor.py:925} INFO - DAG(s) 'example_trigger_controller_dag' retrieved from /home/m9d9v9/PycharmProjects/Airflow-2/Airflow-2/.venv/lib/python3.10/site-packages/airflow/example_dags/example_trigger_controller_dag.py
[2024-12-06T22:26:53.567-0600] {logging_mixin.py:190} INFO - [2024-12-06T22:26:53.566-0600] {dag.py:3239} INFO - Sync 1 DAGs
[2024-12-06T22:26:53.584-0600] {logging_mixin.py:190} INFO - [2024-12-06T22:26:53.584-0600] {dag.py:4180} INFO - Setting next_dagrun for example_trigger_controller_dag to 2021-01-01 00:00:00+00:00, run_after=2021-01-01 00:00:00+00:00
[2024-12-06T22:26:53.600-0600] {processor.py:208} INFO - Processing /home/m9d9v9/PycharmProjects/Airflow-2/Airflow-2/.venv/lib/python3.10/site-packages/airflow/example_dags/example_trigger_controller_dag.py took 0.064 seconds
[2024-12-06T22:37:13.210-0600] {processor.py:186} INFO - Started process (PID=14629) to work on /home/m9d9v9/PycharmProjects/Airflow-2/Airflow-2/.venv/lib/python3.10/site-packages/airflow/example_dags/example_trigger_controller_dag.py
[2024-12-06T22:37:13.217-0600] {processor.py:914} INFO - Processing file /home/m9d9v9/PycharmProjects/Airflow-2/Airflow-2/.venv/lib/python3.10/site-packages/airflow/example_dags/example_trigger_controller_dag.py for tasks to queue
[2024-12-06T22:37:13.221-0600] {logging_mixin.py:190} INFO - [2024-12-06T22:37:13.221-0600] {dagbag.py:588} INFO - Filling up the DagBag from /home/m9d9v9/PycharmProjects/Airflow-2/Airflow-2/.venv/lib/python3.10/site-packages/airflow/example_dags/example_trigger_controller_dag.py
[2024-12-06T22:37:13.236-0600] {processor.py:925} INFO - DAG(s) 'example_trigger_controller_dag' retrieved from /home/m9d9v9/PycharmProjects/Airflow-2/Airflow-2/.venv/lib/python3.10/site-packages/airflow/example_dags/example_trigger_controller_dag.py
[2024-12-06T22:37:13.262-0600] {logging_mixin.py:190} INFO - [2024-12-06T22:37:13.262-0600] {dag.py:3239} INFO - Sync 1 DAGs
[2024-12-06T22:37:13.274-0600] {logging_mixin.py:190} INFO - [2024-12-06T22:37:13.273-0600] {dag.py:4180} INFO - Setting next_dagrun for example_trigger_controller_dag to 2021-01-01 00:00:00+00:00, run_after=2021-01-01 00:00:00+00:00
[2024-12-06T22:37:13.289-0600] {processor.py:208} INFO - Processing /home/m9d9v9/PycharmProjects/Airflow-2/Airflow-2/.venv/lib/python3.10/site-packages/airflow/example_dags/example_trigger_controller_dag.py took 0.091 seconds
[2024-12-06T22:38:12.487-0600] {processor.py:186} INFO - Started process (PID=14737) to work on /home/m9d9v9/PycharmProjects/Airflow-2/Airflow-2/.venv/lib/python3.10/site-packages/airflow/example_dags/example_trigger_controller_dag.py
[2024-12-06T22:38:12.494-0600] {processor.py:914} INFO - Processing file /home/m9d9v9/PycharmProjects/Airflow-2/Airflow-2/.venv/lib/python3.10/site-packages/airflow/example_dags/example_trigger_controller_dag.py for tasks to queue
[2024-12-06T22:38:12.496-0600] {logging_mixin.py:190} INFO - [2024-12-06T22:38:12.496-0600] {dagbag.py:588} INFO - Filling up the DagBag from /home/m9d9v9/PycharmProjects/Airflow-2/Airflow-2/.venv/lib/python3.10/site-packages/airflow/example_dags/example_trigger_controller_dag.py
[2024-12-06T22:38:12.505-0600] {processor.py:925} INFO - DAG(s) 'example_trigger_controller_dag' retrieved from /home/m9d9v9/PycharmProjects/Airflow-2/Airflow-2/.venv/lib/python3.10/site-packages/airflow/example_dags/example_trigger_controller_dag.py
[2024-12-06T22:38:12.522-0600] {logging_mixin.py:190} INFO - [2024-12-06T22:38:12.522-0600] {dag.py:3239} INFO - Sync 1 DAGs
[2024-12-06T22:38:12.540-0600] {logging_mixin.py:190} INFO - [2024-12-06T22:38:12.540-0600] {dag.py:4180} INFO - Setting next_dagrun for example_trigger_controller_dag to 2021-01-01 00:00:00+00:00, run_after=2021-01-01 00:00:00+00:00
[2024-12-06T22:38:12.556-0600] {processor.py:208} INFO - Processing /home/m9d9v9/PycharmProjects/Airflow-2/Airflow-2/.venv/lib/python3.10/site-packages/airflow/example_dags/example_trigger_controller_dag.py took 0.076 seconds
[2024-12-06T22:39:10.311-0600] {processor.py:186} INFO - Started process (PID=14850) to work on /home/m9d9v9/PycharmProjects/Airflow-2/Airflow-2/.venv/lib/python3.10/site-packages/airflow/example_dags/example_trigger_controller_dag.py
[2024-12-06T22:39:10.317-0600] {processor.py:914} INFO - Processing file /home/m9d9v9/PycharmProjects/Airflow-2/Airflow-2/.venv/lib/python3.10/site-packages/airflow/example_dags/example_trigger_controller_dag.py for tasks to queue
[2024-12-06T22:39:10.319-0600] {logging_mixin.py:190} INFO - [2024-12-06T22:39:10.319-0600] {dagbag.py:588} INFO - Filling up the DagBag from /home/m9d9v9/PycharmProjects/Airflow-2/Airflow-2/.venv/lib/python3.10/site-packages/airflow/example_dags/example_trigger_controller_dag.py
[2024-12-06T22:39:10.323-0600] {processor.py:925} INFO - DAG(s) 'example_trigger_controller_dag' retrieved from /home/m9d9v9/PycharmProjects/Airflow-2/Airflow-2/.venv/lib/python3.10/site-packages/airflow/example_dags/example_trigger_controller_dag.py
[2024-12-06T22:39:10.332-0600] {logging_mixin.py:190} INFO - [2024-12-06T22:39:10.332-0600] {dag.py:3239} INFO - Sync 1 DAGs
[2024-12-06T22:39:10.343-0600] {logging_mixin.py:190} INFO - [2024-12-06T22:39:10.343-0600] {dag.py:4180} INFO - Setting next_dagrun for example_trigger_controller_dag to 2021-01-01 00:00:00+00:00, run_after=2021-01-01 00:00:00+00:00
[2024-12-06T22:39:10.356-0600] {processor.py:208} INFO - Processing /home/m9d9v9/PycharmProjects/Airflow-2/Airflow-2/.venv/lib/python3.10/site-packages/airflow/example_dags/example_trigger_controller_dag.py took 0.050 seconds
[2024-12-06T22:40:10.343-0600] {processor.py:186} INFO - Started process (PID=15035) to work on /home/m9d9v9/PycharmProjects/Airflow-2/Airflow-2/.venv/lib/python3.10/site-packages/airflow/example_dags/example_trigger_controller_dag.py
[2024-12-06T22:40:10.350-0600] {processor.py:914} INFO - Processing file /home/m9d9v9/PycharmProjects/Airflow-2/Airflow-2/.venv/lib/python3.10/site-packages/airflow/example_dags/example_trigger_controller_dag.py for tasks to queue
[2024-12-06T22:40:10.352-0600] {logging_mixin.py:190} INFO - [2024-12-06T22:40:10.351-0600] {dagbag.py:588} INFO - Filling up the DagBag from /home/m9d9v9/PycharmProjects/Airflow-2/Airflow-2/.venv/lib/python3.10/site-packages/airflow/example_dags/example_trigger_controller_dag.py
[2024-12-06T22:40:10.356-0600] {processor.py:925} INFO - DAG(s) 'example_trigger_controller_dag' retrieved from /home/m9d9v9/PycharmProjects/Airflow-2/Airflow-2/.venv/lib/python3.10/site-packages/airflow/example_dags/example_trigger_controller_dag.py
[2024-12-06T22:40:10.366-0600] {logging_mixin.py:190} INFO - [2024-12-06T22:40:10.366-0600] {dag.py:3239} INFO - Sync 1 DAGs
[2024-12-06T22:40:10.378-0600] {logging_mixin.py:190} INFO - [2024-12-06T22:40:10.378-0600] {dag.py:4180} INFO - Setting next_dagrun for example_trigger_controller_dag to 2021-01-01 00:00:00+00:00, run_after=2021-01-01 00:00:00+00:00
[2024-12-06T22:40:10.390-0600] {processor.py:208} INFO - Processing /home/m9d9v9/PycharmProjects/Airflow-2/Airflow-2/.venv/lib/python3.10/site-packages/airflow/example_dags/example_trigger_controller_dag.py took 0.052 seconds
[2024-12-06T22:41:10.219-0600] {processor.py:186} INFO - Started process (PID=15138) to work on /home/m9d9v9/PycharmProjects/Airflow-2/Airflow-2/.venv/lib/python3.10/site-packages/airflow/example_dags/example_trigger_controller_dag.py
[2024-12-06T22:41:10.226-0600] {processor.py:914} INFO - Processing file /home/m9d9v9/PycharmProjects/Airflow-2/Airflow-2/.venv/lib/python3.10/site-packages/airflow/example_dags/example_trigger_controller_dag.py for tasks to queue
[2024-12-06T22:41:10.228-0600] {logging_mixin.py:190} INFO - [2024-12-06T22:41:10.228-0600] {dagbag.py:588} INFO - Filling up the DagBag from /home/m9d9v9/PycharmProjects/Airflow-2/Airflow-2/.venv/lib/python3.10/site-packages/airflow/example_dags/example_trigger_controller_dag.py
[2024-12-06T22:41:10.237-0600] {processor.py:925} INFO - DAG(s) 'example_trigger_controller_dag' retrieved from /home/m9d9v9/PycharmProjects/Airflow-2/Airflow-2/.venv/lib/python3.10/site-packages/airflow/example_dags/example_trigger_controller_dag.py
[2024-12-06T22:41:10.255-0600] {logging_mixin.py:190} INFO - [2024-12-06T22:41:10.254-0600] {dag.py:3239} INFO - Sync 1 DAGs
[2024-12-06T22:41:10.275-0600] {logging_mixin.py:190} INFO - [2024-12-06T22:41:10.275-0600] {dag.py:4180} INFO - Setting next_dagrun for example_trigger_controller_dag to 2021-01-01 00:00:00+00:00, run_after=2021-01-01 00:00:00+00:00
[2024-12-06T22:41:10.287-0600] {processor.py:208} INFO - Processing /home/m9d9v9/PycharmProjects/Airflow-2/Airflow-2/.venv/lib/python3.10/site-packages/airflow/example_dags/example_trigger_controller_dag.py took 0.080 seconds
[2024-12-06T23:25:20.930-0600] {processor.py:186} INFO - Started process (PID=17275) to work on /home/m9d9v9/PycharmProjects/Airflow-2/Airflow-2/.venv/lib/python3.10/site-packages/airflow/example_dags/example_trigger_controller_dag.py
[2024-12-06T23:25:20.936-0600] {processor.py:914} INFO - Processing file /home/m9d9v9/PycharmProjects/Airflow-2/Airflow-2/.venv/lib/python3.10/site-packages/airflow/example_dags/example_trigger_controller_dag.py for tasks to queue
[2024-12-06T23:25:20.938-0600] {logging_mixin.py:190} INFO - [2024-12-06T23:25:20.938-0600] {dagbag.py:588} INFO - Filling up the DagBag from /home/m9d9v9/PycharmProjects/Airflow-2/Airflow-2/.venv/lib/python3.10/site-packages/airflow/example_dags/example_trigger_controller_dag.py
[2024-12-06T23:25:20.944-0600] {processor.py:925} INFO - DAG(s) 'example_trigger_controller_dag' retrieved from /home/m9d9v9/PycharmProjects/Airflow-2/Airflow-2/.venv/lib/python3.10/site-packages/airflow/example_dags/example_trigger_controller_dag.py
[2024-12-06T23:25:20.957-0600] {logging_mixin.py:190} INFO - [2024-12-06T23:25:20.957-0600] {dag.py:3239} INFO - Sync 1 DAGs
[2024-12-06T23:25:20.972-0600] {logging_mixin.py:190} INFO - [2024-12-06T23:25:20.971-0600] {dag.py:4180} INFO - Setting next_dagrun for example_trigger_controller_dag to 2021-01-01 00:00:00+00:00, run_after=2021-01-01 00:00:00+00:00
[2024-12-06T23:25:20.987-0600] {processor.py:208} INFO - Processing /home/m9d9v9/PycharmProjects/Airflow-2/Airflow-2/.venv/lib/python3.10/site-packages/airflow/example_dags/example_trigger_controller_dag.py took 0.062 seconds
[2024-12-06T23:26:19.525-0600] {processor.py:186} INFO - Started process (PID=17394) to work on /home/m9d9v9/PycharmProjects/Airflow-2/Airflow-2/.venv/lib/python3.10/site-packages/airflow/example_dags/example_trigger_controller_dag.py
[2024-12-06T23:26:19.531-0600] {processor.py:914} INFO - Processing file /home/m9d9v9/PycharmProjects/Airflow-2/Airflow-2/.venv/lib/python3.10/site-packages/airflow/example_dags/example_trigger_controller_dag.py for tasks to queue
[2024-12-06T23:26:19.532-0600] {logging_mixin.py:190} INFO - [2024-12-06T23:26:19.532-0600] {dagbag.py:588} INFO - Filling up the DagBag from /home/m9d9v9/PycharmProjects/Airflow-2/Airflow-2/.venv/lib/python3.10/site-packages/airflow/example_dags/example_trigger_controller_dag.py
[2024-12-06T23:26:19.536-0600] {processor.py:925} INFO - DAG(s) 'example_trigger_controller_dag' retrieved from /home/m9d9v9/PycharmProjects/Airflow-2/Airflow-2/.venv/lib/python3.10/site-packages/airflow/example_dags/example_trigger_controller_dag.py
[2024-12-06T23:26:19.545-0600] {logging_mixin.py:190} INFO - [2024-12-06T23:26:19.545-0600] {dag.py:3239} INFO - Sync 1 DAGs
[2024-12-06T23:26:19.556-0600] {logging_mixin.py:190} INFO - [2024-12-06T23:26:19.556-0600] {dag.py:4180} INFO - Setting next_dagrun for example_trigger_controller_dag to 2021-01-01 00:00:00+00:00, run_after=2021-01-01 00:00:00+00:00
[2024-12-06T23:26:19.567-0600] {processor.py:208} INFO - Processing /home/m9d9v9/PycharmProjects/Airflow-2/Airflow-2/.venv/lib/python3.10/site-packages/airflow/example_dags/example_trigger_controller_dag.py took 0.046 seconds
[2024-12-06T23:27:16.516-0600] {processor.py:186} INFO - Started process (PID=17467) to work on /home/m9d9v9/PycharmProjects/Airflow-2/Airflow-2/.venv/lib/python3.10/site-packages/airflow/example_dags/example_trigger_controller_dag.py
[2024-12-06T23:27:16.523-0600] {processor.py:914} INFO - Processing file /home/m9d9v9/PycharmProjects/Airflow-2/Airflow-2/.venv/lib/python3.10/site-packages/airflow/example_dags/example_trigger_controller_dag.py for tasks to queue
[2024-12-06T23:27:16.524-0600] {logging_mixin.py:190} INFO - [2024-12-06T23:27:16.524-0600] {dagbag.py:588} INFO - Filling up the DagBag from /home/m9d9v9/PycharmProjects/Airflow-2/Airflow-2/.venv/lib/python3.10/site-packages/airflow/example_dags/example_trigger_controller_dag.py
[2024-12-06T23:27:16.528-0600] {processor.py:925} INFO - DAG(s) 'example_trigger_controller_dag' retrieved from /home/m9d9v9/PycharmProjects/Airflow-2/Airflow-2/.venv/lib/python3.10/site-packages/airflow/example_dags/example_trigger_controller_dag.py
[2024-12-06T23:27:16.540-0600] {logging_mixin.py:190} INFO - [2024-12-06T23:27:16.540-0600] {dag.py:3239} INFO - Sync 1 DAGs
[2024-12-06T23:27:16.556-0600] {logging_mixin.py:190} INFO - [2024-12-06T23:27:16.556-0600] {dag.py:4180} INFO - Setting next_dagrun for example_trigger_controller_dag to 2021-01-01 00:00:00+00:00, run_after=2021-01-01 00:00:00+00:00
[2024-12-06T23:27:16.569-0600] {processor.py:208} INFO - Processing /home/m9d9v9/PycharmProjects/Airflow-2/Airflow-2/.venv/lib/python3.10/site-packages/airflow/example_dags/example_trigger_controller_dag.py took 0.057 seconds
[2024-12-06T23:28:13.739-0600] {processor.py:186} INFO - Started process (PID=17570) to work on /home/m9d9v9/PycharmProjects/Airflow-2/Airflow-2/.venv/lib/python3.10/site-packages/airflow/example_dags/example_trigger_controller_dag.py
[2024-12-06T23:28:13.740-0600] {processor.py:914} INFO - Processing file /home/m9d9v9/PycharmProjects/Airflow-2/Airflow-2/.venv/lib/python3.10/site-packages/airflow/example_dags/example_trigger_controller_dag.py for tasks to queue
[2024-12-06T23:28:13.740-0600] {logging_mixin.py:190} INFO - [2024-12-06T23:28:13.740-0600] {dagbag.py:588} INFO - Filling up the DagBag from /home/m9d9v9/PycharmProjects/Airflow-2/Airflow-2/.venv/lib/python3.10/site-packages/airflow/example_dags/example_trigger_controller_dag.py
[2024-12-06T23:28:13.745-0600] {processor.py:925} INFO - DAG(s) 'example_trigger_controller_dag' retrieved from /home/m9d9v9/PycharmProjects/Airflow-2/Airflow-2/.venv/lib/python3.10/site-packages/airflow/example_dags/example_trigger_controller_dag.py
[2024-12-06T23:28:13.755-0600] {logging_mixin.py:190} INFO - [2024-12-06T23:28:13.754-0600] {dag.py:3239} INFO - Sync 1 DAGs
[2024-12-06T23:28:13.766-0600] {logging_mixin.py:190} INFO - [2024-12-06T23:28:13.765-0600] {dag.py:4180} INFO - Setting next_dagrun for example_trigger_controller_dag to 2021-01-01 00:00:00+00:00, run_after=2021-01-01 00:00:00+00:00
[2024-12-06T23:28:13.778-0600] {processor.py:208} INFO - Processing /home/m9d9v9/PycharmProjects/Airflow-2/Airflow-2/.venv/lib/python3.10/site-packages/airflow/example_dags/example_trigger_controller_dag.py took 0.050 seconds
[2024-12-06T23:29:10.217-0600] {processor.py:186} INFO - Started process (PID=17713) to work on /home/m9d9v9/PycharmProjects/Airflow-2/Airflow-2/.venv/lib/python3.10/site-packages/airflow/example_dags/example_trigger_controller_dag.py
[2024-12-06T23:29:10.223-0600] {processor.py:914} INFO - Processing file /home/m9d9v9/PycharmProjects/Airflow-2/Airflow-2/.venv/lib/python3.10/site-packages/airflow/example_dags/example_trigger_controller_dag.py for tasks to queue
[2024-12-06T23:29:10.224-0600] {logging_mixin.py:190} INFO - [2024-12-06T23:29:10.224-0600] {dagbag.py:588} INFO - Filling up the DagBag from /home/m9d9v9/PycharmProjects/Airflow-2/Airflow-2/.venv/lib/python3.10/site-packages/airflow/example_dags/example_trigger_controller_dag.py
[2024-12-06T23:29:10.233-0600] {processor.py:925} INFO - DAG(s) 'example_trigger_controller_dag' retrieved from /home/m9d9v9/PycharmProjects/Airflow-2/Airflow-2/.venv/lib/python3.10/site-packages/airflow/example_dags/example_trigger_controller_dag.py
[2024-12-06T23:29:10.243-0600] {logging_mixin.py:190} INFO - [2024-12-06T23:29:10.243-0600] {dag.py:3239} INFO - Sync 1 DAGs
[2024-12-06T23:29:10.259-0600] {logging_mixin.py:190} INFO - [2024-12-06T23:29:10.259-0600] {dag.py:4180} INFO - Setting next_dagrun for example_trigger_controller_dag to 2021-01-01 00:00:00+00:00, run_after=2021-01-01 00:00:00+00:00
[2024-12-06T23:29:10.274-0600] {processor.py:208} INFO - Processing /home/m9d9v9/PycharmProjects/Airflow-2/Airflow-2/.venv/lib/python3.10/site-packages/airflow/example_dags/example_trigger_controller_dag.py took 0.063 seconds
[2024-12-06T23:30:06.902-0600] {processor.py:186} INFO - Started process (PID=17792) to work on /home/m9d9v9/PycharmProjects/Airflow-2/Airflow-2/.venv/lib/python3.10/site-packages/airflow/example_dags/example_trigger_controller_dag.py
[2024-12-06T23:30:06.909-0600] {processor.py:914} INFO - Processing file /home/m9d9v9/PycharmProjects/Airflow-2/Airflow-2/.venv/lib/python3.10/site-packages/airflow/example_dags/example_trigger_controller_dag.py for tasks to queue
[2024-12-06T23:30:06.911-0600] {logging_mixin.py:190} INFO - [2024-12-06T23:30:06.910-0600] {dagbag.py:588} INFO - Filling up the DagBag from /home/m9d9v9/PycharmProjects/Airflow-2/Airflow-2/.venv/lib/python3.10/site-packages/airflow/example_dags/example_trigger_controller_dag.py
[2024-12-06T23:30:06.924-0600] {processor.py:925} INFO - DAG(s) 'example_trigger_controller_dag' retrieved from /home/m9d9v9/PycharmProjects/Airflow-2/Airflow-2/.venv/lib/python3.10/site-packages/airflow/example_dags/example_trigger_controller_dag.py
[2024-12-06T23:30:06.950-0600] {logging_mixin.py:190} INFO - [2024-12-06T23:30:06.950-0600] {dag.py:3239} INFO - Sync 1 DAGs
[2024-12-06T23:30:06.961-0600] {logging_mixin.py:190} INFO - [2024-12-06T23:30:06.961-0600] {dag.py:4180} INFO - Setting next_dagrun for example_trigger_controller_dag to 2021-01-01 00:00:00+00:00, run_after=2021-01-01 00:00:00+00:00
[2024-12-06T23:30:06.972-0600] {processor.py:208} INFO - Processing /home/m9d9v9/PycharmProjects/Airflow-2/Airflow-2/.venv/lib/python3.10/site-packages/airflow/example_dags/example_trigger_controller_dag.py took 0.082 seconds
[2024-12-06T23:31:02.786-0600] {processor.py:186} INFO - Started process (PID=17908) to work on /home/m9d9v9/PycharmProjects/Airflow-2/Airflow-2/.venv/lib/python3.10/site-packages/airflow/example_dags/example_trigger_controller_dag.py
[2024-12-06T23:31:02.793-0600] {processor.py:914} INFO - Processing file /home/m9d9v9/PycharmProjects/Airflow-2/Airflow-2/.venv/lib/python3.10/site-packages/airflow/example_dags/example_trigger_controller_dag.py for tasks to queue
[2024-12-06T23:31:02.795-0600] {logging_mixin.py:190} INFO - [2024-12-06T23:31:02.795-0600] {dagbag.py:588} INFO - Filling up the DagBag from /home/m9d9v9/PycharmProjects/Airflow-2/Airflow-2/.venv/lib/python3.10/site-packages/airflow/example_dags/example_trigger_controller_dag.py
[2024-12-06T23:31:02.808-0600] {processor.py:925} INFO - DAG(s) 'example_trigger_controller_dag' retrieved from /home/m9d9v9/PycharmProjects/Airflow-2/Airflow-2/.venv/lib/python3.10/site-packages/airflow/example_dags/example_trigger_controller_dag.py
[2024-12-06T23:31:02.834-0600] {logging_mixin.py:190} INFO - [2024-12-06T23:31:02.834-0600] {dag.py:3239} INFO - Sync 1 DAGs
[2024-12-06T23:31:02.845-0600] {logging_mixin.py:190} INFO - [2024-12-06T23:31:02.845-0600] {dag.py:4180} INFO - Setting next_dagrun for example_trigger_controller_dag to 2021-01-01 00:00:00+00:00, run_after=2021-01-01 00:00:00+00:00
[2024-12-06T23:31:02.856-0600] {processor.py:208} INFO - Processing /home/m9d9v9/PycharmProjects/Airflow-2/Airflow-2/.venv/lib/python3.10/site-packages/airflow/example_dags/example_trigger_controller_dag.py took 0.081 seconds
[2024-12-06T23:32:02.417-0600] {processor.py:186} INFO - Started process (PID=18013) to work on /home/m9d9v9/PycharmProjects/Airflow-2/Airflow-2/.venv/lib/python3.10/site-packages/airflow/example_dags/example_trigger_controller_dag.py
[2024-12-06T23:32:02.424-0600] {processor.py:914} INFO - Processing file /home/m9d9v9/PycharmProjects/Airflow-2/Airflow-2/.venv/lib/python3.10/site-packages/airflow/example_dags/example_trigger_controller_dag.py for tasks to queue
[2024-12-06T23:32:02.427-0600] {logging_mixin.py:190} INFO - [2024-12-06T23:32:02.426-0600] {dagbag.py:588} INFO - Filling up the DagBag from /home/m9d9v9/PycharmProjects/Airflow-2/Airflow-2/.venv/lib/python3.10/site-packages/airflow/example_dags/example_trigger_controller_dag.py
[2024-12-06T23:32:02.440-0600] {processor.py:925} INFO - DAG(s) 'example_trigger_controller_dag' retrieved from /home/m9d9v9/PycharmProjects/Airflow-2/Airflow-2/.venv/lib/python3.10/site-packages/airflow/example_dags/example_trigger_controller_dag.py
[2024-12-06T23:32:02.463-0600] {logging_mixin.py:190} INFO - [2024-12-06T23:32:02.463-0600] {dag.py:3239} INFO - Sync 1 DAGs
[2024-12-06T23:32:02.474-0600] {logging_mixin.py:190} INFO - [2024-12-06T23:32:02.474-0600] {dag.py:4180} INFO - Setting next_dagrun for example_trigger_controller_dag to 2021-01-01 00:00:00+00:00, run_after=2021-01-01 00:00:00+00:00
[2024-12-06T23:32:02.581-0600] {processor.py:208} INFO - Processing /home/m9d9v9/PycharmProjects/Airflow-2/Airflow-2/.venv/lib/python3.10/site-packages/airflow/example_dags/example_trigger_controller_dag.py took 0.176 seconds
[2024-12-06T23:32:58.375-0600] {processor.py:186} INFO - Started process (PID=18087) to work on /home/m9d9v9/PycharmProjects/Airflow-2/Airflow-2/.venv/lib/python3.10/site-packages/airflow/example_dags/example_trigger_controller_dag.py
[2024-12-06T23:32:58.382-0600] {processor.py:914} INFO - Processing file /home/m9d9v9/PycharmProjects/Airflow-2/Airflow-2/.venv/lib/python3.10/site-packages/airflow/example_dags/example_trigger_controller_dag.py for tasks to queue
[2024-12-06T23:32:58.384-0600] {logging_mixin.py:190} INFO - [2024-12-06T23:32:58.384-0600] {dagbag.py:588} INFO - Filling up the DagBag from /home/m9d9v9/PycharmProjects/Airflow-2/Airflow-2/.venv/lib/python3.10/site-packages/airflow/example_dags/example_trigger_controller_dag.py
[2024-12-06T23:32:58.398-0600] {processor.py:925} INFO - DAG(s) 'example_trigger_controller_dag' retrieved from /home/m9d9v9/PycharmProjects/Airflow-2/Airflow-2/.venv/lib/python3.10/site-packages/airflow/example_dags/example_trigger_controller_dag.py
[2024-12-06T23:32:58.422-0600] {logging_mixin.py:190} INFO - [2024-12-06T23:32:58.422-0600] {dag.py:3239} INFO - Sync 1 DAGs
[2024-12-06T23:32:58.433-0600] {logging_mixin.py:190} INFO - [2024-12-06T23:32:58.433-0600] {dag.py:4180} INFO - Setting next_dagrun for example_trigger_controller_dag to 2021-01-01 00:00:00+00:00, run_after=2021-01-01 00:00:00+00:00
[2024-12-06T23:32:58.443-0600] {processor.py:208} INFO - Processing /home/m9d9v9/PycharmProjects/Airflow-2/Airflow-2/.venv/lib/python3.10/site-packages/airflow/example_dags/example_trigger_controller_dag.py took 0.079 seconds
[2024-12-06T23:33:55.211-0600] {processor.py:186} INFO - Started process (PID=18155) to work on /home/m9d9v9/PycharmProjects/Airflow-2/Airflow-2/.venv/lib/python3.10/site-packages/airflow/example_dags/example_trigger_controller_dag.py
[2024-12-06T23:33:55.218-0600] {processor.py:914} INFO - Processing file /home/m9d9v9/PycharmProjects/Airflow-2/Airflow-2/.venv/lib/python3.10/site-packages/airflow/example_dags/example_trigger_controller_dag.py for tasks to queue
[2024-12-06T23:33:55.221-0600] {logging_mixin.py:190} INFO - [2024-12-06T23:33:55.220-0600] {dagbag.py:588} INFO - Filling up the DagBag from /home/m9d9v9/PycharmProjects/Airflow-2/Airflow-2/.venv/lib/python3.10/site-packages/airflow/example_dags/example_trigger_controller_dag.py
[2024-12-06T23:33:55.234-0600] {processor.py:925} INFO - DAG(s) 'example_trigger_controller_dag' retrieved from /home/m9d9v9/PycharmProjects/Airflow-2/Airflow-2/.venv/lib/python3.10/site-packages/airflow/example_dags/example_trigger_controller_dag.py
[2024-12-06T23:33:55.258-0600] {logging_mixin.py:190} INFO - [2024-12-06T23:33:55.258-0600] {dag.py:3239} INFO - Sync 1 DAGs
[2024-12-06T23:33:55.269-0600] {logging_mixin.py:190} INFO - [2024-12-06T23:33:55.269-0600] {dag.py:4180} INFO - Setting next_dagrun for example_trigger_controller_dag to 2021-01-01 00:00:00+00:00, run_after=2021-01-01 00:00:00+00:00
[2024-12-06T23:33:55.280-0600] {processor.py:208} INFO - Processing /home/m9d9v9/PycharmProjects/Airflow-2/Airflow-2/.venv/lib/python3.10/site-packages/airflow/example_dags/example_trigger_controller_dag.py took 0.080 seconds
[2024-12-06T23:34:55.770-0600] {processor.py:186} INFO - Started process (PID=18285) to work on /home/m9d9v9/PycharmProjects/Airflow-2/Airflow-2/.venv/lib/python3.10/site-packages/airflow/example_dags/example_trigger_controller_dag.py
[2024-12-06T23:34:55.776-0600] {processor.py:914} INFO - Processing file /home/m9d9v9/PycharmProjects/Airflow-2/Airflow-2/.venv/lib/python3.10/site-packages/airflow/example_dags/example_trigger_controller_dag.py for tasks to queue
[2024-12-06T23:34:55.777-0600] {logging_mixin.py:190} INFO - [2024-12-06T23:34:55.777-0600] {dagbag.py:588} INFO - Filling up the DagBag from /home/m9d9v9/PycharmProjects/Airflow-2/Airflow-2/.venv/lib/python3.10/site-packages/airflow/example_dags/example_trigger_controller_dag.py
[2024-12-06T23:34:55.782-0600] {processor.py:925} INFO - DAG(s) 'example_trigger_controller_dag' retrieved from /home/m9d9v9/PycharmProjects/Airflow-2/Airflow-2/.venv/lib/python3.10/site-packages/airflow/example_dags/example_trigger_controller_dag.py
[2024-12-06T23:34:55.791-0600] {logging_mixin.py:190} INFO - [2024-12-06T23:34:55.790-0600] {dag.py:3239} INFO - Sync 1 DAGs
[2024-12-06T23:34:55.801-0600] {logging_mixin.py:190} INFO - [2024-12-06T23:34:55.801-0600] {dag.py:4180} INFO - Setting next_dagrun for example_trigger_controller_dag to 2021-01-01 00:00:00+00:00, run_after=2021-01-01 00:00:00+00:00
[2024-12-06T23:34:55.812-0600] {processor.py:208} INFO - Processing /home/m9d9v9/PycharmProjects/Airflow-2/Airflow-2/.venv/lib/python3.10/site-packages/airflow/example_dags/example_trigger_controller_dag.py took 0.046 seconds
[2024-12-06T23:35:58.456-0600] {processor.py:186} INFO - Started process (PID=18364) to work on /home/m9d9v9/PycharmProjects/Airflow-2/Airflow-2/.venv/lib/python3.10/site-packages/airflow/example_dags/example_trigger_controller_dag.py
[2024-12-06T23:35:58.463-0600] {processor.py:914} INFO - Processing file /home/m9d9v9/PycharmProjects/Airflow-2/Airflow-2/.venv/lib/python3.10/site-packages/airflow/example_dags/example_trigger_controller_dag.py for tasks to queue
[2024-12-06T23:35:58.464-0600] {logging_mixin.py:190} INFO - [2024-12-06T23:35:58.464-0600] {dagbag.py:588} INFO - Filling up the DagBag from /home/m9d9v9/PycharmProjects/Airflow-2/Airflow-2/.venv/lib/python3.10/site-packages/airflow/example_dags/example_trigger_controller_dag.py
[2024-12-06T23:35:58.478-0600] {processor.py:925} INFO - DAG(s) 'example_trigger_controller_dag' retrieved from /home/m9d9v9/PycharmProjects/Airflow-2/Airflow-2/.venv/lib/python3.10/site-packages/airflow/example_dags/example_trigger_controller_dag.py
[2024-12-06T23:35:58.501-0600] {logging_mixin.py:190} INFO - [2024-12-06T23:35:58.501-0600] {dag.py:3239} INFO - Sync 1 DAGs
[2024-12-06T23:35:58.604-0600] {logging_mixin.py:190} INFO - [2024-12-06T23:35:58.604-0600] {dag.py:4180} INFO - Setting next_dagrun for example_trigger_controller_dag to 2021-01-01 00:00:00+00:00, run_after=2021-01-01 00:00:00+00:00
[2024-12-06T23:35:58.620-0600] {processor.py:208} INFO - Processing /home/m9d9v9/PycharmProjects/Airflow-2/Airflow-2/.venv/lib/python3.10/site-packages/airflow/example_dags/example_trigger_controller_dag.py took 0.176 seconds
[2024-12-06T23:37:00.062-0600] {processor.py:186} INFO - Started process (PID=18496) to work on /home/m9d9v9/PycharmProjects/Airflow-2/Airflow-2/.venv/lib/python3.10/site-packages/airflow/example_dags/example_trigger_controller_dag.py
[2024-12-06T23:37:00.062-0600] {processor.py:914} INFO - Processing file /home/m9d9v9/PycharmProjects/Airflow-2/Airflow-2/.venv/lib/python3.10/site-packages/airflow/example_dags/example_trigger_controller_dag.py for tasks to queue
[2024-12-06T23:37:00.063-0600] {logging_mixin.py:190} INFO - [2024-12-06T23:37:00.063-0600] {dagbag.py:588} INFO - Filling up the DagBag from /home/m9d9v9/PycharmProjects/Airflow-2/Airflow-2/.venv/lib/python3.10/site-packages/airflow/example_dags/example_trigger_controller_dag.py
[2024-12-06T23:37:00.069-0600] {processor.py:925} INFO - DAG(s) 'example_trigger_controller_dag' retrieved from /home/m9d9v9/PycharmProjects/Airflow-2/Airflow-2/.venv/lib/python3.10/site-packages/airflow/example_dags/example_trigger_controller_dag.py
[2024-12-06T23:37:00.080-0600] {logging_mixin.py:190} INFO - [2024-12-06T23:37:00.080-0600] {dag.py:3239} INFO - Sync 1 DAGs
[2024-12-06T23:37:00.093-0600] {logging_mixin.py:190} INFO - [2024-12-06T23:37:00.093-0600] {dag.py:4180} INFO - Setting next_dagrun for example_trigger_controller_dag to 2021-01-01 00:00:00+00:00, run_after=2021-01-01 00:00:00+00:00
[2024-12-06T23:37:00.220-0600] {processor.py:208} INFO - Processing /home/m9d9v9/PycharmProjects/Airflow-2/Airflow-2/.venv/lib/python3.10/site-packages/airflow/example_dags/example_trigger_controller_dag.py took 0.163 seconds
[2024-12-06T23:38:00.681-0600] {processor.py:186} INFO - Started process (PID=18736) to work on /home/m9d9v9/PycharmProjects/Airflow-2/Airflow-2/.venv/lib/python3.10/site-packages/airflow/example_dags/example_trigger_controller_dag.py
[2024-12-06T23:38:00.681-0600] {processor.py:914} INFO - Processing file /home/m9d9v9/PycharmProjects/Airflow-2/Airflow-2/.venv/lib/python3.10/site-packages/airflow/example_dags/example_trigger_controller_dag.py for tasks to queue
[2024-12-06T23:38:00.682-0600] {logging_mixin.py:190} INFO - [2024-12-06T23:38:00.682-0600] {dagbag.py:588} INFO - Filling up the DagBag from /home/m9d9v9/PycharmProjects/Airflow-2/Airflow-2/.venv/lib/python3.10/site-packages/airflow/example_dags/example_trigger_controller_dag.py
[2024-12-06T23:38:00.687-0600] {processor.py:925} INFO - DAG(s) 'example_trigger_controller_dag' retrieved from /home/m9d9v9/PycharmProjects/Airflow-2/Airflow-2/.venv/lib/python3.10/site-packages/airflow/example_dags/example_trigger_controller_dag.py
[2024-12-06T23:38:00.698-0600] {logging_mixin.py:190} INFO - [2024-12-06T23:38:00.698-0600] {dag.py:3239} INFO - Sync 1 DAGs
[2024-12-06T23:38:00.712-0600] {logging_mixin.py:190} INFO - [2024-12-06T23:38:00.711-0600] {dag.py:4180} INFO - Setting next_dagrun for example_trigger_controller_dag to 2021-01-01 00:00:00+00:00, run_after=2021-01-01 00:00:00+00:00
[2024-12-06T23:38:00.724-0600] {processor.py:208} INFO - Processing /home/m9d9v9/PycharmProjects/Airflow-2/Airflow-2/.venv/lib/python3.10/site-packages/airflow/example_dags/example_trigger_controller_dag.py took 0.047 seconds
[2024-12-06T23:39:07.761-0600] {processor.py:186} INFO - Started process (PID=18900) to work on /home/m9d9v9/PycharmProjects/Airflow-2/Airflow-2/.venv/lib/python3.10/site-packages/airflow/example_dags/example_trigger_controller_dag.py
[2024-12-06T23:39:07.767-0600] {processor.py:914} INFO - Processing file /home/m9d9v9/PycharmProjects/Airflow-2/Airflow-2/.venv/lib/python3.10/site-packages/airflow/example_dags/example_trigger_controller_dag.py for tasks to queue
[2024-12-06T23:39:07.770-0600] {logging_mixin.py:190} INFO - [2024-12-06T23:39:07.770-0600] {dagbag.py:588} INFO - Filling up the DagBag from /home/m9d9v9/PycharmProjects/Airflow-2/Airflow-2/.venv/lib/python3.10/site-packages/airflow/example_dags/example_trigger_controller_dag.py
[2024-12-06T23:39:07.778-0600] {processor.py:925} INFO - DAG(s) 'example_trigger_controller_dag' retrieved from /home/m9d9v9/PycharmProjects/Airflow-2/Airflow-2/.venv/lib/python3.10/site-packages/airflow/example_dags/example_trigger_controller_dag.py
[2024-12-06T23:39:07.796-0600] {logging_mixin.py:190} INFO - [2024-12-06T23:39:07.795-0600] {dag.py:3239} INFO - Sync 1 DAGs
[2024-12-06T23:39:07.815-0600] {logging_mixin.py:190} INFO - [2024-12-06T23:39:07.815-0600] {dag.py:4180} INFO - Setting next_dagrun for example_trigger_controller_dag to 2021-01-01 00:00:00+00:00, run_after=2021-01-01 00:00:00+00:00
[2024-12-06T23:39:07.828-0600] {processor.py:208} INFO - Processing /home/m9d9v9/PycharmProjects/Airflow-2/Airflow-2/.venv/lib/python3.10/site-packages/airflow/example_dags/example_trigger_controller_dag.py took 0.073 seconds
[2024-12-06T23:40:05.847-0600] {processor.py:186} INFO - Started process (PID=19193) to work on /home/m9d9v9/PycharmProjects/Airflow-2/Airflow-2/.venv/lib/python3.10/site-packages/airflow/example_dags/example_trigger_controller_dag.py
[2024-12-06T23:40:05.848-0600] {processor.py:914} INFO - Processing file /home/m9d9v9/PycharmProjects/Airflow-2/Airflow-2/.venv/lib/python3.10/site-packages/airflow/example_dags/example_trigger_controller_dag.py for tasks to queue
[2024-12-06T23:40:05.848-0600] {logging_mixin.py:190} INFO - [2024-12-06T23:40:05.848-0600] {dagbag.py:588} INFO - Filling up the DagBag from /home/m9d9v9/PycharmProjects/Airflow-2/Airflow-2/.venv/lib/python3.10/site-packages/airflow/example_dags/example_trigger_controller_dag.py
[2024-12-06T23:40:05.854-0600] {processor.py:925} INFO - DAG(s) 'example_trigger_controller_dag' retrieved from /home/m9d9v9/PycharmProjects/Airflow-2/Airflow-2/.venv/lib/python3.10/site-packages/airflow/example_dags/example_trigger_controller_dag.py
[2024-12-06T23:40:05.864-0600] {logging_mixin.py:190} INFO - [2024-12-06T23:40:05.864-0600] {dag.py:3239} INFO - Sync 1 DAGs
[2024-12-06T23:40:05.877-0600] {logging_mixin.py:190} INFO - [2024-12-06T23:40:05.876-0600] {dag.py:4180} INFO - Setting next_dagrun for example_trigger_controller_dag to 2021-01-01 00:00:00+00:00, run_after=2021-01-01 00:00:00+00:00
[2024-12-06T23:40:05.890-0600] {processor.py:208} INFO - Processing /home/m9d9v9/PycharmProjects/Airflow-2/Airflow-2/.venv/lib/python3.10/site-packages/airflow/example_dags/example_trigger_controller_dag.py took 0.048 seconds
[2024-12-06T23:41:00.148-0600] {processor.py:186} INFO - Started process (PID=19301) to work on /home/m9d9v9/PycharmProjects/Airflow-2/Airflow-2/.venv/lib/python3.10/site-packages/airflow/example_dags/example_trigger_controller_dag.py
[2024-12-06T23:41:00.151-0600] {processor.py:914} INFO - Processing file /home/m9d9v9/PycharmProjects/Airflow-2/Airflow-2/.venv/lib/python3.10/site-packages/airflow/example_dags/example_trigger_controller_dag.py for tasks to queue
[2024-12-06T23:41:00.152-0600] {logging_mixin.py:190} INFO - [2024-12-06T23:41:00.152-0600] {dagbag.py:588} INFO - Filling up the DagBag from /home/m9d9v9/PycharmProjects/Airflow-2/Airflow-2/.venv/lib/python3.10/site-packages/airflow/example_dags/example_trigger_controller_dag.py
[2024-12-06T23:41:00.163-0600] {processor.py:925} INFO - DAG(s) 'example_trigger_controller_dag' retrieved from /home/m9d9v9/PycharmProjects/Airflow-2/Airflow-2/.venv/lib/python3.10/site-packages/airflow/example_dags/example_trigger_controller_dag.py
[2024-12-06T23:41:00.180-0600] {logging_mixin.py:190} INFO - [2024-12-06T23:41:00.180-0600] {dag.py:3239} INFO - Sync 1 DAGs
[2024-12-06T23:41:00.197-0600] {logging_mixin.py:190} INFO - [2024-12-06T23:41:00.197-0600] {dag.py:4180} INFO - Setting next_dagrun for example_trigger_controller_dag to 2021-01-01 00:00:00+00:00, run_after=2021-01-01 00:00:00+00:00
[2024-12-06T23:41:00.210-0600] {processor.py:208} INFO - Processing /home/m9d9v9/PycharmProjects/Airflow-2/Airflow-2/.venv/lib/python3.10/site-packages/airflow/example_dags/example_trigger_controller_dag.py took 0.070 seconds
