[2024-12-06T22:19:16.779-0600] {processor.py:186} INFO - Started process (PID=12520) to work on /home/m9d9v9/PycharmProjects/Airflow-2/Airflow-2/.venv/lib/python3.10/site-packages/airflow/example_dags/example_dag_decorator.py
[2024-12-06T22:19:16.781-0600] {processor.py:914} INFO - Processing file /home/m9d9v9/PycharmProjects/Airflow-2/Airflow-2/.venv/lib/python3.10/site-packages/airflow/example_dags/example_dag_decorator.py for tasks to queue
[2024-12-06T22:19:16.785-0600] {logging_mixin.py:190} INFO - [2024-12-06T22:19:16.785-0600] {dagbag.py:588} INFO - Filling up the DagBag from /home/m9d9v9/PycharmProjects/Airflow-2/Airflow-2/.venv/lib/python3.10/site-packages/airflow/example_dags/example_dag_decorator.py
[2024-12-06T22:19:16.810-0600] {processor.py:925} INFO - DAG(s) 'example_dag_decorator' retrieved from /home/m9d9v9/PycharmProjects/Airflow-2/Airflow-2/.venv/lib/python3.10/site-packages/airflow/example_dags/example_dag_decorator.py
[2024-12-06T22:19:16.886-0600] {logging_mixin.py:190} INFO - [2024-12-06T22:19:16.885-0600] {override.py:1911} INFO - Created Permission View: can edit on DAG:example_dag_decorator
[2024-12-06T22:19:16.896-0600] {logging_mixin.py:190} INFO - [2024-12-06T22:19:16.895-0600] {override.py:1911} INFO - Created Permission View: can read on DAG:example_dag_decorator
[2024-12-06T22:19:16.902-0600] {logging_mixin.py:190} INFO - [2024-12-06T22:19:16.901-0600] {override.py:1911} INFO - Created Permission View: can delete on DAG:example_dag_decorator
[2024-12-06T22:19:16.910-0600] {logging_mixin.py:190} INFO - [2024-12-06T22:19:16.909-0600] {override.py:1911} INFO - Created Permission View: menu access on DAG Run:example_dag_decorator
[2024-12-06T22:19:16.916-0600] {logging_mixin.py:190} INFO - [2024-12-06T22:19:16.916-0600] {override.py:1911} INFO - Created Permission View: can create on DAG Run:example_dag_decorator
[2024-12-06T22:19:16.922-0600] {logging_mixin.py:190} INFO - [2024-12-06T22:19:16.922-0600] {override.py:1911} INFO - Created Permission View: can read on DAG Run:example_dag_decorator
[2024-12-06T22:19:16.926-0600] {logging_mixin.py:190} INFO - [2024-12-06T22:19:16.926-0600] {override.py:1911} INFO - Created Permission View: can delete on DAG Run:example_dag_decorator
[2024-12-06T22:19:16.927-0600] {logging_mixin.py:190} INFO - [2024-12-06T22:19:16.927-0600] {dag.py:3239} INFO - Sync 1 DAGs
[2024-12-06T22:19:16.934-0600] {logging_mixin.py:190} INFO - [2024-12-06T22:19:16.934-0600] {dag.py:3262} INFO - Creating ORM DAG for example_dag_decorator
[2024-12-06T22:19:16.935-0600] {logging_mixin.py:190} INFO - [2024-12-06T22:19:16.935-0600] {dag.py:4180} INFO - Setting next_dagrun for example_dag_decorator to None, run_after=None
[2024-12-06T22:19:16.947-0600] {processor.py:208} INFO - Processing /home/m9d9v9/PycharmProjects/Airflow-2/Airflow-2/.venv/lib/python3.10/site-packages/airflow/example_dags/example_dag_decorator.py took 0.182 seconds
[2024-12-06T22:20:14.549-0600] {processor.py:186} INFO - Started process (PID=12640) to work on /home/m9d9v9/PycharmProjects/Airflow-2/Airflow-2/.venv/lib/python3.10/site-packages/airflow/example_dags/example_dag_decorator.py
[2024-12-06T22:20:14.555-0600] {processor.py:914} INFO - Processing file /home/m9d9v9/PycharmProjects/Airflow-2/Airflow-2/.venv/lib/python3.10/site-packages/airflow/example_dags/example_dag_decorator.py for tasks to queue
[2024-12-06T22:20:14.558-0600] {logging_mixin.py:190} INFO - [2024-12-06T22:20:14.558-0600] {dagbag.py:588} INFO - Filling up the DagBag from /home/m9d9v9/PycharmProjects/Airflow-2/Airflow-2/.venv/lib/python3.10/site-packages/airflow/example_dags/example_dag_decorator.py
[2024-12-06T22:20:14.567-0600] {processor.py:925} INFO - DAG(s) 'example_dag_decorator' retrieved from /home/m9d9v9/PycharmProjects/Airflow-2/Airflow-2/.venv/lib/python3.10/site-packages/airflow/example_dags/example_dag_decorator.py
[2024-12-06T22:20:14.647-0600] {logging_mixin.py:190} INFO - [2024-12-06T22:20:14.647-0600] {dag.py:3239} INFO - Sync 1 DAGs
[2024-12-06T22:20:14.656-0600] {logging_mixin.py:190} INFO - [2024-12-06T22:20:14.656-0600] {dag.py:4180} INFO - Setting next_dagrun for example_dag_decorator to None, run_after=None
[2024-12-06T22:20:14.669-0600] {processor.py:208} INFO - Processing /home/m9d9v9/PycharmProjects/Airflow-2/Airflow-2/.venv/lib/python3.10/site-packages/airflow/example_dags/example_dag_decorator.py took 0.133 seconds
[2024-12-06T22:21:10.325-0600] {processor.py:186} INFO - Started process (PID=12715) to work on /home/m9d9v9/PycharmProjects/Airflow-2/Airflow-2/.venv/lib/python3.10/site-packages/airflow/example_dags/example_dag_decorator.py
[2024-12-06T22:21:10.332-0600] {processor.py:914} INFO - Processing file /home/m9d9v9/PycharmProjects/Airflow-2/Airflow-2/.venv/lib/python3.10/site-packages/airflow/example_dags/example_dag_decorator.py for tasks to queue
[2024-12-06T22:21:10.336-0600] {logging_mixin.py:190} INFO - [2024-12-06T22:21:10.335-0600] {dagbag.py:588} INFO - Filling up the DagBag from /home/m9d9v9/PycharmProjects/Airflow-2/Airflow-2/.venv/lib/python3.10/site-packages/airflow/example_dags/example_dag_decorator.py
[2024-12-06T22:21:10.359-0600] {processor.py:925} INFO - DAG(s) 'example_dag_decorator' retrieved from /home/m9d9v9/PycharmProjects/Airflow-2/Airflow-2/.venv/lib/python3.10/site-packages/airflow/example_dags/example_dag_decorator.py
[2024-12-06T22:21:10.427-0600] {logging_mixin.py:190} INFO - [2024-12-06T22:21:10.426-0600] {dag.py:3239} INFO - Sync 1 DAGs
[2024-12-06T22:21:10.433-0600] {logging_mixin.py:190} INFO - [2024-12-06T22:21:10.432-0600] {dag.py:4180} INFO - Setting next_dagrun for example_dag_decorator to None, run_after=None
[2024-12-06T22:21:10.446-0600] {processor.py:208} INFO - Processing /home/m9d9v9/PycharmProjects/Airflow-2/Airflow-2/.venv/lib/python3.10/site-packages/airflow/example_dags/example_dag_decorator.py took 0.128 seconds
[2024-12-06T22:22:30.253-0600] {processor.py:186} INFO - Started process (PID=12826) to work on /home/m9d9v9/PycharmProjects/Airflow-2/Airflow-2/.venv/lib/python3.10/site-packages/airflow/example_dags/example_dag_decorator.py
[2024-12-06T22:22:30.260-0600] {processor.py:914} INFO - Processing file /home/m9d9v9/PycharmProjects/Airflow-2/Airflow-2/.venv/lib/python3.10/site-packages/airflow/example_dags/example_dag_decorator.py for tasks to queue
[2024-12-06T22:22:30.265-0600] {logging_mixin.py:190} INFO - [2024-12-06T22:22:30.264-0600] {dagbag.py:588} INFO - Filling up the DagBag from /home/m9d9v9/PycharmProjects/Airflow-2/Airflow-2/.venv/lib/python3.10/site-packages/airflow/example_dags/example_dag_decorator.py
[2024-12-06T22:22:30.286-0600] {processor.py:925} INFO - DAG(s) 'example_dag_decorator' retrieved from /home/m9d9v9/PycharmProjects/Airflow-2/Airflow-2/.venv/lib/python3.10/site-packages/airflow/example_dags/example_dag_decorator.py
[2024-12-06T22:22:30.356-0600] {logging_mixin.py:190} INFO - [2024-12-06T22:22:30.355-0600] {dag.py:3239} INFO - Sync 1 DAGs
[2024-12-06T22:22:30.368-0600] {logging_mixin.py:190} INFO - [2024-12-06T22:22:30.368-0600] {dag.py:4180} INFO - Setting next_dagrun for example_dag_decorator to None, run_after=None
[2024-12-06T22:22:30.380-0600] {processor.py:208} INFO - Processing /home/m9d9v9/PycharmProjects/Airflow-2/Airflow-2/.venv/lib/python3.10/site-packages/airflow/example_dags/example_dag_decorator.py took 0.138 seconds
[2024-12-06T22:23:47.008-0600] {processor.py:186} INFO - Started process (PID=12981) to work on /home/m9d9v9/PycharmProjects/Airflow-2/Airflow-2/.venv/lib/python3.10/site-packages/airflow/example_dags/example_dag_decorator.py
[2024-12-06T22:23:47.014-0600] {processor.py:914} INFO - Processing file /home/m9d9v9/PycharmProjects/Airflow-2/Airflow-2/.venv/lib/python3.10/site-packages/airflow/example_dags/example_dag_decorator.py for tasks to queue
[2024-12-06T22:23:47.016-0600] {logging_mixin.py:190} INFO - [2024-12-06T22:23:47.015-0600] {dagbag.py:588} INFO - Filling up the DagBag from /home/m9d9v9/PycharmProjects/Airflow-2/Airflow-2/.venv/lib/python3.10/site-packages/airflow/example_dags/example_dag_decorator.py
[2024-12-06T22:23:47.028-0600] {processor.py:925} INFO - DAG(s) 'example_dag_decorator' retrieved from /home/m9d9v9/PycharmProjects/Airflow-2/Airflow-2/.venv/lib/python3.10/site-packages/airflow/example_dags/example_dag_decorator.py
[2024-12-06T22:23:47.097-0600] {logging_mixin.py:190} INFO - [2024-12-06T22:23:47.096-0600] {dag.py:3239} INFO - Sync 1 DAGs
[2024-12-06T22:23:47.105-0600] {logging_mixin.py:190} INFO - [2024-12-06T22:23:47.105-0600] {dag.py:4180} INFO - Setting next_dagrun for example_dag_decorator to None, run_after=None
[2024-12-06T22:23:47.118-0600] {processor.py:208} INFO - Processing /home/m9d9v9/PycharmProjects/Airflow-2/Airflow-2/.venv/lib/python3.10/site-packages/airflow/example_dags/example_dag_decorator.py took 0.115 seconds
[2024-12-06T22:24:44.814-0600] {processor.py:186} INFO - Started process (PID=13056) to work on /home/m9d9v9/PycharmProjects/Airflow-2/Airflow-2/.venv/lib/python3.10/site-packages/airflow/example_dags/example_dag_decorator.py
[2024-12-06T22:24:44.820-0600] {processor.py:914} INFO - Processing file /home/m9d9v9/PycharmProjects/Airflow-2/Airflow-2/.venv/lib/python3.10/site-packages/airflow/example_dags/example_dag_decorator.py for tasks to queue
[2024-12-06T22:24:44.822-0600] {logging_mixin.py:190} INFO - [2024-12-06T22:24:44.822-0600] {dagbag.py:588} INFO - Filling up the DagBag from /home/m9d9v9/PycharmProjects/Airflow-2/Airflow-2/.venv/lib/python3.10/site-packages/airflow/example_dags/example_dag_decorator.py
[2024-12-06T22:24:44.832-0600] {processor.py:925} INFO - DAG(s) 'example_dag_decorator' retrieved from /home/m9d9v9/PycharmProjects/Airflow-2/Airflow-2/.venv/lib/python3.10/site-packages/airflow/example_dags/example_dag_decorator.py
[2024-12-06T22:24:44.898-0600] {logging_mixin.py:190} INFO - [2024-12-06T22:24:44.898-0600] {dag.py:3239} INFO - Sync 1 DAGs
[2024-12-06T22:24:44.905-0600] {logging_mixin.py:190} INFO - [2024-12-06T22:24:44.905-0600] {dag.py:4180} INFO - Setting next_dagrun for example_dag_decorator to None, run_after=None
[2024-12-06T22:24:44.920-0600] {processor.py:208} INFO - Processing /home/m9d9v9/PycharmProjects/Airflow-2/Airflow-2/.venv/lib/python3.10/site-packages/airflow/example_dags/example_dag_decorator.py took 0.111 seconds
[2024-12-06T22:25:42.152-0600] {processor.py:186} INFO - Started process (PID=13142) to work on /home/m9d9v9/PycharmProjects/Airflow-2/Airflow-2/.venv/lib/python3.10/site-packages/airflow/example_dags/example_dag_decorator.py
[2024-12-06T22:25:42.159-0600] {processor.py:914} INFO - Processing file /home/m9d9v9/PycharmProjects/Airflow-2/Airflow-2/.venv/lib/python3.10/site-packages/airflow/example_dags/example_dag_decorator.py for tasks to queue
[2024-12-06T22:25:42.162-0600] {logging_mixin.py:190} INFO - [2024-12-06T22:25:42.161-0600] {dagbag.py:588} INFO - Filling up the DagBag from /home/m9d9v9/PycharmProjects/Airflow-2/Airflow-2/.venv/lib/python3.10/site-packages/airflow/example_dags/example_dag_decorator.py
[2024-12-06T22:25:42.186-0600] {processor.py:925} INFO - DAG(s) 'example_dag_decorator' retrieved from /home/m9d9v9/PycharmProjects/Airflow-2/Airflow-2/.venv/lib/python3.10/site-packages/airflow/example_dags/example_dag_decorator.py
[2024-12-06T22:25:42.255-0600] {logging_mixin.py:190} INFO - [2024-12-06T22:25:42.255-0600] {dag.py:3239} INFO - Sync 1 DAGs
[2024-12-06T22:25:42.262-0600] {logging_mixin.py:190} INFO - [2024-12-06T22:25:42.262-0600] {dag.py:4180} INFO - Setting next_dagrun for example_dag_decorator to None, run_after=None
[2024-12-06T22:25:42.275-0600] {processor.py:208} INFO - Processing /home/m9d9v9/PycharmProjects/Airflow-2/Airflow-2/.venv/lib/python3.10/site-packages/airflow/example_dags/example_dag_decorator.py took 0.135 seconds
[2024-12-06T22:26:38.867-0600] {processor.py:186} INFO - Started process (PID=13221) to work on /home/m9d9v9/PycharmProjects/Airflow-2/Airflow-2/.venv/lib/python3.10/site-packages/airflow/example_dags/example_dag_decorator.py
[2024-12-06T22:26:38.873-0600] {processor.py:914} INFO - Processing file /home/m9d9v9/PycharmProjects/Airflow-2/Airflow-2/.venv/lib/python3.10/site-packages/airflow/example_dags/example_dag_decorator.py for tasks to queue
[2024-12-06T22:26:38.876-0600] {logging_mixin.py:190} INFO - [2024-12-06T22:26:38.875-0600] {dagbag.py:588} INFO - Filling up the DagBag from /home/m9d9v9/PycharmProjects/Airflow-2/Airflow-2/.venv/lib/python3.10/site-packages/airflow/example_dags/example_dag_decorator.py
[2024-12-06T22:26:38.900-0600] {processor.py:925} INFO - DAG(s) 'example_dag_decorator' retrieved from /home/m9d9v9/PycharmProjects/Airflow-2/Airflow-2/.venv/lib/python3.10/site-packages/airflow/example_dags/example_dag_decorator.py
[2024-12-06T22:26:38.976-0600] {logging_mixin.py:190} INFO - [2024-12-06T22:26:38.976-0600] {dag.py:3239} INFO - Sync 1 DAGs
[2024-12-06T22:26:38.984-0600] {logging_mixin.py:190} INFO - [2024-12-06T22:26:38.983-0600] {dag.py:4180} INFO - Setting next_dagrun for example_dag_decorator to None, run_after=None
[2024-12-06T22:26:39.002-0600] {processor.py:208} INFO - Processing /home/m9d9v9/PycharmProjects/Airflow-2/Airflow-2/.venv/lib/python3.10/site-packages/airflow/example_dags/example_dag_decorator.py took 0.146 seconds
[2024-12-06T22:37:33.939-0600] {processor.py:186} INFO - Started process (PID=14661) to work on /home/m9d9v9/PycharmProjects/Airflow-2/Airflow-2/.venv/lib/python3.10/site-packages/airflow/example_dags/example_dag_decorator.py
[2024-12-06T22:37:33.946-0600] {processor.py:914} INFO - Processing file /home/m9d9v9/PycharmProjects/Airflow-2/Airflow-2/.venv/lib/python3.10/site-packages/airflow/example_dags/example_dag_decorator.py for tasks to queue
[2024-12-06T22:37:33.950-0600] {logging_mixin.py:190} INFO - [2024-12-06T22:37:33.950-0600] {dagbag.py:588} INFO - Filling up the DagBag from /home/m9d9v9/PycharmProjects/Airflow-2/Airflow-2/.venv/lib/python3.10/site-packages/airflow/example_dags/example_dag_decorator.py
[2024-12-06T22:37:33.976-0600] {processor.py:925} INFO - DAG(s) 'example_dag_decorator' retrieved from /home/m9d9v9/PycharmProjects/Airflow-2/Airflow-2/.venv/lib/python3.10/site-packages/airflow/example_dags/example_dag_decorator.py
[2024-12-06T22:37:34.048-0600] {logging_mixin.py:190} INFO - [2024-12-06T22:37:34.048-0600] {dag.py:3239} INFO - Sync 1 DAGs
[2024-12-06T22:37:34.055-0600] {logging_mixin.py:190} INFO - [2024-12-06T22:37:34.054-0600] {dag.py:4180} INFO - Setting next_dagrun for example_dag_decorator to None, run_after=None
[2024-12-06T22:37:34.066-0600] {processor.py:208} INFO - Processing /home/m9d9v9/PycharmProjects/Airflow-2/Airflow-2/.venv/lib/python3.10/site-packages/airflow/example_dags/example_dag_decorator.py took 0.140 seconds
[2024-12-06T22:38:31.916-0600] {processor.py:186} INFO - Started process (PID=14767) to work on /home/m9d9v9/PycharmProjects/Airflow-2/Airflow-2/.venv/lib/python3.10/site-packages/airflow/example_dags/example_dag_decorator.py
[2024-12-06T22:38:31.919-0600] {processor.py:914} INFO - Processing file /home/m9d9v9/PycharmProjects/Airflow-2/Airflow-2/.venv/lib/python3.10/site-packages/airflow/example_dags/example_dag_decorator.py for tasks to queue
[2024-12-06T22:38:31.923-0600] {logging_mixin.py:190} INFO - [2024-12-06T22:38:31.922-0600] {dagbag.py:588} INFO - Filling up the DagBag from /home/m9d9v9/PycharmProjects/Airflow-2/Airflow-2/.venv/lib/python3.10/site-packages/airflow/example_dags/example_dag_decorator.py
[2024-12-06T22:38:31.946-0600] {processor.py:925} INFO - DAG(s) 'example_dag_decorator' retrieved from /home/m9d9v9/PycharmProjects/Airflow-2/Airflow-2/.venv/lib/python3.10/site-packages/airflow/example_dags/example_dag_decorator.py
[2024-12-06T22:38:32.016-0600] {logging_mixin.py:190} INFO - [2024-12-06T22:38:32.016-0600] {dag.py:3239} INFO - Sync 1 DAGs
[2024-12-06T22:38:32.024-0600] {logging_mixin.py:190} INFO - [2024-12-06T22:38:32.024-0600] {dag.py:4180} INFO - Setting next_dagrun for example_dag_decorator to None, run_after=None
[2024-12-06T22:38:32.040-0600] {processor.py:208} INFO - Processing /home/m9d9v9/PycharmProjects/Airflow-2/Airflow-2/.venv/lib/python3.10/site-packages/airflow/example_dags/example_dag_decorator.py took 0.136 seconds
[2024-12-06T22:39:30.065-0600] {processor.py:186} INFO - Started process (PID=14936) to work on /home/m9d9v9/PycharmProjects/Airflow-2/Airflow-2/.venv/lib/python3.10/site-packages/airflow/example_dags/example_dag_decorator.py
[2024-12-06T22:39:30.072-0600] {processor.py:914} INFO - Processing file /home/m9d9v9/PycharmProjects/Airflow-2/Airflow-2/.venv/lib/python3.10/site-packages/airflow/example_dags/example_dag_decorator.py for tasks to queue
[2024-12-06T22:39:30.074-0600] {logging_mixin.py:190} INFO - [2024-12-06T22:39:30.074-0600] {dagbag.py:588} INFO - Filling up the DagBag from /home/m9d9v9/PycharmProjects/Airflow-2/Airflow-2/.venv/lib/python3.10/site-packages/airflow/example_dags/example_dag_decorator.py
[2024-12-06T22:39:30.086-0600] {processor.py:925} INFO - DAG(s) 'example_dag_decorator' retrieved from /home/m9d9v9/PycharmProjects/Airflow-2/Airflow-2/.venv/lib/python3.10/site-packages/airflow/example_dags/example_dag_decorator.py
[2024-12-06T22:39:30.170-0600] {logging_mixin.py:190} INFO - [2024-12-06T22:39:30.169-0600] {dag.py:3239} INFO - Sync 1 DAGs
[2024-12-06T22:39:30.185-0600] {logging_mixin.py:190} INFO - [2024-12-06T22:39:30.184-0600] {dag.py:4180} INFO - Setting next_dagrun for example_dag_decorator to None, run_after=None
[2024-12-06T22:39:30.201-0600] {processor.py:208} INFO - Processing /home/m9d9v9/PycharmProjects/Airflow-2/Airflow-2/.venv/lib/python3.10/site-packages/airflow/example_dags/example_dag_decorator.py took 0.142 seconds
[2024-12-06T22:40:29.746-0600] {processor.py:186} INFO - Started process (PID=15062) to work on /home/m9d9v9/PycharmProjects/Airflow-2/Airflow-2/.venv/lib/python3.10/site-packages/airflow/example_dags/example_dag_decorator.py
[2024-12-06T22:40:29.752-0600] {processor.py:914} INFO - Processing file /home/m9d9v9/PycharmProjects/Airflow-2/Airflow-2/.venv/lib/python3.10/site-packages/airflow/example_dags/example_dag_decorator.py for tasks to queue
[2024-12-06T22:40:29.755-0600] {logging_mixin.py:190} INFO - [2024-12-06T22:40:29.755-0600] {dagbag.py:588} INFO - Filling up the DagBag from /home/m9d9v9/PycharmProjects/Airflow-2/Airflow-2/.venv/lib/python3.10/site-packages/airflow/example_dags/example_dag_decorator.py
[2024-12-06T22:40:29.764-0600] {processor.py:925} INFO - DAG(s) 'example_dag_decorator' retrieved from /home/m9d9v9/PycharmProjects/Airflow-2/Airflow-2/.venv/lib/python3.10/site-packages/airflow/example_dags/example_dag_decorator.py
[2024-12-06T22:40:29.828-0600] {logging_mixin.py:190} INFO - [2024-12-06T22:40:29.828-0600] {dag.py:3239} INFO - Sync 1 DAGs
[2024-12-06T22:40:29.834-0600] {logging_mixin.py:190} INFO - [2024-12-06T22:40:29.834-0600] {dag.py:4180} INFO - Setting next_dagrun for example_dag_decorator to None, run_after=None
[2024-12-06T22:40:29.848-0600] {processor.py:208} INFO - Processing /home/m9d9v9/PycharmProjects/Airflow-2/Airflow-2/.venv/lib/python3.10/site-packages/airflow/example_dags/example_dag_decorator.py took 0.108 seconds
[2024-12-06T23:25:41.350-0600] {processor.py:186} INFO - Started process (PID=17339) to work on /home/m9d9v9/PycharmProjects/Airflow-2/Airflow-2/.venv/lib/python3.10/site-packages/airflow/example_dags/example_dag_decorator.py
[2024-12-06T23:25:41.352-0600] {processor.py:914} INFO - Processing file /home/m9d9v9/PycharmProjects/Airflow-2/Airflow-2/.venv/lib/python3.10/site-packages/airflow/example_dags/example_dag_decorator.py for tasks to queue
[2024-12-06T23:25:41.355-0600] {logging_mixin.py:190} INFO - [2024-12-06T23:25:41.354-0600] {dagbag.py:588} INFO - Filling up the DagBag from /home/m9d9v9/PycharmProjects/Airflow-2/Airflow-2/.venv/lib/python3.10/site-packages/airflow/example_dags/example_dag_decorator.py
[2024-12-06T23:25:41.378-0600] {processor.py:925} INFO - DAG(s) 'example_dag_decorator' retrieved from /home/m9d9v9/PycharmProjects/Airflow-2/Airflow-2/.venv/lib/python3.10/site-packages/airflow/example_dags/example_dag_decorator.py
[2024-12-06T23:25:41.440-0600] {logging_mixin.py:190} INFO - [2024-12-06T23:25:41.439-0600] {dag.py:3239} INFO - Sync 1 DAGs
[2024-12-06T23:25:41.446-0600] {logging_mixin.py:190} INFO - [2024-12-06T23:25:41.445-0600] {dag.py:4180} INFO - Setting next_dagrun for example_dag_decorator to None, run_after=None
[2024-12-06T23:25:41.457-0600] {processor.py:208} INFO - Processing /home/m9d9v9/PycharmProjects/Airflow-2/Airflow-2/.venv/lib/python3.10/site-packages/airflow/example_dags/example_dag_decorator.py took 0.119 seconds
[2024-12-06T23:26:39.042-0600] {processor.py:186} INFO - Started process (PID=17423) to work on /home/m9d9v9/PycharmProjects/Airflow-2/Airflow-2/.venv/lib/python3.10/site-packages/airflow/example_dags/example_dag_decorator.py
[2024-12-06T23:26:39.048-0600] {processor.py:914} INFO - Processing file /home/m9d9v9/PycharmProjects/Airflow-2/Airflow-2/.venv/lib/python3.10/site-packages/airflow/example_dags/example_dag_decorator.py for tasks to queue
[2024-12-06T23:26:39.050-0600] {logging_mixin.py:190} INFO - [2024-12-06T23:26:39.049-0600] {dagbag.py:588} INFO - Filling up the DagBag from /home/m9d9v9/PycharmProjects/Airflow-2/Airflow-2/.venv/lib/python3.10/site-packages/airflow/example_dags/example_dag_decorator.py
[2024-12-06T23:26:39.070-0600] {processor.py:925} INFO - DAG(s) 'example_dag_decorator' retrieved from /home/m9d9v9/PycharmProjects/Airflow-2/Airflow-2/.venv/lib/python3.10/site-packages/airflow/example_dags/example_dag_decorator.py
[2024-12-06T23:26:39.235-0600] {logging_mixin.py:190} INFO - [2024-12-06T23:26:39.235-0600] {dag.py:3239} INFO - Sync 1 DAGs
[2024-12-06T23:26:39.241-0600] {logging_mixin.py:190} INFO - [2024-12-06T23:26:39.241-0600] {dag.py:4180} INFO - Setting next_dagrun for example_dag_decorator to None, run_after=None
[2024-12-06T23:26:39.257-0600] {processor.py:208} INFO - Processing /home/m9d9v9/PycharmProjects/Airflow-2/Airflow-2/.venv/lib/python3.10/site-packages/airflow/example_dags/example_dag_decorator.py took 0.225 seconds
[2024-12-06T23:27:35.996-0600] {processor.py:186} INFO - Started process (PID=17495) to work on /home/m9d9v9/PycharmProjects/Airflow-2/Airflow-2/.venv/lib/python3.10/site-packages/airflow/example_dags/example_dag_decorator.py
[2024-12-06T23:27:36.002-0600] {processor.py:914} INFO - Processing file /home/m9d9v9/PycharmProjects/Airflow-2/Airflow-2/.venv/lib/python3.10/site-packages/airflow/example_dags/example_dag_decorator.py for tasks to queue
[2024-12-06T23:27:36.003-0600] {logging_mixin.py:190} INFO - [2024-12-06T23:27:36.002-0600] {dagbag.py:588} INFO - Filling up the DagBag from /home/m9d9v9/PycharmProjects/Airflow-2/Airflow-2/.venv/lib/python3.10/site-packages/airflow/example_dags/example_dag_decorator.py
[2024-12-06T23:27:36.010-0600] {processor.py:925} INFO - DAG(s) 'example_dag_decorator' retrieved from /home/m9d9v9/PycharmProjects/Airflow-2/Airflow-2/.venv/lib/python3.10/site-packages/airflow/example_dags/example_dag_decorator.py
[2024-12-06T23:27:36.163-0600] {logging_mixin.py:190} INFO - [2024-12-06T23:27:36.163-0600] {dag.py:3239} INFO - Sync 1 DAGs
[2024-12-06T23:27:36.169-0600] {logging_mixin.py:190} INFO - [2024-12-06T23:27:36.169-0600] {dag.py:4180} INFO - Setting next_dagrun for example_dag_decorator to None, run_after=None
[2024-12-06T23:27:36.180-0600] {processor.py:208} INFO - Processing /home/m9d9v9/PycharmProjects/Airflow-2/Airflow-2/.venv/lib/python3.10/site-packages/airflow/example_dags/example_dag_decorator.py took 0.188 seconds
[2024-12-06T23:28:33.877-0600] {processor.py:186} INFO - Started process (PID=17596) to work on /home/m9d9v9/PycharmProjects/Airflow-2/Airflow-2/.venv/lib/python3.10/site-packages/airflow/example_dags/example_dag_decorator.py
[2024-12-06T23:28:33.878-0600] {processor.py:914} INFO - Processing file /home/m9d9v9/PycharmProjects/Airflow-2/Airflow-2/.venv/lib/python3.10/site-packages/airflow/example_dags/example_dag_decorator.py for tasks to queue
[2024-12-06T23:28:33.879-0600] {logging_mixin.py:190} INFO - [2024-12-06T23:28:33.878-0600] {dagbag.py:588} INFO - Filling up the DagBag from /home/m9d9v9/PycharmProjects/Airflow-2/Airflow-2/.venv/lib/python3.10/site-packages/airflow/example_dags/example_dag_decorator.py
[2024-12-06T23:28:33.894-0600] {processor.py:925} INFO - DAG(s) 'example_dag_decorator' retrieved from /home/m9d9v9/PycharmProjects/Airflow-2/Airflow-2/.venv/lib/python3.10/site-packages/airflow/example_dags/example_dag_decorator.py
[2024-12-06T23:28:33.978-0600] {logging_mixin.py:190} INFO - [2024-12-06T23:28:33.977-0600] {dag.py:3239} INFO - Sync 1 DAGs
[2024-12-06T23:28:34.122-0600] {logging_mixin.py:190} INFO - [2024-12-06T23:28:34.122-0600] {dag.py:4180} INFO - Setting next_dagrun for example_dag_decorator to None, run_after=None
[2024-12-06T23:28:34.135-0600] {processor.py:208} INFO - Processing /home/m9d9v9/PycharmProjects/Airflow-2/Airflow-2/.venv/lib/python3.10/site-packages/airflow/example_dags/example_dag_decorator.py took 0.266 seconds
[2024-12-06T23:29:30.860-0600] {processor.py:186} INFO - Started process (PID=17742) to work on /home/m9d9v9/PycharmProjects/Airflow-2/Airflow-2/.venv/lib/python3.10/site-packages/airflow/example_dags/example_dag_decorator.py
[2024-12-06T23:29:30.866-0600] {processor.py:914} INFO - Processing file /home/m9d9v9/PycharmProjects/Airflow-2/Airflow-2/.venv/lib/python3.10/site-packages/airflow/example_dags/example_dag_decorator.py for tasks to queue
[2024-12-06T23:29:30.868-0600] {logging_mixin.py:190} INFO - [2024-12-06T23:29:30.868-0600] {dagbag.py:588} INFO - Filling up the DagBag from /home/m9d9v9/PycharmProjects/Airflow-2/Airflow-2/.venv/lib/python3.10/site-packages/airflow/example_dags/example_dag_decorator.py
[2024-12-06T23:29:30.889-0600] {processor.py:925} INFO - DAG(s) 'example_dag_decorator' retrieved from /home/m9d9v9/PycharmProjects/Airflow-2/Airflow-2/.venv/lib/python3.10/site-packages/airflow/example_dags/example_dag_decorator.py
[2024-12-06T23:29:30.958-0600] {logging_mixin.py:190} INFO - [2024-12-06T23:29:30.958-0600] {dag.py:3239} INFO - Sync 1 DAGs
[2024-12-06T23:29:31.060-0600] {logging_mixin.py:190} INFO - [2024-12-06T23:29:31.059-0600] {dag.py:4180} INFO - Setting next_dagrun for example_dag_decorator to None, run_after=None
[2024-12-06T23:29:31.077-0600] {processor.py:208} INFO - Processing /home/m9d9v9/PycharmProjects/Airflow-2/Airflow-2/.venv/lib/python3.10/site-packages/airflow/example_dags/example_dag_decorator.py took 0.225 seconds
[2024-12-06T23:30:26.390-0600] {processor.py:186} INFO - Started process (PID=17853) to work on /home/m9d9v9/PycharmProjects/Airflow-2/Airflow-2/.venv/lib/python3.10/site-packages/airflow/example_dags/example_dag_decorator.py
[2024-12-06T23:30:26.397-0600] {processor.py:914} INFO - Processing file /home/m9d9v9/PycharmProjects/Airflow-2/Airflow-2/.venv/lib/python3.10/site-packages/airflow/example_dags/example_dag_decorator.py for tasks to queue
[2024-12-06T23:30:26.399-0600] {logging_mixin.py:190} INFO - [2024-12-06T23:30:26.398-0600] {dagbag.py:588} INFO - Filling up the DagBag from /home/m9d9v9/PycharmProjects/Airflow-2/Airflow-2/.venv/lib/python3.10/site-packages/airflow/example_dags/example_dag_decorator.py
[2024-12-06T23:30:26.422-0600] {processor.py:925} INFO - DAG(s) 'example_dag_decorator' retrieved from /home/m9d9v9/PycharmProjects/Airflow-2/Airflow-2/.venv/lib/python3.10/site-packages/airflow/example_dags/example_dag_decorator.py
[2024-12-06T23:30:26.581-0600] {logging_mixin.py:190} INFO - [2024-12-06T23:30:26.581-0600] {dag.py:3239} INFO - Sync 1 DAGs
[2024-12-06T23:30:26.586-0600] {logging_mixin.py:190} INFO - [2024-12-06T23:30:26.586-0600] {dag.py:4180} INFO - Setting next_dagrun for example_dag_decorator to None, run_after=None
[2024-12-06T23:30:26.603-0600] {processor.py:208} INFO - Processing /home/m9d9v9/PycharmProjects/Airflow-2/Airflow-2/.venv/lib/python3.10/site-packages/airflow/example_dags/example_dag_decorator.py took 0.223 seconds
[2024-12-06T23:31:23.572-0600] {processor.py:186} INFO - Started process (PID=17931) to work on /home/m9d9v9/PycharmProjects/Airflow-2/Airflow-2/.venv/lib/python3.10/site-packages/airflow/example_dags/example_dag_decorator.py
[2024-12-06T23:31:23.578-0600] {processor.py:914} INFO - Processing file /home/m9d9v9/PycharmProjects/Airflow-2/Airflow-2/.venv/lib/python3.10/site-packages/airflow/example_dags/example_dag_decorator.py for tasks to queue
[2024-12-06T23:31:23.579-0600] {logging_mixin.py:190} INFO - [2024-12-06T23:31:23.579-0600] {dagbag.py:588} INFO - Filling up the DagBag from /home/m9d9v9/PycharmProjects/Airflow-2/Airflow-2/.venv/lib/python3.10/site-packages/airflow/example_dags/example_dag_decorator.py
[2024-12-06T23:31:23.587-0600] {processor.py:925} INFO - DAG(s) 'example_dag_decorator' retrieved from /home/m9d9v9/PycharmProjects/Airflow-2/Airflow-2/.venv/lib/python3.10/site-packages/airflow/example_dags/example_dag_decorator.py
[2024-12-06T23:31:23.730-0600] {logging_mixin.py:190} INFO - [2024-12-06T23:31:23.730-0600] {dag.py:3239} INFO - Sync 1 DAGs
[2024-12-06T23:31:23.735-0600] {logging_mixin.py:190} INFO - [2024-12-06T23:31:23.735-0600] {dag.py:4180} INFO - Setting next_dagrun for example_dag_decorator to None, run_after=None
[2024-12-06T23:31:23.753-0600] {processor.py:208} INFO - Processing /home/m9d9v9/PycharmProjects/Airflow-2/Airflow-2/.venv/lib/python3.10/site-packages/airflow/example_dags/example_dag_decorator.py took 0.186 seconds
[2024-12-06T23:32:21.737-0600] {processor.py:186} INFO - Started process (PID=18042) to work on /home/m9d9v9/PycharmProjects/Airflow-2/Airflow-2/.venv/lib/python3.10/site-packages/airflow/example_dags/example_dag_decorator.py
[2024-12-06T23:32:21.744-0600] {processor.py:914} INFO - Processing file /home/m9d9v9/PycharmProjects/Airflow-2/Airflow-2/.venv/lib/python3.10/site-packages/airflow/example_dags/example_dag_decorator.py for tasks to queue
[2024-12-06T23:32:21.746-0600] {logging_mixin.py:190} INFO - [2024-12-06T23:32:21.745-0600] {dagbag.py:588} INFO - Filling up the DagBag from /home/m9d9v9/PycharmProjects/Airflow-2/Airflow-2/.venv/lib/python3.10/site-packages/airflow/example_dags/example_dag_decorator.py
[2024-12-06T23:32:21.767-0600] {processor.py:925} INFO - DAG(s) 'example_dag_decorator' retrieved from /home/m9d9v9/PycharmProjects/Airflow-2/Airflow-2/.venv/lib/python3.10/site-packages/airflow/example_dags/example_dag_decorator.py
[2024-12-06T23:32:21.924-0600] {logging_mixin.py:190} INFO - [2024-12-06T23:32:21.923-0600] {dag.py:3239} INFO - Sync 1 DAGs
[2024-12-06T23:32:21.929-0600] {logging_mixin.py:190} INFO - [2024-12-06T23:32:21.929-0600] {dag.py:4180} INFO - Setting next_dagrun for example_dag_decorator to None, run_after=None
[2024-12-06T23:32:21.945-0600] {processor.py:208} INFO - Processing /home/m9d9v9/PycharmProjects/Airflow-2/Airflow-2/.venv/lib/python3.10/site-packages/airflow/example_dags/example_dag_decorator.py took 0.220 seconds
[2024-12-06T23:33:18.809-0600] {processor.py:186} INFO - Started process (PID=18110) to work on /home/m9d9v9/PycharmProjects/Airflow-2/Airflow-2/.venv/lib/python3.10/site-packages/airflow/example_dags/example_dag_decorator.py
[2024-12-06T23:33:18.816-0600] {processor.py:914} INFO - Processing file /home/m9d9v9/PycharmProjects/Airflow-2/Airflow-2/.venv/lib/python3.10/site-packages/airflow/example_dags/example_dag_decorator.py for tasks to queue
[2024-12-06T23:33:18.819-0600] {logging_mixin.py:190} INFO - [2024-12-06T23:33:18.818-0600] {dagbag.py:588} INFO - Filling up the DagBag from /home/m9d9v9/PycharmProjects/Airflow-2/Airflow-2/.venv/lib/python3.10/site-packages/airflow/example_dags/example_dag_decorator.py
[2024-12-06T23:33:18.841-0600] {processor.py:925} INFO - DAG(s) 'example_dag_decorator' retrieved from /home/m9d9v9/PycharmProjects/Airflow-2/Airflow-2/.venv/lib/python3.10/site-packages/airflow/example_dags/example_dag_decorator.py
[2024-12-06T23:33:19.004-0600] {logging_mixin.py:190} INFO - [2024-12-06T23:33:19.004-0600] {dag.py:3239} INFO - Sync 1 DAGs
[2024-12-06T23:33:19.010-0600] {logging_mixin.py:190} INFO - [2024-12-06T23:33:19.010-0600] {dag.py:4180} INFO - Setting next_dagrun for example_dag_decorator to None, run_after=None
[2024-12-06T23:33:19.026-0600] {processor.py:208} INFO - Processing /home/m9d9v9/PycharmProjects/Airflow-2/Airflow-2/.venv/lib/python3.10/site-packages/airflow/example_dags/example_dag_decorator.py took 0.227 seconds
[2024-12-06T23:34:14.651-0600] {processor.py:186} INFO - Started process (PID=18180) to work on /home/m9d9v9/PycharmProjects/Airflow-2/Airflow-2/.venv/lib/python3.10/site-packages/airflow/example_dags/example_dag_decorator.py
[2024-12-06T23:34:14.658-0600] {processor.py:914} INFO - Processing file /home/m9d9v9/PycharmProjects/Airflow-2/Airflow-2/.venv/lib/python3.10/site-packages/airflow/example_dags/example_dag_decorator.py for tasks to queue
[2024-12-06T23:34:14.660-0600] {logging_mixin.py:190} INFO - [2024-12-06T23:34:14.660-0600] {dagbag.py:588} INFO - Filling up the DagBag from /home/m9d9v9/PycharmProjects/Airflow-2/Airflow-2/.venv/lib/python3.10/site-packages/airflow/example_dags/example_dag_decorator.py
[2024-12-06T23:34:14.684-0600] {processor.py:925} INFO - DAG(s) 'example_dag_decorator' retrieved from /home/m9d9v9/PycharmProjects/Airflow-2/Airflow-2/.venv/lib/python3.10/site-packages/airflow/example_dags/example_dag_decorator.py
[2024-12-06T23:34:14.855-0600] {logging_mixin.py:190} INFO - [2024-12-06T23:34:14.855-0600] {dag.py:3239} INFO - Sync 1 DAGs
[2024-12-06T23:34:14.861-0600] {logging_mixin.py:190} INFO - [2024-12-06T23:34:14.861-0600] {dag.py:4180} INFO - Setting next_dagrun for example_dag_decorator to None, run_after=None
[2024-12-06T23:34:14.877-0600] {processor.py:208} INFO - Processing /home/m9d9v9/PycharmProjects/Airflow-2/Airflow-2/.venv/lib/python3.10/site-packages/airflow/example_dags/example_dag_decorator.py took 0.238 seconds
[2024-12-06T23:35:16.002-0600] {processor.py:186} INFO - Started process (PID=18314) to work on /home/m9d9v9/PycharmProjects/Airflow-2/Airflow-2/.venv/lib/python3.10/site-packages/airflow/example_dags/example_dag_decorator.py
[2024-12-06T23:35:16.009-0600] {processor.py:914} INFO - Processing file /home/m9d9v9/PycharmProjects/Airflow-2/Airflow-2/.venv/lib/python3.10/site-packages/airflow/example_dags/example_dag_decorator.py for tasks to queue
[2024-12-06T23:35:16.011-0600] {logging_mixin.py:190} INFO - [2024-12-06T23:35:16.011-0600] {dagbag.py:588} INFO - Filling up the DagBag from /home/m9d9v9/PycharmProjects/Airflow-2/Airflow-2/.venv/lib/python3.10/site-packages/airflow/example_dags/example_dag_decorator.py
[2024-12-06T23:35:16.035-0600] {processor.py:925} INFO - DAG(s) 'example_dag_decorator' retrieved from /home/m9d9v9/PycharmProjects/Airflow-2/Airflow-2/.venv/lib/python3.10/site-packages/airflow/example_dags/example_dag_decorator.py
[2024-12-06T23:35:16.189-0600] {logging_mixin.py:190} INFO - [2024-12-06T23:35:16.188-0600] {dag.py:3239} INFO - Sync 1 DAGs
[2024-12-06T23:35:16.194-0600] {logging_mixin.py:190} INFO - [2024-12-06T23:35:16.194-0600] {dag.py:4180} INFO - Setting next_dagrun for example_dag_decorator to None, run_after=None
[2024-12-06T23:35:16.211-0600] {processor.py:208} INFO - Processing /home/m9d9v9/PycharmProjects/Airflow-2/Airflow-2/.venv/lib/python3.10/site-packages/airflow/example_dags/example_dag_decorator.py took 0.221 seconds
[2024-12-06T23:36:19.357-0600] {processor.py:186} INFO - Started process (PID=18387) to work on /home/m9d9v9/PycharmProjects/Airflow-2/Airflow-2/.venv/lib/python3.10/site-packages/airflow/example_dags/example_dag_decorator.py
[2024-12-06T23:36:19.364-0600] {processor.py:914} INFO - Processing file /home/m9d9v9/PycharmProjects/Airflow-2/Airflow-2/.venv/lib/python3.10/site-packages/airflow/example_dags/example_dag_decorator.py for tasks to queue
[2024-12-06T23:36:19.367-0600] {logging_mixin.py:190} INFO - [2024-12-06T23:36:19.366-0600] {dagbag.py:588} INFO - Filling up the DagBag from /home/m9d9v9/PycharmProjects/Airflow-2/Airflow-2/.venv/lib/python3.10/site-packages/airflow/example_dags/example_dag_decorator.py
[2024-12-06T23:36:19.389-0600] {processor.py:925} INFO - DAG(s) 'example_dag_decorator' retrieved from /home/m9d9v9/PycharmProjects/Airflow-2/Airflow-2/.venv/lib/python3.10/site-packages/airflow/example_dags/example_dag_decorator.py
[2024-12-06T23:36:19.546-0600] {logging_mixin.py:190} INFO - [2024-12-06T23:36:19.546-0600] {dag.py:3239} INFO - Sync 1 DAGs
[2024-12-06T23:36:19.551-0600] {logging_mixin.py:190} INFO - [2024-12-06T23:36:19.551-0600] {dag.py:4180} INFO - Setting next_dagrun for example_dag_decorator to None, run_after=None
[2024-12-06T23:36:19.569-0600] {processor.py:208} INFO - Processing /home/m9d9v9/PycharmProjects/Airflow-2/Airflow-2/.venv/lib/python3.10/site-packages/airflow/example_dags/example_dag_decorator.py took 0.222 seconds
[2024-12-06T23:37:20.687-0600] {processor.py:186} INFO - Started process (PID=18663) to work on /home/m9d9v9/PycharmProjects/Airflow-2/Airflow-2/.venv/lib/python3.10/site-packages/airflow/example_dags/example_dag_decorator.py
[2024-12-06T23:37:20.694-0600] {processor.py:914} INFO - Processing file /home/m9d9v9/PycharmProjects/Airflow-2/Airflow-2/.venv/lib/python3.10/site-packages/airflow/example_dags/example_dag_decorator.py for tasks to queue
[2024-12-06T23:37:20.696-0600] {logging_mixin.py:190} INFO - [2024-12-06T23:37:20.696-0600] {dagbag.py:588} INFO - Filling up the DagBag from /home/m9d9v9/PycharmProjects/Airflow-2/Airflow-2/.venv/lib/python3.10/site-packages/airflow/example_dags/example_dag_decorator.py
[2024-12-06T23:37:20.718-0600] {processor.py:925} INFO - DAG(s) 'example_dag_decorator' retrieved from /home/m9d9v9/PycharmProjects/Airflow-2/Airflow-2/.venv/lib/python3.10/site-packages/airflow/example_dags/example_dag_decorator.py
[2024-12-06T23:37:20.881-0600] {logging_mixin.py:190} INFO - [2024-12-06T23:37:20.881-0600] {dag.py:3239} INFO - Sync 1 DAGs
[2024-12-06T23:37:20.886-0600] {logging_mixin.py:190} INFO - [2024-12-06T23:37:20.886-0600] {dag.py:4180} INFO - Setting next_dagrun for example_dag_decorator to None, run_after=None
[2024-12-06T23:37:20.897-0600] {processor.py:208} INFO - Processing /home/m9d9v9/PycharmProjects/Airflow-2/Airflow-2/.venv/lib/python3.10/site-packages/airflow/example_dags/example_dag_decorator.py took 0.222 seconds
[2024-12-06T23:38:21.235-0600] {processor.py:186} INFO - Started process (PID=18793) to work on /home/m9d9v9/PycharmProjects/Airflow-2/Airflow-2/.venv/lib/python3.10/site-packages/airflow/example_dags/example_dag_decorator.py
[2024-12-06T23:38:21.242-0600] {processor.py:914} INFO - Processing file /home/m9d9v9/PycharmProjects/Airflow-2/Airflow-2/.venv/lib/python3.10/site-packages/airflow/example_dags/example_dag_decorator.py for tasks to queue
[2024-12-06T23:38:21.244-0600] {logging_mixin.py:190} INFO - [2024-12-06T23:38:21.243-0600] {dagbag.py:588} INFO - Filling up the DagBag from /home/m9d9v9/PycharmProjects/Airflow-2/Airflow-2/.venv/lib/python3.10/site-packages/airflow/example_dags/example_dag_decorator.py
[2024-12-06T23:38:21.268-0600] {processor.py:925} INFO - DAG(s) 'example_dag_decorator' retrieved from /home/m9d9v9/PycharmProjects/Airflow-2/Airflow-2/.venv/lib/python3.10/site-packages/airflow/example_dags/example_dag_decorator.py
[2024-12-06T23:38:21.333-0600] {logging_mixin.py:190} INFO - [2024-12-06T23:38:21.332-0600] {dag.py:3239} INFO - Sync 1 DAGs
[2024-12-06T23:38:21.339-0600] {logging_mixin.py:190} INFO - [2024-12-06T23:38:21.338-0600] {dag.py:4180} INFO - Setting next_dagrun for example_dag_decorator to None, run_after=None
[2024-12-06T23:38:21.349-0600] {processor.py:208} INFO - Processing /home/m9d9v9/PycharmProjects/Airflow-2/Airflow-2/.venv/lib/python3.10/site-packages/airflow/example_dags/example_dag_decorator.py took 0.126 seconds
[2024-12-06T23:39:26.924-0600] {processor.py:186} INFO - Started process (PID=19051) to work on /home/m9d9v9/PycharmProjects/Airflow-2/Airflow-2/.venv/lib/python3.10/site-packages/airflow/example_dags/example_dag_decorator.py
[2024-12-06T23:39:26.931-0600] {processor.py:914} INFO - Processing file /home/m9d9v9/PycharmProjects/Airflow-2/Airflow-2/.venv/lib/python3.10/site-packages/airflow/example_dags/example_dag_decorator.py for tasks to queue
[2024-12-06T23:39:26.933-0600] {logging_mixin.py:190} INFO - [2024-12-06T23:39:26.933-0600] {dagbag.py:588} INFO - Filling up the DagBag from /home/m9d9v9/PycharmProjects/Airflow-2/Airflow-2/.venv/lib/python3.10/site-packages/airflow/example_dags/example_dag_decorator.py
[2024-12-06T23:39:26.954-0600] {processor.py:925} INFO - DAG(s) 'example_dag_decorator' retrieved from /home/m9d9v9/PycharmProjects/Airflow-2/Airflow-2/.venv/lib/python3.10/site-packages/airflow/example_dags/example_dag_decorator.py
[2024-12-06T23:39:27.026-0600] {logging_mixin.py:190} INFO - [2024-12-06T23:39:27.026-0600] {dag.py:3239} INFO - Sync 1 DAGs
[2024-12-06T23:39:27.033-0600] {logging_mixin.py:190} INFO - [2024-12-06T23:39:27.032-0600] {dag.py:4180} INFO - Setting next_dagrun for example_dag_decorator to None, run_after=None
[2024-12-06T23:39:27.044-0600] {processor.py:208} INFO - Processing /home/m9d9v9/PycharmProjects/Airflow-2/Airflow-2/.venv/lib/python3.10/site-packages/airflow/example_dags/example_dag_decorator.py took 0.131 seconds
[2024-12-06T23:40:24.035-0600] {processor.py:186} INFO - Started process (PID=19234) to work on /home/m9d9v9/PycharmProjects/Airflow-2/Airflow-2/.venv/lib/python3.10/site-packages/airflow/example_dags/example_dag_decorator.py
[2024-12-06T23:40:24.036-0600] {processor.py:914} INFO - Processing file /home/m9d9v9/PycharmProjects/Airflow-2/Airflow-2/.venv/lib/python3.10/site-packages/airflow/example_dags/example_dag_decorator.py for tasks to queue
[2024-12-06T23:40:24.038-0600] {logging_mixin.py:190} INFO - [2024-12-06T23:40:24.037-0600] {dagbag.py:588} INFO - Filling up the DagBag from /home/m9d9v9/PycharmProjects/Airflow-2/Airflow-2/.venv/lib/python3.10/site-packages/airflow/example_dags/example_dag_decorator.py
[2024-12-06T23:40:24.051-0600] {processor.py:925} INFO - DAG(s) 'example_dag_decorator' retrieved from /home/m9d9v9/PycharmProjects/Airflow-2/Airflow-2/.venv/lib/python3.10/site-packages/airflow/example_dags/example_dag_decorator.py
[2024-12-06T23:40:24.124-0600] {logging_mixin.py:190} INFO - [2024-12-06T23:40:24.123-0600] {dag.py:3239} INFO - Sync 1 DAGs
[2024-12-06T23:40:24.131-0600] {logging_mixin.py:190} INFO - [2024-12-06T23:40:24.131-0600] {dag.py:4180} INFO - Setting next_dagrun for example_dag_decorator to None, run_after=None
[2024-12-06T23:40:24.145-0600] {processor.py:208} INFO - Processing /home/m9d9v9/PycharmProjects/Airflow-2/Airflow-2/.venv/lib/python3.10/site-packages/airflow/example_dags/example_dag_decorator.py took 0.117 seconds
[2024-12-06T23:41:20.629-0600] {processor.py:186} INFO - Started process (PID=19331) to work on /home/m9d9v9/PycharmProjects/Airflow-2/Airflow-2/.venv/lib/python3.10/site-packages/airflow/example_dags/example_dag_decorator.py
[2024-12-06T23:41:20.630-0600] {processor.py:914} INFO - Processing file /home/m9d9v9/PycharmProjects/Airflow-2/Airflow-2/.venv/lib/python3.10/site-packages/airflow/example_dags/example_dag_decorator.py for tasks to queue
[2024-12-06T23:41:20.631-0600] {logging_mixin.py:190} INFO - [2024-12-06T23:41:20.631-0600] {dagbag.py:588} INFO - Filling up the DagBag from /home/m9d9v9/PycharmProjects/Airflow-2/Airflow-2/.venv/lib/python3.10/site-packages/airflow/example_dags/example_dag_decorator.py
[2024-12-06T23:41:20.647-0600] {processor.py:925} INFO - DAG(s) 'example_dag_decorator' retrieved from /home/m9d9v9/PycharmProjects/Airflow-2/Airflow-2/.venv/lib/python3.10/site-packages/airflow/example_dags/example_dag_decorator.py
[2024-12-06T23:41:20.726-0600] {logging_mixin.py:190} INFO - [2024-12-06T23:41:20.726-0600] {dag.py:3239} INFO - Sync 1 DAGs
[2024-12-06T23:41:20.736-0600] {logging_mixin.py:190} INFO - [2024-12-06T23:41:20.735-0600] {dag.py:4180} INFO - Setting next_dagrun for example_dag_decorator to None, run_after=None
[2024-12-06T23:41:20.755-0600] {processor.py:208} INFO - Processing /home/m9d9v9/PycharmProjects/Airflow-2/Airflow-2/.venv/lib/python3.10/site-packages/airflow/example_dags/example_dag_decorator.py took 0.131 seconds
