[2024-12-06T22:18:35.909-0600] {processor.py:186} INFO - Started process (PID=12473) to work on /home/m9d9v9/PycharmProjects/Airflow-2/Airflow-2/.venv/lib/python3.10/site-packages/airflow/example_dags/example_setup_teardown.py
[2024-12-06T22:18:35.910-0600] {processor.py:914} INFO - Processing file /home/m9d9v9/PycharmProjects/Airflow-2/Airflow-2/.venv/lib/python3.10/site-packages/airflow/example_dags/example_setup_teardown.py for tasks to queue
[2024-12-06T22:18:35.912-0600] {logging_mixin.py:190} INFO - [2024-12-06T22:18:35.911-0600] {dagbag.py:588} INFO - Filling up the DagBag from /home/m9d9v9/PycharmProjects/Airflow-2/Airflow-2/.venv/lib/python3.10/site-packages/airflow/example_dags/example_setup_teardown.py
[2024-12-06T22:18:35.920-0600] {processor.py:925} INFO - DAG(s) 'example_setup_teardown' retrieved from /home/m9d9v9/PycharmProjects/Airflow-2/Airflow-2/.venv/lib/python3.10/site-packages/airflow/example_dags/example_setup_teardown.py
[2024-12-06T22:18:35.989-0600] {logging_mixin.py:190} INFO - [2024-12-06T22:18:35.988-0600] {override.py:1911} INFO - Created Permission View: can edit on DAG:example_setup_teardown
[2024-12-06T22:18:35.996-0600] {logging_mixin.py:190} INFO - [2024-12-06T22:18:35.996-0600] {override.py:1911} INFO - Created Permission View: can read on DAG:example_setup_teardown
[2024-12-06T22:18:36.002-0600] {logging_mixin.py:190} INFO - [2024-12-06T22:18:36.002-0600] {override.py:1911} INFO - Created Permission View: can delete on DAG:example_setup_teardown
[2024-12-06T22:18:36.011-0600] {logging_mixin.py:190} INFO - [2024-12-06T22:18:36.011-0600] {override.py:1911} INFO - Created Permission View: menu access on DAG Run:example_setup_teardown
[2024-12-06T22:18:36.016-0600] {logging_mixin.py:190} INFO - [2024-12-06T22:18:36.016-0600] {override.py:1911} INFO - Created Permission View: can create on DAG Run:example_setup_teardown
[2024-12-06T22:18:36.021-0600] {logging_mixin.py:190} INFO - [2024-12-06T22:18:36.020-0600] {override.py:1911} INFO - Created Permission View: can read on DAG Run:example_setup_teardown
[2024-12-06T22:18:36.026-0600] {logging_mixin.py:190} INFO - [2024-12-06T22:18:36.026-0600] {override.py:1911} INFO - Created Permission View: can delete on DAG Run:example_setup_teardown
[2024-12-06T22:18:36.026-0600] {logging_mixin.py:190} INFO - [2024-12-06T22:18:36.026-0600] {dag.py:3239} INFO - Sync 1 DAGs
[2024-12-06T22:18:36.033-0600] {logging_mixin.py:190} INFO - [2024-12-06T22:18:36.033-0600] {dag.py:3262} INFO - Creating ORM DAG for example_setup_teardown
[2024-12-06T22:18:36.033-0600] {logging_mixin.py:190} INFO - [2024-12-06T22:18:36.033-0600] {dag.py:4180} INFO - Setting next_dagrun for example_setup_teardown to None, run_after=None
[2024-12-06T22:18:36.044-0600] {processor.py:208} INFO - Processing /home/m9d9v9/PycharmProjects/Airflow-2/Airflow-2/.venv/lib/python3.10/site-packages/airflow/example_dags/example_setup_teardown.py took 0.140 seconds
[2024-12-06T22:19:40.625-0600] {processor.py:186} INFO - Started process (PID=12585) to work on /home/m9d9v9/PycharmProjects/Airflow-2/Airflow-2/.venv/lib/python3.10/site-packages/airflow/example_dags/example_setup_teardown.py
[2024-12-06T22:19:40.631-0600] {processor.py:914} INFO - Processing file /home/m9d9v9/PycharmProjects/Airflow-2/Airflow-2/.venv/lib/python3.10/site-packages/airflow/example_dags/example_setup_teardown.py for tasks to queue
[2024-12-06T22:19:40.633-0600] {logging_mixin.py:190} INFO - [2024-12-06T22:19:40.633-0600] {dagbag.py:588} INFO - Filling up the DagBag from /home/m9d9v9/PycharmProjects/Airflow-2/Airflow-2/.venv/lib/python3.10/site-packages/airflow/example_dags/example_setup_teardown.py
[2024-12-06T22:19:40.639-0600] {processor.py:925} INFO - DAG(s) 'example_setup_teardown' retrieved from /home/m9d9v9/PycharmProjects/Airflow-2/Airflow-2/.venv/lib/python3.10/site-packages/airflow/example_dags/example_setup_teardown.py
[2024-12-06T22:19:40.665-0600] {logging_mixin.py:190} INFO - [2024-12-06T22:19:40.665-0600] {dag.py:3239} INFO - Sync 1 DAGs
[2024-12-06T22:19:40.681-0600] {logging_mixin.py:190} INFO - [2024-12-06T22:19:40.681-0600] {dag.py:4180} INFO - Setting next_dagrun for example_setup_teardown to None, run_after=None
[2024-12-06T22:19:40.693-0600] {processor.py:208} INFO - Processing /home/m9d9v9/PycharmProjects/Airflow-2/Airflow-2/.venv/lib/python3.10/site-packages/airflow/example_dags/example_setup_teardown.py took 0.073 seconds
[2024-12-06T22:20:35.087-0600] {processor.py:186} INFO - Started process (PID=12674) to work on /home/m9d9v9/PycharmProjects/Airflow-2/Airflow-2/.venv/lib/python3.10/site-packages/airflow/example_dags/example_setup_teardown.py
[2024-12-06T22:20:35.093-0600] {processor.py:914} INFO - Processing file /home/m9d9v9/PycharmProjects/Airflow-2/Airflow-2/.venv/lib/python3.10/site-packages/airflow/example_dags/example_setup_teardown.py for tasks to queue
[2024-12-06T22:20:35.095-0600] {logging_mixin.py:190} INFO - [2024-12-06T22:20:35.095-0600] {dagbag.py:588} INFO - Filling up the DagBag from /home/m9d9v9/PycharmProjects/Airflow-2/Airflow-2/.venv/lib/python3.10/site-packages/airflow/example_dags/example_setup_teardown.py
[2024-12-06T22:20:35.102-0600] {processor.py:925} INFO - DAG(s) 'example_setup_teardown' retrieved from /home/m9d9v9/PycharmProjects/Airflow-2/Airflow-2/.venv/lib/python3.10/site-packages/airflow/example_dags/example_setup_teardown.py
[2024-12-06T22:20:35.115-0600] {logging_mixin.py:190} INFO - [2024-12-06T22:20:35.114-0600] {dag.py:3239} INFO - Sync 1 DAGs
[2024-12-06T22:20:35.123-0600] {logging_mixin.py:190} INFO - [2024-12-06T22:20:35.123-0600] {dag.py:4180} INFO - Setting next_dagrun for example_setup_teardown to None, run_after=None
[2024-12-06T22:20:35.139-0600] {processor.py:208} INFO - Processing /home/m9d9v9/PycharmProjects/Airflow-2/Airflow-2/.venv/lib/python3.10/site-packages/airflow/example_dags/example_setup_teardown.py took 0.058 seconds
[2024-12-06T22:21:27.087-0600] {processor.py:186} INFO - Started process (PID=12741) to work on /home/m9d9v9/PycharmProjects/Airflow-2/Airflow-2/.venv/lib/python3.10/site-packages/airflow/example_dags/example_setup_teardown.py
[2024-12-06T22:21:27.094-0600] {processor.py:914} INFO - Processing file /home/m9d9v9/PycharmProjects/Airflow-2/Airflow-2/.venv/lib/python3.10/site-packages/airflow/example_dags/example_setup_teardown.py for tasks to queue
[2024-12-06T22:21:27.096-0600] {logging_mixin.py:190} INFO - [2024-12-06T22:21:27.096-0600] {dagbag.py:588} INFO - Filling up the DagBag from /home/m9d9v9/PycharmProjects/Airflow-2/Airflow-2/.venv/lib/python3.10/site-packages/airflow/example_dags/example_setup_teardown.py
[2024-12-06T22:21:27.106-0600] {processor.py:925} INFO - DAG(s) 'example_setup_teardown' retrieved from /home/m9d9v9/PycharmProjects/Airflow-2/Airflow-2/.venv/lib/python3.10/site-packages/airflow/example_dags/example_setup_teardown.py
[2024-12-06T22:21:27.120-0600] {logging_mixin.py:190} INFO - [2024-12-06T22:21:27.120-0600] {dag.py:3239} INFO - Sync 1 DAGs
[2024-12-06T22:21:27.130-0600] {logging_mixin.py:190} INFO - [2024-12-06T22:21:27.129-0600] {dag.py:4180} INFO - Setting next_dagrun for example_setup_teardown to None, run_after=None
[2024-12-06T22:21:27.144-0600] {processor.py:208} INFO - Processing /home/m9d9v9/PycharmProjects/Airflow-2/Airflow-2/.venv/lib/python3.10/site-packages/airflow/example_dags/example_setup_teardown.py took 0.061 seconds
[2024-12-06T22:22:23.518-0600] {processor.py:186} INFO - Started process (PID=12818) to work on /home/m9d9v9/PycharmProjects/Airflow-2/Airflow-2/.venv/lib/python3.10/site-packages/airflow/example_dags/example_setup_teardown.py
[2024-12-06T22:22:23.525-0600] {processor.py:914} INFO - Processing file /home/m9d9v9/PycharmProjects/Airflow-2/Airflow-2/.venv/lib/python3.10/site-packages/airflow/example_dags/example_setup_teardown.py for tasks to queue
[2024-12-06T22:22:23.527-0600] {logging_mixin.py:190} INFO - [2024-12-06T22:22:23.526-0600] {dagbag.py:588} INFO - Filling up the DagBag from /home/m9d9v9/PycharmProjects/Airflow-2/Airflow-2/.venv/lib/python3.10/site-packages/airflow/example_dags/example_setup_teardown.py
[2024-12-06T22:22:23.536-0600] {processor.py:925} INFO - DAG(s) 'example_setup_teardown' retrieved from /home/m9d9v9/PycharmProjects/Airflow-2/Airflow-2/.venv/lib/python3.10/site-packages/airflow/example_dags/example_setup_teardown.py
[2024-12-06T22:22:23.552-0600] {logging_mixin.py:190} INFO - [2024-12-06T22:22:23.552-0600] {dag.py:3239} INFO - Sync 1 DAGs
[2024-12-06T22:22:23.564-0600] {logging_mixin.py:190} INFO - [2024-12-06T22:22:23.564-0600] {dag.py:4180} INFO - Setting next_dagrun for example_setup_teardown to None, run_after=None
[2024-12-06T22:22:23.591-0600] {processor.py:208} INFO - Processing /home/m9d9v9/PycharmProjects/Airflow-2/Airflow-2/.venv/lib/python3.10/site-packages/airflow/example_dags/example_setup_teardown.py took 0.078 seconds
[2024-12-06T22:23:41.229-0600] {processor.py:186} INFO - Started process (PID=12974) to work on /home/m9d9v9/PycharmProjects/Airflow-2/Airflow-2/.venv/lib/python3.10/site-packages/airflow/example_dags/example_setup_teardown.py
[2024-12-06T22:23:41.236-0600] {processor.py:914} INFO - Processing file /home/m9d9v9/PycharmProjects/Airflow-2/Airflow-2/.venv/lib/python3.10/site-packages/airflow/example_dags/example_setup_teardown.py for tasks to queue
[2024-12-06T22:23:41.238-0600] {logging_mixin.py:190} INFO - [2024-12-06T22:23:41.238-0600] {dagbag.py:588} INFO - Filling up the DagBag from /home/m9d9v9/PycharmProjects/Airflow-2/Airflow-2/.venv/lib/python3.10/site-packages/airflow/example_dags/example_setup_teardown.py
[2024-12-06T22:23:41.256-0600] {processor.py:925} INFO - DAG(s) 'example_setup_teardown' retrieved from /home/m9d9v9/PycharmProjects/Airflow-2/Airflow-2/.venv/lib/python3.10/site-packages/airflow/example_dags/example_setup_teardown.py
[2024-12-06T22:23:41.282-0600] {logging_mixin.py:190} INFO - [2024-12-06T22:23:41.282-0600] {dag.py:3239} INFO - Sync 1 DAGs
[2024-12-06T22:23:41.291-0600] {logging_mixin.py:190} INFO - [2024-12-06T22:23:41.291-0600] {dag.py:4180} INFO - Setting next_dagrun for example_setup_teardown to None, run_after=None
[2024-12-06T22:23:41.311-0600] {processor.py:208} INFO - Processing /home/m9d9v9/PycharmProjects/Airflow-2/Airflow-2/.venv/lib/python3.10/site-packages/airflow/example_dags/example_setup_teardown.py took 0.091 seconds
[2024-12-06T22:24:34.860-0600] {processor.py:186} INFO - Started process (PID=13043) to work on /home/m9d9v9/PycharmProjects/Airflow-2/Airflow-2/.venv/lib/python3.10/site-packages/airflow/example_dags/example_setup_teardown.py
[2024-12-06T22:24:34.867-0600] {processor.py:914} INFO - Processing file /home/m9d9v9/PycharmProjects/Airflow-2/Airflow-2/.venv/lib/python3.10/site-packages/airflow/example_dags/example_setup_teardown.py for tasks to queue
[2024-12-06T22:24:34.870-0600] {logging_mixin.py:190} INFO - [2024-12-06T22:24:34.869-0600] {dagbag.py:588} INFO - Filling up the DagBag from /home/m9d9v9/PycharmProjects/Airflow-2/Airflow-2/.venv/lib/python3.10/site-packages/airflow/example_dags/example_setup_teardown.py
[2024-12-06T22:24:34.888-0600] {processor.py:925} INFO - DAG(s) 'example_setup_teardown' retrieved from /home/m9d9v9/PycharmProjects/Airflow-2/Airflow-2/.venv/lib/python3.10/site-packages/airflow/example_dags/example_setup_teardown.py
[2024-12-06T22:24:34.913-0600] {logging_mixin.py:190} INFO - [2024-12-06T22:24:34.913-0600] {dag.py:3239} INFO - Sync 1 DAGs
[2024-12-06T22:24:34.922-0600] {logging_mixin.py:190} INFO - [2024-12-06T22:24:34.921-0600] {dag.py:4180} INFO - Setting next_dagrun for example_setup_teardown to None, run_after=None
[2024-12-06T22:24:34.935-0600] {processor.py:208} INFO - Processing /home/m9d9v9/PycharmProjects/Airflow-2/Airflow-2/.venv/lib/python3.10/site-packages/airflow/example_dags/example_setup_teardown.py took 0.087 seconds
[2024-12-06T22:25:31.182-0600] {processor.py:186} INFO - Started process (PID=13127) to work on /home/m9d9v9/PycharmProjects/Airflow-2/Airflow-2/.venv/lib/python3.10/site-packages/airflow/example_dags/example_setup_teardown.py
[2024-12-06T22:25:31.189-0600] {processor.py:914} INFO - Processing file /home/m9d9v9/PycharmProjects/Airflow-2/Airflow-2/.venv/lib/python3.10/site-packages/airflow/example_dags/example_setup_teardown.py for tasks to queue
[2024-12-06T22:25:31.192-0600] {logging_mixin.py:190} INFO - [2024-12-06T22:25:31.191-0600] {dagbag.py:588} INFO - Filling up the DagBag from /home/m9d9v9/PycharmProjects/Airflow-2/Airflow-2/.venv/lib/python3.10/site-packages/airflow/example_dags/example_setup_teardown.py
[2024-12-06T22:25:31.209-0600] {processor.py:925} INFO - DAG(s) 'example_setup_teardown' retrieved from /home/m9d9v9/PycharmProjects/Airflow-2/Airflow-2/.venv/lib/python3.10/site-packages/airflow/example_dags/example_setup_teardown.py
[2024-12-06T22:25:31.230-0600] {logging_mixin.py:190} INFO - [2024-12-06T22:25:31.230-0600] {dag.py:3239} INFO - Sync 1 DAGs
[2024-12-06T22:25:31.238-0600] {logging_mixin.py:190} INFO - [2024-12-06T22:25:31.238-0600] {dag.py:4180} INFO - Setting next_dagrun for example_setup_teardown to None, run_after=None
[2024-12-06T22:25:31.250-0600] {processor.py:208} INFO - Processing /home/m9d9v9/PycharmProjects/Airflow-2/Airflow-2/.venv/lib/python3.10/site-packages/airflow/example_dags/example_setup_teardown.py took 0.080 seconds
[2024-12-06T22:26:28.510-0600] {processor.py:186} INFO - Started process (PID=13207) to work on /home/m9d9v9/PycharmProjects/Airflow-2/Airflow-2/.venv/lib/python3.10/site-packages/airflow/example_dags/example_setup_teardown.py
[2024-12-06T22:26:28.517-0600] {processor.py:914} INFO - Processing file /home/m9d9v9/PycharmProjects/Airflow-2/Airflow-2/.venv/lib/python3.10/site-packages/airflow/example_dags/example_setup_teardown.py for tasks to queue
[2024-12-06T22:26:28.520-0600] {logging_mixin.py:190} INFO - [2024-12-06T22:26:28.519-0600] {dagbag.py:588} INFO - Filling up the DagBag from /home/m9d9v9/PycharmProjects/Airflow-2/Airflow-2/.venv/lib/python3.10/site-packages/airflow/example_dags/example_setup_teardown.py
[2024-12-06T22:26:28.537-0600] {processor.py:925} INFO - DAG(s) 'example_setup_teardown' retrieved from /home/m9d9v9/PycharmProjects/Airflow-2/Airflow-2/.venv/lib/python3.10/site-packages/airflow/example_dags/example_setup_teardown.py
[2024-12-06T22:26:28.562-0600] {logging_mixin.py:190} INFO - [2024-12-06T22:26:28.562-0600] {dag.py:3239} INFO - Sync 1 DAGs
[2024-12-06T22:26:28.572-0600] {logging_mixin.py:190} INFO - [2024-12-06T22:26:28.572-0600] {dag.py:4180} INFO - Setting next_dagrun for example_setup_teardown to None, run_after=None
[2024-12-06T22:26:28.587-0600] {processor.py:208} INFO - Processing /home/m9d9v9/PycharmProjects/Airflow-2/Airflow-2/.venv/lib/python3.10/site-packages/airflow/example_dags/example_setup_teardown.py took 0.090 seconds
[2024-12-06T22:37:01.168-0600] {processor.py:186} INFO - Started process (PID=14576) to work on /home/m9d9v9/PycharmProjects/Airflow-2/Airflow-2/.venv/lib/python3.10/site-packages/airflow/example_dags/example_setup_teardown.py
[2024-12-06T22:37:01.174-0600] {processor.py:914} INFO - Processing file /home/m9d9v9/PycharmProjects/Airflow-2/Airflow-2/.venv/lib/python3.10/site-packages/airflow/example_dags/example_setup_teardown.py for tasks to queue
[2024-12-06T22:37:01.177-0600] {logging_mixin.py:190} INFO - [2024-12-06T22:37:01.176-0600] {dagbag.py:588} INFO - Filling up the DagBag from /home/m9d9v9/PycharmProjects/Airflow-2/Airflow-2/.venv/lib/python3.10/site-packages/airflow/example_dags/example_setup_teardown.py
[2024-12-06T22:37:01.187-0600] {processor.py:925} INFO - DAG(s) 'example_setup_teardown' retrieved from /home/m9d9v9/PycharmProjects/Airflow-2/Airflow-2/.venv/lib/python3.10/site-packages/airflow/example_dags/example_setup_teardown.py
[2024-12-06T22:37:01.213-0600] {logging_mixin.py:190} INFO - [2024-12-06T22:37:01.212-0600] {dag.py:3239} INFO - Sync 1 DAGs
[2024-12-06T22:37:01.225-0600] {logging_mixin.py:190} INFO - [2024-12-06T22:37:01.225-0600] {dag.py:4180} INFO - Setting next_dagrun for example_setup_teardown to None, run_after=None
[2024-12-06T22:37:01.246-0600] {processor.py:208} INFO - Processing /home/m9d9v9/PycharmProjects/Airflow-2/Airflow-2/.venv/lib/python3.10/site-packages/airflow/example_dags/example_setup_teardown.py took 0.089 seconds
[2024-12-06T22:37:58.005-0600] {processor.py:186} INFO - Started process (PID=14716) to work on /home/m9d9v9/PycharmProjects/Airflow-2/Airflow-2/.venv/lib/python3.10/site-packages/airflow/example_dags/example_setup_teardown.py
[2024-12-06T22:37:58.012-0600] {processor.py:914} INFO - Processing file /home/m9d9v9/PycharmProjects/Airflow-2/Airflow-2/.venv/lib/python3.10/site-packages/airflow/example_dags/example_setup_teardown.py for tasks to queue
[2024-12-06T22:37:58.016-0600] {logging_mixin.py:190} INFO - [2024-12-06T22:37:58.016-0600] {dagbag.py:588} INFO - Filling up the DagBag from /home/m9d9v9/PycharmProjects/Airflow-2/Airflow-2/.venv/lib/python3.10/site-packages/airflow/example_dags/example_setup_teardown.py
[2024-12-06T22:37:58.035-0600] {processor.py:925} INFO - DAG(s) 'example_setup_teardown' retrieved from /home/m9d9v9/PycharmProjects/Airflow-2/Airflow-2/.venv/lib/python3.10/site-packages/airflow/example_dags/example_setup_teardown.py
[2024-12-06T22:37:58.055-0600] {logging_mixin.py:190} INFO - [2024-12-06T22:37:58.055-0600] {dag.py:3239} INFO - Sync 1 DAGs
[2024-12-06T22:37:58.063-0600] {logging_mixin.py:190} INFO - [2024-12-06T22:37:58.063-0600] {dag.py:4180} INFO - Setting next_dagrun for example_setup_teardown to None, run_after=None
[2024-12-06T22:37:58.075-0600] {processor.py:208} INFO - Processing /home/m9d9v9/PycharmProjects/Airflow-2/Airflow-2/.venv/lib/python3.10/site-packages/airflow/example_dags/example_setup_teardown.py took 0.082 seconds
[2024-12-06T22:38:55.648-0600] {processor.py:186} INFO - Started process (PID=14808) to work on /home/m9d9v9/PycharmProjects/Airflow-2/Airflow-2/.venv/lib/python3.10/site-packages/airflow/example_dags/example_setup_teardown.py
[2024-12-06T22:38:55.650-0600] {processor.py:914} INFO - Processing file /home/m9d9v9/PycharmProjects/Airflow-2/Airflow-2/.venv/lib/python3.10/site-packages/airflow/example_dags/example_setup_teardown.py for tasks to queue
[2024-12-06T22:38:55.652-0600] {logging_mixin.py:190} INFO - [2024-12-06T22:38:55.651-0600] {dagbag.py:588} INFO - Filling up the DagBag from /home/m9d9v9/PycharmProjects/Airflow-2/Airflow-2/.venv/lib/python3.10/site-packages/airflow/example_dags/example_setup_teardown.py
[2024-12-06T22:38:55.661-0600] {processor.py:925} INFO - DAG(s) 'example_setup_teardown' retrieved from /home/m9d9v9/PycharmProjects/Airflow-2/Airflow-2/.venv/lib/python3.10/site-packages/airflow/example_dags/example_setup_teardown.py
[2024-12-06T22:38:55.678-0600] {logging_mixin.py:190} INFO - [2024-12-06T22:38:55.677-0600] {dag.py:3239} INFO - Sync 1 DAGs
[2024-12-06T22:38:55.692-0600] {logging_mixin.py:190} INFO - [2024-12-06T22:38:55.691-0600] {dag.py:4180} INFO - Setting next_dagrun for example_setup_teardown to None, run_after=None
[2024-12-06T22:38:55.710-0600] {processor.py:208} INFO - Processing /home/m9d9v9/PycharmProjects/Airflow-2/Airflow-2/.venv/lib/python3.10/site-packages/airflow/example_dags/example_setup_teardown.py took 0.067 seconds
[2024-12-06T22:39:55.092-0600] {processor.py:186} INFO - Started process (PID=15013) to work on /home/m9d9v9/PycharmProjects/Airflow-2/Airflow-2/.venv/lib/python3.10/site-packages/airflow/example_dags/example_setup_teardown.py
[2024-12-06T22:39:55.098-0600] {processor.py:914} INFO - Processing file /home/m9d9v9/PycharmProjects/Airflow-2/Airflow-2/.venv/lib/python3.10/site-packages/airflow/example_dags/example_setup_teardown.py for tasks to queue
[2024-12-06T22:39:55.100-0600] {logging_mixin.py:190} INFO - [2024-12-06T22:39:55.099-0600] {dagbag.py:588} INFO - Filling up the DagBag from /home/m9d9v9/PycharmProjects/Airflow-2/Airflow-2/.venv/lib/python3.10/site-packages/airflow/example_dags/example_setup_teardown.py
[2024-12-06T22:39:55.107-0600] {processor.py:925} INFO - DAG(s) 'example_setup_teardown' retrieved from /home/m9d9v9/PycharmProjects/Airflow-2/Airflow-2/.venv/lib/python3.10/site-packages/airflow/example_dags/example_setup_teardown.py
[2024-12-06T22:39:55.121-0600] {logging_mixin.py:190} INFO - [2024-12-06T22:39:55.121-0600] {dag.py:3239} INFO - Sync 1 DAGs
[2024-12-06T22:39:55.131-0600] {logging_mixin.py:190} INFO - [2024-12-06T22:39:55.131-0600] {dag.py:4180} INFO - Setting next_dagrun for example_setup_teardown to None, run_after=None
[2024-12-06T22:39:55.144-0600] {processor.py:208} INFO - Processing /home/m9d9v9/PycharmProjects/Airflow-2/Airflow-2/.venv/lib/python3.10/site-packages/airflow/example_dags/example_setup_teardown.py took 0.059 seconds
[2024-12-06T22:40:52.989-0600] {processor.py:186} INFO - Started process (PID=15119) to work on /home/m9d9v9/PycharmProjects/Airflow-2/Airflow-2/.venv/lib/python3.10/site-packages/airflow/example_dags/example_setup_teardown.py
[2024-12-06T22:40:52.996-0600] {processor.py:914} INFO - Processing file /home/m9d9v9/PycharmProjects/Airflow-2/Airflow-2/.venv/lib/python3.10/site-packages/airflow/example_dags/example_setup_teardown.py for tasks to queue
[2024-12-06T22:40:53.000-0600] {logging_mixin.py:190} INFO - [2024-12-06T22:40:52.999-0600] {dagbag.py:588} INFO - Filling up the DagBag from /home/m9d9v9/PycharmProjects/Airflow-2/Airflow-2/.venv/lib/python3.10/site-packages/airflow/example_dags/example_setup_teardown.py
[2024-12-06T22:40:53.017-0600] {processor.py:925} INFO - DAG(s) 'example_setup_teardown' retrieved from /home/m9d9v9/PycharmProjects/Airflow-2/Airflow-2/.venv/lib/python3.10/site-packages/airflow/example_dags/example_setup_teardown.py
[2024-12-06T22:40:53.037-0600] {logging_mixin.py:190} INFO - [2024-12-06T22:40:53.036-0600] {dag.py:3239} INFO - Sync 1 DAGs
[2024-12-06T22:40:53.045-0600] {logging_mixin.py:190} INFO - [2024-12-06T22:40:53.045-0600] {dag.py:4180} INFO - Setting next_dagrun for example_setup_teardown to None, run_after=None
[2024-12-06T22:40:53.057-0600] {processor.py:208} INFO - Processing /home/m9d9v9/PycharmProjects/Airflow-2/Airflow-2/.venv/lib/python3.10/site-packages/airflow/example_dags/example_setup_teardown.py took 0.085 seconds
[2024-12-06T23:25:07.248-0600] {processor.py:186} INFO - Started process (PID=17256) to work on /home/m9d9v9/PycharmProjects/Airflow-2/Airflow-2/.venv/lib/python3.10/site-packages/airflow/example_dags/example_setup_teardown.py
[2024-12-06T23:25:07.255-0600] {processor.py:914} INFO - Processing file /home/m9d9v9/PycharmProjects/Airflow-2/Airflow-2/.venv/lib/python3.10/site-packages/airflow/example_dags/example_setup_teardown.py for tasks to queue
[2024-12-06T23:25:07.259-0600] {logging_mixin.py:190} INFO - [2024-12-06T23:25:07.258-0600] {dagbag.py:588} INFO - Filling up the DagBag from /home/m9d9v9/PycharmProjects/Airflow-2/Airflow-2/.venv/lib/python3.10/site-packages/airflow/example_dags/example_setup_teardown.py
[2024-12-06T23:25:07.276-0600] {processor.py:925} INFO - DAG(s) 'example_setup_teardown' retrieved from /home/m9d9v9/PycharmProjects/Airflow-2/Airflow-2/.venv/lib/python3.10/site-packages/airflow/example_dags/example_setup_teardown.py
[2024-12-06T23:25:07.301-0600] {logging_mixin.py:190} INFO - [2024-12-06T23:25:07.301-0600] {dag.py:3239} INFO - Sync 1 DAGs
[2024-12-06T23:25:07.308-0600] {logging_mixin.py:190} INFO - [2024-12-06T23:25:07.308-0600] {dag.py:4180} INFO - Setting next_dagrun for example_setup_teardown to None, run_after=None
[2024-12-06T23:25:07.319-0600] {processor.py:208} INFO - Processing /home/m9d9v9/PycharmProjects/Airflow-2/Airflow-2/.venv/lib/python3.10/site-packages/airflow/example_dags/example_setup_teardown.py took 0.082 seconds
[2024-12-06T23:26:05.270-0600] {processor.py:186} INFO - Started process (PID=17376) to work on /home/m9d9v9/PycharmProjects/Airflow-2/Airflow-2/.venv/lib/python3.10/site-packages/airflow/example_dags/example_setup_teardown.py
[2024-12-06T23:26:05.276-0600] {processor.py:914} INFO - Processing file /home/m9d9v9/PycharmProjects/Airflow-2/Airflow-2/.venv/lib/python3.10/site-packages/airflow/example_dags/example_setup_teardown.py for tasks to queue
[2024-12-06T23:26:05.278-0600] {logging_mixin.py:190} INFO - [2024-12-06T23:26:05.278-0600] {dagbag.py:588} INFO - Filling up the DagBag from /home/m9d9v9/PycharmProjects/Airflow-2/Airflow-2/.venv/lib/python3.10/site-packages/airflow/example_dags/example_setup_teardown.py
[2024-12-06T23:26:05.294-0600] {processor.py:925} INFO - DAG(s) 'example_setup_teardown' retrieved from /home/m9d9v9/PycharmProjects/Airflow-2/Airflow-2/.venv/lib/python3.10/site-packages/airflow/example_dags/example_setup_teardown.py
[2024-12-06T23:26:05.318-0600] {logging_mixin.py:190} INFO - [2024-12-06T23:26:05.318-0600] {dag.py:3239} INFO - Sync 1 DAGs
[2024-12-06T23:26:05.325-0600] {logging_mixin.py:190} INFO - [2024-12-06T23:26:05.325-0600] {dag.py:4180} INFO - Setting next_dagrun for example_setup_teardown to None, run_after=None
[2024-12-06T23:26:05.337-0600] {processor.py:208} INFO - Processing /home/m9d9v9/PycharmProjects/Airflow-2/Airflow-2/.venv/lib/python3.10/site-packages/airflow/example_dags/example_setup_teardown.py took 0.077 seconds
[2024-12-06T23:27:02.251-0600] {processor.py:186} INFO - Started process (PID=17449) to work on /home/m9d9v9/PycharmProjects/Airflow-2/Airflow-2/.venv/lib/python3.10/site-packages/airflow/example_dags/example_setup_teardown.py
[2024-12-06T23:27:02.257-0600] {processor.py:914} INFO - Processing file /home/m9d9v9/PycharmProjects/Airflow-2/Airflow-2/.venv/lib/python3.10/site-packages/airflow/example_dags/example_setup_teardown.py for tasks to queue
[2024-12-06T23:27:02.258-0600] {logging_mixin.py:190} INFO - [2024-12-06T23:27:02.258-0600] {dagbag.py:588} INFO - Filling up the DagBag from /home/m9d9v9/PycharmProjects/Airflow-2/Airflow-2/.venv/lib/python3.10/site-packages/airflow/example_dags/example_setup_teardown.py
[2024-12-06T23:27:02.264-0600] {processor.py:925} INFO - DAG(s) 'example_setup_teardown' retrieved from /home/m9d9v9/PycharmProjects/Airflow-2/Airflow-2/.venv/lib/python3.10/site-packages/airflow/example_dags/example_setup_teardown.py
[2024-12-06T23:27:02.274-0600] {logging_mixin.py:190} INFO - [2024-12-06T23:27:02.274-0600] {dag.py:3239} INFO - Sync 1 DAGs
[2024-12-06T23:27:02.283-0600] {logging_mixin.py:190} INFO - [2024-12-06T23:27:02.283-0600] {dag.py:4180} INFO - Setting next_dagrun for example_setup_teardown to None, run_after=None
[2024-12-06T23:27:02.294-0600] {processor.py:208} INFO - Processing /home/m9d9v9/PycharmProjects/Airflow-2/Airflow-2/.venv/lib/python3.10/site-packages/airflow/example_dags/example_setup_teardown.py took 0.047 seconds
[2024-12-06T23:27:58.990-0600] {processor.py:186} INFO - Started process (PID=17524) to work on /home/m9d9v9/PycharmProjects/Airflow-2/Airflow-2/.venv/lib/python3.10/site-packages/airflow/example_dags/example_setup_teardown.py
[2024-12-06T23:27:58.991-0600] {processor.py:914} INFO - Processing file /home/m9d9v9/PycharmProjects/Airflow-2/Airflow-2/.venv/lib/python3.10/site-packages/airflow/example_dags/example_setup_teardown.py for tasks to queue
[2024-12-06T23:27:58.992-0600] {logging_mixin.py:190} INFO - [2024-12-06T23:27:58.992-0600] {dagbag.py:588} INFO - Filling up the DagBag from /home/m9d9v9/PycharmProjects/Airflow-2/Airflow-2/.venv/lib/python3.10/site-packages/airflow/example_dags/example_setup_teardown.py
[2024-12-06T23:27:59.000-0600] {processor.py:925} INFO - DAG(s) 'example_setup_teardown' retrieved from /home/m9d9v9/PycharmProjects/Airflow-2/Airflow-2/.venv/lib/python3.10/site-packages/airflow/example_dags/example_setup_teardown.py
[2024-12-06T23:27:59.014-0600] {logging_mixin.py:190} INFO - [2024-12-06T23:27:59.014-0600] {dag.py:3239} INFO - Sync 1 DAGs
[2024-12-06T23:27:59.026-0600] {logging_mixin.py:190} INFO - [2024-12-06T23:27:59.026-0600] {dag.py:4180} INFO - Setting next_dagrun for example_setup_teardown to None, run_after=None
[2024-12-06T23:27:59.043-0600] {processor.py:208} INFO - Processing /home/m9d9v9/PycharmProjects/Airflow-2/Airflow-2/.venv/lib/python3.10/site-packages/airflow/example_dags/example_setup_teardown.py took 0.059 seconds
[2024-12-06T23:28:55.535-0600] {processor.py:186} INFO - Started process (PID=17632) to work on /home/m9d9v9/PycharmProjects/Airflow-2/Airflow-2/.venv/lib/python3.10/site-packages/airflow/example_dags/example_setup_teardown.py
[2024-12-06T23:28:55.541-0600] {processor.py:914} INFO - Processing file /home/m9d9v9/PycharmProjects/Airflow-2/Airflow-2/.venv/lib/python3.10/site-packages/airflow/example_dags/example_setup_teardown.py for tasks to queue
[2024-12-06T23:28:55.543-0600] {logging_mixin.py:190} INFO - [2024-12-06T23:28:55.542-0600] {dagbag.py:588} INFO - Filling up the DagBag from /home/m9d9v9/PycharmProjects/Airflow-2/Airflow-2/.venv/lib/python3.10/site-packages/airflow/example_dags/example_setup_teardown.py
[2024-12-06T23:28:55.558-0600] {processor.py:925} INFO - DAG(s) 'example_setup_teardown' retrieved from /home/m9d9v9/PycharmProjects/Airflow-2/Airflow-2/.venv/lib/python3.10/site-packages/airflow/example_dags/example_setup_teardown.py
[2024-12-06T23:28:55.582-0600] {logging_mixin.py:190} INFO - [2024-12-06T23:28:55.582-0600] {dag.py:3239} INFO - Sync 1 DAGs
[2024-12-06T23:28:55.592-0600] {logging_mixin.py:190} INFO - [2024-12-06T23:28:55.592-0600] {dag.py:4180} INFO - Setting next_dagrun for example_setup_teardown to None, run_after=None
[2024-12-06T23:28:55.604-0600] {processor.py:208} INFO - Processing /home/m9d9v9/PycharmProjects/Airflow-2/Airflow-2/.venv/lib/python3.10/site-packages/airflow/example_dags/example_setup_teardown.py took 0.078 seconds
[2024-12-06T23:29:51.391-0600] {processor.py:186} INFO - Started process (PID=17767) to work on /home/m9d9v9/PycharmProjects/Airflow-2/Airflow-2/.venv/lib/python3.10/site-packages/airflow/example_dags/example_setup_teardown.py
[2024-12-06T23:29:51.393-0600] {processor.py:914} INFO - Processing file /home/m9d9v9/PycharmProjects/Airflow-2/Airflow-2/.venv/lib/python3.10/site-packages/airflow/example_dags/example_setup_teardown.py for tasks to queue
[2024-12-06T23:29:51.396-0600] {logging_mixin.py:190} INFO - [2024-12-06T23:29:51.395-0600] {dagbag.py:588} INFO - Filling up the DagBag from /home/m9d9v9/PycharmProjects/Airflow-2/Airflow-2/.venv/lib/python3.10/site-packages/airflow/example_dags/example_setup_teardown.py
[2024-12-06T23:29:51.413-0600] {processor.py:925} INFO - DAG(s) 'example_setup_teardown' retrieved from /home/m9d9v9/PycharmProjects/Airflow-2/Airflow-2/.venv/lib/python3.10/site-packages/airflow/example_dags/example_setup_teardown.py
[2024-12-06T23:29:51.431-0600] {logging_mixin.py:190} INFO - [2024-12-06T23:29:51.431-0600] {dag.py:3239} INFO - Sync 1 DAGs
[2024-12-06T23:29:51.438-0600] {logging_mixin.py:190} INFO - [2024-12-06T23:29:51.438-0600] {dag.py:4180} INFO - Setting next_dagrun for example_setup_teardown to None, run_after=None
[2024-12-06T23:29:51.452-0600] {processor.py:208} INFO - Processing /home/m9d9v9/PycharmProjects/Airflow-2/Airflow-2/.venv/lib/python3.10/site-packages/airflow/example_dags/example_setup_teardown.py took 0.072 seconds
[2024-12-06T23:30:48.440-0600] {processor.py:186} INFO - Started process (PID=17888) to work on /home/m9d9v9/PycharmProjects/Airflow-2/Airflow-2/.venv/lib/python3.10/site-packages/airflow/example_dags/example_setup_teardown.py
[2024-12-06T23:30:48.447-0600] {processor.py:914} INFO - Processing file /home/m9d9v9/PycharmProjects/Airflow-2/Airflow-2/.venv/lib/python3.10/site-packages/airflow/example_dags/example_setup_teardown.py for tasks to queue
[2024-12-06T23:30:48.449-0600] {logging_mixin.py:190} INFO - [2024-12-06T23:30:48.448-0600] {dagbag.py:588} INFO - Filling up the DagBag from /home/m9d9v9/PycharmProjects/Airflow-2/Airflow-2/.venv/lib/python3.10/site-packages/airflow/example_dags/example_setup_teardown.py
[2024-12-06T23:30:48.466-0600] {processor.py:925} INFO - DAG(s) 'example_setup_teardown' retrieved from /home/m9d9v9/PycharmProjects/Airflow-2/Airflow-2/.venv/lib/python3.10/site-packages/airflow/example_dags/example_setup_teardown.py
[2024-12-06T23:30:48.490-0600] {logging_mixin.py:190} INFO - [2024-12-06T23:30:48.490-0600] {dag.py:3239} INFO - Sync 1 DAGs
[2024-12-06T23:30:48.498-0600] {logging_mixin.py:190} INFO - [2024-12-06T23:30:48.498-0600] {dag.py:4180} INFO - Setting next_dagrun for example_setup_teardown to None, run_after=None
[2024-12-06T23:30:48.508-0600] {processor.py:208} INFO - Processing /home/m9d9v9/PycharmProjects/Airflow-2/Airflow-2/.venv/lib/python3.10/site-packages/airflow/example_dags/example_setup_teardown.py took 0.078 seconds
[2024-12-06T23:31:45.521-0600] {processor.py:186} INFO - Started process (PID=17985) to work on /home/m9d9v9/PycharmProjects/Airflow-2/Airflow-2/.venv/lib/python3.10/site-packages/airflow/example_dags/example_setup_teardown.py
[2024-12-06T23:31:45.527-0600] {processor.py:914} INFO - Processing file /home/m9d9v9/PycharmProjects/Airflow-2/Airflow-2/.venv/lib/python3.10/site-packages/airflow/example_dags/example_setup_teardown.py for tasks to queue
[2024-12-06T23:31:45.528-0600] {logging_mixin.py:190} INFO - [2024-12-06T23:31:45.528-0600] {dagbag.py:588} INFO - Filling up the DagBag from /home/m9d9v9/PycharmProjects/Airflow-2/Airflow-2/.venv/lib/python3.10/site-packages/airflow/example_dags/example_setup_teardown.py
[2024-12-06T23:31:45.534-0600] {processor.py:925} INFO - DAG(s) 'example_setup_teardown' retrieved from /home/m9d9v9/PycharmProjects/Airflow-2/Airflow-2/.venv/lib/python3.10/site-packages/airflow/example_dags/example_setup_teardown.py
[2024-12-06T23:31:45.544-0600] {logging_mixin.py:190} INFO - [2024-12-06T23:31:45.544-0600] {dag.py:3239} INFO - Sync 1 DAGs
[2024-12-06T23:31:45.551-0600] {logging_mixin.py:190} INFO - [2024-12-06T23:31:45.551-0600] {dag.py:4180} INFO - Setting next_dagrun for example_setup_teardown to None, run_after=None
[2024-12-06T23:31:45.562-0600] {processor.py:208} INFO - Processing /home/m9d9v9/PycharmProjects/Airflow-2/Airflow-2/.venv/lib/python3.10/site-packages/airflow/example_dags/example_setup_teardown.py took 0.045 seconds
[2024-12-06T23:32:44.972-0600] {processor.py:186} INFO - Started process (PID=18069) to work on /home/m9d9v9/PycharmProjects/Airflow-2/Airflow-2/.venv/lib/python3.10/site-packages/airflow/example_dags/example_setup_teardown.py
[2024-12-06T23:32:44.974-0600] {processor.py:914} INFO - Processing file /home/m9d9v9/PycharmProjects/Airflow-2/Airflow-2/.venv/lib/python3.10/site-packages/airflow/example_dags/example_setup_teardown.py for tasks to queue
[2024-12-06T23:32:44.975-0600] {logging_mixin.py:190} INFO - [2024-12-06T23:32:44.975-0600] {dagbag.py:588} INFO - Filling up the DagBag from /home/m9d9v9/PycharmProjects/Airflow-2/Airflow-2/.venv/lib/python3.10/site-packages/airflow/example_dags/example_setup_teardown.py
[2024-12-06T23:32:44.983-0600] {processor.py:925} INFO - DAG(s) 'example_setup_teardown' retrieved from /home/m9d9v9/PycharmProjects/Airflow-2/Airflow-2/.venv/lib/python3.10/site-packages/airflow/example_dags/example_setup_teardown.py
[2024-12-06T23:32:44.995-0600] {logging_mixin.py:190} INFO - [2024-12-06T23:32:44.995-0600] {dag.py:3239} INFO - Sync 1 DAGs
[2024-12-06T23:32:45.004-0600] {logging_mixin.py:190} INFO - [2024-12-06T23:32:45.004-0600] {dag.py:4180} INFO - Setting next_dagrun for example_setup_teardown to None, run_after=None
[2024-12-06T23:32:45.015-0600] {processor.py:208} INFO - Processing /home/m9d9v9/PycharmProjects/Airflow-2/Airflow-2/.venv/lib/python3.10/site-packages/airflow/example_dags/example_setup_teardown.py took 0.055 seconds
[2024-12-06T23:33:40.447-0600] {processor.py:186} INFO - Started process (PID=18137) to work on /home/m9d9v9/PycharmProjects/Airflow-2/Airflow-2/.venv/lib/python3.10/site-packages/airflow/example_dags/example_setup_teardown.py
[2024-12-06T23:33:40.454-0600] {processor.py:914} INFO - Processing file /home/m9d9v9/PycharmProjects/Airflow-2/Airflow-2/.venv/lib/python3.10/site-packages/airflow/example_dags/example_setup_teardown.py for tasks to queue
[2024-12-06T23:33:40.456-0600] {logging_mixin.py:190} INFO - [2024-12-06T23:33:40.455-0600] {dagbag.py:588} INFO - Filling up the DagBag from /home/m9d9v9/PycharmProjects/Airflow-2/Airflow-2/.venv/lib/python3.10/site-packages/airflow/example_dags/example_setup_teardown.py
[2024-12-06T23:33:40.472-0600] {processor.py:925} INFO - DAG(s) 'example_setup_teardown' retrieved from /home/m9d9v9/PycharmProjects/Airflow-2/Airflow-2/.venv/lib/python3.10/site-packages/airflow/example_dags/example_setup_teardown.py
[2024-12-06T23:33:40.496-0600] {logging_mixin.py:190} INFO - [2024-12-06T23:33:40.496-0600] {dag.py:3239} INFO - Sync 1 DAGs
[2024-12-06T23:33:40.503-0600] {logging_mixin.py:190} INFO - [2024-12-06T23:33:40.503-0600] {dag.py:4180} INFO - Setting next_dagrun for example_setup_teardown to None, run_after=None
[2024-12-06T23:33:40.515-0600] {processor.py:208} INFO - Processing /home/m9d9v9/PycharmProjects/Airflow-2/Airflow-2/.venv/lib/python3.10/site-packages/airflow/example_dags/example_setup_teardown.py took 0.080 seconds
[2024-12-06T23:34:37.737-0600] {processor.py:186} INFO - Started process (PID=18233) to work on /home/m9d9v9/PycharmProjects/Airflow-2/Airflow-2/.venv/lib/python3.10/site-packages/airflow/example_dags/example_setup_teardown.py
[2024-12-06T23:34:37.737-0600] {processor.py:914} INFO - Processing file /home/m9d9v9/PycharmProjects/Airflow-2/Airflow-2/.venv/lib/python3.10/site-packages/airflow/example_dags/example_setup_teardown.py for tasks to queue
[2024-12-06T23:34:37.739-0600] {logging_mixin.py:190} INFO - [2024-12-06T23:34:37.738-0600] {dagbag.py:588} INFO - Filling up the DagBag from /home/m9d9v9/PycharmProjects/Airflow-2/Airflow-2/.venv/lib/python3.10/site-packages/airflow/example_dags/example_setup_teardown.py
[2024-12-06T23:34:37.747-0600] {processor.py:925} INFO - DAG(s) 'example_setup_teardown' retrieved from /home/m9d9v9/PycharmProjects/Airflow-2/Airflow-2/.venv/lib/python3.10/site-packages/airflow/example_dags/example_setup_teardown.py
[2024-12-06T23:34:37.765-0600] {logging_mixin.py:190} INFO - [2024-12-06T23:34:37.764-0600] {dag.py:3239} INFO - Sync 1 DAGs
[2024-12-06T23:34:37.935-0600] {logging_mixin.py:190} INFO - [2024-12-06T23:34:37.935-0600] {dag.py:4180} INFO - Setting next_dagrun for example_setup_teardown to None, run_after=None
[2024-12-06T23:34:37.948-0600] {processor.py:208} INFO - Processing /home/m9d9v9/PycharmProjects/Airflow-2/Airflow-2/.venv/lib/python3.10/site-packages/airflow/example_dags/example_setup_teardown.py took 0.219 seconds
[2024-12-06T23:35:41.283-0600] {processor.py:186} INFO - Started process (PID=18345) to work on /home/m9d9v9/PycharmProjects/Airflow-2/Airflow-2/.venv/lib/python3.10/site-packages/airflow/example_dags/example_setup_teardown.py
[2024-12-06T23:35:41.289-0600] {processor.py:914} INFO - Processing file /home/m9d9v9/PycharmProjects/Airflow-2/Airflow-2/.venv/lib/python3.10/site-packages/airflow/example_dags/example_setup_teardown.py for tasks to queue
[2024-12-06T23:35:41.291-0600] {logging_mixin.py:190} INFO - [2024-12-06T23:35:41.291-0600] {dagbag.py:588} INFO - Filling up the DagBag from /home/m9d9v9/PycharmProjects/Airflow-2/Airflow-2/.venv/lib/python3.10/site-packages/airflow/example_dags/example_setup_teardown.py
[2024-12-06T23:35:41.308-0600] {processor.py:925} INFO - DAG(s) 'example_setup_teardown' retrieved from /home/m9d9v9/PycharmProjects/Airflow-2/Airflow-2/.venv/lib/python3.10/site-packages/airflow/example_dags/example_setup_teardown.py
[2024-12-06T23:35:41.332-0600] {logging_mixin.py:190} INFO - [2024-12-06T23:35:41.332-0600] {dag.py:3239} INFO - Sync 1 DAGs
[2024-12-06T23:35:41.339-0600] {logging_mixin.py:190} INFO - [2024-12-06T23:35:41.339-0600] {dag.py:4180} INFO - Setting next_dagrun for example_setup_teardown to None, run_after=None
[2024-12-06T23:35:41.446-0600] {processor.py:208} INFO - Processing /home/m9d9v9/PycharmProjects/Airflow-2/Airflow-2/.venv/lib/python3.10/site-packages/airflow/example_dags/example_setup_teardown.py took 0.173 seconds
[2024-12-06T23:36:43.580-0600] {processor.py:186} INFO - Started process (PID=18418) to work on /home/m9d9v9/PycharmProjects/Airflow-2/Airflow-2/.venv/lib/python3.10/site-packages/airflow/example_dags/example_setup_teardown.py
[2024-12-06T23:36:43.586-0600] {processor.py:914} INFO - Processing file /home/m9d9v9/PycharmProjects/Airflow-2/Airflow-2/.venv/lib/python3.10/site-packages/airflow/example_dags/example_setup_teardown.py for tasks to queue
[2024-12-06T23:36:43.588-0600] {logging_mixin.py:190} INFO - [2024-12-06T23:36:43.588-0600] {dagbag.py:588} INFO - Filling up the DagBag from /home/m9d9v9/PycharmProjects/Airflow-2/Airflow-2/.venv/lib/python3.10/site-packages/airflow/example_dags/example_setup_teardown.py
[2024-12-06T23:36:43.605-0600] {processor.py:925} INFO - DAG(s) 'example_setup_teardown' retrieved from /home/m9d9v9/PycharmProjects/Airflow-2/Airflow-2/.venv/lib/python3.10/site-packages/airflow/example_dags/example_setup_teardown.py
[2024-12-06T23:36:43.631-0600] {logging_mixin.py:190} INFO - [2024-12-06T23:36:43.631-0600] {dag.py:3239} INFO - Sync 1 DAGs
[2024-12-06T23:36:43.638-0600] {logging_mixin.py:190} INFO - [2024-12-06T23:36:43.638-0600] {dag.py:4180} INFO - Setting next_dagrun for example_setup_teardown to None, run_after=None
[2024-12-06T23:36:43.649-0600] {processor.py:208} INFO - Processing /home/m9d9v9/PycharmProjects/Airflow-2/Airflow-2/.venv/lib/python3.10/site-packages/airflow/example_dags/example_setup_teardown.py took 0.078 seconds
[2024-12-06T23:37:44.393-0600] {processor.py:186} INFO - Started process (PID=18707) to work on /home/m9d9v9/PycharmProjects/Airflow-2/Airflow-2/.venv/lib/python3.10/site-packages/airflow/example_dags/example_setup_teardown.py
[2024-12-06T23:37:44.400-0600] {processor.py:914} INFO - Processing file /home/m9d9v9/PycharmProjects/Airflow-2/Airflow-2/.venv/lib/python3.10/site-packages/airflow/example_dags/example_setup_teardown.py for tasks to queue
[2024-12-06T23:37:44.402-0600] {logging_mixin.py:190} INFO - [2024-12-06T23:37:44.401-0600] {dagbag.py:588} INFO - Filling up the DagBag from /home/m9d9v9/PycharmProjects/Airflow-2/Airflow-2/.venv/lib/python3.10/site-packages/airflow/example_dags/example_setup_teardown.py
[2024-12-06T23:37:44.419-0600] {processor.py:925} INFO - DAG(s) 'example_setup_teardown' retrieved from /home/m9d9v9/PycharmProjects/Airflow-2/Airflow-2/.venv/lib/python3.10/site-packages/airflow/example_dags/example_setup_teardown.py
[2024-12-06T23:37:44.440-0600] {logging_mixin.py:190} INFO - [2024-12-06T23:37:44.440-0600] {dag.py:3239} INFO - Sync 1 DAGs
[2024-12-06T23:37:44.448-0600] {logging_mixin.py:190} INFO - [2024-12-06T23:37:44.447-0600] {dag.py:4180} INFO - Setting next_dagrun for example_setup_teardown to None, run_after=None
[2024-12-06T23:37:44.459-0600] {processor.py:208} INFO - Processing /home/m9d9v9/PycharmProjects/Airflow-2/Airflow-2/.venv/lib/python3.10/site-packages/airflow/example_dags/example_setup_teardown.py took 0.078 seconds
[2024-12-06T23:38:48.012-0600] {processor.py:186} INFO - Started process (PID=18876) to work on /home/m9d9v9/PycharmProjects/Airflow-2/Airflow-2/.venv/lib/python3.10/site-packages/airflow/example_dags/example_setup_teardown.py
[2024-12-06T23:38:48.018-0600] {processor.py:914} INFO - Processing file /home/m9d9v9/PycharmProjects/Airflow-2/Airflow-2/.venv/lib/python3.10/site-packages/airflow/example_dags/example_setup_teardown.py for tasks to queue
[2024-12-06T23:38:48.019-0600] {logging_mixin.py:190} INFO - [2024-12-06T23:38:48.019-0600] {dagbag.py:588} INFO - Filling up the DagBag from /home/m9d9v9/PycharmProjects/Airflow-2/Airflow-2/.venv/lib/python3.10/site-packages/airflow/example_dags/example_setup_teardown.py
[2024-12-06T23:38:48.025-0600] {processor.py:925} INFO - DAG(s) 'example_setup_teardown' retrieved from /home/m9d9v9/PycharmProjects/Airflow-2/Airflow-2/.venv/lib/python3.10/site-packages/airflow/example_dags/example_setup_teardown.py
[2024-12-06T23:38:48.037-0600] {logging_mixin.py:190} INFO - [2024-12-06T23:38:48.037-0600] {dag.py:3239} INFO - Sync 1 DAGs
[2024-12-06T23:38:48.045-0600] {logging_mixin.py:190} INFO - [2024-12-06T23:38:48.045-0600] {dag.py:4180} INFO - Setting next_dagrun for example_setup_teardown to None, run_after=None
[2024-12-06T23:38:48.058-0600] {processor.py:208} INFO - Processing /home/m9d9v9/PycharmProjects/Airflow-2/Airflow-2/.venv/lib/python3.10/site-packages/airflow/example_dags/example_setup_teardown.py took 0.051 seconds
[2024-12-06T23:39:48.341-0600] {processor.py:186} INFO - Started process (PID=19093) to work on /home/m9d9v9/PycharmProjects/Airflow-2/Airflow-2/.venv/lib/python3.10/site-packages/airflow/example_dags/example_setup_teardown.py
[2024-12-06T23:39:48.342-0600] {processor.py:914} INFO - Processing file /home/m9d9v9/PycharmProjects/Airflow-2/Airflow-2/.venv/lib/python3.10/site-packages/airflow/example_dags/example_setup_teardown.py for tasks to queue
[2024-12-06T23:39:48.344-0600] {logging_mixin.py:190} INFO - [2024-12-06T23:39:48.344-0600] {dagbag.py:588} INFO - Filling up the DagBag from /home/m9d9v9/PycharmProjects/Airflow-2/Airflow-2/.venv/lib/python3.10/site-packages/airflow/example_dags/example_setup_teardown.py
[2024-12-06T23:39:48.355-0600] {processor.py:925} INFO - DAG(s) 'example_setup_teardown' retrieved from /home/m9d9v9/PycharmProjects/Airflow-2/Airflow-2/.venv/lib/python3.10/site-packages/airflow/example_dags/example_setup_teardown.py
[2024-12-06T23:39:48.374-0600] {logging_mixin.py:190} INFO - [2024-12-06T23:39:48.374-0600] {dag.py:3239} INFO - Sync 1 DAGs
[2024-12-06T23:39:48.383-0600] {logging_mixin.py:190} INFO - [2024-12-06T23:39:48.383-0600] {dag.py:4180} INFO - Setting next_dagrun for example_setup_teardown to None, run_after=None
[2024-12-06T23:39:48.396-0600] {processor.py:208} INFO - Processing /home/m9d9v9/PycharmProjects/Airflow-2/Airflow-2/.venv/lib/python3.10/site-packages/airflow/example_dags/example_setup_teardown.py took 0.062 seconds
[2024-12-06T23:40:46.215-0600] {processor.py:186} INFO - Started process (PID=19274) to work on /home/m9d9v9/PycharmProjects/Airflow-2/Airflow-2/.venv/lib/python3.10/site-packages/airflow/example_dags/example_setup_teardown.py
[2024-12-06T23:40:46.217-0600] {processor.py:914} INFO - Processing file /home/m9d9v9/PycharmProjects/Airflow-2/Airflow-2/.venv/lib/python3.10/site-packages/airflow/example_dags/example_setup_teardown.py for tasks to queue
[2024-12-06T23:40:46.219-0600] {logging_mixin.py:190} INFO - [2024-12-06T23:40:46.218-0600] {dagbag.py:588} INFO - Filling up the DagBag from /home/m9d9v9/PycharmProjects/Airflow-2/Airflow-2/.venv/lib/python3.10/site-packages/airflow/example_dags/example_setup_teardown.py
[2024-12-06T23:40:46.235-0600] {processor.py:925} INFO - DAG(s) 'example_setup_teardown' retrieved from /home/m9d9v9/PycharmProjects/Airflow-2/Airflow-2/.venv/lib/python3.10/site-packages/airflow/example_dags/example_setup_teardown.py
[2024-12-06T23:40:46.254-0600] {logging_mixin.py:190} INFO - [2024-12-06T23:40:46.254-0600] {dag.py:3239} INFO - Sync 1 DAGs
[2024-12-06T23:40:46.261-0600] {logging_mixin.py:190} INFO - [2024-12-06T23:40:46.261-0600] {dag.py:4180} INFO - Setting next_dagrun for example_setup_teardown to None, run_after=None
[2024-12-06T23:40:46.272-0600] {processor.py:208} INFO - Processing /home/m9d9v9/PycharmProjects/Airflow-2/Airflow-2/.venv/lib/python3.10/site-packages/airflow/example_dags/example_setup_teardown.py took 0.069 seconds
[2024-12-06T23:41:38.611-0600] {processor.py:186} INFO - Started process (PID=19356) to work on /home/m9d9v9/PycharmProjects/Airflow-2/Airflow-2/.venv/lib/python3.10/site-packages/airflow/example_dags/example_setup_teardown.py
[2024-12-06T23:41:38.617-0600] {processor.py:914} INFO - Processing file /home/m9d9v9/PycharmProjects/Airflow-2/Airflow-2/.venv/lib/python3.10/site-packages/airflow/example_dags/example_setup_teardown.py for tasks to queue
[2024-12-06T23:41:38.619-0600] {logging_mixin.py:190} INFO - [2024-12-06T23:41:38.618-0600] {dagbag.py:588} INFO - Filling up the DagBag from /home/m9d9v9/PycharmProjects/Airflow-2/Airflow-2/.venv/lib/python3.10/site-packages/airflow/example_dags/example_setup_teardown.py
[2024-12-06T23:41:38.627-0600] {processor.py:925} INFO - DAG(s) 'example_setup_teardown' retrieved from /home/m9d9v9/PycharmProjects/Airflow-2/Airflow-2/.venv/lib/python3.10/site-packages/airflow/example_dags/example_setup_teardown.py
[2024-12-06T23:41:38.646-0600] {logging_mixin.py:190} INFO - [2024-12-06T23:41:38.646-0600] {dag.py:3239} INFO - Sync 1 DAGs
[2024-12-06T23:41:38.657-0600] {logging_mixin.py:190} INFO - [2024-12-06T23:41:38.657-0600] {dag.py:4180} INFO - Setting next_dagrun for example_setup_teardown to None, run_after=None
[2024-12-06T23:41:38.671-0600] {processor.py:208} INFO - Processing /home/m9d9v9/PycharmProjects/Airflow-2/Airflow-2/.venv/lib/python3.10/site-packages/airflow/example_dags/example_setup_teardown.py took 0.066 seconds
