[2024-12-06T22:19:02.977-0600] {processor.py:186} INFO - Started process (PID=12507) to work on /home/m9d9v9/PycharmProjects/Airflow-2/Airflow-2/.venv/lib/python3.10/site-packages/airflow/example_dags/example_python_operator.py
[2024-12-06T22:19:02.979-0600] {processor.py:914} INFO - Processing file /home/m9d9v9/PycharmProjects/Airflow-2/Airflow-2/.venv/lib/python3.10/site-packages/airflow/example_dags/example_python_operator.py for tasks to queue
[2024-12-06T22:19:02.983-0600] {logging_mixin.py:190} INFO - [2024-12-06T22:19:02.982-0600] {dagbag.py:588} INFO - Filling up the DagBag from /home/m9d9v9/PycharmProjects/Airflow-2/Airflow-2/.venv/lib/python3.10/site-packages/airflow/example_dags/example_python_operator.py
[2024-12-06T22:19:02.997-0600] {logging_mixin.py:190} INFO - [2024-12-06T22:19:02.996-0600] {example_python_operator.py:93} WARNING - The virtalenv_python example task requires virtualenv, please install it.
[2024-12-06T22:19:03.002-0600] {processor.py:925} INFO - DAG(s) 'example_python_operator' retrieved from /home/m9d9v9/PycharmProjects/Airflow-2/Airflow-2/.venv/lib/python3.10/site-packages/airflow/example_dags/example_python_operator.py
[2024-12-06T22:19:03.074-0600] {logging_mixin.py:190} INFO - [2024-12-06T22:19:03.073-0600] {override.py:1911} INFO - Created Permission View: can edit on DAG:example_python_operator
[2024-12-06T22:19:03.081-0600] {logging_mixin.py:190} INFO - [2024-12-06T22:19:03.081-0600] {override.py:1911} INFO - Created Permission View: can read on DAG:example_python_operator
[2024-12-06T22:19:03.086-0600] {logging_mixin.py:190} INFO - [2024-12-06T22:19:03.085-0600] {override.py:1911} INFO - Created Permission View: can delete on DAG:example_python_operator
[2024-12-06T22:19:03.092-0600] {logging_mixin.py:190} INFO - [2024-12-06T22:19:03.092-0600] {override.py:1911} INFO - Created Permission View: menu access on DAG Run:example_python_operator
[2024-12-06T22:19:03.096-0600] {logging_mixin.py:190} INFO - [2024-12-06T22:19:03.096-0600] {override.py:1911} INFO - Created Permission View: can create on DAG Run:example_python_operator
[2024-12-06T22:19:03.101-0600] {logging_mixin.py:190} INFO - [2024-12-06T22:19:03.100-0600] {override.py:1911} INFO - Created Permission View: can read on DAG Run:example_python_operator
[2024-12-06T22:19:03.105-0600] {logging_mixin.py:190} INFO - [2024-12-06T22:19:03.105-0600] {override.py:1911} INFO - Created Permission View: can delete on DAG Run:example_python_operator
[2024-12-06T22:19:03.105-0600] {logging_mixin.py:190} INFO - [2024-12-06T22:19:03.105-0600] {dag.py:3239} INFO - Sync 1 DAGs
[2024-12-06T22:19:03.112-0600] {logging_mixin.py:190} INFO - [2024-12-06T22:19:03.112-0600] {dag.py:3262} INFO - Creating ORM DAG for example_python_operator
[2024-12-06T22:19:03.112-0600] {logging_mixin.py:190} INFO - [2024-12-06T22:19:03.112-0600] {dag.py:4180} INFO - Setting next_dagrun for example_python_operator to None, run_after=None
[2024-12-06T22:19:03.125-0600] {processor.py:208} INFO - Processing /home/m9d9v9/PycharmProjects/Airflow-2/Airflow-2/.venv/lib/python3.10/site-packages/airflow/example_dags/example_python_operator.py took 0.161 seconds
[2024-12-06T22:20:03.525-0600] {processor.py:186} INFO - Started process (PID=12618) to work on /home/m9d9v9/PycharmProjects/Airflow-2/Airflow-2/.venv/lib/python3.10/site-packages/airflow/example_dags/example_python_operator.py
[2024-12-06T22:20:03.532-0600] {processor.py:914} INFO - Processing file /home/m9d9v9/PycharmProjects/Airflow-2/Airflow-2/.venv/lib/python3.10/site-packages/airflow/example_dags/example_python_operator.py for tasks to queue
[2024-12-06T22:20:03.537-0600] {logging_mixin.py:190} INFO - [2024-12-06T22:20:03.536-0600] {dagbag.py:588} INFO - Filling up the DagBag from /home/m9d9v9/PycharmProjects/Airflow-2/Airflow-2/.venv/lib/python3.10/site-packages/airflow/example_dags/example_python_operator.py
[2024-12-06T22:20:03.551-0600] {logging_mixin.py:190} INFO - [2024-12-06T22:20:03.551-0600] {example_python_operator.py:93} WARNING - The virtalenv_python example task requires virtualenv, please install it.
[2024-12-06T22:20:03.556-0600] {processor.py:925} INFO - DAG(s) 'example_python_operator' retrieved from /home/m9d9v9/PycharmProjects/Airflow-2/Airflow-2/.venv/lib/python3.10/site-packages/airflow/example_dags/example_python_operator.py
[2024-12-06T22:20:03.579-0600] {logging_mixin.py:190} INFO - [2024-12-06T22:20:03.579-0600] {dag.py:3239} INFO - Sync 1 DAGs
[2024-12-06T22:20:03.587-0600] {logging_mixin.py:190} INFO - [2024-12-06T22:20:03.587-0600] {dag.py:4180} INFO - Setting next_dagrun for example_python_operator to None, run_after=None
[2024-12-06T22:20:03.600-0600] {processor.py:208} INFO - Processing /home/m9d9v9/PycharmProjects/Airflow-2/Airflow-2/.venv/lib/python3.10/site-packages/airflow/example_dags/example_python_operator.py took 0.087 seconds
[2024-12-06T22:20:58.433-0600] {processor.py:186} INFO - Started process (PID=12699) to work on /home/m9d9v9/PycharmProjects/Airflow-2/Airflow-2/.venv/lib/python3.10/site-packages/airflow/example_dags/example_python_operator.py
[2024-12-06T22:20:58.441-0600] {processor.py:914} INFO - Processing file /home/m9d9v9/PycharmProjects/Airflow-2/Airflow-2/.venv/lib/python3.10/site-packages/airflow/example_dags/example_python_operator.py for tasks to queue
[2024-12-06T22:20:58.444-0600] {logging_mixin.py:190} INFO - [2024-12-06T22:20:58.443-0600] {dagbag.py:588} INFO - Filling up the DagBag from /home/m9d9v9/PycharmProjects/Airflow-2/Airflow-2/.venv/lib/python3.10/site-packages/airflow/example_dags/example_python_operator.py
[2024-12-06T22:20:58.455-0600] {logging_mixin.py:190} INFO - [2024-12-06T22:20:58.454-0600] {example_python_operator.py:93} WARNING - The virtalenv_python example task requires virtualenv, please install it.
[2024-12-06T22:20:58.458-0600] {processor.py:925} INFO - DAG(s) 'example_python_operator' retrieved from /home/m9d9v9/PycharmProjects/Airflow-2/Airflow-2/.venv/lib/python3.10/site-packages/airflow/example_dags/example_python_operator.py
[2024-12-06T22:20:58.492-0600] {logging_mixin.py:190} INFO - [2024-12-06T22:20:58.491-0600] {dag.py:3239} INFO - Sync 1 DAGs
[2024-12-06T22:20:58.503-0600] {logging_mixin.py:190} INFO - [2024-12-06T22:20:58.503-0600] {dag.py:4180} INFO - Setting next_dagrun for example_python_operator to None, run_after=None
[2024-12-06T22:20:58.530-0600] {processor.py:208} INFO - Processing /home/m9d9v9/PycharmProjects/Airflow-2/Airflow-2/.venv/lib/python3.10/site-packages/airflow/example_dags/example_python_operator.py took 0.109 seconds
[2024-12-06T22:21:56.664-0600] {processor.py:186} INFO - Started process (PID=12776) to work on /home/m9d9v9/PycharmProjects/Airflow-2/Airflow-2/.venv/lib/python3.10/site-packages/airflow/example_dags/example_python_operator.py
[2024-12-06T22:21:56.671-0600] {processor.py:914} INFO - Processing file /home/m9d9v9/PycharmProjects/Airflow-2/Airflow-2/.venv/lib/python3.10/site-packages/airflow/example_dags/example_python_operator.py for tasks to queue
[2024-12-06T22:21:56.675-0600] {logging_mixin.py:190} INFO - [2024-12-06T22:21:56.674-0600] {dagbag.py:588} INFO - Filling up the DagBag from /home/m9d9v9/PycharmProjects/Airflow-2/Airflow-2/.venv/lib/python3.10/site-packages/airflow/example_dags/example_python_operator.py
[2024-12-06T22:21:56.689-0600] {logging_mixin.py:190} INFO - [2024-12-06T22:21:56.689-0600] {example_python_operator.py:93} WARNING - The virtalenv_python example task requires virtualenv, please install it.
[2024-12-06T22:21:56.694-0600] {processor.py:925} INFO - DAG(s) 'example_python_operator' retrieved from /home/m9d9v9/PycharmProjects/Airflow-2/Airflow-2/.venv/lib/python3.10/site-packages/airflow/example_dags/example_python_operator.py
[2024-12-06T22:21:56.716-0600] {logging_mixin.py:190} INFO - [2024-12-06T22:21:56.715-0600] {dag.py:3239} INFO - Sync 1 DAGs
[2024-12-06T22:21:56.724-0600] {logging_mixin.py:190} INFO - [2024-12-06T22:21:56.724-0600] {dag.py:4180} INFO - Setting next_dagrun for example_python_operator to None, run_after=None
[2024-12-06T22:21:56.736-0600] {processor.py:208} INFO - Processing /home/m9d9v9/PycharmProjects/Airflow-2/Airflow-2/.venv/lib/python3.10/site-packages/airflow/example_dags/example_python_operator.py took 0.085 seconds
[2024-12-06T22:23:14.264-0600] {processor.py:186} INFO - Started process (PID=12938) to work on /home/m9d9v9/PycharmProjects/Airflow-2/Airflow-2/.venv/lib/python3.10/site-packages/airflow/example_dags/example_python_operator.py
[2024-12-06T22:23:14.271-0600] {processor.py:914} INFO - Processing file /home/m9d9v9/PycharmProjects/Airflow-2/Airflow-2/.venv/lib/python3.10/site-packages/airflow/example_dags/example_python_operator.py for tasks to queue
[2024-12-06T22:23:14.275-0600] {logging_mixin.py:190} INFO - [2024-12-06T22:23:14.274-0600] {dagbag.py:588} INFO - Filling up the DagBag from /home/m9d9v9/PycharmProjects/Airflow-2/Airflow-2/.venv/lib/python3.10/site-packages/airflow/example_dags/example_python_operator.py
[2024-12-06T22:23:14.289-0600] {logging_mixin.py:190} INFO - [2024-12-06T22:23:14.289-0600] {example_python_operator.py:93} WARNING - The virtalenv_python example task requires virtualenv, please install it.
[2024-12-06T22:23:14.295-0600] {processor.py:925} INFO - DAG(s) 'example_python_operator' retrieved from /home/m9d9v9/PycharmProjects/Airflow-2/Airflow-2/.venv/lib/python3.10/site-packages/airflow/example_dags/example_python_operator.py
[2024-12-06T22:23:14.314-0600] {logging_mixin.py:190} INFO - [2024-12-06T22:23:14.313-0600] {dag.py:3239} INFO - Sync 1 DAGs
[2024-12-06T22:23:14.324-0600] {logging_mixin.py:190} INFO - [2024-12-06T22:23:14.324-0600] {dag.py:4180} INFO - Setting next_dagrun for example_python_operator to None, run_after=None
[2024-12-06T22:23:14.338-0600] {processor.py:208} INFO - Processing /home/m9d9v9/PycharmProjects/Airflow-2/Airflow-2/.venv/lib/python3.10/site-packages/airflow/example_dags/example_python_operator.py took 0.087 seconds
[2024-12-06T22:24:11.112-0600] {processor.py:186} INFO - Started process (PID=13008) to work on /home/m9d9v9/PycharmProjects/Airflow-2/Airflow-2/.venv/lib/python3.10/site-packages/airflow/example_dags/example_python_operator.py
[2024-12-06T22:24:11.118-0600] {processor.py:914} INFO - Processing file /home/m9d9v9/PycharmProjects/Airflow-2/Airflow-2/.venv/lib/python3.10/site-packages/airflow/example_dags/example_python_operator.py for tasks to queue
[2024-12-06T22:24:11.120-0600] {logging_mixin.py:190} INFO - [2024-12-06T22:24:11.120-0600] {dagbag.py:588} INFO - Filling up the DagBag from /home/m9d9v9/PycharmProjects/Airflow-2/Airflow-2/.venv/lib/python3.10/site-packages/airflow/example_dags/example_python_operator.py
[2024-12-06T22:24:11.126-0600] {logging_mixin.py:190} INFO - [2024-12-06T22:24:11.126-0600] {example_python_operator.py:93} WARNING - The virtalenv_python example task requires virtualenv, please install it.
[2024-12-06T22:24:11.127-0600] {processor.py:925} INFO - DAG(s) 'example_python_operator' retrieved from /home/m9d9v9/PycharmProjects/Airflow-2/Airflow-2/.venv/lib/python3.10/site-packages/airflow/example_dags/example_python_operator.py
[2024-12-06T22:24:11.140-0600] {logging_mixin.py:190} INFO - [2024-12-06T22:24:11.140-0600] {dag.py:3239} INFO - Sync 1 DAGs
[2024-12-06T22:24:11.149-0600] {logging_mixin.py:190} INFO - [2024-12-06T22:24:11.149-0600] {dag.py:4180} INFO - Setting next_dagrun for example_python_operator to None, run_after=None
[2024-12-06T22:24:11.162-0600] {processor.py:208} INFO - Processing /home/m9d9v9/PycharmProjects/Airflow-2/Airflow-2/.venv/lib/python3.10/site-packages/airflow/example_dags/example_python_operator.py took 0.055 seconds
[2024-12-06T22:25:08.170-0600] {processor.py:186} INFO - Started process (PID=13096) to work on /home/m9d9v9/PycharmProjects/Airflow-2/Airflow-2/.venv/lib/python3.10/site-packages/airflow/example_dags/example_python_operator.py
[2024-12-06T22:25:08.176-0600] {processor.py:914} INFO - Processing file /home/m9d9v9/PycharmProjects/Airflow-2/Airflow-2/.venv/lib/python3.10/site-packages/airflow/example_dags/example_python_operator.py for tasks to queue
[2024-12-06T22:25:08.178-0600] {logging_mixin.py:190} INFO - [2024-12-06T22:25:08.177-0600] {dagbag.py:588} INFO - Filling up the DagBag from /home/m9d9v9/PycharmProjects/Airflow-2/Airflow-2/.venv/lib/python3.10/site-packages/airflow/example_dags/example_python_operator.py
[2024-12-06T22:25:08.184-0600] {logging_mixin.py:190} INFO - [2024-12-06T22:25:08.184-0600] {example_python_operator.py:93} WARNING - The virtalenv_python example task requires virtualenv, please install it.
[2024-12-06T22:25:08.186-0600] {processor.py:925} INFO - DAG(s) 'example_python_operator' retrieved from /home/m9d9v9/PycharmProjects/Airflow-2/Airflow-2/.venv/lib/python3.10/site-packages/airflow/example_dags/example_python_operator.py
[2024-12-06T22:25:08.200-0600] {logging_mixin.py:190} INFO - [2024-12-06T22:25:08.200-0600] {dag.py:3239} INFO - Sync 1 DAGs
[2024-12-06T22:25:08.211-0600] {logging_mixin.py:190} INFO - [2024-12-06T22:25:08.211-0600] {dag.py:4180} INFO - Setting next_dagrun for example_python_operator to None, run_after=None
[2024-12-06T22:25:08.225-0600] {processor.py:208} INFO - Processing /home/m9d9v9/PycharmProjects/Airflow-2/Airflow-2/.venv/lib/python3.10/site-packages/airflow/example_dags/example_python_operator.py took 0.061 seconds
[2024-12-06T22:26:04.229-0600] {processor.py:186} INFO - Started process (PID=13175) to work on /home/m9d9v9/PycharmProjects/Airflow-2/Airflow-2/.venv/lib/python3.10/site-packages/airflow/example_dags/example_python_operator.py
[2024-12-06T22:26:04.236-0600] {processor.py:914} INFO - Processing file /home/m9d9v9/PycharmProjects/Airflow-2/Airflow-2/.venv/lib/python3.10/site-packages/airflow/example_dags/example_python_operator.py for tasks to queue
[2024-12-06T22:26:04.239-0600] {logging_mixin.py:190} INFO - [2024-12-06T22:26:04.238-0600] {dagbag.py:588} INFO - Filling up the DagBag from /home/m9d9v9/PycharmProjects/Airflow-2/Airflow-2/.venv/lib/python3.10/site-packages/airflow/example_dags/example_python_operator.py
[2024-12-06T22:26:04.254-0600] {logging_mixin.py:190} INFO - [2024-12-06T22:26:04.253-0600] {example_python_operator.py:93} WARNING - The virtalenv_python example task requires virtualenv, please install it.
[2024-12-06T22:26:04.258-0600] {processor.py:925} INFO - DAG(s) 'example_python_operator' retrieved from /home/m9d9v9/PycharmProjects/Airflow-2/Airflow-2/.venv/lib/python3.10/site-packages/airflow/example_dags/example_python_operator.py
[2024-12-06T22:26:04.281-0600] {logging_mixin.py:190} INFO - [2024-12-06T22:26:04.280-0600] {dag.py:3239} INFO - Sync 1 DAGs
[2024-12-06T22:26:04.289-0600] {logging_mixin.py:190} INFO - [2024-12-06T22:26:04.289-0600] {dag.py:4180} INFO - Setting next_dagrun for example_python_operator to None, run_after=None
[2024-12-06T22:26:04.302-0600] {processor.py:208} INFO - Processing /home/m9d9v9/PycharmProjects/Airflow-2/Airflow-2/.venv/lib/python3.10/site-packages/airflow/example_dags/example_python_operator.py took 0.086 seconds
[2024-12-06T22:27:01.291-0600] {processor.py:186} INFO - Started process (PID=13253) to work on /home/m9d9v9/PycharmProjects/Airflow-2/Airflow-2/.venv/lib/python3.10/site-packages/airflow/example_dags/example_python_operator.py
[2024-12-06T22:27:01.297-0600] {processor.py:914} INFO - Processing file /home/m9d9v9/PycharmProjects/Airflow-2/Airflow-2/.venv/lib/python3.10/site-packages/airflow/example_dags/example_python_operator.py for tasks to queue
[2024-12-06T22:27:01.298-0600] {logging_mixin.py:190} INFO - [2024-12-06T22:27:01.298-0600] {dagbag.py:588} INFO - Filling up the DagBag from /home/m9d9v9/PycharmProjects/Airflow-2/Airflow-2/.venv/lib/python3.10/site-packages/airflow/example_dags/example_python_operator.py
[2024-12-06T22:27:01.307-0600] {logging_mixin.py:190} INFO - [2024-12-06T22:27:01.307-0600] {example_python_operator.py:93} WARNING - The virtalenv_python example task requires virtualenv, please install it.
[2024-12-06T22:27:01.309-0600] {processor.py:925} INFO - DAG(s) 'example_python_operator' retrieved from /home/m9d9v9/PycharmProjects/Airflow-2/Airflow-2/.venv/lib/python3.10/site-packages/airflow/example_dags/example_python_operator.py
[2024-12-06T22:27:01.330-0600] {logging_mixin.py:190} INFO - [2024-12-06T22:27:01.329-0600] {dag.py:3239} INFO - Sync 1 DAGs
[2024-12-06T22:27:01.342-0600] {logging_mixin.py:190} INFO - [2024-12-06T22:27:01.342-0600] {dag.py:4180} INFO - Setting next_dagrun for example_python_operator to None, run_after=None
[2024-12-06T22:27:01.358-0600] {processor.py:208} INFO - Processing /home/m9d9v9/PycharmProjects/Airflow-2/Airflow-2/.venv/lib/python3.10/site-packages/airflow/example_dags/example_python_operator.py took 0.072 seconds
[2024-12-06T22:37:21.938-0600] {processor.py:186} INFO - Started process (PID=14641) to work on /home/m9d9v9/PycharmProjects/Airflow-2/Airflow-2/.venv/lib/python3.10/site-packages/airflow/example_dags/example_python_operator.py
[2024-12-06T22:37:21.945-0600] {processor.py:914} INFO - Processing file /home/m9d9v9/PycharmProjects/Airflow-2/Airflow-2/.venv/lib/python3.10/site-packages/airflow/example_dags/example_python_operator.py for tasks to queue
[2024-12-06T22:37:21.949-0600] {logging_mixin.py:190} INFO - [2024-12-06T22:37:21.949-0600] {dagbag.py:588} INFO - Filling up the DagBag from /home/m9d9v9/PycharmProjects/Airflow-2/Airflow-2/.venv/lib/python3.10/site-packages/airflow/example_dags/example_python_operator.py
[2024-12-06T22:37:21.964-0600] {logging_mixin.py:190} INFO - [2024-12-06T22:37:21.964-0600] {example_python_operator.py:93} WARNING - The virtalenv_python example task requires virtualenv, please install it.
[2024-12-06T22:37:21.969-0600] {processor.py:925} INFO - DAG(s) 'example_python_operator' retrieved from /home/m9d9v9/PycharmProjects/Airflow-2/Airflow-2/.venv/lib/python3.10/site-packages/airflow/example_dags/example_python_operator.py
[2024-12-06T22:37:21.991-0600] {logging_mixin.py:190} INFO - [2024-12-06T22:37:21.991-0600] {dag.py:3239} INFO - Sync 1 DAGs
[2024-12-06T22:37:21.999-0600] {logging_mixin.py:190} INFO - [2024-12-06T22:37:21.999-0600] {dag.py:4180} INFO - Setting next_dagrun for example_python_operator to None, run_after=None
[2024-12-06T22:37:22.011-0600] {processor.py:208} INFO - Processing /home/m9d9v9/PycharmProjects/Airflow-2/Airflow-2/.venv/lib/python3.10/site-packages/airflow/example_dags/example_python_operator.py took 0.085 seconds
[2024-12-06T22:38:20.172-0600] {processor.py:186} INFO - Started process (PID=14747) to work on /home/m9d9v9/PycharmProjects/Airflow-2/Airflow-2/.venv/lib/python3.10/site-packages/airflow/example_dags/example_python_operator.py
[2024-12-06T22:38:20.179-0600] {processor.py:914} INFO - Processing file /home/m9d9v9/PycharmProjects/Airflow-2/Airflow-2/.venv/lib/python3.10/site-packages/airflow/example_dags/example_python_operator.py for tasks to queue
[2024-12-06T22:38:20.182-0600] {logging_mixin.py:190} INFO - [2024-12-06T22:38:20.181-0600] {dagbag.py:588} INFO - Filling up the DagBag from /home/m9d9v9/PycharmProjects/Airflow-2/Airflow-2/.venv/lib/python3.10/site-packages/airflow/example_dags/example_python_operator.py
[2024-12-06T22:38:20.190-0600] {logging_mixin.py:190} INFO - [2024-12-06T22:38:20.190-0600] {example_python_operator.py:93} WARNING - The virtalenv_python example task requires virtualenv, please install it.
[2024-12-06T22:38:20.192-0600] {processor.py:925} INFO - DAG(s) 'example_python_operator' retrieved from /home/m9d9v9/PycharmProjects/Airflow-2/Airflow-2/.venv/lib/python3.10/site-packages/airflow/example_dags/example_python_operator.py
[2024-12-06T22:38:20.207-0600] {logging_mixin.py:190} INFO - [2024-12-06T22:38:20.207-0600] {dag.py:3239} INFO - Sync 1 DAGs
[2024-12-06T22:38:20.216-0600] {logging_mixin.py:190} INFO - [2024-12-06T22:38:20.216-0600] {dag.py:4180} INFO - Setting next_dagrun for example_python_operator to None, run_after=None
[2024-12-06T22:38:20.228-0600] {processor.py:208} INFO - Processing /home/m9d9v9/PycharmProjects/Airflow-2/Airflow-2/.venv/lib/python3.10/site-packages/airflow/example_dags/example_python_operator.py took 0.061 seconds
[2024-12-06T22:39:18.395-0600] {processor.py:186} INFO - Started process (PID=14880) to work on /home/m9d9v9/PycharmProjects/Airflow-2/Airflow-2/.venv/lib/python3.10/site-packages/airflow/example_dags/example_python_operator.py
[2024-12-06T22:39:18.406-0600] {processor.py:914} INFO - Processing file /home/m9d9v9/PycharmProjects/Airflow-2/Airflow-2/.venv/lib/python3.10/site-packages/airflow/example_dags/example_python_operator.py for tasks to queue
[2024-12-06T22:39:18.411-0600] {logging_mixin.py:190} INFO - [2024-12-06T22:39:18.410-0600] {dagbag.py:588} INFO - Filling up the DagBag from /home/m9d9v9/PycharmProjects/Airflow-2/Airflow-2/.venv/lib/python3.10/site-packages/airflow/example_dags/example_python_operator.py
[2024-12-06T22:39:18.439-0600] {logging_mixin.py:190} INFO - [2024-12-06T22:39:18.439-0600] {example_python_operator.py:93} WARNING - The virtalenv_python example task requires virtualenv, please install it.
[2024-12-06T22:39:18.446-0600] {processor.py:925} INFO - DAG(s) 'example_python_operator' retrieved from /home/m9d9v9/PycharmProjects/Airflow-2/Airflow-2/.venv/lib/python3.10/site-packages/airflow/example_dags/example_python_operator.py
[2024-12-06T22:39:18.498-0600] {logging_mixin.py:190} INFO - [2024-12-06T22:39:18.497-0600] {dag.py:3239} INFO - Sync 1 DAGs
[2024-12-06T22:39:18.538-0600] {logging_mixin.py:190} INFO - [2024-12-06T22:39:18.537-0600] {dag.py:4180} INFO - Setting next_dagrun for example_python_operator to None, run_after=None
[2024-12-06T22:39:18.590-0600] {processor.py:208} INFO - Processing /home/m9d9v9/PycharmProjects/Airflow-2/Airflow-2/.venv/lib/python3.10/site-packages/airflow/example_dags/example_python_operator.py took 0.210 seconds
[2024-12-06T22:40:18.226-0600] {processor.py:186} INFO - Started process (PID=15045) to work on /home/m9d9v9/PycharmProjects/Airflow-2/Airflow-2/.venv/lib/python3.10/site-packages/airflow/example_dags/example_python_operator.py
[2024-12-06T22:40:18.233-0600] {processor.py:914} INFO - Processing file /home/m9d9v9/PycharmProjects/Airflow-2/Airflow-2/.venv/lib/python3.10/site-packages/airflow/example_dags/example_python_operator.py for tasks to queue
[2024-12-06T22:40:18.237-0600] {logging_mixin.py:190} INFO - [2024-12-06T22:40:18.236-0600] {dagbag.py:588} INFO - Filling up the DagBag from /home/m9d9v9/PycharmProjects/Airflow-2/Airflow-2/.venv/lib/python3.10/site-packages/airflow/example_dags/example_python_operator.py
[2024-12-06T22:40:18.250-0600] {logging_mixin.py:190} INFO - [2024-12-06T22:40:18.250-0600] {example_python_operator.py:93} WARNING - The virtalenv_python example task requires virtualenv, please install it.
[2024-12-06T22:40:18.255-0600] {processor.py:925} INFO - DAG(s) 'example_python_operator' retrieved from /home/m9d9v9/PycharmProjects/Airflow-2/Airflow-2/.venv/lib/python3.10/site-packages/airflow/example_dags/example_python_operator.py
[2024-12-06T22:40:18.273-0600] {logging_mixin.py:190} INFO - [2024-12-06T22:40:18.273-0600] {dag.py:3239} INFO - Sync 1 DAGs
[2024-12-06T22:40:18.282-0600] {logging_mixin.py:190} INFO - [2024-12-06T22:40:18.281-0600] {dag.py:4180} INFO - Setting next_dagrun for example_python_operator to None, run_after=None
[2024-12-06T22:40:18.294-0600] {processor.py:208} INFO - Processing /home/m9d9v9/PycharmProjects/Airflow-2/Airflow-2/.venv/lib/python3.10/site-packages/airflow/example_dags/example_python_operator.py took 0.086 seconds
[2024-12-06T22:41:19.459-0600] {processor.py:186} INFO - Started process (PID=15166) to work on /home/m9d9v9/PycharmProjects/Airflow-2/Airflow-2/.venv/lib/python3.10/site-packages/airflow/example_dags/example_python_operator.py
[2024-12-06T22:41:19.465-0600] {processor.py:914} INFO - Processing file /home/m9d9v9/PycharmProjects/Airflow-2/Airflow-2/.venv/lib/python3.10/site-packages/airflow/example_dags/example_python_operator.py for tasks to queue
[2024-12-06T22:41:19.467-0600] {logging_mixin.py:190} INFO - [2024-12-06T22:41:19.467-0600] {dagbag.py:588} INFO - Filling up the DagBag from /home/m9d9v9/PycharmProjects/Airflow-2/Airflow-2/.venv/lib/python3.10/site-packages/airflow/example_dags/example_python_operator.py
[2024-12-06T22:41:19.478-0600] {logging_mixin.py:190} INFO - [2024-12-06T22:41:19.477-0600] {example_python_operator.py:93} WARNING - The virtalenv_python example task requires virtualenv, please install it.
[2024-12-06T22:41:19.481-0600] {processor.py:925} INFO - DAG(s) 'example_python_operator' retrieved from /home/m9d9v9/PycharmProjects/Airflow-2/Airflow-2/.venv/lib/python3.10/site-packages/airflow/example_dags/example_python_operator.py
[2024-12-06T22:41:19.504-0600] {logging_mixin.py:190} INFO - [2024-12-06T22:41:19.504-0600] {dag.py:3239} INFO - Sync 1 DAGs
[2024-12-06T22:41:19.515-0600] {logging_mixin.py:190} INFO - [2024-12-06T22:41:19.515-0600] {dag.py:4180} INFO - Setting next_dagrun for example_python_operator to None, run_after=None
[2024-12-06T22:41:19.528-0600] {processor.py:208} INFO - Processing /home/m9d9v9/PycharmProjects/Airflow-2/Airflow-2/.venv/lib/python3.10/site-packages/airflow/example_dags/example_python_operator.py took 0.081 seconds
[2024-12-06T23:25:29.077-0600] {processor.py:186} INFO - Started process (PID=17313) to work on /home/m9d9v9/PycharmProjects/Airflow-2/Airflow-2/.venv/lib/python3.10/site-packages/airflow/example_dags/example_python_operator.py
[2024-12-06T23:25:29.083-0600] {processor.py:914} INFO - Processing file /home/m9d9v9/PycharmProjects/Airflow-2/Airflow-2/.venv/lib/python3.10/site-packages/airflow/example_dags/example_python_operator.py for tasks to queue
[2024-12-06T23:25:29.086-0600] {logging_mixin.py:190} INFO - [2024-12-06T23:25:29.085-0600] {dagbag.py:588} INFO - Filling up the DagBag from /home/m9d9v9/PycharmProjects/Airflow-2/Airflow-2/.venv/lib/python3.10/site-packages/airflow/example_dags/example_python_operator.py
[2024-12-06T23:25:29.099-0600] {logging_mixin.py:190} INFO - [2024-12-06T23:25:29.099-0600] {example_python_operator.py:93} WARNING - The virtalenv_python example task requires virtualenv, please install it.
[2024-12-06T23:25:29.103-0600] {processor.py:925} INFO - DAG(s) 'example_python_operator' retrieved from /home/m9d9v9/PycharmProjects/Airflow-2/Airflow-2/.venv/lib/python3.10/site-packages/airflow/example_dags/example_python_operator.py
[2024-12-06T23:25:29.131-0600] {logging_mixin.py:190} INFO - [2024-12-06T23:25:29.131-0600] {dag.py:3239} INFO - Sync 1 DAGs
[2024-12-06T23:25:29.139-0600] {logging_mixin.py:190} INFO - [2024-12-06T23:25:29.139-0600] {dag.py:4180} INFO - Setting next_dagrun for example_python_operator to None, run_after=None
[2024-12-06T23:25:29.152-0600] {processor.py:208} INFO - Processing /home/m9d9v9/PycharmProjects/Airflow-2/Airflow-2/.venv/lib/python3.10/site-packages/airflow/example_dags/example_python_operator.py took 0.084 seconds
[2024-12-06T23:26:27.004-0600] {processor.py:186} INFO - Started process (PID=17403) to work on /home/m9d9v9/PycharmProjects/Airflow-2/Airflow-2/.venv/lib/python3.10/site-packages/airflow/example_dags/example_python_operator.py
[2024-12-06T23:26:27.005-0600] {processor.py:914} INFO - Processing file /home/m9d9v9/PycharmProjects/Airflow-2/Airflow-2/.venv/lib/python3.10/site-packages/airflow/example_dags/example_python_operator.py for tasks to queue
[2024-12-06T23:26:27.006-0600] {logging_mixin.py:190} INFO - [2024-12-06T23:26:27.005-0600] {dagbag.py:588} INFO - Filling up the DagBag from /home/m9d9v9/PycharmProjects/Airflow-2/Airflow-2/.venv/lib/python3.10/site-packages/airflow/example_dags/example_python_operator.py
[2024-12-06T23:26:27.010-0600] {logging_mixin.py:190} INFO - [2024-12-06T23:26:27.010-0600] {example_python_operator.py:93} WARNING - The virtalenv_python example task requires virtualenv, please install it.
[2024-12-06T23:26:27.012-0600] {processor.py:925} INFO - DAG(s) 'example_python_operator' retrieved from /home/m9d9v9/PycharmProjects/Airflow-2/Airflow-2/.venv/lib/python3.10/site-packages/airflow/example_dags/example_python_operator.py
[2024-12-06T23:26:27.022-0600] {logging_mixin.py:190} INFO - [2024-12-06T23:26:27.022-0600] {dag.py:3239} INFO - Sync 1 DAGs
[2024-12-06T23:26:27.031-0600] {logging_mixin.py:190} INFO - [2024-12-06T23:26:27.031-0600] {dag.py:4180} INFO - Setting next_dagrun for example_python_operator to None, run_after=None
[2024-12-06T23:26:27.042-0600] {processor.py:208} INFO - Processing /home/m9d9v9/PycharmProjects/Airflow-2/Airflow-2/.venv/lib/python3.10/site-packages/airflow/example_dags/example_python_operator.py took 0.043 seconds
[2024-12-06T23:27:24.149-0600] {processor.py:186} INFO - Started process (PID=17477) to work on /home/m9d9v9/PycharmProjects/Airflow-2/Airflow-2/.venv/lib/python3.10/site-packages/airflow/example_dags/example_python_operator.py
[2024-12-06T23:27:24.155-0600] {processor.py:914} INFO - Processing file /home/m9d9v9/PycharmProjects/Airflow-2/Airflow-2/.venv/lib/python3.10/site-packages/airflow/example_dags/example_python_operator.py for tasks to queue
[2024-12-06T23:27:24.156-0600] {logging_mixin.py:190} INFO - [2024-12-06T23:27:24.155-0600] {dagbag.py:588} INFO - Filling up the DagBag from /home/m9d9v9/PycharmProjects/Airflow-2/Airflow-2/.venv/lib/python3.10/site-packages/airflow/example_dags/example_python_operator.py
[2024-12-06T23:27:24.160-0600] {logging_mixin.py:190} INFO - [2024-12-06T23:27:24.160-0600] {example_python_operator.py:93} WARNING - The virtalenv_python example task requires virtualenv, please install it.
[2024-12-06T23:27:24.161-0600] {processor.py:925} INFO - DAG(s) 'example_python_operator' retrieved from /home/m9d9v9/PycharmProjects/Airflow-2/Airflow-2/.venv/lib/python3.10/site-packages/airflow/example_dags/example_python_operator.py
[2024-12-06T23:27:24.174-0600] {logging_mixin.py:190} INFO - [2024-12-06T23:27:24.174-0600] {dag.py:3239} INFO - Sync 1 DAGs
[2024-12-06T23:27:24.199-0600] {logging_mixin.py:190} INFO - [2024-12-06T23:27:24.198-0600] {dag.py:4180} INFO - Setting next_dagrun for example_python_operator to None, run_after=None
[2024-12-06T23:27:24.215-0600] {processor.py:208} INFO - Processing /home/m9d9v9/PycharmProjects/Airflow-2/Airflow-2/.venv/lib/python3.10/site-packages/airflow/example_dags/example_python_operator.py took 0.070 seconds
[2024-12-06T23:28:22.382-0600] {processor.py:186} INFO - Started process (PID=17579) to work on /home/m9d9v9/PycharmProjects/Airflow-2/Airflow-2/.venv/lib/python3.10/site-packages/airflow/example_dags/example_python_operator.py
[2024-12-06T23:28:22.383-0600] {processor.py:914} INFO - Processing file /home/m9d9v9/PycharmProjects/Airflow-2/Airflow-2/.venv/lib/python3.10/site-packages/airflow/example_dags/example_python_operator.py for tasks to queue
[2024-12-06T23:28:22.386-0600] {logging_mixin.py:190} INFO - [2024-12-06T23:28:22.385-0600] {dagbag.py:588} INFO - Filling up the DagBag from /home/m9d9v9/PycharmProjects/Airflow-2/Airflow-2/.venv/lib/python3.10/site-packages/airflow/example_dags/example_python_operator.py
[2024-12-06T23:28:22.399-0600] {logging_mixin.py:190} INFO - [2024-12-06T23:28:22.398-0600] {example_python_operator.py:93} WARNING - The virtalenv_python example task requires virtualenv, please install it.
[2024-12-06T23:28:22.403-0600] {processor.py:925} INFO - DAG(s) 'example_python_operator' retrieved from /home/m9d9v9/PycharmProjects/Airflow-2/Airflow-2/.venv/lib/python3.10/site-packages/airflow/example_dags/example_python_operator.py
[2024-12-06T23:28:22.420-0600] {logging_mixin.py:190} INFO - [2024-12-06T23:28:22.420-0600] {dag.py:3239} INFO - Sync 1 DAGs
[2024-12-06T23:28:22.428-0600] {logging_mixin.py:190} INFO - [2024-12-06T23:28:22.428-0600] {dag.py:4180} INFO - Setting next_dagrun for example_python_operator to None, run_after=None
[2024-12-06T23:28:22.439-0600] {processor.py:208} INFO - Processing /home/m9d9v9/PycharmProjects/Airflow-2/Airflow-2/.venv/lib/python3.10/site-packages/airflow/example_dags/example_python_operator.py took 0.070 seconds
[2024-12-06T23:29:18.304-0600] {processor.py:186} INFO - Started process (PID=17723) to work on /home/m9d9v9/PycharmProjects/Airflow-2/Airflow-2/.venv/lib/python3.10/site-packages/airflow/example_dags/example_python_operator.py
[2024-12-06T23:29:18.310-0600] {processor.py:914} INFO - Processing file /home/m9d9v9/PycharmProjects/Airflow-2/Airflow-2/.venv/lib/python3.10/site-packages/airflow/example_dags/example_python_operator.py for tasks to queue
[2024-12-06T23:29:18.312-0600] {logging_mixin.py:190} INFO - [2024-12-06T23:29:18.311-0600] {dagbag.py:588} INFO - Filling up the DagBag from /home/m9d9v9/PycharmProjects/Airflow-2/Airflow-2/.venv/lib/python3.10/site-packages/airflow/example_dags/example_python_operator.py
[2024-12-06T23:29:18.317-0600] {logging_mixin.py:190} INFO - [2024-12-06T23:29:18.317-0600] {example_python_operator.py:93} WARNING - The virtalenv_python example task requires virtualenv, please install it.
[2024-12-06T23:29:18.319-0600] {processor.py:925} INFO - DAG(s) 'example_python_operator' retrieved from /home/m9d9v9/PycharmProjects/Airflow-2/Airflow-2/.venv/lib/python3.10/site-packages/airflow/example_dags/example_python_operator.py
[2024-12-06T23:29:18.331-0600] {logging_mixin.py:190} INFO - [2024-12-06T23:29:18.331-0600] {dag.py:3239} INFO - Sync 1 DAGs
[2024-12-06T23:29:18.339-0600] {logging_mixin.py:190} INFO - [2024-12-06T23:29:18.339-0600] {dag.py:4180} INFO - Setting next_dagrun for example_python_operator to None, run_after=None
[2024-12-06T23:29:18.353-0600] {processor.py:208} INFO - Processing /home/m9d9v9/PycharmProjects/Airflow-2/Airflow-2/.venv/lib/python3.10/site-packages/airflow/example_dags/example_python_operator.py took 0.053 seconds
[2024-12-06T23:30:15.663-0600] {processor.py:186} INFO - Started process (PID=17814) to work on /home/m9d9v9/PycharmProjects/Airflow-2/Airflow-2/.venv/lib/python3.10/site-packages/airflow/example_dags/example_python_operator.py
[2024-12-06T23:30:15.665-0600] {processor.py:914} INFO - Processing file /home/m9d9v9/PycharmProjects/Airflow-2/Airflow-2/.venv/lib/python3.10/site-packages/airflow/example_dags/example_python_operator.py for tasks to queue
[2024-12-06T23:30:15.668-0600] {logging_mixin.py:190} INFO - [2024-12-06T23:30:15.667-0600] {dagbag.py:588} INFO - Filling up the DagBag from /home/m9d9v9/PycharmProjects/Airflow-2/Airflow-2/.venv/lib/python3.10/site-packages/airflow/example_dags/example_python_operator.py
[2024-12-06T23:30:15.682-0600] {logging_mixin.py:190} INFO - [2024-12-06T23:30:15.681-0600] {example_python_operator.py:93} WARNING - The virtalenv_python example task requires virtualenv, please install it.
[2024-12-06T23:30:15.686-0600] {processor.py:925} INFO - DAG(s) 'example_python_operator' retrieved from /home/m9d9v9/PycharmProjects/Airflow-2/Airflow-2/.venv/lib/python3.10/site-packages/airflow/example_dags/example_python_operator.py
[2024-12-06T23:30:15.706-0600] {logging_mixin.py:190} INFO - [2024-12-06T23:30:15.706-0600] {dag.py:3239} INFO - Sync 1 DAGs
[2024-12-06T23:30:15.713-0600] {logging_mixin.py:190} INFO - [2024-12-06T23:30:15.713-0600] {dag.py:4180} INFO - Setting next_dagrun for example_python_operator to None, run_after=None
[2024-12-06T23:30:15.726-0600] {processor.py:208} INFO - Processing /home/m9d9v9/PycharmProjects/Airflow-2/Airflow-2/.venv/lib/python3.10/site-packages/airflow/example_dags/example_python_operator.py took 0.074 seconds
[2024-12-06T23:31:10.809-0600] {processor.py:186} INFO - Started process (PID=17917) to work on /home/m9d9v9/PycharmProjects/Airflow-2/Airflow-2/.venv/lib/python3.10/site-packages/airflow/example_dags/example_python_operator.py
[2024-12-06T23:31:10.816-0600] {processor.py:914} INFO - Processing file /home/m9d9v9/PycharmProjects/Airflow-2/Airflow-2/.venv/lib/python3.10/site-packages/airflow/example_dags/example_python_operator.py for tasks to queue
[2024-12-06T23:31:10.818-0600] {logging_mixin.py:190} INFO - [2024-12-06T23:31:10.818-0600] {dagbag.py:588} INFO - Filling up the DagBag from /home/m9d9v9/PycharmProjects/Airflow-2/Airflow-2/.venv/lib/python3.10/site-packages/airflow/example_dags/example_python_operator.py
[2024-12-06T23:31:10.832-0600] {logging_mixin.py:190} INFO - [2024-12-06T23:31:10.831-0600] {example_python_operator.py:93} WARNING - The virtalenv_python example task requires virtualenv, please install it.
[2024-12-06T23:31:10.836-0600] {processor.py:925} INFO - DAG(s) 'example_python_operator' retrieved from /home/m9d9v9/PycharmProjects/Airflow-2/Airflow-2/.venv/lib/python3.10/site-packages/airflow/example_dags/example_python_operator.py
[2024-12-06T23:31:10.859-0600] {logging_mixin.py:190} INFO - [2024-12-06T23:31:10.859-0600] {dag.py:3239} INFO - Sync 1 DAGs
[2024-12-06T23:31:10.866-0600] {logging_mixin.py:190} INFO - [2024-12-06T23:31:10.866-0600] {dag.py:4180} INFO - Setting next_dagrun for example_python_operator to None, run_after=None
[2024-12-06T23:31:10.878-0600] {processor.py:208} INFO - Processing /home/m9d9v9/PycharmProjects/Airflow-2/Airflow-2/.venv/lib/python3.10/site-packages/airflow/example_dags/example_python_operator.py took 0.078 seconds
[2024-12-06T23:32:10.210-0600] {processor.py:186} INFO - Started process (PID=18022) to work on /home/m9d9v9/PycharmProjects/Airflow-2/Airflow-2/.venv/lib/python3.10/site-packages/airflow/example_dags/example_python_operator.py
[2024-12-06T23:32:10.218-0600] {processor.py:914} INFO - Processing file /home/m9d9v9/PycharmProjects/Airflow-2/Airflow-2/.venv/lib/python3.10/site-packages/airflow/example_dags/example_python_operator.py for tasks to queue
[2024-12-06T23:32:10.220-0600] {logging_mixin.py:190} INFO - [2024-12-06T23:32:10.219-0600] {dagbag.py:588} INFO - Filling up the DagBag from /home/m9d9v9/PycharmProjects/Airflow-2/Airflow-2/.venv/lib/python3.10/site-packages/airflow/example_dags/example_python_operator.py
[2024-12-06T23:32:10.234-0600] {logging_mixin.py:190} INFO - [2024-12-06T23:32:10.233-0600] {example_python_operator.py:93} WARNING - The virtalenv_python example task requires virtualenv, please install it.
[2024-12-06T23:32:10.238-0600] {processor.py:925} INFO - DAG(s) 'example_python_operator' retrieved from /home/m9d9v9/PycharmProjects/Airflow-2/Airflow-2/.venv/lib/python3.10/site-packages/airflow/example_dags/example_python_operator.py
[2024-12-06T23:32:10.260-0600] {logging_mixin.py:190} INFO - [2024-12-06T23:32:10.260-0600] {dag.py:3239} INFO - Sync 1 DAGs
[2024-12-06T23:32:10.268-0600] {logging_mixin.py:190} INFO - [2024-12-06T23:32:10.267-0600] {dag.py:4180} INFO - Setting next_dagrun for example_python_operator to None, run_after=None
[2024-12-06T23:32:10.278-0600] {processor.py:208} INFO - Processing /home/m9d9v9/PycharmProjects/Airflow-2/Airflow-2/.venv/lib/python3.10/site-packages/airflow/example_dags/example_python_operator.py took 0.079 seconds
[2024-12-06T23:33:07.042-0600] {processor.py:186} INFO - Started process (PID=18097) to work on /home/m9d9v9/PycharmProjects/Airflow-2/Airflow-2/.venv/lib/python3.10/site-packages/airflow/example_dags/example_python_operator.py
[2024-12-06T23:33:07.048-0600] {processor.py:914} INFO - Processing file /home/m9d9v9/PycharmProjects/Airflow-2/Airflow-2/.venv/lib/python3.10/site-packages/airflow/example_dags/example_python_operator.py for tasks to queue
[2024-12-06T23:33:07.051-0600] {logging_mixin.py:190} INFO - [2024-12-06T23:33:07.050-0600] {dagbag.py:588} INFO - Filling up the DagBag from /home/m9d9v9/PycharmProjects/Airflow-2/Airflow-2/.venv/lib/python3.10/site-packages/airflow/example_dags/example_python_operator.py
[2024-12-06T23:33:07.063-0600] {logging_mixin.py:190} INFO - [2024-12-06T23:33:07.063-0600] {example_python_operator.py:93} WARNING - The virtalenv_python example task requires virtualenv, please install it.
[2024-12-06T23:33:07.067-0600] {processor.py:925} INFO - DAG(s) 'example_python_operator' retrieved from /home/m9d9v9/PycharmProjects/Airflow-2/Airflow-2/.venv/lib/python3.10/site-packages/airflow/example_dags/example_python_operator.py
[2024-12-06T23:33:07.093-0600] {logging_mixin.py:190} INFO - [2024-12-06T23:33:07.092-0600] {dag.py:3239} INFO - Sync 1 DAGs
[2024-12-06T23:33:07.100-0600] {logging_mixin.py:190} INFO - [2024-12-06T23:33:07.100-0600] {dag.py:4180} INFO - Setting next_dagrun for example_python_operator to None, run_after=None
[2024-12-06T23:33:07.112-0600] {processor.py:208} INFO - Processing /home/m9d9v9/PycharmProjects/Airflow-2/Airflow-2/.venv/lib/python3.10/site-packages/airflow/example_dags/example_python_operator.py took 0.082 seconds
[2024-12-06T23:34:03.204-0600] {processor.py:186} INFO - Started process (PID=18167) to work on /home/m9d9v9/PycharmProjects/Airflow-2/Airflow-2/.venv/lib/python3.10/site-packages/airflow/example_dags/example_python_operator.py
[2024-12-06T23:34:03.210-0600] {processor.py:914} INFO - Processing file /home/m9d9v9/PycharmProjects/Airflow-2/Airflow-2/.venv/lib/python3.10/site-packages/airflow/example_dags/example_python_operator.py for tasks to queue
[2024-12-06T23:34:03.211-0600] {logging_mixin.py:190} INFO - [2024-12-06T23:34:03.211-0600] {dagbag.py:588} INFO - Filling up the DagBag from /home/m9d9v9/PycharmProjects/Airflow-2/Airflow-2/.venv/lib/python3.10/site-packages/airflow/example_dags/example_python_operator.py
[2024-12-06T23:34:03.215-0600] {logging_mixin.py:190} INFO - [2024-12-06T23:34:03.215-0600] {example_python_operator.py:93} WARNING - The virtalenv_python example task requires virtualenv, please install it.
[2024-12-06T23:34:03.217-0600] {processor.py:925} INFO - DAG(s) 'example_python_operator' retrieved from /home/m9d9v9/PycharmProjects/Airflow-2/Airflow-2/.venv/lib/python3.10/site-packages/airflow/example_dags/example_python_operator.py
[2024-12-06T23:34:03.227-0600] {logging_mixin.py:190} INFO - [2024-12-06T23:34:03.227-0600] {dag.py:3239} INFO - Sync 1 DAGs
[2024-12-06T23:34:03.235-0600] {logging_mixin.py:190} INFO - [2024-12-06T23:34:03.235-0600] {dag.py:4180} INFO - Setting next_dagrun for example_python_operator to None, run_after=None
[2024-12-06T23:34:03.247-0600] {processor.py:208} INFO - Processing /home/m9d9v9/PycharmProjects/Airflow-2/Airflow-2/.venv/lib/python3.10/site-packages/airflow/example_dags/example_python_operator.py took 0.047 seconds
[2024-12-06T23:35:03.696-0600] {processor.py:186} INFO - Started process (PID=18296) to work on /home/m9d9v9/PycharmProjects/Airflow-2/Airflow-2/.venv/lib/python3.10/site-packages/airflow/example_dags/example_python_operator.py
[2024-12-06T23:35:03.703-0600] {processor.py:914} INFO - Processing file /home/m9d9v9/PycharmProjects/Airflow-2/Airflow-2/.venv/lib/python3.10/site-packages/airflow/example_dags/example_python_operator.py for tasks to queue
[2024-12-06T23:35:03.706-0600] {logging_mixin.py:190} INFO - [2024-12-06T23:35:03.705-0600] {dagbag.py:588} INFO - Filling up the DagBag from /home/m9d9v9/PycharmProjects/Airflow-2/Airflow-2/.venv/lib/python3.10/site-packages/airflow/example_dags/example_python_operator.py
[2024-12-06T23:35:03.718-0600] {logging_mixin.py:190} INFO - [2024-12-06T23:35:03.718-0600] {example_python_operator.py:93} WARNING - The virtalenv_python example task requires virtualenv, please install it.
[2024-12-06T23:35:03.722-0600] {processor.py:925} INFO - DAG(s) 'example_python_operator' retrieved from /home/m9d9v9/PycharmProjects/Airflow-2/Airflow-2/.venv/lib/python3.10/site-packages/airflow/example_dags/example_python_operator.py
[2024-12-06T23:35:03.747-0600] {logging_mixin.py:190} INFO - [2024-12-06T23:35:03.747-0600] {dag.py:3239} INFO - Sync 1 DAGs
[2024-12-06T23:35:03.754-0600] {logging_mixin.py:190} INFO - [2024-12-06T23:35:03.754-0600] {dag.py:4180} INFO - Setting next_dagrun for example_python_operator to None, run_after=None
[2024-12-06T23:35:03.767-0600] {processor.py:208} INFO - Processing /home/m9d9v9/PycharmProjects/Airflow-2/Airflow-2/.venv/lib/python3.10/site-packages/airflow/example_dags/example_python_operator.py took 0.081 seconds
[2024-12-06T23:36:07.430-0600] {processor.py:186} INFO - Started process (PID=18374) to work on /home/m9d9v9/PycharmProjects/Airflow-2/Airflow-2/.venv/lib/python3.10/site-packages/airflow/example_dags/example_python_operator.py
[2024-12-06T23:36:07.437-0600] {processor.py:914} INFO - Processing file /home/m9d9v9/PycharmProjects/Airflow-2/Airflow-2/.venv/lib/python3.10/site-packages/airflow/example_dags/example_python_operator.py for tasks to queue
[2024-12-06T23:36:07.439-0600] {logging_mixin.py:190} INFO - [2024-12-06T23:36:07.438-0600] {dagbag.py:588} INFO - Filling up the DagBag from /home/m9d9v9/PycharmProjects/Airflow-2/Airflow-2/.venv/lib/python3.10/site-packages/airflow/example_dags/example_python_operator.py
[2024-12-06T23:36:07.451-0600] {logging_mixin.py:190} INFO - [2024-12-06T23:36:07.451-0600] {example_python_operator.py:93} WARNING - The virtalenv_python example task requires virtualenv, please install it.
[2024-12-06T23:36:07.456-0600] {processor.py:925} INFO - DAG(s) 'example_python_operator' retrieved from /home/m9d9v9/PycharmProjects/Airflow-2/Airflow-2/.venv/lib/python3.10/site-packages/airflow/example_dags/example_python_operator.py
[2024-12-06T23:36:07.481-0600] {logging_mixin.py:190} INFO - [2024-12-06T23:36:07.481-0600] {dag.py:3239} INFO - Sync 1 DAGs
[2024-12-06T23:36:07.578-0600] {logging_mixin.py:190} INFO - [2024-12-06T23:36:07.578-0600] {dag.py:4180} INFO - Setting next_dagrun for example_python_operator to None, run_after=None
[2024-12-06T23:36:07.594-0600] {processor.py:208} INFO - Processing /home/m9d9v9/PycharmProjects/Airflow-2/Airflow-2/.venv/lib/python3.10/site-packages/airflow/example_dags/example_python_operator.py took 0.175 seconds
[2024-12-06T23:37:08.756-0600] {processor.py:186} INFO - Started process (PID=18598) to work on /home/m9d9v9/PycharmProjects/Airflow-2/Airflow-2/.venv/lib/python3.10/site-packages/airflow/example_dags/example_python_operator.py
[2024-12-06T23:37:08.761-0600] {processor.py:914} INFO - Processing file /home/m9d9v9/PycharmProjects/Airflow-2/Airflow-2/.venv/lib/python3.10/site-packages/airflow/example_dags/example_python_operator.py for tasks to queue
[2024-12-06T23:37:08.762-0600] {logging_mixin.py:190} INFO - [2024-12-06T23:37:08.761-0600] {dagbag.py:588} INFO - Filling up the DagBag from /home/m9d9v9/PycharmProjects/Airflow-2/Airflow-2/.venv/lib/python3.10/site-packages/airflow/example_dags/example_python_operator.py
[2024-12-06T23:37:08.768-0600] {logging_mixin.py:190} INFO - [2024-12-06T23:37:08.768-0600] {example_python_operator.py:93} WARNING - The virtalenv_python example task requires virtualenv, please install it.
[2024-12-06T23:37:08.770-0600] {processor.py:925} INFO - DAG(s) 'example_python_operator' retrieved from /home/m9d9v9/PycharmProjects/Airflow-2/Airflow-2/.venv/lib/python3.10/site-packages/airflow/example_dags/example_python_operator.py
[2024-12-06T23:37:08.783-0600] {logging_mixin.py:190} INFO - [2024-12-06T23:37:08.783-0600] {dag.py:3239} INFO - Sync 1 DAGs
[2024-12-06T23:37:08.917-0600] {logging_mixin.py:190} INFO - [2024-12-06T23:37:08.917-0600] {dag.py:4180} INFO - Setting next_dagrun for example_python_operator to None, run_after=None
[2024-12-06T23:37:08.930-0600] {processor.py:208} INFO - Processing /home/m9d9v9/PycharmProjects/Airflow-2/Airflow-2/.venv/lib/python3.10/site-packages/airflow/example_dags/example_python_operator.py took 0.180 seconds
[2024-12-06T23:38:08.538-0600] {processor.py:186} INFO - Started process (PID=18778) to work on /home/m9d9v9/PycharmProjects/Airflow-2/Airflow-2/.venv/lib/python3.10/site-packages/airflow/example_dags/example_python_operator.py
[2024-12-06T23:38:08.544-0600] {processor.py:914} INFO - Processing file /home/m9d9v9/PycharmProjects/Airflow-2/Airflow-2/.venv/lib/python3.10/site-packages/airflow/example_dags/example_python_operator.py for tasks to queue
[2024-12-06T23:38:08.546-0600] {logging_mixin.py:190} INFO - [2024-12-06T23:38:08.545-0600] {dagbag.py:588} INFO - Filling up the DagBag from /home/m9d9v9/PycharmProjects/Airflow-2/Airflow-2/.venv/lib/python3.10/site-packages/airflow/example_dags/example_python_operator.py
[2024-12-06T23:38:08.550-0600] {logging_mixin.py:190} INFO - [2024-12-06T23:38:08.550-0600] {example_python_operator.py:93} WARNING - The virtalenv_python example task requires virtualenv, please install it.
[2024-12-06T23:38:08.552-0600] {processor.py:925} INFO - DAG(s) 'example_python_operator' retrieved from /home/m9d9v9/PycharmProjects/Airflow-2/Airflow-2/.venv/lib/python3.10/site-packages/airflow/example_dags/example_python_operator.py
[2024-12-06T23:38:08.561-0600] {logging_mixin.py:190} INFO - [2024-12-06T23:38:08.561-0600] {dag.py:3239} INFO - Sync 1 DAGs
[2024-12-06T23:38:08.569-0600] {logging_mixin.py:190} INFO - [2024-12-06T23:38:08.568-0600] {dag.py:4180} INFO - Setting next_dagrun for example_python_operator to None, run_after=None
[2024-12-06T23:38:08.579-0600] {processor.py:208} INFO - Processing /home/m9d9v9/PycharmProjects/Airflow-2/Airflow-2/.venv/lib/python3.10/site-packages/airflow/example_dags/example_python_operator.py took 0.045 seconds
[2024-12-06T23:39:15.320-0600] {processor.py:186} INFO - Started process (PID=18954) to work on /home/m9d9v9/PycharmProjects/Airflow-2/Airflow-2/.venv/lib/python3.10/site-packages/airflow/example_dags/example_python_operator.py
[2024-12-06T23:39:15.321-0600] {processor.py:914} INFO - Processing file /home/m9d9v9/PycharmProjects/Airflow-2/Airflow-2/.venv/lib/python3.10/site-packages/airflow/example_dags/example_python_operator.py for tasks to queue
[2024-12-06T23:39:15.322-0600] {logging_mixin.py:190} INFO - [2024-12-06T23:39:15.321-0600] {dagbag.py:588} INFO - Filling up the DagBag from /home/m9d9v9/PycharmProjects/Airflow-2/Airflow-2/.venv/lib/python3.10/site-packages/airflow/example_dags/example_python_operator.py
[2024-12-06T23:39:15.329-0600] {logging_mixin.py:190} INFO - [2024-12-06T23:39:15.329-0600] {example_python_operator.py:93} WARNING - The virtalenv_python example task requires virtualenv, please install it.
[2024-12-06T23:39:15.331-0600] {processor.py:925} INFO - DAG(s) 'example_python_operator' retrieved from /home/m9d9v9/PycharmProjects/Airflow-2/Airflow-2/.venv/lib/python3.10/site-packages/airflow/example_dags/example_python_operator.py
[2024-12-06T23:39:15.346-0600] {logging_mixin.py:190} INFO - [2024-12-06T23:39:15.346-0600] {dag.py:3239} INFO - Sync 1 DAGs
[2024-12-06T23:39:15.357-0600] {logging_mixin.py:190} INFO - [2024-12-06T23:39:15.357-0600] {dag.py:4180} INFO - Setting next_dagrun for example_python_operator to None, run_after=None
[2024-12-06T23:39:15.372-0600] {processor.py:208} INFO - Processing /home/m9d9v9/PycharmProjects/Airflow-2/Airflow-2/.venv/lib/python3.10/site-packages/airflow/example_dags/example_python_operator.py took 0.059 seconds
[2024-12-06T23:40:12.598-0600] {processor.py:186} INFO - Started process (PID=19216) to work on /home/m9d9v9/PycharmProjects/Airflow-2/Airflow-2/.venv/lib/python3.10/site-packages/airflow/example_dags/example_python_operator.py
[2024-12-06T23:40:12.599-0600] {processor.py:914} INFO - Processing file /home/m9d9v9/PycharmProjects/Airflow-2/Airflow-2/.venv/lib/python3.10/site-packages/airflow/example_dags/example_python_operator.py for tasks to queue
[2024-12-06T23:40:12.600-0600] {logging_mixin.py:190} INFO - [2024-12-06T23:40:12.599-0600] {dagbag.py:588} INFO - Filling up the DagBag from /home/m9d9v9/PycharmProjects/Airflow-2/Airflow-2/.venv/lib/python3.10/site-packages/airflow/example_dags/example_python_operator.py
[2024-12-06T23:40:12.606-0600] {logging_mixin.py:190} INFO - [2024-12-06T23:40:12.606-0600] {example_python_operator.py:93} WARNING - The virtalenv_python example task requires virtualenv, please install it.
[2024-12-06T23:40:12.609-0600] {processor.py:925} INFO - DAG(s) 'example_python_operator' retrieved from /home/m9d9v9/PycharmProjects/Airflow-2/Airflow-2/.venv/lib/python3.10/site-packages/airflow/example_dags/example_python_operator.py
[2024-12-06T23:40:12.623-0600] {logging_mixin.py:190} INFO - [2024-12-06T23:40:12.623-0600] {dag.py:3239} INFO - Sync 1 DAGs
[2024-12-06T23:40:12.633-0600] {logging_mixin.py:190} INFO - [2024-12-06T23:40:12.633-0600] {dag.py:4180} INFO - Setting next_dagrun for example_python_operator to None, run_after=None
[2024-12-06T23:40:12.647-0600] {processor.py:208} INFO - Processing /home/m9d9v9/PycharmProjects/Airflow-2/Airflow-2/.venv/lib/python3.10/site-packages/airflow/example_dags/example_python_operator.py took 0.057 seconds
[2024-12-06T23:41:08.183-0600] {processor.py:186} INFO - Started process (PID=19313) to work on /home/m9d9v9/PycharmProjects/Airflow-2/Airflow-2/.venv/lib/python3.10/site-packages/airflow/example_dags/example_python_operator.py
[2024-12-06T23:41:08.189-0600] {processor.py:914} INFO - Processing file /home/m9d9v9/PycharmProjects/Airflow-2/Airflow-2/.venv/lib/python3.10/site-packages/airflow/example_dags/example_python_operator.py for tasks to queue
[2024-12-06T23:41:08.190-0600] {logging_mixin.py:190} INFO - [2024-12-06T23:41:08.190-0600] {dagbag.py:588} INFO - Filling up the DagBag from /home/m9d9v9/PycharmProjects/Airflow-2/Airflow-2/.venv/lib/python3.10/site-packages/airflow/example_dags/example_python_operator.py
[2024-12-06T23:41:08.196-0600] {logging_mixin.py:190} INFO - [2024-12-06T23:41:08.195-0600] {example_python_operator.py:93} WARNING - The virtalenv_python example task requires virtualenv, please install it.
[2024-12-06T23:41:08.197-0600] {processor.py:925} INFO - DAG(s) 'example_python_operator' retrieved from /home/m9d9v9/PycharmProjects/Airflow-2/Airflow-2/.venv/lib/python3.10/site-packages/airflow/example_dags/example_python_operator.py
[2024-12-06T23:41:08.210-0600] {logging_mixin.py:190} INFO - [2024-12-06T23:41:08.210-0600] {dag.py:3239} INFO - Sync 1 DAGs
[2024-12-06T23:41:08.218-0600] {logging_mixin.py:190} INFO - [2024-12-06T23:41:08.218-0600] {dag.py:4180} INFO - Setting next_dagrun for example_python_operator to None, run_after=None
[2024-12-06T23:41:08.231-0600] {processor.py:208} INFO - Processing /home/m9d9v9/PycharmProjects/Airflow-2/Airflow-2/.venv/lib/python3.10/site-packages/airflow/example_dags/example_python_operator.py took 0.054 seconds
