[2024-12-06T22:18:40.980-0600] {processor.py:186} INFO - Started process (PID=12477) to work on /home/m9d9v9/PycharmProjects/Airflow-2/Airflow-2/.venv/lib/python3.10/site-packages/airflow/example_dags/example_time_delta_sensor_async.py
[2024-12-06T22:18:40.982-0600] {processor.py:914} INFO - Processing file /home/m9d9v9/PycharmProjects/Airflow-2/Airflow-2/.venv/lib/python3.10/site-packages/airflow/example_dags/example_time_delta_sensor_async.py for tasks to queue
[2024-12-06T22:18:40.987-0600] {logging_mixin.py:190} INFO - [2024-12-06T22:18:40.986-0600] {dagbag.py:588} INFO - Filling up the DagBag from /home/m9d9v9/PycharmProjects/Airflow-2/Airflow-2/.venv/lib/python3.10/site-packages/airflow/example_dags/example_time_delta_sensor_async.py
[2024-12-06T22:18:41.002-0600] {processor.py:925} INFO - DAG(s) 'example_time_delta_sensor_async' retrieved from /home/m9d9v9/PycharmProjects/Airflow-2/Airflow-2/.venv/lib/python3.10/site-packages/airflow/example_dags/example_time_delta_sensor_async.py
[2024-12-06T22:18:41.100-0600] {logging_mixin.py:190} INFO - [2024-12-06T22:18:41.099-0600] {override.py:1911} INFO - Created Permission View: can edit on DAG:example_time_delta_sensor_async
[2024-12-06T22:18:41.111-0600] {logging_mixin.py:190} INFO - [2024-12-06T22:18:41.110-0600] {override.py:1911} INFO - Created Permission View: can read on DAG:example_time_delta_sensor_async
[2024-12-06T22:18:41.117-0600] {logging_mixin.py:190} INFO - [2024-12-06T22:18:41.117-0600] {override.py:1911} INFO - Created Permission View: can delete on DAG:example_time_delta_sensor_async
[2024-12-06T22:18:41.125-0600] {logging_mixin.py:190} INFO - [2024-12-06T22:18:41.124-0600] {override.py:1911} INFO - Created Permission View: menu access on DAG Run:example_time_delta_sensor_async
[2024-12-06T22:18:41.130-0600] {logging_mixin.py:190} INFO - [2024-12-06T22:18:41.130-0600] {override.py:1911} INFO - Created Permission View: can create on DAG Run:example_time_delta_sensor_async
[2024-12-06T22:18:41.136-0600] {logging_mixin.py:190} INFO - [2024-12-06T22:18:41.135-0600] {override.py:1911} INFO - Created Permission View: can read on DAG Run:example_time_delta_sensor_async
[2024-12-06T22:18:41.142-0600] {logging_mixin.py:190} INFO - [2024-12-06T22:18:41.141-0600] {override.py:1911} INFO - Created Permission View: can delete on DAG Run:example_time_delta_sensor_async
[2024-12-06T22:18:41.142-0600] {logging_mixin.py:190} INFO - [2024-12-06T22:18:41.142-0600] {dag.py:3239} INFO - Sync 1 DAGs
[2024-12-06T22:18:41.149-0600] {logging_mixin.py:190} INFO - [2024-12-06T22:18:41.149-0600] {dag.py:3262} INFO - Creating ORM DAG for example_time_delta_sensor_async
[2024-12-06T22:18:41.150-0600] {logging_mixin.py:190} INFO - [2024-12-06T22:18:41.150-0600] {dag.py:4180} INFO - Setting next_dagrun for example_time_delta_sensor_async to None, run_after=None
[2024-12-06T22:18:41.162-0600] {processor.py:208} INFO - Processing /home/m9d9v9/PycharmProjects/Airflow-2/Airflow-2/.venv/lib/python3.10/site-packages/airflow/example_dags/example_time_delta_sensor_async.py took 0.195 seconds
[2024-12-06T22:19:44.613-0600] {processor.py:186} INFO - Started process (PID=12589) to work on /home/m9d9v9/PycharmProjects/Airflow-2/Airflow-2/.venv/lib/python3.10/site-packages/airflow/example_dags/example_time_delta_sensor_async.py
[2024-12-06T22:19:44.620-0600] {processor.py:914} INFO - Processing file /home/m9d9v9/PycharmProjects/Airflow-2/Airflow-2/.venv/lib/python3.10/site-packages/airflow/example_dags/example_time_delta_sensor_async.py for tasks to queue
[2024-12-06T22:19:44.623-0600] {logging_mixin.py:190} INFO - [2024-12-06T22:19:44.623-0600] {dagbag.py:588} INFO - Filling up the DagBag from /home/m9d9v9/PycharmProjects/Airflow-2/Airflow-2/.venv/lib/python3.10/site-packages/airflow/example_dags/example_time_delta_sensor_async.py
[2024-12-06T22:19:44.629-0600] {processor.py:925} INFO - DAG(s) 'example_time_delta_sensor_async' retrieved from /home/m9d9v9/PycharmProjects/Airflow-2/Airflow-2/.venv/lib/python3.10/site-packages/airflow/example_dags/example_time_delta_sensor_async.py
[2024-12-06T22:19:44.641-0600] {logging_mixin.py:190} INFO - [2024-12-06T22:19:44.640-0600] {dag.py:3239} INFO - Sync 1 DAGs
[2024-12-06T22:19:44.655-0600] {logging_mixin.py:190} INFO - [2024-12-06T22:19:44.655-0600] {dag.py:4180} INFO - Setting next_dagrun for example_time_delta_sensor_async to None, run_after=None
[2024-12-06T22:19:44.667-0600] {processor.py:208} INFO - Processing /home/m9d9v9/PycharmProjects/Airflow-2/Airflow-2/.venv/lib/python3.10/site-packages/airflow/example_dags/example_time_delta_sensor_async.py took 0.059 seconds
[2024-12-06T22:20:38.605-0600] {processor.py:186} INFO - Started process (PID=12678) to work on /home/m9d9v9/PycharmProjects/Airflow-2/Airflow-2/.venv/lib/python3.10/site-packages/airflow/example_dags/example_time_delta_sensor_async.py
[2024-12-06T22:20:38.612-0600] {processor.py:914} INFO - Processing file /home/m9d9v9/PycharmProjects/Airflow-2/Airflow-2/.venv/lib/python3.10/site-packages/airflow/example_dags/example_time_delta_sensor_async.py for tasks to queue
[2024-12-06T22:20:38.618-0600] {logging_mixin.py:190} INFO - [2024-12-06T22:20:38.618-0600] {dagbag.py:588} INFO - Filling up the DagBag from /home/m9d9v9/PycharmProjects/Airflow-2/Airflow-2/.venv/lib/python3.10/site-packages/airflow/example_dags/example_time_delta_sensor_async.py
[2024-12-06T22:20:38.634-0600] {processor.py:925} INFO - DAG(s) 'example_time_delta_sensor_async' retrieved from /home/m9d9v9/PycharmProjects/Airflow-2/Airflow-2/.venv/lib/python3.10/site-packages/airflow/example_dags/example_time_delta_sensor_async.py
[2024-12-06T22:20:38.657-0600] {logging_mixin.py:190} INFO - [2024-12-06T22:20:38.657-0600] {dag.py:3239} INFO - Sync 1 DAGs
[2024-12-06T22:20:38.665-0600] {logging_mixin.py:190} INFO - [2024-12-06T22:20:38.665-0600] {dag.py:4180} INFO - Setting next_dagrun for example_time_delta_sensor_async to None, run_after=None
[2024-12-06T22:20:38.677-0600] {processor.py:208} INFO - Processing /home/m9d9v9/PycharmProjects/Airflow-2/Airflow-2/.venv/lib/python3.10/site-packages/airflow/example_dags/example_time_delta_sensor_async.py took 0.083 seconds
[2024-12-06T22:21:31.714-0600] {processor.py:186} INFO - Started process (PID=12746) to work on /home/m9d9v9/PycharmProjects/Airflow-2/Airflow-2/.venv/lib/python3.10/site-packages/airflow/example_dags/example_time_delta_sensor_async.py
[2024-12-06T22:21:31.721-0600] {processor.py:914} INFO - Processing file /home/m9d9v9/PycharmProjects/Airflow-2/Airflow-2/.venv/lib/python3.10/site-packages/airflow/example_dags/example_time_delta_sensor_async.py for tasks to queue
[2024-12-06T22:21:31.726-0600] {logging_mixin.py:190} INFO - [2024-12-06T22:21:31.726-0600] {dagbag.py:588} INFO - Filling up the DagBag from /home/m9d9v9/PycharmProjects/Airflow-2/Airflow-2/.venv/lib/python3.10/site-packages/airflow/example_dags/example_time_delta_sensor_async.py
[2024-12-06T22:21:31.740-0600] {processor.py:925} INFO - DAG(s) 'example_time_delta_sensor_async' retrieved from /home/m9d9v9/PycharmProjects/Airflow-2/Airflow-2/.venv/lib/python3.10/site-packages/airflow/example_dags/example_time_delta_sensor_async.py
[2024-12-06T22:21:31.764-0600] {logging_mixin.py:190} INFO - [2024-12-06T22:21:31.764-0600] {dag.py:3239} INFO - Sync 1 DAGs
[2024-12-06T22:21:31.772-0600] {logging_mixin.py:190} INFO - [2024-12-06T22:21:31.772-0600] {dag.py:4180} INFO - Setting next_dagrun for example_time_delta_sensor_async to None, run_after=None
[2024-12-06T22:21:31.786-0600] {processor.py:208} INFO - Processing /home/m9d9v9/PycharmProjects/Airflow-2/Airflow-2/.venv/lib/python3.10/site-packages/airflow/example_dags/example_time_delta_sensor_async.py took 0.082 seconds
[2024-12-06T22:22:27.928-0600] {processor.py:186} INFO - Started process (PID=12822) to work on /home/m9d9v9/PycharmProjects/Airflow-2/Airflow-2/.venv/lib/python3.10/site-packages/airflow/example_dags/example_time_delta_sensor_async.py
[2024-12-06T22:22:27.934-0600] {processor.py:914} INFO - Processing file /home/m9d9v9/PycharmProjects/Airflow-2/Airflow-2/.venv/lib/python3.10/site-packages/airflow/example_dags/example_time_delta_sensor_async.py for tasks to queue
[2024-12-06T22:22:27.937-0600] {logging_mixin.py:190} INFO - [2024-12-06T22:22:27.936-0600] {dagbag.py:588} INFO - Filling up the DagBag from /home/m9d9v9/PycharmProjects/Airflow-2/Airflow-2/.venv/lib/python3.10/site-packages/airflow/example_dags/example_time_delta_sensor_async.py
[2024-12-06T22:22:27.942-0600] {processor.py:925} INFO - DAG(s) 'example_time_delta_sensor_async' retrieved from /home/m9d9v9/PycharmProjects/Airflow-2/Airflow-2/.venv/lib/python3.10/site-packages/airflow/example_dags/example_time_delta_sensor_async.py
[2024-12-06T22:22:27.953-0600] {logging_mixin.py:190} INFO - [2024-12-06T22:22:27.953-0600] {dag.py:3239} INFO - Sync 1 DAGs
[2024-12-06T22:22:27.962-0600] {logging_mixin.py:190} INFO - [2024-12-06T22:22:27.962-0600] {dag.py:4180} INFO - Setting next_dagrun for example_time_delta_sensor_async to None, run_after=None
[2024-12-06T22:22:27.975-0600] {processor.py:208} INFO - Processing /home/m9d9v9/PycharmProjects/Airflow-2/Airflow-2/.venv/lib/python3.10/site-packages/airflow/example_dags/example_time_delta_sensor_async.py took 0.051 seconds
[2024-12-06T22:23:45.252-0600] {processor.py:186} INFO - Started process (PID=12978) to work on /home/m9d9v9/PycharmProjects/Airflow-2/Airflow-2/.venv/lib/python3.10/site-packages/airflow/example_dags/example_time_delta_sensor_async.py
[2024-12-06T22:23:45.259-0600] {processor.py:914} INFO - Processing file /home/m9d9v9/PycharmProjects/Airflow-2/Airflow-2/.venv/lib/python3.10/site-packages/airflow/example_dags/example_time_delta_sensor_async.py for tasks to queue
[2024-12-06T22:23:45.261-0600] {logging_mixin.py:190} INFO - [2024-12-06T22:23:45.260-0600] {dagbag.py:588} INFO - Filling up the DagBag from /home/m9d9v9/PycharmProjects/Airflow-2/Airflow-2/.venv/lib/python3.10/site-packages/airflow/example_dags/example_time_delta_sensor_async.py
[2024-12-06T22:23:45.273-0600] {processor.py:925} INFO - DAG(s) 'example_time_delta_sensor_async' retrieved from /home/m9d9v9/PycharmProjects/Airflow-2/Airflow-2/.venv/lib/python3.10/site-packages/airflow/example_dags/example_time_delta_sensor_async.py
[2024-12-06T22:23:45.292-0600] {logging_mixin.py:190} INFO - [2024-12-06T22:23:45.291-0600] {dag.py:3239} INFO - Sync 1 DAGs
[2024-12-06T22:23:45.304-0600] {logging_mixin.py:190} INFO - [2024-12-06T22:23:45.304-0600] {dag.py:4180} INFO - Setting next_dagrun for example_time_delta_sensor_async to None, run_after=None
[2024-12-06T22:23:45.323-0600] {processor.py:208} INFO - Processing /home/m9d9v9/PycharmProjects/Airflow-2/Airflow-2/.venv/lib/python3.10/site-packages/airflow/example_dags/example_time_delta_sensor_async.py took 0.080 seconds
[2024-12-06T22:24:39.224-0600] {processor.py:186} INFO - Started process (PID=13048) to work on /home/m9d9v9/PycharmProjects/Airflow-2/Airflow-2/.venv/lib/python3.10/site-packages/airflow/example_dags/example_time_delta_sensor_async.py
[2024-12-06T22:24:39.225-0600] {processor.py:914} INFO - Processing file /home/m9d9v9/PycharmProjects/Airflow-2/Airflow-2/.venv/lib/python3.10/site-packages/airflow/example_dags/example_time_delta_sensor_async.py for tasks to queue
[2024-12-06T22:24:39.226-0600] {logging_mixin.py:190} INFO - [2024-12-06T22:24:39.225-0600] {dagbag.py:588} INFO - Filling up the DagBag from /home/m9d9v9/PycharmProjects/Airflow-2/Airflow-2/.venv/lib/python3.10/site-packages/airflow/example_dags/example_time_delta_sensor_async.py
[2024-12-06T22:24:39.232-0600] {processor.py:925} INFO - DAG(s) 'example_time_delta_sensor_async' retrieved from /home/m9d9v9/PycharmProjects/Airflow-2/Airflow-2/.venv/lib/python3.10/site-packages/airflow/example_dags/example_time_delta_sensor_async.py
[2024-12-06T22:24:39.244-0600] {logging_mixin.py:190} INFO - [2024-12-06T22:24:39.243-0600] {dag.py:3239} INFO - Sync 1 DAGs
[2024-12-06T22:24:39.255-0600] {logging_mixin.py:190} INFO - [2024-12-06T22:24:39.255-0600] {dag.py:4180} INFO - Setting next_dagrun for example_time_delta_sensor_async to None, run_after=None
[2024-12-06T22:24:39.268-0600] {processor.py:208} INFO - Processing /home/m9d9v9/PycharmProjects/Airflow-2/Airflow-2/.venv/lib/python3.10/site-packages/airflow/example_dags/example_time_delta_sensor_async.py took 0.050 seconds
[2024-12-06T22:25:35.047-0600] {processor.py:186} INFO - Started process (PID=13133) to work on /home/m9d9v9/PycharmProjects/Airflow-2/Airflow-2/.venv/lib/python3.10/site-packages/airflow/example_dags/example_time_delta_sensor_async.py
[2024-12-06T22:25:35.050-0600] {processor.py:914} INFO - Processing file /home/m9d9v9/PycharmProjects/Airflow-2/Airflow-2/.venv/lib/python3.10/site-packages/airflow/example_dags/example_time_delta_sensor_async.py for tasks to queue
[2024-12-06T22:25:35.052-0600] {logging_mixin.py:190} INFO - [2024-12-06T22:25:35.051-0600] {dagbag.py:588} INFO - Filling up the DagBag from /home/m9d9v9/PycharmProjects/Airflow-2/Airflow-2/.venv/lib/python3.10/site-packages/airflow/example_dags/example_time_delta_sensor_async.py
[2024-12-06T22:25:35.067-0600] {processor.py:925} INFO - DAG(s) 'example_time_delta_sensor_async' retrieved from /home/m9d9v9/PycharmProjects/Airflow-2/Airflow-2/.venv/lib/python3.10/site-packages/airflow/example_dags/example_time_delta_sensor_async.py
[2024-12-06T22:25:35.087-0600] {logging_mixin.py:190} INFO - [2024-12-06T22:25:35.086-0600] {dag.py:3239} INFO - Sync 1 DAGs
[2024-12-06T22:25:35.095-0600] {logging_mixin.py:190} INFO - [2024-12-06T22:25:35.094-0600] {dag.py:4180} INFO - Setting next_dagrun for example_time_delta_sensor_async to None, run_after=None
[2024-12-06T22:25:35.106-0600] {processor.py:208} INFO - Processing /home/m9d9v9/PycharmProjects/Airflow-2/Airflow-2/.venv/lib/python3.10/site-packages/airflow/example_dags/example_time_delta_sensor_async.py took 0.072 seconds
[2024-12-06T22:26:33.154-0600] {processor.py:186} INFO - Started process (PID=13214) to work on /home/m9d9v9/PycharmProjects/Airflow-2/Airflow-2/.venv/lib/python3.10/site-packages/airflow/example_dags/example_time_delta_sensor_async.py
[2024-12-06T22:26:33.160-0600] {processor.py:914} INFO - Processing file /home/m9d9v9/PycharmProjects/Airflow-2/Airflow-2/.venv/lib/python3.10/site-packages/airflow/example_dags/example_time_delta_sensor_async.py for tasks to queue
[2024-12-06T22:26:33.161-0600] {logging_mixin.py:190} INFO - [2024-12-06T22:26:33.161-0600] {dagbag.py:588} INFO - Filling up the DagBag from /home/m9d9v9/PycharmProjects/Airflow-2/Airflow-2/.venv/lib/python3.10/site-packages/airflow/example_dags/example_time_delta_sensor_async.py
[2024-12-06T22:26:33.169-0600] {processor.py:925} INFO - DAG(s) 'example_time_delta_sensor_async' retrieved from /home/m9d9v9/PycharmProjects/Airflow-2/Airflow-2/.venv/lib/python3.10/site-packages/airflow/example_dags/example_time_delta_sensor_async.py
[2024-12-06T22:26:33.182-0600] {logging_mixin.py:190} INFO - [2024-12-06T22:26:33.182-0600] {dag.py:3239} INFO - Sync 1 DAGs
[2024-12-06T22:26:33.193-0600] {logging_mixin.py:190} INFO - [2024-12-06T22:26:33.192-0600] {dag.py:4180} INFO - Setting next_dagrun for example_time_delta_sensor_async to None, run_after=None
[2024-12-06T22:26:33.206-0600] {processor.py:208} INFO - Processing /home/m9d9v9/PycharmProjects/Airflow-2/Airflow-2/.venv/lib/python3.10/site-packages/airflow/example_dags/example_time_delta_sensor_async.py took 0.062 seconds
[2024-12-06T22:37:04.045-0600] {processor.py:186} INFO - Started process (PID=14582) to work on /home/m9d9v9/PycharmProjects/Airflow-2/Airflow-2/.venv/lib/python3.10/site-packages/airflow/example_dags/example_time_delta_sensor_async.py
[2024-12-06T22:37:04.051-0600] {processor.py:914} INFO - Processing file /home/m9d9v9/PycharmProjects/Airflow-2/Airflow-2/.venv/lib/python3.10/site-packages/airflow/example_dags/example_time_delta_sensor_async.py for tasks to queue
[2024-12-06T22:37:04.056-0600] {logging_mixin.py:190} INFO - [2024-12-06T22:37:04.055-0600] {dagbag.py:588} INFO - Filling up the DagBag from /home/m9d9v9/PycharmProjects/Airflow-2/Airflow-2/.venv/lib/python3.10/site-packages/airflow/example_dags/example_time_delta_sensor_async.py
[2024-12-06T22:37:04.074-0600] {processor.py:925} INFO - DAG(s) 'example_time_delta_sensor_async' retrieved from /home/m9d9v9/PycharmProjects/Airflow-2/Airflow-2/.venv/lib/python3.10/site-packages/airflow/example_dags/example_time_delta_sensor_async.py
[2024-12-06T22:37:04.115-0600] {logging_mixin.py:190} INFO - [2024-12-06T22:37:04.114-0600] {dag.py:3239} INFO - Sync 1 DAGs
[2024-12-06T22:37:04.128-0600] {logging_mixin.py:190} INFO - [2024-12-06T22:37:04.128-0600] {dag.py:4180} INFO - Setting next_dagrun for example_time_delta_sensor_async to None, run_after=None
[2024-12-06T22:37:04.145-0600] {processor.py:208} INFO - Processing /home/m9d9v9/PycharmProjects/Airflow-2/Airflow-2/.venv/lib/python3.10/site-packages/airflow/example_dags/example_time_delta_sensor_async.py took 0.109 seconds
[2024-12-06T22:38:02.161-0600] {processor.py:186} INFO - Started process (PID=14722) to work on /home/m9d9v9/PycharmProjects/Airflow-2/Airflow-2/.venv/lib/python3.10/site-packages/airflow/example_dags/example_time_delta_sensor_async.py
[2024-12-06T22:38:02.168-0600] {processor.py:914} INFO - Processing file /home/m9d9v9/PycharmProjects/Airflow-2/Airflow-2/.venv/lib/python3.10/site-packages/airflow/example_dags/example_time_delta_sensor_async.py for tasks to queue
[2024-12-06T22:38:02.173-0600] {logging_mixin.py:190} INFO - [2024-12-06T22:38:02.172-0600] {dagbag.py:588} INFO - Filling up the DagBag from /home/m9d9v9/PycharmProjects/Airflow-2/Airflow-2/.venv/lib/python3.10/site-packages/airflow/example_dags/example_time_delta_sensor_async.py
[2024-12-06T22:38:02.187-0600] {processor.py:925} INFO - DAG(s) 'example_time_delta_sensor_async' retrieved from /home/m9d9v9/PycharmProjects/Airflow-2/Airflow-2/.venv/lib/python3.10/site-packages/airflow/example_dags/example_time_delta_sensor_async.py
[2024-12-06T22:38:02.210-0600] {logging_mixin.py:190} INFO - [2024-12-06T22:38:02.209-0600] {dag.py:3239} INFO - Sync 1 DAGs
[2024-12-06T22:38:02.218-0600] {logging_mixin.py:190} INFO - [2024-12-06T22:38:02.217-0600] {dag.py:4180} INFO - Setting next_dagrun for example_time_delta_sensor_async to None, run_after=None
[2024-12-06T22:38:02.230-0600] {processor.py:208} INFO - Processing /home/m9d9v9/PycharmProjects/Airflow-2/Airflow-2/.venv/lib/python3.10/site-packages/airflow/example_dags/example_time_delta_sensor_async.py took 0.081 seconds
[2024-12-06T22:38:59.775-0600] {processor.py:186} INFO - Started process (PID=14828) to work on /home/m9d9v9/PycharmProjects/Airflow-2/Airflow-2/.venv/lib/python3.10/site-packages/airflow/example_dags/example_time_delta_sensor_async.py
[2024-12-06T22:38:59.782-0600] {processor.py:914} INFO - Processing file /home/m9d9v9/PycharmProjects/Airflow-2/Airflow-2/.venv/lib/python3.10/site-packages/airflow/example_dags/example_time_delta_sensor_async.py for tasks to queue
[2024-12-06T22:38:59.787-0600] {logging_mixin.py:190} INFO - [2024-12-06T22:38:59.786-0600] {dagbag.py:588} INFO - Filling up the DagBag from /home/m9d9v9/PycharmProjects/Airflow-2/Airflow-2/.venv/lib/python3.10/site-packages/airflow/example_dags/example_time_delta_sensor_async.py
[2024-12-06T22:38:59.801-0600] {processor.py:925} INFO - DAG(s) 'example_time_delta_sensor_async' retrieved from /home/m9d9v9/PycharmProjects/Airflow-2/Airflow-2/.venv/lib/python3.10/site-packages/airflow/example_dags/example_time_delta_sensor_async.py
[2024-12-06T22:38:59.824-0600] {logging_mixin.py:190} INFO - [2024-12-06T22:38:59.824-0600] {dag.py:3239} INFO - Sync 1 DAGs
[2024-12-06T22:38:59.832-0600] {logging_mixin.py:190} INFO - [2024-12-06T22:38:59.832-0600] {dag.py:4180} INFO - Setting next_dagrun for example_time_delta_sensor_async to None, run_after=None
[2024-12-06T22:38:59.847-0600] {processor.py:208} INFO - Processing /home/m9d9v9/PycharmProjects/Airflow-2/Airflow-2/.venv/lib/python3.10/site-packages/airflow/example_dags/example_time_delta_sensor_async.py took 0.085 seconds
[2024-12-06T22:39:58.915-0600] {processor.py:186} INFO - Started process (PID=15017) to work on /home/m9d9v9/PycharmProjects/Airflow-2/Airflow-2/.venv/lib/python3.10/site-packages/airflow/example_dags/example_time_delta_sensor_async.py
[2024-12-06T22:39:58.922-0600] {processor.py:914} INFO - Processing file /home/m9d9v9/PycharmProjects/Airflow-2/Airflow-2/.venv/lib/python3.10/site-packages/airflow/example_dags/example_time_delta_sensor_async.py for tasks to queue
[2024-12-06T22:39:58.924-0600] {logging_mixin.py:190} INFO - [2024-12-06T22:39:58.923-0600] {dagbag.py:588} INFO - Filling up the DagBag from /home/m9d9v9/PycharmProjects/Airflow-2/Airflow-2/.venv/lib/python3.10/site-packages/airflow/example_dags/example_time_delta_sensor_async.py
[2024-12-06T22:39:58.935-0600] {processor.py:925} INFO - DAG(s) 'example_time_delta_sensor_async' retrieved from /home/m9d9v9/PycharmProjects/Airflow-2/Airflow-2/.venv/lib/python3.10/site-packages/airflow/example_dags/example_time_delta_sensor_async.py
[2024-12-06T22:39:58.957-0600] {logging_mixin.py:190} INFO - [2024-12-06T22:39:58.956-0600] {dag.py:3239} INFO - Sync 1 DAGs
[2024-12-06T22:39:58.969-0600] {logging_mixin.py:190} INFO - [2024-12-06T22:39:58.968-0600] {dag.py:4180} INFO - Setting next_dagrun for example_time_delta_sensor_async to None, run_after=None
[2024-12-06T22:39:58.981-0600] {processor.py:208} INFO - Processing /home/m9d9v9/PycharmProjects/Airflow-2/Airflow-2/.venv/lib/python3.10/site-packages/airflow/example_dags/example_time_delta_sensor_async.py took 0.078 seconds
[2024-12-06T22:40:56.576-0600] {processor.py:186} INFO - Started process (PID=15123) to work on /home/m9d9v9/PycharmProjects/Airflow-2/Airflow-2/.venv/lib/python3.10/site-packages/airflow/example_dags/example_time_delta_sensor_async.py
[2024-12-06T22:40:56.582-0600] {processor.py:914} INFO - Processing file /home/m9d9v9/PycharmProjects/Airflow-2/Airflow-2/.venv/lib/python3.10/site-packages/airflow/example_dags/example_time_delta_sensor_async.py for tasks to queue
[2024-12-06T22:40:56.584-0600] {logging_mixin.py:190} INFO - [2024-12-06T22:40:56.584-0600] {dagbag.py:588} INFO - Filling up the DagBag from /home/m9d9v9/PycharmProjects/Airflow-2/Airflow-2/.venv/lib/python3.10/site-packages/airflow/example_dags/example_time_delta_sensor_async.py
[2024-12-06T22:40:56.596-0600] {processor.py:925} INFO - DAG(s) 'example_time_delta_sensor_async' retrieved from /home/m9d9v9/PycharmProjects/Airflow-2/Airflow-2/.venv/lib/python3.10/site-packages/airflow/example_dags/example_time_delta_sensor_async.py
[2024-12-06T22:40:56.626-0600] {logging_mixin.py:190} INFO - [2024-12-06T22:40:56.626-0600] {dag.py:3239} INFO - Sync 1 DAGs
[2024-12-06T22:40:56.636-0600] {logging_mixin.py:190} INFO - [2024-12-06T22:40:56.636-0600] {dag.py:4180} INFO - Setting next_dagrun for example_time_delta_sensor_async to None, run_after=None
[2024-12-06T22:40:56.651-0600] {processor.py:208} INFO - Processing /home/m9d9v9/PycharmProjects/Airflow-2/Airflow-2/.venv/lib/python3.10/site-packages/airflow/example_dags/example_time_delta_sensor_async.py took 0.081 seconds
[2024-12-06T23:25:10.922-0600] {processor.py:186} INFO - Started process (PID=17261) to work on /home/m9d9v9/PycharmProjects/Airflow-2/Airflow-2/.venv/lib/python3.10/site-packages/airflow/example_dags/example_time_delta_sensor_async.py
[2024-12-06T23:25:10.924-0600] {processor.py:914} INFO - Processing file /home/m9d9v9/PycharmProjects/Airflow-2/Airflow-2/.venv/lib/python3.10/site-packages/airflow/example_dags/example_time_delta_sensor_async.py for tasks to queue
[2024-12-06T23:25:10.926-0600] {logging_mixin.py:190} INFO - [2024-12-06T23:25:10.925-0600] {dagbag.py:588} INFO - Filling up the DagBag from /home/m9d9v9/PycharmProjects/Airflow-2/Airflow-2/.venv/lib/python3.10/site-packages/airflow/example_dags/example_time_delta_sensor_async.py
[2024-12-06T23:25:10.930-0600] {processor.py:925} INFO - DAG(s) 'example_time_delta_sensor_async' retrieved from /home/m9d9v9/PycharmProjects/Airflow-2/Airflow-2/.venv/lib/python3.10/site-packages/airflow/example_dags/example_time_delta_sensor_async.py
[2024-12-06T23:25:10.943-0600] {logging_mixin.py:190} INFO - [2024-12-06T23:25:10.943-0600] {dag.py:3239} INFO - Sync 1 DAGs
[2024-12-06T23:25:10.950-0600] {logging_mixin.py:190} INFO - [2024-12-06T23:25:10.950-0600] {dag.py:4180} INFO - Setting next_dagrun for example_time_delta_sensor_async to None, run_after=None
[2024-12-06T23:25:10.961-0600] {processor.py:208} INFO - Processing /home/m9d9v9/PycharmProjects/Airflow-2/Airflow-2/.venv/lib/python3.10/site-packages/airflow/example_dags/example_time_delta_sensor_async.py took 0.051 seconds
[2024-12-06T23:26:09.272-0600] {processor.py:186} INFO - Started process (PID=17380) to work on /home/m9d9v9/PycharmProjects/Airflow-2/Airflow-2/.venv/lib/python3.10/site-packages/airflow/example_dags/example_time_delta_sensor_async.py
[2024-12-06T23:26:09.279-0600] {processor.py:914} INFO - Processing file /home/m9d9v9/PycharmProjects/Airflow-2/Airflow-2/.venv/lib/python3.10/site-packages/airflow/example_dags/example_time_delta_sensor_async.py for tasks to queue
[2024-12-06T23:26:09.281-0600] {logging_mixin.py:190} INFO - [2024-12-06T23:26:09.281-0600] {dagbag.py:588} INFO - Filling up the DagBag from /home/m9d9v9/PycharmProjects/Airflow-2/Airflow-2/.venv/lib/python3.10/site-packages/airflow/example_dags/example_time_delta_sensor_async.py
[2024-12-06T23:26:09.293-0600] {processor.py:925} INFO - DAG(s) 'example_time_delta_sensor_async' retrieved from /home/m9d9v9/PycharmProjects/Airflow-2/Airflow-2/.venv/lib/python3.10/site-packages/airflow/example_dags/example_time_delta_sensor_async.py
[2024-12-06T23:26:09.318-0600] {logging_mixin.py:190} INFO - [2024-12-06T23:26:09.318-0600] {dag.py:3239} INFO - Sync 1 DAGs
[2024-12-06T23:26:09.325-0600] {logging_mixin.py:190} INFO - [2024-12-06T23:26:09.325-0600] {dag.py:4180} INFO - Setting next_dagrun for example_time_delta_sensor_async to None, run_after=None
[2024-12-06T23:26:09.337-0600] {processor.py:208} INFO - Processing /home/m9d9v9/PycharmProjects/Airflow-2/Airflow-2/.venv/lib/python3.10/site-packages/airflow/example_dags/example_time_delta_sensor_async.py took 0.076 seconds
[2024-12-06T23:27:06.177-0600] {processor.py:186} INFO - Started process (PID=17455) to work on /home/m9d9v9/PycharmProjects/Airflow-2/Airflow-2/.venv/lib/python3.10/site-packages/airflow/example_dags/example_time_delta_sensor_async.py
[2024-12-06T23:27:06.184-0600] {processor.py:914} INFO - Processing file /home/m9d9v9/PycharmProjects/Airflow-2/Airflow-2/.venv/lib/python3.10/site-packages/airflow/example_dags/example_time_delta_sensor_async.py for tasks to queue
[2024-12-06T23:27:06.186-0600] {logging_mixin.py:190} INFO - [2024-12-06T23:27:06.186-0600] {dagbag.py:588} INFO - Filling up the DagBag from /home/m9d9v9/PycharmProjects/Airflow-2/Airflow-2/.venv/lib/python3.10/site-packages/airflow/example_dags/example_time_delta_sensor_async.py
[2024-12-06T23:27:06.199-0600] {processor.py:925} INFO - DAG(s) 'example_time_delta_sensor_async' retrieved from /home/m9d9v9/PycharmProjects/Airflow-2/Airflow-2/.venv/lib/python3.10/site-packages/airflow/example_dags/example_time_delta_sensor_async.py
[2024-12-06T23:27:06.224-0600] {logging_mixin.py:190} INFO - [2024-12-06T23:27:06.223-0600] {dag.py:3239} INFO - Sync 1 DAGs
[2024-12-06T23:27:06.232-0600] {logging_mixin.py:190} INFO - [2024-12-06T23:27:06.232-0600] {dag.py:4180} INFO - Setting next_dagrun for example_time_delta_sensor_async to None, run_after=None
[2024-12-06T23:27:06.243-0600] {processor.py:208} INFO - Processing /home/m9d9v9/PycharmProjects/Airflow-2/Airflow-2/.venv/lib/python3.10/site-packages/airflow/example_dags/example_time_delta_sensor_async.py took 0.074 seconds
[2024-12-06T23:28:03.010-0600] {processor.py:186} INFO - Started process (PID=17530) to work on /home/m9d9v9/PycharmProjects/Airflow-2/Airflow-2/.venv/lib/python3.10/site-packages/airflow/example_dags/example_time_delta_sensor_async.py
[2024-12-06T23:28:03.012-0600] {processor.py:914} INFO - Processing file /home/m9d9v9/PycharmProjects/Airflow-2/Airflow-2/.venv/lib/python3.10/site-packages/airflow/example_dags/example_time_delta_sensor_async.py for tasks to queue
[2024-12-06T23:28:03.013-0600] {logging_mixin.py:190} INFO - [2024-12-06T23:28:03.013-0600] {dagbag.py:588} INFO - Filling up the DagBag from /home/m9d9v9/PycharmProjects/Airflow-2/Airflow-2/.venv/lib/python3.10/site-packages/airflow/example_dags/example_time_delta_sensor_async.py
[2024-12-06T23:28:03.020-0600] {processor.py:925} INFO - DAG(s) 'example_time_delta_sensor_async' retrieved from /home/m9d9v9/PycharmProjects/Airflow-2/Airflow-2/.venv/lib/python3.10/site-packages/airflow/example_dags/example_time_delta_sensor_async.py
[2024-12-06T23:28:03.035-0600] {logging_mixin.py:190} INFO - [2024-12-06T23:28:03.035-0600] {dag.py:3239} INFO - Sync 1 DAGs
[2024-12-06T23:28:03.048-0600] {logging_mixin.py:190} INFO - [2024-12-06T23:28:03.048-0600] {dag.py:4180} INFO - Setting next_dagrun for example_time_delta_sensor_async to None, run_after=None
[2024-12-06T23:28:03.063-0600] {processor.py:208} INFO - Processing /home/m9d9v9/PycharmProjects/Airflow-2/Airflow-2/.venv/lib/python3.10/site-packages/airflow/example_dags/example_time_delta_sensor_async.py took 0.059 seconds
[2024-12-06T23:28:59.926-0600] {processor.py:186} INFO - Started process (PID=17637) to work on /home/m9d9v9/PycharmProjects/Airflow-2/Airflow-2/.venv/lib/python3.10/site-packages/airflow/example_dags/example_time_delta_sensor_async.py
[2024-12-06T23:28:59.927-0600] {processor.py:914} INFO - Processing file /home/m9d9v9/PycharmProjects/Airflow-2/Airflow-2/.venv/lib/python3.10/site-packages/airflow/example_dags/example_time_delta_sensor_async.py for tasks to queue
[2024-12-06T23:28:59.929-0600] {logging_mixin.py:190} INFO - [2024-12-06T23:28:59.928-0600] {dagbag.py:588} INFO - Filling up the DagBag from /home/m9d9v9/PycharmProjects/Airflow-2/Airflow-2/.venv/lib/python3.10/site-packages/airflow/example_dags/example_time_delta_sensor_async.py
[2024-12-06T23:28:59.936-0600] {processor.py:925} INFO - DAG(s) 'example_time_delta_sensor_async' retrieved from /home/m9d9v9/PycharmProjects/Airflow-2/Airflow-2/.venv/lib/python3.10/site-packages/airflow/example_dags/example_time_delta_sensor_async.py
[2024-12-06T23:28:59.954-0600] {logging_mixin.py:190} INFO - [2024-12-06T23:28:59.954-0600] {dag.py:3239} INFO - Sync 1 DAGs
[2024-12-06T23:28:59.968-0600] {logging_mixin.py:190} INFO - [2024-12-06T23:28:59.968-0600] {dag.py:4180} INFO - Setting next_dagrun for example_time_delta_sensor_async to None, run_after=None
[2024-12-06T23:28:59.981-0600] {processor.py:208} INFO - Processing /home/m9d9v9/PycharmProjects/Airflow-2/Airflow-2/.venv/lib/python3.10/site-packages/airflow/example_dags/example_time_delta_sensor_async.py took 0.061 seconds
[2024-12-06T23:29:55.376-0600] {processor.py:186} INFO - Started process (PID=17772) to work on /home/m9d9v9/PycharmProjects/Airflow-2/Airflow-2/.venv/lib/python3.10/site-packages/airflow/example_dags/example_time_delta_sensor_async.py
[2024-12-06T23:29:55.383-0600] {processor.py:914} INFO - Processing file /home/m9d9v9/PycharmProjects/Airflow-2/Airflow-2/.venv/lib/python3.10/site-packages/airflow/example_dags/example_time_delta_sensor_async.py for tasks to queue
[2024-12-06T23:29:55.385-0600] {logging_mixin.py:190} INFO - [2024-12-06T23:29:55.384-0600] {dagbag.py:588} INFO - Filling up the DagBag from /home/m9d9v9/PycharmProjects/Airflow-2/Airflow-2/.venv/lib/python3.10/site-packages/airflow/example_dags/example_time_delta_sensor_async.py
[2024-12-06T23:29:55.397-0600] {processor.py:925} INFO - DAG(s) 'example_time_delta_sensor_async' retrieved from /home/m9d9v9/PycharmProjects/Airflow-2/Airflow-2/.venv/lib/python3.10/site-packages/airflow/example_dags/example_time_delta_sensor_async.py
[2024-12-06T23:29:55.425-0600] {logging_mixin.py:190} INFO - [2024-12-06T23:29:55.424-0600] {dag.py:3239} INFO - Sync 1 DAGs
[2024-12-06T23:29:55.433-0600] {logging_mixin.py:190} INFO - [2024-12-06T23:29:55.432-0600] {dag.py:4180} INFO - Setting next_dagrun for example_time_delta_sensor_async to None, run_after=None
[2024-12-06T23:29:55.444-0600] {processor.py:208} INFO - Processing /home/m9d9v9/PycharmProjects/Airflow-2/Airflow-2/.venv/lib/python3.10/site-packages/airflow/example_dags/example_time_delta_sensor_async.py took 0.079 seconds
[2024-12-06T23:30:52.440-0600] {processor.py:186} INFO - Started process (PID=17892) to work on /home/m9d9v9/PycharmProjects/Airflow-2/Airflow-2/.venv/lib/python3.10/site-packages/airflow/example_dags/example_time_delta_sensor_async.py
[2024-12-06T23:30:52.447-0600] {processor.py:914} INFO - Processing file /home/m9d9v9/PycharmProjects/Airflow-2/Airflow-2/.venv/lib/python3.10/site-packages/airflow/example_dags/example_time_delta_sensor_async.py for tasks to queue
[2024-12-06T23:30:52.449-0600] {logging_mixin.py:190} INFO - [2024-12-06T23:30:52.449-0600] {dagbag.py:588} INFO - Filling up the DagBag from /home/m9d9v9/PycharmProjects/Airflow-2/Airflow-2/.venv/lib/python3.10/site-packages/airflow/example_dags/example_time_delta_sensor_async.py
[2024-12-06T23:30:52.463-0600] {processor.py:925} INFO - DAG(s) 'example_time_delta_sensor_async' retrieved from /home/m9d9v9/PycharmProjects/Airflow-2/Airflow-2/.venv/lib/python3.10/site-packages/airflow/example_dags/example_time_delta_sensor_async.py
[2024-12-06T23:30:52.488-0600] {logging_mixin.py:190} INFO - [2024-12-06T23:30:52.488-0600] {dag.py:3239} INFO - Sync 1 DAGs
[2024-12-06T23:30:52.497-0600] {logging_mixin.py:190} INFO - [2024-12-06T23:30:52.497-0600] {dag.py:4180} INFO - Setting next_dagrun for example_time_delta_sensor_async to None, run_after=None
[2024-12-06T23:30:52.508-0600] {processor.py:208} INFO - Processing /home/m9d9v9/PycharmProjects/Airflow-2/Airflow-2/.venv/lib/python3.10/site-packages/airflow/example_dags/example_time_delta_sensor_async.py took 0.079 seconds
[2024-12-06T23:31:49.535-0600] {processor.py:186} INFO - Started process (PID=17998) to work on /home/m9d9v9/PycharmProjects/Airflow-2/Airflow-2/.venv/lib/python3.10/site-packages/airflow/example_dags/example_time_delta_sensor_async.py
[2024-12-06T23:31:49.542-0600] {processor.py:914} INFO - Processing file /home/m9d9v9/PycharmProjects/Airflow-2/Airflow-2/.venv/lib/python3.10/site-packages/airflow/example_dags/example_time_delta_sensor_async.py for tasks to queue
[2024-12-06T23:31:49.544-0600] {logging_mixin.py:190} INFO - [2024-12-06T23:31:49.543-0600] {dagbag.py:588} INFO - Filling up the DagBag from /home/m9d9v9/PycharmProjects/Airflow-2/Airflow-2/.venv/lib/python3.10/site-packages/airflow/example_dags/example_time_delta_sensor_async.py
[2024-12-06T23:31:49.558-0600] {processor.py:925} INFO - DAG(s) 'example_time_delta_sensor_async' retrieved from /home/m9d9v9/PycharmProjects/Airflow-2/Airflow-2/.venv/lib/python3.10/site-packages/airflow/example_dags/example_time_delta_sensor_async.py
[2024-12-06T23:31:49.582-0600] {logging_mixin.py:190} INFO - [2024-12-06T23:31:49.582-0600] {dag.py:3239} INFO - Sync 1 DAGs
[2024-12-06T23:31:49.589-0600] {logging_mixin.py:190} INFO - [2024-12-06T23:31:49.589-0600] {dag.py:4180} INFO - Setting next_dagrun for example_time_delta_sensor_async to None, run_after=None
[2024-12-06T23:31:49.601-0600] {processor.py:208} INFO - Processing /home/m9d9v9/PycharmProjects/Airflow-2/Airflow-2/.venv/lib/python3.10/site-packages/airflow/example_dags/example_time_delta_sensor_async.py took 0.078 seconds
[2024-12-06T23:32:48.208-0600] {processor.py:186} INFO - Started process (PID=18073) to work on /home/m9d9v9/PycharmProjects/Airflow-2/Airflow-2/.venv/lib/python3.10/site-packages/airflow/example_dags/example_time_delta_sensor_async.py
[2024-12-06T23:32:48.215-0600] {processor.py:914} INFO - Processing file /home/m9d9v9/PycharmProjects/Airflow-2/Airflow-2/.venv/lib/python3.10/site-packages/airflow/example_dags/example_time_delta_sensor_async.py for tasks to queue
[2024-12-06T23:32:48.216-0600] {logging_mixin.py:190} INFO - [2024-12-06T23:32:48.216-0600] {dagbag.py:588} INFO - Filling up the DagBag from /home/m9d9v9/PycharmProjects/Airflow-2/Airflow-2/.venv/lib/python3.10/site-packages/airflow/example_dags/example_time_delta_sensor_async.py
[2024-12-06T23:32:48.229-0600] {processor.py:925} INFO - DAG(s) 'example_time_delta_sensor_async' retrieved from /home/m9d9v9/PycharmProjects/Airflow-2/Airflow-2/.venv/lib/python3.10/site-packages/airflow/example_dags/example_time_delta_sensor_async.py
[2024-12-06T23:32:48.256-0600] {logging_mixin.py:190} INFO - [2024-12-06T23:32:48.256-0600] {dag.py:3239} INFO - Sync 1 DAGs
[2024-12-06T23:32:48.264-0600] {logging_mixin.py:190} INFO - [2024-12-06T23:32:48.264-0600] {dag.py:4180} INFO - Setting next_dagrun for example_time_delta_sensor_async to None, run_after=None
[2024-12-06T23:32:48.277-0600] {processor.py:208} INFO - Processing /home/m9d9v9/PycharmProjects/Airflow-2/Airflow-2/.venv/lib/python3.10/site-packages/airflow/example_dags/example_time_delta_sensor_async.py took 0.078 seconds
[2024-12-06T23:33:43.758-0600] {processor.py:186} INFO - Started process (PID=18141) to work on /home/m9d9v9/PycharmProjects/Airflow-2/Airflow-2/.venv/lib/python3.10/site-packages/airflow/example_dags/example_time_delta_sensor_async.py
[2024-12-06T23:33:43.765-0600] {processor.py:914} INFO - Processing file /home/m9d9v9/PycharmProjects/Airflow-2/Airflow-2/.venv/lib/python3.10/site-packages/airflow/example_dags/example_time_delta_sensor_async.py for tasks to queue
[2024-12-06T23:33:43.768-0600] {logging_mixin.py:190} INFO - [2024-12-06T23:33:43.767-0600] {dagbag.py:588} INFO - Filling up the DagBag from /home/m9d9v9/PycharmProjects/Airflow-2/Airflow-2/.venv/lib/python3.10/site-packages/airflow/example_dags/example_time_delta_sensor_async.py
[2024-12-06T23:33:43.781-0600] {processor.py:925} INFO - DAG(s) 'example_time_delta_sensor_async' retrieved from /home/m9d9v9/PycharmProjects/Airflow-2/Airflow-2/.venv/lib/python3.10/site-packages/airflow/example_dags/example_time_delta_sensor_async.py
[2024-12-06T23:33:43.806-0600] {logging_mixin.py:190} INFO - [2024-12-06T23:33:43.806-0600] {dag.py:3239} INFO - Sync 1 DAGs
[2024-12-06T23:33:43.814-0600] {logging_mixin.py:190} INFO - [2024-12-06T23:33:43.814-0600] {dag.py:4180} INFO - Setting next_dagrun for example_time_delta_sensor_async to None, run_after=None
[2024-12-06T23:33:43.825-0600] {processor.py:208} INFO - Processing /home/m9d9v9/PycharmProjects/Airflow-2/Airflow-2/.venv/lib/python3.10/site-packages/airflow/example_dags/example_time_delta_sensor_async.py took 0.079 seconds
[2024-12-06T23:34:42.049-0600] {processor.py:186} INFO - Started process (PID=18263) to work on /home/m9d9v9/PycharmProjects/Airflow-2/Airflow-2/.venv/lib/python3.10/site-packages/airflow/example_dags/example_time_delta_sensor_async.py
[2024-12-06T23:34:42.055-0600] {processor.py:914} INFO - Processing file /home/m9d9v9/PycharmProjects/Airflow-2/Airflow-2/.venv/lib/python3.10/site-packages/airflow/example_dags/example_time_delta_sensor_async.py for tasks to queue
[2024-12-06T23:34:42.056-0600] {logging_mixin.py:190} INFO - [2024-12-06T23:34:42.056-0600] {dagbag.py:588} INFO - Filling up the DagBag from /home/m9d9v9/PycharmProjects/Airflow-2/Airflow-2/.venv/lib/python3.10/site-packages/airflow/example_dags/example_time_delta_sensor_async.py
[2024-12-06T23:34:42.061-0600] {processor.py:925} INFO - DAG(s) 'example_time_delta_sensor_async' retrieved from /home/m9d9v9/PycharmProjects/Airflow-2/Airflow-2/.venv/lib/python3.10/site-packages/airflow/example_dags/example_time_delta_sensor_async.py
[2024-12-06T23:34:42.070-0600] {logging_mixin.py:190} INFO - [2024-12-06T23:34:42.070-0600] {dag.py:3239} INFO - Sync 1 DAGs
[2024-12-06T23:34:42.189-0600] {logging_mixin.py:190} INFO - [2024-12-06T23:34:42.189-0600] {dag.py:4180} INFO - Setting next_dagrun for example_time_delta_sensor_async to None, run_after=None
[2024-12-06T23:34:42.206-0600] {processor.py:208} INFO - Processing /home/m9d9v9/PycharmProjects/Airflow-2/Airflow-2/.venv/lib/python3.10/site-packages/airflow/example_dags/example_time_delta_sensor_async.py took 0.161 seconds
[2024-12-06T23:35:45.302-0600] {processor.py:186} INFO - Started process (PID=18350) to work on /home/m9d9v9/PycharmProjects/Airflow-2/Airflow-2/.venv/lib/python3.10/site-packages/airflow/example_dags/example_time_delta_sensor_async.py
[2024-12-06T23:35:45.308-0600] {processor.py:914} INFO - Processing file /home/m9d9v9/PycharmProjects/Airflow-2/Airflow-2/.venv/lib/python3.10/site-packages/airflow/example_dags/example_time_delta_sensor_async.py for tasks to queue
[2024-12-06T23:35:45.311-0600] {logging_mixin.py:190} INFO - [2024-12-06T23:35:45.310-0600] {dagbag.py:588} INFO - Filling up the DagBag from /home/m9d9v9/PycharmProjects/Airflow-2/Airflow-2/.venv/lib/python3.10/site-packages/airflow/example_dags/example_time_delta_sensor_async.py
[2024-12-06T23:35:45.324-0600] {processor.py:925} INFO - DAG(s) 'example_time_delta_sensor_async' retrieved from /home/m9d9v9/PycharmProjects/Airflow-2/Airflow-2/.venv/lib/python3.10/site-packages/airflow/example_dags/example_time_delta_sensor_async.py
[2024-12-06T23:35:45.348-0600] {logging_mixin.py:190} INFO - [2024-12-06T23:35:45.348-0600] {dag.py:3239} INFO - Sync 1 DAGs
[2024-12-06T23:35:45.357-0600] {logging_mixin.py:190} INFO - [2024-12-06T23:35:45.356-0600] {dag.py:4180} INFO - Setting next_dagrun for example_time_delta_sensor_async to None, run_after=None
[2024-12-06T23:35:45.458-0600] {processor.py:208} INFO - Processing /home/m9d9v9/PycharmProjects/Airflow-2/Airflow-2/.venv/lib/python3.10/site-packages/airflow/example_dags/example_time_delta_sensor_async.py took 0.167 seconds
[2024-12-06T23:36:48.155-0600] {processor.py:186} INFO - Started process (PID=18423) to work on /home/m9d9v9/PycharmProjects/Airflow-2/Airflow-2/.venv/lib/python3.10/site-packages/airflow/example_dags/example_time_delta_sensor_async.py
[2024-12-06T23:36:48.162-0600] {processor.py:914} INFO - Processing file /home/m9d9v9/PycharmProjects/Airflow-2/Airflow-2/.venv/lib/python3.10/site-packages/airflow/example_dags/example_time_delta_sensor_async.py for tasks to queue
[2024-12-06T23:36:48.164-0600] {logging_mixin.py:190} INFO - [2024-12-06T23:36:48.164-0600] {dagbag.py:588} INFO - Filling up the DagBag from /home/m9d9v9/PycharmProjects/Airflow-2/Airflow-2/.venv/lib/python3.10/site-packages/airflow/example_dags/example_time_delta_sensor_async.py
[2024-12-06T23:36:48.179-0600] {processor.py:925} INFO - DAG(s) 'example_time_delta_sensor_async' retrieved from /home/m9d9v9/PycharmProjects/Airflow-2/Airflow-2/.venv/lib/python3.10/site-packages/airflow/example_dags/example_time_delta_sensor_async.py
[2024-12-06T23:36:48.206-0600] {logging_mixin.py:190} INFO - [2024-12-06T23:36:48.206-0600] {dag.py:3239} INFO - Sync 1 DAGs
[2024-12-06T23:36:48.213-0600] {logging_mixin.py:190} INFO - [2024-12-06T23:36:48.213-0600] {dag.py:4180} INFO - Setting next_dagrun for example_time_delta_sensor_async to None, run_after=None
[2024-12-06T23:36:48.225-0600] {processor.py:208} INFO - Processing /home/m9d9v9/PycharmProjects/Airflow-2/Airflow-2/.venv/lib/python3.10/site-packages/airflow/example_dags/example_time_delta_sensor_async.py took 0.081 seconds
[2024-12-06T23:37:49.126-0600] {processor.py:186} INFO - Started process (PID=18714) to work on /home/m9d9v9/PycharmProjects/Airflow-2/Airflow-2/.venv/lib/python3.10/site-packages/airflow/example_dags/example_time_delta_sensor_async.py
[2024-12-06T23:37:49.132-0600] {processor.py:914} INFO - Processing file /home/m9d9v9/PycharmProjects/Airflow-2/Airflow-2/.venv/lib/python3.10/site-packages/airflow/example_dags/example_time_delta_sensor_async.py for tasks to queue
[2024-12-06T23:37:49.133-0600] {logging_mixin.py:190} INFO - [2024-12-06T23:37:49.133-0600] {dagbag.py:588} INFO - Filling up the DagBag from /home/m9d9v9/PycharmProjects/Airflow-2/Airflow-2/.venv/lib/python3.10/site-packages/airflow/example_dags/example_time_delta_sensor_async.py
[2024-12-06T23:37:49.141-0600] {processor.py:925} INFO - DAG(s) 'example_time_delta_sensor_async' retrieved from /home/m9d9v9/PycharmProjects/Airflow-2/Airflow-2/.venv/lib/python3.10/site-packages/airflow/example_dags/example_time_delta_sensor_async.py
[2024-12-06T23:37:49.157-0600] {logging_mixin.py:190} INFO - [2024-12-06T23:37:49.157-0600] {dag.py:3239} INFO - Sync 1 DAGs
[2024-12-06T23:37:49.170-0600] {logging_mixin.py:190} INFO - [2024-12-06T23:37:49.170-0600] {dag.py:4180} INFO - Setting next_dagrun for example_time_delta_sensor_async to None, run_after=None
[2024-12-06T23:37:49.186-0600] {processor.py:208} INFO - Processing /home/m9d9v9/PycharmProjects/Airflow-2/Airflow-2/.venv/lib/python3.10/site-packages/airflow/example_dags/example_time_delta_sensor_async.py took 0.067 seconds
[2024-12-06T23:38:52.590-0600] {processor.py:186} INFO - Started process (PID=18881) to work on /home/m9d9v9/PycharmProjects/Airflow-2/Airflow-2/.venv/lib/python3.10/site-packages/airflow/example_dags/example_time_delta_sensor_async.py
[2024-12-06T23:38:52.591-0600] {processor.py:914} INFO - Processing file /home/m9d9v9/PycharmProjects/Airflow-2/Airflow-2/.venv/lib/python3.10/site-packages/airflow/example_dags/example_time_delta_sensor_async.py for tasks to queue
[2024-12-06T23:38:52.592-0600] {logging_mixin.py:190} INFO - [2024-12-06T23:38:52.592-0600] {dagbag.py:588} INFO - Filling up the DagBag from /home/m9d9v9/PycharmProjects/Airflow-2/Airflow-2/.venv/lib/python3.10/site-packages/airflow/example_dags/example_time_delta_sensor_async.py
[2024-12-06T23:38:52.601-0600] {processor.py:925} INFO - DAG(s) 'example_time_delta_sensor_async' retrieved from /home/m9d9v9/PycharmProjects/Airflow-2/Airflow-2/.venv/lib/python3.10/site-packages/airflow/example_dags/example_time_delta_sensor_async.py
[2024-12-06T23:38:52.616-0600] {logging_mixin.py:190} INFO - [2024-12-06T23:38:52.616-0600] {dag.py:3239} INFO - Sync 1 DAGs
[2024-12-06T23:38:52.629-0600] {logging_mixin.py:190} INFO - [2024-12-06T23:38:52.628-0600] {dag.py:4180} INFO - Setting next_dagrun for example_time_delta_sensor_async to None, run_after=None
[2024-12-06T23:38:52.642-0600] {processor.py:208} INFO - Processing /home/m9d9v9/PycharmProjects/Airflow-2/Airflow-2/.venv/lib/python3.10/site-packages/airflow/example_dags/example_time_delta_sensor_async.py took 0.059 seconds
[2024-12-06T23:39:51.206-0600] {processor.py:186} INFO - Started process (PID=19100) to work on /home/m9d9v9/PycharmProjects/Airflow-2/Airflow-2/.venv/lib/python3.10/site-packages/airflow/example_dags/example_time_delta_sensor_async.py
[2024-12-06T23:39:51.207-0600] {processor.py:914} INFO - Processing file /home/m9d9v9/PycharmProjects/Airflow-2/Airflow-2/.venv/lib/python3.10/site-packages/airflow/example_dags/example_time_delta_sensor_async.py for tasks to queue
[2024-12-06T23:39:51.208-0600] {logging_mixin.py:190} INFO - [2024-12-06T23:39:51.207-0600] {dagbag.py:588} INFO - Filling up the DagBag from /home/m9d9v9/PycharmProjects/Airflow-2/Airflow-2/.venv/lib/python3.10/site-packages/airflow/example_dags/example_time_delta_sensor_async.py
[2024-12-06T23:39:51.215-0600] {processor.py:925} INFO - DAG(s) 'example_time_delta_sensor_async' retrieved from /home/m9d9v9/PycharmProjects/Airflow-2/Airflow-2/.venv/lib/python3.10/site-packages/airflow/example_dags/example_time_delta_sensor_async.py
[2024-12-06T23:39:51.227-0600] {logging_mixin.py:190} INFO - [2024-12-06T23:39:51.227-0600] {dag.py:3239} INFO - Sync 1 DAGs
[2024-12-06T23:39:51.239-0600] {logging_mixin.py:190} INFO - [2024-12-06T23:39:51.239-0600] {dag.py:4180} INFO - Setting next_dagrun for example_time_delta_sensor_async to None, run_after=None
[2024-12-06T23:39:51.253-0600] {processor.py:208} INFO - Processing /home/m9d9v9/PycharmProjects/Airflow-2/Airflow-2/.venv/lib/python3.10/site-packages/airflow/example_dags/example_time_delta_sensor_async.py took 0.054 seconds
[2024-12-06T23:40:49.831-0600] {processor.py:186} INFO - Started process (PID=19278) to work on /home/m9d9v9/PycharmProjects/Airflow-2/Airflow-2/.venv/lib/python3.10/site-packages/airflow/example_dags/example_time_delta_sensor_async.py
[2024-12-06T23:40:49.838-0600] {processor.py:914} INFO - Processing file /home/m9d9v9/PycharmProjects/Airflow-2/Airflow-2/.venv/lib/python3.10/site-packages/airflow/example_dags/example_time_delta_sensor_async.py for tasks to queue
[2024-12-06T23:40:49.840-0600] {logging_mixin.py:190} INFO - [2024-12-06T23:40:49.840-0600] {dagbag.py:588} INFO - Filling up the DagBag from /home/m9d9v9/PycharmProjects/Airflow-2/Airflow-2/.venv/lib/python3.10/site-packages/airflow/example_dags/example_time_delta_sensor_async.py
[2024-12-06T23:40:49.854-0600] {processor.py:925} INFO - DAG(s) 'example_time_delta_sensor_async' retrieved from /home/m9d9v9/PycharmProjects/Airflow-2/Airflow-2/.venv/lib/python3.10/site-packages/airflow/example_dags/example_time_delta_sensor_async.py
[2024-12-06T23:40:49.876-0600] {logging_mixin.py:190} INFO - [2024-12-06T23:40:49.876-0600] {dag.py:3239} INFO - Sync 1 DAGs
[2024-12-06T23:40:49.884-0600] {logging_mixin.py:190} INFO - [2024-12-06T23:40:49.884-0600] {dag.py:4180} INFO - Setting next_dagrun for example_time_delta_sensor_async to None, run_after=None
[2024-12-06T23:40:49.895-0600] {processor.py:208} INFO - Processing /home/m9d9v9/PycharmProjects/Airflow-2/Airflow-2/.venv/lib/python3.10/site-packages/airflow/example_dags/example_time_delta_sensor_async.py took 0.075 seconds
[2024-12-06T23:41:42.393-0600] {processor.py:186} INFO - Started process (PID=19361) to work on /home/m9d9v9/PycharmProjects/Airflow-2/Airflow-2/.venv/lib/python3.10/site-packages/airflow/example_dags/example_time_delta_sensor_async.py
[2024-12-06T23:41:42.399-0600] {processor.py:914} INFO - Processing file /home/m9d9v9/PycharmProjects/Airflow-2/Airflow-2/.venv/lib/python3.10/site-packages/airflow/example_dags/example_time_delta_sensor_async.py for tasks to queue
[2024-12-06T23:41:42.400-0600] {logging_mixin.py:190} INFO - [2024-12-06T23:41:42.400-0600] {dagbag.py:588} INFO - Filling up the DagBag from /home/m9d9v9/PycharmProjects/Airflow-2/Airflow-2/.venv/lib/python3.10/site-packages/airflow/example_dags/example_time_delta_sensor_async.py
[2024-12-06T23:41:42.410-0600] {processor.py:925} INFO - DAG(s) 'example_time_delta_sensor_async' retrieved from /home/m9d9v9/PycharmProjects/Airflow-2/Airflow-2/.venv/lib/python3.10/site-packages/airflow/example_dags/example_time_delta_sensor_async.py
[2024-12-06T23:41:42.430-0600] {logging_mixin.py:190} INFO - [2024-12-06T23:41:42.430-0600] {dag.py:3239} INFO - Sync 1 DAGs
[2024-12-06T23:41:42.442-0600] {logging_mixin.py:190} INFO - [2024-12-06T23:41:42.442-0600] {dag.py:4180} INFO - Setting next_dagrun for example_time_delta_sensor_async to None, run_after=None
[2024-12-06T23:41:42.458-0600] {processor.py:208} INFO - Processing /home/m9d9v9/PycharmProjects/Airflow-2/Airflow-2/.venv/lib/python3.10/site-packages/airflow/example_dags/example_time_delta_sensor_async.py took 0.072 seconds
