[2024-12-06T22:19:12.132-0600] {processor.py:186} INFO - Started process (PID=12516) to work on /home/m9d9v9/PycharmProjects/Airflow-2/Airflow-2/.venv/lib/python3.10/site-packages/airflow/example_dags/example_branch_datetime_operator.py
[2024-12-06T22:19:12.134-0600] {processor.py:914} INFO - Processing file /home/m9d9v9/PycharmProjects/Airflow-2/Airflow-2/.venv/lib/python3.10/site-packages/airflow/example_dags/example_branch_datetime_operator.py for tasks to queue
[2024-12-06T22:19:12.138-0600] {logging_mixin.py:190} INFO - [2024-12-06T22:19:12.138-0600] {dagbag.py:588} INFO - Filling up the DagBag from /home/m9d9v9/PycharmProjects/Airflow-2/Airflow-2/.venv/lib/python3.10/site-packages/airflow/example_dags/example_branch_datetime_operator.py
[2024-12-06T22:19:12.165-0600] {processor.py:925} INFO - DAG(s) 'example_branch_datetime_operator_3', 'example_branch_datetime_operator', 'example_branch_datetime_operator_2' retrieved from /home/m9d9v9/PycharmProjects/Airflow-2/Airflow-2/.venv/lib/python3.10/site-packages/airflow/example_dags/example_branch_datetime_operator.py
[2024-12-06T22:19:12.239-0600] {logging_mixin.py:190} INFO - [2024-12-06T22:19:12.238-0600] {override.py:1911} INFO - Created Permission View: can edit on DAG:example_branch_datetime_operator_3
[2024-12-06T22:19:12.246-0600] {logging_mixin.py:190} INFO - [2024-12-06T22:19:12.246-0600] {override.py:1911} INFO - Created Permission View: can read on DAG:example_branch_datetime_operator_3
[2024-12-06T22:19:12.251-0600] {logging_mixin.py:190} INFO - [2024-12-06T22:19:12.251-0600] {override.py:1911} INFO - Created Permission View: can delete on DAG:example_branch_datetime_operator_3
[2024-12-06T22:19:12.258-0600] {logging_mixin.py:190} INFO - [2024-12-06T22:19:12.257-0600] {override.py:1911} INFO - Created Permission View: menu access on DAG Run:example_branch_datetime_operator_3
[2024-12-06T22:19:12.262-0600] {logging_mixin.py:190} INFO - [2024-12-06T22:19:12.262-0600] {override.py:1911} INFO - Created Permission View: can create on DAG Run:example_branch_datetime_operator_3
[2024-12-06T22:19:12.266-0600] {logging_mixin.py:190} INFO - [2024-12-06T22:19:12.266-0600] {override.py:1911} INFO - Created Permission View: can read on DAG Run:example_branch_datetime_operator_3
[2024-12-06T22:19:12.270-0600] {logging_mixin.py:190} INFO - [2024-12-06T22:19:12.270-0600] {override.py:1911} INFO - Created Permission View: can delete on DAG Run:example_branch_datetime_operator_3
[2024-12-06T22:19:12.285-0600] {logging_mixin.py:190} INFO - [2024-12-06T22:19:12.285-0600] {override.py:1911} INFO - Created Permission View: can edit on DAG:example_branch_datetime_operator
[2024-12-06T22:19:12.293-0600] {logging_mixin.py:190} INFO - [2024-12-06T22:19:12.292-0600] {override.py:1911} INFO - Created Permission View: can read on DAG:example_branch_datetime_operator
[2024-12-06T22:19:12.301-0600] {logging_mixin.py:190} INFO - [2024-12-06T22:19:12.300-0600] {override.py:1911} INFO - Created Permission View: can delete on DAG:example_branch_datetime_operator
[2024-12-06T22:19:12.309-0600] {logging_mixin.py:190} INFO - [2024-12-06T22:19:12.309-0600] {override.py:1911} INFO - Created Permission View: menu access on DAG Run:example_branch_datetime_operator
[2024-12-06T22:19:12.314-0600] {logging_mixin.py:190} INFO - [2024-12-06T22:19:12.314-0600] {override.py:1911} INFO - Created Permission View: can create on DAG Run:example_branch_datetime_operator
[2024-12-06T22:19:12.318-0600] {logging_mixin.py:190} INFO - [2024-12-06T22:19:12.318-0600] {override.py:1911} INFO - Created Permission View: can read on DAG Run:example_branch_datetime_operator
[2024-12-06T22:19:12.323-0600] {logging_mixin.py:190} INFO - [2024-12-06T22:19:12.323-0600] {override.py:1911} INFO - Created Permission View: can delete on DAG Run:example_branch_datetime_operator
[2024-12-06T22:19:12.334-0600] {logging_mixin.py:190} INFO - [2024-12-06T22:19:12.334-0600] {override.py:1911} INFO - Created Permission View: can edit on DAG:example_branch_datetime_operator_2
[2024-12-06T22:19:12.338-0600] {logging_mixin.py:190} INFO - [2024-12-06T22:19:12.338-0600] {override.py:1911} INFO - Created Permission View: can read on DAG:example_branch_datetime_operator_2
[2024-12-06T22:19:12.342-0600] {logging_mixin.py:190} INFO - [2024-12-06T22:19:12.342-0600] {override.py:1911} INFO - Created Permission View: can delete on DAG:example_branch_datetime_operator_2
[2024-12-06T22:19:12.349-0600] {logging_mixin.py:190} INFO - [2024-12-06T22:19:12.349-0600] {override.py:1911} INFO - Created Permission View: menu access on DAG Run:example_branch_datetime_operator_2
[2024-12-06T22:19:12.360-0600] {logging_mixin.py:190} INFO - [2024-12-06T22:19:12.360-0600] {override.py:1911} INFO - Created Permission View: can create on DAG Run:example_branch_datetime_operator_2
[2024-12-06T22:19:12.364-0600] {logging_mixin.py:190} INFO - [2024-12-06T22:19:12.364-0600] {override.py:1911} INFO - Created Permission View: can read on DAG Run:example_branch_datetime_operator_2
[2024-12-06T22:19:12.372-0600] {logging_mixin.py:190} INFO - [2024-12-06T22:19:12.371-0600] {override.py:1911} INFO - Created Permission View: can delete on DAG Run:example_branch_datetime_operator_2
[2024-12-06T22:19:12.372-0600] {logging_mixin.py:190} INFO - [2024-12-06T22:19:12.372-0600] {dag.py:3239} INFO - Sync 3 DAGs
[2024-12-06T22:19:12.381-0600] {logging_mixin.py:190} INFO - [2024-12-06T22:19:12.381-0600] {dag.py:3262} INFO - Creating ORM DAG for example_branch_datetime_operator_3
[2024-12-06T22:19:12.381-0600] {logging_mixin.py:190} INFO - [2024-12-06T22:19:12.381-0600] {dag.py:3262} INFO - Creating ORM DAG for example_branch_datetime_operator_2
[2024-12-06T22:19:12.382-0600] {logging_mixin.py:190} INFO - [2024-12-06T22:19:12.381-0600] {dag.py:3262} INFO - Creating ORM DAG for example_branch_datetime_operator
[2024-12-06T22:19:12.387-0600] {logging_mixin.py:190} INFO - [2024-12-06T22:19:12.387-0600] {dag.py:4180} INFO - Setting next_dagrun for example_branch_datetime_operator to 2024-12-06 00:00:00+00:00, run_after=2024-12-07 00:00:00+00:00
[2024-12-06T22:19:12.388-0600] {logging_mixin.py:190} INFO - [2024-12-06T22:19:12.388-0600] {dag.py:4180} INFO - Setting next_dagrun for example_branch_datetime_operator_2 to 2024-12-06 00:00:00+00:00, run_after=2024-12-07 00:00:00+00:00
[2024-12-06T22:19:12.389-0600] {logging_mixin.py:190} INFO - [2024-12-06T22:19:12.389-0600] {dag.py:4180} INFO - Setting next_dagrun for example_branch_datetime_operator_3 to 2024-12-06 00:00:00+00:00, run_after=2024-12-07 00:00:00+00:00
[2024-12-06T22:19:12.400-0600] {processor.py:208} INFO - Processing /home/m9d9v9/PycharmProjects/Airflow-2/Airflow-2/.venv/lib/python3.10/site-packages/airflow/example_dags/example_branch_datetime_operator.py took 0.280 seconds
[2024-12-06T22:20:10.544-0600] {processor.py:186} INFO - Started process (PID=12635) to work on /home/m9d9v9/PycharmProjects/Airflow-2/Airflow-2/.venv/lib/python3.10/site-packages/airflow/example_dags/example_branch_datetime_operator.py
[2024-12-06T22:20:10.549-0600] {processor.py:914} INFO - Processing file /home/m9d9v9/PycharmProjects/Airflow-2/Airflow-2/.venv/lib/python3.10/site-packages/airflow/example_dags/example_branch_datetime_operator.py for tasks to queue
[2024-12-06T22:20:10.551-0600] {logging_mixin.py:190} INFO - [2024-12-06T22:20:10.551-0600] {dagbag.py:588} INFO - Filling up the DagBag from /home/m9d9v9/PycharmProjects/Airflow-2/Airflow-2/.venv/lib/python3.10/site-packages/airflow/example_dags/example_branch_datetime_operator.py
[2024-12-06T22:20:10.563-0600] {processor.py:925} INFO - DAG(s) 'example_branch_datetime_operator_3', 'example_branch_datetime_operator', 'example_branch_datetime_operator_2' retrieved from /home/m9d9v9/PycharmProjects/Airflow-2/Airflow-2/.venv/lib/python3.10/site-packages/airflow/example_dags/example_branch_datetime_operator.py
[2024-12-06T22:20:10.582-0600] {logging_mixin.py:190} INFO - [2024-12-06T22:20:10.582-0600] {dag.py:3239} INFO - Sync 3 DAGs
[2024-12-06T22:20:10.601-0600] {logging_mixin.py:190} INFO - [2024-12-06T22:20:10.601-0600] {dag.py:4180} INFO - Setting next_dagrun for example_branch_datetime_operator to 2024-12-06 00:00:00+00:00, run_after=2024-12-07 00:00:00+00:00
[2024-12-06T22:20:10.605-0600] {logging_mixin.py:190} INFO - [2024-12-06T22:20:10.604-0600] {dag.py:4180} INFO - Setting next_dagrun for example_branch_datetime_operator_2 to 2024-12-06 00:00:00+00:00, run_after=2024-12-07 00:00:00+00:00
[2024-12-06T22:20:10.607-0600] {logging_mixin.py:190} INFO - [2024-12-06T22:20:10.607-0600] {dag.py:4180} INFO - Setting next_dagrun for example_branch_datetime_operator_3 to 2024-12-06 00:00:00+00:00, run_after=2024-12-07 00:00:00+00:00
[2024-12-06T22:20:10.623-0600] {processor.py:208} INFO - Processing /home/m9d9v9/PycharmProjects/Airflow-2/Airflow-2/.venv/lib/python3.10/site-packages/airflow/example_dags/example_branch_datetime_operator.py took 0.085 seconds
[2024-12-06T22:21:06.405-0600] {processor.py:186} INFO - Started process (PID=12710) to work on /home/m9d9v9/PycharmProjects/Airflow-2/Airflow-2/.venv/lib/python3.10/site-packages/airflow/example_dags/example_branch_datetime_operator.py
[2024-12-06T22:21:06.411-0600] {processor.py:914} INFO - Processing file /home/m9d9v9/PycharmProjects/Airflow-2/Airflow-2/.venv/lib/python3.10/site-packages/airflow/example_dags/example_branch_datetime_operator.py for tasks to queue
[2024-12-06T22:21:06.413-0600] {logging_mixin.py:190} INFO - [2024-12-06T22:21:06.413-0600] {dagbag.py:588} INFO - Filling up the DagBag from /home/m9d9v9/PycharmProjects/Airflow-2/Airflow-2/.venv/lib/python3.10/site-packages/airflow/example_dags/example_branch_datetime_operator.py
[2024-12-06T22:21:06.425-0600] {processor.py:925} INFO - DAG(s) 'example_branch_datetime_operator_2', 'example_branch_datetime_operator_3', 'example_branch_datetime_operator' retrieved from /home/m9d9v9/PycharmProjects/Airflow-2/Airflow-2/.venv/lib/python3.10/site-packages/airflow/example_dags/example_branch_datetime_operator.py
[2024-12-06T22:21:06.444-0600] {logging_mixin.py:190} INFO - [2024-12-06T22:21:06.444-0600] {dag.py:3239} INFO - Sync 3 DAGs
[2024-12-06T22:21:06.463-0600] {logging_mixin.py:190} INFO - [2024-12-06T22:21:06.463-0600] {dag.py:4180} INFO - Setting next_dagrun for example_branch_datetime_operator to 2024-12-06 00:00:00+00:00, run_after=2024-12-07 00:00:00+00:00
[2024-12-06T22:21:06.466-0600] {logging_mixin.py:190} INFO - [2024-12-06T22:21:06.466-0600] {dag.py:4180} INFO - Setting next_dagrun for example_branch_datetime_operator_2 to 2024-12-06 00:00:00+00:00, run_after=2024-12-07 00:00:00+00:00
[2024-12-06T22:21:06.467-0600] {logging_mixin.py:190} INFO - [2024-12-06T22:21:06.467-0600] {dag.py:4180} INFO - Setting next_dagrun for example_branch_datetime_operator_3 to 2024-12-06 00:00:00+00:00, run_after=2024-12-07 00:00:00+00:00
[2024-12-06T22:21:06.479-0600] {processor.py:208} INFO - Processing /home/m9d9v9/PycharmProjects/Airflow-2/Airflow-2/.venv/lib/python3.10/site-packages/airflow/example_dags/example_branch_datetime_operator.py took 0.080 seconds
[2024-12-06T22:22:03.506-0600] {processor.py:186} INFO - Started process (PID=12790) to work on /home/m9d9v9/PycharmProjects/Airflow-2/Airflow-2/.venv/lib/python3.10/site-packages/airflow/example_dags/example_branch_datetime_operator.py
[2024-12-06T22:22:03.513-0600] {processor.py:914} INFO - Processing file /home/m9d9v9/PycharmProjects/Airflow-2/Airflow-2/.venv/lib/python3.10/site-packages/airflow/example_dags/example_branch_datetime_operator.py for tasks to queue
[2024-12-06T22:22:03.515-0600] {logging_mixin.py:190} INFO - [2024-12-06T22:22:03.515-0600] {dagbag.py:588} INFO - Filling up the DagBag from /home/m9d9v9/PycharmProjects/Airflow-2/Airflow-2/.venv/lib/python3.10/site-packages/airflow/example_dags/example_branch_datetime_operator.py
[2024-12-06T22:22:03.533-0600] {processor.py:925} INFO - DAG(s) 'example_branch_datetime_operator', 'example_branch_datetime_operator_2', 'example_branch_datetime_operator_3' retrieved from /home/m9d9v9/PycharmProjects/Airflow-2/Airflow-2/.venv/lib/python3.10/site-packages/airflow/example_dags/example_branch_datetime_operator.py
[2024-12-06T22:22:03.561-0600] {logging_mixin.py:190} INFO - [2024-12-06T22:22:03.561-0600] {dag.py:3239} INFO - Sync 3 DAGs
[2024-12-06T22:22:03.579-0600] {logging_mixin.py:190} INFO - [2024-12-06T22:22:03.579-0600] {dag.py:4180} INFO - Setting next_dagrun for example_branch_datetime_operator to 2024-12-06 00:00:00+00:00, run_after=2024-12-07 00:00:00+00:00
[2024-12-06T22:22:03.583-0600] {logging_mixin.py:190} INFO - [2024-12-06T22:22:03.583-0600] {dag.py:4180} INFO - Setting next_dagrun for example_branch_datetime_operator_2 to 2024-12-06 00:00:00+00:00, run_after=2024-12-07 00:00:00+00:00
[2024-12-06T22:22:03.584-0600] {logging_mixin.py:190} INFO - [2024-12-06T22:22:03.584-0600] {dag.py:4180} INFO - Setting next_dagrun for example_branch_datetime_operator_3 to 2024-12-06 00:00:00+00:00, run_after=2024-12-07 00:00:00+00:00
[2024-12-06T22:22:03.600-0600] {processor.py:208} INFO - Processing /home/m9d9v9/PycharmProjects/Airflow-2/Airflow-2/.venv/lib/python3.10/site-packages/airflow/example_dags/example_branch_datetime_operator.py took 0.102 seconds
[2024-12-06T22:23:21.774-0600] {processor.py:186} INFO - Started process (PID=12947) to work on /home/m9d9v9/PycharmProjects/Airflow-2/Airflow-2/.venv/lib/python3.10/site-packages/airflow/example_dags/example_branch_datetime_operator.py
[2024-12-06T22:23:21.780-0600] {processor.py:914} INFO - Processing file /home/m9d9v9/PycharmProjects/Airflow-2/Airflow-2/.venv/lib/python3.10/site-packages/airflow/example_dags/example_branch_datetime_operator.py for tasks to queue
[2024-12-06T22:23:21.781-0600] {logging_mixin.py:190} INFO - [2024-12-06T22:23:21.780-0600] {dagbag.py:588} INFO - Filling up the DagBag from /home/m9d9v9/PycharmProjects/Airflow-2/Airflow-2/.venv/lib/python3.10/site-packages/airflow/example_dags/example_branch_datetime_operator.py
[2024-12-06T22:23:21.792-0600] {processor.py:925} INFO - DAG(s) 'example_branch_datetime_operator_3', 'example_branch_datetime_operator', 'example_branch_datetime_operator_2' retrieved from /home/m9d9v9/PycharmProjects/Airflow-2/Airflow-2/.venv/lib/python3.10/site-packages/airflow/example_dags/example_branch_datetime_operator.py
[2024-12-06T22:23:21.810-0600] {logging_mixin.py:190} INFO - [2024-12-06T22:23:21.810-0600] {dag.py:3239} INFO - Sync 3 DAGs
[2024-12-06T22:23:21.826-0600] {logging_mixin.py:190} INFO - [2024-12-06T22:23:21.826-0600] {dag.py:4180} INFO - Setting next_dagrun for example_branch_datetime_operator to 2024-12-06 00:00:00+00:00, run_after=2024-12-07 00:00:00+00:00
[2024-12-06T22:23:21.829-0600] {logging_mixin.py:190} INFO - [2024-12-06T22:23:21.829-0600] {dag.py:4180} INFO - Setting next_dagrun for example_branch_datetime_operator_2 to 2024-12-06 00:00:00+00:00, run_after=2024-12-07 00:00:00+00:00
[2024-12-06T22:23:21.830-0600] {logging_mixin.py:190} INFO - [2024-12-06T22:23:21.830-0600] {dag.py:4180} INFO - Setting next_dagrun for example_branch_datetime_operator_3 to 2024-12-06 00:00:00+00:00, run_after=2024-12-07 00:00:00+00:00
[2024-12-06T22:23:21.842-0600] {processor.py:208} INFO - Processing /home/m9d9v9/PycharmProjects/Airflow-2/Airflow-2/.venv/lib/python3.10/site-packages/airflow/example_dags/example_branch_datetime_operator.py took 0.074 seconds
[2024-12-06T22:24:18.764-0600] {processor.py:186} INFO - Started process (PID=13018) to work on /home/m9d9v9/PycharmProjects/Airflow-2/Airflow-2/.venv/lib/python3.10/site-packages/airflow/example_dags/example_branch_datetime_operator.py
[2024-12-06T22:24:18.771-0600] {processor.py:914} INFO - Processing file /home/m9d9v9/PycharmProjects/Airflow-2/Airflow-2/.venv/lib/python3.10/site-packages/airflow/example_dags/example_branch_datetime_operator.py for tasks to queue
[2024-12-06T22:24:18.773-0600] {logging_mixin.py:190} INFO - [2024-12-06T22:24:18.772-0600] {dagbag.py:588} INFO - Filling up the DagBag from /home/m9d9v9/PycharmProjects/Airflow-2/Airflow-2/.venv/lib/python3.10/site-packages/airflow/example_dags/example_branch_datetime_operator.py
[2024-12-06T22:24:18.782-0600] {processor.py:925} INFO - DAG(s) 'example_branch_datetime_operator_2', 'example_branch_datetime_operator', 'example_branch_datetime_operator_3' retrieved from /home/m9d9v9/PycharmProjects/Airflow-2/Airflow-2/.venv/lib/python3.10/site-packages/airflow/example_dags/example_branch_datetime_operator.py
[2024-12-06T22:24:18.798-0600] {logging_mixin.py:190} INFO - [2024-12-06T22:24:18.798-0600] {dag.py:3239} INFO - Sync 3 DAGs
[2024-12-06T22:24:18.812-0600] {logging_mixin.py:190} INFO - [2024-12-06T22:24:18.812-0600] {dag.py:4180} INFO - Setting next_dagrun for example_branch_datetime_operator to 2024-12-06 00:00:00+00:00, run_after=2024-12-07 00:00:00+00:00
[2024-12-06T22:24:18.815-0600] {logging_mixin.py:190} INFO - [2024-12-06T22:24:18.814-0600] {dag.py:4180} INFO - Setting next_dagrun for example_branch_datetime_operator_2 to 2024-12-06 00:00:00+00:00, run_after=2024-12-07 00:00:00+00:00
[2024-12-06T22:24:18.816-0600] {logging_mixin.py:190} INFO - [2024-12-06T22:24:18.816-0600] {dag.py:4180} INFO - Setting next_dagrun for example_branch_datetime_operator_3 to 2024-12-06 00:00:00+00:00, run_after=2024-12-07 00:00:00+00:00
[2024-12-06T22:24:18.826-0600] {processor.py:208} INFO - Processing /home/m9d9v9/PycharmProjects/Airflow-2/Airflow-2/.venv/lib/python3.10/site-packages/airflow/example_dags/example_branch_datetime_operator.py took 0.067 seconds
[2024-12-06T22:25:38.143-0600] {processor.py:186} INFO - Started process (PID=13136) to work on /home/m9d9v9/PycharmProjects/Airflow-2/Airflow-2/.venv/lib/python3.10/site-packages/airflow/example_dags/example_branch_datetime_operator.py
[2024-12-06T22:25:38.149-0600] {processor.py:914} INFO - Processing file /home/m9d9v9/PycharmProjects/Airflow-2/Airflow-2/.venv/lib/python3.10/site-packages/airflow/example_dags/example_branch_datetime_operator.py for tasks to queue
[2024-12-06T22:25:38.151-0600] {logging_mixin.py:190} INFO - [2024-12-06T22:25:38.150-0600] {dagbag.py:588} INFO - Filling up the DagBag from /home/m9d9v9/PycharmProjects/Airflow-2/Airflow-2/.venv/lib/python3.10/site-packages/airflow/example_dags/example_branch_datetime_operator.py
[2024-12-06T22:25:38.159-0600] {processor.py:925} INFO - DAG(s) 'example_branch_datetime_operator_3', 'example_branch_datetime_operator_2', 'example_branch_datetime_operator' retrieved from /home/m9d9v9/PycharmProjects/Airflow-2/Airflow-2/.venv/lib/python3.10/site-packages/airflow/example_dags/example_branch_datetime_operator.py
[2024-12-06T22:25:38.174-0600] {logging_mixin.py:190} INFO - [2024-12-06T22:25:38.174-0600] {dag.py:3239} INFO - Sync 3 DAGs
[2024-12-06T22:25:38.187-0600] {logging_mixin.py:190} INFO - [2024-12-06T22:25:38.187-0600] {dag.py:4180} INFO - Setting next_dagrun for example_branch_datetime_operator to 2024-12-06 00:00:00+00:00, run_after=2024-12-07 00:00:00+00:00
[2024-12-06T22:25:38.190-0600] {logging_mixin.py:190} INFO - [2024-12-06T22:25:38.190-0600] {dag.py:4180} INFO - Setting next_dagrun for example_branch_datetime_operator_2 to 2024-12-06 00:00:00+00:00, run_after=2024-12-07 00:00:00+00:00
[2024-12-06T22:25:38.191-0600] {logging_mixin.py:190} INFO - [2024-12-06T22:25:38.191-0600] {dag.py:4180} INFO - Setting next_dagrun for example_branch_datetime_operator_3 to 2024-12-06 00:00:00+00:00, run_after=2024-12-07 00:00:00+00:00
[2024-12-06T22:25:38.202-0600] {processor.py:208} INFO - Processing /home/m9d9v9/PycharmProjects/Airflow-2/Airflow-2/.venv/lib/python3.10/site-packages/airflow/example_dags/example_branch_datetime_operator.py took 0.064 seconds
[2024-12-06T22:26:34.855-0600] {processor.py:186} INFO - Started process (PID=13217) to work on /home/m9d9v9/PycharmProjects/Airflow-2/Airflow-2/.venv/lib/python3.10/site-packages/airflow/example_dags/example_branch_datetime_operator.py
[2024-12-06T22:26:34.856-0600] {processor.py:914} INFO - Processing file /home/m9d9v9/PycharmProjects/Airflow-2/Airflow-2/.venv/lib/python3.10/site-packages/airflow/example_dags/example_branch_datetime_operator.py for tasks to queue
[2024-12-06T22:26:34.857-0600] {logging_mixin.py:190} INFO - [2024-12-06T22:26:34.856-0600] {dagbag.py:588} INFO - Filling up the DagBag from /home/m9d9v9/PycharmProjects/Airflow-2/Airflow-2/.venv/lib/python3.10/site-packages/airflow/example_dags/example_branch_datetime_operator.py
[2024-12-06T22:26:34.867-0600] {processor.py:925} INFO - DAG(s) 'example_branch_datetime_operator_2', 'example_branch_datetime_operator', 'example_branch_datetime_operator_3' retrieved from /home/m9d9v9/PycharmProjects/Airflow-2/Airflow-2/.venv/lib/python3.10/site-packages/airflow/example_dags/example_branch_datetime_operator.py
[2024-12-06T22:26:34.882-0600] {logging_mixin.py:190} INFO - [2024-12-06T22:26:34.881-0600] {dag.py:3239} INFO - Sync 3 DAGs
[2024-12-06T22:26:34.899-0600] {logging_mixin.py:190} INFO - [2024-12-06T22:26:34.898-0600] {dag.py:4180} INFO - Setting next_dagrun for example_branch_datetime_operator to 2024-12-06 00:00:00+00:00, run_after=2024-12-07 00:00:00+00:00
[2024-12-06T22:26:34.902-0600] {logging_mixin.py:190} INFO - [2024-12-06T22:26:34.902-0600] {dag.py:4180} INFO - Setting next_dagrun for example_branch_datetime_operator_2 to 2024-12-06 00:00:00+00:00, run_after=2024-12-07 00:00:00+00:00
[2024-12-06T22:26:34.904-0600] {logging_mixin.py:190} INFO - [2024-12-06T22:26:34.904-0600] {dag.py:4180} INFO - Setting next_dagrun for example_branch_datetime_operator_3 to 2024-12-06 00:00:00+00:00, run_after=2024-12-07 00:00:00+00:00
[2024-12-06T22:26:34.914-0600] {processor.py:208} INFO - Processing /home/m9d9v9/PycharmProjects/Airflow-2/Airflow-2/.venv/lib/python3.10/site-packages/airflow/example_dags/example_branch_datetime_operator.py took 0.064 seconds
[2024-12-06T22:37:29.940-0600] {processor.py:186} INFO - Started process (PID=14656) to work on /home/m9d9v9/PycharmProjects/Airflow-2/Airflow-2/.venv/lib/python3.10/site-packages/airflow/example_dags/example_branch_datetime_operator.py
[2024-12-06T22:37:29.947-0600] {processor.py:914} INFO - Processing file /home/m9d9v9/PycharmProjects/Airflow-2/Airflow-2/.venv/lib/python3.10/site-packages/airflow/example_dags/example_branch_datetime_operator.py for tasks to queue
[2024-12-06T22:37:29.951-0600] {logging_mixin.py:190} INFO - [2024-12-06T22:37:29.950-0600] {dagbag.py:588} INFO - Filling up the DagBag from /home/m9d9v9/PycharmProjects/Airflow-2/Airflow-2/.venv/lib/python3.10/site-packages/airflow/example_dags/example_branch_datetime_operator.py
[2024-12-06T22:37:29.978-0600] {processor.py:925} INFO - DAG(s) 'example_branch_datetime_operator_2', 'example_branch_datetime_operator_3', 'example_branch_datetime_operator' retrieved from /home/m9d9v9/PycharmProjects/Airflow-2/Airflow-2/.venv/lib/python3.10/site-packages/airflow/example_dags/example_branch_datetime_operator.py
[2024-12-06T22:37:29.998-0600] {logging_mixin.py:190} INFO - [2024-12-06T22:37:29.998-0600] {dag.py:3239} INFO - Sync 3 DAGs
[2024-12-06T22:37:30.013-0600] {logging_mixin.py:190} INFO - [2024-12-06T22:37:30.013-0600] {dag.py:4180} INFO - Setting next_dagrun for example_branch_datetime_operator to 2024-12-06 00:00:00+00:00, run_after=2024-12-07 00:00:00+00:00
[2024-12-06T22:37:30.016-0600] {logging_mixin.py:190} INFO - [2024-12-06T22:37:30.015-0600] {dag.py:4180} INFO - Setting next_dagrun for example_branch_datetime_operator_2 to 2024-12-06 00:00:00+00:00, run_after=2024-12-07 00:00:00+00:00
[2024-12-06T22:37:30.017-0600] {logging_mixin.py:190} INFO - [2024-12-06T22:37:30.017-0600] {dag.py:4180} INFO - Setting next_dagrun for example_branch_datetime_operator_3 to 2024-12-06 00:00:00+00:00, run_after=2024-12-07 00:00:00+00:00
[2024-12-06T22:37:30.028-0600] {processor.py:208} INFO - Processing /home/m9d9v9/PycharmProjects/Airflow-2/Airflow-2/.venv/lib/python3.10/site-packages/airflow/example_dags/example_branch_datetime_operator.py took 0.100 seconds
[2024-12-06T22:38:27.956-0600] {processor.py:186} INFO - Started process (PID=14762) to work on /home/m9d9v9/PycharmProjects/Airflow-2/Airflow-2/.venv/lib/python3.10/site-packages/airflow/example_dags/example_branch_datetime_operator.py
[2024-12-06T22:38:27.962-0600] {processor.py:914} INFO - Processing file /home/m9d9v9/PycharmProjects/Airflow-2/Airflow-2/.venv/lib/python3.10/site-packages/airflow/example_dags/example_branch_datetime_operator.py for tasks to queue
[2024-12-06T22:38:27.964-0600] {logging_mixin.py:190} INFO - [2024-12-06T22:38:27.964-0600] {dagbag.py:588} INFO - Filling up the DagBag from /home/m9d9v9/PycharmProjects/Airflow-2/Airflow-2/.venv/lib/python3.10/site-packages/airflow/example_dags/example_branch_datetime_operator.py
[2024-12-06T22:38:27.976-0600] {processor.py:925} INFO - DAG(s) 'example_branch_datetime_operator', 'example_branch_datetime_operator_2', 'example_branch_datetime_operator_3' retrieved from /home/m9d9v9/PycharmProjects/Airflow-2/Airflow-2/.venv/lib/python3.10/site-packages/airflow/example_dags/example_branch_datetime_operator.py
[2024-12-06T22:38:27.997-0600] {logging_mixin.py:190} INFO - [2024-12-06T22:38:27.996-0600] {dag.py:3239} INFO - Sync 3 DAGs
[2024-12-06T22:38:28.015-0600] {logging_mixin.py:190} INFO - [2024-12-06T22:38:28.015-0600] {dag.py:4180} INFO - Setting next_dagrun for example_branch_datetime_operator to 2024-12-06 00:00:00+00:00, run_after=2024-12-07 00:00:00+00:00
[2024-12-06T22:38:28.018-0600] {logging_mixin.py:190} INFO - [2024-12-06T22:38:28.018-0600] {dag.py:4180} INFO - Setting next_dagrun for example_branch_datetime_operator_2 to 2024-12-06 00:00:00+00:00, run_after=2024-12-07 00:00:00+00:00
[2024-12-06T22:38:28.020-0600] {logging_mixin.py:190} INFO - [2024-12-06T22:38:28.020-0600] {dag.py:4180} INFO - Setting next_dagrun for example_branch_datetime_operator_3 to 2024-12-06 00:00:00+00:00, run_after=2024-12-07 00:00:00+00:00
[2024-12-06T22:38:28.035-0600] {processor.py:208} INFO - Processing /home/m9d9v9/PycharmProjects/Airflow-2/Airflow-2/.venv/lib/python3.10/site-packages/airflow/example_dags/example_branch_datetime_operator.py took 0.084 seconds
[2024-12-06T22:39:26.261-0600] {processor.py:186} INFO - Started process (PID=14932) to work on /home/m9d9v9/PycharmProjects/Airflow-2/Airflow-2/.venv/lib/python3.10/site-packages/airflow/example_dags/example_branch_datetime_operator.py
[2024-12-06T22:39:26.267-0600] {processor.py:914} INFO - Processing file /home/m9d9v9/PycharmProjects/Airflow-2/Airflow-2/.venv/lib/python3.10/site-packages/airflow/example_dags/example_branch_datetime_operator.py for tasks to queue
[2024-12-06T22:39:26.269-0600] {logging_mixin.py:190} INFO - [2024-12-06T22:39:26.269-0600] {dagbag.py:588} INFO - Filling up the DagBag from /home/m9d9v9/PycharmProjects/Airflow-2/Airflow-2/.venv/lib/python3.10/site-packages/airflow/example_dags/example_branch_datetime_operator.py
[2024-12-06T22:39:26.285-0600] {processor.py:925} INFO - DAG(s) 'example_branch_datetime_operator', 'example_branch_datetime_operator_3', 'example_branch_datetime_operator_2' retrieved from /home/m9d9v9/PycharmProjects/Airflow-2/Airflow-2/.venv/lib/python3.10/site-packages/airflow/example_dags/example_branch_datetime_operator.py
[2024-12-06T22:39:26.302-0600] {logging_mixin.py:190} INFO - [2024-12-06T22:39:26.301-0600] {dag.py:3239} INFO - Sync 3 DAGs
[2024-12-06T22:39:26.316-0600] {logging_mixin.py:190} INFO - [2024-12-06T22:39:26.316-0600] {dag.py:4180} INFO - Setting next_dagrun for example_branch_datetime_operator to 2024-12-06 00:00:00+00:00, run_after=2024-12-07 00:00:00+00:00
[2024-12-06T22:39:26.319-0600] {logging_mixin.py:190} INFO - [2024-12-06T22:39:26.319-0600] {dag.py:4180} INFO - Setting next_dagrun for example_branch_datetime_operator_2 to 2024-12-06 00:00:00+00:00, run_after=2024-12-07 00:00:00+00:00
[2024-12-06T22:39:26.321-0600] {logging_mixin.py:190} INFO - [2024-12-06T22:39:26.320-0600] {dag.py:4180} INFO - Setting next_dagrun for example_branch_datetime_operator_3 to 2024-12-06 00:00:00+00:00, run_after=2024-12-07 00:00:00+00:00
[2024-12-06T22:39:26.333-0600] {processor.py:208} INFO - Processing /home/m9d9v9/PycharmProjects/Airflow-2/Airflow-2/.venv/lib/python3.10/site-packages/airflow/example_dags/example_branch_datetime_operator.py took 0.087 seconds
[2024-12-06T22:40:26.055-0600] {processor.py:186} INFO - Started process (PID=15056) to work on /home/m9d9v9/PycharmProjects/Airflow-2/Airflow-2/.venv/lib/python3.10/site-packages/airflow/example_dags/example_branch_datetime_operator.py
[2024-12-06T22:40:26.057-0600] {processor.py:914} INFO - Processing file /home/m9d9v9/PycharmProjects/Airflow-2/Airflow-2/.venv/lib/python3.10/site-packages/airflow/example_dags/example_branch_datetime_operator.py for tasks to queue
[2024-12-06T22:40:26.062-0600] {logging_mixin.py:190} INFO - [2024-12-06T22:40:26.061-0600] {dagbag.py:588} INFO - Filling up the DagBag from /home/m9d9v9/PycharmProjects/Airflow-2/Airflow-2/.venv/lib/python3.10/site-packages/airflow/example_dags/example_branch_datetime_operator.py
[2024-12-06T22:40:26.087-0600] {processor.py:925} INFO - DAG(s) 'example_branch_datetime_operator_2', 'example_branch_datetime_operator_3', 'example_branch_datetime_operator' retrieved from /home/m9d9v9/PycharmProjects/Airflow-2/Airflow-2/.venv/lib/python3.10/site-packages/airflow/example_dags/example_branch_datetime_operator.py
[2024-12-06T22:40:26.104-0600] {logging_mixin.py:190} INFO - [2024-12-06T22:40:26.104-0600] {dag.py:3239} INFO - Sync 3 DAGs
[2024-12-06T22:40:26.120-0600] {logging_mixin.py:190} INFO - [2024-12-06T22:40:26.120-0600] {dag.py:4180} INFO - Setting next_dagrun for example_branch_datetime_operator to 2024-12-06 00:00:00+00:00, run_after=2024-12-07 00:00:00+00:00
[2024-12-06T22:40:26.123-0600] {logging_mixin.py:190} INFO - [2024-12-06T22:40:26.122-0600] {dag.py:4180} INFO - Setting next_dagrun for example_branch_datetime_operator_2 to 2024-12-06 00:00:00+00:00, run_after=2024-12-07 00:00:00+00:00
[2024-12-06T22:40:26.124-0600] {logging_mixin.py:190} INFO - [2024-12-06T22:40:26.124-0600] {dag.py:4180} INFO - Setting next_dagrun for example_branch_datetime_operator_3 to 2024-12-06 00:00:00+00:00, run_after=2024-12-07 00:00:00+00:00
[2024-12-06T22:40:26.135-0600] {processor.py:208} INFO - Processing /home/m9d9v9/PycharmProjects/Airflow-2/Airflow-2/.venv/lib/python3.10/site-packages/airflow/example_dags/example_branch_datetime_operator.py took 0.092 seconds
[2024-12-06T22:41:27.151-0600] {processor.py:186} INFO - Started process (PID=15178) to work on /home/m9d9v9/PycharmProjects/Airflow-2/Airflow-2/.venv/lib/python3.10/site-packages/airflow/example_dags/example_branch_datetime_operator.py
[2024-12-06T22:41:27.158-0600] {processor.py:914} INFO - Processing file /home/m9d9v9/PycharmProjects/Airflow-2/Airflow-2/.venv/lib/python3.10/site-packages/airflow/example_dags/example_branch_datetime_operator.py for tasks to queue
[2024-12-06T22:41:27.161-0600] {logging_mixin.py:190} INFO - [2024-12-06T22:41:27.160-0600] {dagbag.py:588} INFO - Filling up the DagBag from /home/m9d9v9/PycharmProjects/Airflow-2/Airflow-2/.venv/lib/python3.10/site-packages/airflow/example_dags/example_branch_datetime_operator.py
[2024-12-06T22:41:27.184-0600] {processor.py:925} INFO - DAG(s) 'example_branch_datetime_operator_3', 'example_branch_datetime_operator', 'example_branch_datetime_operator_2' retrieved from /home/m9d9v9/PycharmProjects/Airflow-2/Airflow-2/.venv/lib/python3.10/site-packages/airflow/example_dags/example_branch_datetime_operator.py
[2024-12-06T22:41:27.214-0600] {logging_mixin.py:190} INFO - [2024-12-06T22:41:27.214-0600] {dag.py:3239} INFO - Sync 3 DAGs
[2024-12-06T22:41:27.229-0600] {logging_mixin.py:190} INFO - [2024-12-06T22:41:27.228-0600] {dag.py:4180} INFO - Setting next_dagrun for example_branch_datetime_operator to 2024-12-06 00:00:00+00:00, run_after=2024-12-07 00:00:00+00:00
[2024-12-06T22:41:27.232-0600] {logging_mixin.py:190} INFO - [2024-12-06T22:41:27.232-0600] {dag.py:4180} INFO - Setting next_dagrun for example_branch_datetime_operator_2 to 2024-12-06 00:00:00+00:00, run_after=2024-12-07 00:00:00+00:00
[2024-12-06T22:41:27.233-0600] {logging_mixin.py:190} INFO - [2024-12-06T22:41:27.233-0600] {dag.py:4180} INFO - Setting next_dagrun for example_branch_datetime_operator_3 to 2024-12-06 00:00:00+00:00, run_after=2024-12-07 00:00:00+00:00
[2024-12-06T22:41:27.244-0600] {processor.py:208} INFO - Processing /home/m9d9v9/PycharmProjects/Airflow-2/Airflow-2/.venv/lib/python3.10/site-packages/airflow/example_dags/example_branch_datetime_operator.py took 0.105 seconds
[2024-12-06T23:25:37.193-0600] {processor.py:186} INFO - Started process (PID=17333) to work on /home/m9d9v9/PycharmProjects/Airflow-2/Airflow-2/.venv/lib/python3.10/site-packages/airflow/example_dags/example_branch_datetime_operator.py
[2024-12-06T23:25:37.194-0600] {processor.py:914} INFO - Processing file /home/m9d9v9/PycharmProjects/Airflow-2/Airflow-2/.venv/lib/python3.10/site-packages/airflow/example_dags/example_branch_datetime_operator.py for tasks to queue
[2024-12-06T23:25:37.198-0600] {logging_mixin.py:190} INFO - [2024-12-06T23:25:37.197-0600] {dagbag.py:588} INFO - Filling up the DagBag from /home/m9d9v9/PycharmProjects/Airflow-2/Airflow-2/.venv/lib/python3.10/site-packages/airflow/example_dags/example_branch_datetime_operator.py
[2024-12-06T23:25:37.219-0600] {processor.py:925} INFO - DAG(s) 'example_branch_datetime_operator_3', 'example_branch_datetime_operator_2', 'example_branch_datetime_operator' retrieved from /home/m9d9v9/PycharmProjects/Airflow-2/Airflow-2/.venv/lib/python3.10/site-packages/airflow/example_dags/example_branch_datetime_operator.py
[2024-12-06T23:25:37.239-0600] {logging_mixin.py:190} INFO - [2024-12-06T23:25:37.238-0600] {dag.py:3239} INFO - Sync 3 DAGs
[2024-12-06T23:25:37.250-0600] {logging_mixin.py:190} INFO - [2024-12-06T23:25:37.250-0600] {dag.py:4180} INFO - Setting next_dagrun for example_branch_datetime_operator to 2024-12-06 00:00:00+00:00, run_after=2024-12-07 00:00:00+00:00
[2024-12-06T23:25:37.252-0600] {logging_mixin.py:190} INFO - [2024-12-06T23:25:37.252-0600] {dag.py:4180} INFO - Setting next_dagrun for example_branch_datetime_operator_2 to 2024-12-06 00:00:00+00:00, run_after=2024-12-07 00:00:00+00:00
[2024-12-06T23:25:37.254-0600] {logging_mixin.py:190} INFO - [2024-12-06T23:25:37.254-0600] {dag.py:4180} INFO - Setting next_dagrun for example_branch_datetime_operator_3 to 2024-12-06 00:00:00+00:00, run_after=2024-12-07 00:00:00+00:00
[2024-12-06T23:25:37.264-0600] {processor.py:208} INFO - Processing /home/m9d9v9/PycharmProjects/Airflow-2/Airflow-2/.venv/lib/python3.10/site-packages/airflow/example_dags/example_branch_datetime_operator.py took 0.082 seconds
[2024-12-06T23:26:35.034-0600] {processor.py:186} INFO - Started process (PID=17418) to work on /home/m9d9v9/PycharmProjects/Airflow-2/Airflow-2/.venv/lib/python3.10/site-packages/airflow/example_dags/example_branch_datetime_operator.py
[2024-12-06T23:26:35.040-0600] {processor.py:914} INFO - Processing file /home/m9d9v9/PycharmProjects/Airflow-2/Airflow-2/.venv/lib/python3.10/site-packages/airflow/example_dags/example_branch_datetime_operator.py for tasks to queue
[2024-12-06T23:26:35.042-0600] {logging_mixin.py:190} INFO - [2024-12-06T23:26:35.041-0600] {dagbag.py:588} INFO - Filling up the DagBag from /home/m9d9v9/PycharmProjects/Airflow-2/Airflow-2/.venv/lib/python3.10/site-packages/airflow/example_dags/example_branch_datetime_operator.py
[2024-12-06T23:26:35.050-0600] {processor.py:925} INFO - DAG(s) 'example_branch_datetime_operator_2', 'example_branch_datetime_operator_3', 'example_branch_datetime_operator' retrieved from /home/m9d9v9/PycharmProjects/Airflow-2/Airflow-2/.venv/lib/python3.10/site-packages/airflow/example_dags/example_branch_datetime_operator.py
[2024-12-06T23:26:35.063-0600] {logging_mixin.py:190} INFO - [2024-12-06T23:26:35.063-0600] {dag.py:3239} INFO - Sync 3 DAGs
[2024-12-06T23:26:35.075-0600] {logging_mixin.py:190} INFO - [2024-12-06T23:26:35.075-0600] {dag.py:4180} INFO - Setting next_dagrun for example_branch_datetime_operator to 2024-12-06 00:00:00+00:00, run_after=2024-12-07 00:00:00+00:00
[2024-12-06T23:26:35.078-0600] {logging_mixin.py:190} INFO - [2024-12-06T23:26:35.078-0600] {dag.py:4180} INFO - Setting next_dagrun for example_branch_datetime_operator_2 to 2024-12-06 00:00:00+00:00, run_after=2024-12-07 00:00:00+00:00
[2024-12-06T23:26:35.079-0600] {logging_mixin.py:190} INFO - [2024-12-06T23:26:35.079-0600] {dag.py:4180} INFO - Setting next_dagrun for example_branch_datetime_operator_3 to 2024-12-06 00:00:00+00:00, run_after=2024-12-07 00:00:00+00:00
[2024-12-06T23:26:35.089-0600] {processor.py:208} INFO - Processing /home/m9d9v9/PycharmProjects/Airflow-2/Airflow-2/.venv/lib/python3.10/site-packages/airflow/example_dags/example_branch_datetime_operator.py took 0.059 seconds
[2024-12-06T23:27:32.002-0600] {processor.py:186} INFO - Started process (PID=17488) to work on /home/m9d9v9/PycharmProjects/Airflow-2/Airflow-2/.venv/lib/python3.10/site-packages/airflow/example_dags/example_branch_datetime_operator.py
[2024-12-06T23:27:32.009-0600] {processor.py:914} INFO - Processing file /home/m9d9v9/PycharmProjects/Airflow-2/Airflow-2/.venv/lib/python3.10/site-packages/airflow/example_dags/example_branch_datetime_operator.py for tasks to queue
[2024-12-06T23:27:32.011-0600] {logging_mixin.py:190} INFO - [2024-12-06T23:27:32.011-0600] {dagbag.py:588} INFO - Filling up the DagBag from /home/m9d9v9/PycharmProjects/Airflow-2/Airflow-2/.venv/lib/python3.10/site-packages/airflow/example_dags/example_branch_datetime_operator.py
[2024-12-06T23:27:32.030-0600] {processor.py:925} INFO - DAG(s) 'example_branch_datetime_operator_3', 'example_branch_datetime_operator_2', 'example_branch_datetime_operator' retrieved from /home/m9d9v9/PycharmProjects/Airflow-2/Airflow-2/.venv/lib/python3.10/site-packages/airflow/example_dags/example_branch_datetime_operator.py
[2024-12-06T23:27:32.058-0600] {logging_mixin.py:190} INFO - [2024-12-06T23:27:32.058-0600] {dag.py:3239} INFO - Sync 3 DAGs
[2024-12-06T23:27:32.071-0600] {logging_mixin.py:190} INFO - [2024-12-06T23:27:32.071-0600] {dag.py:4180} INFO - Setting next_dagrun for example_branch_datetime_operator to 2024-12-06 00:00:00+00:00, run_after=2024-12-07 00:00:00+00:00
[2024-12-06T23:27:32.073-0600] {logging_mixin.py:190} INFO - [2024-12-06T23:27:32.073-0600] {dag.py:4180} INFO - Setting next_dagrun for example_branch_datetime_operator_2 to 2024-12-06 00:00:00+00:00, run_after=2024-12-07 00:00:00+00:00
[2024-12-06T23:27:32.075-0600] {logging_mixin.py:190} INFO - [2024-12-06T23:27:32.074-0600] {dag.py:4180} INFO - Setting next_dagrun for example_branch_datetime_operator_3 to 2024-12-06 00:00:00+00:00, run_after=2024-12-07 00:00:00+00:00
[2024-12-06T23:27:32.086-0600] {processor.py:208} INFO - Processing /home/m9d9v9/PycharmProjects/Airflow-2/Airflow-2/.venv/lib/python3.10/site-packages/airflow/example_dags/example_branch_datetime_operator.py took 0.093 seconds
[2024-12-06T23:28:29.874-0600] {processor.py:186} INFO - Started process (PID=17591) to work on /home/m9d9v9/PycharmProjects/Airflow-2/Airflow-2/.venv/lib/python3.10/site-packages/airflow/example_dags/example_branch_datetime_operator.py
[2024-12-06T23:28:29.881-0600] {processor.py:914} INFO - Processing file /home/m9d9v9/PycharmProjects/Airflow-2/Airflow-2/.venv/lib/python3.10/site-packages/airflow/example_dags/example_branch_datetime_operator.py for tasks to queue
[2024-12-06T23:28:29.883-0600] {logging_mixin.py:190} INFO - [2024-12-06T23:28:29.882-0600] {dagbag.py:588} INFO - Filling up the DagBag from /home/m9d9v9/PycharmProjects/Airflow-2/Airflow-2/.venv/lib/python3.10/site-packages/airflow/example_dags/example_branch_datetime_operator.py
[2024-12-06T23:28:29.908-0600] {processor.py:925} INFO - DAG(s) 'example_branch_datetime_operator', 'example_branch_datetime_operator_2', 'example_branch_datetime_operator_3' retrieved from /home/m9d9v9/PycharmProjects/Airflow-2/Airflow-2/.venv/lib/python3.10/site-packages/airflow/example_dags/example_branch_datetime_operator.py
[2024-12-06T23:28:29.929-0600] {logging_mixin.py:190} INFO - [2024-12-06T23:28:29.929-0600] {dag.py:3239} INFO - Sync 3 DAGs
[2024-12-06T23:28:29.945-0600] {logging_mixin.py:190} INFO - [2024-12-06T23:28:29.944-0600] {dag.py:4180} INFO - Setting next_dagrun for example_branch_datetime_operator to 2024-12-06 00:00:00+00:00, run_after=2024-12-07 00:00:00+00:00
[2024-12-06T23:28:29.949-0600] {logging_mixin.py:190} INFO - [2024-12-06T23:28:29.948-0600] {dag.py:4180} INFO - Setting next_dagrun for example_branch_datetime_operator_2 to 2024-12-06 00:00:00+00:00, run_after=2024-12-07 00:00:00+00:00
[2024-12-06T23:28:29.951-0600] {logging_mixin.py:190} INFO - [2024-12-06T23:28:29.950-0600] {dag.py:4180} INFO - Setting next_dagrun for example_branch_datetime_operator_3 to 2024-12-06 00:00:00+00:00, run_after=2024-12-07 00:00:00+00:00
[2024-12-06T23:28:29.969-0600] {processor.py:208} INFO - Processing /home/m9d9v9/PycharmProjects/Airflow-2/Airflow-2/.venv/lib/python3.10/site-packages/airflow/example_dags/example_branch_datetime_operator.py took 0.107 seconds
[2024-12-06T23:29:26.164-0600] {processor.py:186} INFO - Started process (PID=17734) to work on /home/m9d9v9/PycharmProjects/Airflow-2/Airflow-2/.venv/lib/python3.10/site-packages/airflow/example_dags/example_branch_datetime_operator.py
[2024-12-06T23:29:26.170-0600] {processor.py:914} INFO - Processing file /home/m9d9v9/PycharmProjects/Airflow-2/Airflow-2/.venv/lib/python3.10/site-packages/airflow/example_dags/example_branch_datetime_operator.py for tasks to queue
[2024-12-06T23:29:26.172-0600] {logging_mixin.py:190} INFO - [2024-12-06T23:29:26.171-0600] {dagbag.py:588} INFO - Filling up the DagBag from /home/m9d9v9/PycharmProjects/Airflow-2/Airflow-2/.venv/lib/python3.10/site-packages/airflow/example_dags/example_branch_datetime_operator.py
[2024-12-06T23:29:26.187-0600] {processor.py:925} INFO - DAG(s) 'example_branch_datetime_operator', 'example_branch_datetime_operator_2', 'example_branch_datetime_operator_3' retrieved from /home/m9d9v9/PycharmProjects/Airflow-2/Airflow-2/.venv/lib/python3.10/site-packages/airflow/example_dags/example_branch_datetime_operator.py
[2024-12-06T23:29:26.212-0600] {logging_mixin.py:190} INFO - [2024-12-06T23:29:26.211-0600] {dag.py:3239} INFO - Sync 3 DAGs
[2024-12-06T23:29:26.229-0600] {logging_mixin.py:190} INFO - [2024-12-06T23:29:26.229-0600] {dag.py:4180} INFO - Setting next_dagrun for example_branch_datetime_operator to 2024-12-06 00:00:00+00:00, run_after=2024-12-07 00:00:00+00:00
[2024-12-06T23:29:26.233-0600] {logging_mixin.py:190} INFO - [2024-12-06T23:29:26.232-0600] {dag.py:4180} INFO - Setting next_dagrun for example_branch_datetime_operator_2 to 2024-12-06 00:00:00+00:00, run_after=2024-12-07 00:00:00+00:00
[2024-12-06T23:29:26.234-0600] {logging_mixin.py:190} INFO - [2024-12-06T23:29:26.234-0600] {dag.py:4180} INFO - Setting next_dagrun for example_branch_datetime_operator_3 to 2024-12-06 00:00:00+00:00, run_after=2024-12-07 00:00:00+00:00
[2024-12-06T23:29:26.247-0600] {processor.py:208} INFO - Processing /home/m9d9v9/PycharmProjects/Airflow-2/Airflow-2/.venv/lib/python3.10/site-packages/airflow/example_dags/example_branch_datetime_operator.py took 0.092 seconds
[2024-12-06T23:30:23.537-0600] {processor.py:186} INFO - Started process (PID=17849) to work on /home/m9d9v9/PycharmProjects/Airflow-2/Airflow-2/.venv/lib/python3.10/site-packages/airflow/example_dags/example_branch_datetime_operator.py
[2024-12-06T23:30:23.544-0600] {processor.py:914} INFO - Processing file /home/m9d9v9/PycharmProjects/Airflow-2/Airflow-2/.venv/lib/python3.10/site-packages/airflow/example_dags/example_branch_datetime_operator.py for tasks to queue
[2024-12-06T23:30:23.546-0600] {logging_mixin.py:190} INFO - [2024-12-06T23:30:23.545-0600] {dagbag.py:588} INFO - Filling up the DagBag from /home/m9d9v9/PycharmProjects/Airflow-2/Airflow-2/.venv/lib/python3.10/site-packages/airflow/example_dags/example_branch_datetime_operator.py
[2024-12-06T23:30:23.569-0600] {processor.py:925} INFO - DAG(s) 'example_branch_datetime_operator', 'example_branch_datetime_operator_2', 'example_branch_datetime_operator_3' retrieved from /home/m9d9v9/PycharmProjects/Airflow-2/Airflow-2/.venv/lib/python3.10/site-packages/airflow/example_dags/example_branch_datetime_operator.py
[2024-12-06T23:30:23.593-0600] {logging_mixin.py:190} INFO - [2024-12-06T23:30:23.593-0600] {dag.py:3239} INFO - Sync 3 DAGs
[2024-12-06T23:30:23.605-0600] {logging_mixin.py:190} INFO - [2024-12-06T23:30:23.605-0600] {dag.py:4180} INFO - Setting next_dagrun for example_branch_datetime_operator to 2024-12-06 00:00:00+00:00, run_after=2024-12-07 00:00:00+00:00
[2024-12-06T23:30:23.607-0600] {logging_mixin.py:190} INFO - [2024-12-06T23:30:23.607-0600] {dag.py:4180} INFO - Setting next_dagrun for example_branch_datetime_operator_2 to 2024-12-06 00:00:00+00:00, run_after=2024-12-07 00:00:00+00:00
[2024-12-06T23:30:23.609-0600] {logging_mixin.py:190} INFO - [2024-12-06T23:30:23.608-0600] {dag.py:4180} INFO - Setting next_dagrun for example_branch_datetime_operator_3 to 2024-12-06 00:00:00+00:00, run_after=2024-12-07 00:00:00+00:00
[2024-12-06T23:30:23.619-0600] {processor.py:208} INFO - Processing /home/m9d9v9/PycharmProjects/Airflow-2/Airflow-2/.venv/lib/python3.10/site-packages/airflow/example_dags/example_branch_datetime_operator.py took 0.092 seconds
[2024-12-06T23:31:19.583-0600] {processor.py:186} INFO - Started process (PID=17927) to work on /home/m9d9v9/PycharmProjects/Airflow-2/Airflow-2/.venv/lib/python3.10/site-packages/airflow/example_dags/example_branch_datetime_operator.py
[2024-12-06T23:31:19.589-0600] {processor.py:914} INFO - Processing file /home/m9d9v9/PycharmProjects/Airflow-2/Airflow-2/.venv/lib/python3.10/site-packages/airflow/example_dags/example_branch_datetime_operator.py for tasks to queue
[2024-12-06T23:31:19.590-0600] {logging_mixin.py:190} INFO - [2024-12-06T23:31:19.590-0600] {dagbag.py:588} INFO - Filling up the DagBag from /home/m9d9v9/PycharmProjects/Airflow-2/Airflow-2/.venv/lib/python3.10/site-packages/airflow/example_dags/example_branch_datetime_operator.py
[2024-12-06T23:31:19.614-0600] {processor.py:925} INFO - DAG(s) 'example_branch_datetime_operator_2', 'example_branch_datetime_operator_3', 'example_branch_datetime_operator' retrieved from /home/m9d9v9/PycharmProjects/Airflow-2/Airflow-2/.venv/lib/python3.10/site-packages/airflow/example_dags/example_branch_datetime_operator.py
[2024-12-06T23:31:19.636-0600] {logging_mixin.py:190} INFO - [2024-12-06T23:31:19.636-0600] {dag.py:3239} INFO - Sync 3 DAGs
[2024-12-06T23:31:19.648-0600] {logging_mixin.py:190} INFO - [2024-12-06T23:31:19.648-0600] {dag.py:4180} INFO - Setting next_dagrun for example_branch_datetime_operator to 2024-12-06 00:00:00+00:00, run_after=2024-12-07 00:00:00+00:00
[2024-12-06T23:31:19.650-0600] {logging_mixin.py:190} INFO - [2024-12-06T23:31:19.650-0600] {dag.py:4180} INFO - Setting next_dagrun for example_branch_datetime_operator_2 to 2024-12-06 00:00:00+00:00, run_after=2024-12-07 00:00:00+00:00
[2024-12-06T23:31:19.652-0600] {logging_mixin.py:190} INFO - [2024-12-06T23:31:19.652-0600] {dag.py:4180} INFO - Setting next_dagrun for example_branch_datetime_operator_3 to 2024-12-06 00:00:00+00:00, run_after=2024-12-07 00:00:00+00:00
[2024-12-06T23:31:19.662-0600] {processor.py:208} INFO - Processing /home/m9d9v9/PycharmProjects/Airflow-2/Airflow-2/.venv/lib/python3.10/site-packages/airflow/example_dags/example_branch_datetime_operator.py took 0.090 seconds
[2024-12-06T23:32:17.718-0600] {processor.py:186} INFO - Started process (PID=18036) to work on /home/m9d9v9/PycharmProjects/Airflow-2/Airflow-2/.venv/lib/python3.10/site-packages/airflow/example_dags/example_branch_datetime_operator.py
[2024-12-06T23:32:17.725-0600] {processor.py:914} INFO - Processing file /home/m9d9v9/PycharmProjects/Airflow-2/Airflow-2/.venv/lib/python3.10/site-packages/airflow/example_dags/example_branch_datetime_operator.py for tasks to queue
[2024-12-06T23:32:17.727-0600] {logging_mixin.py:190} INFO - [2024-12-06T23:32:17.727-0600] {dagbag.py:588} INFO - Filling up the DagBag from /home/m9d9v9/PycharmProjects/Airflow-2/Airflow-2/.venv/lib/python3.10/site-packages/airflow/example_dags/example_branch_datetime_operator.py
[2024-12-06T23:32:17.749-0600] {processor.py:925} INFO - DAG(s) 'example_branch_datetime_operator_2', 'example_branch_datetime_operator_3', 'example_branch_datetime_operator' retrieved from /home/m9d9v9/PycharmProjects/Airflow-2/Airflow-2/.venv/lib/python3.10/site-packages/airflow/example_dags/example_branch_datetime_operator.py
[2024-12-06T23:32:17.772-0600] {logging_mixin.py:190} INFO - [2024-12-06T23:32:17.772-0600] {dag.py:3239} INFO - Sync 3 DAGs
[2024-12-06T23:32:17.785-0600] {logging_mixin.py:190} INFO - [2024-12-06T23:32:17.785-0600] {dag.py:4180} INFO - Setting next_dagrun for example_branch_datetime_operator to 2024-12-06 00:00:00+00:00, run_after=2024-12-07 00:00:00+00:00
[2024-12-06T23:32:17.788-0600] {logging_mixin.py:190} INFO - [2024-12-06T23:32:17.787-0600] {dag.py:4180} INFO - Setting next_dagrun for example_branch_datetime_operator_2 to 2024-12-06 00:00:00+00:00, run_after=2024-12-07 00:00:00+00:00
[2024-12-06T23:32:17.789-0600] {logging_mixin.py:190} INFO - [2024-12-06T23:32:17.789-0600] {dag.py:4180} INFO - Setting next_dagrun for example_branch_datetime_operator_3 to 2024-12-06 00:00:00+00:00, run_after=2024-12-07 00:00:00+00:00
[2024-12-06T23:32:17.799-0600] {processor.py:208} INFO - Processing /home/m9d9v9/PycharmProjects/Airflow-2/Airflow-2/.venv/lib/python3.10/site-packages/airflow/example_dags/example_branch_datetime_operator.py took 0.093 seconds
[2024-12-06T23:33:14.937-0600] {processor.py:186} INFO - Started process (PID=18105) to work on /home/m9d9v9/PycharmProjects/Airflow-2/Airflow-2/.venv/lib/python3.10/site-packages/airflow/example_dags/example_branch_datetime_operator.py
[2024-12-06T23:33:14.944-0600] {processor.py:914} INFO - Processing file /home/m9d9v9/PycharmProjects/Airflow-2/Airflow-2/.venv/lib/python3.10/site-packages/airflow/example_dags/example_branch_datetime_operator.py for tasks to queue
[2024-12-06T23:33:14.946-0600] {logging_mixin.py:190} INFO - [2024-12-06T23:33:14.946-0600] {dagbag.py:588} INFO - Filling up the DagBag from /home/m9d9v9/PycharmProjects/Airflow-2/Airflow-2/.venv/lib/python3.10/site-packages/airflow/example_dags/example_branch_datetime_operator.py
[2024-12-06T23:33:14.966-0600] {processor.py:925} INFO - DAG(s) 'example_branch_datetime_operator_2', 'example_branch_datetime_operator', 'example_branch_datetime_operator_3' retrieved from /home/m9d9v9/PycharmProjects/Airflow-2/Airflow-2/.venv/lib/python3.10/site-packages/airflow/example_dags/example_branch_datetime_operator.py
[2024-12-06T23:33:14.991-0600] {logging_mixin.py:190} INFO - [2024-12-06T23:33:14.991-0600] {dag.py:3239} INFO - Sync 3 DAGs
[2024-12-06T23:33:15.100-0600] {logging_mixin.py:190} INFO - [2024-12-06T23:33:15.100-0600] {dag.py:4180} INFO - Setting next_dagrun for example_branch_datetime_operator to 2024-12-06 00:00:00+00:00, run_after=2024-12-07 00:00:00+00:00
[2024-12-06T23:33:15.103-0600] {logging_mixin.py:190} INFO - [2024-12-06T23:33:15.103-0600] {dag.py:4180} INFO - Setting next_dagrun for example_branch_datetime_operator_2 to 2024-12-06 00:00:00+00:00, run_after=2024-12-07 00:00:00+00:00
[2024-12-06T23:33:15.104-0600] {logging_mixin.py:190} INFO - [2024-12-06T23:33:15.104-0600] {dag.py:4180} INFO - Setting next_dagrun for example_branch_datetime_operator_3 to 2024-12-06 00:00:00+00:00, run_after=2024-12-07 00:00:00+00:00
[2024-12-06T23:33:15.119-0600] {processor.py:208} INFO - Processing /home/m9d9v9/PycharmProjects/Airflow-2/Airflow-2/.venv/lib/python3.10/site-packages/airflow/example_dags/example_branch_datetime_operator.py took 0.193 seconds
[2024-12-06T23:34:11.072-0600] {processor.py:186} INFO - Started process (PID=18176) to work on /home/m9d9v9/PycharmProjects/Airflow-2/Airflow-2/.venv/lib/python3.10/site-packages/airflow/example_dags/example_branch_datetime_operator.py
[2024-12-06T23:34:11.079-0600] {processor.py:914} INFO - Processing file /home/m9d9v9/PycharmProjects/Airflow-2/Airflow-2/.venv/lib/python3.10/site-packages/airflow/example_dags/example_branch_datetime_operator.py for tasks to queue
[2024-12-06T23:34:11.081-0600] {logging_mixin.py:190} INFO - [2024-12-06T23:34:11.080-0600] {dagbag.py:588} INFO - Filling up the DagBag from /home/m9d9v9/PycharmProjects/Airflow-2/Airflow-2/.venv/lib/python3.10/site-packages/airflow/example_dags/example_branch_datetime_operator.py
[2024-12-06T23:34:11.104-0600] {processor.py:925} INFO - DAG(s) 'example_branch_datetime_operator_3', 'example_branch_datetime_operator_2', 'example_branch_datetime_operator' retrieved from /home/m9d9v9/PycharmProjects/Airflow-2/Airflow-2/.venv/lib/python3.10/site-packages/airflow/example_dags/example_branch_datetime_operator.py
[2024-12-06T23:34:11.126-0600] {logging_mixin.py:190} INFO - [2024-12-06T23:34:11.125-0600] {dag.py:3239} INFO - Sync 3 DAGs
[2024-12-06T23:34:11.138-0600] {logging_mixin.py:190} INFO - [2024-12-06T23:34:11.138-0600] {dag.py:4180} INFO - Setting next_dagrun for example_branch_datetime_operator to 2024-12-06 00:00:00+00:00, run_after=2024-12-07 00:00:00+00:00
[2024-12-06T23:34:11.140-0600] {logging_mixin.py:190} INFO - [2024-12-06T23:34:11.140-0600] {dag.py:4180} INFO - Setting next_dagrun for example_branch_datetime_operator_2 to 2024-12-06 00:00:00+00:00, run_after=2024-12-07 00:00:00+00:00
[2024-12-06T23:34:11.141-0600] {logging_mixin.py:190} INFO - [2024-12-06T23:34:11.141-0600] {dag.py:4180} INFO - Setting next_dagrun for example_branch_datetime_operator_3 to 2024-12-06 00:00:00+00:00, run_after=2024-12-07 00:00:00+00:00
[2024-12-06T23:34:11.152-0600] {processor.py:208} INFO - Processing /home/m9d9v9/PycharmProjects/Airflow-2/Airflow-2/.venv/lib/python3.10/site-packages/airflow/example_dags/example_branch_datetime_operator.py took 0.092 seconds
[2024-12-06T23:35:11.706-0600] {processor.py:186} INFO - Started process (PID=18308) to work on /home/m9d9v9/PycharmProjects/Airflow-2/Airflow-2/.venv/lib/python3.10/site-packages/airflow/example_dags/example_branch_datetime_operator.py
[2024-12-06T23:35:11.713-0600] {processor.py:914} INFO - Processing file /home/m9d9v9/PycharmProjects/Airflow-2/Airflow-2/.venv/lib/python3.10/site-packages/airflow/example_dags/example_branch_datetime_operator.py for tasks to queue
[2024-12-06T23:35:11.715-0600] {logging_mixin.py:190} INFO - [2024-12-06T23:35:11.715-0600] {dagbag.py:588} INFO - Filling up the DagBag from /home/m9d9v9/PycharmProjects/Airflow-2/Airflow-2/.venv/lib/python3.10/site-packages/airflow/example_dags/example_branch_datetime_operator.py
[2024-12-06T23:35:11.739-0600] {processor.py:925} INFO - DAG(s) 'example_branch_datetime_operator_2', 'example_branch_datetime_operator', 'example_branch_datetime_operator_3' retrieved from /home/m9d9v9/PycharmProjects/Airflow-2/Airflow-2/.venv/lib/python3.10/site-packages/airflow/example_dags/example_branch_datetime_operator.py
[2024-12-06T23:35:11.764-0600] {logging_mixin.py:190} INFO - [2024-12-06T23:35:11.763-0600] {dag.py:3239} INFO - Sync 3 DAGs
[2024-12-06T23:35:11.776-0600] {logging_mixin.py:190} INFO - [2024-12-06T23:35:11.776-0600] {dag.py:4180} INFO - Setting next_dagrun for example_branch_datetime_operator to 2024-12-06 00:00:00+00:00, run_after=2024-12-07 00:00:00+00:00
[2024-12-06T23:35:11.778-0600] {logging_mixin.py:190} INFO - [2024-12-06T23:35:11.778-0600] {dag.py:4180} INFO - Setting next_dagrun for example_branch_datetime_operator_2 to 2024-12-06 00:00:00+00:00, run_after=2024-12-07 00:00:00+00:00
[2024-12-06T23:35:11.780-0600] {logging_mixin.py:190} INFO - [2024-12-06T23:35:11.780-0600] {dag.py:4180} INFO - Setting next_dagrun for example_branch_datetime_operator_3 to 2024-12-06 00:00:00+00:00, run_after=2024-12-07 00:00:00+00:00
[2024-12-06T23:35:11.790-0600] {processor.py:208} INFO - Processing /home/m9d9v9/PycharmProjects/Airflow-2/Airflow-2/.venv/lib/python3.10/site-packages/airflow/example_dags/example_branch_datetime_operator.py took 0.094 seconds
[2024-12-06T23:36:15.357-0600] {processor.py:186} INFO - Started process (PID=18383) to work on /home/m9d9v9/PycharmProjects/Airflow-2/Airflow-2/.venv/lib/python3.10/site-packages/airflow/example_dags/example_branch_datetime_operator.py
[2024-12-06T23:36:15.364-0600] {processor.py:914} INFO - Processing file /home/m9d9v9/PycharmProjects/Airflow-2/Airflow-2/.venv/lib/python3.10/site-packages/airflow/example_dags/example_branch_datetime_operator.py for tasks to queue
[2024-12-06T23:36:15.366-0600] {logging_mixin.py:190} INFO - [2024-12-06T23:36:15.366-0600] {dagbag.py:588} INFO - Filling up the DagBag from /home/m9d9v9/PycharmProjects/Airflow-2/Airflow-2/.venv/lib/python3.10/site-packages/airflow/example_dags/example_branch_datetime_operator.py
[2024-12-06T23:36:15.389-0600] {processor.py:925} INFO - DAG(s) 'example_branch_datetime_operator_3', 'example_branch_datetime_operator_2', 'example_branch_datetime_operator' retrieved from /home/m9d9v9/PycharmProjects/Airflow-2/Airflow-2/.venv/lib/python3.10/site-packages/airflow/example_dags/example_branch_datetime_operator.py
[2024-12-06T23:36:15.412-0600] {logging_mixin.py:190} INFO - [2024-12-06T23:36:15.412-0600] {dag.py:3239} INFO - Sync 3 DAGs
[2024-12-06T23:36:15.424-0600] {logging_mixin.py:190} INFO - [2024-12-06T23:36:15.424-0600] {dag.py:4180} INFO - Setting next_dagrun for example_branch_datetime_operator to 2024-12-06 00:00:00+00:00, run_after=2024-12-07 00:00:00+00:00
[2024-12-06T23:36:15.427-0600] {logging_mixin.py:190} INFO - [2024-12-06T23:36:15.427-0600] {dag.py:4180} INFO - Setting next_dagrun for example_branch_datetime_operator_2 to 2024-12-06 00:00:00+00:00, run_after=2024-12-07 00:00:00+00:00
[2024-12-06T23:36:15.428-0600] {logging_mixin.py:190} INFO - [2024-12-06T23:36:15.428-0600] {dag.py:4180} INFO - Setting next_dagrun for example_branch_datetime_operator_3 to 2024-12-06 00:00:00+00:00, run_after=2024-12-07 00:00:00+00:00
[2024-12-06T23:36:15.440-0600] {processor.py:208} INFO - Processing /home/m9d9v9/PycharmProjects/Airflow-2/Airflow-2/.venv/lib/python3.10/site-packages/airflow/example_dags/example_branch_datetime_operator.py took 0.094 seconds
[2024-12-06T23:37:16.488-0600] {processor.py:186} INFO - Started process (PID=18619) to work on /home/m9d9v9/PycharmProjects/Airflow-2/Airflow-2/.venv/lib/python3.10/site-packages/airflow/example_dags/example_branch_datetime_operator.py
[2024-12-06T23:37:16.494-0600] {processor.py:914} INFO - Processing file /home/m9d9v9/PycharmProjects/Airflow-2/Airflow-2/.venv/lib/python3.10/site-packages/airflow/example_dags/example_branch_datetime_operator.py for tasks to queue
[2024-12-06T23:37:16.495-0600] {logging_mixin.py:190} INFO - [2024-12-06T23:37:16.494-0600] {dagbag.py:588} INFO - Filling up the DagBag from /home/m9d9v9/PycharmProjects/Airflow-2/Airflow-2/.venv/lib/python3.10/site-packages/airflow/example_dags/example_branch_datetime_operator.py
[2024-12-06T23:37:16.512-0600] {processor.py:925} INFO - DAG(s) 'example_branch_datetime_operator_2', 'example_branch_datetime_operator', 'example_branch_datetime_operator_3' retrieved from /home/m9d9v9/PycharmProjects/Airflow-2/Airflow-2/.venv/lib/python3.10/site-packages/airflow/example_dags/example_branch_datetime_operator.py
[2024-12-06T23:37:16.544-0600] {logging_mixin.py:190} INFO - [2024-12-06T23:37:16.544-0600] {dag.py:3239} INFO - Sync 3 DAGs
[2024-12-06T23:37:16.650-0600] {logging_mixin.py:190} INFO - [2024-12-06T23:37:16.650-0600] {dag.py:4180} INFO - Setting next_dagrun for example_branch_datetime_operator to 2024-12-06 00:00:00+00:00, run_after=2024-12-07 00:00:00+00:00
[2024-12-06T23:37:16.653-0600] {logging_mixin.py:190} INFO - [2024-12-06T23:37:16.653-0600] {dag.py:4180} INFO - Setting next_dagrun for example_branch_datetime_operator_2 to 2024-12-06 00:00:00+00:00, run_after=2024-12-07 00:00:00+00:00
[2024-12-06T23:37:16.654-0600] {logging_mixin.py:190} INFO - [2024-12-06T23:37:16.654-0600] {dag.py:4180} INFO - Setting next_dagrun for example_branch_datetime_operator_3 to 2024-12-06 00:00:00+00:00, run_after=2024-12-07 00:00:00+00:00
[2024-12-06T23:37:16.663-0600] {processor.py:208} INFO - Processing /home/m9d9v9/PycharmProjects/Airflow-2/Airflow-2/.venv/lib/python3.10/site-packages/airflow/example_dags/example_branch_datetime_operator.py took 0.181 seconds
[2024-12-06T23:38:17.026-0600] {processor.py:186} INFO - Started process (PID=18788) to work on /home/m9d9v9/PycharmProjects/Airflow-2/Airflow-2/.venv/lib/python3.10/site-packages/airflow/example_dags/example_branch_datetime_operator.py
[2024-12-06T23:38:17.033-0600] {processor.py:914} INFO - Processing file /home/m9d9v9/PycharmProjects/Airflow-2/Airflow-2/.venv/lib/python3.10/site-packages/airflow/example_dags/example_branch_datetime_operator.py for tasks to queue
[2024-12-06T23:38:17.034-0600] {logging_mixin.py:190} INFO - [2024-12-06T23:38:17.034-0600] {dagbag.py:588} INFO - Filling up the DagBag from /home/m9d9v9/PycharmProjects/Airflow-2/Airflow-2/.venv/lib/python3.10/site-packages/airflow/example_dags/example_branch_datetime_operator.py
[2024-12-06T23:38:17.060-0600] {processor.py:925} INFO - DAG(s) 'example_branch_datetime_operator', 'example_branch_datetime_operator_3', 'example_branch_datetime_operator_2' retrieved from /home/m9d9v9/PycharmProjects/Airflow-2/Airflow-2/.venv/lib/python3.10/site-packages/airflow/example_dags/example_branch_datetime_operator.py
[2024-12-06T23:38:17.087-0600] {logging_mixin.py:190} INFO - [2024-12-06T23:38:17.087-0600] {dag.py:3239} INFO - Sync 3 DAGs
[2024-12-06T23:38:17.100-0600] {logging_mixin.py:190} INFO - [2024-12-06T23:38:17.100-0600] {dag.py:4180} INFO - Setting next_dagrun for example_branch_datetime_operator to 2024-12-06 00:00:00+00:00, run_after=2024-12-07 00:00:00+00:00
[2024-12-06T23:38:17.103-0600] {logging_mixin.py:190} INFO - [2024-12-06T23:38:17.103-0600] {dag.py:4180} INFO - Setting next_dagrun for example_branch_datetime_operator_2 to 2024-12-06 00:00:00+00:00, run_after=2024-12-07 00:00:00+00:00
[2024-12-06T23:38:17.104-0600] {logging_mixin.py:190} INFO - [2024-12-06T23:38:17.104-0600] {dag.py:4180} INFO - Setting next_dagrun for example_branch_datetime_operator_3 to 2024-12-06 00:00:00+00:00, run_after=2024-12-07 00:00:00+00:00
[2024-12-06T23:38:17.114-0600] {processor.py:208} INFO - Processing /home/m9d9v9/PycharmProjects/Airflow-2/Airflow-2/.venv/lib/python3.10/site-packages/airflow/example_dags/example_branch_datetime_operator.py took 0.100 seconds
[2024-12-06T23:39:23.546-0600] {processor.py:186} INFO - Started process (PID=19043) to work on /home/m9d9v9/PycharmProjects/Airflow-2/Airflow-2/.venv/lib/python3.10/site-packages/airflow/example_dags/example_branch_datetime_operator.py
[2024-12-06T23:39:23.547-0600] {processor.py:914} INFO - Processing file /home/m9d9v9/PycharmProjects/Airflow-2/Airflow-2/.venv/lib/python3.10/site-packages/airflow/example_dags/example_branch_datetime_operator.py for tasks to queue
[2024-12-06T23:39:23.549-0600] {logging_mixin.py:190} INFO - [2024-12-06T23:39:23.548-0600] {dagbag.py:588} INFO - Filling up the DagBag from /home/m9d9v9/PycharmProjects/Airflow-2/Airflow-2/.venv/lib/python3.10/site-packages/airflow/example_dags/example_branch_datetime_operator.py
[2024-12-06T23:39:23.559-0600] {processor.py:925} INFO - DAG(s) 'example_branch_datetime_operator_2', 'example_branch_datetime_operator', 'example_branch_datetime_operator_3' retrieved from /home/m9d9v9/PycharmProjects/Airflow-2/Airflow-2/.venv/lib/python3.10/site-packages/airflow/example_dags/example_branch_datetime_operator.py
[2024-12-06T23:39:23.575-0600] {logging_mixin.py:190} INFO - [2024-12-06T23:39:23.575-0600] {dag.py:3239} INFO - Sync 3 DAGs
[2024-12-06T23:39:23.591-0600] {logging_mixin.py:190} INFO - [2024-12-06T23:39:23.590-0600] {dag.py:4180} INFO - Setting next_dagrun for example_branch_datetime_operator to 2024-12-06 00:00:00+00:00, run_after=2024-12-07 00:00:00+00:00
[2024-12-06T23:39:23.593-0600] {logging_mixin.py:190} INFO - [2024-12-06T23:39:23.593-0600] {dag.py:4180} INFO - Setting next_dagrun for example_branch_datetime_operator_2 to 2024-12-06 00:00:00+00:00, run_after=2024-12-07 00:00:00+00:00
[2024-12-06T23:39:23.595-0600] {logging_mixin.py:190} INFO - [2024-12-06T23:39:23.595-0600] {dag.py:4180} INFO - Setting next_dagrun for example_branch_datetime_operator_3 to 2024-12-06 00:00:00+00:00, run_after=2024-12-07 00:00:00+00:00
[2024-12-06T23:39:23.608-0600] {processor.py:208} INFO - Processing /home/m9d9v9/PycharmProjects/Airflow-2/Airflow-2/.venv/lib/python3.10/site-packages/airflow/example_dags/example_branch_datetime_operator.py took 0.067 seconds
[2024-12-06T23:40:20.034-0600] {processor.py:186} INFO - Started process (PID=19228) to work on /home/m9d9v9/PycharmProjects/Airflow-2/Airflow-2/.venv/lib/python3.10/site-packages/airflow/example_dags/example_branch_datetime_operator.py
[2024-12-06T23:40:20.035-0600] {processor.py:914} INFO - Processing file /home/m9d9v9/PycharmProjects/Airflow-2/Airflow-2/.venv/lib/python3.10/site-packages/airflow/example_dags/example_branch_datetime_operator.py for tasks to queue
[2024-12-06T23:40:20.037-0600] {logging_mixin.py:190} INFO - [2024-12-06T23:40:20.037-0600] {dagbag.py:588} INFO - Filling up the DagBag from /home/m9d9v9/PycharmProjects/Airflow-2/Airflow-2/.venv/lib/python3.10/site-packages/airflow/example_dags/example_branch_datetime_operator.py
[2024-12-06T23:40:20.050-0600] {processor.py:925} INFO - DAG(s) 'example_branch_datetime_operator', 'example_branch_datetime_operator_3', 'example_branch_datetime_operator_2' retrieved from /home/m9d9v9/PycharmProjects/Airflow-2/Airflow-2/.venv/lib/python3.10/site-packages/airflow/example_dags/example_branch_datetime_operator.py
[2024-12-06T23:40:20.076-0600] {logging_mixin.py:190} INFO - [2024-12-06T23:40:20.076-0600] {dag.py:3239} INFO - Sync 3 DAGs
[2024-12-06T23:40:20.092-0600] {logging_mixin.py:190} INFO - [2024-12-06T23:40:20.092-0600] {dag.py:4180} INFO - Setting next_dagrun for example_branch_datetime_operator to 2024-12-06 00:00:00+00:00, run_after=2024-12-07 00:00:00+00:00
[2024-12-06T23:40:20.095-0600] {logging_mixin.py:190} INFO - [2024-12-06T23:40:20.095-0600] {dag.py:4180} INFO - Setting next_dagrun for example_branch_datetime_operator_2 to 2024-12-06 00:00:00+00:00, run_after=2024-12-07 00:00:00+00:00
[2024-12-06T23:40:20.096-0600] {logging_mixin.py:190} INFO - [2024-12-06T23:40:20.096-0600] {dag.py:4180} INFO - Setting next_dagrun for example_branch_datetime_operator_3 to 2024-12-06 00:00:00+00:00, run_after=2024-12-07 00:00:00+00:00
[2024-12-06T23:40:20.110-0600] {processor.py:208} INFO - Processing /home/m9d9v9/PycharmProjects/Airflow-2/Airflow-2/.venv/lib/python3.10/site-packages/airflow/example_dags/example_branch_datetime_operator.py took 0.085 seconds
[2024-12-06T23:41:16.433-0600] {processor.py:186} INFO - Started process (PID=19324) to work on /home/m9d9v9/PycharmProjects/Airflow-2/Airflow-2/.venv/lib/python3.10/site-packages/airflow/example_dags/example_branch_datetime_operator.py
[2024-12-06T23:41:16.439-0600] {processor.py:914} INFO - Processing file /home/m9d9v9/PycharmProjects/Airflow-2/Airflow-2/.venv/lib/python3.10/site-packages/airflow/example_dags/example_branch_datetime_operator.py for tasks to queue
[2024-12-06T23:41:16.440-0600] {logging_mixin.py:190} INFO - [2024-12-06T23:41:16.440-0600] {dagbag.py:588} INFO - Filling up the DagBag from /home/m9d9v9/PycharmProjects/Airflow-2/Airflow-2/.venv/lib/python3.10/site-packages/airflow/example_dags/example_branch_datetime_operator.py
[2024-12-06T23:41:16.454-0600] {processor.py:925} INFO - DAG(s) 'example_branch_datetime_operator_3', 'example_branch_datetime_operator', 'example_branch_datetime_operator_2' retrieved from /home/m9d9v9/PycharmProjects/Airflow-2/Airflow-2/.venv/lib/python3.10/site-packages/airflow/example_dags/example_branch_datetime_operator.py
[2024-12-06T23:41:16.476-0600] {logging_mixin.py:190} INFO - [2024-12-06T23:41:16.476-0600] {dag.py:3239} INFO - Sync 3 DAGs
[2024-12-06T23:41:16.493-0600] {logging_mixin.py:190} INFO - [2024-12-06T23:41:16.493-0600] {dag.py:4180} INFO - Setting next_dagrun for example_branch_datetime_operator to 2024-12-06 00:00:00+00:00, run_after=2024-12-07 00:00:00+00:00
[2024-12-06T23:41:16.496-0600] {logging_mixin.py:190} INFO - [2024-12-06T23:41:16.496-0600] {dag.py:4180} INFO - Setting next_dagrun for example_branch_datetime_operator_2 to 2024-12-06 00:00:00+00:00, run_after=2024-12-07 00:00:00+00:00
[2024-12-06T23:41:16.498-0600] {logging_mixin.py:190} INFO - [2024-12-06T23:41:16.497-0600] {dag.py:4180} INFO - Setting next_dagrun for example_branch_datetime_operator_3 to 2024-12-06 00:00:00+00:00, run_after=2024-12-07 00:00:00+00:00
[2024-12-06T23:41:16.510-0600] {processor.py:208} INFO - Processing /home/m9d9v9/PycharmProjects/Airflow-2/Airflow-2/.venv/lib/python3.10/site-packages/airflow/example_dags/example_branch_datetime_operator.py took 0.085 seconds
