[2024-12-06T22:19:08.119-0600] {processor.py:186} INFO - Started process (PID=12511) to work on /home/m9d9v9/PycharmProjects/Airflow-2/Airflow-2/.venv/lib/python3.10/site-packages/airflow/example_dags/example_trigger_target_dag.py
[2024-12-06T22:19:08.120-0600] {processor.py:914} INFO - Processing file /home/m9d9v9/PycharmProjects/Airflow-2/Airflow-2/.venv/lib/python3.10/site-packages/airflow/example_dags/example_trigger_target_dag.py for tasks to queue
[2024-12-06T22:19:08.122-0600] {logging_mixin.py:190} INFO - [2024-12-06T22:19:08.121-0600] {dagbag.py:588} INFO - Filling up the DagBag from /home/m9d9v9/PycharmProjects/Airflow-2/Airflow-2/.venv/lib/python3.10/site-packages/airflow/example_dags/example_trigger_target_dag.py
[2024-12-06T22:19:08.128-0600] {processor.py:925} INFO - DAG(s) 'example_trigger_target_dag' retrieved from /home/m9d9v9/PycharmProjects/Airflow-2/Airflow-2/.venv/lib/python3.10/site-packages/airflow/example_dags/example_trigger_target_dag.py
[2024-12-06T22:19:08.197-0600] {logging_mixin.py:190} INFO - [2024-12-06T22:19:08.197-0600] {override.py:1911} INFO - Created Permission View: can edit on DAG:example_trigger_target_dag
[2024-12-06T22:19:08.205-0600] {logging_mixin.py:190} INFO - [2024-12-06T22:19:08.205-0600] {override.py:1911} INFO - Created Permission View: can read on DAG:example_trigger_target_dag
[2024-12-06T22:19:08.210-0600] {logging_mixin.py:190} INFO - [2024-12-06T22:19:08.210-0600] {override.py:1911} INFO - Created Permission View: can delete on DAG:example_trigger_target_dag
[2024-12-06T22:19:08.217-0600] {logging_mixin.py:190} INFO - [2024-12-06T22:19:08.217-0600] {override.py:1911} INFO - Created Permission View: menu access on DAG Run:example_trigger_target_dag
[2024-12-06T22:19:08.222-0600] {logging_mixin.py:190} INFO - [2024-12-06T22:19:08.221-0600] {override.py:1911} INFO - Created Permission View: can create on DAG Run:example_trigger_target_dag
[2024-12-06T22:19:08.227-0600] {logging_mixin.py:190} INFO - [2024-12-06T22:19:08.227-0600] {override.py:1911} INFO - Created Permission View: can read on DAG Run:example_trigger_target_dag
[2024-12-06T22:19:08.232-0600] {logging_mixin.py:190} INFO - [2024-12-06T22:19:08.232-0600] {override.py:1911} INFO - Created Permission View: can delete on DAG Run:example_trigger_target_dag
[2024-12-06T22:19:08.232-0600] {logging_mixin.py:190} INFO - [2024-12-06T22:19:08.232-0600] {dag.py:3239} INFO - Sync 1 DAGs
[2024-12-06T22:19:08.240-0600] {logging_mixin.py:190} INFO - [2024-12-06T22:19:08.240-0600] {dag.py:3262} INFO - Creating ORM DAG for example_trigger_target_dag
[2024-12-06T22:19:08.241-0600] {logging_mixin.py:190} INFO - [2024-12-06T22:19:08.241-0600] {dag.py:4180} INFO - Setting next_dagrun for example_trigger_target_dag to None, run_after=None
[2024-12-06T22:19:08.253-0600] {processor.py:208} INFO - Processing /home/m9d9v9/PycharmProjects/Airflow-2/Airflow-2/.venv/lib/python3.10/site-packages/airflow/example_dags/example_trigger_target_dag.py took 0.139 seconds
[2024-12-06T22:20:07.758-0600] {processor.py:186} INFO - Started process (PID=12623) to work on /home/m9d9v9/PycharmProjects/Airflow-2/Airflow-2/.venv/lib/python3.10/site-packages/airflow/example_dags/example_trigger_target_dag.py
[2024-12-06T22:20:07.759-0600] {processor.py:914} INFO - Processing file /home/m9d9v9/PycharmProjects/Airflow-2/Airflow-2/.venv/lib/python3.10/site-packages/airflow/example_dags/example_trigger_target_dag.py for tasks to queue
[2024-12-06T22:20:07.760-0600] {logging_mixin.py:190} INFO - [2024-12-06T22:20:07.760-0600] {dagbag.py:588} INFO - Filling up the DagBag from /home/m9d9v9/PycharmProjects/Airflow-2/Airflow-2/.venv/lib/python3.10/site-packages/airflow/example_dags/example_trigger_target_dag.py
[2024-12-06T22:20:07.767-0600] {processor.py:925} INFO - DAG(s) 'example_trigger_target_dag' retrieved from /home/m9d9v9/PycharmProjects/Airflow-2/Airflow-2/.venv/lib/python3.10/site-packages/airflow/example_dags/example_trigger_target_dag.py
[2024-12-06T22:20:07.778-0600] {logging_mixin.py:190} INFO - [2024-12-06T22:20:07.778-0600] {dag.py:3239} INFO - Sync 1 DAGs
[2024-12-06T22:20:07.787-0600] {logging_mixin.py:190} INFO - [2024-12-06T22:20:07.787-0600] {dag.py:4180} INFO - Setting next_dagrun for example_trigger_target_dag to None, run_after=None
[2024-12-06T22:20:07.803-0600] {processor.py:208} INFO - Processing /home/m9d9v9/PycharmProjects/Airflow-2/Airflow-2/.venv/lib/python3.10/site-packages/airflow/example_dags/example_trigger_target_dag.py took 0.049 seconds
[2024-12-06T22:21:02.424-0600] {processor.py:186} INFO - Started process (PID=12705) to work on /home/m9d9v9/PycharmProjects/Airflow-2/Airflow-2/.venv/lib/python3.10/site-packages/airflow/example_dags/example_trigger_target_dag.py
[2024-12-06T22:21:02.431-0600] {processor.py:914} INFO - Processing file /home/m9d9v9/PycharmProjects/Airflow-2/Airflow-2/.venv/lib/python3.10/site-packages/airflow/example_dags/example_trigger_target_dag.py for tasks to queue
[2024-12-06T22:21:02.435-0600] {logging_mixin.py:190} INFO - [2024-12-06T22:21:02.434-0600] {dagbag.py:588} INFO - Filling up the DagBag from /home/m9d9v9/PycharmProjects/Airflow-2/Airflow-2/.venv/lib/python3.10/site-packages/airflow/example_dags/example_trigger_target_dag.py
[2024-12-06T22:21:02.451-0600] {processor.py:925} INFO - DAG(s) 'example_trigger_target_dag' retrieved from /home/m9d9v9/PycharmProjects/Airflow-2/Airflow-2/.venv/lib/python3.10/site-packages/airflow/example_dags/example_trigger_target_dag.py
[2024-12-06T22:21:02.473-0600] {logging_mixin.py:190} INFO - [2024-12-06T22:21:02.473-0600] {dag.py:3239} INFO - Sync 1 DAGs
[2024-12-06T22:21:02.481-0600] {logging_mixin.py:190} INFO - [2024-12-06T22:21:02.481-0600] {dag.py:4180} INFO - Setting next_dagrun for example_trigger_target_dag to None, run_after=None
[2024-12-06T22:21:02.493-0600] {processor.py:208} INFO - Processing /home/m9d9v9/PycharmProjects/Airflow-2/Airflow-2/.venv/lib/python3.10/site-packages/airflow/example_dags/example_trigger_target_dag.py took 0.082 seconds
[2024-12-06T22:21:59.847-0600] {processor.py:186} INFO - Started process (PID=12780) to work on /home/m9d9v9/PycharmProjects/Airflow-2/Airflow-2/.venv/lib/python3.10/site-packages/airflow/example_dags/example_trigger_target_dag.py
[2024-12-06T22:21:59.849-0600] {processor.py:914} INFO - Processing file /home/m9d9v9/PycharmProjects/Airflow-2/Airflow-2/.venv/lib/python3.10/site-packages/airflow/example_dags/example_trigger_target_dag.py for tasks to queue
[2024-12-06T22:21:59.850-0600] {logging_mixin.py:190} INFO - [2024-12-06T22:21:59.850-0600] {dagbag.py:588} INFO - Filling up the DagBag from /home/m9d9v9/PycharmProjects/Airflow-2/Airflow-2/.venv/lib/python3.10/site-packages/airflow/example_dags/example_trigger_target_dag.py
[2024-12-06T22:21:59.858-0600] {processor.py:925} INFO - DAG(s) 'example_trigger_target_dag' retrieved from /home/m9d9v9/PycharmProjects/Airflow-2/Airflow-2/.venv/lib/python3.10/site-packages/airflow/example_dags/example_trigger_target_dag.py
[2024-12-06T22:21:59.879-0600] {logging_mixin.py:190} INFO - [2024-12-06T22:21:59.878-0600] {dag.py:3239} INFO - Sync 1 DAGs
[2024-12-06T22:21:59.894-0600] {logging_mixin.py:190} INFO - [2024-12-06T22:21:59.894-0600] {dag.py:4180} INFO - Setting next_dagrun for example_trigger_target_dag to None, run_after=None
[2024-12-06T22:21:59.908-0600] {processor.py:208} INFO - Processing /home/m9d9v9/PycharmProjects/Airflow-2/Airflow-2/.venv/lib/python3.10/site-packages/airflow/example_dags/example_trigger_target_dag.py took 0.066 seconds
[2024-12-06T22:23:17.095-0600] {processor.py:186} INFO - Started process (PID=12943) to work on /home/m9d9v9/PycharmProjects/Airflow-2/Airflow-2/.venv/lib/python3.10/site-packages/airflow/example_dags/example_trigger_target_dag.py
[2024-12-06T22:23:17.102-0600] {processor.py:914} INFO - Processing file /home/m9d9v9/PycharmProjects/Airflow-2/Airflow-2/.venv/lib/python3.10/site-packages/airflow/example_dags/example_trigger_target_dag.py for tasks to queue
[2024-12-06T22:23:17.105-0600] {logging_mixin.py:190} INFO - [2024-12-06T22:23:17.104-0600] {dagbag.py:588} INFO - Filling up the DagBag from /home/m9d9v9/PycharmProjects/Airflow-2/Airflow-2/.venv/lib/python3.10/site-packages/airflow/example_dags/example_trigger_target_dag.py
[2024-12-06T22:23:17.121-0600] {processor.py:925} INFO - DAG(s) 'example_trigger_target_dag' retrieved from /home/m9d9v9/PycharmProjects/Airflow-2/Airflow-2/.venv/lib/python3.10/site-packages/airflow/example_dags/example_trigger_target_dag.py
[2024-12-06T22:23:17.145-0600] {logging_mixin.py:190} INFO - [2024-12-06T22:23:17.145-0600] {dag.py:3239} INFO - Sync 1 DAGs
[2024-12-06T22:23:17.153-0600] {logging_mixin.py:190} INFO - [2024-12-06T22:23:17.153-0600] {dag.py:4180} INFO - Setting next_dagrun for example_trigger_target_dag to None, run_after=None
[2024-12-06T22:23:17.165-0600] {processor.py:208} INFO - Processing /home/m9d9v9/PycharmProjects/Airflow-2/Airflow-2/.venv/lib/python3.10/site-packages/airflow/example_dags/example_trigger_target_dag.py took 0.083 seconds
[2024-12-06T22:24:15.251-0600] {processor.py:186} INFO - Started process (PID=13012) to work on /home/m9d9v9/PycharmProjects/Airflow-2/Airflow-2/.venv/lib/python3.10/site-packages/airflow/example_dags/example_trigger_target_dag.py
[2024-12-06T22:24:15.257-0600] {processor.py:914} INFO - Processing file /home/m9d9v9/PycharmProjects/Airflow-2/Airflow-2/.venv/lib/python3.10/site-packages/airflow/example_dags/example_trigger_target_dag.py for tasks to queue
[2024-12-06T22:24:15.259-0600] {logging_mixin.py:190} INFO - [2024-12-06T22:24:15.258-0600] {dagbag.py:588} INFO - Filling up the DagBag from /home/m9d9v9/PycharmProjects/Airflow-2/Airflow-2/.venv/lib/python3.10/site-packages/airflow/example_dags/example_trigger_target_dag.py
[2024-12-06T22:24:15.268-0600] {processor.py:925} INFO - DAG(s) 'example_trigger_target_dag' retrieved from /home/m9d9v9/PycharmProjects/Airflow-2/Airflow-2/.venv/lib/python3.10/site-packages/airflow/example_dags/example_trigger_target_dag.py
[2024-12-06T22:24:15.282-0600] {logging_mixin.py:190} INFO - [2024-12-06T22:24:15.282-0600] {dag.py:3239} INFO - Sync 1 DAGs
[2024-12-06T22:24:15.293-0600] {logging_mixin.py:190} INFO - [2024-12-06T22:24:15.292-0600] {dag.py:4180} INFO - Setting next_dagrun for example_trigger_target_dag to None, run_after=None
[2024-12-06T22:24:15.306-0600] {processor.py:208} INFO - Processing /home/m9d9v9/PycharmProjects/Airflow-2/Airflow-2/.venv/lib/python3.10/site-packages/airflow/example_dags/example_trigger_target_dag.py took 0.066 seconds
[2024-12-06T22:25:11.028-0600] {processor.py:186} INFO - Started process (PID=13100) to work on /home/m9d9v9/PycharmProjects/Airflow-2/Airflow-2/.venv/lib/python3.10/site-packages/airflow/example_dags/example_trigger_target_dag.py
[2024-12-06T22:25:11.034-0600] {processor.py:914} INFO - Processing file /home/m9d9v9/PycharmProjects/Airflow-2/Airflow-2/.venv/lib/python3.10/site-packages/airflow/example_dags/example_trigger_target_dag.py for tasks to queue
[2024-12-06T22:25:11.035-0600] {logging_mixin.py:190} INFO - [2024-12-06T22:25:11.035-0600] {dagbag.py:588} INFO - Filling up the DagBag from /home/m9d9v9/PycharmProjects/Airflow-2/Airflow-2/.venv/lib/python3.10/site-packages/airflow/example_dags/example_trigger_target_dag.py
[2024-12-06T22:25:11.042-0600] {processor.py:925} INFO - DAG(s) 'example_trigger_target_dag' retrieved from /home/m9d9v9/PycharmProjects/Airflow-2/Airflow-2/.venv/lib/python3.10/site-packages/airflow/example_dags/example_trigger_target_dag.py
[2024-12-06T22:25:11.055-0600] {logging_mixin.py:190} INFO - [2024-12-06T22:25:11.055-0600] {dag.py:3239} INFO - Sync 1 DAGs
[2024-12-06T22:25:11.064-0600] {logging_mixin.py:190} INFO - [2024-12-06T22:25:11.064-0600] {dag.py:4180} INFO - Setting next_dagrun for example_trigger_target_dag to None, run_after=None
[2024-12-06T22:25:11.078-0600] {processor.py:208} INFO - Processing /home/m9d9v9/PycharmProjects/Airflow-2/Airflow-2/.venv/lib/python3.10/site-packages/airflow/example_dags/example_trigger_target_dag.py took 0.055 seconds
[2024-12-06T22:26:09.098-0600] {processor.py:186} INFO - Started process (PID=13179) to work on /home/m9d9v9/PycharmProjects/Airflow-2/Airflow-2/.venv/lib/python3.10/site-packages/airflow/example_dags/example_trigger_target_dag.py
[2024-12-06T22:26:09.104-0600] {processor.py:914} INFO - Processing file /home/m9d9v9/PycharmProjects/Airflow-2/Airflow-2/.venv/lib/python3.10/site-packages/airflow/example_dags/example_trigger_target_dag.py for tasks to queue
[2024-12-06T22:26:09.106-0600] {logging_mixin.py:190} INFO - [2024-12-06T22:26:09.106-0600] {dagbag.py:588} INFO - Filling up the DagBag from /home/m9d9v9/PycharmProjects/Airflow-2/Airflow-2/.venv/lib/python3.10/site-packages/airflow/example_dags/example_trigger_target_dag.py
[2024-12-06T22:26:09.113-0600] {processor.py:925} INFO - DAG(s) 'example_trigger_target_dag' retrieved from /home/m9d9v9/PycharmProjects/Airflow-2/Airflow-2/.venv/lib/python3.10/site-packages/airflow/example_dags/example_trigger_target_dag.py
[2024-12-06T22:26:09.125-0600] {logging_mixin.py:190} INFO - [2024-12-06T22:26:09.124-0600] {dag.py:3239} INFO - Sync 1 DAGs
[2024-12-06T22:26:09.133-0600] {logging_mixin.py:190} INFO - [2024-12-06T22:26:09.133-0600] {dag.py:4180} INFO - Setting next_dagrun for example_trigger_target_dag to None, run_after=None
[2024-12-06T22:26:09.149-0600] {processor.py:208} INFO - Processing /home/m9d9v9/PycharmProjects/Airflow-2/Airflow-2/.venv/lib/python3.10/site-packages/airflow/example_dags/example_trigger_target_dag.py took 0.056 seconds
[2024-12-06T22:27:06.004-0600] {processor.py:186} INFO - Started process (PID=13258) to work on /home/m9d9v9/PycharmProjects/Airflow-2/Airflow-2/.venv/lib/python3.10/site-packages/airflow/example_dags/example_trigger_target_dag.py
[2024-12-06T22:27:06.010-0600] {processor.py:914} INFO - Processing file /home/m9d9v9/PycharmProjects/Airflow-2/Airflow-2/.venv/lib/python3.10/site-packages/airflow/example_dags/example_trigger_target_dag.py for tasks to queue
[2024-12-06T22:27:06.011-0600] {logging_mixin.py:190} INFO - [2024-12-06T22:27:06.011-0600] {dagbag.py:588} INFO - Filling up the DagBag from /home/m9d9v9/PycharmProjects/Airflow-2/Airflow-2/.venv/lib/python3.10/site-packages/airflow/example_dags/example_trigger_target_dag.py
[2024-12-06T22:27:06.019-0600] {processor.py:925} INFO - DAG(s) 'example_trigger_target_dag' retrieved from /home/m9d9v9/PycharmProjects/Airflow-2/Airflow-2/.venv/lib/python3.10/site-packages/airflow/example_dags/example_trigger_target_dag.py
[2024-12-06T22:27:06.033-0600] {logging_mixin.py:190} INFO - [2024-12-06T22:27:06.032-0600] {dag.py:3239} INFO - Sync 1 DAGs
[2024-12-06T22:27:06.046-0600] {logging_mixin.py:190} INFO - [2024-12-06T22:27:06.046-0600] {dag.py:4180} INFO - Setting next_dagrun for example_trigger_target_dag to None, run_after=None
[2024-12-06T22:27:06.060-0600] {processor.py:208} INFO - Processing /home/m9d9v9/PycharmProjects/Airflow-2/Airflow-2/.venv/lib/python3.10/site-packages/airflow/example_dags/example_trigger_target_dag.py took 0.062 seconds
[2024-12-06T22:37:26.029-0600] {processor.py:186} INFO - Started process (PID=14652) to work on /home/m9d9v9/PycharmProjects/Airflow-2/Airflow-2/.venv/lib/python3.10/site-packages/airflow/example_dags/example_trigger_target_dag.py
[2024-12-06T22:37:26.035-0600] {processor.py:914} INFO - Processing file /home/m9d9v9/PycharmProjects/Airflow-2/Airflow-2/.venv/lib/python3.10/site-packages/airflow/example_dags/example_trigger_target_dag.py for tasks to queue
[2024-12-06T22:37:26.040-0600] {logging_mixin.py:190} INFO - [2024-12-06T22:37:26.039-0600] {dagbag.py:588} INFO - Filling up the DagBag from /home/m9d9v9/PycharmProjects/Airflow-2/Airflow-2/.venv/lib/python3.10/site-packages/airflow/example_dags/example_trigger_target_dag.py
[2024-12-06T22:37:26.057-0600] {processor.py:925} INFO - DAG(s) 'example_trigger_target_dag' retrieved from /home/m9d9v9/PycharmProjects/Airflow-2/Airflow-2/.venv/lib/python3.10/site-packages/airflow/example_dags/example_trigger_target_dag.py
[2024-12-06T22:37:26.083-0600] {logging_mixin.py:190} INFO - [2024-12-06T22:37:26.083-0600] {dag.py:3239} INFO - Sync 1 DAGs
[2024-12-06T22:37:26.091-0600] {logging_mixin.py:190} INFO - [2024-12-06T22:37:26.090-0600] {dag.py:4180} INFO - Setting next_dagrun for example_trigger_target_dag to None, run_after=None
[2024-12-06T22:37:26.102-0600] {processor.py:208} INFO - Processing /home/m9d9v9/PycharmProjects/Airflow-2/Airflow-2/.venv/lib/python3.10/site-packages/airflow/example_dags/example_trigger_target_dag.py took 0.078 seconds
[2024-12-06T22:38:24.054-0600] {processor.py:186} INFO - Started process (PID=14756) to work on /home/m9d9v9/PycharmProjects/Airflow-2/Airflow-2/.venv/lib/python3.10/site-packages/airflow/example_dags/example_trigger_target_dag.py
[2024-12-06T22:38:24.055-0600] {processor.py:914} INFO - Processing file /home/m9d9v9/PycharmProjects/Airflow-2/Airflow-2/.venv/lib/python3.10/site-packages/airflow/example_dags/example_trigger_target_dag.py for tasks to queue
[2024-12-06T22:38:24.058-0600] {logging_mixin.py:190} INFO - [2024-12-06T22:38:24.057-0600] {dagbag.py:588} INFO - Filling up the DagBag from /home/m9d9v9/PycharmProjects/Airflow-2/Airflow-2/.venv/lib/python3.10/site-packages/airflow/example_dags/example_trigger_target_dag.py
[2024-12-06T22:38:24.066-0600] {processor.py:925} INFO - DAG(s) 'example_trigger_target_dag' retrieved from /home/m9d9v9/PycharmProjects/Airflow-2/Airflow-2/.venv/lib/python3.10/site-packages/airflow/example_dags/example_trigger_target_dag.py
[2024-12-06T22:38:24.081-0600] {logging_mixin.py:190} INFO - [2024-12-06T22:38:24.081-0600] {dag.py:3239} INFO - Sync 1 DAGs
[2024-12-06T22:38:24.094-0600] {logging_mixin.py:190} INFO - [2024-12-06T22:38:24.094-0600] {dag.py:4180} INFO - Setting next_dagrun for example_trigger_target_dag to None, run_after=None
[2024-12-06T22:38:24.107-0600] {processor.py:208} INFO - Processing /home/m9d9v9/PycharmProjects/Airflow-2/Airflow-2/.venv/lib/python3.10/site-packages/airflow/example_dags/example_trigger_target_dag.py took 0.058 seconds
[2024-12-06T22:39:22.395-0600] {processor.py:186} INFO - Started process (PID=14913) to work on /home/m9d9v9/PycharmProjects/Airflow-2/Airflow-2/.venv/lib/python3.10/site-packages/airflow/example_dags/example_trigger_target_dag.py
[2024-12-06T22:39:22.397-0600] {processor.py:914} INFO - Processing file /home/m9d9v9/PycharmProjects/Airflow-2/Airflow-2/.venv/lib/python3.10/site-packages/airflow/example_dags/example_trigger_target_dag.py for tasks to queue
[2024-12-06T22:39:22.401-0600] {logging_mixin.py:190} INFO - [2024-12-06T22:39:22.400-0600] {dagbag.py:588} INFO - Filling up the DagBag from /home/m9d9v9/PycharmProjects/Airflow-2/Airflow-2/.venv/lib/python3.10/site-packages/airflow/example_dags/example_trigger_target_dag.py
[2024-12-06T22:39:22.416-0600] {processor.py:925} INFO - DAG(s) 'example_trigger_target_dag' retrieved from /home/m9d9v9/PycharmProjects/Airflow-2/Airflow-2/.venv/lib/python3.10/site-packages/airflow/example_dags/example_trigger_target_dag.py
[2024-12-06T22:39:22.428-0600] {logging_mixin.py:190} INFO - [2024-12-06T22:39:22.428-0600] {dag.py:3239} INFO - Sync 1 DAGs
[2024-12-06T22:39:22.435-0600] {logging_mixin.py:190} INFO - [2024-12-06T22:39:22.435-0600] {dag.py:4180} INFO - Setting next_dagrun for example_trigger_target_dag to None, run_after=None
[2024-12-06T22:39:22.448-0600] {processor.py:208} INFO - Processing /home/m9d9v9/PycharmProjects/Airflow-2/Airflow-2/.venv/lib/python3.10/site-packages/airflow/example_dags/example_trigger_target_dag.py took 0.069 seconds
[2024-12-06T22:40:22.906-0600] {processor.py:186} INFO - Started process (PID=15050) to work on /home/m9d9v9/PycharmProjects/Airflow-2/Airflow-2/.venv/lib/python3.10/site-packages/airflow/example_dags/example_trigger_target_dag.py
[2024-12-06T22:40:22.914-0600] {processor.py:914} INFO - Processing file /home/m9d9v9/PycharmProjects/Airflow-2/Airflow-2/.venv/lib/python3.10/site-packages/airflow/example_dags/example_trigger_target_dag.py for tasks to queue
[2024-12-06T22:40:22.918-0600] {logging_mixin.py:190} INFO - [2024-12-06T22:40:22.917-0600] {dagbag.py:588} INFO - Filling up the DagBag from /home/m9d9v9/PycharmProjects/Airflow-2/Airflow-2/.venv/lib/python3.10/site-packages/airflow/example_dags/example_trigger_target_dag.py
[2024-12-06T22:40:22.935-0600] {processor.py:925} INFO - DAG(s) 'example_trigger_target_dag' retrieved from /home/m9d9v9/PycharmProjects/Airflow-2/Airflow-2/.venv/lib/python3.10/site-packages/airflow/example_dags/example_trigger_target_dag.py
[2024-12-06T22:40:22.955-0600] {logging_mixin.py:190} INFO - [2024-12-06T22:40:22.955-0600] {dag.py:3239} INFO - Sync 1 DAGs
[2024-12-06T22:40:22.964-0600] {logging_mixin.py:190} INFO - [2024-12-06T22:40:22.963-0600] {dag.py:4180} INFO - Setting next_dagrun for example_trigger_target_dag to None, run_after=None
[2024-12-06T22:40:22.976-0600] {processor.py:208} INFO - Processing /home/m9d9v9/PycharmProjects/Airflow-2/Airflow-2/.venv/lib/python3.10/site-packages/airflow/example_dags/example_trigger_target_dag.py took 0.088 seconds
[2024-12-06T22:41:24.211-0600] {processor.py:186} INFO - Started process (PID=15173) to work on /home/m9d9v9/PycharmProjects/Airflow-2/Airflow-2/.venv/lib/python3.10/site-packages/airflow/example_dags/example_trigger_target_dag.py
[2024-12-06T22:41:24.218-0600] {processor.py:914} INFO - Processing file /home/m9d9v9/PycharmProjects/Airflow-2/Airflow-2/.venv/lib/python3.10/site-packages/airflow/example_dags/example_trigger_target_dag.py for tasks to queue
[2024-12-06T22:41:24.222-0600] {logging_mixin.py:190} INFO - [2024-12-06T22:41:24.221-0600] {dagbag.py:588} INFO - Filling up the DagBag from /home/m9d9v9/PycharmProjects/Airflow-2/Airflow-2/.venv/lib/python3.10/site-packages/airflow/example_dags/example_trigger_target_dag.py
[2024-12-06T22:41:24.234-0600] {processor.py:925} INFO - DAG(s) 'example_trigger_target_dag' retrieved from /home/m9d9v9/PycharmProjects/Airflow-2/Airflow-2/.venv/lib/python3.10/site-packages/airflow/example_dags/example_trigger_target_dag.py
[2024-12-06T22:41:24.257-0600] {logging_mixin.py:190} INFO - [2024-12-06T22:41:24.256-0600] {dag.py:3239} INFO - Sync 1 DAGs
[2024-12-06T22:41:24.266-0600] {logging_mixin.py:190} INFO - [2024-12-06T22:41:24.266-0600] {dag.py:4180} INFO - Setting next_dagrun for example_trigger_target_dag to None, run_after=None
[2024-12-06T22:41:24.278-0600] {processor.py:208} INFO - Processing /home/m9d9v9/PycharmProjects/Airflow-2/Airflow-2/.venv/lib/python3.10/site-packages/airflow/example_dags/example_trigger_target_dag.py took 0.084 seconds
[2024-12-06T23:25:33.193-0600] {processor.py:186} INFO - Started process (PID=17328) to work on /home/m9d9v9/PycharmProjects/Airflow-2/Airflow-2/.venv/lib/python3.10/site-packages/airflow/example_dags/example_trigger_target_dag.py
[2024-12-06T23:25:33.199-0600] {processor.py:914} INFO - Processing file /home/m9d9v9/PycharmProjects/Airflow-2/Airflow-2/.venv/lib/python3.10/site-packages/airflow/example_dags/example_trigger_target_dag.py for tasks to queue
[2024-12-06T23:25:33.203-0600] {logging_mixin.py:190} INFO - [2024-12-06T23:25:33.202-0600] {dagbag.py:588} INFO - Filling up the DagBag from /home/m9d9v9/PycharmProjects/Airflow-2/Airflow-2/.venv/lib/python3.10/site-packages/airflow/example_dags/example_trigger_target_dag.py
[2024-12-06T23:25:33.216-0600] {processor.py:925} INFO - DAG(s) 'example_trigger_target_dag' retrieved from /home/m9d9v9/PycharmProjects/Airflow-2/Airflow-2/.venv/lib/python3.10/site-packages/airflow/example_dags/example_trigger_target_dag.py
[2024-12-06T23:25:33.240-0600] {logging_mixin.py:190} INFO - [2024-12-06T23:25:33.240-0600] {dag.py:3239} INFO - Sync 1 DAGs
[2024-12-06T23:25:33.248-0600] {logging_mixin.py:190} INFO - [2024-12-06T23:25:33.248-0600] {dag.py:4180} INFO - Setting next_dagrun for example_trigger_target_dag to None, run_after=None
[2024-12-06T23:25:33.261-0600] {processor.py:208} INFO - Processing /home/m9d9v9/PycharmProjects/Airflow-2/Airflow-2/.venv/lib/python3.10/site-packages/airflow/example_dags/example_trigger_target_dag.py took 0.078 seconds
[2024-12-06T23:26:31.040-0600] {processor.py:186} INFO - Started process (PID=17411) to work on /home/m9d9v9/PycharmProjects/Airflow-2/Airflow-2/.venv/lib/python3.10/site-packages/airflow/example_dags/example_trigger_target_dag.py
[2024-12-06T23:26:31.046-0600] {processor.py:914} INFO - Processing file /home/m9d9v9/PycharmProjects/Airflow-2/Airflow-2/.venv/lib/python3.10/site-packages/airflow/example_dags/example_trigger_target_dag.py for tasks to queue
[2024-12-06T23:26:31.048-0600] {logging_mixin.py:190} INFO - [2024-12-06T23:26:31.047-0600] {dagbag.py:588} INFO - Filling up the DagBag from /home/m9d9v9/PycharmProjects/Airflow-2/Airflow-2/.venv/lib/python3.10/site-packages/airflow/example_dags/example_trigger_target_dag.py
[2024-12-06T23:26:31.060-0600] {processor.py:925} INFO - DAG(s) 'example_trigger_target_dag' retrieved from /home/m9d9v9/PycharmProjects/Airflow-2/Airflow-2/.venv/lib/python3.10/site-packages/airflow/example_dags/example_trigger_target_dag.py
[2024-12-06T23:26:31.087-0600] {logging_mixin.py:190} INFO - [2024-12-06T23:26:31.087-0600] {dag.py:3239} INFO - Sync 1 DAGs
[2024-12-06T23:26:31.099-0600] {logging_mixin.py:190} INFO - [2024-12-06T23:26:31.099-0600] {dag.py:4180} INFO - Setting next_dagrun for example_trigger_target_dag to None, run_after=None
[2024-12-06T23:26:31.110-0600] {processor.py:208} INFO - Processing /home/m9d9v9/PycharmProjects/Airflow-2/Airflow-2/.venv/lib/python3.10/site-packages/airflow/example_dags/example_trigger_target_dag.py took 0.077 seconds
[2024-12-06T23:27:28.104-0600] {processor.py:186} INFO - Started process (PID=17483) to work on /home/m9d9v9/PycharmProjects/Airflow-2/Airflow-2/.venv/lib/python3.10/site-packages/airflow/example_dags/example_trigger_target_dag.py
[2024-12-06T23:27:28.111-0600] {processor.py:914} INFO - Processing file /home/m9d9v9/PycharmProjects/Airflow-2/Airflow-2/.venv/lib/python3.10/site-packages/airflow/example_dags/example_trigger_target_dag.py for tasks to queue
[2024-12-06T23:27:28.113-0600] {logging_mixin.py:190} INFO - [2024-12-06T23:27:28.112-0600] {dagbag.py:588} INFO - Filling up the DagBag from /home/m9d9v9/PycharmProjects/Airflow-2/Airflow-2/.venv/lib/python3.10/site-packages/airflow/example_dags/example_trigger_target_dag.py
[2024-12-06T23:27:28.129-0600] {processor.py:925} INFO - DAG(s) 'example_trigger_target_dag' retrieved from /home/m9d9v9/PycharmProjects/Airflow-2/Airflow-2/.venv/lib/python3.10/site-packages/airflow/example_dags/example_trigger_target_dag.py
[2024-12-06T23:27:28.152-0600] {logging_mixin.py:190} INFO - [2024-12-06T23:27:28.152-0600] {dag.py:3239} INFO - Sync 1 DAGs
[2024-12-06T23:27:28.159-0600] {logging_mixin.py:190} INFO - [2024-12-06T23:27:28.159-0600] {dag.py:4180} INFO - Setting next_dagrun for example_trigger_target_dag to None, run_after=None
[2024-12-06T23:27:28.172-0600] {processor.py:208} INFO - Processing /home/m9d9v9/PycharmProjects/Airflow-2/Airflow-2/.venv/lib/python3.10/site-packages/airflow/example_dags/example_trigger_target_dag.py took 0.079 seconds
[2024-12-06T23:28:26.220-0600] {processor.py:186} INFO - Started process (PID=17584) to work on /home/m9d9v9/PycharmProjects/Airflow-2/Airflow-2/.venv/lib/python3.10/site-packages/airflow/example_dags/example_trigger_target_dag.py
[2024-12-06T23:28:26.227-0600] {processor.py:914} INFO - Processing file /home/m9d9v9/PycharmProjects/Airflow-2/Airflow-2/.venv/lib/python3.10/site-packages/airflow/example_dags/example_trigger_target_dag.py for tasks to queue
[2024-12-06T23:28:26.230-0600] {logging_mixin.py:190} INFO - [2024-12-06T23:28:26.229-0600] {dagbag.py:588} INFO - Filling up the DagBag from /home/m9d9v9/PycharmProjects/Airflow-2/Airflow-2/.venv/lib/python3.10/site-packages/airflow/example_dags/example_trigger_target_dag.py
[2024-12-06T23:28:26.245-0600] {processor.py:925} INFO - DAG(s) 'example_trigger_target_dag' retrieved from /home/m9d9v9/PycharmProjects/Airflow-2/Airflow-2/.venv/lib/python3.10/site-packages/airflow/example_dags/example_trigger_target_dag.py
[2024-12-06T23:28:26.259-0600] {logging_mixin.py:190} INFO - [2024-12-06T23:28:26.259-0600] {dag.py:3239} INFO - Sync 1 DAGs
[2024-12-06T23:28:26.268-0600] {logging_mixin.py:190} INFO - [2024-12-06T23:28:26.268-0600] {dag.py:4180} INFO - Setting next_dagrun for example_trigger_target_dag to None, run_after=None
[2024-12-06T23:28:26.280-0600] {processor.py:208} INFO - Processing /home/m9d9v9/PycharmProjects/Airflow-2/Airflow-2/.venv/lib/python3.10/site-packages/airflow/example_dags/example_trigger_target_dag.py took 0.072 seconds
[2024-12-06T23:29:23.026-0600] {processor.py:186} INFO - Started process (PID=17729) to work on /home/m9d9v9/PycharmProjects/Airflow-2/Airflow-2/.venv/lib/python3.10/site-packages/airflow/example_dags/example_trigger_target_dag.py
[2024-12-06T23:29:23.033-0600] {processor.py:914} INFO - Processing file /home/m9d9v9/PycharmProjects/Airflow-2/Airflow-2/.venv/lib/python3.10/site-packages/airflow/example_dags/example_trigger_target_dag.py for tasks to queue
[2024-12-06T23:29:23.035-0600] {logging_mixin.py:190} INFO - [2024-12-06T23:29:23.034-0600] {dagbag.py:588} INFO - Filling up the DagBag from /home/m9d9v9/PycharmProjects/Airflow-2/Airflow-2/.venv/lib/python3.10/site-packages/airflow/example_dags/example_trigger_target_dag.py
[2024-12-06T23:29:23.040-0600] {processor.py:925} INFO - DAG(s) 'example_trigger_target_dag' retrieved from /home/m9d9v9/PycharmProjects/Airflow-2/Airflow-2/.venv/lib/python3.10/site-packages/airflow/example_dags/example_trigger_target_dag.py
[2024-12-06T23:29:23.050-0600] {logging_mixin.py:190} INFO - [2024-12-06T23:29:23.050-0600] {dag.py:3239} INFO - Sync 1 DAGs
[2024-12-06T23:29:23.059-0600] {logging_mixin.py:190} INFO - [2024-12-06T23:29:23.059-0600] {dag.py:4180} INFO - Setting next_dagrun for example_trigger_target_dag to None, run_after=None
[2024-12-06T23:29:23.071-0600] {processor.py:208} INFO - Processing /home/m9d9v9/PycharmProjects/Airflow-2/Airflow-2/.venv/lib/python3.10/site-packages/airflow/example_dags/example_trigger_target_dag.py took 0.052 seconds
[2024-12-06T23:30:19.509-0600] {processor.py:186} INFO - Started process (PID=17819) to work on /home/m9d9v9/PycharmProjects/Airflow-2/Airflow-2/.venv/lib/python3.10/site-packages/airflow/example_dags/example_trigger_target_dag.py
[2024-12-06T23:30:19.516-0600] {processor.py:914} INFO - Processing file /home/m9d9v9/PycharmProjects/Airflow-2/Airflow-2/.venv/lib/python3.10/site-packages/airflow/example_dags/example_trigger_target_dag.py for tasks to queue
[2024-12-06T23:30:19.519-0600] {logging_mixin.py:190} INFO - [2024-12-06T23:30:19.518-0600] {dagbag.py:588} INFO - Filling up the DagBag from /home/m9d9v9/PycharmProjects/Airflow-2/Airflow-2/.venv/lib/python3.10/site-packages/airflow/example_dags/example_trigger_target_dag.py
[2024-12-06T23:30:19.534-0600] {processor.py:925} INFO - DAG(s) 'example_trigger_target_dag' retrieved from /home/m9d9v9/PycharmProjects/Airflow-2/Airflow-2/.venv/lib/python3.10/site-packages/airflow/example_dags/example_trigger_target_dag.py
[2024-12-06T23:30:19.558-0600] {logging_mixin.py:190} INFO - [2024-12-06T23:30:19.558-0600] {dag.py:3239} INFO - Sync 1 DAGs
[2024-12-06T23:30:19.566-0600] {logging_mixin.py:190} INFO - [2024-12-06T23:30:19.565-0600] {dag.py:4180} INFO - Setting next_dagrun for example_trigger_target_dag to None, run_after=None
[2024-12-06T23:30:19.577-0600] {processor.py:208} INFO - Processing /home/m9d9v9/PycharmProjects/Airflow-2/Airflow-2/.venv/lib/python3.10/site-packages/airflow/example_dags/example_trigger_target_dag.py took 0.079 seconds
[2024-12-06T23:31:15.650-0600] {processor.py:186} INFO - Started process (PID=17922) to work on /home/m9d9v9/PycharmProjects/Airflow-2/Airflow-2/.venv/lib/python3.10/site-packages/airflow/example_dags/example_trigger_target_dag.py
[2024-12-06T23:31:15.656-0600] {processor.py:914} INFO - Processing file /home/m9d9v9/PycharmProjects/Airflow-2/Airflow-2/.venv/lib/python3.10/site-packages/airflow/example_dags/example_trigger_target_dag.py for tasks to queue
[2024-12-06T23:31:15.658-0600] {logging_mixin.py:190} INFO - [2024-12-06T23:31:15.657-0600] {dagbag.py:588} INFO - Filling up the DagBag from /home/m9d9v9/PycharmProjects/Airflow-2/Airflow-2/.venv/lib/python3.10/site-packages/airflow/example_dags/example_trigger_target_dag.py
[2024-12-06T23:31:15.673-0600] {processor.py:925} INFO - DAG(s) 'example_trigger_target_dag' retrieved from /home/m9d9v9/PycharmProjects/Airflow-2/Airflow-2/.venv/lib/python3.10/site-packages/airflow/example_dags/example_trigger_target_dag.py
[2024-12-06T23:31:15.698-0600] {logging_mixin.py:190} INFO - [2024-12-06T23:31:15.698-0600] {dag.py:3239} INFO - Sync 1 DAGs
[2024-12-06T23:31:15.705-0600] {logging_mixin.py:190} INFO - [2024-12-06T23:31:15.705-0600] {dag.py:4180} INFO - Setting next_dagrun for example_trigger_target_dag to None, run_after=None
[2024-12-06T23:31:15.717-0600] {processor.py:208} INFO - Processing /home/m9d9v9/PycharmProjects/Airflow-2/Airflow-2/.venv/lib/python3.10/site-packages/airflow/example_dags/example_trigger_target_dag.py took 0.079 seconds
[2024-12-06T23:32:13.993-0600] {processor.py:186} INFO - Started process (PID=18026) to work on /home/m9d9v9/PycharmProjects/Airflow-2/Airflow-2/.venv/lib/python3.10/site-packages/airflow/example_dags/example_trigger_target_dag.py
[2024-12-06T23:32:13.994-0600] {processor.py:914} INFO - Processing file /home/m9d9v9/PycharmProjects/Airflow-2/Airflow-2/.venv/lib/python3.10/site-packages/airflow/example_dags/example_trigger_target_dag.py for tasks to queue
[2024-12-06T23:32:13.995-0600] {logging_mixin.py:190} INFO - [2024-12-06T23:32:13.994-0600] {dagbag.py:588} INFO - Filling up the DagBag from /home/m9d9v9/PycharmProjects/Airflow-2/Airflow-2/.venv/lib/python3.10/site-packages/airflow/example_dags/example_trigger_target_dag.py
[2024-12-06T23:32:14.007-0600] {processor.py:925} INFO - DAG(s) 'example_trigger_target_dag' retrieved from /home/m9d9v9/PycharmProjects/Airflow-2/Airflow-2/.venv/lib/python3.10/site-packages/airflow/example_dags/example_trigger_target_dag.py
[2024-12-06T23:32:14.029-0600] {logging_mixin.py:190} INFO - [2024-12-06T23:32:14.029-0600] {dag.py:3239} INFO - Sync 1 DAGs
[2024-12-06T23:32:14.042-0600] {logging_mixin.py:190} INFO - [2024-12-06T23:32:14.042-0600] {dag.py:4180} INFO - Setting next_dagrun for example_trigger_target_dag to None, run_after=None
[2024-12-06T23:32:14.052-0600] {processor.py:208} INFO - Processing /home/m9d9v9/PycharmProjects/Airflow-2/Airflow-2/.venv/lib/python3.10/site-packages/airflow/example_dags/example_trigger_target_dag.py took 0.065 seconds
[2024-12-06T23:33:10.742-0600] {processor.py:186} INFO - Started process (PID=18101) to work on /home/m9d9v9/PycharmProjects/Airflow-2/Airflow-2/.venv/lib/python3.10/site-packages/airflow/example_dags/example_trigger_target_dag.py
[2024-12-06T23:33:10.748-0600] {processor.py:914} INFO - Processing file /home/m9d9v9/PycharmProjects/Airflow-2/Airflow-2/.venv/lib/python3.10/site-packages/airflow/example_dags/example_trigger_target_dag.py for tasks to queue
[2024-12-06T23:33:10.749-0600] {logging_mixin.py:190} INFO - [2024-12-06T23:33:10.749-0600] {dagbag.py:588} INFO - Filling up the DagBag from /home/m9d9v9/PycharmProjects/Airflow-2/Airflow-2/.venv/lib/python3.10/site-packages/airflow/example_dags/example_trigger_target_dag.py
[2024-12-06T23:33:10.754-0600] {processor.py:925} INFO - DAG(s) 'example_trigger_target_dag' retrieved from /home/m9d9v9/PycharmProjects/Airflow-2/Airflow-2/.venv/lib/python3.10/site-packages/airflow/example_dags/example_trigger_target_dag.py
[2024-12-06T23:33:10.763-0600] {logging_mixin.py:190} INFO - [2024-12-06T23:33:10.763-0600] {dag.py:3239} INFO - Sync 1 DAGs
[2024-12-06T23:33:10.770-0600] {logging_mixin.py:190} INFO - [2024-12-06T23:33:10.770-0600] {dag.py:4180} INFO - Setting next_dagrun for example_trigger_target_dag to None, run_after=None
[2024-12-06T23:33:10.877-0600] {processor.py:208} INFO - Processing /home/m9d9v9/PycharmProjects/Airflow-2/Airflow-2/.venv/lib/python3.10/site-packages/airflow/example_dags/example_trigger_target_dag.py took 0.138 seconds
[2024-12-06T23:34:07.888-0600] {processor.py:186} INFO - Started process (PID=18172) to work on /home/m9d9v9/PycharmProjects/Airflow-2/Airflow-2/.venv/lib/python3.10/site-packages/airflow/example_dags/example_trigger_target_dag.py
[2024-12-06T23:34:07.895-0600] {processor.py:914} INFO - Processing file /home/m9d9v9/PycharmProjects/Airflow-2/Airflow-2/.venv/lib/python3.10/site-packages/airflow/example_dags/example_trigger_target_dag.py for tasks to queue
[2024-12-06T23:34:07.897-0600] {logging_mixin.py:190} INFO - [2024-12-06T23:34:07.896-0600] {dagbag.py:588} INFO - Filling up the DagBag from /home/m9d9v9/PycharmProjects/Airflow-2/Airflow-2/.venv/lib/python3.10/site-packages/airflow/example_dags/example_trigger_target_dag.py
[2024-12-06T23:34:07.912-0600] {processor.py:925} INFO - DAG(s) 'example_trigger_target_dag' retrieved from /home/m9d9v9/PycharmProjects/Airflow-2/Airflow-2/.venv/lib/python3.10/site-packages/airflow/example_dags/example_trigger_target_dag.py
[2024-12-06T23:34:07.935-0600] {logging_mixin.py:190} INFO - [2024-12-06T23:34:07.934-0600] {dag.py:3239} INFO - Sync 1 DAGs
[2024-12-06T23:34:07.942-0600] {logging_mixin.py:190} INFO - [2024-12-06T23:34:07.942-0600] {dag.py:4180} INFO - Setting next_dagrun for example_trigger_target_dag to None, run_after=None
[2024-12-06T23:34:07.955-0600] {processor.py:208} INFO - Processing /home/m9d9v9/PycharmProjects/Airflow-2/Airflow-2/.venv/lib/python3.10/site-packages/airflow/example_dags/example_trigger_target_dag.py took 0.078 seconds
[2024-12-06T23:35:07.710-0600] {processor.py:186} INFO - Started process (PID=18302) to work on /home/m9d9v9/PycharmProjects/Airflow-2/Airflow-2/.venv/lib/python3.10/site-packages/airflow/example_dags/example_trigger_target_dag.py
[2024-12-06T23:35:07.716-0600] {processor.py:914} INFO - Processing file /home/m9d9v9/PycharmProjects/Airflow-2/Airflow-2/.venv/lib/python3.10/site-packages/airflow/example_dags/example_trigger_target_dag.py for tasks to queue
[2024-12-06T23:35:07.717-0600] {logging_mixin.py:190} INFO - [2024-12-06T23:35:07.717-0600] {dagbag.py:588} INFO - Filling up the DagBag from /home/m9d9v9/PycharmProjects/Airflow-2/Airflow-2/.venv/lib/python3.10/site-packages/airflow/example_dags/example_trigger_target_dag.py
[2024-12-06T23:35:07.733-0600] {processor.py:925} INFO - DAG(s) 'example_trigger_target_dag' retrieved from /home/m9d9v9/PycharmProjects/Airflow-2/Airflow-2/.venv/lib/python3.10/site-packages/airflow/example_dags/example_trigger_target_dag.py
[2024-12-06T23:35:07.759-0600] {logging_mixin.py:190} INFO - [2024-12-06T23:35:07.759-0600] {dag.py:3239} INFO - Sync 1 DAGs
[2024-12-06T23:35:07.767-0600] {logging_mixin.py:190} INFO - [2024-12-06T23:35:07.766-0600] {dag.py:4180} INFO - Setting next_dagrun for example_trigger_target_dag to None, run_after=None
[2024-12-06T23:35:07.778-0600] {processor.py:208} INFO - Processing /home/m9d9v9/PycharmProjects/Airflow-2/Airflow-2/.venv/lib/python3.10/site-packages/airflow/example_dags/example_trigger_target_dag.py took 0.079 seconds
[2024-12-06T23:36:11.438-0600] {processor.py:186} INFO - Started process (PID=18378) to work on /home/m9d9v9/PycharmProjects/Airflow-2/Airflow-2/.venv/lib/python3.10/site-packages/airflow/example_dags/example_trigger_target_dag.py
[2024-12-06T23:36:11.445-0600] {processor.py:914} INFO - Processing file /home/m9d9v9/PycharmProjects/Airflow-2/Airflow-2/.venv/lib/python3.10/site-packages/airflow/example_dags/example_trigger_target_dag.py for tasks to queue
[2024-12-06T23:36:11.447-0600] {logging_mixin.py:190} INFO - [2024-12-06T23:36:11.446-0600] {dagbag.py:588} INFO - Filling up the DagBag from /home/m9d9v9/PycharmProjects/Airflow-2/Airflow-2/.venv/lib/python3.10/site-packages/airflow/example_dags/example_trigger_target_dag.py
[2024-12-06T23:36:11.463-0600] {processor.py:925} INFO - DAG(s) 'example_trigger_target_dag' retrieved from /home/m9d9v9/PycharmProjects/Airflow-2/Airflow-2/.venv/lib/python3.10/site-packages/airflow/example_dags/example_trigger_target_dag.py
[2024-12-06T23:36:11.578-0600] {logging_mixin.py:190} INFO - [2024-12-06T23:36:11.577-0600] {dag.py:3239} INFO - Sync 1 DAGs
[2024-12-06T23:36:11.583-0600] {logging_mixin.py:190} INFO - [2024-12-06T23:36:11.583-0600] {dag.py:4180} INFO - Setting next_dagrun for example_trigger_target_dag to None, run_after=None
[2024-12-06T23:36:11.593-0600] {processor.py:208} INFO - Processing /home/m9d9v9/PycharmProjects/Airflow-2/Airflow-2/.venv/lib/python3.10/site-packages/airflow/example_dags/example_trigger_target_dag.py took 0.167 seconds
[2024-12-06T23:37:12.872-0600] {processor.py:186} INFO - Started process (PID=18613) to work on /home/m9d9v9/PycharmProjects/Airflow-2/Airflow-2/.venv/lib/python3.10/site-packages/airflow/example_dags/example_trigger_target_dag.py
[2024-12-06T23:37:12.878-0600] {processor.py:914} INFO - Processing file /home/m9d9v9/PycharmProjects/Airflow-2/Airflow-2/.venv/lib/python3.10/site-packages/airflow/example_dags/example_trigger_target_dag.py for tasks to queue
[2024-12-06T23:37:12.879-0600] {logging_mixin.py:190} INFO - [2024-12-06T23:37:12.879-0600] {dagbag.py:588} INFO - Filling up the DagBag from /home/m9d9v9/PycharmProjects/Airflow-2/Airflow-2/.venv/lib/python3.10/site-packages/airflow/example_dags/example_trigger_target_dag.py
[2024-12-06T23:37:12.890-0600] {processor.py:925} INFO - DAG(s) 'example_trigger_target_dag' retrieved from /home/m9d9v9/PycharmProjects/Airflow-2/Airflow-2/.venv/lib/python3.10/site-packages/airflow/example_dags/example_trigger_target_dag.py
[2024-12-06T23:37:12.917-0600] {logging_mixin.py:190} INFO - [2024-12-06T23:37:12.916-0600] {dag.py:3239} INFO - Sync 1 DAGs
[2024-12-06T23:37:13.022-0600] {logging_mixin.py:190} INFO - [2024-12-06T23:37:13.022-0600] {dag.py:4180} INFO - Setting next_dagrun for example_trigger_target_dag to None, run_after=None
[2024-12-06T23:37:13.038-0600] {processor.py:208} INFO - Processing /home/m9d9v9/PycharmProjects/Airflow-2/Airflow-2/.venv/lib/python3.10/site-packages/airflow/example_dags/example_trigger_target_dag.py took 0.169 seconds
[2024-12-06T23:38:13.305-0600] {processor.py:186} INFO - Started process (PID=18784) to work on /home/m9d9v9/PycharmProjects/Airflow-2/Airflow-2/.venv/lib/python3.10/site-packages/airflow/example_dags/example_trigger_target_dag.py
[2024-12-06T23:38:13.312-0600] {processor.py:914} INFO - Processing file /home/m9d9v9/PycharmProjects/Airflow-2/Airflow-2/.venv/lib/python3.10/site-packages/airflow/example_dags/example_trigger_target_dag.py for tasks to queue
[2024-12-06T23:38:13.314-0600] {logging_mixin.py:190} INFO - [2024-12-06T23:38:13.314-0600] {dagbag.py:588} INFO - Filling up the DagBag from /home/m9d9v9/PycharmProjects/Airflow-2/Airflow-2/.venv/lib/python3.10/site-packages/airflow/example_dags/example_trigger_target_dag.py
[2024-12-06T23:38:13.319-0600] {processor.py:925} INFO - DAG(s) 'example_trigger_target_dag' retrieved from /home/m9d9v9/PycharmProjects/Airflow-2/Airflow-2/.venv/lib/python3.10/site-packages/airflow/example_dags/example_trigger_target_dag.py
[2024-12-06T23:38:13.328-0600] {logging_mixin.py:190} INFO - [2024-12-06T23:38:13.328-0600] {dag.py:3239} INFO - Sync 1 DAGs
[2024-12-06T23:38:13.336-0600] {logging_mixin.py:190} INFO - [2024-12-06T23:38:13.336-0600] {dag.py:4180} INFO - Setting next_dagrun for example_trigger_target_dag to None, run_after=None
[2024-12-06T23:38:13.348-0600] {processor.py:208} INFO - Processing /home/m9d9v9/PycharmProjects/Airflow-2/Airflow-2/.venv/lib/python3.10/site-packages/airflow/example_dags/example_trigger_target_dag.py took 0.055 seconds
[2024-12-06T23:39:18.943-0600] {processor.py:186} INFO - Started process (PID=18963) to work on /home/m9d9v9/PycharmProjects/Airflow-2/Airflow-2/.venv/lib/python3.10/site-packages/airflow/example_dags/example_trigger_target_dag.py
[2024-12-06T23:39:18.949-0600] {processor.py:914} INFO - Processing file /home/m9d9v9/PycharmProjects/Airflow-2/Airflow-2/.venv/lib/python3.10/site-packages/airflow/example_dags/example_trigger_target_dag.py for tasks to queue
[2024-12-06T23:39:18.950-0600] {logging_mixin.py:190} INFO - [2024-12-06T23:39:18.950-0600] {dagbag.py:588} INFO - Filling up the DagBag from /home/m9d9v9/PycharmProjects/Airflow-2/Airflow-2/.venv/lib/python3.10/site-packages/airflow/example_dags/example_trigger_target_dag.py
[2024-12-06T23:39:18.959-0600] {processor.py:925} INFO - DAG(s) 'example_trigger_target_dag' retrieved from /home/m9d9v9/PycharmProjects/Airflow-2/Airflow-2/.venv/lib/python3.10/site-packages/airflow/example_dags/example_trigger_target_dag.py
[2024-12-06T23:39:18.981-0600] {logging_mixin.py:190} INFO - [2024-12-06T23:39:18.981-0600] {dag.py:3239} INFO - Sync 1 DAGs
[2024-12-06T23:39:19.000-0600] {logging_mixin.py:190} INFO - [2024-12-06T23:39:19.000-0600] {dag.py:4180} INFO - Setting next_dagrun for example_trigger_target_dag to None, run_after=None
[2024-12-06T23:39:19.011-0600] {processor.py:208} INFO - Processing /home/m9d9v9/PycharmProjects/Airflow-2/Airflow-2/.venv/lib/python3.10/site-packages/airflow/example_dags/example_trigger_target_dag.py took 0.071 seconds
[2024-12-06T23:40:17.055-0600] {processor.py:186} INFO - Started process (PID=19224) to work on /home/m9d9v9/PycharmProjects/Airflow-2/Airflow-2/.venv/lib/python3.10/site-packages/airflow/example_dags/example_trigger_target_dag.py
[2024-12-06T23:40:17.056-0600] {processor.py:914} INFO - Processing file /home/m9d9v9/PycharmProjects/Airflow-2/Airflow-2/.venv/lib/python3.10/site-packages/airflow/example_dags/example_trigger_target_dag.py for tasks to queue
[2024-12-06T23:40:17.058-0600] {logging_mixin.py:190} INFO - [2024-12-06T23:40:17.057-0600] {dagbag.py:588} INFO - Filling up the DagBag from /home/m9d9v9/PycharmProjects/Airflow-2/Airflow-2/.venv/lib/python3.10/site-packages/airflow/example_dags/example_trigger_target_dag.py
[2024-12-06T23:40:17.067-0600] {processor.py:925} INFO - DAG(s) 'example_trigger_target_dag' retrieved from /home/m9d9v9/PycharmProjects/Airflow-2/Airflow-2/.venv/lib/python3.10/site-packages/airflow/example_dags/example_trigger_target_dag.py
[2024-12-06T23:40:17.085-0600] {logging_mixin.py:190} INFO - [2024-12-06T23:40:17.085-0600] {dag.py:3239} INFO - Sync 1 DAGs
[2024-12-06T23:40:17.098-0600] {logging_mixin.py:190} INFO - [2024-12-06T23:40:17.098-0600] {dag.py:4180} INFO - Setting next_dagrun for example_trigger_target_dag to None, run_after=None
[2024-12-06T23:40:17.111-0600] {processor.py:208} INFO - Processing /home/m9d9v9/PycharmProjects/Airflow-2/Airflow-2/.venv/lib/python3.10/site-packages/airflow/example_dags/example_trigger_target_dag.py took 0.063 seconds
[2024-12-06T23:41:12.722-0600] {processor.py:186} INFO - Started process (PID=19318) to work on /home/m9d9v9/PycharmProjects/Airflow-2/Airflow-2/.venv/lib/python3.10/site-packages/airflow/example_dags/example_trigger_target_dag.py
[2024-12-06T23:41:12.728-0600] {processor.py:914} INFO - Processing file /home/m9d9v9/PycharmProjects/Airflow-2/Airflow-2/.venv/lib/python3.10/site-packages/airflow/example_dags/example_trigger_target_dag.py for tasks to queue
[2024-12-06T23:41:12.729-0600] {logging_mixin.py:190} INFO - [2024-12-06T23:41:12.729-0600] {dagbag.py:588} INFO - Filling up the DagBag from /home/m9d9v9/PycharmProjects/Airflow-2/Airflow-2/.venv/lib/python3.10/site-packages/airflow/example_dags/example_trigger_target_dag.py
[2024-12-06T23:41:12.736-0600] {processor.py:925} INFO - DAG(s) 'example_trigger_target_dag' retrieved from /home/m9d9v9/PycharmProjects/Airflow-2/Airflow-2/.venv/lib/python3.10/site-packages/airflow/example_dags/example_trigger_target_dag.py
[2024-12-06T23:41:12.747-0600] {logging_mixin.py:190} INFO - [2024-12-06T23:41:12.746-0600] {dag.py:3239} INFO - Sync 1 DAGs
[2024-12-06T23:41:12.755-0600] {logging_mixin.py:190} INFO - [2024-12-06T23:41:12.755-0600] {dag.py:4180} INFO - Setting next_dagrun for example_trigger_target_dag to None, run_after=None
[2024-12-06T23:41:12.769-0600] {processor.py:208} INFO - Processing /home/m9d9v9/PycharmProjects/Airflow-2/Airflow-2/.venv/lib/python3.10/site-packages/airflow/example_dags/example_trigger_target_dag.py took 0.052 seconds
