[2024-12-06T22:18:42.353-0600] {processor.py:186} INFO - Started process (PID=12479) to work on /home/m9d9v9/PycharmProjects/Airflow-2/Airflow-2/.venv/lib/python3.10/site-packages/airflow/example_dags/example_dynamic_task_mapping.py
[2024-12-06T22:18:42.354-0600] {processor.py:914} INFO - Processing file /home/m9d9v9/PycharmProjects/Airflow-2/Airflow-2/.venv/lib/python3.10/site-packages/airflow/example_dags/example_dynamic_task_mapping.py for tasks to queue
[2024-12-06T22:18:42.358-0600] {logging_mixin.py:190} INFO - [2024-12-06T22:18:42.357-0600] {dagbag.py:588} INFO - Filling up the DagBag from /home/m9d9v9/PycharmProjects/Airflow-2/Airflow-2/.venv/lib/python3.10/site-packages/airflow/example_dags/example_dynamic_task_mapping.py
[2024-12-06T22:18:42.372-0600] {processor.py:925} INFO - DAG(s) 'example_dynamic_task_mapping' retrieved from /home/m9d9v9/PycharmProjects/Airflow-2/Airflow-2/.venv/lib/python3.10/site-packages/airflow/example_dags/example_dynamic_task_mapping.py
[2024-12-06T22:18:42.461-0600] {logging_mixin.py:190} INFO - [2024-12-06T22:18:42.461-0600] {override.py:1911} INFO - Created Permission View: can edit on DAG:example_dynamic_task_mapping
[2024-12-06T22:18:42.468-0600] {logging_mixin.py:190} INFO - [2024-12-06T22:18:42.468-0600] {override.py:1911} INFO - Created Permission View: can read on DAG:example_dynamic_task_mapping
[2024-12-06T22:18:42.473-0600] {logging_mixin.py:190} INFO - [2024-12-06T22:18:42.473-0600] {override.py:1911} INFO - Created Permission View: can delete on DAG:example_dynamic_task_mapping
[2024-12-06T22:18:42.479-0600] {logging_mixin.py:190} INFO - [2024-12-06T22:18:42.479-0600] {override.py:1911} INFO - Created Permission View: menu access on DAG Run:example_dynamic_task_mapping
[2024-12-06T22:18:42.484-0600] {logging_mixin.py:190} INFO - [2024-12-06T22:18:42.484-0600] {override.py:1911} INFO - Created Permission View: can create on DAG Run:example_dynamic_task_mapping
[2024-12-06T22:18:42.488-0600] {logging_mixin.py:190} INFO - [2024-12-06T22:18:42.488-0600] {override.py:1911} INFO - Created Permission View: can read on DAG Run:example_dynamic_task_mapping
[2024-12-06T22:18:42.492-0600] {logging_mixin.py:190} INFO - [2024-12-06T22:18:42.492-0600] {override.py:1911} INFO - Created Permission View: can delete on DAG Run:example_dynamic_task_mapping
[2024-12-06T22:18:42.493-0600] {logging_mixin.py:190} INFO - [2024-12-06T22:18:42.492-0600] {dag.py:3239} INFO - Sync 1 DAGs
[2024-12-06T22:18:42.500-0600] {logging_mixin.py:190} INFO - [2024-12-06T22:18:42.500-0600] {dag.py:3262} INFO - Creating ORM DAG for example_dynamic_task_mapping
[2024-12-06T22:18:42.500-0600] {logging_mixin.py:190} INFO - [2024-12-06T22:18:42.500-0600] {dag.py:4180} INFO - Setting next_dagrun for example_dynamic_task_mapping to None, run_after=None
[2024-12-06T22:18:42.512-0600] {processor.py:208} INFO - Processing /home/m9d9v9/PycharmProjects/Airflow-2/Airflow-2/.venv/lib/python3.10/site-packages/airflow/example_dags/example_dynamic_task_mapping.py took 0.168 seconds
[2024-12-06T22:19:45.783-0600] {processor.py:186} INFO - Started process (PID=12590) to work on /home/m9d9v9/PycharmProjects/Airflow-2/Airflow-2/.venv/lib/python3.10/site-packages/airflow/example_dags/example_dynamic_task_mapping.py
[2024-12-06T22:19:45.785-0600] {processor.py:914} INFO - Processing file /home/m9d9v9/PycharmProjects/Airflow-2/Airflow-2/.venv/lib/python3.10/site-packages/airflow/example_dags/example_dynamic_task_mapping.py for tasks to queue
[2024-12-06T22:19:45.790-0600] {logging_mixin.py:190} INFO - [2024-12-06T22:19:45.789-0600] {dagbag.py:588} INFO - Filling up the DagBag from /home/m9d9v9/PycharmProjects/Airflow-2/Airflow-2/.venv/lib/python3.10/site-packages/airflow/example_dags/example_dynamic_task_mapping.py
[2024-12-06T22:19:45.802-0600] {processor.py:925} INFO - DAG(s) 'example_dynamic_task_mapping' retrieved from /home/m9d9v9/PycharmProjects/Airflow-2/Airflow-2/.venv/lib/python3.10/site-packages/airflow/example_dags/example_dynamic_task_mapping.py
[2024-12-06T22:19:45.825-0600] {logging_mixin.py:190} INFO - [2024-12-06T22:19:45.825-0600] {dag.py:3239} INFO - Sync 1 DAGs
[2024-12-06T22:19:45.836-0600] {logging_mixin.py:190} INFO - [2024-12-06T22:19:45.836-0600] {dag.py:4180} INFO - Setting next_dagrun for example_dynamic_task_mapping to None, run_after=None
[2024-12-06T22:19:45.855-0600] {processor.py:208} INFO - Processing /home/m9d9v9/PycharmProjects/Airflow-2/Airflow-2/.venv/lib/python3.10/site-packages/airflow/example_dags/example_dynamic_task_mapping.py took 0.081 seconds
[2024-12-06T22:20:39.776-0600] {processor.py:186} INFO - Started process (PID=12680) to work on /home/m9d9v9/PycharmProjects/Airflow-2/Airflow-2/.venv/lib/python3.10/site-packages/airflow/example_dags/example_dynamic_task_mapping.py
[2024-12-06T22:20:39.783-0600] {processor.py:914} INFO - Processing file /home/m9d9v9/PycharmProjects/Airflow-2/Airflow-2/.venv/lib/python3.10/site-packages/airflow/example_dags/example_dynamic_task_mapping.py for tasks to queue
[2024-12-06T22:20:39.788-0600] {logging_mixin.py:190} INFO - [2024-12-06T22:20:39.787-0600] {dagbag.py:588} INFO - Filling up the DagBag from /home/m9d9v9/PycharmProjects/Airflow-2/Airflow-2/.venv/lib/python3.10/site-packages/airflow/example_dags/example_dynamic_task_mapping.py
[2024-12-06T22:20:39.805-0600] {processor.py:925} INFO - DAG(s) 'example_dynamic_task_mapping' retrieved from /home/m9d9v9/PycharmProjects/Airflow-2/Airflow-2/.venv/lib/python3.10/site-packages/airflow/example_dags/example_dynamic_task_mapping.py
[2024-12-06T22:20:39.826-0600] {logging_mixin.py:190} INFO - [2024-12-06T22:20:39.826-0600] {dag.py:3239} INFO - Sync 1 DAGs
[2024-12-06T22:20:39.834-0600] {logging_mixin.py:190} INFO - [2024-12-06T22:20:39.834-0600] {dag.py:4180} INFO - Setting next_dagrun for example_dynamic_task_mapping to None, run_after=None
[2024-12-06T22:20:39.846-0600] {processor.py:208} INFO - Processing /home/m9d9v9/PycharmProjects/Airflow-2/Airflow-2/.venv/lib/python3.10/site-packages/airflow/example_dags/example_dynamic_task_mapping.py took 0.083 seconds
[2024-12-06T22:21:32.230-0600] {processor.py:186} INFO - Started process (PID=12747) to work on /home/m9d9v9/PycharmProjects/Airflow-2/Airflow-2/.venv/lib/python3.10/site-packages/airflow/example_dags/example_dynamic_task_mapping.py
[2024-12-06T22:21:32.236-0600] {processor.py:914} INFO - Processing file /home/m9d9v9/PycharmProjects/Airflow-2/Airflow-2/.venv/lib/python3.10/site-packages/airflow/example_dags/example_dynamic_task_mapping.py for tasks to queue
[2024-12-06T22:21:32.239-0600] {logging_mixin.py:190} INFO - [2024-12-06T22:21:32.239-0600] {dagbag.py:588} INFO - Filling up the DagBag from /home/m9d9v9/PycharmProjects/Airflow-2/Airflow-2/.venv/lib/python3.10/site-packages/airflow/example_dags/example_dynamic_task_mapping.py
[2024-12-06T22:21:32.246-0600] {processor.py:925} INFO - DAG(s) 'example_dynamic_task_mapping' retrieved from /home/m9d9v9/PycharmProjects/Airflow-2/Airflow-2/.venv/lib/python3.10/site-packages/airflow/example_dags/example_dynamic_task_mapping.py
[2024-12-06T22:21:32.257-0600] {logging_mixin.py:190} INFO - [2024-12-06T22:21:32.257-0600] {dag.py:3239} INFO - Sync 1 DAGs
[2024-12-06T22:21:32.265-0600] {logging_mixin.py:190} INFO - [2024-12-06T22:21:32.265-0600] {dag.py:4180} INFO - Setting next_dagrun for example_dynamic_task_mapping to None, run_after=None
[2024-12-06T22:21:32.277-0600] {processor.py:208} INFO - Processing /home/m9d9v9/PycharmProjects/Airflow-2/Airflow-2/.venv/lib/python3.10/site-packages/airflow/example_dags/example_dynamic_task_mapping.py took 0.052 seconds
[2024-12-06T22:22:29.074-0600] {processor.py:186} INFO - Started process (PID=12823) to work on /home/m9d9v9/PycharmProjects/Airflow-2/Airflow-2/.venv/lib/python3.10/site-packages/airflow/example_dags/example_dynamic_task_mapping.py
[2024-12-06T22:22:29.076-0600] {processor.py:914} INFO - Processing file /home/m9d9v9/PycharmProjects/Airflow-2/Airflow-2/.venv/lib/python3.10/site-packages/airflow/example_dags/example_dynamic_task_mapping.py for tasks to queue
[2024-12-06T22:22:29.080-0600] {logging_mixin.py:190} INFO - [2024-12-06T22:22:29.080-0600] {dagbag.py:588} INFO - Filling up the DagBag from /home/m9d9v9/PycharmProjects/Airflow-2/Airflow-2/.venv/lib/python3.10/site-packages/airflow/example_dags/example_dynamic_task_mapping.py
[2024-12-06T22:22:29.093-0600] {processor.py:925} INFO - DAG(s) 'example_dynamic_task_mapping' retrieved from /home/m9d9v9/PycharmProjects/Airflow-2/Airflow-2/.venv/lib/python3.10/site-packages/airflow/example_dags/example_dynamic_task_mapping.py
[2024-12-06T22:22:29.114-0600] {logging_mixin.py:190} INFO - [2024-12-06T22:22:29.114-0600] {dag.py:3239} INFO - Sync 1 DAGs
[2024-12-06T22:22:29.121-0600] {logging_mixin.py:190} INFO - [2024-12-06T22:22:29.121-0600] {dag.py:4180} INFO - Setting next_dagrun for example_dynamic_task_mapping to None, run_after=None
[2024-12-06T22:22:29.133-0600] {processor.py:208} INFO - Processing /home/m9d9v9/PycharmProjects/Airflow-2/Airflow-2/.venv/lib/python3.10/site-packages/airflow/example_dags/example_dynamic_task_mapping.py took 0.068 seconds
[2024-12-06T22:23:46.388-0600] {processor.py:186} INFO - Started process (PID=12979) to work on /home/m9d9v9/PycharmProjects/Airflow-2/Airflow-2/.venv/lib/python3.10/site-packages/airflow/example_dags/example_dynamic_task_mapping.py
[2024-12-06T22:23:46.392-0600] {processor.py:914} INFO - Processing file /home/m9d9v9/PycharmProjects/Airflow-2/Airflow-2/.venv/lib/python3.10/site-packages/airflow/example_dags/example_dynamic_task_mapping.py for tasks to queue
[2024-12-06T22:23:46.394-0600] {logging_mixin.py:190} INFO - [2024-12-06T22:23:46.393-0600] {dagbag.py:588} INFO - Filling up the DagBag from /home/m9d9v9/PycharmProjects/Airflow-2/Airflow-2/.venv/lib/python3.10/site-packages/airflow/example_dags/example_dynamic_task_mapping.py
[2024-12-06T22:23:46.404-0600] {processor.py:925} INFO - DAG(s) 'example_dynamic_task_mapping' retrieved from /home/m9d9v9/PycharmProjects/Airflow-2/Airflow-2/.venv/lib/python3.10/site-packages/airflow/example_dags/example_dynamic_task_mapping.py
[2024-12-06T22:23:46.422-0600] {logging_mixin.py:190} INFO - [2024-12-06T22:23:46.421-0600] {dag.py:3239} INFO - Sync 1 DAGs
[2024-12-06T22:23:46.436-0600] {logging_mixin.py:190} INFO - [2024-12-06T22:23:46.436-0600] {dag.py:4180} INFO - Setting next_dagrun for example_dynamic_task_mapping to None, run_after=None
[2024-12-06T22:23:46.450-0600] {processor.py:208} INFO - Processing /home/m9d9v9/PycharmProjects/Airflow-2/Airflow-2/.venv/lib/python3.10/site-packages/airflow/example_dags/example_dynamic_task_mapping.py took 0.070 seconds
[2024-12-06T22:24:40.024-0600] {processor.py:186} INFO - Started process (PID=13049) to work on /home/m9d9v9/PycharmProjects/Airflow-2/Airflow-2/.venv/lib/python3.10/site-packages/airflow/example_dags/example_dynamic_task_mapping.py
[2024-12-06T22:24:40.030-0600] {processor.py:914} INFO - Processing file /home/m9d9v9/PycharmProjects/Airflow-2/Airflow-2/.venv/lib/python3.10/site-packages/airflow/example_dags/example_dynamic_task_mapping.py for tasks to queue
[2024-12-06T22:24:40.032-0600] {logging_mixin.py:190} INFO - [2024-12-06T22:24:40.032-0600] {dagbag.py:588} INFO - Filling up the DagBag from /home/m9d9v9/PycharmProjects/Airflow-2/Airflow-2/.venv/lib/python3.10/site-packages/airflow/example_dags/example_dynamic_task_mapping.py
[2024-12-06T22:24:40.039-0600] {processor.py:925} INFO - DAG(s) 'example_dynamic_task_mapping' retrieved from /home/m9d9v9/PycharmProjects/Airflow-2/Airflow-2/.venv/lib/python3.10/site-packages/airflow/example_dags/example_dynamic_task_mapping.py
[2024-12-06T22:24:40.051-0600] {logging_mixin.py:190} INFO - [2024-12-06T22:24:40.051-0600] {dag.py:3239} INFO - Sync 1 DAGs
[2024-12-06T22:24:40.060-0600] {logging_mixin.py:190} INFO - [2024-12-06T22:24:40.060-0600] {dag.py:4180} INFO - Setting next_dagrun for example_dynamic_task_mapping to None, run_after=None
[2024-12-06T22:24:40.072-0600] {processor.py:208} INFO - Processing /home/m9d9v9/PycharmProjects/Airflow-2/Airflow-2/.venv/lib/python3.10/site-packages/airflow/example_dags/example_dynamic_task_mapping.py took 0.052 seconds
[2024-12-06T22:25:36.216-0600] {processor.py:186} INFO - Started process (PID=13134) to work on /home/m9d9v9/PycharmProjects/Airflow-2/Airflow-2/.venv/lib/python3.10/site-packages/airflow/example_dags/example_dynamic_task_mapping.py
[2024-12-06T22:25:36.223-0600] {processor.py:914} INFO - Processing file /home/m9d9v9/PycharmProjects/Airflow-2/Airflow-2/.venv/lib/python3.10/site-packages/airflow/example_dags/example_dynamic_task_mapping.py for tasks to queue
[2024-12-06T22:25:36.226-0600] {logging_mixin.py:190} INFO - [2024-12-06T22:25:36.225-0600] {dagbag.py:588} INFO - Filling up the DagBag from /home/m9d9v9/PycharmProjects/Airflow-2/Airflow-2/.venv/lib/python3.10/site-packages/airflow/example_dags/example_dynamic_task_mapping.py
[2024-12-06T22:25:36.243-0600] {processor.py:925} INFO - DAG(s) 'example_dynamic_task_mapping' retrieved from /home/m9d9v9/PycharmProjects/Airflow-2/Airflow-2/.venv/lib/python3.10/site-packages/airflow/example_dags/example_dynamic_task_mapping.py
[2024-12-06T22:25:36.265-0600] {logging_mixin.py:190} INFO - [2024-12-06T22:25:36.265-0600] {dag.py:3239} INFO - Sync 1 DAGs
[2024-12-06T22:25:36.273-0600] {logging_mixin.py:190} INFO - [2024-12-06T22:25:36.273-0600] {dag.py:4180} INFO - Setting next_dagrun for example_dynamic_task_mapping to None, run_after=None
[2024-12-06T22:25:36.285-0600] {processor.py:208} INFO - Processing /home/m9d9v9/PycharmProjects/Airflow-2/Airflow-2/.venv/lib/python3.10/site-packages/airflow/example_dags/example_dynamic_task_mapping.py took 0.082 seconds
[2024-12-06T22:26:33.331-0600] {processor.py:186} INFO - Started process (PID=13215) to work on /home/m9d9v9/PycharmProjects/Airflow-2/Airflow-2/.venv/lib/python3.10/site-packages/airflow/example_dags/example_dynamic_task_mapping.py
[2024-12-06T22:26:33.338-0600] {processor.py:914} INFO - Processing file /home/m9d9v9/PycharmProjects/Airflow-2/Airflow-2/.venv/lib/python3.10/site-packages/airflow/example_dags/example_dynamic_task_mapping.py for tasks to queue
[2024-12-06T22:26:33.340-0600] {logging_mixin.py:190} INFO - [2024-12-06T22:26:33.340-0600] {dagbag.py:588} INFO - Filling up the DagBag from /home/m9d9v9/PycharmProjects/Airflow-2/Airflow-2/.venv/lib/python3.10/site-packages/airflow/example_dags/example_dynamic_task_mapping.py
[2024-12-06T22:26:33.357-0600] {processor.py:925} INFO - DAG(s) 'example_dynamic_task_mapping' retrieved from /home/m9d9v9/PycharmProjects/Airflow-2/Airflow-2/.venv/lib/python3.10/site-packages/airflow/example_dags/example_dynamic_task_mapping.py
[2024-12-06T22:26:33.380-0600] {logging_mixin.py:190} INFO - [2024-12-06T22:26:33.380-0600] {dag.py:3239} INFO - Sync 1 DAGs
[2024-12-06T22:26:33.388-0600] {logging_mixin.py:190} INFO - [2024-12-06T22:26:33.388-0600] {dag.py:4180} INFO - Setting next_dagrun for example_dynamic_task_mapping to None, run_after=None
[2024-12-06T22:26:33.400-0600] {processor.py:208} INFO - Processing /home/m9d9v9/PycharmProjects/Airflow-2/Airflow-2/.venv/lib/python3.10/site-packages/airflow/example_dags/example_dynamic_task_mapping.py took 0.082 seconds
[2024-12-06T22:37:05.280-0600] {processor.py:186} INFO - Started process (PID=14583) to work on /home/m9d9v9/PycharmProjects/Airflow-2/Airflow-2/.venv/lib/python3.10/site-packages/airflow/example_dags/example_dynamic_task_mapping.py
[2024-12-06T22:37:05.286-0600] {processor.py:914} INFO - Processing file /home/m9d9v9/PycharmProjects/Airflow-2/Airflow-2/.venv/lib/python3.10/site-packages/airflow/example_dags/example_dynamic_task_mapping.py for tasks to queue
[2024-12-06T22:37:05.288-0600] {logging_mixin.py:190} INFO - [2024-12-06T22:37:05.288-0600] {dagbag.py:588} INFO - Filling up the DagBag from /home/m9d9v9/PycharmProjects/Airflow-2/Airflow-2/.venv/lib/python3.10/site-packages/airflow/example_dags/example_dynamic_task_mapping.py
[2024-12-06T22:37:05.297-0600] {processor.py:925} INFO - DAG(s) 'example_dynamic_task_mapping' retrieved from /home/m9d9v9/PycharmProjects/Airflow-2/Airflow-2/.venv/lib/python3.10/site-packages/airflow/example_dags/example_dynamic_task_mapping.py
[2024-12-06T22:37:05.328-0600] {logging_mixin.py:190} INFO - [2024-12-06T22:37:05.328-0600] {dag.py:3239} INFO - Sync 1 DAGs
[2024-12-06T22:37:05.341-0600] {logging_mixin.py:190} INFO - [2024-12-06T22:37:05.340-0600] {dag.py:4180} INFO - Setting next_dagrun for example_dynamic_task_mapping to None, run_after=None
[2024-12-06T22:37:05.360-0600] {processor.py:208} INFO - Processing /home/m9d9v9/PycharmProjects/Airflow-2/Airflow-2/.venv/lib/python3.10/site-packages/airflow/example_dags/example_dynamic_task_mapping.py took 0.088 seconds
[2024-12-06T22:38:03.329-0600] {processor.py:186} INFO - Started process (PID=14723) to work on /home/m9d9v9/PycharmProjects/Airflow-2/Airflow-2/.venv/lib/python3.10/site-packages/airflow/example_dags/example_dynamic_task_mapping.py
[2024-12-06T22:38:03.336-0600] {processor.py:914} INFO - Processing file /home/m9d9v9/PycharmProjects/Airflow-2/Airflow-2/.venv/lib/python3.10/site-packages/airflow/example_dags/example_dynamic_task_mapping.py for tasks to queue
[2024-12-06T22:38:03.341-0600] {logging_mixin.py:190} INFO - [2024-12-06T22:38:03.340-0600] {dagbag.py:588} INFO - Filling up the DagBag from /home/m9d9v9/PycharmProjects/Airflow-2/Airflow-2/.venv/lib/python3.10/site-packages/airflow/example_dags/example_dynamic_task_mapping.py
[2024-12-06T22:38:03.356-0600] {processor.py:925} INFO - DAG(s) 'example_dynamic_task_mapping' retrieved from /home/m9d9v9/PycharmProjects/Airflow-2/Airflow-2/.venv/lib/python3.10/site-packages/airflow/example_dags/example_dynamic_task_mapping.py
[2024-12-06T22:38:03.376-0600] {logging_mixin.py:190} INFO - [2024-12-06T22:38:03.376-0600] {dag.py:3239} INFO - Sync 1 DAGs
[2024-12-06T22:38:03.385-0600] {logging_mixin.py:190} INFO - [2024-12-06T22:38:03.385-0600] {dag.py:4180} INFO - Setting next_dagrun for example_dynamic_task_mapping to None, run_after=None
[2024-12-06T22:38:03.398-0600] {processor.py:208} INFO - Processing /home/m9d9v9/PycharmProjects/Airflow-2/Airflow-2/.venv/lib/python3.10/site-packages/airflow/example_dags/example_dynamic_task_mapping.py took 0.081 seconds
[2024-12-06T22:39:00.942-0600] {processor.py:186} INFO - Started process (PID=14829) to work on /home/m9d9v9/PycharmProjects/Airflow-2/Airflow-2/.venv/lib/python3.10/site-packages/airflow/example_dags/example_dynamic_task_mapping.py
[2024-12-06T22:39:00.949-0600] {processor.py:914} INFO - Processing file /home/m9d9v9/PycharmProjects/Airflow-2/Airflow-2/.venv/lib/python3.10/site-packages/airflow/example_dags/example_dynamic_task_mapping.py for tasks to queue
[2024-12-06T22:39:00.954-0600] {logging_mixin.py:190} INFO - [2024-12-06T22:39:00.953-0600] {dagbag.py:588} INFO - Filling up the DagBag from /home/m9d9v9/PycharmProjects/Airflow-2/Airflow-2/.venv/lib/python3.10/site-packages/airflow/example_dags/example_dynamic_task_mapping.py
[2024-12-06T22:39:00.967-0600] {processor.py:925} INFO - DAG(s) 'example_dynamic_task_mapping' retrieved from /home/m9d9v9/PycharmProjects/Airflow-2/Airflow-2/.venv/lib/python3.10/site-packages/airflow/example_dags/example_dynamic_task_mapping.py
[2024-12-06T22:39:00.983-0600] {logging_mixin.py:190} INFO - [2024-12-06T22:39:00.982-0600] {dag.py:3239} INFO - Sync 1 DAGs
[2024-12-06T22:39:00.991-0600] {logging_mixin.py:190} INFO - [2024-12-06T22:39:00.990-0600] {dag.py:4180} INFO - Setting next_dagrun for example_dynamic_task_mapping to None, run_after=None
[2024-12-06T22:39:01.002-0600] {processor.py:208} INFO - Processing /home/m9d9v9/PycharmProjects/Airflow-2/Airflow-2/.venv/lib/python3.10/site-packages/airflow/example_dags/example_dynamic_task_mapping.py took 0.073 seconds
[2024-12-06T22:39:59.147-0600] {processor.py:186} INFO - Started process (PID=15018) to work on /home/m9d9v9/PycharmProjects/Airflow-2/Airflow-2/.venv/lib/python3.10/site-packages/airflow/example_dags/example_dynamic_task_mapping.py
[2024-12-06T22:39:59.153-0600] {processor.py:914} INFO - Processing file /home/m9d9v9/PycharmProjects/Airflow-2/Airflow-2/.venv/lib/python3.10/site-packages/airflow/example_dags/example_dynamic_task_mapping.py for tasks to queue
[2024-12-06T22:39:59.156-0600] {logging_mixin.py:190} INFO - [2024-12-06T22:39:59.156-0600] {dagbag.py:588} INFO - Filling up the DagBag from /home/m9d9v9/PycharmProjects/Airflow-2/Airflow-2/.venv/lib/python3.10/site-packages/airflow/example_dags/example_dynamic_task_mapping.py
[2024-12-06T22:39:59.168-0600] {processor.py:925} INFO - DAG(s) 'example_dynamic_task_mapping' retrieved from /home/m9d9v9/PycharmProjects/Airflow-2/Airflow-2/.venv/lib/python3.10/site-packages/airflow/example_dags/example_dynamic_task_mapping.py
[2024-12-06T22:39:59.191-0600] {logging_mixin.py:190} INFO - [2024-12-06T22:39:59.191-0600] {dag.py:3239} INFO - Sync 1 DAGs
[2024-12-06T22:39:59.203-0600] {logging_mixin.py:190} INFO - [2024-12-06T22:39:59.203-0600] {dag.py:4180} INFO - Setting next_dagrun for example_dynamic_task_mapping to None, run_after=None
[2024-12-06T22:39:59.215-0600] {processor.py:208} INFO - Processing /home/m9d9v9/PycharmProjects/Airflow-2/Airflow-2/.venv/lib/python3.10/site-packages/airflow/example_dags/example_dynamic_task_mapping.py took 0.079 seconds
[2024-12-06T22:40:57.756-0600] {processor.py:186} INFO - Started process (PID=15124) to work on /home/m9d9v9/PycharmProjects/Airflow-2/Airflow-2/.venv/lib/python3.10/site-packages/airflow/example_dags/example_dynamic_task_mapping.py
[2024-12-06T22:40:57.763-0600] {processor.py:914} INFO - Processing file /home/m9d9v9/PycharmProjects/Airflow-2/Airflow-2/.venv/lib/python3.10/site-packages/airflow/example_dags/example_dynamic_task_mapping.py for tasks to queue
[2024-12-06T22:40:57.767-0600] {logging_mixin.py:190} INFO - [2024-12-06T22:40:57.766-0600] {dagbag.py:588} INFO - Filling up the DagBag from /home/m9d9v9/PycharmProjects/Airflow-2/Airflow-2/.venv/lib/python3.10/site-packages/airflow/example_dags/example_dynamic_task_mapping.py
[2024-12-06T22:40:57.781-0600] {processor.py:925} INFO - DAG(s) 'example_dynamic_task_mapping' retrieved from /home/m9d9v9/PycharmProjects/Airflow-2/Airflow-2/.venv/lib/python3.10/site-packages/airflow/example_dags/example_dynamic_task_mapping.py
[2024-12-06T22:40:57.803-0600] {logging_mixin.py:190} INFO - [2024-12-06T22:40:57.803-0600] {dag.py:3239} INFO - Sync 1 DAGs
[2024-12-06T22:40:57.816-0600] {logging_mixin.py:190} INFO - [2024-12-06T22:40:57.816-0600] {dag.py:4180} INFO - Setting next_dagrun for example_dynamic_task_mapping to None, run_after=None
[2024-12-06T22:40:57.837-0600] {processor.py:208} INFO - Processing /home/m9d9v9/PycharmProjects/Airflow-2/Airflow-2/.venv/lib/python3.10/site-packages/airflow/example_dags/example_dynamic_task_mapping.py took 0.097 seconds
[2024-12-06T23:25:11.231-0600] {processor.py:186} INFO - Started process (PID=17262) to work on /home/m9d9v9/PycharmProjects/Airflow-2/Airflow-2/.venv/lib/python3.10/site-packages/airflow/example_dags/example_dynamic_task_mapping.py
[2024-12-06T23:25:11.238-0600] {processor.py:914} INFO - Processing file /home/m9d9v9/PycharmProjects/Airflow-2/Airflow-2/.venv/lib/python3.10/site-packages/airflow/example_dags/example_dynamic_task_mapping.py for tasks to queue
[2024-12-06T23:25:11.241-0600] {logging_mixin.py:190} INFO - [2024-12-06T23:25:11.241-0600] {dagbag.py:588} INFO - Filling up the DagBag from /home/m9d9v9/PycharmProjects/Airflow-2/Airflow-2/.venv/lib/python3.10/site-packages/airflow/example_dags/example_dynamic_task_mapping.py
[2024-12-06T23:25:11.255-0600] {processor.py:925} INFO - DAG(s) 'example_dynamic_task_mapping' retrieved from /home/m9d9v9/PycharmProjects/Airflow-2/Airflow-2/.venv/lib/python3.10/site-packages/airflow/example_dags/example_dynamic_task_mapping.py
[2024-12-06T23:25:11.285-0600] {logging_mixin.py:190} INFO - [2024-12-06T23:25:11.285-0600] {dag.py:3239} INFO - Sync 1 DAGs
[2024-12-06T23:25:11.292-0600] {logging_mixin.py:190} INFO - [2024-12-06T23:25:11.292-0600] {dag.py:4180} INFO - Setting next_dagrun for example_dynamic_task_mapping to None, run_after=None
[2024-12-06T23:25:11.305-0600] {processor.py:208} INFO - Processing /home/m9d9v9/PycharmProjects/Airflow-2/Airflow-2/.venv/lib/python3.10/site-packages/airflow/example_dags/example_dynamic_task_mapping.py took 0.084 seconds
[2024-12-06T23:26:10.428-0600] {processor.py:186} INFO - Started process (PID=17381) to work on /home/m9d9v9/PycharmProjects/Airflow-2/Airflow-2/.venv/lib/python3.10/site-packages/airflow/example_dags/example_dynamic_task_mapping.py
[2024-12-06T23:26:10.430-0600] {processor.py:914} INFO - Processing file /home/m9d9v9/PycharmProjects/Airflow-2/Airflow-2/.venv/lib/python3.10/site-packages/airflow/example_dags/example_dynamic_task_mapping.py for tasks to queue
[2024-12-06T23:26:10.433-0600] {logging_mixin.py:190} INFO - [2024-12-06T23:26:10.432-0600] {dagbag.py:588} INFO - Filling up the DagBag from /home/m9d9v9/PycharmProjects/Airflow-2/Airflow-2/.venv/lib/python3.10/site-packages/airflow/example_dags/example_dynamic_task_mapping.py
[2024-12-06T23:26:10.449-0600] {processor.py:925} INFO - DAG(s) 'example_dynamic_task_mapping' retrieved from /home/m9d9v9/PycharmProjects/Airflow-2/Airflow-2/.venv/lib/python3.10/site-packages/airflow/example_dags/example_dynamic_task_mapping.py
[2024-12-06T23:26:10.466-0600] {logging_mixin.py:190} INFO - [2024-12-06T23:26:10.466-0600] {dag.py:3239} INFO - Sync 1 DAGs
[2024-12-06T23:26:10.473-0600] {logging_mixin.py:190} INFO - [2024-12-06T23:26:10.473-0600] {dag.py:4180} INFO - Setting next_dagrun for example_dynamic_task_mapping to None, run_after=None
[2024-12-06T23:26:10.484-0600] {processor.py:208} INFO - Processing /home/m9d9v9/PycharmProjects/Airflow-2/Airflow-2/.venv/lib/python3.10/site-packages/airflow/example_dags/example_dynamic_task_mapping.py took 0.065 seconds
[2024-12-06T23:27:07.062-0600] {processor.py:186} INFO - Started process (PID=17456) to work on /home/m9d9v9/PycharmProjects/Airflow-2/Airflow-2/.venv/lib/python3.10/site-packages/airflow/example_dags/example_dynamic_task_mapping.py
[2024-12-06T23:27:07.068-0600] {processor.py:914} INFO - Processing file /home/m9d9v9/PycharmProjects/Airflow-2/Airflow-2/.venv/lib/python3.10/site-packages/airflow/example_dags/example_dynamic_task_mapping.py for tasks to queue
[2024-12-06T23:27:07.070-0600] {logging_mixin.py:190} INFO - [2024-12-06T23:27:07.069-0600] {dagbag.py:588} INFO - Filling up the DagBag from /home/m9d9v9/PycharmProjects/Airflow-2/Airflow-2/.venv/lib/python3.10/site-packages/airflow/example_dags/example_dynamic_task_mapping.py
[2024-12-06T23:27:07.076-0600] {processor.py:925} INFO - DAG(s) 'example_dynamic_task_mapping' retrieved from /home/m9d9v9/PycharmProjects/Airflow-2/Airflow-2/.venv/lib/python3.10/site-packages/airflow/example_dags/example_dynamic_task_mapping.py
[2024-12-06T23:27:07.084-0600] {logging_mixin.py:190} INFO - [2024-12-06T23:27:07.084-0600] {dag.py:3239} INFO - Sync 1 DAGs
[2024-12-06T23:27:07.091-0600] {logging_mixin.py:190} INFO - [2024-12-06T23:27:07.091-0600] {dag.py:4180} INFO - Setting next_dagrun for example_dynamic_task_mapping to None, run_after=None
[2024-12-06T23:27:07.102-0600] {processor.py:208} INFO - Processing /home/m9d9v9/PycharmProjects/Airflow-2/Airflow-2/.venv/lib/python3.10/site-packages/airflow/example_dags/example_dynamic_task_mapping.py took 0.043 seconds
[2024-12-06T23:28:03.585-0600] {processor.py:186} INFO - Started process (PID=17531) to work on /home/m9d9v9/PycharmProjects/Airflow-2/Airflow-2/.venv/lib/python3.10/site-packages/airflow/example_dags/example_dynamic_task_mapping.py
[2024-12-06T23:28:03.586-0600] {processor.py:914} INFO - Processing file /home/m9d9v9/PycharmProjects/Airflow-2/Airflow-2/.venv/lib/python3.10/site-packages/airflow/example_dags/example_dynamic_task_mapping.py for tasks to queue
[2024-12-06T23:28:03.587-0600] {logging_mixin.py:190} INFO - [2024-12-06T23:28:03.587-0600] {dagbag.py:588} INFO - Filling up the DagBag from /home/m9d9v9/PycharmProjects/Airflow-2/Airflow-2/.venv/lib/python3.10/site-packages/airflow/example_dags/example_dynamic_task_mapping.py
[2024-12-06T23:28:03.596-0600] {processor.py:925} INFO - DAG(s) 'example_dynamic_task_mapping' retrieved from /home/m9d9v9/PycharmProjects/Airflow-2/Airflow-2/.venv/lib/python3.10/site-packages/airflow/example_dags/example_dynamic_task_mapping.py
[2024-12-06T23:28:03.610-0600] {logging_mixin.py:190} INFO - [2024-12-06T23:28:03.610-0600] {dag.py:3239} INFO - Sync 1 DAGs
[2024-12-06T23:28:03.622-0600] {logging_mixin.py:190} INFO - [2024-12-06T23:28:03.622-0600] {dag.py:4180} INFO - Setting next_dagrun for example_dynamic_task_mapping to None, run_after=None
[2024-12-06T23:28:03.637-0600] {processor.py:208} INFO - Processing /home/m9d9v9/PycharmProjects/Airflow-2/Airflow-2/.venv/lib/python3.10/site-packages/airflow/example_dags/example_dynamic_task_mapping.py took 0.058 seconds
[2024-12-06T23:29:01.065-0600] {processor.py:186} INFO - Started process (PID=17651) to work on /home/m9d9v9/PycharmProjects/Airflow-2/Airflow-2/.venv/lib/python3.10/site-packages/airflow/example_dags/example_dynamic_task_mapping.py
[2024-12-06T23:29:01.066-0600] {processor.py:914} INFO - Processing file /home/m9d9v9/PycharmProjects/Airflow-2/Airflow-2/.venv/lib/python3.10/site-packages/airflow/example_dags/example_dynamic_task_mapping.py for tasks to queue
[2024-12-06T23:29:01.067-0600] {logging_mixin.py:190} INFO - [2024-12-06T23:29:01.067-0600] {dagbag.py:588} INFO - Filling up the DagBag from /home/m9d9v9/PycharmProjects/Airflow-2/Airflow-2/.venv/lib/python3.10/site-packages/airflow/example_dags/example_dynamic_task_mapping.py
[2024-12-06T23:29:01.077-0600] {processor.py:925} INFO - DAG(s) 'example_dynamic_task_mapping' retrieved from /home/m9d9v9/PycharmProjects/Airflow-2/Airflow-2/.venv/lib/python3.10/site-packages/airflow/example_dags/example_dynamic_task_mapping.py
[2024-12-06T23:29:01.091-0600] {logging_mixin.py:190} INFO - [2024-12-06T23:29:01.091-0600] {dag.py:3239} INFO - Sync 1 DAGs
[2024-12-06T23:29:01.104-0600] {logging_mixin.py:190} INFO - [2024-12-06T23:29:01.104-0600] {dag.py:4180} INFO - Setting next_dagrun for example_dynamic_task_mapping to None, run_after=None
[2024-12-06T23:29:01.116-0600] {processor.py:208} INFO - Processing /home/m9d9v9/PycharmProjects/Airflow-2/Airflow-2/.venv/lib/python3.10/site-packages/airflow/example_dags/example_dynamic_task_mapping.py took 0.059 seconds
[2024-12-06T23:29:56.558-0600] {processor.py:186} INFO - Started process (PID=17773) to work on /home/m9d9v9/PycharmProjects/Airflow-2/Airflow-2/.venv/lib/python3.10/site-packages/airflow/example_dags/example_dynamic_task_mapping.py
[2024-12-06T23:29:56.565-0600] {processor.py:914} INFO - Processing file /home/m9d9v9/PycharmProjects/Airflow-2/Airflow-2/.venv/lib/python3.10/site-packages/airflow/example_dags/example_dynamic_task_mapping.py for tasks to queue
[2024-12-06T23:29:56.568-0600] {logging_mixin.py:190} INFO - [2024-12-06T23:29:56.567-0600] {dagbag.py:588} INFO - Filling up the DagBag from /home/m9d9v9/PycharmProjects/Airflow-2/Airflow-2/.venv/lib/python3.10/site-packages/airflow/example_dags/example_dynamic_task_mapping.py
[2024-12-06T23:29:56.585-0600] {processor.py:925} INFO - DAG(s) 'example_dynamic_task_mapping' retrieved from /home/m9d9v9/PycharmProjects/Airflow-2/Airflow-2/.venv/lib/python3.10/site-packages/airflow/example_dags/example_dynamic_task_mapping.py
[2024-12-06T23:29:56.608-0600] {logging_mixin.py:190} INFO - [2024-12-06T23:29:56.608-0600] {dag.py:3239} INFO - Sync 1 DAGs
[2024-12-06T23:29:56.615-0600] {logging_mixin.py:190} INFO - [2024-12-06T23:29:56.615-0600] {dag.py:4180} INFO - Setting next_dagrun for example_dynamic_task_mapping to None, run_after=None
[2024-12-06T23:29:56.625-0600] {processor.py:208} INFO - Processing /home/m9d9v9/PycharmProjects/Airflow-2/Airflow-2/.venv/lib/python3.10/site-packages/airflow/example_dags/example_dynamic_task_mapping.py took 0.079 seconds
[2024-12-06T23:30:53.604-0600] {processor.py:186} INFO - Started process (PID=17893) to work on /home/m9d9v9/PycharmProjects/Airflow-2/Airflow-2/.venv/lib/python3.10/site-packages/airflow/example_dags/example_dynamic_task_mapping.py
[2024-12-06T23:30:53.610-0600] {processor.py:914} INFO - Processing file /home/m9d9v9/PycharmProjects/Airflow-2/Airflow-2/.venv/lib/python3.10/site-packages/airflow/example_dags/example_dynamic_task_mapping.py for tasks to queue
[2024-12-06T23:30:53.611-0600] {logging_mixin.py:190} INFO - [2024-12-06T23:30:53.611-0600] {dagbag.py:588} INFO - Filling up the DagBag from /home/m9d9v9/PycharmProjects/Airflow-2/Airflow-2/.venv/lib/python3.10/site-packages/airflow/example_dags/example_dynamic_task_mapping.py
[2024-12-06T23:30:53.624-0600] {processor.py:925} INFO - DAG(s) 'example_dynamic_task_mapping' retrieved from /home/m9d9v9/PycharmProjects/Airflow-2/Airflow-2/.venv/lib/python3.10/site-packages/airflow/example_dags/example_dynamic_task_mapping.py
[2024-12-06T23:30:53.649-0600] {logging_mixin.py:190} INFO - [2024-12-06T23:30:53.649-0600] {dag.py:3239} INFO - Sync 1 DAGs
[2024-12-06T23:30:53.662-0600] {logging_mixin.py:190} INFO - [2024-12-06T23:30:53.662-0600] {dag.py:4180} INFO - Setting next_dagrun for example_dynamic_task_mapping to None, run_after=None
[2024-12-06T23:30:53.672-0600] {processor.py:208} INFO - Processing /home/m9d9v9/PycharmProjects/Airflow-2/Airflow-2/.venv/lib/python3.10/site-packages/airflow/example_dags/example_dynamic_task_mapping.py took 0.072 seconds
[2024-12-06T23:31:50.707-0600] {processor.py:186} INFO - Started process (PID=17999) to work on /home/m9d9v9/PycharmProjects/Airflow-2/Airflow-2/.venv/lib/python3.10/site-packages/airflow/example_dags/example_dynamic_task_mapping.py
[2024-12-06T23:31:50.714-0600] {processor.py:914} INFO - Processing file /home/m9d9v9/PycharmProjects/Airflow-2/Airflow-2/.venv/lib/python3.10/site-packages/airflow/example_dags/example_dynamic_task_mapping.py for tasks to queue
[2024-12-06T23:31:50.716-0600] {logging_mixin.py:190} INFO - [2024-12-06T23:31:50.716-0600] {dagbag.py:588} INFO - Filling up the DagBag from /home/m9d9v9/PycharmProjects/Airflow-2/Airflow-2/.venv/lib/python3.10/site-packages/airflow/example_dags/example_dynamic_task_mapping.py
[2024-12-06T23:31:50.734-0600] {processor.py:925} INFO - DAG(s) 'example_dynamic_task_mapping' retrieved from /home/m9d9v9/PycharmProjects/Airflow-2/Airflow-2/.venv/lib/python3.10/site-packages/airflow/example_dags/example_dynamic_task_mapping.py
[2024-12-06T23:31:50.756-0600] {logging_mixin.py:190} INFO - [2024-12-06T23:31:50.756-0600] {dag.py:3239} INFO - Sync 1 DAGs
[2024-12-06T23:31:50.763-0600] {logging_mixin.py:190} INFO - [2024-12-06T23:31:50.763-0600] {dag.py:4180} INFO - Setting next_dagrun for example_dynamic_task_mapping to None, run_after=None
[2024-12-06T23:31:50.775-0600] {processor.py:208} INFO - Processing /home/m9d9v9/PycharmProjects/Airflow-2/Airflow-2/.venv/lib/python3.10/site-packages/airflow/example_dags/example_dynamic_task_mapping.py took 0.079 seconds
[2024-12-06T23:32:49.376-0600] {processor.py:186} INFO - Started process (PID=18074) to work on /home/m9d9v9/PycharmProjects/Airflow-2/Airflow-2/.venv/lib/python3.10/site-packages/airflow/example_dags/example_dynamic_task_mapping.py
[2024-12-06T23:32:49.383-0600] {processor.py:914} INFO - Processing file /home/m9d9v9/PycharmProjects/Airflow-2/Airflow-2/.venv/lib/python3.10/site-packages/airflow/example_dags/example_dynamic_task_mapping.py for tasks to queue
[2024-12-06T23:32:49.386-0600] {logging_mixin.py:190} INFO - [2024-12-06T23:32:49.385-0600] {dagbag.py:588} INFO - Filling up the DagBag from /home/m9d9v9/PycharmProjects/Airflow-2/Airflow-2/.venv/lib/python3.10/site-packages/airflow/example_dags/example_dynamic_task_mapping.py
[2024-12-06T23:32:49.400-0600] {processor.py:925} INFO - DAG(s) 'example_dynamic_task_mapping' retrieved from /home/m9d9v9/PycharmProjects/Airflow-2/Airflow-2/.venv/lib/python3.10/site-packages/airflow/example_dags/example_dynamic_task_mapping.py
[2024-12-06T23:32:49.421-0600] {logging_mixin.py:190} INFO - [2024-12-06T23:32:49.421-0600] {dag.py:3239} INFO - Sync 1 DAGs
[2024-12-06T23:32:49.428-0600] {logging_mixin.py:190} INFO - [2024-12-06T23:32:49.428-0600] {dag.py:4180} INFO - Setting next_dagrun for example_dynamic_task_mapping to None, run_after=None
[2024-12-06T23:32:49.441-0600] {processor.py:208} INFO - Processing /home/m9d9v9/PycharmProjects/Airflow-2/Airflow-2/.venv/lib/python3.10/site-packages/airflow/example_dags/example_dynamic_task_mapping.py took 0.075 seconds
[2024-12-06T23:33:44.905-0600] {processor.py:186} INFO - Started process (PID=18142) to work on /home/m9d9v9/PycharmProjects/Airflow-2/Airflow-2/.venv/lib/python3.10/site-packages/airflow/example_dags/example_dynamic_task_mapping.py
[2024-12-06T23:33:44.912-0600] {processor.py:914} INFO - Processing file /home/m9d9v9/PycharmProjects/Airflow-2/Airflow-2/.venv/lib/python3.10/site-packages/airflow/example_dags/example_dynamic_task_mapping.py for tasks to queue
[2024-12-06T23:33:44.914-0600] {logging_mixin.py:190} INFO - [2024-12-06T23:33:44.914-0600] {dagbag.py:588} INFO - Filling up the DagBag from /home/m9d9v9/PycharmProjects/Airflow-2/Airflow-2/.venv/lib/python3.10/site-packages/airflow/example_dags/example_dynamic_task_mapping.py
[2024-12-06T23:33:44.932-0600] {processor.py:925} INFO - DAG(s) 'example_dynamic_task_mapping' retrieved from /home/m9d9v9/PycharmProjects/Airflow-2/Airflow-2/.venv/lib/python3.10/site-packages/airflow/example_dags/example_dynamic_task_mapping.py
[2024-12-06T23:33:44.952-0600] {logging_mixin.py:190} INFO - [2024-12-06T23:33:44.952-0600] {dag.py:3239} INFO - Sync 1 DAGs
[2024-12-06T23:33:44.960-0600] {logging_mixin.py:190} INFO - [2024-12-06T23:33:44.960-0600] {dag.py:4180} INFO - Setting next_dagrun for example_dynamic_task_mapping to None, run_after=None
[2024-12-06T23:33:44.970-0600] {processor.py:208} INFO - Processing /home/m9d9v9/PycharmProjects/Airflow-2/Airflow-2/.venv/lib/python3.10/site-packages/airflow/example_dags/example_dynamic_task_mapping.py took 0.077 seconds
[2024-12-06T23:34:43.326-0600] {processor.py:186} INFO - Started process (PID=18272) to work on /home/m9d9v9/PycharmProjects/Airflow-2/Airflow-2/.venv/lib/python3.10/site-packages/airflow/example_dags/example_dynamic_task_mapping.py
[2024-12-06T23:34:43.333-0600] {processor.py:914} INFO - Processing file /home/m9d9v9/PycharmProjects/Airflow-2/Airflow-2/.venv/lib/python3.10/site-packages/airflow/example_dags/example_dynamic_task_mapping.py for tasks to queue
[2024-12-06T23:34:43.336-0600] {logging_mixin.py:190} INFO - [2024-12-06T23:34:43.335-0600] {dagbag.py:588} INFO - Filling up the DagBag from /home/m9d9v9/PycharmProjects/Airflow-2/Airflow-2/.venv/lib/python3.10/site-packages/airflow/example_dags/example_dynamic_task_mapping.py
[2024-12-06T23:34:43.352-0600] {processor.py:925} INFO - DAG(s) 'example_dynamic_task_mapping' retrieved from /home/m9d9v9/PycharmProjects/Airflow-2/Airflow-2/.venv/lib/python3.10/site-packages/airflow/example_dags/example_dynamic_task_mapping.py
[2024-12-06T23:34:43.375-0600] {logging_mixin.py:190} INFO - [2024-12-06T23:34:43.375-0600] {dag.py:3239} INFO - Sync 1 DAGs
[2024-12-06T23:34:43.471-0600] {logging_mixin.py:190} INFO - [2024-12-06T23:34:43.471-0600] {dag.py:4180} INFO - Setting next_dagrun for example_dynamic_task_mapping to None, run_after=None
[2024-12-06T23:34:43.489-0600] {processor.py:208} INFO - Processing /home/m9d9v9/PycharmProjects/Airflow-2/Airflow-2/.venv/lib/python3.10/site-packages/airflow/example_dags/example_dynamic_task_mapping.py took 0.174 seconds
[2024-12-06T23:35:46.564-0600] {processor.py:186} INFO - Started process (PID=18351) to work on /home/m9d9v9/PycharmProjects/Airflow-2/Airflow-2/.venv/lib/python3.10/site-packages/airflow/example_dags/example_dynamic_task_mapping.py
[2024-12-06T23:35:46.571-0600] {processor.py:914} INFO - Processing file /home/m9d9v9/PycharmProjects/Airflow-2/Airflow-2/.venv/lib/python3.10/site-packages/airflow/example_dags/example_dynamic_task_mapping.py for tasks to queue
[2024-12-06T23:35:46.573-0600] {logging_mixin.py:190} INFO - [2024-12-06T23:35:46.573-0600] {dagbag.py:588} INFO - Filling up the DagBag from /home/m9d9v9/PycharmProjects/Airflow-2/Airflow-2/.venv/lib/python3.10/site-packages/airflow/example_dags/example_dynamic_task_mapping.py
[2024-12-06T23:35:46.591-0600] {processor.py:925} INFO - DAG(s) 'example_dynamic_task_mapping' retrieved from /home/m9d9v9/PycharmProjects/Airflow-2/Airflow-2/.venv/lib/python3.10/site-packages/airflow/example_dags/example_dynamic_task_mapping.py
[2024-12-06T23:35:46.612-0600] {logging_mixin.py:190} INFO - [2024-12-06T23:35:46.612-0600] {dag.py:3239} INFO - Sync 1 DAGs
[2024-12-06T23:35:46.705-0600] {logging_mixin.py:190} INFO - [2024-12-06T23:35:46.705-0600] {dag.py:4180} INFO - Setting next_dagrun for example_dynamic_task_mapping to None, run_after=None
[2024-12-06T23:35:46.722-0600] {processor.py:208} INFO - Processing /home/m9d9v9/PycharmProjects/Airflow-2/Airflow-2/.venv/lib/python3.10/site-packages/airflow/example_dags/example_dynamic_task_mapping.py took 0.170 seconds
[2024-12-06T23:36:49.303-0600] {processor.py:186} INFO - Started process (PID=18424) to work on /home/m9d9v9/PycharmProjects/Airflow-2/Airflow-2/.venv/lib/python3.10/site-packages/airflow/example_dags/example_dynamic_task_mapping.py
[2024-12-06T23:36:49.310-0600] {processor.py:914} INFO - Processing file /home/m9d9v9/PycharmProjects/Airflow-2/Airflow-2/.venv/lib/python3.10/site-packages/airflow/example_dags/example_dynamic_task_mapping.py for tasks to queue
[2024-12-06T23:36:49.312-0600] {logging_mixin.py:190} INFO - [2024-12-06T23:36:49.312-0600] {dagbag.py:588} INFO - Filling up the DagBag from /home/m9d9v9/PycharmProjects/Airflow-2/Airflow-2/.venv/lib/python3.10/site-packages/airflow/example_dags/example_dynamic_task_mapping.py
[2024-12-06T23:36:49.331-0600] {processor.py:925} INFO - DAG(s) 'example_dynamic_task_mapping' retrieved from /home/m9d9v9/PycharmProjects/Airflow-2/Airflow-2/.venv/lib/python3.10/site-packages/airflow/example_dags/example_dynamic_task_mapping.py
[2024-12-06T23:36:49.355-0600] {logging_mixin.py:190} INFO - [2024-12-06T23:36:49.355-0600] {dag.py:3239} INFO - Sync 1 DAGs
[2024-12-06T23:36:49.362-0600] {logging_mixin.py:190} INFO - [2024-12-06T23:36:49.362-0600] {dag.py:4180} INFO - Setting next_dagrun for example_dynamic_task_mapping to None, run_after=None
[2024-12-06T23:36:49.373-0600] {processor.py:208} INFO - Processing /home/m9d9v9/PycharmProjects/Airflow-2/Airflow-2/.venv/lib/python3.10/site-packages/airflow/example_dags/example_dynamic_task_mapping.py took 0.082 seconds
[2024-12-06T23:37:50.282-0600] {processor.py:186} INFO - Started process (PID=18715) to work on /home/m9d9v9/PycharmProjects/Airflow-2/Airflow-2/.venv/lib/python3.10/site-packages/airflow/example_dags/example_dynamic_task_mapping.py
[2024-12-06T23:37:50.288-0600] {processor.py:914} INFO - Processing file /home/m9d9v9/PycharmProjects/Airflow-2/Airflow-2/.venv/lib/python3.10/site-packages/airflow/example_dags/example_dynamic_task_mapping.py for tasks to queue
[2024-12-06T23:37:50.290-0600] {logging_mixin.py:190} INFO - [2024-12-06T23:37:50.290-0600] {dagbag.py:588} INFO - Filling up the DagBag from /home/m9d9v9/PycharmProjects/Airflow-2/Airflow-2/.venv/lib/python3.10/site-packages/airflow/example_dags/example_dynamic_task_mapping.py
[2024-12-06T23:37:50.295-0600] {processor.py:925} INFO - DAG(s) 'example_dynamic_task_mapping' retrieved from /home/m9d9v9/PycharmProjects/Airflow-2/Airflow-2/.venv/lib/python3.10/site-packages/airflow/example_dags/example_dynamic_task_mapping.py
[2024-12-06T23:37:50.305-0600] {logging_mixin.py:190} INFO - [2024-12-06T23:37:50.305-0600] {dag.py:3239} INFO - Sync 1 DAGs
[2024-12-06T23:37:50.313-0600] {logging_mixin.py:190} INFO - [2024-12-06T23:37:50.312-0600] {dag.py:4180} INFO - Setting next_dagrun for example_dynamic_task_mapping to None, run_after=None
[2024-12-06T23:37:50.324-0600] {processor.py:208} INFO - Processing /home/m9d9v9/PycharmProjects/Airflow-2/Airflow-2/.venv/lib/python3.10/site-packages/airflow/example_dags/example_dynamic_task_mapping.py took 0.046 seconds
[2024-12-06T23:38:52.738-0600] {processor.py:186} INFO - Started process (PID=18882) to work on /home/m9d9v9/PycharmProjects/Airflow-2/Airflow-2/.venv/lib/python3.10/site-packages/airflow/example_dags/example_dynamic_task_mapping.py
[2024-12-06T23:38:52.742-0600] {processor.py:914} INFO - Processing file /home/m9d9v9/PycharmProjects/Airflow-2/Airflow-2/.venv/lib/python3.10/site-packages/airflow/example_dags/example_dynamic_task_mapping.py for tasks to queue
[2024-12-06T23:38:52.744-0600] {logging_mixin.py:190} INFO - [2024-12-06T23:38:52.743-0600] {dagbag.py:588} INFO - Filling up the DagBag from /home/m9d9v9/PycharmProjects/Airflow-2/Airflow-2/.venv/lib/python3.10/site-packages/airflow/example_dags/example_dynamic_task_mapping.py
[2024-12-06T23:38:52.752-0600] {processor.py:925} INFO - DAG(s) 'example_dynamic_task_mapping' retrieved from /home/m9d9v9/PycharmProjects/Airflow-2/Airflow-2/.venv/lib/python3.10/site-packages/airflow/example_dags/example_dynamic_task_mapping.py
[2024-12-06T23:38:52.765-0600] {logging_mixin.py:190} INFO - [2024-12-06T23:38:52.765-0600] {dag.py:3239} INFO - Sync 1 DAGs
[2024-12-06T23:38:52.775-0600] {logging_mixin.py:190} INFO - [2024-12-06T23:38:52.774-0600] {dag.py:4180} INFO - Setting next_dagrun for example_dynamic_task_mapping to None, run_after=None
[2024-12-06T23:38:52.788-0600] {processor.py:208} INFO - Processing /home/m9d9v9/PycharmProjects/Airflow-2/Airflow-2/.venv/lib/python3.10/site-packages/airflow/example_dags/example_dynamic_task_mapping.py took 0.055 seconds
[2024-12-06T23:39:52.385-0600] {processor.py:186} INFO - Started process (PID=19103) to work on /home/m9d9v9/PycharmProjects/Airflow-2/Airflow-2/.venv/lib/python3.10/site-packages/airflow/example_dags/example_dynamic_task_mapping.py
[2024-12-06T23:39:52.387-0600] {processor.py:914} INFO - Processing file /home/m9d9v9/PycharmProjects/Airflow-2/Airflow-2/.venv/lib/python3.10/site-packages/airflow/example_dags/example_dynamic_task_mapping.py for tasks to queue
[2024-12-06T23:39:52.389-0600] {logging_mixin.py:190} INFO - [2024-12-06T23:39:52.388-0600] {dagbag.py:588} INFO - Filling up the DagBag from /home/m9d9v9/PycharmProjects/Airflow-2/Airflow-2/.venv/lib/python3.10/site-packages/airflow/example_dags/example_dynamic_task_mapping.py
[2024-12-06T23:39:52.399-0600] {processor.py:925} INFO - DAG(s) 'example_dynamic_task_mapping' retrieved from /home/m9d9v9/PycharmProjects/Airflow-2/Airflow-2/.venv/lib/python3.10/site-packages/airflow/example_dags/example_dynamic_task_mapping.py
[2024-12-06T23:39:52.415-0600] {logging_mixin.py:190} INFO - [2024-12-06T23:39:52.415-0600] {dag.py:3239} INFO - Sync 1 DAGs
[2024-12-06T23:39:52.427-0600] {logging_mixin.py:190} INFO - [2024-12-06T23:39:52.426-0600] {dag.py:4180} INFO - Setting next_dagrun for example_dynamic_task_mapping to None, run_after=None
[2024-12-06T23:39:52.442-0600] {processor.py:208} INFO - Processing /home/m9d9v9/PycharmProjects/Airflow-2/Airflow-2/.venv/lib/python3.10/site-packages/airflow/example_dags/example_dynamic_task_mapping.py took 0.064 seconds
[2024-12-06T23:40:50.992-0600] {processor.py:186} INFO - Started process (PID=19279) to work on /home/m9d9v9/PycharmProjects/Airflow-2/Airflow-2/.venv/lib/python3.10/site-packages/airflow/example_dags/example_dynamic_task_mapping.py
[2024-12-06T23:40:50.999-0600] {processor.py:914} INFO - Processing file /home/m9d9v9/PycharmProjects/Airflow-2/Airflow-2/.venv/lib/python3.10/site-packages/airflow/example_dags/example_dynamic_task_mapping.py for tasks to queue
[2024-12-06T23:40:51.001-0600] {logging_mixin.py:190} INFO - [2024-12-06T23:40:51.000-0600] {dagbag.py:588} INFO - Filling up the DagBag from /home/m9d9v9/PycharmProjects/Airflow-2/Airflow-2/.venv/lib/python3.10/site-packages/airflow/example_dags/example_dynamic_task_mapping.py
[2024-12-06T23:40:51.018-0600] {processor.py:925} INFO - DAG(s) 'example_dynamic_task_mapping' retrieved from /home/m9d9v9/PycharmProjects/Airflow-2/Airflow-2/.venv/lib/python3.10/site-packages/airflow/example_dags/example_dynamic_task_mapping.py
[2024-12-06T23:40:51.040-0600] {logging_mixin.py:190} INFO - [2024-12-06T23:40:51.039-0600] {dag.py:3239} INFO - Sync 1 DAGs
[2024-12-06T23:40:51.046-0600] {logging_mixin.py:190} INFO - [2024-12-06T23:40:51.046-0600] {dag.py:4180} INFO - Setting next_dagrun for example_dynamic_task_mapping to None, run_after=None
[2024-12-06T23:40:51.057-0600] {processor.py:208} INFO - Processing /home/m9d9v9/PycharmProjects/Airflow-2/Airflow-2/.venv/lib/python3.10/site-packages/airflow/example_dags/example_dynamic_task_mapping.py took 0.076 seconds
[2024-12-06T23:41:43.540-0600] {processor.py:186} INFO - Started process (PID=19362) to work on /home/m9d9v9/PycharmProjects/Airflow-2/Airflow-2/.venv/lib/python3.10/site-packages/airflow/example_dags/example_dynamic_task_mapping.py
[2024-12-06T23:41:43.547-0600] {processor.py:914} INFO - Processing file /home/m9d9v9/PycharmProjects/Airflow-2/Airflow-2/.venv/lib/python3.10/site-packages/airflow/example_dags/example_dynamic_task_mapping.py for tasks to queue
[2024-12-06T23:41:43.549-0600] {logging_mixin.py:190} INFO - [2024-12-06T23:41:43.548-0600] {dagbag.py:588} INFO - Filling up the DagBag from /home/m9d9v9/PycharmProjects/Airflow-2/Airflow-2/.venv/lib/python3.10/site-packages/airflow/example_dags/example_dynamic_task_mapping.py
[2024-12-06T23:41:43.558-0600] {processor.py:925} INFO - DAG(s) 'example_dynamic_task_mapping' retrieved from /home/m9d9v9/PycharmProjects/Airflow-2/Airflow-2/.venv/lib/python3.10/site-packages/airflow/example_dags/example_dynamic_task_mapping.py
[2024-12-06T23:41:43.572-0600] {logging_mixin.py:190} INFO - [2024-12-06T23:41:43.571-0600] {dag.py:3239} INFO - Sync 1 DAGs
[2024-12-06T23:41:43.581-0600] {logging_mixin.py:190} INFO - [2024-12-06T23:41:43.581-0600] {dag.py:4180} INFO - Setting next_dagrun for example_dynamic_task_mapping to None, run_after=None
[2024-12-06T23:41:43.594-0600] {processor.py:208} INFO - Processing /home/m9d9v9/PycharmProjects/Airflow-2/Airflow-2/.venv/lib/python3.10/site-packages/airflow/example_dags/example_dynamic_task_mapping.py took 0.061 seconds
