[2024-12-06T22:18:25.917-0600] {processor.py:186} INFO - Started process (PID=12332) to work on /home/m9d9v9/PycharmProjects/Airflow-2/Airflow-2/.venv/lib/python3.10/site-packages/airflow/example_dags/example_xcom.py
[2024-12-06T22:18:25.918-0600] {processor.py:914} INFO - Processing file /home/m9d9v9/PycharmProjects/Airflow-2/Airflow-2/.venv/lib/python3.10/site-packages/airflow/example_dags/example_xcom.py for tasks to queue
[2024-12-06T22:18:25.919-0600] {logging_mixin.py:190} INFO - [2024-12-06T22:18:25.919-0600] {dagbag.py:588} INFO - Filling up the DagBag from /home/m9d9v9/PycharmProjects/Airflow-2/Airflow-2/.venv/lib/python3.10/site-packages/airflow/example_dags/example_xcom.py
[2024-12-06T22:18:25.927-0600] {processor.py:925} INFO - DAG(s) 'example_xcom' retrieved from /home/m9d9v9/PycharmProjects/Airflow-2/Airflow-2/.venv/lib/python3.10/site-packages/airflow/example_dags/example_xcom.py
[2024-12-06T22:18:26.002-0600] {logging_mixin.py:190} INFO - [2024-12-06T22:18:26.001-0600] {override.py:1911} INFO - Created Permission View: can edit on DAG:example_xcom
[2024-12-06T22:18:26.010-0600] {logging_mixin.py:190} INFO - [2024-12-06T22:18:26.010-0600] {override.py:1911} INFO - Created Permission View: can read on DAG:example_xcom
[2024-12-06T22:18:26.015-0600] {logging_mixin.py:190} INFO - [2024-12-06T22:18:26.015-0600] {override.py:1911} INFO - Created Permission View: can delete on DAG:example_xcom
[2024-12-06T22:18:26.022-0600] {logging_mixin.py:190} INFO - [2024-12-06T22:18:26.022-0600] {override.py:1911} INFO - Created Permission View: menu access on DAG Run:example_xcom
[2024-12-06T22:18:26.026-0600] {logging_mixin.py:190} INFO - [2024-12-06T22:18:26.026-0600] {override.py:1911} INFO - Created Permission View: can create on DAG Run:example_xcom
[2024-12-06T22:18:26.031-0600] {logging_mixin.py:190} INFO - [2024-12-06T22:18:26.031-0600] {override.py:1911} INFO - Created Permission View: can read on DAG Run:example_xcom
[2024-12-06T22:18:26.038-0600] {logging_mixin.py:190} INFO - [2024-12-06T22:18:26.038-0600] {override.py:1911} INFO - Created Permission View: can delete on DAG Run:example_xcom
[2024-12-06T22:18:26.039-0600] {logging_mixin.py:190} INFO - [2024-12-06T22:18:26.038-0600] {dag.py:3239} INFO - Sync 1 DAGs
[2024-12-06T22:18:26.047-0600] {logging_mixin.py:190} INFO - [2024-12-06T22:18:26.047-0600] {dag.py:3262} INFO - Creating ORM DAG for example_xcom
[2024-12-06T22:18:26.052-0600] {logging_mixin.py:190} INFO - [2024-12-06T22:18:26.052-0600] {dag.py:4180} INFO - Setting next_dagrun for example_xcom to 2021-01-01 00:00:00+00:00, run_after=2021-01-01 00:00:00+00:00
[2024-12-06T22:18:26.066-0600] {processor.py:208} INFO - Processing /home/m9d9v9/PycharmProjects/Airflow-2/Airflow-2/.venv/lib/python3.10/site-packages/airflow/example_dags/example_xcom.py took 0.154 seconds
[2024-12-06T22:19:32.038-0600] {processor.py:186} INFO - Started process (PID=12576) to work on /home/m9d9v9/PycharmProjects/Airflow-2/Airflow-2/.venv/lib/python3.10/site-packages/airflow/example_dags/example_xcom.py
[2024-12-06T22:19:32.045-0600] {processor.py:914} INFO - Processing file /home/m9d9v9/PycharmProjects/Airflow-2/Airflow-2/.venv/lib/python3.10/site-packages/airflow/example_dags/example_xcom.py for tasks to queue
[2024-12-06T22:19:32.049-0600] {logging_mixin.py:190} INFO - [2024-12-06T22:19:32.048-0600] {dagbag.py:588} INFO - Filling up the DagBag from /home/m9d9v9/PycharmProjects/Airflow-2/Airflow-2/.venv/lib/python3.10/site-packages/airflow/example_dags/example_xcom.py
[2024-12-06T22:19:32.069-0600] {processor.py:925} INFO - DAG(s) 'example_xcom' retrieved from /home/m9d9v9/PycharmProjects/Airflow-2/Airflow-2/.venv/lib/python3.10/site-packages/airflow/example_dags/example_xcom.py
[2024-12-06T22:19:32.088-0600] {logging_mixin.py:190} INFO - [2024-12-06T22:19:32.088-0600] {dag.py:3239} INFO - Sync 1 DAGs
[2024-12-06T22:19:32.100-0600] {logging_mixin.py:190} INFO - [2024-12-06T22:19:32.100-0600] {dag.py:4180} INFO - Setting next_dagrun for example_xcom to 2021-01-01 00:00:00+00:00, run_after=2021-01-01 00:00:00+00:00
[2024-12-06T22:19:32.112-0600] {processor.py:208} INFO - Processing /home/m9d9v9/PycharmProjects/Airflow-2/Airflow-2/.venv/lib/python3.10/site-packages/airflow/example_dags/example_xcom.py took 0.088 seconds
[2024-12-06T22:20:27.350-0600] {processor.py:186} INFO - Started process (PID=12662) to work on /home/m9d9v9/PycharmProjects/Airflow-2/Airflow-2/.venv/lib/python3.10/site-packages/airflow/example_dags/example_xcom.py
[2024-12-06T22:20:27.357-0600] {processor.py:914} INFO - Processing file /home/m9d9v9/PycharmProjects/Airflow-2/Airflow-2/.venv/lib/python3.10/site-packages/airflow/example_dags/example_xcom.py for tasks to queue
[2024-12-06T22:20:27.362-0600] {logging_mixin.py:190} INFO - [2024-12-06T22:20:27.361-0600] {dagbag.py:588} INFO - Filling up the DagBag from /home/m9d9v9/PycharmProjects/Airflow-2/Airflow-2/.venv/lib/python3.10/site-packages/airflow/example_dags/example_xcom.py
[2024-12-06T22:20:27.381-0600] {processor.py:925} INFO - DAG(s) 'example_xcom' retrieved from /home/m9d9v9/PycharmProjects/Airflow-2/Airflow-2/.venv/lib/python3.10/site-packages/airflow/example_dags/example_xcom.py
[2024-12-06T22:20:27.401-0600] {logging_mixin.py:190} INFO - [2024-12-06T22:20:27.400-0600] {dag.py:3239} INFO - Sync 1 DAGs
[2024-12-06T22:20:27.414-0600] {logging_mixin.py:190} INFO - [2024-12-06T22:20:27.414-0600] {dag.py:4180} INFO - Setting next_dagrun for example_xcom to 2021-01-01 00:00:00+00:00, run_after=2021-01-01 00:00:00+00:00
[2024-12-06T22:20:27.427-0600] {processor.py:208} INFO - Processing /home/m9d9v9/PycharmProjects/Airflow-2/Airflow-2/.venv/lib/python3.10/site-packages/airflow/example_dags/example_xcom.py took 0.089 seconds
[2024-12-06T22:21:19.313-0600] {processor.py:186} INFO - Started process (PID=12727) to work on /home/m9d9v9/PycharmProjects/Airflow-2/Airflow-2/.venv/lib/python3.10/site-packages/airflow/example_dags/example_xcom.py
[2024-12-06T22:21:19.319-0600] {processor.py:914} INFO - Processing file /home/m9d9v9/PycharmProjects/Airflow-2/Airflow-2/.venv/lib/python3.10/site-packages/airflow/example_dags/example_xcom.py for tasks to queue
[2024-12-06T22:21:19.321-0600] {logging_mixin.py:190} INFO - [2024-12-06T22:21:19.321-0600] {dagbag.py:588} INFO - Filling up the DagBag from /home/m9d9v9/PycharmProjects/Airflow-2/Airflow-2/.venv/lib/python3.10/site-packages/airflow/example_dags/example_xcom.py
[2024-12-06T22:21:19.331-0600] {processor.py:925} INFO - DAG(s) 'example_xcom' retrieved from /home/m9d9v9/PycharmProjects/Airflow-2/Airflow-2/.venv/lib/python3.10/site-packages/airflow/example_dags/example_xcom.py
[2024-12-06T22:21:19.346-0600] {logging_mixin.py:190} INFO - [2024-12-06T22:21:19.346-0600] {dag.py:3239} INFO - Sync 1 DAGs
[2024-12-06T22:21:19.362-0600] {logging_mixin.py:190} INFO - [2024-12-06T22:21:19.362-0600] {dag.py:4180} INFO - Setting next_dagrun for example_xcom to 2021-01-01 00:00:00+00:00, run_after=2021-01-01 00:00:00+00:00
[2024-12-06T22:21:19.376-0600] {processor.py:208} INFO - Processing /home/m9d9v9/PycharmProjects/Airflow-2/Airflow-2/.venv/lib/python3.10/site-packages/airflow/example_dags/example_xcom.py took 0.069 seconds
[2024-12-06T22:22:16.003-0600] {processor.py:186} INFO - Started process (PID=12804) to work on /home/m9d9v9/PycharmProjects/Airflow-2/Airflow-2/.venv/lib/python3.10/site-packages/airflow/example_dags/example_xcom.py
[2024-12-06T22:22:16.010-0600] {processor.py:914} INFO - Processing file /home/m9d9v9/PycharmProjects/Airflow-2/Airflow-2/.venv/lib/python3.10/site-packages/airflow/example_dags/example_xcom.py for tasks to queue
[2024-12-06T22:22:16.015-0600] {logging_mixin.py:190} INFO - [2024-12-06T22:22:16.014-0600] {dagbag.py:588} INFO - Filling up the DagBag from /home/m9d9v9/PycharmProjects/Airflow-2/Airflow-2/.venv/lib/python3.10/site-packages/airflow/example_dags/example_xcom.py
[2024-12-06T22:22:16.031-0600] {processor.py:925} INFO - DAG(s) 'example_xcom' retrieved from /home/m9d9v9/PycharmProjects/Airflow-2/Airflow-2/.venv/lib/python3.10/site-packages/airflow/example_dags/example_xcom.py
[2024-12-06T22:22:16.052-0600] {logging_mixin.py:190} INFO - [2024-12-06T22:22:16.052-0600] {dag.py:3239} INFO - Sync 1 DAGs
[2024-12-06T22:22:16.066-0600] {logging_mixin.py:190} INFO - [2024-12-06T22:22:16.066-0600] {dag.py:4180} INFO - Setting next_dagrun for example_xcom to 2021-01-01 00:00:00+00:00, run_after=2021-01-01 00:00:00+00:00
[2024-12-06T22:22:16.080-0600] {processor.py:208} INFO - Processing /home/m9d9v9/PycharmProjects/Airflow-2/Airflow-2/.venv/lib/python3.10/site-packages/airflow/example_dags/example_xcom.py took 0.088 seconds
[2024-12-06T22:22:56.385-0600] {processor.py:186} INFO - Started process (PID=12916) to work on /home/m9d9v9/PycharmProjects/Airflow-2/Airflow-2/.venv/lib/python3.10/site-packages/airflow/example_dags/example_xcom.py
[2024-12-06T22:22:56.392-0600] {processor.py:914} INFO - Processing file /home/m9d9v9/PycharmProjects/Airflow-2/Airflow-2/.venv/lib/python3.10/site-packages/airflow/example_dags/example_xcom.py for tasks to queue
[2024-12-06T22:22:56.394-0600] {logging_mixin.py:190} INFO - [2024-12-06T22:22:56.394-0600] {dagbag.py:588} INFO - Filling up the DagBag from /home/m9d9v9/PycharmProjects/Airflow-2/Airflow-2/.venv/lib/python3.10/site-packages/airflow/example_dags/example_xcom.py
[2024-12-06T22:22:56.403-0600] {processor.py:925} INFO - DAG(s) 'example_xcom' retrieved from /home/m9d9v9/PycharmProjects/Airflow-2/Airflow-2/.venv/lib/python3.10/site-packages/airflow/example_dags/example_xcom.py
[2024-12-06T22:22:56.418-0600] {logging_mixin.py:190} INFO - [2024-12-06T22:22:56.418-0600] {dag.py:3239} INFO - Sync 1 DAGs
[2024-12-06T22:22:56.452-0600] {logging_mixin.py:190} INFO - [2024-12-06T22:22:56.452-0600] {dag.py:4180} INFO - Setting next_dagrun for example_xcom to 2021-01-01 00:00:00+00:00, run_after=2021-01-01 00:00:00+00:00
[2024-12-06T22:22:56.497-0600] {processor.py:208} INFO - Processing /home/m9d9v9/PycharmProjects/Airflow-2/Airflow-2/.venv/lib/python3.10/site-packages/airflow/example_dags/example_xcom.py took 0.118 seconds
[2024-12-06T22:23:53.281-0600] {processor.py:186} INFO - Started process (PID=12989) to work on /home/m9d9v9/PycharmProjects/Airflow-2/Airflow-2/.venv/lib/python3.10/site-packages/airflow/example_dags/example_xcom.py
[2024-12-06T22:23:53.288-0600] {processor.py:914} INFO - Processing file /home/m9d9v9/PycharmProjects/Airflow-2/Airflow-2/.venv/lib/python3.10/site-packages/airflow/example_dags/example_xcom.py for tasks to queue
[2024-12-06T22:23:53.290-0600] {logging_mixin.py:190} INFO - [2024-12-06T22:23:53.290-0600] {dagbag.py:588} INFO - Filling up the DagBag from /home/m9d9v9/PycharmProjects/Airflow-2/Airflow-2/.venv/lib/python3.10/site-packages/airflow/example_dags/example_xcom.py
[2024-12-06T22:23:53.310-0600] {processor.py:925} INFO - DAG(s) 'example_xcom' retrieved from /home/m9d9v9/PycharmProjects/Airflow-2/Airflow-2/.venv/lib/python3.10/site-packages/airflow/example_dags/example_xcom.py
[2024-12-06T22:23:53.331-0600] {logging_mixin.py:190} INFO - [2024-12-06T22:23:53.331-0600] {dag.py:3239} INFO - Sync 1 DAGs
[2024-12-06T22:23:53.343-0600] {logging_mixin.py:190} INFO - [2024-12-06T22:23:53.343-0600] {dag.py:4180} INFO - Setting next_dagrun for example_xcom to 2021-01-01 00:00:00+00:00, run_after=2021-01-01 00:00:00+00:00
[2024-12-06T22:23:53.355-0600] {processor.py:208} INFO - Processing /home/m9d9v9/PycharmProjects/Airflow-2/Airflow-2/.venv/lib/python3.10/site-packages/airflow/example_dags/example_xcom.py took 0.087 seconds
[2024-12-06T22:24:49.486-0600] {processor.py:186} INFO - Started process (PID=13066) to work on /home/m9d9v9/PycharmProjects/Airflow-2/Airflow-2/.venv/lib/python3.10/site-packages/airflow/example_dags/example_xcom.py
[2024-12-06T22:24:49.502-0600] {processor.py:914} INFO - Processing file /home/m9d9v9/PycharmProjects/Airflow-2/Airflow-2/.venv/lib/python3.10/site-packages/airflow/example_dags/example_xcom.py for tasks to queue
[2024-12-06T22:24:49.508-0600] {logging_mixin.py:190} INFO - [2024-12-06T22:24:49.506-0600] {dagbag.py:588} INFO - Filling up the DagBag from /home/m9d9v9/PycharmProjects/Airflow-2/Airflow-2/.venv/lib/python3.10/site-packages/airflow/example_dags/example_xcom.py
[2024-12-06T22:24:49.550-0600] {processor.py:925} INFO - DAG(s) 'example_xcom' retrieved from /home/m9d9v9/PycharmProjects/Airflow-2/Airflow-2/.venv/lib/python3.10/site-packages/airflow/example_dags/example_xcom.py
[2024-12-06T22:24:49.602-0600] {logging_mixin.py:190} INFO - [2024-12-06T22:24:49.601-0600] {dag.py:3239} INFO - Sync 1 DAGs
[2024-12-06T22:24:49.629-0600] {logging_mixin.py:190} INFO - [2024-12-06T22:24:49.628-0600] {dag.py:4180} INFO - Setting next_dagrun for example_xcom to 2021-01-01 00:00:00+00:00, run_after=2021-01-01 00:00:00+00:00
[2024-12-06T22:24:49.675-0600] {processor.py:208} INFO - Processing /home/m9d9v9/PycharmProjects/Airflow-2/Airflow-2/.venv/lib/python3.10/site-packages/airflow/example_dags/example_xcom.py took 0.251 seconds
[2024-12-06T22:25:46.945-0600] {processor.py:186} INFO - Started process (PID=13146) to work on /home/m9d9v9/PycharmProjects/Airflow-2/Airflow-2/.venv/lib/python3.10/site-packages/airflow/example_dags/example_xcom.py
[2024-12-06T22:25:46.947-0600] {processor.py:914} INFO - Processing file /home/m9d9v9/PycharmProjects/Airflow-2/Airflow-2/.venv/lib/python3.10/site-packages/airflow/example_dags/example_xcom.py for tasks to queue
[2024-12-06T22:25:46.948-0600] {logging_mixin.py:190} INFO - [2024-12-06T22:25:46.948-0600] {dagbag.py:588} INFO - Filling up the DagBag from /home/m9d9v9/PycharmProjects/Airflow-2/Airflow-2/.venv/lib/python3.10/site-packages/airflow/example_dags/example_xcom.py
[2024-12-06T22:25:46.955-0600] {processor.py:925} INFO - DAG(s) 'example_xcom' retrieved from /home/m9d9v9/PycharmProjects/Airflow-2/Airflow-2/.venv/lib/python3.10/site-packages/airflow/example_dags/example_xcom.py
[2024-12-06T22:25:46.968-0600] {logging_mixin.py:190} INFO - [2024-12-06T22:25:46.968-0600] {dag.py:3239} INFO - Sync 1 DAGs
[2024-12-06T22:25:46.980-0600] {logging_mixin.py:190} INFO - [2024-12-06T22:25:46.980-0600] {dag.py:4180} INFO - Setting next_dagrun for example_xcom to 2021-01-01 00:00:00+00:00, run_after=2021-01-01 00:00:00+00:00
[2024-12-06T22:25:46.992-0600] {processor.py:208} INFO - Processing /home/m9d9v9/PycharmProjects/Airflow-2/Airflow-2/.venv/lib/python3.10/site-packages/airflow/example_dags/example_xcom.py took 0.052 seconds
[2024-12-06T22:26:43.275-0600] {processor.py:186} INFO - Started process (PID=13225) to work on /home/m9d9v9/PycharmProjects/Airflow-2/Airflow-2/.venv/lib/python3.10/site-packages/airflow/example_dags/example_xcom.py
[2024-12-06T22:26:43.281-0600] {processor.py:914} INFO - Processing file /home/m9d9v9/PycharmProjects/Airflow-2/Airflow-2/.venv/lib/python3.10/site-packages/airflow/example_dags/example_xcom.py for tasks to queue
[2024-12-06T22:26:43.284-0600] {logging_mixin.py:190} INFO - [2024-12-06T22:26:43.283-0600] {dagbag.py:588} INFO - Filling up the DagBag from /home/m9d9v9/PycharmProjects/Airflow-2/Airflow-2/.venv/lib/python3.10/site-packages/airflow/example_dags/example_xcom.py
[2024-12-06T22:26:43.304-0600] {processor.py:925} INFO - DAG(s) 'example_xcom' retrieved from /home/m9d9v9/PycharmProjects/Airflow-2/Airflow-2/.venv/lib/python3.10/site-packages/airflow/example_dags/example_xcom.py
[2024-12-06T22:26:43.328-0600] {logging_mixin.py:190} INFO - [2024-12-06T22:26:43.328-0600] {dag.py:3239} INFO - Sync 1 DAGs
[2024-12-06T22:26:43.343-0600] {logging_mixin.py:190} INFO - [2024-12-06T22:26:43.343-0600] {dag.py:4180} INFO - Setting next_dagrun for example_xcom to 2021-01-01 00:00:00+00:00, run_after=2021-01-01 00:00:00+00:00
[2024-12-06T22:26:43.356-0600] {processor.py:208} INFO - Processing /home/m9d9v9/PycharmProjects/Airflow-2/Airflow-2/.venv/lib/python3.10/site-packages/airflow/example_dags/example_xcom.py took 0.093 seconds
[2024-12-06T22:36:52.318-0600] {processor.py:186} INFO - Started process (PID=14544) to work on /home/m9d9v9/PycharmProjects/Airflow-2/Airflow-2/.venv/lib/python3.10/site-packages/airflow/example_dags/example_xcom.py
[2024-12-06T22:36:52.326-0600] {processor.py:914} INFO - Processing file /home/m9d9v9/PycharmProjects/Airflow-2/Airflow-2/.venv/lib/python3.10/site-packages/airflow/example_dags/example_xcom.py for tasks to queue
[2024-12-06T22:36:52.330-0600] {logging_mixin.py:190} INFO - [2024-12-06T22:36:52.329-0600] {dagbag.py:588} INFO - Filling up the DagBag from /home/m9d9v9/PycharmProjects/Airflow-2/Airflow-2/.venv/lib/python3.10/site-packages/airflow/example_dags/example_xcom.py
[2024-12-06T22:36:52.350-0600] {processor.py:925} INFO - DAG(s) 'example_xcom' retrieved from /home/m9d9v9/PycharmProjects/Airflow-2/Airflow-2/.venv/lib/python3.10/site-packages/airflow/example_dags/example_xcom.py
[2024-12-06T22:36:52.376-0600] {logging_mixin.py:190} INFO - [2024-12-06T22:36:52.376-0600] {dag.py:3239} INFO - Sync 1 DAGs
[2024-12-06T22:36:52.392-0600] {logging_mixin.py:190} INFO - [2024-12-06T22:36:52.392-0600] {dag.py:4180} INFO - Setting next_dagrun for example_xcom to 2021-01-01 00:00:00+00:00, run_after=2021-01-01 00:00:00+00:00
[2024-12-06T22:36:52.405-0600] {processor.py:208} INFO - Processing /home/m9d9v9/PycharmProjects/Airflow-2/Airflow-2/.venv/lib/python3.10/site-packages/airflow/example_dags/example_xcom.py took 0.097 seconds
[2024-12-06T22:37:49.531-0600] {processor.py:186} INFO - Started process (PID=14689) to work on /home/m9d9v9/PycharmProjects/Airflow-2/Airflow-2/.venv/lib/python3.10/site-packages/airflow/example_dags/example_xcom.py
[2024-12-06T22:37:49.532-0600] {processor.py:914} INFO - Processing file /home/m9d9v9/PycharmProjects/Airflow-2/Airflow-2/.venv/lib/python3.10/site-packages/airflow/example_dags/example_xcom.py for tasks to queue
[2024-12-06T22:37:49.534-0600] {logging_mixin.py:190} INFO - [2024-12-06T22:37:49.534-0600] {dagbag.py:588} INFO - Filling up the DagBag from /home/m9d9v9/PycharmProjects/Airflow-2/Airflow-2/.venv/lib/python3.10/site-packages/airflow/example_dags/example_xcom.py
[2024-12-06T22:37:49.542-0600] {processor.py:925} INFO - DAG(s) 'example_xcom' retrieved from /home/m9d9v9/PycharmProjects/Airflow-2/Airflow-2/.venv/lib/python3.10/site-packages/airflow/example_dags/example_xcom.py
[2024-12-06T22:37:49.555-0600] {logging_mixin.py:190} INFO - [2024-12-06T22:37:49.555-0600] {dag.py:3239} INFO - Sync 1 DAGs
[2024-12-06T22:37:49.567-0600] {logging_mixin.py:190} INFO - [2024-12-06T22:37:49.567-0600] {dag.py:4180} INFO - Setting next_dagrun for example_xcom to 2021-01-01 00:00:00+00:00, run_after=2021-01-01 00:00:00+00:00
[2024-12-06T22:37:49.578-0600] {processor.py:208} INFO - Processing /home/m9d9v9/PycharmProjects/Airflow-2/Airflow-2/.venv/lib/python3.10/site-packages/airflow/example_dags/example_xcom.py took 0.055 seconds
[2024-12-06T22:38:47.353-0600] {processor.py:186} INFO - Started process (PID=14787) to work on /home/m9d9v9/PycharmProjects/Airflow-2/Airflow-2/.venv/lib/python3.10/site-packages/airflow/example_dags/example_xcom.py
[2024-12-06T22:38:47.359-0600] {processor.py:914} INFO - Processing file /home/m9d9v9/PycharmProjects/Airflow-2/Airflow-2/.venv/lib/python3.10/site-packages/airflow/example_dags/example_xcom.py for tasks to queue
[2024-12-06T22:38:47.361-0600] {logging_mixin.py:190} INFO - [2024-12-06T22:38:47.361-0600] {dagbag.py:588} INFO - Filling up the DagBag from /home/m9d9v9/PycharmProjects/Airflow-2/Airflow-2/.venv/lib/python3.10/site-packages/airflow/example_dags/example_xcom.py
[2024-12-06T22:38:47.373-0600] {processor.py:925} INFO - DAG(s) 'example_xcom' retrieved from /home/m9d9v9/PycharmProjects/Airflow-2/Airflow-2/.venv/lib/python3.10/site-packages/airflow/example_dags/example_xcom.py
[2024-12-06T22:38:47.397-0600] {logging_mixin.py:190} INFO - [2024-12-06T22:38:47.397-0600] {dag.py:3239} INFO - Sync 1 DAGs
[2024-12-06T22:38:47.411-0600] {logging_mixin.py:190} INFO - [2024-12-06T22:38:47.411-0600] {dag.py:4180} INFO - Setting next_dagrun for example_xcom to 2021-01-01 00:00:00+00:00, run_after=2021-01-01 00:00:00+00:00
[2024-12-06T22:38:47.423-0600] {processor.py:208} INFO - Processing /home/m9d9v9/PycharmProjects/Airflow-2/Airflow-2/.venv/lib/python3.10/site-packages/airflow/example_dags/example_xcom.py took 0.079 seconds
[2024-12-06T22:39:45.139-0600] {processor.py:186} INFO - Started process (PID=14982) to work on /home/m9d9v9/PycharmProjects/Airflow-2/Airflow-2/.venv/lib/python3.10/site-packages/airflow/example_dags/example_xcom.py
[2024-12-06T22:39:45.146-0600] {processor.py:914} INFO - Processing file /home/m9d9v9/PycharmProjects/Airflow-2/Airflow-2/.venv/lib/python3.10/site-packages/airflow/example_dags/example_xcom.py for tasks to queue
[2024-12-06T22:39:45.148-0600] {logging_mixin.py:190} INFO - [2024-12-06T22:39:45.148-0600] {dagbag.py:588} INFO - Filling up the DagBag from /home/m9d9v9/PycharmProjects/Airflow-2/Airflow-2/.venv/lib/python3.10/site-packages/airflow/example_dags/example_xcom.py
[2024-12-06T22:39:45.157-0600] {processor.py:925} INFO - DAG(s) 'example_xcom' retrieved from /home/m9d9v9/PycharmProjects/Airflow-2/Airflow-2/.venv/lib/python3.10/site-packages/airflow/example_dags/example_xcom.py
[2024-12-06T22:39:45.174-0600] {logging_mixin.py:190} INFO - [2024-12-06T22:39:45.173-0600] {dag.py:3239} INFO - Sync 1 DAGs
[2024-12-06T22:39:45.192-0600] {logging_mixin.py:190} INFO - [2024-12-06T22:39:45.192-0600] {dag.py:4180} INFO - Setting next_dagrun for example_xcom to 2021-01-01 00:00:00+00:00, run_after=2021-01-01 00:00:00+00:00
[2024-12-06T22:39:45.208-0600] {processor.py:208} INFO - Processing /home/m9d9v9/PycharmProjects/Airflow-2/Airflow-2/.venv/lib/python3.10/site-packages/airflow/example_dags/example_xcom.py took 0.076 seconds
[2024-12-06T22:40:44.666-0600] {processor.py:186} INFO - Started process (PID=15109) to work on /home/m9d9v9/PycharmProjects/Airflow-2/Airflow-2/.venv/lib/python3.10/site-packages/airflow/example_dags/example_xcom.py
[2024-12-06T22:40:44.673-0600] {processor.py:914} INFO - Processing file /home/m9d9v9/PycharmProjects/Airflow-2/Airflow-2/.venv/lib/python3.10/site-packages/airflow/example_dags/example_xcom.py for tasks to queue
[2024-12-06T22:40:44.677-0600] {logging_mixin.py:190} INFO - [2024-12-06T22:40:44.677-0600] {dagbag.py:588} INFO - Filling up the DagBag from /home/m9d9v9/PycharmProjects/Airflow-2/Airflow-2/.venv/lib/python3.10/site-packages/airflow/example_dags/example_xcom.py
[2024-12-06T22:40:44.694-0600] {processor.py:925} INFO - DAG(s) 'example_xcom' retrieved from /home/m9d9v9/PycharmProjects/Airflow-2/Airflow-2/.venv/lib/python3.10/site-packages/airflow/example_dags/example_xcom.py
[2024-12-06T22:40:44.716-0600] {logging_mixin.py:190} INFO - [2024-12-06T22:40:44.716-0600] {dag.py:3239} INFO - Sync 1 DAGs
[2024-12-06T22:40:44.728-0600] {logging_mixin.py:190} INFO - [2024-12-06T22:40:44.727-0600] {dag.py:4180} INFO - Setting next_dagrun for example_xcom to 2021-01-01 00:00:00+00:00, run_after=2021-01-01 00:00:00+00:00
[2024-12-06T22:40:44.740-0600] {processor.py:208} INFO - Processing /home/m9d9v9/PycharmProjects/Airflow-2/Airflow-2/.venv/lib/python3.10/site-packages/airflow/example_dags/example_xcom.py took 0.091 seconds
[2024-12-06T23:25:00.768-0600] {processor.py:186} INFO - Started process (PID=17106) to work on /home/m9d9v9/PycharmProjects/Airflow-2/Airflow-2/.venv/lib/python3.10/site-packages/airflow/example_dags/example_xcom.py
[2024-12-06T23:25:00.768-0600] {processor.py:914} INFO - Processing file /home/m9d9v9/PycharmProjects/Airflow-2/Airflow-2/.venv/lib/python3.10/site-packages/airflow/example_dags/example_xcom.py for tasks to queue
[2024-12-06T23:25:00.770-0600] {logging_mixin.py:190} INFO - [2024-12-06T23:25:00.770-0600] {dagbag.py:588} INFO - Filling up the DagBag from /home/m9d9v9/PycharmProjects/Airflow-2/Airflow-2/.venv/lib/python3.10/site-packages/airflow/example_dags/example_xcom.py
[2024-12-06T23:25:00.779-0600] {processor.py:925} INFO - DAG(s) 'example_xcom' retrieved from /home/m9d9v9/PycharmProjects/Airflow-2/Airflow-2/.venv/lib/python3.10/site-packages/airflow/example_dags/example_xcom.py
[2024-12-06T23:25:00.794-0600] {logging_mixin.py:190} INFO - [2024-12-06T23:25:00.794-0600] {dag.py:3239} INFO - Sync 1 DAGs
[2024-12-06T23:25:00.807-0600] {logging_mixin.py:190} INFO - [2024-12-06T23:25:00.807-0600] {dag.py:4180} INFO - Setting next_dagrun for example_xcom to 2021-01-01 00:00:00+00:00, run_after=2021-01-01 00:00:00+00:00
[2024-12-06T23:25:00.820-0600] {processor.py:208} INFO - Processing /home/m9d9v9/PycharmProjects/Airflow-2/Airflow-2/.venv/lib/python3.10/site-packages/airflow/example_dags/example_xcom.py took 0.057 seconds
[2024-12-06T23:25:57.362-0600] {processor.py:186} INFO - Started process (PID=17365) to work on /home/m9d9v9/PycharmProjects/Airflow-2/Airflow-2/.venv/lib/python3.10/site-packages/airflow/example_dags/example_xcom.py
[2024-12-06T23:25:57.364-0600] {processor.py:914} INFO - Processing file /home/m9d9v9/PycharmProjects/Airflow-2/Airflow-2/.venv/lib/python3.10/site-packages/airflow/example_dags/example_xcom.py for tasks to queue
[2024-12-06T23:25:57.366-0600] {logging_mixin.py:190} INFO - [2024-12-06T23:25:57.365-0600] {dagbag.py:588} INFO - Filling up the DagBag from /home/m9d9v9/PycharmProjects/Airflow-2/Airflow-2/.venv/lib/python3.10/site-packages/airflow/example_dags/example_xcom.py
[2024-12-06T23:25:57.381-0600] {processor.py:925} INFO - DAG(s) 'example_xcom' retrieved from /home/m9d9v9/PycharmProjects/Airflow-2/Airflow-2/.venv/lib/python3.10/site-packages/airflow/example_dags/example_xcom.py
[2024-12-06T23:25:57.400-0600] {logging_mixin.py:190} INFO - [2024-12-06T23:25:57.399-0600] {dag.py:3239} INFO - Sync 1 DAGs
[2024-12-06T23:25:57.415-0600] {logging_mixin.py:190} INFO - [2024-12-06T23:25:57.415-0600] {dag.py:4180} INFO - Setting next_dagrun for example_xcom to 2021-01-01 00:00:00+00:00, run_after=2021-01-01 00:00:00+00:00
[2024-12-06T23:25:57.433-0600] {processor.py:208} INFO - Processing /home/m9d9v9/PycharmProjects/Airflow-2/Airflow-2/.venv/lib/python3.10/site-packages/airflow/example_dags/example_xcom.py took 0.089 seconds
[2024-12-06T23:26:53.680-0600] {processor.py:186} INFO - Started process (PID=17440) to work on /home/m9d9v9/PycharmProjects/Airflow-2/Airflow-2/.venv/lib/python3.10/site-packages/airflow/example_dags/example_xcom.py
[2024-12-06T23:26:53.686-0600] {processor.py:914} INFO - Processing file /home/m9d9v9/PycharmProjects/Airflow-2/Airflow-2/.venv/lib/python3.10/site-packages/airflow/example_dags/example_xcom.py for tasks to queue
[2024-12-06T23:26:53.687-0600] {logging_mixin.py:190} INFO - [2024-12-06T23:26:53.687-0600] {dagbag.py:588} INFO - Filling up the DagBag from /home/m9d9v9/PycharmProjects/Airflow-2/Airflow-2/.venv/lib/python3.10/site-packages/airflow/example_dags/example_xcom.py
[2024-12-06T23:26:53.694-0600] {processor.py:925} INFO - DAG(s) 'example_xcom' retrieved from /home/m9d9v9/PycharmProjects/Airflow-2/Airflow-2/.venv/lib/python3.10/site-packages/airflow/example_dags/example_xcom.py
[2024-12-06T23:26:53.703-0600] {logging_mixin.py:190} INFO - [2024-12-06T23:26:53.703-0600] {dag.py:3239} INFO - Sync 1 DAGs
[2024-12-06T23:26:53.714-0600] {logging_mixin.py:190} INFO - [2024-12-06T23:26:53.714-0600] {dag.py:4180} INFO - Setting next_dagrun for example_xcom to 2021-01-01 00:00:00+00:00, run_after=2021-01-01 00:00:00+00:00
[2024-12-06T23:26:53.726-0600] {processor.py:208} INFO - Processing /home/m9d9v9/PycharmProjects/Airflow-2/Airflow-2/.venv/lib/python3.10/site-packages/airflow/example_dags/example_xcom.py took 0.050 seconds
[2024-12-06T23:27:50.984-0600] {processor.py:186} INFO - Started process (PID=17513) to work on /home/m9d9v9/PycharmProjects/Airflow-2/Airflow-2/.venv/lib/python3.10/site-packages/airflow/example_dags/example_xcom.py
[2024-12-06T23:27:50.990-0600] {processor.py:914} INFO - Processing file /home/m9d9v9/PycharmProjects/Airflow-2/Airflow-2/.venv/lib/python3.10/site-packages/airflow/example_dags/example_xcom.py for tasks to queue
[2024-12-06T23:27:50.991-0600] {logging_mixin.py:190} INFO - [2024-12-06T23:27:50.991-0600] {dagbag.py:588} INFO - Filling up the DagBag from /home/m9d9v9/PycharmProjects/Airflow-2/Airflow-2/.venv/lib/python3.10/site-packages/airflow/example_dags/example_xcom.py
[2024-12-06T23:27:50.997-0600] {processor.py:925} INFO - DAG(s) 'example_xcom' retrieved from /home/m9d9v9/PycharmProjects/Airflow-2/Airflow-2/.venv/lib/python3.10/site-packages/airflow/example_dags/example_xcom.py
[2024-12-06T23:27:51.007-0600] {logging_mixin.py:190} INFO - [2024-12-06T23:27:51.007-0600] {dag.py:3239} INFO - Sync 1 DAGs
[2024-12-06T23:27:51.023-0600] {logging_mixin.py:190} INFO - [2024-12-06T23:27:51.022-0600] {dag.py:4180} INFO - Setting next_dagrun for example_xcom to 2021-01-01 00:00:00+00:00, run_after=2021-01-01 00:00:00+00:00
[2024-12-06T23:27:51.034-0600] {processor.py:208} INFO - Processing /home/m9d9v9/PycharmProjects/Airflow-2/Airflow-2/.venv/lib/python3.10/site-packages/airflow/example_dags/example_xcom.py took 0.054 seconds
[2024-12-06T23:28:48.472-0600] {processor.py:186} INFO - Started process (PID=17618) to work on /home/m9d9v9/PycharmProjects/Airflow-2/Airflow-2/.venv/lib/python3.10/site-packages/airflow/example_dags/example_xcom.py
[2024-12-06T23:28:48.479-0600] {processor.py:914} INFO - Processing file /home/m9d9v9/PycharmProjects/Airflow-2/Airflow-2/.venv/lib/python3.10/site-packages/airflow/example_dags/example_xcom.py for tasks to queue
[2024-12-06T23:28:48.480-0600] {logging_mixin.py:190} INFO - [2024-12-06T23:28:48.480-0600] {dagbag.py:588} INFO - Filling up the DagBag from /home/m9d9v9/PycharmProjects/Airflow-2/Airflow-2/.venv/lib/python3.10/site-packages/airflow/example_dags/example_xcom.py
[2024-12-06T23:28:48.491-0600] {processor.py:925} INFO - DAG(s) 'example_xcom' retrieved from /home/m9d9v9/PycharmProjects/Airflow-2/Airflow-2/.venv/lib/python3.10/site-packages/airflow/example_dags/example_xcom.py
[2024-12-06T23:28:48.512-0600] {logging_mixin.py:190} INFO - [2024-12-06T23:28:48.511-0600] {dag.py:3239} INFO - Sync 1 DAGs
[2024-12-06T23:28:48.529-0600] {logging_mixin.py:190} INFO - [2024-12-06T23:28:48.529-0600] {dag.py:4180} INFO - Setting next_dagrun for example_xcom to 2021-01-01 00:00:00+00:00, run_after=2021-01-01 00:00:00+00:00
[2024-12-06T23:28:48.541-0600] {processor.py:208} INFO - Processing /home/m9d9v9/PycharmProjects/Airflow-2/Airflow-2/.venv/lib/python3.10/site-packages/airflow/example_dags/example_xcom.py took 0.076 seconds
[2024-12-06T23:29:44.661-0600] {processor.py:186} INFO - Started process (PID=17757) to work on /home/m9d9v9/PycharmProjects/Airflow-2/Airflow-2/.venv/lib/python3.10/site-packages/airflow/example_dags/example_xcom.py
[2024-12-06T23:29:44.662-0600] {processor.py:914} INFO - Processing file /home/m9d9v9/PycharmProjects/Airflow-2/Airflow-2/.venv/lib/python3.10/site-packages/airflow/example_dags/example_xcom.py for tasks to queue
[2024-12-06T23:29:44.663-0600] {logging_mixin.py:190} INFO - [2024-12-06T23:29:44.663-0600] {dagbag.py:588} INFO - Filling up the DagBag from /home/m9d9v9/PycharmProjects/Airflow-2/Airflow-2/.venv/lib/python3.10/site-packages/airflow/example_dags/example_xcom.py
[2024-12-06T23:29:44.671-0600] {processor.py:925} INFO - DAG(s) 'example_xcom' retrieved from /home/m9d9v9/PycharmProjects/Airflow-2/Airflow-2/.venv/lib/python3.10/site-packages/airflow/example_dags/example_xcom.py
[2024-12-06T23:29:44.684-0600] {logging_mixin.py:190} INFO - [2024-12-06T23:29:44.684-0600] {dag.py:3239} INFO - Sync 1 DAGs
[2024-12-06T23:29:44.699-0600] {logging_mixin.py:190} INFO - [2024-12-06T23:29:44.699-0600] {dag.py:4180} INFO - Setting next_dagrun for example_xcom to 2021-01-01 00:00:00+00:00, run_after=2021-01-01 00:00:00+00:00
[2024-12-06T23:29:44.712-0600] {processor.py:208} INFO - Processing /home/m9d9v9/PycharmProjects/Airflow-2/Airflow-2/.venv/lib/python3.10/site-packages/airflow/example_dags/example_xcom.py took 0.056 seconds
[2024-12-06T23:30:40.457-0600] {processor.py:186} INFO - Started process (PID=17879) to work on /home/m9d9v9/PycharmProjects/Airflow-2/Airflow-2/.venv/lib/python3.10/site-packages/airflow/example_dags/example_xcom.py
[2024-12-06T23:30:40.464-0600] {processor.py:914} INFO - Processing file /home/m9d9v9/PycharmProjects/Airflow-2/Airflow-2/.venv/lib/python3.10/site-packages/airflow/example_dags/example_xcom.py for tasks to queue
[2024-12-06T23:30:40.466-0600] {logging_mixin.py:190} INFO - [2024-12-06T23:30:40.465-0600] {dagbag.py:588} INFO - Filling up the DagBag from /home/m9d9v9/PycharmProjects/Airflow-2/Airflow-2/.venv/lib/python3.10/site-packages/airflow/example_dags/example_xcom.py
[2024-12-06T23:30:40.482-0600] {processor.py:925} INFO - DAG(s) 'example_xcom' retrieved from /home/m9d9v9/PycharmProjects/Airflow-2/Airflow-2/.venv/lib/python3.10/site-packages/airflow/example_dags/example_xcom.py
[2024-12-06T23:30:40.508-0600] {logging_mixin.py:190} INFO - [2024-12-06T23:30:40.508-0600] {dag.py:3239} INFO - Sync 1 DAGs
[2024-12-06T23:30:40.519-0600] {logging_mixin.py:190} INFO - [2024-12-06T23:30:40.519-0600] {dag.py:4180} INFO - Setting next_dagrun for example_xcom to 2021-01-01 00:00:00+00:00, run_after=2021-01-01 00:00:00+00:00
[2024-12-06T23:30:40.530-0600] {processor.py:208} INFO - Processing /home/m9d9v9/PycharmProjects/Airflow-2/Airflow-2/.venv/lib/python3.10/site-packages/airflow/example_dags/example_xcom.py took 0.083 seconds
[2024-12-06T23:31:36.974-0600] {processor.py:186} INFO - Started process (PID=17947) to work on /home/m9d9v9/PycharmProjects/Airflow-2/Airflow-2/.venv/lib/python3.10/site-packages/airflow/example_dags/example_xcom.py
[2024-12-06T23:31:36.981-0600] {processor.py:914} INFO - Processing file /home/m9d9v9/PycharmProjects/Airflow-2/Airflow-2/.venv/lib/python3.10/site-packages/airflow/example_dags/example_xcom.py for tasks to queue
[2024-12-06T23:31:36.983-0600] {logging_mixin.py:190} INFO - [2024-12-06T23:31:36.982-0600] {dagbag.py:588} INFO - Filling up the DagBag from /home/m9d9v9/PycharmProjects/Airflow-2/Airflow-2/.venv/lib/python3.10/site-packages/airflow/example_dags/example_xcom.py
[2024-12-06T23:31:37.002-0600] {processor.py:925} INFO - DAG(s) 'example_xcom' retrieved from /home/m9d9v9/PycharmProjects/Airflow-2/Airflow-2/.venv/lib/python3.10/site-packages/airflow/example_dags/example_xcom.py
[2024-12-06T23:31:37.025-0600] {logging_mixin.py:190} INFO - [2024-12-06T23:31:37.025-0600] {dag.py:3239} INFO - Sync 1 DAGs
[2024-12-06T23:31:37.036-0600] {logging_mixin.py:190} INFO - [2024-12-06T23:31:37.036-0600] {dag.py:4180} INFO - Setting next_dagrun for example_xcom to 2021-01-01 00:00:00+00:00, run_after=2021-01-01 00:00:00+00:00
[2024-12-06T23:31:37.140-0600] {processor.py:208} INFO - Processing /home/m9d9v9/PycharmProjects/Airflow-2/Airflow-2/.venv/lib/python3.10/site-packages/airflow/example_dags/example_xcom.py took 0.179 seconds
[2024-12-06T23:32:36.293-0600] {processor.py:186} INFO - Started process (PID=18059) to work on /home/m9d9v9/PycharmProjects/Airflow-2/Airflow-2/.venv/lib/python3.10/site-packages/airflow/example_dags/example_xcom.py
[2024-12-06T23:32:36.300-0600] {processor.py:914} INFO - Processing file /home/m9d9v9/PycharmProjects/Airflow-2/Airflow-2/.venv/lib/python3.10/site-packages/airflow/example_dags/example_xcom.py for tasks to queue
[2024-12-06T23:32:36.302-0600] {logging_mixin.py:190} INFO - [2024-12-06T23:32:36.301-0600] {dagbag.py:588} INFO - Filling up the DagBag from /home/m9d9v9/PycharmProjects/Airflow-2/Airflow-2/.venv/lib/python3.10/site-packages/airflow/example_dags/example_xcom.py
[2024-12-06T23:32:36.320-0600] {processor.py:925} INFO - DAG(s) 'example_xcom' retrieved from /home/m9d9v9/PycharmProjects/Airflow-2/Airflow-2/.venv/lib/python3.10/site-packages/airflow/example_dags/example_xcom.py
[2024-12-06T23:32:36.341-0600] {logging_mixin.py:190} INFO - [2024-12-06T23:32:36.341-0600] {dag.py:3239} INFO - Sync 1 DAGs
[2024-12-06T23:32:36.352-0600] {logging_mixin.py:190} INFO - [2024-12-06T23:32:36.352-0600] {dag.py:4180} INFO - Setting next_dagrun for example_xcom to 2021-01-01 00:00:00+00:00, run_after=2021-01-01 00:00:00+00:00
[2024-12-06T23:32:36.363-0600] {processor.py:208} INFO - Processing /home/m9d9v9/PycharmProjects/Airflow-2/Airflow-2/.venv/lib/python3.10/site-packages/airflow/example_dags/example_xcom.py took 0.081 seconds
[2024-12-06T23:33:32.688-0600] {processor.py:186} INFO - Started process (PID=18127) to work on /home/m9d9v9/PycharmProjects/Airflow-2/Airflow-2/.venv/lib/python3.10/site-packages/airflow/example_dags/example_xcom.py
[2024-12-06T23:33:32.695-0600] {processor.py:914} INFO - Processing file /home/m9d9v9/PycharmProjects/Airflow-2/Airflow-2/.venv/lib/python3.10/site-packages/airflow/example_dags/example_xcom.py for tasks to queue
[2024-12-06T23:33:32.698-0600] {logging_mixin.py:190} INFO - [2024-12-06T23:33:32.697-0600] {dagbag.py:588} INFO - Filling up the DagBag from /home/m9d9v9/PycharmProjects/Airflow-2/Airflow-2/.venv/lib/python3.10/site-packages/airflow/example_dags/example_xcom.py
[2024-12-06T23:33:32.715-0600] {processor.py:925} INFO - DAG(s) 'example_xcom' retrieved from /home/m9d9v9/PycharmProjects/Airflow-2/Airflow-2/.venv/lib/python3.10/site-packages/airflow/example_dags/example_xcom.py
[2024-12-06T23:33:32.737-0600] {logging_mixin.py:190} INFO - [2024-12-06T23:33:32.737-0600] {dag.py:3239} INFO - Sync 1 DAGs
[2024-12-06T23:33:32.748-0600] {logging_mixin.py:190} INFO - [2024-12-06T23:33:32.748-0600] {dag.py:4180} INFO - Setting next_dagrun for example_xcom to 2021-01-01 00:00:00+00:00, run_after=2021-01-01 00:00:00+00:00
[2024-12-06T23:33:32.759-0600] {processor.py:208} INFO - Processing /home/m9d9v9/PycharmProjects/Airflow-2/Airflow-2/.venv/lib/python3.10/site-packages/airflow/example_dags/example_xcom.py took 0.082 seconds
[2024-12-06T23:34:28.053-0600] {processor.py:186} INFO - Started process (PID=18196) to work on /home/m9d9v9/PycharmProjects/Airflow-2/Airflow-2/.venv/lib/python3.10/site-packages/airflow/example_dags/example_xcom.py
[2024-12-06T23:34:28.059-0600] {processor.py:914} INFO - Processing file /home/m9d9v9/PycharmProjects/Airflow-2/Airflow-2/.venv/lib/python3.10/site-packages/airflow/example_dags/example_xcom.py for tasks to queue
[2024-12-06T23:34:28.061-0600] {logging_mixin.py:190} INFO - [2024-12-06T23:34:28.060-0600] {dagbag.py:588} INFO - Filling up the DagBag from /home/m9d9v9/PycharmProjects/Airflow-2/Airflow-2/.venv/lib/python3.10/site-packages/airflow/example_dags/example_xcom.py
[2024-12-06T23:34:28.067-0600] {processor.py:925} INFO - DAG(s) 'example_xcom' retrieved from /home/m9d9v9/PycharmProjects/Airflow-2/Airflow-2/.venv/lib/python3.10/site-packages/airflow/example_dags/example_xcom.py
[2024-12-06T23:34:28.077-0600] {logging_mixin.py:190} INFO - [2024-12-06T23:34:28.077-0600] {dag.py:3239} INFO - Sync 1 DAGs
[2024-12-06T23:34:28.178-0600] {logging_mixin.py:190} INFO - [2024-12-06T23:34:28.178-0600] {dag.py:4180} INFO - Setting next_dagrun for example_xcom to 2021-01-01 00:00:00+00:00, run_after=2021-01-01 00:00:00+00:00
[2024-12-06T23:34:28.194-0600] {processor.py:208} INFO - Processing /home/m9d9v9/PycharmProjects/Airflow-2/Airflow-2/.venv/lib/python3.10/site-packages/airflow/example_dags/example_xcom.py took 0.145 seconds
[2024-12-06T23:35:31.386-0600] {processor.py:186} INFO - Started process (PID=18333) to work on /home/m9d9v9/PycharmProjects/Airflow-2/Airflow-2/.venv/lib/python3.10/site-packages/airflow/example_dags/example_xcom.py
[2024-12-06T23:35:31.392-0600] {processor.py:914} INFO - Processing file /home/m9d9v9/PycharmProjects/Airflow-2/Airflow-2/.venv/lib/python3.10/site-packages/airflow/example_dags/example_xcom.py for tasks to queue
[2024-12-06T23:35:31.394-0600] {logging_mixin.py:190} INFO - [2024-12-06T23:35:31.393-0600] {dagbag.py:588} INFO - Filling up the DagBag from /home/m9d9v9/PycharmProjects/Airflow-2/Airflow-2/.venv/lib/python3.10/site-packages/airflow/example_dags/example_xcom.py
[2024-12-06T23:35:31.400-0600] {processor.py:925} INFO - DAG(s) 'example_xcom' retrieved from /home/m9d9v9/PycharmProjects/Airflow-2/Airflow-2/.venv/lib/python3.10/site-packages/airflow/example_dags/example_xcom.py
[2024-12-06T23:35:31.410-0600] {logging_mixin.py:190} INFO - [2024-12-06T23:35:31.410-0600] {dag.py:3239} INFO - Sync 1 DAGs
[2024-12-06T23:35:31.421-0600] {logging_mixin.py:190} INFO - [2024-12-06T23:35:31.421-0600] {dag.py:4180} INFO - Setting next_dagrun for example_xcom to 2021-01-01 00:00:00+00:00, run_after=2021-01-01 00:00:00+00:00
[2024-12-06T23:35:31.521-0600] {processor.py:208} INFO - Processing /home/m9d9v9/PycharmProjects/Airflow-2/Airflow-2/.venv/lib/python3.10/site-packages/airflow/example_dags/example_xcom.py took 0.139 seconds
[2024-12-06T23:36:35.241-0600] {processor.py:186} INFO - Started process (PID=18406) to work on /home/m9d9v9/PycharmProjects/Airflow-2/Airflow-2/.venv/lib/python3.10/site-packages/airflow/example_dags/example_xcom.py
[2024-12-06T23:36:35.248-0600] {processor.py:914} INFO - Processing file /home/m9d9v9/PycharmProjects/Airflow-2/Airflow-2/.venv/lib/python3.10/site-packages/airflow/example_dags/example_xcom.py for tasks to queue
[2024-12-06T23:36:35.250-0600] {logging_mixin.py:190} INFO - [2024-12-06T23:36:35.249-0600] {dagbag.py:588} INFO - Filling up the DagBag from /home/m9d9v9/PycharmProjects/Airflow-2/Airflow-2/.venv/lib/python3.10/site-packages/airflow/example_dags/example_xcom.py
[2024-12-06T23:36:35.267-0600] {processor.py:925} INFO - DAG(s) 'example_xcom' retrieved from /home/m9d9v9/PycharmProjects/Airflow-2/Airflow-2/.venv/lib/python3.10/site-packages/airflow/example_dags/example_xcom.py
[2024-12-06T23:36:35.291-0600] {logging_mixin.py:190} INFO - [2024-12-06T23:36:35.291-0600] {dag.py:3239} INFO - Sync 1 DAGs
[2024-12-06T23:36:35.302-0600] {logging_mixin.py:190} INFO - [2024-12-06T23:36:35.302-0600] {dag.py:4180} INFO - Setting next_dagrun for example_xcom to 2021-01-01 00:00:00+00:00, run_after=2021-01-01 00:00:00+00:00
[2024-12-06T23:36:35.405-0600] {processor.py:208} INFO - Processing /home/m9d9v9/PycharmProjects/Airflow-2/Airflow-2/.venv/lib/python3.10/site-packages/airflow/example_dags/example_xcom.py took 0.174 seconds
[2024-12-06T23:37:36.659-0600] {processor.py:186} INFO - Started process (PID=18690) to work on /home/m9d9v9/PycharmProjects/Airflow-2/Airflow-2/.venv/lib/python3.10/site-packages/airflow/example_dags/example_xcom.py
[2024-12-06T23:37:36.665-0600] {processor.py:914} INFO - Processing file /home/m9d9v9/PycharmProjects/Airflow-2/Airflow-2/.venv/lib/python3.10/site-packages/airflow/example_dags/example_xcom.py for tasks to queue
[2024-12-06T23:37:36.667-0600] {logging_mixin.py:190} INFO - [2024-12-06T23:37:36.666-0600] {dagbag.py:588} INFO - Filling up the DagBag from /home/m9d9v9/PycharmProjects/Airflow-2/Airflow-2/.venv/lib/python3.10/site-packages/airflow/example_dags/example_xcom.py
[2024-12-06T23:37:36.675-0600] {processor.py:925} INFO - DAG(s) 'example_xcom' retrieved from /home/m9d9v9/PycharmProjects/Airflow-2/Airflow-2/.venv/lib/python3.10/site-packages/airflow/example_dags/example_xcom.py
[2024-12-06T23:37:36.690-0600] {logging_mixin.py:190} INFO - [2024-12-06T23:37:36.690-0600] {dag.py:3239} INFO - Sync 1 DAGs
[2024-12-06T23:37:36.705-0600] {logging_mixin.py:190} INFO - [2024-12-06T23:37:36.705-0600] {dag.py:4180} INFO - Setting next_dagrun for example_xcom to 2021-01-01 00:00:00+00:00, run_after=2021-01-01 00:00:00+00:00
[2024-12-06T23:37:36.719-0600] {processor.py:208} INFO - Processing /home/m9d9v9/PycharmProjects/Airflow-2/Airflow-2/.venv/lib/python3.10/site-packages/airflow/example_dags/example_xcom.py took 0.070 seconds
[2024-12-06T23:38:35.023-0600] {processor.py:186} INFO - Started process (PID=18823) to work on /home/m9d9v9/PycharmProjects/Airflow-2/Airflow-2/.venv/lib/python3.10/site-packages/airflow/example_dags/example_xcom.py
[2024-12-06T23:38:35.029-0600] {processor.py:914} INFO - Processing file /home/m9d9v9/PycharmProjects/Airflow-2/Airflow-2/.venv/lib/python3.10/site-packages/airflow/example_dags/example_xcom.py for tasks to queue
[2024-12-06T23:38:35.031-0600] {logging_mixin.py:190} INFO - [2024-12-06T23:38:35.030-0600] {dagbag.py:588} INFO - Filling up the DagBag from /home/m9d9v9/PycharmProjects/Airflow-2/Airflow-2/.venv/lib/python3.10/site-packages/airflow/example_dags/example_xcom.py
[2024-12-06T23:38:35.038-0600] {processor.py:925} INFO - DAG(s) 'example_xcom' retrieved from /home/m9d9v9/PycharmProjects/Airflow-2/Airflow-2/.venv/lib/python3.10/site-packages/airflow/example_dags/example_xcom.py
[2024-12-06T23:38:35.050-0600] {logging_mixin.py:190} INFO - [2024-12-06T23:38:35.050-0600] {dag.py:3239} INFO - Sync 1 DAGs
[2024-12-06T23:38:35.062-0600] {logging_mixin.py:190} INFO - [2024-12-06T23:38:35.062-0600] {dag.py:4180} INFO - Setting next_dagrun for example_xcom to 2021-01-01 00:00:00+00:00, run_after=2021-01-01 00:00:00+00:00
[2024-12-06T23:38:35.075-0600] {processor.py:208} INFO - Processing /home/m9d9v9/PycharmProjects/Airflow-2/Airflow-2/.venv/lib/python3.10/site-packages/airflow/example_dags/example_xcom.py took 0.056 seconds
[2024-12-06T23:39:40.753-0600] {processor.py:186} INFO - Started process (PID=19073) to work on /home/m9d9v9/PycharmProjects/Airflow-2/Airflow-2/.venv/lib/python3.10/site-packages/airflow/example_dags/example_xcom.py
[2024-12-06T23:39:40.759-0600] {processor.py:914} INFO - Processing file /home/m9d9v9/PycharmProjects/Airflow-2/Airflow-2/.venv/lib/python3.10/site-packages/airflow/example_dags/example_xcom.py for tasks to queue
[2024-12-06T23:39:40.761-0600] {logging_mixin.py:190} INFO - [2024-12-06T23:39:40.761-0600] {dagbag.py:588} INFO - Filling up the DagBag from /home/m9d9v9/PycharmProjects/Airflow-2/Airflow-2/.venv/lib/python3.10/site-packages/airflow/example_dags/example_xcom.py
[2024-12-06T23:39:40.778-0600] {processor.py:925} INFO - DAG(s) 'example_xcom' retrieved from /home/m9d9v9/PycharmProjects/Airflow-2/Airflow-2/.venv/lib/python3.10/site-packages/airflow/example_dags/example_xcom.py
[2024-12-06T23:39:40.799-0600] {logging_mixin.py:190} INFO - [2024-12-06T23:39:40.799-0600] {dag.py:3239} INFO - Sync 1 DAGs
[2024-12-06T23:39:40.813-0600] {logging_mixin.py:190} INFO - [2024-12-06T23:39:40.813-0600] {dag.py:4180} INFO - Setting next_dagrun for example_xcom to 2021-01-01 00:00:00+00:00, run_after=2021-01-01 00:00:00+00:00
[2024-12-06T23:39:40.824-0600] {processor.py:208} INFO - Processing /home/m9d9v9/PycharmProjects/Airflow-2/Airflow-2/.venv/lib/python3.10/site-packages/airflow/example_dags/example_xcom.py took 0.077 seconds
[2024-12-06T23:40:38.328-0600] {processor.py:186} INFO - Started process (PID=19262) to work on /home/m9d9v9/PycharmProjects/Airflow-2/Airflow-2/.venv/lib/python3.10/site-packages/airflow/example_dags/example_xcom.py
[2024-12-06T23:40:38.334-0600] {processor.py:914} INFO - Processing file /home/m9d9v9/PycharmProjects/Airflow-2/Airflow-2/.venv/lib/python3.10/site-packages/airflow/example_dags/example_xcom.py for tasks to queue
[2024-12-06T23:40:38.336-0600] {logging_mixin.py:190} INFO - [2024-12-06T23:40:38.335-0600] {dagbag.py:588} INFO - Filling up the DagBag from /home/m9d9v9/PycharmProjects/Airflow-2/Airflow-2/.venv/lib/python3.10/site-packages/airflow/example_dags/example_xcom.py
[2024-12-06T23:40:38.348-0600] {processor.py:925} INFO - DAG(s) 'example_xcom' retrieved from /home/m9d9v9/PycharmProjects/Airflow-2/Airflow-2/.venv/lib/python3.10/site-packages/airflow/example_dags/example_xcom.py
[2024-12-06T23:40:38.368-0600] {logging_mixin.py:190} INFO - [2024-12-06T23:40:38.368-0600] {dag.py:3239} INFO - Sync 1 DAGs
[2024-12-06T23:40:38.385-0600] {logging_mixin.py:190} INFO - [2024-12-06T23:40:38.385-0600] {dag.py:4180} INFO - Setting next_dagrun for example_xcom to 2021-01-01 00:00:00+00:00, run_after=2021-01-01 00:00:00+00:00
[2024-12-06T23:40:38.397-0600] {processor.py:208} INFO - Processing /home/m9d9v9/PycharmProjects/Airflow-2/Airflow-2/.venv/lib/python3.10/site-packages/airflow/example_dags/example_xcom.py took 0.078 seconds
[2024-12-06T23:41:30.937-0600] {processor.py:186} INFO - Started process (PID=19346) to work on /home/m9d9v9/PycharmProjects/Airflow-2/Airflow-2/.venv/lib/python3.10/site-packages/airflow/example_dags/example_xcom.py
[2024-12-06T23:41:30.944-0600] {processor.py:914} INFO - Processing file /home/m9d9v9/PycharmProjects/Airflow-2/Airflow-2/.venv/lib/python3.10/site-packages/airflow/example_dags/example_xcom.py for tasks to queue
[2024-12-06T23:41:30.945-0600] {logging_mixin.py:190} INFO - [2024-12-06T23:41:30.945-0600] {dagbag.py:588} INFO - Filling up the DagBag from /home/m9d9v9/PycharmProjects/Airflow-2/Airflow-2/.venv/lib/python3.10/site-packages/airflow/example_dags/example_xcom.py
[2024-12-06T23:41:30.959-0600] {processor.py:925} INFO - DAG(s) 'example_xcom' retrieved from /home/m9d9v9/PycharmProjects/Airflow-2/Airflow-2/.venv/lib/python3.10/site-packages/airflow/example_dags/example_xcom.py
[2024-12-06T23:41:30.975-0600] {logging_mixin.py:190} INFO - [2024-12-06T23:41:30.975-0600] {dag.py:3239} INFO - Sync 1 DAGs
[2024-12-06T23:41:30.991-0600] {logging_mixin.py:190} INFO - [2024-12-06T23:41:30.991-0600] {dag.py:4180} INFO - Setting next_dagrun for example_xcom to 2021-01-01 00:00:00+00:00, run_after=2021-01-01 00:00:00+00:00
[2024-12-06T23:41:31.006-0600] {processor.py:208} INFO - Processing /home/m9d9v9/PycharmProjects/Airflow-2/Airflow-2/.venv/lib/python3.10/site-packages/airflow/example_dags/example_xcom.py took 0.075 seconds
