[2024-12-06T22:18:55.295-0600] {processor.py:186} INFO - Started process (PID=12499) to work on /home/m9d9v9/PycharmProjects/Airflow-2/Airflow-2/.venv/lib/python3.10/site-packages/airflow/example_dags/example_external_task_marker_dag.py
[2024-12-06T22:18:55.297-0600] {processor.py:914} INFO - Processing file /home/m9d9v9/PycharmProjects/Airflow-2/Airflow-2/.venv/lib/python3.10/site-packages/airflow/example_dags/example_external_task_marker_dag.py for tasks to queue
[2024-12-06T22:18:55.303-0600] {logging_mixin.py:190} INFO - [2024-12-06T22:18:55.302-0600] {dagbag.py:588} INFO - Filling up the DagBag from /home/m9d9v9/PycharmProjects/Airflow-2/Airflow-2/.venv/lib/python3.10/site-packages/airflow/example_dags/example_external_task_marker_dag.py
[2024-12-06T22:18:55.319-0600] {processor.py:925} INFO - DAG(s) 'example_external_task_marker_child', 'example_external_task_marker_parent' retrieved from /home/m9d9v9/PycharmProjects/Airflow-2/Airflow-2/.venv/lib/python3.10/site-packages/airflow/example_dags/example_external_task_marker_dag.py
[2024-12-06T22:18:55.401-0600] {logging_mixin.py:190} INFO - [2024-12-06T22:18:55.400-0600] {override.py:1911} INFO - Created Permission View: can edit on DAG:example_external_task_marker_child
[2024-12-06T22:18:55.409-0600] {logging_mixin.py:190} INFO - [2024-12-06T22:18:55.408-0600] {override.py:1911} INFO - Created Permission View: can read on DAG:example_external_task_marker_child
[2024-12-06T22:18:55.415-0600] {logging_mixin.py:190} INFO - [2024-12-06T22:18:55.414-0600] {override.py:1911} INFO - Created Permission View: can delete on DAG:example_external_task_marker_child
[2024-12-06T22:18:55.422-0600] {logging_mixin.py:190} INFO - [2024-12-06T22:18:55.422-0600] {override.py:1911} INFO - Created Permission View: menu access on DAG Run:example_external_task_marker_child
[2024-12-06T22:18:55.429-0600] {logging_mixin.py:190} INFO - [2024-12-06T22:18:55.428-0600] {override.py:1911} INFO - Created Permission View: can create on DAG Run:example_external_task_marker_child
[2024-12-06T22:18:55.435-0600] {logging_mixin.py:190} INFO - [2024-12-06T22:18:55.435-0600] {override.py:1911} INFO - Created Permission View: can read on DAG Run:example_external_task_marker_child
[2024-12-06T22:18:55.440-0600] {logging_mixin.py:190} INFO - [2024-12-06T22:18:55.440-0600] {override.py:1911} INFO - Created Permission View: can delete on DAG Run:example_external_task_marker_child
[2024-12-06T22:18:55.475-0600] {logging_mixin.py:190} INFO - [2024-12-06T22:18:55.474-0600] {override.py:1911} INFO - Created Permission View: can edit on DAG:example_external_task_marker_parent
[2024-12-06T22:18:55.480-0600] {logging_mixin.py:190} INFO - [2024-12-06T22:18:55.480-0600] {override.py:1911} INFO - Created Permission View: can read on DAG:example_external_task_marker_parent
[2024-12-06T22:18:55.484-0600] {logging_mixin.py:190} INFO - [2024-12-06T22:18:55.484-0600] {override.py:1911} INFO - Created Permission View: can delete on DAG:example_external_task_marker_parent
[2024-12-06T22:18:55.491-0600] {logging_mixin.py:190} INFO - [2024-12-06T22:18:55.491-0600] {override.py:1911} INFO - Created Permission View: menu access on DAG Run:example_external_task_marker_parent
[2024-12-06T22:18:55.496-0600] {logging_mixin.py:190} INFO - [2024-12-06T22:18:55.495-0600] {override.py:1911} INFO - Created Permission View: can create on DAG Run:example_external_task_marker_parent
[2024-12-06T22:18:55.500-0600] {logging_mixin.py:190} INFO - [2024-12-06T22:18:55.500-0600] {override.py:1911} INFO - Created Permission View: can read on DAG Run:example_external_task_marker_parent
[2024-12-06T22:18:55.504-0600] {logging_mixin.py:190} INFO - [2024-12-06T22:18:55.504-0600] {override.py:1911} INFO - Created Permission View: can delete on DAG Run:example_external_task_marker_parent
[2024-12-06T22:18:55.505-0600] {logging_mixin.py:190} INFO - [2024-12-06T22:18:55.505-0600] {dag.py:3239} INFO - Sync 2 DAGs
[2024-12-06T22:18:55.513-0600] {logging_mixin.py:190} INFO - [2024-12-06T22:18:55.512-0600] {dag.py:3262} INFO - Creating ORM DAG for example_external_task_marker_parent
[2024-12-06T22:18:55.513-0600] {logging_mixin.py:190} INFO - [2024-12-06T22:18:55.513-0600] {dag.py:3262} INFO - Creating ORM DAG for example_external_task_marker_child
[2024-12-06T22:18:55.513-0600] {logging_mixin.py:190} INFO - [2024-12-06T22:18:55.513-0600] {dag.py:4180} INFO - Setting next_dagrun for example_external_task_marker_child to None, run_after=None
[2024-12-06T22:18:55.514-0600] {logging_mixin.py:190} INFO - [2024-12-06T22:18:55.513-0600] {dag.py:4180} INFO - Setting next_dagrun for example_external_task_marker_parent to None, run_after=None
[2024-12-06T22:18:55.527-0600] {processor.py:208} INFO - Processing /home/m9d9v9/PycharmProjects/Airflow-2/Airflow-2/.venv/lib/python3.10/site-packages/airflow/example_dags/example_external_task_marker_dag.py took 0.244 seconds
[2024-12-06T22:19:56.203-0600] {processor.py:186} INFO - Started process (PID=12604) to work on /home/m9d9v9/PycharmProjects/Airflow-2/Airflow-2/.venv/lib/python3.10/site-packages/airflow/example_dags/example_external_task_marker_dag.py
[2024-12-06T22:19:56.204-0600] {processor.py:914} INFO - Processing file /home/m9d9v9/PycharmProjects/Airflow-2/Airflow-2/.venv/lib/python3.10/site-packages/airflow/example_dags/example_external_task_marker_dag.py for tasks to queue
[2024-12-06T22:19:56.206-0600] {logging_mixin.py:190} INFO - [2024-12-06T22:19:56.206-0600] {dagbag.py:588} INFO - Filling up the DagBag from /home/m9d9v9/PycharmProjects/Airflow-2/Airflow-2/.venv/lib/python3.10/site-packages/airflow/example_dags/example_external_task_marker_dag.py
[2024-12-06T22:19:56.219-0600] {processor.py:925} INFO - DAG(s) 'example_external_task_marker_child', 'example_external_task_marker_parent' retrieved from /home/m9d9v9/PycharmProjects/Airflow-2/Airflow-2/.venv/lib/python3.10/site-packages/airflow/example_dags/example_external_task_marker_dag.py
[2024-12-06T22:19:56.244-0600] {logging_mixin.py:190} INFO - [2024-12-06T22:19:56.244-0600] {dag.py:3239} INFO - Sync 2 DAGs
[2024-12-06T22:19:56.252-0600] {logging_mixin.py:190} INFO - [2024-12-06T22:19:56.252-0600] {dag.py:4180} INFO - Setting next_dagrun for example_external_task_marker_child to None, run_after=None
[2024-12-06T22:19:56.254-0600] {logging_mixin.py:190} INFO - [2024-12-06T22:19:56.254-0600] {dag.py:4180} INFO - Setting next_dagrun for example_external_task_marker_parent to None, run_after=None
[2024-12-06T22:19:56.266-0600] {processor.py:208} INFO - Processing /home/m9d9v9/PycharmProjects/Airflow-2/Airflow-2/.venv/lib/python3.10/site-packages/airflow/example_dags/example_external_task_marker_dag.py took 0.070 seconds
[2024-12-06T22:20:50.844-0600] {processor.py:186} INFO - Started process (PID=12692) to work on /home/m9d9v9/PycharmProjects/Airflow-2/Airflow-2/.venv/lib/python3.10/site-packages/airflow/example_dags/example_external_task_marker_dag.py
[2024-12-06T22:20:50.851-0600] {processor.py:914} INFO - Processing file /home/m9d9v9/PycharmProjects/Airflow-2/Airflow-2/.venv/lib/python3.10/site-packages/airflow/example_dags/example_external_task_marker_dag.py for tasks to queue
[2024-12-06T22:20:50.854-0600] {logging_mixin.py:190} INFO - [2024-12-06T22:20:50.853-0600] {dagbag.py:588} INFO - Filling up the DagBag from /home/m9d9v9/PycharmProjects/Airflow-2/Airflow-2/.venv/lib/python3.10/site-packages/airflow/example_dags/example_external_task_marker_dag.py
[2024-12-06T22:20:50.875-0600] {processor.py:925} INFO - DAG(s) 'example_external_task_marker_parent', 'example_external_task_marker_child' retrieved from /home/m9d9v9/PycharmProjects/Airflow-2/Airflow-2/.venv/lib/python3.10/site-packages/airflow/example_dags/example_external_task_marker_dag.py
[2024-12-06T22:20:50.900-0600] {logging_mixin.py:190} INFO - [2024-12-06T22:20:50.899-0600] {dag.py:3239} INFO - Sync 2 DAGs
[2024-12-06T22:20:50.915-0600] {logging_mixin.py:190} INFO - [2024-12-06T22:20:50.914-0600] {dag.py:4180} INFO - Setting next_dagrun for example_external_task_marker_child to None, run_after=None
[2024-12-06T22:20:50.919-0600] {logging_mixin.py:190} INFO - [2024-12-06T22:20:50.919-0600] {dag.py:4180} INFO - Setting next_dagrun for example_external_task_marker_parent to None, run_after=None
[2024-12-06T22:20:50.939-0600] {processor.py:208} INFO - Processing /home/m9d9v9/PycharmProjects/Airflow-2/Airflow-2/.venv/lib/python3.10/site-packages/airflow/example_dags/example_external_task_marker_dag.py took 0.104 seconds
[2024-12-06T22:21:48.539-0600] {processor.py:186} INFO - Started process (PID=12766) to work on /home/m9d9v9/PycharmProjects/Airflow-2/Airflow-2/.venv/lib/python3.10/site-packages/airflow/example_dags/example_external_task_marker_dag.py
[2024-12-06T22:21:48.546-0600] {processor.py:914} INFO - Processing file /home/m9d9v9/PycharmProjects/Airflow-2/Airflow-2/.venv/lib/python3.10/site-packages/airflow/example_dags/example_external_task_marker_dag.py for tasks to queue
[2024-12-06T22:21:48.550-0600] {logging_mixin.py:190} INFO - [2024-12-06T22:21:48.549-0600] {dagbag.py:588} INFO - Filling up the DagBag from /home/m9d9v9/PycharmProjects/Airflow-2/Airflow-2/.venv/lib/python3.10/site-packages/airflow/example_dags/example_external_task_marker_dag.py
[2024-12-06T22:21:48.566-0600] {processor.py:925} INFO - DAG(s) 'example_external_task_marker_parent', 'example_external_task_marker_child' retrieved from /home/m9d9v9/PycharmProjects/Airflow-2/Airflow-2/.venv/lib/python3.10/site-packages/airflow/example_dags/example_external_task_marker_dag.py
[2024-12-06T22:21:48.591-0600] {logging_mixin.py:190} INFO - [2024-12-06T22:21:48.591-0600] {dag.py:3239} INFO - Sync 2 DAGs
[2024-12-06T22:21:48.599-0600] {logging_mixin.py:190} INFO - [2024-12-06T22:21:48.599-0600] {dag.py:4180} INFO - Setting next_dagrun for example_external_task_marker_child to None, run_after=None
[2024-12-06T22:21:48.601-0600] {logging_mixin.py:190} INFO - [2024-12-06T22:21:48.601-0600] {dag.py:4180} INFO - Setting next_dagrun for example_external_task_marker_parent to None, run_after=None
[2024-12-06T22:21:48.612-0600] {processor.py:208} INFO - Processing /home/m9d9v9/PycharmProjects/Airflow-2/Airflow-2/.venv/lib/python3.10/site-packages/airflow/example_dags/example_external_task_marker_dag.py took 0.085 seconds
[2024-12-06T22:23:06.783-0600] {processor.py:186} INFO - Started process (PID=12928) to work on /home/m9d9v9/PycharmProjects/Airflow-2/Airflow-2/.venv/lib/python3.10/site-packages/airflow/example_dags/example_external_task_marker_dag.py
[2024-12-06T22:23:06.784-0600] {processor.py:914} INFO - Processing file /home/m9d9v9/PycharmProjects/Airflow-2/Airflow-2/.venv/lib/python3.10/site-packages/airflow/example_dags/example_external_task_marker_dag.py for tasks to queue
[2024-12-06T22:23:06.786-0600] {logging_mixin.py:190} INFO - [2024-12-06T22:23:06.785-0600] {dagbag.py:588} INFO - Filling up the DagBag from /home/m9d9v9/PycharmProjects/Airflow-2/Airflow-2/.venv/lib/python3.10/site-packages/airflow/example_dags/example_external_task_marker_dag.py
[2024-12-06T22:23:06.794-0600] {processor.py:925} INFO - DAG(s) 'example_external_task_marker_child', 'example_external_task_marker_parent' retrieved from /home/m9d9v9/PycharmProjects/Airflow-2/Airflow-2/.venv/lib/python3.10/site-packages/airflow/example_dags/example_external_task_marker_dag.py
[2024-12-06T22:23:06.811-0600] {logging_mixin.py:190} INFO - [2024-12-06T22:23:06.811-0600] {dag.py:3239} INFO - Sync 2 DAGs
[2024-12-06T22:23:06.821-0600] {logging_mixin.py:190} INFO - [2024-12-06T22:23:06.821-0600] {dag.py:4180} INFO - Setting next_dagrun for example_external_task_marker_child to None, run_after=None
[2024-12-06T22:23:06.824-0600] {logging_mixin.py:190} INFO - [2024-12-06T22:23:06.823-0600] {dag.py:4180} INFO - Setting next_dagrun for example_external_task_marker_parent to None, run_after=None
[2024-12-06T22:23:06.839-0600] {processor.py:208} INFO - Processing /home/m9d9v9/PycharmProjects/Airflow-2/Airflow-2/.venv/lib/python3.10/site-packages/airflow/example_dags/example_external_task_marker_dag.py took 0.063 seconds
[2024-12-06T22:24:04.783-0600] {processor.py:186} INFO - Started process (PID=13001) to work on /home/m9d9v9/PycharmProjects/Airflow-2/Airflow-2/.venv/lib/python3.10/site-packages/airflow/example_dags/example_external_task_marker_dag.py
[2024-12-06T22:24:04.789-0600] {processor.py:914} INFO - Processing file /home/m9d9v9/PycharmProjects/Airflow-2/Airflow-2/.venv/lib/python3.10/site-packages/airflow/example_dags/example_external_task_marker_dag.py for tasks to queue
[2024-12-06T22:24:04.792-0600] {logging_mixin.py:190} INFO - [2024-12-06T22:24:04.791-0600] {dagbag.py:588} INFO - Filling up the DagBag from /home/m9d9v9/PycharmProjects/Airflow-2/Airflow-2/.venv/lib/python3.10/site-packages/airflow/example_dags/example_external_task_marker_dag.py
[2024-12-06T22:24:04.809-0600] {processor.py:925} INFO - DAG(s) 'example_external_task_marker_child', 'example_external_task_marker_parent' retrieved from /home/m9d9v9/PycharmProjects/Airflow-2/Airflow-2/.venv/lib/python3.10/site-packages/airflow/example_dags/example_external_task_marker_dag.py
[2024-12-06T22:24:04.840-0600] {logging_mixin.py:190} INFO - [2024-12-06T22:24:04.839-0600] {dag.py:3239} INFO - Sync 2 DAGs
[2024-12-06T22:24:04.849-0600] {logging_mixin.py:190} INFO - [2024-12-06T22:24:04.848-0600] {dag.py:4180} INFO - Setting next_dagrun for example_external_task_marker_child to None, run_after=None
[2024-12-06T22:24:04.850-0600] {logging_mixin.py:190} INFO - [2024-12-06T22:24:04.850-0600] {dag.py:4180} INFO - Setting next_dagrun for example_external_task_marker_parent to None, run_after=None
[2024-12-06T22:24:04.863-0600] {processor.py:208} INFO - Processing /home/m9d9v9/PycharmProjects/Airflow-2/Airflow-2/.venv/lib/python3.10/site-packages/airflow/example_dags/example_external_task_marker_dag.py took 0.085 seconds
[2024-12-06T22:25:00.702-0600] {processor.py:186} INFO - Started process (PID=13082) to work on /home/m9d9v9/PycharmProjects/Airflow-2/Airflow-2/.venv/lib/python3.10/site-packages/airflow/example_dags/example_external_task_marker_dag.py
[2024-12-06T22:25:00.708-0600] {processor.py:914} INFO - Processing file /home/m9d9v9/PycharmProjects/Airflow-2/Airflow-2/.venv/lib/python3.10/site-packages/airflow/example_dags/example_external_task_marker_dag.py for tasks to queue
[2024-12-06T22:25:00.711-0600] {logging_mixin.py:190} INFO - [2024-12-06T22:25:00.710-0600] {dagbag.py:588} INFO - Filling up the DagBag from /home/m9d9v9/PycharmProjects/Airflow-2/Airflow-2/.venv/lib/python3.10/site-packages/airflow/example_dags/example_external_task_marker_dag.py
[2024-12-06T22:25:00.727-0600] {processor.py:925} INFO - DAG(s) 'example_external_task_marker_child', 'example_external_task_marker_parent' retrieved from /home/m9d9v9/PycharmProjects/Airflow-2/Airflow-2/.venv/lib/python3.10/site-packages/airflow/example_dags/example_external_task_marker_dag.py
[2024-12-06T22:25:00.753-0600] {logging_mixin.py:190} INFO - [2024-12-06T22:25:00.753-0600] {dag.py:3239} INFO - Sync 2 DAGs
[2024-12-06T22:25:00.761-0600] {logging_mixin.py:190} INFO - [2024-12-06T22:25:00.761-0600] {dag.py:4180} INFO - Setting next_dagrun for example_external_task_marker_child to None, run_after=None
[2024-12-06T22:25:00.763-0600] {logging_mixin.py:190} INFO - [2024-12-06T22:25:00.763-0600] {dag.py:4180} INFO - Setting next_dagrun for example_external_task_marker_parent to None, run_after=None
[2024-12-06T22:25:00.774-0600] {processor.py:208} INFO - Processing /home/m9d9v9/PycharmProjects/Airflow-2/Airflow-2/.venv/lib/python3.10/site-packages/airflow/example_dags/example_external_task_marker_dag.py took 0.084 seconds
[2024-12-06T22:25:57.762-0600] {processor.py:186} INFO - Started process (PID=13167) to work on /home/m9d9v9/PycharmProjects/Airflow-2/Airflow-2/.venv/lib/python3.10/site-packages/airflow/example_dags/example_external_task_marker_dag.py
[2024-12-06T22:25:57.768-0600] {processor.py:914} INFO - Processing file /home/m9d9v9/PycharmProjects/Airflow-2/Airflow-2/.venv/lib/python3.10/site-packages/airflow/example_dags/example_external_task_marker_dag.py for tasks to queue
[2024-12-06T22:25:57.770-0600] {logging_mixin.py:190} INFO - [2024-12-06T22:25:57.769-0600] {dagbag.py:588} INFO - Filling up the DagBag from /home/m9d9v9/PycharmProjects/Airflow-2/Airflow-2/.venv/lib/python3.10/site-packages/airflow/example_dags/example_external_task_marker_dag.py
[2024-12-06T22:25:57.780-0600] {processor.py:925} INFO - DAG(s) 'example_external_task_marker_parent', 'example_external_task_marker_child' retrieved from /home/m9d9v9/PycharmProjects/Airflow-2/Airflow-2/.venv/lib/python3.10/site-packages/airflow/example_dags/example_external_task_marker_dag.py
[2024-12-06T22:25:57.800-0600] {logging_mixin.py:190} INFO - [2024-12-06T22:25:57.800-0600] {dag.py:3239} INFO - Sync 2 DAGs
[2024-12-06T22:25:57.817-0600] {logging_mixin.py:190} INFO - [2024-12-06T22:25:57.817-0600] {dag.py:4180} INFO - Setting next_dagrun for example_external_task_marker_child to None, run_after=None
[2024-12-06T22:25:57.822-0600] {logging_mixin.py:190} INFO - [2024-12-06T22:25:57.822-0600] {dag.py:4180} INFO - Setting next_dagrun for example_external_task_marker_parent to None, run_after=None
[2024-12-06T22:25:57.841-0600] {processor.py:208} INFO - Processing /home/m9d9v9/PycharmProjects/Airflow-2/Airflow-2/.venv/lib/python3.10/site-packages/airflow/example_dags/example_external_task_marker_dag.py took 0.086 seconds
[2024-12-06T22:26:54.660-0600] {processor.py:186} INFO - Started process (PID=13241) to work on /home/m9d9v9/PycharmProjects/Airflow-2/Airflow-2/.venv/lib/python3.10/site-packages/airflow/example_dags/example_external_task_marker_dag.py
[2024-12-06T22:26:54.666-0600] {processor.py:914} INFO - Processing file /home/m9d9v9/PycharmProjects/Airflow-2/Airflow-2/.venv/lib/python3.10/site-packages/airflow/example_dags/example_external_task_marker_dag.py for tasks to queue
[2024-12-06T22:26:54.667-0600] {logging_mixin.py:190} INFO - [2024-12-06T22:26:54.667-0600] {dagbag.py:588} INFO - Filling up the DagBag from /home/m9d9v9/PycharmProjects/Airflow-2/Airflow-2/.venv/lib/python3.10/site-packages/airflow/example_dags/example_external_task_marker_dag.py
[2024-12-06T22:26:54.675-0600] {processor.py:925} INFO - DAG(s) 'example_external_task_marker_parent', 'example_external_task_marker_child' retrieved from /home/m9d9v9/PycharmProjects/Airflow-2/Airflow-2/.venv/lib/python3.10/site-packages/airflow/example_dags/example_external_task_marker_dag.py
[2024-12-06T22:26:54.691-0600] {logging_mixin.py:190} INFO - [2024-12-06T22:26:54.691-0600] {dag.py:3239} INFO - Sync 2 DAGs
[2024-12-06T22:26:54.702-0600] {logging_mixin.py:190} INFO - [2024-12-06T22:26:54.702-0600] {dag.py:4180} INFO - Setting next_dagrun for example_external_task_marker_child to None, run_after=None
[2024-12-06T22:26:54.705-0600] {logging_mixin.py:190} INFO - [2024-12-06T22:26:54.705-0600] {dag.py:4180} INFO - Setting next_dagrun for example_external_task_marker_parent to None, run_after=None
[2024-12-06T22:26:54.719-0600] {processor.py:208} INFO - Processing /home/m9d9v9/PycharmProjects/Airflow-2/Airflow-2/.venv/lib/python3.10/site-packages/airflow/example_dags/example_external_task_marker_dag.py took 0.065 seconds
[2024-12-06T22:37:14.352-0600] {processor.py:186} INFO - Started process (PID=14630) to work on /home/m9d9v9/PycharmProjects/Airflow-2/Airflow-2/.venv/lib/python3.10/site-packages/airflow/example_dags/example_external_task_marker_dag.py
[2024-12-06T22:37:14.359-0600] {processor.py:914} INFO - Processing file /home/m9d9v9/PycharmProjects/Airflow-2/Airflow-2/.venv/lib/python3.10/site-packages/airflow/example_dags/example_external_task_marker_dag.py for tasks to queue
[2024-12-06T22:37:14.363-0600] {logging_mixin.py:190} INFO - [2024-12-06T22:37:14.362-0600] {dagbag.py:588} INFO - Filling up the DagBag from /home/m9d9v9/PycharmProjects/Airflow-2/Airflow-2/.venv/lib/python3.10/site-packages/airflow/example_dags/example_external_task_marker_dag.py
[2024-12-06T22:37:14.376-0600] {processor.py:925} INFO - DAG(s) 'example_external_task_marker_parent', 'example_external_task_marker_child' retrieved from /home/m9d9v9/PycharmProjects/Airflow-2/Airflow-2/.venv/lib/python3.10/site-packages/airflow/example_dags/example_external_task_marker_dag.py
[2024-12-06T22:37:14.397-0600] {logging_mixin.py:190} INFO - [2024-12-06T22:37:14.396-0600] {dag.py:3239} INFO - Sync 2 DAGs
[2024-12-06T22:37:14.406-0600] {logging_mixin.py:190} INFO - [2024-12-06T22:37:14.406-0600] {dag.py:4180} INFO - Setting next_dagrun for example_external_task_marker_child to None, run_after=None
[2024-12-06T22:37:14.408-0600] {logging_mixin.py:190} INFO - [2024-12-06T22:37:14.408-0600] {dag.py:4180} INFO - Setting next_dagrun for example_external_task_marker_parent to None, run_after=None
[2024-12-06T22:37:14.419-0600] {processor.py:208} INFO - Processing /home/m9d9v9/PycharmProjects/Airflow-2/Airflow-2/.venv/lib/python3.10/site-packages/airflow/example_dags/example_external_task_marker_dag.py took 0.073 seconds
[2024-12-06T22:38:13.139-0600] {processor.py:186} INFO - Started process (PID=14738) to work on /home/m9d9v9/PycharmProjects/Airflow-2/Airflow-2/.venv/lib/python3.10/site-packages/airflow/example_dags/example_external_task_marker_dag.py
[2024-12-06T22:38:13.146-0600] {processor.py:914} INFO - Processing file /home/m9d9v9/PycharmProjects/Airflow-2/Airflow-2/.venv/lib/python3.10/site-packages/airflow/example_dags/example_external_task_marker_dag.py for tasks to queue
[2024-12-06T22:38:13.148-0600] {logging_mixin.py:190} INFO - [2024-12-06T22:38:13.148-0600] {dagbag.py:588} INFO - Filling up the DagBag from /home/m9d9v9/PycharmProjects/Airflow-2/Airflow-2/.venv/lib/python3.10/site-packages/airflow/example_dags/example_external_task_marker_dag.py
[2024-12-06T22:38:13.154-0600] {processor.py:925} INFO - DAG(s) 'example_external_task_marker_child', 'example_external_task_marker_parent' retrieved from /home/m9d9v9/PycharmProjects/Airflow-2/Airflow-2/.venv/lib/python3.10/site-packages/airflow/example_dags/example_external_task_marker_dag.py
[2024-12-06T22:38:13.168-0600] {logging_mixin.py:190} INFO - [2024-12-06T22:38:13.168-0600] {dag.py:3239} INFO - Sync 2 DAGs
[2024-12-06T22:38:13.177-0600] {logging_mixin.py:190} INFO - [2024-12-06T22:38:13.177-0600] {dag.py:4180} INFO - Setting next_dagrun for example_external_task_marker_child to None, run_after=None
[2024-12-06T22:38:13.179-0600] {logging_mixin.py:190} INFO - [2024-12-06T22:38:13.179-0600] {dag.py:4180} INFO - Setting next_dagrun for example_external_task_marker_parent to None, run_after=None
[2024-12-06T22:38:13.193-0600] {processor.py:208} INFO - Processing /home/m9d9v9/PycharmProjects/Airflow-2/Airflow-2/.venv/lib/python3.10/site-packages/airflow/example_dags/example_external_task_marker_dag.py took 0.058 seconds
[2024-12-06T22:39:11.444-0600] {processor.py:186} INFO - Started process (PID=14851) to work on /home/m9d9v9/PycharmProjects/Airflow-2/Airflow-2/.venv/lib/python3.10/site-packages/airflow/example_dags/example_external_task_marker_dag.py
[2024-12-06T22:39:11.449-0600] {processor.py:914} INFO - Processing file /home/m9d9v9/PycharmProjects/Airflow-2/Airflow-2/.venv/lib/python3.10/site-packages/airflow/example_dags/example_external_task_marker_dag.py for tasks to queue
[2024-12-06T22:39:11.451-0600] {logging_mixin.py:190} INFO - [2024-12-06T22:39:11.451-0600] {dagbag.py:588} INFO - Filling up the DagBag from /home/m9d9v9/PycharmProjects/Airflow-2/Airflow-2/.venv/lib/python3.10/site-packages/airflow/example_dags/example_external_task_marker_dag.py
[2024-12-06T22:39:11.456-0600] {processor.py:925} INFO - DAG(s) 'example_external_task_marker_child', 'example_external_task_marker_parent' retrieved from /home/m9d9v9/PycharmProjects/Airflow-2/Airflow-2/.venv/lib/python3.10/site-packages/airflow/example_dags/example_external_task_marker_dag.py
[2024-12-06T22:39:11.467-0600] {logging_mixin.py:190} INFO - [2024-12-06T22:39:11.467-0600] {dag.py:3239} INFO - Sync 2 DAGs
[2024-12-06T22:39:11.475-0600] {logging_mixin.py:190} INFO - [2024-12-06T22:39:11.475-0600] {dag.py:4180} INFO - Setting next_dagrun for example_external_task_marker_child to None, run_after=None
[2024-12-06T22:39:11.477-0600] {logging_mixin.py:190} INFO - [2024-12-06T22:39:11.477-0600] {dag.py:4180} INFO - Setting next_dagrun for example_external_task_marker_parent to None, run_after=None
[2024-12-06T22:39:11.489-0600] {processor.py:208} INFO - Processing /home/m9d9v9/PycharmProjects/Airflow-2/Airflow-2/.venv/lib/python3.10/site-packages/airflow/example_dags/example_external_task_marker_dag.py took 0.051 seconds
[2024-12-06T22:40:11.499-0600] {processor.py:186} INFO - Started process (PID=15037) to work on /home/m9d9v9/PycharmProjects/Airflow-2/Airflow-2/.venv/lib/python3.10/site-packages/airflow/example_dags/example_external_task_marker_dag.py
[2024-12-06T22:40:11.507-0600] {processor.py:914} INFO - Processing file /home/m9d9v9/PycharmProjects/Airflow-2/Airflow-2/.venv/lib/python3.10/site-packages/airflow/example_dags/example_external_task_marker_dag.py for tasks to queue
[2024-12-06T22:40:11.510-0600] {logging_mixin.py:190} INFO - [2024-12-06T22:40:11.509-0600] {dagbag.py:588} INFO - Filling up the DagBag from /home/m9d9v9/PycharmProjects/Airflow-2/Airflow-2/.venv/lib/python3.10/site-packages/airflow/example_dags/example_external_task_marker_dag.py
[2024-12-06T22:40:11.517-0600] {processor.py:925} INFO - DAG(s) 'example_external_task_marker_parent', 'example_external_task_marker_child' retrieved from /home/m9d9v9/PycharmProjects/Airflow-2/Airflow-2/.venv/lib/python3.10/site-packages/airflow/example_dags/example_external_task_marker_dag.py
[2024-12-06T22:40:11.532-0600] {logging_mixin.py:190} INFO - [2024-12-06T22:40:11.531-0600] {dag.py:3239} INFO - Sync 2 DAGs
[2024-12-06T22:40:11.541-0600] {logging_mixin.py:190} INFO - [2024-12-06T22:40:11.541-0600] {dag.py:4180} INFO - Setting next_dagrun for example_external_task_marker_child to None, run_after=None
[2024-12-06T22:40:11.543-0600] {logging_mixin.py:190} INFO - [2024-12-06T22:40:11.543-0600] {dag.py:4180} INFO - Setting next_dagrun for example_external_task_marker_parent to None, run_after=None
[2024-12-06T22:40:11.555-0600] {processor.py:208} INFO - Processing /home/m9d9v9/PycharmProjects/Airflow-2/Airflow-2/.venv/lib/python3.10/site-packages/airflow/example_dags/example_external_task_marker_dag.py took 0.064 seconds
[2024-12-06T22:41:11.220-0600] {processor.py:186} INFO - Started process (PID=15140) to work on /home/m9d9v9/PycharmProjects/Airflow-2/Airflow-2/.venv/lib/python3.10/site-packages/airflow/example_dags/example_external_task_marker_dag.py
[2024-12-06T22:41:11.221-0600] {processor.py:914} INFO - Processing file /home/m9d9v9/PycharmProjects/Airflow-2/Airflow-2/.venv/lib/python3.10/site-packages/airflow/example_dags/example_external_task_marker_dag.py for tasks to queue
[2024-12-06T22:41:11.224-0600] {logging_mixin.py:190} INFO - [2024-12-06T22:41:11.223-0600] {dagbag.py:588} INFO - Filling up the DagBag from /home/m9d9v9/PycharmProjects/Airflow-2/Airflow-2/.venv/lib/python3.10/site-packages/airflow/example_dags/example_external_task_marker_dag.py
[2024-12-06T22:41:11.231-0600] {processor.py:925} INFO - DAG(s) 'example_external_task_marker_parent', 'example_external_task_marker_child' retrieved from /home/m9d9v9/PycharmProjects/Airflow-2/Airflow-2/.venv/lib/python3.10/site-packages/airflow/example_dags/example_external_task_marker_dag.py
[2024-12-06T22:41:11.251-0600] {logging_mixin.py:190} INFO - [2024-12-06T22:41:11.251-0600] {dag.py:3239} INFO - Sync 2 DAGs
[2024-12-06T22:41:11.261-0600] {logging_mixin.py:190} INFO - [2024-12-06T22:41:11.260-0600] {dag.py:4180} INFO - Setting next_dagrun for example_external_task_marker_child to None, run_after=None
[2024-12-06T22:41:11.263-0600] {logging_mixin.py:190} INFO - [2024-12-06T22:41:11.263-0600] {dag.py:4180} INFO - Setting next_dagrun for example_external_task_marker_parent to None, run_after=None
[2024-12-06T22:41:11.276-0600] {processor.py:208} INFO - Processing /home/m9d9v9/PycharmProjects/Airflow-2/Airflow-2/.venv/lib/python3.10/site-packages/airflow/example_dags/example_external_task_marker_dag.py took 0.063 seconds
[2024-12-06T23:25:21.613-0600] {processor.py:186} INFO - Started process (PID=17276) to work on /home/m9d9v9/PycharmProjects/Airflow-2/Airflow-2/.venv/lib/python3.10/site-packages/airflow/example_dags/example_external_task_marker_dag.py
[2024-12-06T23:25:21.619-0600] {processor.py:914} INFO - Processing file /home/m9d9v9/PycharmProjects/Airflow-2/Airflow-2/.venv/lib/python3.10/site-packages/airflow/example_dags/example_external_task_marker_dag.py for tasks to queue
[2024-12-06T23:25:21.622-0600] {logging_mixin.py:190} INFO - [2024-12-06T23:25:21.621-0600] {dagbag.py:588} INFO - Filling up the DagBag from /home/m9d9v9/PycharmProjects/Airflow-2/Airflow-2/.venv/lib/python3.10/site-packages/airflow/example_dags/example_external_task_marker_dag.py
[2024-12-06T23:25:21.627-0600] {processor.py:925} INFO - DAG(s) 'example_external_task_marker_parent', 'example_external_task_marker_child' retrieved from /home/m9d9v9/PycharmProjects/Airflow-2/Airflow-2/.venv/lib/python3.10/site-packages/airflow/example_dags/example_external_task_marker_dag.py
[2024-12-06T23:25:21.640-0600] {logging_mixin.py:190} INFO - [2024-12-06T23:25:21.640-0600] {dag.py:3239} INFO - Sync 2 DAGs
[2024-12-06T23:25:21.648-0600] {logging_mixin.py:190} INFO - [2024-12-06T23:25:21.648-0600] {dag.py:4180} INFO - Setting next_dagrun for example_external_task_marker_child to None, run_after=None
[2024-12-06T23:25:21.650-0600] {logging_mixin.py:190} INFO - [2024-12-06T23:25:21.650-0600] {dag.py:4180} INFO - Setting next_dagrun for example_external_task_marker_parent to None, run_after=None
[2024-12-06T23:25:21.661-0600] {processor.py:208} INFO - Processing /home/m9d9v9/PycharmProjects/Airflow-2/Airflow-2/.venv/lib/python3.10/site-packages/airflow/example_dags/example_external_task_marker_dag.py took 0.052 seconds
[2024-12-06T23:26:20.698-0600] {processor.py:186} INFO - Started process (PID=17395) to work on /home/m9d9v9/PycharmProjects/Airflow-2/Airflow-2/.venv/lib/python3.10/site-packages/airflow/example_dags/example_external_task_marker_dag.py
[2024-12-06T23:26:20.705-0600] {processor.py:914} INFO - Processing file /home/m9d9v9/PycharmProjects/Airflow-2/Airflow-2/.venv/lib/python3.10/site-packages/airflow/example_dags/example_external_task_marker_dag.py for tasks to queue
[2024-12-06T23:26:20.707-0600] {logging_mixin.py:190} INFO - [2024-12-06T23:26:20.706-0600] {dagbag.py:588} INFO - Filling up the DagBag from /home/m9d9v9/PycharmProjects/Airflow-2/Airflow-2/.venv/lib/python3.10/site-packages/airflow/example_dags/example_external_task_marker_dag.py
[2024-12-06T23:26:20.723-0600] {processor.py:925} INFO - DAG(s) 'example_external_task_marker_child', 'example_external_task_marker_parent' retrieved from /home/m9d9v9/PycharmProjects/Airflow-2/Airflow-2/.venv/lib/python3.10/site-packages/airflow/example_dags/example_external_task_marker_dag.py
[2024-12-06T23:26:20.746-0600] {logging_mixin.py:190} INFO - [2024-12-06T23:26:20.746-0600] {dag.py:3239} INFO - Sync 2 DAGs
[2024-12-06T23:26:20.758-0600] {logging_mixin.py:190} INFO - [2024-12-06T23:26:20.758-0600] {dag.py:4180} INFO - Setting next_dagrun for example_external_task_marker_child to None, run_after=None
[2024-12-06T23:26:20.762-0600] {logging_mixin.py:190} INFO - [2024-12-06T23:26:20.762-0600] {dag.py:4180} INFO - Setting next_dagrun for example_external_task_marker_parent to None, run_after=None
[2024-12-06T23:26:20.773-0600] {processor.py:208} INFO - Processing /home/m9d9v9/PycharmProjects/Airflow-2/Airflow-2/.venv/lib/python3.10/site-packages/airflow/example_dags/example_external_task_marker_dag.py took 0.087 seconds
[2024-12-06T23:27:17.675-0600] {processor.py:186} INFO - Started process (PID=17468) to work on /home/m9d9v9/PycharmProjects/Airflow-2/Airflow-2/.venv/lib/python3.10/site-packages/airflow/example_dags/example_external_task_marker_dag.py
[2024-12-06T23:27:17.682-0600] {processor.py:914} INFO - Processing file /home/m9d9v9/PycharmProjects/Airflow-2/Airflow-2/.venv/lib/python3.10/site-packages/airflow/example_dags/example_external_task_marker_dag.py for tasks to queue
[2024-12-06T23:27:17.684-0600] {logging_mixin.py:190} INFO - [2024-12-06T23:27:17.684-0600] {dagbag.py:588} INFO - Filling up the DagBag from /home/m9d9v9/PycharmProjects/Airflow-2/Airflow-2/.venv/lib/python3.10/site-packages/airflow/example_dags/example_external_task_marker_dag.py
[2024-12-06T23:27:17.701-0600] {processor.py:925} INFO - DAG(s) 'example_external_task_marker_parent', 'example_external_task_marker_child' retrieved from /home/m9d9v9/PycharmProjects/Airflow-2/Airflow-2/.venv/lib/python3.10/site-packages/airflow/example_dags/example_external_task_marker_dag.py
[2024-12-06T23:27:17.727-0600] {logging_mixin.py:190} INFO - [2024-12-06T23:27:17.727-0600] {dag.py:3239} INFO - Sync 2 DAGs
[2024-12-06T23:27:17.734-0600] {logging_mixin.py:190} INFO - [2024-12-06T23:27:17.734-0600] {dag.py:4180} INFO - Setting next_dagrun for example_external_task_marker_child to None, run_after=None
[2024-12-06T23:27:17.736-0600] {logging_mixin.py:190} INFO - [2024-12-06T23:27:17.736-0600] {dag.py:4180} INFO - Setting next_dagrun for example_external_task_marker_parent to None, run_after=None
[2024-12-06T23:27:17.746-0600] {processor.py:208} INFO - Processing /home/m9d9v9/PycharmProjects/Airflow-2/Airflow-2/.venv/lib/python3.10/site-packages/airflow/example_dags/example_external_task_marker_dag.py took 0.083 seconds
[2024-12-06T23:28:14.895-0600] {processor.py:186} INFO - Started process (PID=17571) to work on /home/m9d9v9/PycharmProjects/Airflow-2/Airflow-2/.venv/lib/python3.10/site-packages/airflow/example_dags/example_external_task_marker_dag.py
[2024-12-06T23:28:14.897-0600] {processor.py:914} INFO - Processing file /home/m9d9v9/PycharmProjects/Airflow-2/Airflow-2/.venv/lib/python3.10/site-packages/airflow/example_dags/example_external_task_marker_dag.py for tasks to queue
[2024-12-06T23:28:14.898-0600] {logging_mixin.py:190} INFO - [2024-12-06T23:28:14.898-0600] {dagbag.py:588} INFO - Filling up the DagBag from /home/m9d9v9/PycharmProjects/Airflow-2/Airflow-2/.venv/lib/python3.10/site-packages/airflow/example_dags/example_external_task_marker_dag.py
[2024-12-06T23:28:14.905-0600] {processor.py:925} INFO - DAG(s) 'example_external_task_marker_parent', 'example_external_task_marker_child' retrieved from /home/m9d9v9/PycharmProjects/Airflow-2/Airflow-2/.venv/lib/python3.10/site-packages/airflow/example_dags/example_external_task_marker_dag.py
[2024-12-06T23:28:14.919-0600] {logging_mixin.py:190} INFO - [2024-12-06T23:28:14.918-0600] {dag.py:3239} INFO - Sync 2 DAGs
[2024-12-06T23:28:14.927-0600] {logging_mixin.py:190} INFO - [2024-12-06T23:28:14.927-0600] {dag.py:4180} INFO - Setting next_dagrun for example_external_task_marker_child to None, run_after=None
[2024-12-06T23:28:14.929-0600] {logging_mixin.py:190} INFO - [2024-12-06T23:28:14.929-0600] {dag.py:4180} INFO - Setting next_dagrun for example_external_task_marker_parent to None, run_after=None
[2024-12-06T23:28:14.940-0600] {processor.py:208} INFO - Processing /home/m9d9v9/PycharmProjects/Airflow-2/Airflow-2/.venv/lib/python3.10/site-packages/airflow/example_dags/example_external_task_marker_dag.py took 0.051 seconds
[2024-12-06T23:29:11.364-0600] {processor.py:186} INFO - Started process (PID=17714) to work on /home/m9d9v9/PycharmProjects/Airflow-2/Airflow-2/.venv/lib/python3.10/site-packages/airflow/example_dags/example_external_task_marker_dag.py
[2024-12-06T23:29:11.370-0600] {processor.py:914} INFO - Processing file /home/m9d9v9/PycharmProjects/Airflow-2/Airflow-2/.venv/lib/python3.10/site-packages/airflow/example_dags/example_external_task_marker_dag.py for tasks to queue
[2024-12-06T23:29:11.371-0600] {logging_mixin.py:190} INFO - [2024-12-06T23:29:11.371-0600] {dagbag.py:588} INFO - Filling up the DagBag from /home/m9d9v9/PycharmProjects/Airflow-2/Airflow-2/.venv/lib/python3.10/site-packages/airflow/example_dags/example_external_task_marker_dag.py
[2024-12-06T23:29:11.377-0600] {processor.py:925} INFO - DAG(s) 'example_external_task_marker_child', 'example_external_task_marker_parent' retrieved from /home/m9d9v9/PycharmProjects/Airflow-2/Airflow-2/.venv/lib/python3.10/site-packages/airflow/example_dags/example_external_task_marker_dag.py
[2024-12-06T23:29:11.391-0600] {logging_mixin.py:190} INFO - [2024-12-06T23:29:11.391-0600] {dag.py:3239} INFO - Sync 2 DAGs
[2024-12-06T23:29:11.403-0600] {logging_mixin.py:190} INFO - [2024-12-06T23:29:11.402-0600] {dag.py:4180} INFO - Setting next_dagrun for example_external_task_marker_child to None, run_after=None
[2024-12-06T23:29:11.404-0600] {logging_mixin.py:190} INFO - [2024-12-06T23:29:11.404-0600] {dag.py:4180} INFO - Setting next_dagrun for example_external_task_marker_parent to None, run_after=None
[2024-12-06T23:29:11.417-0600] {processor.py:208} INFO - Processing /home/m9d9v9/PycharmProjects/Airflow-2/Airflow-2/.venv/lib/python3.10/site-packages/airflow/example_dags/example_external_task_marker_dag.py took 0.059 seconds
[2024-12-06T23:30:08.052-0600] {processor.py:186} INFO - Started process (PID=17793) to work on /home/m9d9v9/PycharmProjects/Airflow-2/Airflow-2/.venv/lib/python3.10/site-packages/airflow/example_dags/example_external_task_marker_dag.py
[2024-12-06T23:30:08.058-0600] {processor.py:914} INFO - Processing file /home/m9d9v9/PycharmProjects/Airflow-2/Airflow-2/.venv/lib/python3.10/site-packages/airflow/example_dags/example_external_task_marker_dag.py for tasks to queue
[2024-12-06T23:30:08.060-0600] {logging_mixin.py:190} INFO - [2024-12-06T23:30:08.059-0600] {dagbag.py:588} INFO - Filling up the DagBag from /home/m9d9v9/PycharmProjects/Airflow-2/Airflow-2/.venv/lib/python3.10/site-packages/airflow/example_dags/example_external_task_marker_dag.py
[2024-12-06T23:30:08.065-0600] {processor.py:925} INFO - DAG(s) 'example_external_task_marker_parent', 'example_external_task_marker_child' retrieved from /home/m9d9v9/PycharmProjects/Airflow-2/Airflow-2/.venv/lib/python3.10/site-packages/airflow/example_dags/example_external_task_marker_dag.py
[2024-12-06T23:30:08.077-0600] {logging_mixin.py:190} INFO - [2024-12-06T23:30:08.077-0600] {dag.py:3239} INFO - Sync 2 DAGs
[2024-12-06T23:30:08.084-0600] {logging_mixin.py:190} INFO - [2024-12-06T23:30:08.084-0600] {dag.py:4180} INFO - Setting next_dagrun for example_external_task_marker_child to None, run_after=None
[2024-12-06T23:30:08.086-0600] {logging_mixin.py:190} INFO - [2024-12-06T23:30:08.086-0600] {dag.py:4180} INFO - Setting next_dagrun for example_external_task_marker_parent to None, run_after=None
[2024-12-06T23:30:08.096-0600] {processor.py:208} INFO - Processing /home/m9d9v9/PycharmProjects/Airflow-2/Airflow-2/.venv/lib/python3.10/site-packages/airflow/example_dags/example_external_task_marker_dag.py took 0.048 seconds
[2024-12-06T23:31:03.961-0600] {processor.py:186} INFO - Started process (PID=17909) to work on /home/m9d9v9/PycharmProjects/Airflow-2/Airflow-2/.venv/lib/python3.10/site-packages/airflow/example_dags/example_external_task_marker_dag.py
[2024-12-06T23:31:03.967-0600] {processor.py:914} INFO - Processing file /home/m9d9v9/PycharmProjects/Airflow-2/Airflow-2/.venv/lib/python3.10/site-packages/airflow/example_dags/example_external_task_marker_dag.py for tasks to queue
[2024-12-06T23:31:03.970-0600] {logging_mixin.py:190} INFO - [2024-12-06T23:31:03.969-0600] {dagbag.py:588} INFO - Filling up the DagBag from /home/m9d9v9/PycharmProjects/Airflow-2/Airflow-2/.venv/lib/python3.10/site-packages/airflow/example_dags/example_external_task_marker_dag.py
[2024-12-06T23:31:03.985-0600] {processor.py:925} INFO - DAG(s) 'example_external_task_marker_child', 'example_external_task_marker_parent' retrieved from /home/m9d9v9/PycharmProjects/Airflow-2/Airflow-2/.venv/lib/python3.10/site-packages/airflow/example_dags/example_external_task_marker_dag.py
[2024-12-06T23:31:04.012-0600] {logging_mixin.py:190} INFO - [2024-12-06T23:31:04.012-0600] {dag.py:3239} INFO - Sync 2 DAGs
[2024-12-06T23:31:04.020-0600] {logging_mixin.py:190} INFO - [2024-12-06T23:31:04.019-0600] {dag.py:4180} INFO - Setting next_dagrun for example_external_task_marker_child to None, run_after=None
[2024-12-06T23:31:04.021-0600] {logging_mixin.py:190} INFO - [2024-12-06T23:31:04.021-0600] {dag.py:4180} INFO - Setting next_dagrun for example_external_task_marker_parent to None, run_after=None
[2024-12-06T23:31:04.031-0600] {processor.py:208} INFO - Processing /home/m9d9v9/PycharmProjects/Airflow-2/Airflow-2/.venv/lib/python3.10/site-packages/airflow/example_dags/example_external_task_marker_dag.py took 0.082 seconds
[2024-12-06T23:32:03.661-0600] {processor.py:186} INFO - Started process (PID=18014) to work on /home/m9d9v9/PycharmProjects/Airflow-2/Airflow-2/.venv/lib/python3.10/site-packages/airflow/example_dags/example_external_task_marker_dag.py
[2024-12-06T23:32:03.662-0600] {processor.py:914} INFO - Processing file /home/m9d9v9/PycharmProjects/Airflow-2/Airflow-2/.venv/lib/python3.10/site-packages/airflow/example_dags/example_external_task_marker_dag.py for tasks to queue
[2024-12-06T23:32:03.663-0600] {logging_mixin.py:190} INFO - [2024-12-06T23:32:03.663-0600] {dagbag.py:588} INFO - Filling up the DagBag from /home/m9d9v9/PycharmProjects/Airflow-2/Airflow-2/.venv/lib/python3.10/site-packages/airflow/example_dags/example_external_task_marker_dag.py
[2024-12-06T23:32:03.669-0600] {processor.py:925} INFO - DAG(s) 'example_external_task_marker_parent', 'example_external_task_marker_child' retrieved from /home/m9d9v9/PycharmProjects/Airflow-2/Airflow-2/.venv/lib/python3.10/site-packages/airflow/example_dags/example_external_task_marker_dag.py
[2024-12-06T23:32:03.679-0600] {logging_mixin.py:190} INFO - [2024-12-06T23:32:03.679-0600] {dag.py:3239} INFO - Sync 2 DAGs
[2024-12-06T23:32:03.687-0600] {logging_mixin.py:190} INFO - [2024-12-06T23:32:03.687-0600] {dag.py:4180} INFO - Setting next_dagrun for example_external_task_marker_child to None, run_after=None
[2024-12-06T23:32:03.688-0600] {logging_mixin.py:190} INFO - [2024-12-06T23:32:03.688-0600] {dag.py:4180} INFO - Setting next_dagrun for example_external_task_marker_parent to None, run_after=None
[2024-12-06T23:32:03.788-0600] {processor.py:208} INFO - Processing /home/m9d9v9/PycharmProjects/Airflow-2/Airflow-2/.venv/lib/python3.10/site-packages/airflow/example_dags/example_external_task_marker_dag.py took 0.130 seconds
[2024-12-06T23:32:59.554-0600] {processor.py:186} INFO - Started process (PID=18088) to work on /home/m9d9v9/PycharmProjects/Airflow-2/Airflow-2/.venv/lib/python3.10/site-packages/airflow/example_dags/example_external_task_marker_dag.py
[2024-12-06T23:32:59.556-0600] {processor.py:914} INFO - Processing file /home/m9d9v9/PycharmProjects/Airflow-2/Airflow-2/.venv/lib/python3.10/site-packages/airflow/example_dags/example_external_task_marker_dag.py for tasks to queue
[2024-12-06T23:32:59.558-0600] {logging_mixin.py:190} INFO - [2024-12-06T23:32:59.557-0600] {dagbag.py:588} INFO - Filling up the DagBag from /home/m9d9v9/PycharmProjects/Airflow-2/Airflow-2/.venv/lib/python3.10/site-packages/airflow/example_dags/example_external_task_marker_dag.py
[2024-12-06T23:32:59.572-0600] {processor.py:925} INFO - DAG(s) 'example_external_task_marker_child', 'example_external_task_marker_parent' retrieved from /home/m9d9v9/PycharmProjects/Airflow-2/Airflow-2/.venv/lib/python3.10/site-packages/airflow/example_dags/example_external_task_marker_dag.py
[2024-12-06T23:32:59.600-0600] {logging_mixin.py:190} INFO - [2024-12-06T23:32:59.599-0600] {dag.py:3239} INFO - Sync 2 DAGs
[2024-12-06T23:32:59.619-0600] {logging_mixin.py:190} INFO - [2024-12-06T23:32:59.619-0600] {dag.py:4180} INFO - Setting next_dagrun for example_external_task_marker_child to None, run_after=None
[2024-12-06T23:32:59.622-0600] {logging_mixin.py:190} INFO - [2024-12-06T23:32:59.622-0600] {dag.py:4180} INFO - Setting next_dagrun for example_external_task_marker_parent to None, run_after=None
[2024-12-06T23:32:59.639-0600] {processor.py:208} INFO - Processing /home/m9d9v9/PycharmProjects/Airflow-2/Airflow-2/.venv/lib/python3.10/site-packages/airflow/example_dags/example_external_task_marker_dag.py took 0.106 seconds
[2024-12-06T23:33:56.291-0600] {processor.py:186} INFO - Started process (PID=18157) to work on /home/m9d9v9/PycharmProjects/Airflow-2/Airflow-2/.venv/lib/python3.10/site-packages/airflow/example_dags/example_external_task_marker_dag.py
[2024-12-06T23:33:56.291-0600] {processor.py:914} INFO - Processing file /home/m9d9v9/PycharmProjects/Airflow-2/Airflow-2/.venv/lib/python3.10/site-packages/airflow/example_dags/example_external_task_marker_dag.py for tasks to queue
[2024-12-06T23:33:56.292-0600] {logging_mixin.py:190} INFO - [2024-12-06T23:33:56.292-0600] {dagbag.py:588} INFO - Filling up the DagBag from /home/m9d9v9/PycharmProjects/Airflow-2/Airflow-2/.venv/lib/python3.10/site-packages/airflow/example_dags/example_external_task_marker_dag.py
[2024-12-06T23:33:56.298-0600] {processor.py:925} INFO - DAG(s) 'example_external_task_marker_child', 'example_external_task_marker_parent' retrieved from /home/m9d9v9/PycharmProjects/Airflow-2/Airflow-2/.venv/lib/python3.10/site-packages/airflow/example_dags/example_external_task_marker_dag.py
[2024-12-06T23:33:56.309-0600] {logging_mixin.py:190} INFO - [2024-12-06T23:33:56.309-0600] {dag.py:3239} INFO - Sync 2 DAGs
[2024-12-06T23:33:56.316-0600] {logging_mixin.py:190} INFO - [2024-12-06T23:33:56.316-0600] {dag.py:4180} INFO - Setting next_dagrun for example_external_task_marker_child to None, run_after=None
[2024-12-06T23:33:56.318-0600] {logging_mixin.py:190} INFO - [2024-12-06T23:33:56.318-0600] {dag.py:4180} INFO - Setting next_dagrun for example_external_task_marker_parent to None, run_after=None
[2024-12-06T23:33:56.329-0600] {processor.py:208} INFO - Processing /home/m9d9v9/PycharmProjects/Airflow-2/Airflow-2/.venv/lib/python3.10/site-packages/airflow/example_dags/example_external_task_marker_dag.py took 0.042 seconds
[2024-12-06T23:34:56.209-0600] {processor.py:186} INFO - Started process (PID=18286) to work on /home/m9d9v9/PycharmProjects/Airflow-2/Airflow-2/.venv/lib/python3.10/site-packages/airflow/example_dags/example_external_task_marker_dag.py
[2024-12-06T23:34:56.215-0600] {processor.py:914} INFO - Processing file /home/m9d9v9/PycharmProjects/Airflow-2/Airflow-2/.venv/lib/python3.10/site-packages/airflow/example_dags/example_external_task_marker_dag.py for tasks to queue
[2024-12-06T23:34:56.216-0600] {logging_mixin.py:190} INFO - [2024-12-06T23:34:56.216-0600] {dagbag.py:588} INFO - Filling up the DagBag from /home/m9d9v9/PycharmProjects/Airflow-2/Airflow-2/.venv/lib/python3.10/site-packages/airflow/example_dags/example_external_task_marker_dag.py
[2024-12-06T23:34:56.221-0600] {processor.py:925} INFO - DAG(s) 'example_external_task_marker_parent', 'example_external_task_marker_child' retrieved from /home/m9d9v9/PycharmProjects/Airflow-2/Airflow-2/.venv/lib/python3.10/site-packages/airflow/example_dags/example_external_task_marker_dag.py
[2024-12-06T23:34:56.232-0600] {logging_mixin.py:190} INFO - [2024-12-06T23:34:56.232-0600] {dag.py:3239} INFO - Sync 2 DAGs
[2024-12-06T23:34:56.239-0600] {logging_mixin.py:190} INFO - [2024-12-06T23:34:56.239-0600] {dag.py:4180} INFO - Setting next_dagrun for example_external_task_marker_child to None, run_after=None
[2024-12-06T23:34:56.241-0600] {logging_mixin.py:190} INFO - [2024-12-06T23:34:56.241-0600] {dag.py:4180} INFO - Setting next_dagrun for example_external_task_marker_parent to None, run_after=None
[2024-12-06T23:34:56.251-0600] {processor.py:208} INFO - Processing /home/m9d9v9/PycharmProjects/Airflow-2/Airflow-2/.venv/lib/python3.10/site-packages/airflow/example_dags/example_external_task_marker_dag.py took 0.046 seconds
[2024-12-06T23:35:59.734-0600] {processor.py:186} INFO - Started process (PID=18365) to work on /home/m9d9v9/PycharmProjects/Airflow-2/Airflow-2/.venv/lib/python3.10/site-packages/airflow/example_dags/example_external_task_marker_dag.py
[2024-12-06T23:35:59.740-0600] {processor.py:914} INFO - Processing file /home/m9d9v9/PycharmProjects/Airflow-2/Airflow-2/.venv/lib/python3.10/site-packages/airflow/example_dags/example_external_task_marker_dag.py for tasks to queue
[2024-12-06T23:35:59.743-0600] {logging_mixin.py:190} INFO - [2024-12-06T23:35:59.742-0600] {dagbag.py:588} INFO - Filling up the DagBag from /home/m9d9v9/PycharmProjects/Airflow-2/Airflow-2/.venv/lib/python3.10/site-packages/airflow/example_dags/example_external_task_marker_dag.py
[2024-12-06T23:35:59.758-0600] {processor.py:925} INFO - DAG(s) 'example_external_task_marker_child', 'example_external_task_marker_parent' retrieved from /home/m9d9v9/PycharmProjects/Airflow-2/Airflow-2/.venv/lib/python3.10/site-packages/airflow/example_dags/example_external_task_marker_dag.py
[2024-12-06T23:35:59.784-0600] {logging_mixin.py:190} INFO - [2024-12-06T23:35:59.783-0600] {dag.py:3239} INFO - Sync 2 DAGs
[2024-12-06T23:35:59.887-0600] {logging_mixin.py:190} INFO - [2024-12-06T23:35:59.887-0600] {dag.py:4180} INFO - Setting next_dagrun for example_external_task_marker_child to None, run_after=None
[2024-12-06T23:35:59.889-0600] {logging_mixin.py:190} INFO - [2024-12-06T23:35:59.889-0600] {dag.py:4180} INFO - Setting next_dagrun for example_external_task_marker_parent to None, run_after=None
[2024-12-06T23:35:59.905-0600] {processor.py:208} INFO - Processing /home/m9d9v9/PycharmProjects/Airflow-2/Airflow-2/.venv/lib/python3.10/site-packages/airflow/example_dags/example_external_task_marker_dag.py took 0.182 seconds
[2024-12-06T23:37:01.104-0600] {processor.py:186} INFO - Started process (PID=18498) to work on /home/m9d9v9/PycharmProjects/Airflow-2/Airflow-2/.venv/lib/python3.10/site-packages/airflow/example_dags/example_external_task_marker_dag.py
[2024-12-06T23:37:01.111-0600] {processor.py:914} INFO - Processing file /home/m9d9v9/PycharmProjects/Airflow-2/Airflow-2/.venv/lib/python3.10/site-packages/airflow/example_dags/example_external_task_marker_dag.py for tasks to queue
[2024-12-06T23:37:01.113-0600] {logging_mixin.py:190} INFO - [2024-12-06T23:37:01.112-0600] {dagbag.py:588} INFO - Filling up the DagBag from /home/m9d9v9/PycharmProjects/Airflow-2/Airflow-2/.venv/lib/python3.10/site-packages/airflow/example_dags/example_external_task_marker_dag.py
[2024-12-06T23:37:01.126-0600] {processor.py:925} INFO - DAG(s) 'example_external_task_marker_child', 'example_external_task_marker_parent' retrieved from /home/m9d9v9/PycharmProjects/Airflow-2/Airflow-2/.venv/lib/python3.10/site-packages/airflow/example_dags/example_external_task_marker_dag.py
[2024-12-06T23:37:01.155-0600] {logging_mixin.py:190} INFO - [2024-12-06T23:37:01.154-0600] {dag.py:3239} INFO - Sync 2 DAGs
[2024-12-06T23:37:01.163-0600] {logging_mixin.py:190} INFO - [2024-12-06T23:37:01.162-0600] {dag.py:4180} INFO - Setting next_dagrun for example_external_task_marker_child to None, run_after=None
[2024-12-06T23:37:01.165-0600] {logging_mixin.py:190} INFO - [2024-12-06T23:37:01.164-0600] {dag.py:4180} INFO - Setting next_dagrun for example_external_task_marker_parent to None, run_after=None
[2024-12-06T23:37:01.281-0600] {processor.py:208} INFO - Processing /home/m9d9v9/PycharmProjects/Airflow-2/Airflow-2/.venv/lib/python3.10/site-packages/airflow/example_dags/example_external_task_marker_dag.py took 0.187 seconds
[2024-12-06T23:38:01.840-0600] {processor.py:186} INFO - Started process (PID=18759) to work on /home/m9d9v9/PycharmProjects/Airflow-2/Airflow-2/.venv/lib/python3.10/site-packages/airflow/example_dags/example_external_task_marker_dag.py
[2024-12-06T23:38:01.846-0600] {processor.py:914} INFO - Processing file /home/m9d9v9/PycharmProjects/Airflow-2/Airflow-2/.venv/lib/python3.10/site-packages/airflow/example_dags/example_external_task_marker_dag.py for tasks to queue
[2024-12-06T23:38:01.849-0600] {logging_mixin.py:190} INFO - [2024-12-06T23:38:01.848-0600] {dagbag.py:588} INFO - Filling up the DagBag from /home/m9d9v9/PycharmProjects/Airflow-2/Airflow-2/.venv/lib/python3.10/site-packages/airflow/example_dags/example_external_task_marker_dag.py
[2024-12-06T23:38:01.865-0600] {processor.py:925} INFO - DAG(s) 'example_external_task_marker_parent', 'example_external_task_marker_child' retrieved from /home/m9d9v9/PycharmProjects/Airflow-2/Airflow-2/.venv/lib/python3.10/site-packages/airflow/example_dags/example_external_task_marker_dag.py
[2024-12-06T23:38:01.889-0600] {logging_mixin.py:190} INFO - [2024-12-06T23:38:01.889-0600] {dag.py:3239} INFO - Sync 2 DAGs
[2024-12-06T23:38:01.896-0600] {logging_mixin.py:190} INFO - [2024-12-06T23:38:01.896-0600] {dag.py:4180} INFO - Setting next_dagrun for example_external_task_marker_child to None, run_after=None
[2024-12-06T23:38:01.898-0600] {logging_mixin.py:190} INFO - [2024-12-06T23:38:01.898-0600] {dag.py:4180} INFO - Setting next_dagrun for example_external_task_marker_parent to None, run_after=None
[2024-12-06T23:38:01.908-0600] {processor.py:208} INFO - Processing /home/m9d9v9/PycharmProjects/Airflow-2/Airflow-2/.venv/lib/python3.10/site-packages/airflow/example_dags/example_external_task_marker_dag.py took 0.080 seconds
[2024-12-06T23:39:08.635-0600] {processor.py:186} INFO - Started process (PID=18902) to work on /home/m9d9v9/PycharmProjects/Airflow-2/Airflow-2/.venv/lib/python3.10/site-packages/airflow/example_dags/example_external_task_marker_dag.py
[2024-12-06T23:39:08.641-0600] {processor.py:914} INFO - Processing file /home/m9d9v9/PycharmProjects/Airflow-2/Airflow-2/.venv/lib/python3.10/site-packages/airflow/example_dags/example_external_task_marker_dag.py for tasks to queue
[2024-12-06T23:39:08.643-0600] {logging_mixin.py:190} INFO - [2024-12-06T23:39:08.642-0600] {dagbag.py:588} INFO - Filling up the DagBag from /home/m9d9v9/PycharmProjects/Airflow-2/Airflow-2/.venv/lib/python3.10/site-packages/airflow/example_dags/example_external_task_marker_dag.py
[2024-12-06T23:39:08.649-0600] {processor.py:925} INFO - DAG(s) 'example_external_task_marker_parent', 'example_external_task_marker_child' retrieved from /home/m9d9v9/PycharmProjects/Airflow-2/Airflow-2/.venv/lib/python3.10/site-packages/airflow/example_dags/example_external_task_marker_dag.py
[2024-12-06T23:39:08.661-0600] {logging_mixin.py:190} INFO - [2024-12-06T23:39:08.661-0600] {dag.py:3239} INFO - Sync 2 DAGs
[2024-12-06T23:39:08.670-0600] {logging_mixin.py:190} INFO - [2024-12-06T23:39:08.670-0600] {dag.py:4180} INFO - Setting next_dagrun for example_external_task_marker_child to None, run_after=None
[2024-12-06T23:39:08.672-0600] {logging_mixin.py:190} INFO - [2024-12-06T23:39:08.672-0600] {dag.py:4180} INFO - Setting next_dagrun for example_external_task_marker_parent to None, run_after=None
[2024-12-06T23:39:08.682-0600] {processor.py:208} INFO - Processing /home/m9d9v9/PycharmProjects/Airflow-2/Airflow-2/.venv/lib/python3.10/site-packages/airflow/example_dags/example_external_task_marker_dag.py took 0.052 seconds
[2024-12-06T23:40:06.994-0600] {processor.py:186} INFO - Started process (PID=19197) to work on /home/m9d9v9/PycharmProjects/Airflow-2/Airflow-2/.venv/lib/python3.10/site-packages/airflow/example_dags/example_external_task_marker_dag.py
[2024-12-06T23:40:06.995-0600] {processor.py:914} INFO - Processing file /home/m9d9v9/PycharmProjects/Airflow-2/Airflow-2/.venv/lib/python3.10/site-packages/airflow/example_dags/example_external_task_marker_dag.py for tasks to queue
[2024-12-06T23:40:06.996-0600] {logging_mixin.py:190} INFO - [2024-12-06T23:40:06.996-0600] {dagbag.py:588} INFO - Filling up the DagBag from /home/m9d9v9/PycharmProjects/Airflow-2/Airflow-2/.venv/lib/python3.10/site-packages/airflow/example_dags/example_external_task_marker_dag.py
[2024-12-06T23:40:07.005-0600] {processor.py:925} INFO - DAG(s) 'example_external_task_marker_child', 'example_external_task_marker_parent' retrieved from /home/m9d9v9/PycharmProjects/Airflow-2/Airflow-2/.venv/lib/python3.10/site-packages/airflow/example_dags/example_external_task_marker_dag.py
[2024-12-06T23:40:07.021-0600] {logging_mixin.py:190} INFO - [2024-12-06T23:40:07.021-0600] {dag.py:3239} INFO - Sync 2 DAGs
[2024-12-06T23:40:07.031-0600] {logging_mixin.py:190} INFO - [2024-12-06T23:40:07.031-0600] {dag.py:4180} INFO - Setting next_dagrun for example_external_task_marker_child to None, run_after=None
[2024-12-06T23:40:07.034-0600] {logging_mixin.py:190} INFO - [2024-12-06T23:40:07.034-0600] {dag.py:4180} INFO - Setting next_dagrun for example_external_task_marker_parent to None, run_after=None
[2024-12-06T23:40:07.048-0600] {processor.py:208} INFO - Processing /home/m9d9v9/PycharmProjects/Airflow-2/Airflow-2/.venv/lib/python3.10/site-packages/airflow/example_dags/example_external_task_marker_dag.py took 0.060 seconds
[2024-12-06T23:41:01.285-0600] {processor.py:186} INFO - Started process (PID=19302) to work on /home/m9d9v9/PycharmProjects/Airflow-2/Airflow-2/.venv/lib/python3.10/site-packages/airflow/example_dags/example_external_task_marker_dag.py
[2024-12-06T23:41:01.286-0600] {processor.py:914} INFO - Processing file /home/m9d9v9/PycharmProjects/Airflow-2/Airflow-2/.venv/lib/python3.10/site-packages/airflow/example_dags/example_external_task_marker_dag.py for tasks to queue
[2024-12-06T23:41:01.287-0600] {logging_mixin.py:190} INFO - [2024-12-06T23:41:01.287-0600] {dagbag.py:588} INFO - Filling up the DagBag from /home/m9d9v9/PycharmProjects/Airflow-2/Airflow-2/.venv/lib/python3.10/site-packages/airflow/example_dags/example_external_task_marker_dag.py
[2024-12-06T23:41:01.298-0600] {processor.py:925} INFO - DAG(s) 'example_external_task_marker_parent', 'example_external_task_marker_child' retrieved from /home/m9d9v9/PycharmProjects/Airflow-2/Airflow-2/.venv/lib/python3.10/site-packages/airflow/example_dags/example_external_task_marker_dag.py
[2024-12-06T23:41:01.316-0600] {logging_mixin.py:190} INFO - [2024-12-06T23:41:01.316-0600] {dag.py:3239} INFO - Sync 2 DAGs
[2024-12-06T23:41:01.328-0600] {logging_mixin.py:190} INFO - [2024-12-06T23:41:01.327-0600] {dag.py:4180} INFO - Setting next_dagrun for example_external_task_marker_child to None, run_after=None
[2024-12-06T23:41:01.329-0600] {logging_mixin.py:190} INFO - [2024-12-06T23:41:01.329-0600] {dag.py:4180} INFO - Setting next_dagrun for example_external_task_marker_parent to None, run_after=None
[2024-12-06T23:41:01.341-0600] {processor.py:208} INFO - Processing /home/m9d9v9/PycharmProjects/Airflow-2/Airflow-2/.venv/lib/python3.10/site-packages/airflow/example_dags/example_external_task_marker_dag.py took 0.063 seconds
