[2024-12-06T22:18:51.492-0600] {processor.py:186} INFO - Started process (PID=12496) to work on /home/m9d9v9/PycharmProjects/Airflow-2/Airflow-2/.venv/lib/python3.10/site-packages/airflow/example_dags/example_display_name.py
[2024-12-06T22:18:51.494-0600] {processor.py:914} INFO - Processing file /home/m9d9v9/PycharmProjects/Airflow-2/Airflow-2/.venv/lib/python3.10/site-packages/airflow/example_dags/example_display_name.py for tasks to queue
[2024-12-06T22:18:51.498-0600] {logging_mixin.py:190} INFO - [2024-12-06T22:18:51.497-0600] {dagbag.py:588} INFO - Filling up the DagBag from /home/m9d9v9/PycharmProjects/Airflow-2/Airflow-2/.venv/lib/python3.10/site-packages/airflow/example_dags/example_display_name.py
[2024-12-06T22:18:51.516-0600] {processor.py:925} INFO - DAG(s) 'example_display_name' retrieved from /home/m9d9v9/PycharmProjects/Airflow-2/Airflow-2/.venv/lib/python3.10/site-packages/airflow/example_dags/example_display_name.py
[2024-12-06T22:18:51.615-0600] {logging_mixin.py:190} INFO - [2024-12-06T22:18:51.614-0600] {override.py:1911} INFO - Created Permission View: can edit on DAG:example_display_name
[2024-12-06T22:18:51.622-0600] {logging_mixin.py:190} INFO - [2024-12-06T22:18:51.621-0600] {override.py:1911} INFO - Created Permission View: can read on DAG:example_display_name
[2024-12-06T22:18:51.626-0600] {logging_mixin.py:190} INFO - [2024-12-06T22:18:51.626-0600] {override.py:1911} INFO - Created Permission View: can delete on DAG:example_display_name
[2024-12-06T22:18:51.633-0600] {logging_mixin.py:190} INFO - [2024-12-06T22:18:51.632-0600] {override.py:1911} INFO - Created Permission View: menu access on DAG Run:example_display_name
[2024-12-06T22:18:51.637-0600] {logging_mixin.py:190} INFO - [2024-12-06T22:18:51.637-0600] {override.py:1911} INFO - Created Permission View: can create on DAG Run:example_display_name
[2024-12-06T22:18:51.642-0600] {logging_mixin.py:190} INFO - [2024-12-06T22:18:51.642-0600] {override.py:1911} INFO - Created Permission View: can read on DAG Run:example_display_name
[2024-12-06T22:18:51.648-0600] {logging_mixin.py:190} INFO - [2024-12-06T22:18:51.647-0600] {override.py:1911} INFO - Created Permission View: can delete on DAG Run:example_display_name
[2024-12-06T22:18:51.648-0600] {logging_mixin.py:190} INFO - [2024-12-06T22:18:51.648-0600] {dag.py:3239} INFO - Sync 1 DAGs
[2024-12-06T22:18:51.655-0600] {logging_mixin.py:190} INFO - [2024-12-06T22:18:51.655-0600] {dag.py:3262} INFO - Creating ORM DAG for example_display_name
[2024-12-06T22:18:51.655-0600] {logging_mixin.py:190} INFO - [2024-12-06T22:18:51.655-0600] {dag.py:4180} INFO - Setting next_dagrun for example_display_name to None, run_after=None
[2024-12-06T22:18:51.669-0600] {processor.py:208} INFO - Processing /home/m9d9v9/PycharmProjects/Airflow-2/Airflow-2/.venv/lib/python3.10/site-packages/airflow/example_dags/example_display_name.py took 0.190 seconds
[2024-12-06T22:19:52.298-0600] {processor.py:186} INFO - Started process (PID=12598) to work on /home/m9d9v9/PycharmProjects/Airflow-2/Airflow-2/.venv/lib/python3.10/site-packages/airflow/example_dags/example_display_name.py
[2024-12-06T22:19:52.305-0600] {processor.py:914} INFO - Processing file /home/m9d9v9/PycharmProjects/Airflow-2/Airflow-2/.venv/lib/python3.10/site-packages/airflow/example_dags/example_display_name.py for tasks to queue
[2024-12-06T22:19:52.309-0600] {logging_mixin.py:190} INFO - [2024-12-06T22:19:52.308-0600] {dagbag.py:588} INFO - Filling up the DagBag from /home/m9d9v9/PycharmProjects/Airflow-2/Airflow-2/.venv/lib/python3.10/site-packages/airflow/example_dags/example_display_name.py
[2024-12-06T22:19:52.325-0600] {processor.py:925} INFO - DAG(s) 'example_display_name' retrieved from /home/m9d9v9/PycharmProjects/Airflow-2/Airflow-2/.venv/lib/python3.10/site-packages/airflow/example_dags/example_display_name.py
[2024-12-06T22:19:52.349-0600] {logging_mixin.py:190} INFO - [2024-12-06T22:19:52.349-0600] {dag.py:3239} INFO - Sync 1 DAGs
[2024-12-06T22:19:52.356-0600] {logging_mixin.py:190} INFO - [2024-12-06T22:19:52.356-0600] {dag.py:4180} INFO - Setting next_dagrun for example_display_name to None, run_after=None
[2024-12-06T22:19:52.369-0600] {processor.py:208} INFO - Processing /home/m9d9v9/PycharmProjects/Airflow-2/Airflow-2/.venv/lib/python3.10/site-packages/airflow/example_dags/example_display_name.py took 0.084 seconds
[2024-12-06T22:20:47.915-0600] {processor.py:186} INFO - Started process (PID=12689) to work on /home/m9d9v9/PycharmProjects/Airflow-2/Airflow-2/.venv/lib/python3.10/site-packages/airflow/example_dags/example_display_name.py
[2024-12-06T22:20:47.921-0600] {processor.py:914} INFO - Processing file /home/m9d9v9/PycharmProjects/Airflow-2/Airflow-2/.venv/lib/python3.10/site-packages/airflow/example_dags/example_display_name.py for tasks to queue
[2024-12-06T22:20:47.923-0600] {logging_mixin.py:190} INFO - [2024-12-06T22:20:47.922-0600] {dagbag.py:588} INFO - Filling up the DagBag from /home/m9d9v9/PycharmProjects/Airflow-2/Airflow-2/.venv/lib/python3.10/site-packages/airflow/example_dags/example_display_name.py
[2024-12-06T22:20:47.929-0600] {processor.py:925} INFO - DAG(s) 'example_display_name' retrieved from /home/m9d9v9/PycharmProjects/Airflow-2/Airflow-2/.venv/lib/python3.10/site-packages/airflow/example_dags/example_display_name.py
[2024-12-06T22:20:47.940-0600] {logging_mixin.py:190} INFO - [2024-12-06T22:20:47.940-0600] {dag.py:3239} INFO - Sync 1 DAGs
[2024-12-06T22:20:47.948-0600] {logging_mixin.py:190} INFO - [2024-12-06T22:20:47.948-0600] {dag.py:4180} INFO - Setting next_dagrun for example_display_name to None, run_after=None
[2024-12-06T22:20:47.962-0600] {processor.py:208} INFO - Processing /home/m9d9v9/PycharmProjects/Airflow-2/Airflow-2/.venv/lib/python3.10/site-packages/airflow/example_dags/example_display_name.py took 0.051 seconds
[2024-12-06T22:21:46.248-0600] {processor.py:186} INFO - Started process (PID=12762) to work on /home/m9d9v9/PycharmProjects/Airflow-2/Airflow-2/.venv/lib/python3.10/site-packages/airflow/example_dags/example_display_name.py
[2024-12-06T22:21:46.255-0600] {processor.py:914} INFO - Processing file /home/m9d9v9/PycharmProjects/Airflow-2/Airflow-2/.venv/lib/python3.10/site-packages/airflow/example_dags/example_display_name.py for tasks to queue
[2024-12-06T22:21:46.259-0600] {logging_mixin.py:190} INFO - [2024-12-06T22:21:46.258-0600] {dagbag.py:588} INFO - Filling up the DagBag from /home/m9d9v9/PycharmProjects/Airflow-2/Airflow-2/.venv/lib/python3.10/site-packages/airflow/example_dags/example_display_name.py
[2024-12-06T22:21:46.275-0600] {processor.py:925} INFO - DAG(s) 'example_display_name' retrieved from /home/m9d9v9/PycharmProjects/Airflow-2/Airflow-2/.venv/lib/python3.10/site-packages/airflow/example_dags/example_display_name.py
[2024-12-06T22:21:46.292-0600] {logging_mixin.py:190} INFO - [2024-12-06T22:21:46.292-0600] {dag.py:3239} INFO - Sync 1 DAGs
[2024-12-06T22:21:46.301-0600] {logging_mixin.py:190} INFO - [2024-12-06T22:21:46.301-0600] {dag.py:4180} INFO - Setting next_dagrun for example_display_name to None, run_after=None
[2024-12-06T22:21:46.314-0600] {processor.py:208} INFO - Processing /home/m9d9v9/PycharmProjects/Airflow-2/Airflow-2/.venv/lib/python3.10/site-packages/airflow/example_dags/example_display_name.py took 0.079 seconds
[2024-12-06T22:23:03.934-0600] {processor.py:186} INFO - Started process (PID=12925) to work on /home/m9d9v9/PycharmProjects/Airflow-2/Airflow-2/.venv/lib/python3.10/site-packages/airflow/example_dags/example_display_name.py
[2024-12-06T22:23:03.940-0600] {processor.py:914} INFO - Processing file /home/m9d9v9/PycharmProjects/Airflow-2/Airflow-2/.venv/lib/python3.10/site-packages/airflow/example_dags/example_display_name.py for tasks to queue
[2024-12-06T22:23:03.942-0600] {logging_mixin.py:190} INFO - [2024-12-06T22:23:03.942-0600] {dagbag.py:588} INFO - Filling up the DagBag from /home/m9d9v9/PycharmProjects/Airflow-2/Airflow-2/.venv/lib/python3.10/site-packages/airflow/example_dags/example_display_name.py
[2024-12-06T22:23:03.952-0600] {processor.py:925} INFO - DAG(s) 'example_display_name' retrieved from /home/m9d9v9/PycharmProjects/Airflow-2/Airflow-2/.venv/lib/python3.10/site-packages/airflow/example_dags/example_display_name.py
[2024-12-06T22:23:03.967-0600] {logging_mixin.py:190} INFO - [2024-12-06T22:23:03.967-0600] {dag.py:3239} INFO - Sync 1 DAGs
[2024-12-06T22:23:03.979-0600] {logging_mixin.py:190} INFO - [2024-12-06T22:23:03.978-0600] {dag.py:4180} INFO - Setting next_dagrun for example_display_name to None, run_after=None
[2024-12-06T22:23:03.994-0600] {processor.py:208} INFO - Processing /home/m9d9v9/PycharmProjects/Airflow-2/Airflow-2/.venv/lib/python3.10/site-packages/airflow/example_dags/example_display_name.py took 0.069 seconds
[2024-12-06T22:24:01.847-0600] {processor.py:186} INFO - Started process (PID=12997) to work on /home/m9d9v9/PycharmProjects/Airflow-2/Airflow-2/.venv/lib/python3.10/site-packages/airflow/example_dags/example_display_name.py
[2024-12-06T22:24:01.850-0600] {processor.py:914} INFO - Processing file /home/m9d9v9/PycharmProjects/Airflow-2/Airflow-2/.venv/lib/python3.10/site-packages/airflow/example_dags/example_display_name.py for tasks to queue
[2024-12-06T22:24:01.852-0600] {logging_mixin.py:190} INFO - [2024-12-06T22:24:01.851-0600] {dagbag.py:588} INFO - Filling up the DagBag from /home/m9d9v9/PycharmProjects/Airflow-2/Airflow-2/.venv/lib/python3.10/site-packages/airflow/example_dags/example_display_name.py
[2024-12-06T22:24:01.866-0600] {processor.py:925} INFO - DAG(s) 'example_display_name' retrieved from /home/m9d9v9/PycharmProjects/Airflow-2/Airflow-2/.venv/lib/python3.10/site-packages/airflow/example_dags/example_display_name.py
[2024-12-06T22:24:01.886-0600] {logging_mixin.py:190} INFO - [2024-12-06T22:24:01.886-0600] {dag.py:3239} INFO - Sync 1 DAGs
[2024-12-06T22:24:01.895-0600] {logging_mixin.py:190} INFO - [2024-12-06T22:24:01.895-0600] {dag.py:4180} INFO - Setting next_dagrun for example_display_name to None, run_after=None
[2024-12-06T22:24:01.906-0600] {processor.py:208} INFO - Processing /home/m9d9v9/PycharmProjects/Airflow-2/Airflow-2/.venv/lib/python3.10/site-packages/airflow/example_dags/example_display_name.py took 0.071 seconds
[2024-12-06T22:24:57.927-0600] {processor.py:186} INFO - Started process (PID=13077) to work on /home/m9d9v9/PycharmProjects/Airflow-2/Airflow-2/.venv/lib/python3.10/site-packages/airflow/example_dags/example_display_name.py
[2024-12-06T22:24:57.934-0600] {processor.py:914} INFO - Processing file /home/m9d9v9/PycharmProjects/Airflow-2/Airflow-2/.venv/lib/python3.10/site-packages/airflow/example_dags/example_display_name.py for tasks to queue
[2024-12-06T22:24:57.937-0600] {logging_mixin.py:190} INFO - [2024-12-06T22:24:57.936-0600] {dagbag.py:588} INFO - Filling up the DagBag from /home/m9d9v9/PycharmProjects/Airflow-2/Airflow-2/.venv/lib/python3.10/site-packages/airflow/example_dags/example_display_name.py
[2024-12-06T22:24:57.953-0600] {processor.py:925} INFO - DAG(s) 'example_display_name' retrieved from /home/m9d9v9/PycharmProjects/Airflow-2/Airflow-2/.venv/lib/python3.10/site-packages/airflow/example_dags/example_display_name.py
[2024-12-06T22:24:57.976-0600] {logging_mixin.py:190} INFO - [2024-12-06T22:24:57.976-0600] {dag.py:3239} INFO - Sync 1 DAGs
[2024-12-06T22:24:57.986-0600] {logging_mixin.py:190} INFO - [2024-12-06T22:24:57.986-0600] {dag.py:4180} INFO - Setting next_dagrun for example_display_name to None, run_after=None
[2024-12-06T22:24:58.001-0600] {processor.py:208} INFO - Processing /home/m9d9v9/PycharmProjects/Airflow-2/Airflow-2/.venv/lib/python3.10/site-packages/airflow/example_dags/example_display_name.py took 0.086 seconds
[2024-12-06T22:25:54.936-0600] {processor.py:186} INFO - Started process (PID=13164) to work on /home/m9d9v9/PycharmProjects/Airflow-2/Airflow-2/.venv/lib/python3.10/site-packages/airflow/example_dags/example_display_name.py
[2024-12-06T22:25:54.942-0600] {processor.py:914} INFO - Processing file /home/m9d9v9/PycharmProjects/Airflow-2/Airflow-2/.venv/lib/python3.10/site-packages/airflow/example_dags/example_display_name.py for tasks to queue
[2024-12-06T22:25:54.943-0600] {logging_mixin.py:190} INFO - [2024-12-06T22:25:54.943-0600] {dagbag.py:588} INFO - Filling up the DagBag from /home/m9d9v9/PycharmProjects/Airflow-2/Airflow-2/.venv/lib/python3.10/site-packages/airflow/example_dags/example_display_name.py
[2024-12-06T22:25:54.952-0600] {processor.py:925} INFO - DAG(s) 'example_display_name' retrieved from /home/m9d9v9/PycharmProjects/Airflow-2/Airflow-2/.venv/lib/python3.10/site-packages/airflow/example_dags/example_display_name.py
[2024-12-06T22:25:54.968-0600] {logging_mixin.py:190} INFO - [2024-12-06T22:25:54.967-0600] {dag.py:3239} INFO - Sync 1 DAGs
[2024-12-06T22:25:54.980-0600] {logging_mixin.py:190} INFO - [2024-12-06T22:25:54.980-0600] {dag.py:4180} INFO - Setting next_dagrun for example_display_name to None, run_after=None
[2024-12-06T22:25:54.996-0600] {processor.py:208} INFO - Processing /home/m9d9v9/PycharmProjects/Airflow-2/Airflow-2/.venv/lib/python3.10/site-packages/airflow/example_dags/example_display_name.py took 0.067 seconds
[2024-12-06T22:26:51.168-0600] {processor.py:186} INFO - Started process (PID=13238) to work on /home/m9d9v9/PycharmProjects/Airflow-2/Airflow-2/.venv/lib/python3.10/site-packages/airflow/example_dags/example_display_name.py
[2024-12-06T22:26:51.175-0600] {processor.py:914} INFO - Processing file /home/m9d9v9/PycharmProjects/Airflow-2/Airflow-2/.venv/lib/python3.10/site-packages/airflow/example_dags/example_display_name.py for tasks to queue
[2024-12-06T22:26:51.178-0600] {logging_mixin.py:190} INFO - [2024-12-06T22:26:51.177-0600] {dagbag.py:588} INFO - Filling up the DagBag from /home/m9d9v9/PycharmProjects/Airflow-2/Airflow-2/.venv/lib/python3.10/site-packages/airflow/example_dags/example_display_name.py
[2024-12-06T22:26:51.200-0600] {processor.py:925} INFO - DAG(s) 'example_display_name' retrieved from /home/m9d9v9/PycharmProjects/Airflow-2/Airflow-2/.venv/lib/python3.10/site-packages/airflow/example_dags/example_display_name.py
[2024-12-06T22:26:51.239-0600] {logging_mixin.py:190} INFO - [2024-12-06T22:26:51.239-0600] {dag.py:3239} INFO - Sync 1 DAGs
[2024-12-06T22:26:51.259-0600] {logging_mixin.py:190} INFO - [2024-12-06T22:26:51.258-0600] {dag.py:4180} INFO - Setting next_dagrun for example_display_name to None, run_after=None
[2024-12-06T22:26:51.286-0600] {processor.py:208} INFO - Processing /home/m9d9v9/PycharmProjects/Airflow-2/Airflow-2/.venv/lib/python3.10/site-packages/airflow/example_dags/example_display_name.py took 0.129 seconds
[2024-12-06T22:37:12.548-0600] {processor.py:186} INFO - Started process (PID=14627) to work on /home/m9d9v9/PycharmProjects/Airflow-2/Airflow-2/.venv/lib/python3.10/site-packages/airflow/example_dags/example_display_name.py
[2024-12-06T22:37:12.556-0600] {processor.py:914} INFO - Processing file /home/m9d9v9/PycharmProjects/Airflow-2/Airflow-2/.venv/lib/python3.10/site-packages/airflow/example_dags/example_display_name.py for tasks to queue
[2024-12-06T22:37:12.561-0600] {logging_mixin.py:190} INFO - [2024-12-06T22:37:12.560-0600] {dagbag.py:588} INFO - Filling up the DagBag from /home/m9d9v9/PycharmProjects/Airflow-2/Airflow-2/.venv/lib/python3.10/site-packages/airflow/example_dags/example_display_name.py
[2024-12-06T22:37:12.579-0600] {processor.py:925} INFO - DAG(s) 'example_display_name' retrieved from /home/m9d9v9/PycharmProjects/Airflow-2/Airflow-2/.venv/lib/python3.10/site-packages/airflow/example_dags/example_display_name.py
[2024-12-06T22:37:12.605-0600] {logging_mixin.py:190} INFO - [2024-12-06T22:37:12.605-0600] {dag.py:3239} INFO - Sync 1 DAGs
[2024-12-06T22:37:12.614-0600] {logging_mixin.py:190} INFO - [2024-12-06T22:37:12.613-0600] {dag.py:4180} INFO - Setting next_dagrun for example_display_name to None, run_after=None
[2024-12-06T22:37:12.626-0600] {processor.py:208} INFO - Processing /home/m9d9v9/PycharmProjects/Airflow-2/Airflow-2/.venv/lib/python3.10/site-packages/airflow/example_dags/example_display_name.py took 0.091 seconds
[2024-12-06T22:38:10.163-0600] {processor.py:186} INFO - Started process (PID=14735) to work on /home/m9d9v9/PycharmProjects/Airflow-2/Airflow-2/.venv/lib/python3.10/site-packages/airflow/example_dags/example_display_name.py
[2024-12-06T22:38:10.165-0600] {processor.py:914} INFO - Processing file /home/m9d9v9/PycharmProjects/Airflow-2/Airflow-2/.venv/lib/python3.10/site-packages/airflow/example_dags/example_display_name.py for tasks to queue
[2024-12-06T22:38:10.167-0600] {logging_mixin.py:190} INFO - [2024-12-06T22:38:10.167-0600] {dagbag.py:588} INFO - Filling up the DagBag from /home/m9d9v9/PycharmProjects/Airflow-2/Airflow-2/.venv/lib/python3.10/site-packages/airflow/example_dags/example_display_name.py
[2024-12-06T22:38:10.183-0600] {processor.py:925} INFO - DAG(s) 'example_display_name' retrieved from /home/m9d9v9/PycharmProjects/Airflow-2/Airflow-2/.venv/lib/python3.10/site-packages/airflow/example_dags/example_display_name.py
[2024-12-06T22:38:10.203-0600] {logging_mixin.py:190} INFO - [2024-12-06T22:38:10.202-0600] {dag.py:3239} INFO - Sync 1 DAGs
[2024-12-06T22:38:10.211-0600] {logging_mixin.py:190} INFO - [2024-12-06T22:38:10.211-0600] {dag.py:4180} INFO - Setting next_dagrun for example_display_name to None, run_after=None
[2024-12-06T22:38:10.224-0600] {processor.py:208} INFO - Processing /home/m9d9v9/PycharmProjects/Airflow-2/Airflow-2/.venv/lib/python3.10/site-packages/airflow/example_dags/example_display_name.py took 0.071 seconds
[2024-12-06T22:39:08.049-0600] {processor.py:186} INFO - Started process (PID=14847) to work on /home/m9d9v9/PycharmProjects/Airflow-2/Airflow-2/.venv/lib/python3.10/site-packages/airflow/example_dags/example_display_name.py
[2024-12-06T22:39:08.050-0600] {processor.py:914} INFO - Processing file /home/m9d9v9/PycharmProjects/Airflow-2/Airflow-2/.venv/lib/python3.10/site-packages/airflow/example_dags/example_display_name.py for tasks to queue
[2024-12-06T22:39:08.052-0600] {logging_mixin.py:190} INFO - [2024-12-06T22:39:08.052-0600] {dagbag.py:588} INFO - Filling up the DagBag from /home/m9d9v9/PycharmProjects/Airflow-2/Airflow-2/.venv/lib/python3.10/site-packages/airflow/example_dags/example_display_name.py
[2024-12-06T22:39:08.060-0600] {processor.py:925} INFO - DAG(s) 'example_display_name' retrieved from /home/m9d9v9/PycharmProjects/Airflow-2/Airflow-2/.venv/lib/python3.10/site-packages/airflow/example_dags/example_display_name.py
[2024-12-06T22:39:08.082-0600] {logging_mixin.py:190} INFO - [2024-12-06T22:39:08.082-0600] {dag.py:3239} INFO - Sync 1 DAGs
[2024-12-06T22:39:08.092-0600] {logging_mixin.py:190} INFO - [2024-12-06T22:39:08.092-0600] {dag.py:4180} INFO - Setting next_dagrun for example_display_name to None, run_after=None
[2024-12-06T22:39:08.104-0600] {processor.py:208} INFO - Processing /home/m9d9v9/PycharmProjects/Airflow-2/Airflow-2/.venv/lib/python3.10/site-packages/airflow/example_dags/example_display_name.py took 0.067 seconds
[2024-12-06T22:40:08.029-0600] {processor.py:186} INFO - Started process (PID=15032) to work on /home/m9d9v9/PycharmProjects/Airflow-2/Airflow-2/.venv/lib/python3.10/site-packages/airflow/example_dags/example_display_name.py
[2024-12-06T22:40:08.035-0600] {processor.py:914} INFO - Processing file /home/m9d9v9/PycharmProjects/Airflow-2/Airflow-2/.venv/lib/python3.10/site-packages/airflow/example_dags/example_display_name.py for tasks to queue
[2024-12-06T22:40:08.036-0600] {logging_mixin.py:190} INFO - [2024-12-06T22:40:08.036-0600] {dagbag.py:588} INFO - Filling up the DagBag from /home/m9d9v9/PycharmProjects/Airflow-2/Airflow-2/.venv/lib/python3.10/site-packages/airflow/example_dags/example_display_name.py
[2024-12-06T22:40:08.043-0600] {processor.py:925} INFO - DAG(s) 'example_display_name' retrieved from /home/m9d9v9/PycharmProjects/Airflow-2/Airflow-2/.venv/lib/python3.10/site-packages/airflow/example_dags/example_display_name.py
[2024-12-06T22:40:08.054-0600] {logging_mixin.py:190} INFO - [2024-12-06T22:40:08.054-0600] {dag.py:3239} INFO - Sync 1 DAGs
[2024-12-06T22:40:08.062-0600] {logging_mixin.py:190} INFO - [2024-12-06T22:40:08.062-0600] {dag.py:4180} INFO - Setting next_dagrun for example_display_name to None, run_after=None
[2024-12-06T22:40:08.078-0600] {processor.py:208} INFO - Processing /home/m9d9v9/PycharmProjects/Airflow-2/Airflow-2/.venv/lib/python3.10/site-packages/airflow/example_dags/example_display_name.py took 0.055 seconds
[2024-12-06T22:41:07.919-0600] {processor.py:186} INFO - Started process (PID=15134) to work on /home/m9d9v9/PycharmProjects/Airflow-2/Airflow-2/.venv/lib/python3.10/site-packages/airflow/example_dags/example_display_name.py
[2024-12-06T22:41:07.926-0600] {processor.py:914} INFO - Processing file /home/m9d9v9/PycharmProjects/Airflow-2/Airflow-2/.venv/lib/python3.10/site-packages/airflow/example_dags/example_display_name.py for tasks to queue
[2024-12-06T22:41:07.929-0600] {logging_mixin.py:190} INFO - [2024-12-06T22:41:07.928-0600] {dagbag.py:588} INFO - Filling up the DagBag from /home/m9d9v9/PycharmProjects/Airflow-2/Airflow-2/.venv/lib/python3.10/site-packages/airflow/example_dags/example_display_name.py
[2024-12-06T22:41:07.943-0600] {processor.py:925} INFO - DAG(s) 'example_display_name' retrieved from /home/m9d9v9/PycharmProjects/Airflow-2/Airflow-2/.venv/lib/python3.10/site-packages/airflow/example_dags/example_display_name.py
[2024-12-06T22:41:07.965-0600] {logging_mixin.py:190} INFO - [2024-12-06T22:41:07.965-0600] {dag.py:3239} INFO - Sync 1 DAGs
[2024-12-06T22:41:07.977-0600] {logging_mixin.py:190} INFO - [2024-12-06T22:41:07.976-0600] {dag.py:4180} INFO - Setting next_dagrun for example_display_name to None, run_after=None
[2024-12-06T22:41:07.992-0600] {processor.py:208} INFO - Processing /home/m9d9v9/PycharmProjects/Airflow-2/Airflow-2/.venv/lib/python3.10/site-packages/airflow/example_dags/example_display_name.py took 0.090 seconds
[2024-12-06T23:25:18.743-0600] {processor.py:186} INFO - Started process (PID=17272) to work on /home/m9d9v9/PycharmProjects/Airflow-2/Airflow-2/.venv/lib/python3.10/site-packages/airflow/example_dags/example_display_name.py
[2024-12-06T23:25:18.749-0600] {processor.py:914} INFO - Processing file /home/m9d9v9/PycharmProjects/Airflow-2/Airflow-2/.venv/lib/python3.10/site-packages/airflow/example_dags/example_display_name.py for tasks to queue
[2024-12-06T23:25:18.751-0600] {logging_mixin.py:190} INFO - [2024-12-06T23:25:18.751-0600] {dagbag.py:588} INFO - Filling up the DagBag from /home/m9d9v9/PycharmProjects/Airflow-2/Airflow-2/.venv/lib/python3.10/site-packages/airflow/example_dags/example_display_name.py
[2024-12-06T23:25:18.756-0600] {processor.py:925} INFO - DAG(s) 'example_display_name' retrieved from /home/m9d9v9/PycharmProjects/Airflow-2/Airflow-2/.venv/lib/python3.10/site-packages/airflow/example_dags/example_display_name.py
[2024-12-06T23:25:18.769-0600] {logging_mixin.py:190} INFO - [2024-12-06T23:25:18.768-0600] {dag.py:3239} INFO - Sync 1 DAGs
[2024-12-06T23:25:18.776-0600] {logging_mixin.py:190} INFO - [2024-12-06T23:25:18.775-0600] {dag.py:4180} INFO - Setting next_dagrun for example_display_name to None, run_after=None
[2024-12-06T23:25:18.788-0600] {processor.py:208} INFO - Processing /home/m9d9v9/PycharmProjects/Airflow-2/Airflow-2/.venv/lib/python3.10/site-packages/airflow/example_dags/example_display_name.py took 0.049 seconds
[2024-12-06T23:26:17.946-0600] {processor.py:186} INFO - Started process (PID=17391) to work on /home/m9d9v9/PycharmProjects/Airflow-2/Airflow-2/.venv/lib/python3.10/site-packages/airflow/example_dags/example_display_name.py
[2024-12-06T23:26:17.953-0600] {processor.py:914} INFO - Processing file /home/m9d9v9/PycharmProjects/Airflow-2/Airflow-2/.venv/lib/python3.10/site-packages/airflow/example_dags/example_display_name.py for tasks to queue
[2024-12-06T23:26:17.955-0600] {logging_mixin.py:190} INFO - [2024-12-06T23:26:17.955-0600] {dagbag.py:588} INFO - Filling up the DagBag from /home/m9d9v9/PycharmProjects/Airflow-2/Airflow-2/.venv/lib/python3.10/site-packages/airflow/example_dags/example_display_name.py
[2024-12-06T23:26:17.970-0600] {processor.py:925} INFO - DAG(s) 'example_display_name' retrieved from /home/m9d9v9/PycharmProjects/Airflow-2/Airflow-2/.venv/lib/python3.10/site-packages/airflow/example_dags/example_display_name.py
[2024-12-06T23:26:17.994-0600] {logging_mixin.py:190} INFO - [2024-12-06T23:26:17.994-0600] {dag.py:3239} INFO - Sync 1 DAGs
[2024-12-06T23:26:18.001-0600] {logging_mixin.py:190} INFO - [2024-12-06T23:26:18.001-0600] {dag.py:4180} INFO - Setting next_dagrun for example_display_name to None, run_after=None
[2024-12-06T23:26:18.012-0600] {processor.py:208} INFO - Processing /home/m9d9v9/PycharmProjects/Airflow-2/Airflow-2/.venv/lib/python3.10/site-packages/airflow/example_dags/example_display_name.py took 0.078 seconds
[2024-12-06T23:27:15.179-0600] {processor.py:186} INFO - Started process (PID=17465) to work on /home/m9d9v9/PycharmProjects/Airflow-2/Airflow-2/.venv/lib/python3.10/site-packages/airflow/example_dags/example_display_name.py
[2024-12-06T23:27:15.186-0600] {processor.py:914} INFO - Processing file /home/m9d9v9/PycharmProjects/Airflow-2/Airflow-2/.venv/lib/python3.10/site-packages/airflow/example_dags/example_display_name.py for tasks to queue
[2024-12-06T23:27:15.188-0600] {logging_mixin.py:190} INFO - [2024-12-06T23:27:15.187-0600] {dagbag.py:588} INFO - Filling up the DagBag from /home/m9d9v9/PycharmProjects/Airflow-2/Airflow-2/.venv/lib/python3.10/site-packages/airflow/example_dags/example_display_name.py
[2024-12-06T23:27:15.203-0600] {processor.py:925} INFO - DAG(s) 'example_display_name' retrieved from /home/m9d9v9/PycharmProjects/Airflow-2/Airflow-2/.venv/lib/python3.10/site-packages/airflow/example_dags/example_display_name.py
[2024-12-06T23:27:15.227-0600] {logging_mixin.py:190} INFO - [2024-12-06T23:27:15.227-0600] {dag.py:3239} INFO - Sync 1 DAGs
[2024-12-06T23:27:15.234-0600] {logging_mixin.py:190} INFO - [2024-12-06T23:27:15.234-0600] {dag.py:4180} INFO - Setting next_dagrun for example_display_name to None, run_after=None
[2024-12-06T23:27:15.245-0600] {processor.py:208} INFO - Processing /home/m9d9v9/PycharmProjects/Airflow-2/Airflow-2/.venv/lib/python3.10/site-packages/airflow/example_dags/example_display_name.py took 0.078 seconds
[2024-12-06T23:28:12.179-0600] {processor.py:186} INFO - Started process (PID=17566) to work on /home/m9d9v9/PycharmProjects/Airflow-2/Airflow-2/.venv/lib/python3.10/site-packages/airflow/example_dags/example_display_name.py
[2024-12-06T23:28:12.180-0600] {processor.py:914} INFO - Processing file /home/m9d9v9/PycharmProjects/Airflow-2/Airflow-2/.venv/lib/python3.10/site-packages/airflow/example_dags/example_display_name.py for tasks to queue
[2024-12-06T23:28:12.183-0600] {logging_mixin.py:190} INFO - [2024-12-06T23:28:12.182-0600] {dagbag.py:588} INFO - Filling up the DagBag from /home/m9d9v9/PycharmProjects/Airflow-2/Airflow-2/.venv/lib/python3.10/site-packages/airflow/example_dags/example_display_name.py
[2024-12-06T23:28:12.193-0600] {processor.py:925} INFO - DAG(s) 'example_display_name' retrieved from /home/m9d9v9/PycharmProjects/Airflow-2/Airflow-2/.venv/lib/python3.10/site-packages/airflow/example_dags/example_display_name.py
[2024-12-06T23:28:12.217-0600] {logging_mixin.py:190} INFO - [2024-12-06T23:28:12.216-0600] {dag.py:3239} INFO - Sync 1 DAGs
[2024-12-06T23:28:12.226-0600] {logging_mixin.py:190} INFO - [2024-12-06T23:28:12.226-0600] {dag.py:4180} INFO - Setting next_dagrun for example_display_name to None, run_after=None
[2024-12-06T23:28:12.238-0600] {processor.py:208} INFO - Processing /home/m9d9v9/PycharmProjects/Airflow-2/Airflow-2/.venv/lib/python3.10/site-packages/airflow/example_dags/example_display_name.py took 0.069 seconds
[2024-12-06T23:29:08.466-0600] {processor.py:186} INFO - Started process (PID=17708) to work on /home/m9d9v9/PycharmProjects/Airflow-2/Airflow-2/.venv/lib/python3.10/site-packages/airflow/example_dags/example_display_name.py
[2024-12-06T23:29:08.472-0600] {processor.py:914} INFO - Processing file /home/m9d9v9/PycharmProjects/Airflow-2/Airflow-2/.venv/lib/python3.10/site-packages/airflow/example_dags/example_display_name.py for tasks to queue
[2024-12-06T23:29:08.473-0600] {logging_mixin.py:190} INFO - [2024-12-06T23:29:08.472-0600] {dagbag.py:588} INFO - Filling up the DagBag from /home/m9d9v9/PycharmProjects/Airflow-2/Airflow-2/.venv/lib/python3.10/site-packages/airflow/example_dags/example_display_name.py
[2024-12-06T23:29:08.480-0600] {processor.py:925} INFO - DAG(s) 'example_display_name' retrieved from /home/m9d9v9/PycharmProjects/Airflow-2/Airflow-2/.venv/lib/python3.10/site-packages/airflow/example_dags/example_display_name.py
[2024-12-06T23:29:08.490-0600] {logging_mixin.py:190} INFO - [2024-12-06T23:29:08.490-0600] {dag.py:3239} INFO - Sync 1 DAGs
[2024-12-06T23:29:08.500-0600] {logging_mixin.py:190} INFO - [2024-12-06T23:29:08.500-0600] {dag.py:4180} INFO - Setting next_dagrun for example_display_name to None, run_after=None
[2024-12-06T23:29:08.513-0600] {processor.py:208} INFO - Processing /home/m9d9v9/PycharmProjects/Airflow-2/Airflow-2/.venv/lib/python3.10/site-packages/airflow/example_dags/example_display_name.py took 0.052 seconds
[2024-12-06T23:30:05.553-0600] {processor.py:186} INFO - Started process (PID=17790) to work on /home/m9d9v9/PycharmProjects/Airflow-2/Airflow-2/.venv/lib/python3.10/site-packages/airflow/example_dags/example_display_name.py
[2024-12-06T23:30:05.560-0600] {processor.py:914} INFO - Processing file /home/m9d9v9/PycharmProjects/Airflow-2/Airflow-2/.venv/lib/python3.10/site-packages/airflow/example_dags/example_display_name.py for tasks to queue
[2024-12-06T23:30:05.563-0600] {logging_mixin.py:190} INFO - [2024-12-06T23:30:05.562-0600] {dagbag.py:588} INFO - Filling up the DagBag from /home/m9d9v9/PycharmProjects/Airflow-2/Airflow-2/.venv/lib/python3.10/site-packages/airflow/example_dags/example_display_name.py
[2024-12-06T23:30:05.577-0600] {processor.py:925} INFO - DAG(s) 'example_display_name' retrieved from /home/m9d9v9/PycharmProjects/Airflow-2/Airflow-2/.venv/lib/python3.10/site-packages/airflow/example_dags/example_display_name.py
[2024-12-06T23:30:05.599-0600] {logging_mixin.py:190} INFO - [2024-12-06T23:30:05.599-0600] {dag.py:3239} INFO - Sync 1 DAGs
[2024-12-06T23:30:05.607-0600] {logging_mixin.py:190} INFO - [2024-12-06T23:30:05.607-0600] {dag.py:4180} INFO - Setting next_dagrun for example_display_name to None, run_after=None
[2024-12-06T23:30:05.617-0600] {processor.py:208} INFO - Processing /home/m9d9v9/PycharmProjects/Airflow-2/Airflow-2/.venv/lib/python3.10/site-packages/airflow/example_dags/example_display_name.py took 0.076 seconds
[2024-12-06T23:31:01.091-0600] {processor.py:186} INFO - Started process (PID=17906) to work on /home/m9d9v9/PycharmProjects/Airflow-2/Airflow-2/.venv/lib/python3.10/site-packages/airflow/example_dags/example_display_name.py
[2024-12-06T23:31:01.098-0600] {processor.py:914} INFO - Processing file /home/m9d9v9/PycharmProjects/Airflow-2/Airflow-2/.venv/lib/python3.10/site-packages/airflow/example_dags/example_display_name.py for tasks to queue
[2024-12-06T23:31:01.100-0600] {logging_mixin.py:190} INFO - [2024-12-06T23:31:01.100-0600] {dagbag.py:588} INFO - Filling up the DagBag from /home/m9d9v9/PycharmProjects/Airflow-2/Airflow-2/.venv/lib/python3.10/site-packages/airflow/example_dags/example_display_name.py
[2024-12-06T23:31:01.114-0600] {processor.py:925} INFO - DAG(s) 'example_display_name' retrieved from /home/m9d9v9/PycharmProjects/Airflow-2/Airflow-2/.venv/lib/python3.10/site-packages/airflow/example_dags/example_display_name.py
[2024-12-06T23:31:01.138-0600] {logging_mixin.py:190} INFO - [2024-12-06T23:31:01.138-0600] {dag.py:3239} INFO - Sync 1 DAGs
[2024-12-06T23:31:01.146-0600] {logging_mixin.py:190} INFO - [2024-12-06T23:31:01.146-0600] {dag.py:4180} INFO - Setting next_dagrun for example_display_name to None, run_after=None
[2024-12-06T23:31:01.157-0600] {processor.py:208} INFO - Processing /home/m9d9v9/PycharmProjects/Airflow-2/Airflow-2/.venv/lib/python3.10/site-packages/airflow/example_dags/example_display_name.py took 0.077 seconds
[2024-12-06T23:31:59.883-0600] {processor.py:186} INFO - Started process (PID=18010) to work on /home/m9d9v9/PycharmProjects/Airflow-2/Airflow-2/.venv/lib/python3.10/site-packages/airflow/example_dags/example_display_name.py
[2024-12-06T23:31:59.889-0600] {processor.py:914} INFO - Processing file /home/m9d9v9/PycharmProjects/Airflow-2/Airflow-2/.venv/lib/python3.10/site-packages/airflow/example_dags/example_display_name.py for tasks to queue
[2024-12-06T23:31:59.890-0600] {logging_mixin.py:190} INFO - [2024-12-06T23:31:59.890-0600] {dagbag.py:588} INFO - Filling up the DagBag from /home/m9d9v9/PycharmProjects/Airflow-2/Airflow-2/.venv/lib/python3.10/site-packages/airflow/example_dags/example_display_name.py
[2024-12-06T23:31:59.896-0600] {processor.py:925} INFO - DAG(s) 'example_display_name' retrieved from /home/m9d9v9/PycharmProjects/Airflow-2/Airflow-2/.venv/lib/python3.10/site-packages/airflow/example_dags/example_display_name.py
[2024-12-06T23:31:59.905-0600] {logging_mixin.py:190} INFO - [2024-12-06T23:31:59.905-0600] {dag.py:3239} INFO - Sync 1 DAGs
[2024-12-06T23:31:59.912-0600] {logging_mixin.py:190} INFO - [2024-12-06T23:31:59.912-0600] {dag.py:4180} INFO - Setting next_dagrun for example_display_name to None, run_after=None
[2024-12-06T23:32:00.020-0600] {processor.py:208} INFO - Processing /home/m9d9v9/PycharmProjects/Airflow-2/Airflow-2/.venv/lib/python3.10/site-packages/airflow/example_dags/example_display_name.py took 0.141 seconds
[2024-12-06T23:32:56.962-0600] {processor.py:186} INFO - Started process (PID=18085) to work on /home/m9d9v9/PycharmProjects/Airflow-2/Airflow-2/.venv/lib/python3.10/site-packages/airflow/example_dags/example_display_name.py
[2024-12-06T23:32:56.969-0600] {processor.py:914} INFO - Processing file /home/m9d9v9/PycharmProjects/Airflow-2/Airflow-2/.venv/lib/python3.10/site-packages/airflow/example_dags/example_display_name.py for tasks to queue
[2024-12-06T23:32:56.971-0600] {logging_mixin.py:190} INFO - [2024-12-06T23:32:56.971-0600] {dagbag.py:588} INFO - Filling up the DagBag from /home/m9d9v9/PycharmProjects/Airflow-2/Airflow-2/.venv/lib/python3.10/site-packages/airflow/example_dags/example_display_name.py
[2024-12-06T23:32:56.987-0600] {processor.py:925} INFO - DAG(s) 'example_display_name' retrieved from /home/m9d9v9/PycharmProjects/Airflow-2/Airflow-2/.venv/lib/python3.10/site-packages/airflow/example_dags/example_display_name.py
[2024-12-06T23:32:57.013-0600] {logging_mixin.py:190} INFO - [2024-12-06T23:32:57.013-0600] {dag.py:3239} INFO - Sync 1 DAGs
[2024-12-06T23:32:57.021-0600] {logging_mixin.py:190} INFO - [2024-12-06T23:32:57.021-0600] {dag.py:4180} INFO - Setting next_dagrun for example_display_name to None, run_after=None
[2024-12-06T23:32:57.032-0600] {processor.py:208} INFO - Processing /home/m9d9v9/PycharmProjects/Airflow-2/Airflow-2/.venv/lib/python3.10/site-packages/airflow/example_dags/example_display_name.py took 0.078 seconds
[2024-12-06T23:33:53.291-0600] {processor.py:186} INFO - Started process (PID=18152) to work on /home/m9d9v9/PycharmProjects/Airflow-2/Airflow-2/.venv/lib/python3.10/site-packages/airflow/example_dags/example_display_name.py
[2024-12-06T23:33:53.298-0600] {processor.py:914} INFO - Processing file /home/m9d9v9/PycharmProjects/Airflow-2/Airflow-2/.venv/lib/python3.10/site-packages/airflow/example_dags/example_display_name.py for tasks to queue
[2024-12-06T23:33:53.300-0600] {logging_mixin.py:190} INFO - [2024-12-06T23:33:53.299-0600] {dagbag.py:588} INFO - Filling up the DagBag from /home/m9d9v9/PycharmProjects/Airflow-2/Airflow-2/.venv/lib/python3.10/site-packages/airflow/example_dags/example_display_name.py
[2024-12-06T23:33:53.324-0600] {processor.py:925} INFO - DAG(s) 'example_display_name' retrieved from /home/m9d9v9/PycharmProjects/Airflow-2/Airflow-2/.venv/lib/python3.10/site-packages/airflow/example_dags/example_display_name.py
[2024-12-06T23:33:53.342-0600] {logging_mixin.py:190} INFO - [2024-12-06T23:33:53.342-0600] {dag.py:3239} INFO - Sync 1 DAGs
[2024-12-06T23:33:53.349-0600] {logging_mixin.py:190} INFO - [2024-12-06T23:33:53.349-0600] {dag.py:4180} INFO - Setting next_dagrun for example_display_name to None, run_after=None
[2024-12-06T23:33:53.362-0600] {processor.py:208} INFO - Processing /home/m9d9v9/PycharmProjects/Airflow-2/Airflow-2/.venv/lib/python3.10/site-packages/airflow/example_dags/example_display_name.py took 0.082 seconds
[2024-12-06T23:34:53.458-0600] {processor.py:186} INFO - Started process (PID=18282) to work on /home/m9d9v9/PycharmProjects/Airflow-2/Airflow-2/.venv/lib/python3.10/site-packages/airflow/example_dags/example_display_name.py
[2024-12-06T23:34:53.465-0600] {processor.py:914} INFO - Processing file /home/m9d9v9/PycharmProjects/Airflow-2/Airflow-2/.venv/lib/python3.10/site-packages/airflow/example_dags/example_display_name.py for tasks to queue
[2024-12-06T23:34:53.466-0600] {logging_mixin.py:190} INFO - [2024-12-06T23:34:53.466-0600] {dagbag.py:588} INFO - Filling up the DagBag from /home/m9d9v9/PycharmProjects/Airflow-2/Airflow-2/.venv/lib/python3.10/site-packages/airflow/example_dags/example_display_name.py
[2024-12-06T23:34:53.477-0600] {processor.py:925} INFO - DAG(s) 'example_display_name' retrieved from /home/m9d9v9/PycharmProjects/Airflow-2/Airflow-2/.venv/lib/python3.10/site-packages/airflow/example_dags/example_display_name.py
[2024-12-06T23:34:53.508-0600] {logging_mixin.py:190} INFO - [2024-12-06T23:34:53.508-0600] {dag.py:3239} INFO - Sync 1 DAGs
[2024-12-06T23:34:53.518-0600] {logging_mixin.py:190} INFO - [2024-12-06T23:34:53.517-0600] {dag.py:4180} INFO - Setting next_dagrun for example_display_name to None, run_after=None
[2024-12-06T23:34:53.529-0600] {processor.py:208} INFO - Processing /home/m9d9v9/PycharmProjects/Airflow-2/Airflow-2/.venv/lib/python3.10/site-packages/airflow/example_dags/example_display_name.py took 0.082 seconds
[2024-12-06T23:35:56.963-0600] {processor.py:186} INFO - Started process (PID=18362) to work on /home/m9d9v9/PycharmProjects/Airflow-2/Airflow-2/.venv/lib/python3.10/site-packages/airflow/example_dags/example_display_name.py
[2024-12-06T23:35:56.970-0600] {processor.py:914} INFO - Processing file /home/m9d9v9/PycharmProjects/Airflow-2/Airflow-2/.venv/lib/python3.10/site-packages/airflow/example_dags/example_display_name.py for tasks to queue
[2024-12-06T23:35:56.973-0600] {logging_mixin.py:190} INFO - [2024-12-06T23:35:56.972-0600] {dagbag.py:588} INFO - Filling up the DagBag from /home/m9d9v9/PycharmProjects/Airflow-2/Airflow-2/.venv/lib/python3.10/site-packages/airflow/example_dags/example_display_name.py
[2024-12-06T23:35:56.987-0600] {processor.py:925} INFO - DAG(s) 'example_display_name' retrieved from /home/m9d9v9/PycharmProjects/Airflow-2/Airflow-2/.venv/lib/python3.10/site-packages/airflow/example_dags/example_display_name.py
[2024-12-06T23:35:57.011-0600] {logging_mixin.py:190} INFO - [2024-12-06T23:35:57.010-0600] {dag.py:3239} INFO - Sync 1 DAGs
[2024-12-06T23:35:57.110-0600] {logging_mixin.py:190} INFO - [2024-12-06T23:35:57.109-0600] {dag.py:4180} INFO - Setting next_dagrun for example_display_name to None, run_after=None
[2024-12-06T23:35:57.126-0600] {processor.py:208} INFO - Processing /home/m9d9v9/PycharmProjects/Airflow-2/Airflow-2/.venv/lib/python3.10/site-packages/airflow/example_dags/example_display_name.py took 0.174 seconds
[2024-12-06T23:36:58.355-0600] {processor.py:186} INFO - Started process (PID=18470) to work on /home/m9d9v9/PycharmProjects/Airflow-2/Airflow-2/.venv/lib/python3.10/site-packages/airflow/example_dags/example_display_name.py
[2024-12-06T23:36:58.357-0600] {processor.py:914} INFO - Processing file /home/m9d9v9/PycharmProjects/Airflow-2/Airflow-2/.venv/lib/python3.10/site-packages/airflow/example_dags/example_display_name.py for tasks to queue
[2024-12-06T23:36:58.358-0600] {logging_mixin.py:190} INFO - [2024-12-06T23:36:58.358-0600] {dagbag.py:588} INFO - Filling up the DagBag from /home/m9d9v9/PycharmProjects/Airflow-2/Airflow-2/.venv/lib/python3.10/site-packages/airflow/example_dags/example_display_name.py
[2024-12-06T23:36:58.368-0600] {processor.py:925} INFO - DAG(s) 'example_display_name' retrieved from /home/m9d9v9/PycharmProjects/Airflow-2/Airflow-2/.venv/lib/python3.10/site-packages/airflow/example_dags/example_display_name.py
[2024-12-06T23:36:58.387-0600] {logging_mixin.py:190} INFO - [2024-12-06T23:36:58.387-0600] {dag.py:3239} INFO - Sync 1 DAGs
[2024-12-06T23:36:58.400-0600] {logging_mixin.py:190} INFO - [2024-12-06T23:36:58.400-0600] {dag.py:4180} INFO - Setting next_dagrun for example_display_name to None, run_after=None
[2024-12-06T23:36:58.525-0600] {processor.py:208} INFO - Processing /home/m9d9v9/PycharmProjects/Airflow-2/Airflow-2/.venv/lib/python3.10/site-packages/airflow/example_dags/example_display_name.py took 0.178 seconds
[2024-12-06T23:37:59.364-0600] {processor.py:186} INFO - Started process (PID=18730) to work on /home/m9d9v9/PycharmProjects/Airflow-2/Airflow-2/.venv/lib/python3.10/site-packages/airflow/example_dags/example_display_name.py
[2024-12-06T23:37:59.371-0600] {processor.py:914} INFO - Processing file /home/m9d9v9/PycharmProjects/Airflow-2/Airflow-2/.venv/lib/python3.10/site-packages/airflow/example_dags/example_display_name.py for tasks to queue
[2024-12-06T23:37:59.372-0600] {logging_mixin.py:190} INFO - [2024-12-06T23:37:59.372-0600] {dagbag.py:588} INFO - Filling up the DagBag from /home/m9d9v9/PycharmProjects/Airflow-2/Airflow-2/.venv/lib/python3.10/site-packages/airflow/example_dags/example_display_name.py
[2024-12-06T23:37:59.377-0600] {processor.py:925} INFO - DAG(s) 'example_display_name' retrieved from /home/m9d9v9/PycharmProjects/Airflow-2/Airflow-2/.venv/lib/python3.10/site-packages/airflow/example_dags/example_display_name.py
[2024-12-06T23:37:59.385-0600] {logging_mixin.py:190} INFO - [2024-12-06T23:37:59.385-0600] {dag.py:3239} INFO - Sync 1 DAGs
[2024-12-06T23:37:59.393-0600] {logging_mixin.py:190} INFO - [2024-12-06T23:37:59.393-0600] {dag.py:4180} INFO - Setting next_dagrun for example_display_name to None, run_after=None
[2024-12-06T23:37:59.404-0600] {processor.py:208} INFO - Processing /home/m9d9v9/PycharmProjects/Airflow-2/Airflow-2/.venv/lib/python3.10/site-packages/airflow/example_dags/example_display_name.py took 0.043 seconds
[2024-12-06T23:39:05.470-0600] {processor.py:186} INFO - Started process (PID=18898) to work on /home/m9d9v9/PycharmProjects/Airflow-2/Airflow-2/.venv/lib/python3.10/site-packages/airflow/example_dags/example_display_name.py
[2024-12-06T23:39:05.476-0600] {processor.py:914} INFO - Processing file /home/m9d9v9/PycharmProjects/Airflow-2/Airflow-2/.venv/lib/python3.10/site-packages/airflow/example_dags/example_display_name.py for tasks to queue
[2024-12-06T23:39:05.478-0600] {logging_mixin.py:190} INFO - [2024-12-06T23:39:05.477-0600] {dagbag.py:588} INFO - Filling up the DagBag from /home/m9d9v9/PycharmProjects/Airflow-2/Airflow-2/.venv/lib/python3.10/site-packages/airflow/example_dags/example_display_name.py
[2024-12-06T23:39:05.486-0600] {processor.py:925} INFO - DAG(s) 'example_display_name' retrieved from /home/m9d9v9/PycharmProjects/Airflow-2/Airflow-2/.venv/lib/python3.10/site-packages/airflow/example_dags/example_display_name.py
[2024-12-06T23:39:05.504-0600] {logging_mixin.py:190} INFO - [2024-12-06T23:39:05.503-0600] {dag.py:3239} INFO - Sync 1 DAGs
[2024-12-06T23:39:05.518-0600] {logging_mixin.py:190} INFO - [2024-12-06T23:39:05.517-0600] {dag.py:4180} INFO - Setting next_dagrun for example_display_name to None, run_after=None
[2024-12-06T23:39:05.532-0600] {processor.py:208} INFO - Processing /home/m9d9v9/PycharmProjects/Airflow-2/Airflow-2/.venv/lib/python3.10/site-packages/airflow/example_dags/example_display_name.py took 0.070 seconds
[2024-12-06T23:40:03.453-0600] {processor.py:186} INFO - Started process (PID=19146) to work on /home/m9d9v9/PycharmProjects/Airflow-2/Airflow-2/.venv/lib/python3.10/site-packages/airflow/example_dags/example_display_name.py
[2024-12-06T23:40:03.454-0600] {processor.py:914} INFO - Processing file /home/m9d9v9/PycharmProjects/Airflow-2/Airflow-2/.venv/lib/python3.10/site-packages/airflow/example_dags/example_display_name.py for tasks to queue
[2024-12-06T23:40:03.456-0600] {logging_mixin.py:190} INFO - [2024-12-06T23:40:03.456-0600] {dagbag.py:588} INFO - Filling up the DagBag from /home/m9d9v9/PycharmProjects/Airflow-2/Airflow-2/.venv/lib/python3.10/site-packages/airflow/example_dags/example_display_name.py
[2024-12-06T23:40:03.467-0600] {processor.py:925} INFO - DAG(s) 'example_display_name' retrieved from /home/m9d9v9/PycharmProjects/Airflow-2/Airflow-2/.venv/lib/python3.10/site-packages/airflow/example_dags/example_display_name.py
[2024-12-06T23:40:03.484-0600] {logging_mixin.py:190} INFO - [2024-12-06T23:40:03.484-0600] {dag.py:3239} INFO - Sync 1 DAGs
[2024-12-06T23:40:03.495-0600] {logging_mixin.py:190} INFO - [2024-12-06T23:40:03.495-0600] {dag.py:4180} INFO - Setting next_dagrun for example_display_name to None, run_after=None
[2024-12-06T23:40:03.507-0600] {processor.py:208} INFO - Processing /home/m9d9v9/PycharmProjects/Airflow-2/Airflow-2/.venv/lib/python3.10/site-packages/airflow/example_dags/example_display_name.py took 0.062 seconds
[2024-12-06T23:40:58.045-0600] {processor.py:186} INFO - Started process (PID=19298) to work on /home/m9d9v9/PycharmProjects/Airflow-2/Airflow-2/.venv/lib/python3.10/site-packages/airflow/example_dags/example_display_name.py
[2024-12-06T23:40:58.046-0600] {processor.py:914} INFO - Processing file /home/m9d9v9/PycharmProjects/Airflow-2/Airflow-2/.venv/lib/python3.10/site-packages/airflow/example_dags/example_display_name.py for tasks to queue
[2024-12-06T23:40:58.047-0600] {logging_mixin.py:190} INFO - [2024-12-06T23:40:58.047-0600] {dagbag.py:588} INFO - Filling up the DagBag from /home/m9d9v9/PycharmProjects/Airflow-2/Airflow-2/.venv/lib/python3.10/site-packages/airflow/example_dags/example_display_name.py
[2024-12-06T23:40:58.053-0600] {processor.py:925} INFO - DAG(s) 'example_display_name' retrieved from /home/m9d9v9/PycharmProjects/Airflow-2/Airflow-2/.venv/lib/python3.10/site-packages/airflow/example_dags/example_display_name.py
[2024-12-06T23:40:58.064-0600] {logging_mixin.py:190} INFO - [2024-12-06T23:40:58.063-0600] {dag.py:3239} INFO - Sync 1 DAGs
[2024-12-06T23:40:58.072-0600] {logging_mixin.py:190} INFO - [2024-12-06T23:40:58.072-0600] {dag.py:4180} INFO - Setting next_dagrun for example_display_name to None, run_after=None
[2024-12-06T23:40:58.088-0600] {processor.py:208} INFO - Processing /home/m9d9v9/PycharmProjects/Airflow-2/Airflow-2/.venv/lib/python3.10/site-packages/airflow/example_dags/example_display_name.py took 0.048 seconds
[2024-12-06T23:41:54.346-0600] {processor.py:186} INFO - Started process (PID=19380) to work on /home/m9d9v9/PycharmProjects/Airflow-2/Airflow-2/.venv/lib/python3.10/site-packages/airflow/example_dags/example_display_name.py
[2024-12-06T23:41:54.353-0600] {processor.py:914} INFO - Processing file /home/m9d9v9/PycharmProjects/Airflow-2/Airflow-2/.venv/lib/python3.10/site-packages/airflow/example_dags/example_display_name.py for tasks to queue
[2024-12-06T23:41:54.356-0600] {logging_mixin.py:190} INFO - [2024-12-06T23:41:54.355-0600] {dagbag.py:588} INFO - Filling up the DagBag from /home/m9d9v9/PycharmProjects/Airflow-2/Airflow-2/.venv/lib/python3.10/site-packages/airflow/example_dags/example_display_name.py
[2024-12-06T23:41:54.371-0600] {processor.py:925} INFO - DAG(s) 'example_display_name' retrieved from /home/m9d9v9/PycharmProjects/Airflow-2/Airflow-2/.venv/lib/python3.10/site-packages/airflow/example_dags/example_display_name.py
[2024-12-06T23:41:54.394-0600] {logging_mixin.py:190} INFO - [2024-12-06T23:41:54.394-0600] {dag.py:3239} INFO - Sync 1 DAGs
[2024-12-06T23:41:54.403-0600] {logging_mixin.py:190} INFO - [2024-12-06T23:41:54.403-0600] {dag.py:4180} INFO - Setting next_dagrun for example_display_name to None, run_after=None
[2024-12-06T23:41:54.416-0600] {processor.py:208} INFO - Processing /home/m9d9v9/PycharmProjects/Airflow-2/Airflow-2/.venv/lib/python3.10/site-packages/airflow/example_dags/example_display_name.py took 0.082 seconds
