[2024-12-06T22:18:16.062-0600] {processor.py:186} INFO - Started process (PID=12315) to work on /home/m9d9v9/PycharmProjects/Airflow-2/Airflow-2/.venv/lib/python3.10/site-packages/airflow/example_dags/tutorial_taskflow_api.py
[2024-12-06T22:18:16.063-0600] {processor.py:914} INFO - Processing file /home/m9d9v9/PycharmProjects/Airflow-2/Airflow-2/.venv/lib/python3.10/site-packages/airflow/example_dags/tutorial_taskflow_api.py for tasks to queue
[2024-12-06T22:18:16.065-0600] {logging_mixin.py:190} INFO - [2024-12-06T22:18:16.065-0600] {dagbag.py:588} INFO - Filling up the DagBag from /home/m9d9v9/PycharmProjects/Airflow-2/Airflow-2/.venv/lib/python3.10/site-packages/airflow/example_dags/tutorial_taskflow_api.py
[2024-12-06T22:18:16.073-0600] {processor.py:925} INFO - DAG(s) 'tutorial_taskflow_api' retrieved from /home/m9d9v9/PycharmProjects/Airflow-2/Airflow-2/.venv/lib/python3.10/site-packages/airflow/example_dags/tutorial_taskflow_api.py
[2024-12-06T22:18:16.147-0600] {logging_mixin.py:190} INFO - [2024-12-06T22:18:16.147-0600] {override.py:1911} INFO - Created Permission View: can edit on DAG:tutorial_taskflow_api
[2024-12-06T22:18:16.154-0600] {logging_mixin.py:190} INFO - [2024-12-06T22:18:16.154-0600] {override.py:1911} INFO - Created Permission View: can read on DAG:tutorial_taskflow_api
[2024-12-06T22:18:16.158-0600] {logging_mixin.py:190} INFO - [2024-12-06T22:18:16.158-0600] {override.py:1911} INFO - Created Permission View: can delete on DAG:tutorial_taskflow_api
[2024-12-06T22:18:16.165-0600] {logging_mixin.py:190} INFO - [2024-12-06T22:18:16.165-0600] {override.py:1911} INFO - Created Permission View: menu access on DAG Run:tutorial_taskflow_api
[2024-12-06T22:18:16.170-0600] {logging_mixin.py:190} INFO - [2024-12-06T22:18:16.169-0600] {override.py:1911} INFO - Created Permission View: can create on DAG Run:tutorial_taskflow_api
[2024-12-06T22:18:16.174-0600] {logging_mixin.py:190} INFO - [2024-12-06T22:18:16.174-0600] {override.py:1911} INFO - Created Permission View: can read on DAG Run:tutorial_taskflow_api
[2024-12-06T22:18:16.179-0600] {logging_mixin.py:190} INFO - [2024-12-06T22:18:16.178-0600] {override.py:1911} INFO - Created Permission View: can delete on DAG Run:tutorial_taskflow_api
[2024-12-06T22:18:16.179-0600] {logging_mixin.py:190} INFO - [2024-12-06T22:18:16.179-0600] {dag.py:3239} INFO - Sync 1 DAGs
[2024-12-06T22:18:16.186-0600] {logging_mixin.py:190} INFO - [2024-12-06T22:18:16.186-0600] {dag.py:3262} INFO - Creating ORM DAG for tutorial_taskflow_api
[2024-12-06T22:18:16.187-0600] {logging_mixin.py:190} INFO - [2024-12-06T22:18:16.187-0600] {dag.py:4180} INFO - Setting next_dagrun for tutorial_taskflow_api to None, run_after=None
[2024-12-06T22:18:16.199-0600] {processor.py:208} INFO - Processing /home/m9d9v9/PycharmProjects/Airflow-2/Airflow-2/.venv/lib/python3.10/site-packages/airflow/example_dags/tutorial_taskflow_api.py took 0.140 seconds
[2024-12-06T22:19:22.791-0600] {processor.py:186} INFO - Started process (PID=12533) to work on /home/m9d9v9/PycharmProjects/Airflow-2/Airflow-2/.venv/lib/python3.10/site-packages/airflow/example_dags/tutorial_taskflow_api.py
[2024-12-06T22:19:22.798-0600] {processor.py:914} INFO - Processing file /home/m9d9v9/PycharmProjects/Airflow-2/Airflow-2/.venv/lib/python3.10/site-packages/airflow/example_dags/tutorial_taskflow_api.py for tasks to queue
[2024-12-06T22:19:22.802-0600] {logging_mixin.py:190} INFO - [2024-12-06T22:19:22.802-0600] {dagbag.py:588} INFO - Filling up the DagBag from /home/m9d9v9/PycharmProjects/Airflow-2/Airflow-2/.venv/lib/python3.10/site-packages/airflow/example_dags/tutorial_taskflow_api.py
[2024-12-06T22:19:22.819-0600] {processor.py:925} INFO - DAG(s) 'tutorial_taskflow_api' retrieved from /home/m9d9v9/PycharmProjects/Airflow-2/Airflow-2/.venv/lib/python3.10/site-packages/airflow/example_dags/tutorial_taskflow_api.py
[2024-12-06T22:19:22.841-0600] {logging_mixin.py:190} INFO - [2024-12-06T22:19:22.841-0600] {dag.py:3239} INFO - Sync 1 DAGs
[2024-12-06T22:19:22.850-0600] {logging_mixin.py:190} INFO - [2024-12-06T22:19:22.850-0600] {dag.py:4180} INFO - Setting next_dagrun for tutorial_taskflow_api to None, run_after=None
[2024-12-06T22:19:22.864-0600] {processor.py:208} INFO - Processing /home/m9d9v9/PycharmProjects/Airflow-2/Airflow-2/.venv/lib/python3.10/site-packages/airflow/example_dags/tutorial_taskflow_api.py took 0.083 seconds
[2024-12-06T22:19:53.454-0600] {processor.py:186} INFO - Started process (PID=12599) to work on /home/m9d9v9/PycharmProjects/Airflow-2/Airflow-2/.venv/lib/python3.10/site-packages/airflow/example_dags/tutorial_taskflow_api.py
[2024-12-06T22:19:53.461-0600] {processor.py:914} INFO - Processing file /home/m9d9v9/PycharmProjects/Airflow-2/Airflow-2/.venv/lib/python3.10/site-packages/airflow/example_dags/tutorial_taskflow_api.py for tasks to queue
[2024-12-06T22:19:53.464-0600] {logging_mixin.py:190} INFO - [2024-12-06T22:19:53.464-0600] {dagbag.py:588} INFO - Filling up the DagBag from /home/m9d9v9/PycharmProjects/Airflow-2/Airflow-2/.venv/lib/python3.10/site-packages/airflow/example_dags/tutorial_taskflow_api.py
[2024-12-06T22:19:53.474-0600] {processor.py:925} INFO - DAG(s) 'tutorial_taskflow_api' retrieved from /home/m9d9v9/PycharmProjects/Airflow-2/Airflow-2/.venv/lib/python3.10/site-packages/airflow/example_dags/tutorial_taskflow_api.py
[2024-12-06T22:19:53.487-0600] {logging_mixin.py:190} INFO - [2024-12-06T22:19:53.487-0600] {dag.py:3239} INFO - Sync 1 DAGs
[2024-12-06T22:19:53.495-0600] {logging_mixin.py:190} INFO - [2024-12-06T22:19:53.495-0600] {dag.py:4180} INFO - Setting next_dagrun for tutorial_taskflow_api to None, run_after=None
[2024-12-06T22:19:53.507-0600] {processor.py:208} INFO - Processing /home/m9d9v9/PycharmProjects/Airflow-2/Airflow-2/.venv/lib/python3.10/site-packages/airflow/example_dags/tutorial_taskflow_api.py took 0.067 seconds
[2024-12-06T22:20:45.090-0600] {processor.py:186} INFO - Started process (PID=12685) to work on /home/m9d9v9/PycharmProjects/Airflow-2/Airflow-2/.venv/lib/python3.10/site-packages/airflow/example_dags/tutorial_taskflow_api.py
[2024-12-06T22:20:45.098-0600] {processor.py:914} INFO - Processing file /home/m9d9v9/PycharmProjects/Airflow-2/Airflow-2/.venv/lib/python3.10/site-packages/airflow/example_dags/tutorial_taskflow_api.py for tasks to queue
[2024-12-06T22:20:45.102-0600] {logging_mixin.py:190} INFO - [2024-12-06T22:20:45.102-0600] {dagbag.py:588} INFO - Filling up the DagBag from /home/m9d9v9/PycharmProjects/Airflow-2/Airflow-2/.venv/lib/python3.10/site-packages/airflow/example_dags/tutorial_taskflow_api.py
[2024-12-06T22:20:45.120-0600] {processor.py:925} INFO - DAG(s) 'tutorial_taskflow_api' retrieved from /home/m9d9v9/PycharmProjects/Airflow-2/Airflow-2/.venv/lib/python3.10/site-packages/airflow/example_dags/tutorial_taskflow_api.py
[2024-12-06T22:20:45.146-0600] {logging_mixin.py:190} INFO - [2024-12-06T22:20:45.146-0600] {dag.py:3239} INFO - Sync 1 DAGs
[2024-12-06T22:20:45.156-0600] {logging_mixin.py:190} INFO - [2024-12-06T22:20:45.156-0600] {dag.py:4180} INFO - Setting next_dagrun for tutorial_taskflow_api to None, run_after=None
[2024-12-06T22:20:45.175-0600] {processor.py:208} INFO - Processing /home/m9d9v9/PycharmProjects/Airflow-2/Airflow-2/.venv/lib/python3.10/site-packages/airflow/example_dags/tutorial_taskflow_api.py took 0.096 seconds
[2024-12-06T22:21:39.579-0600] {processor.py:186} INFO - Started process (PID=12755) to work on /home/m9d9v9/PycharmProjects/Airflow-2/Airflow-2/.venv/lib/python3.10/site-packages/airflow/example_dags/tutorial_taskflow_api.py
[2024-12-06T22:21:39.586-0600] {processor.py:914} INFO - Processing file /home/m9d9v9/PycharmProjects/Airflow-2/Airflow-2/.venv/lib/python3.10/site-packages/airflow/example_dags/tutorial_taskflow_api.py for tasks to queue
[2024-12-06T22:21:39.590-0600] {logging_mixin.py:190} INFO - [2024-12-06T22:21:39.589-0600] {dagbag.py:588} INFO - Filling up the DagBag from /home/m9d9v9/PycharmProjects/Airflow-2/Airflow-2/.venv/lib/python3.10/site-packages/airflow/example_dags/tutorial_taskflow_api.py
[2024-12-06T22:21:39.608-0600] {processor.py:925} INFO - DAG(s) 'tutorial_taskflow_api' retrieved from /home/m9d9v9/PycharmProjects/Airflow-2/Airflow-2/.venv/lib/python3.10/site-packages/airflow/example_dags/tutorial_taskflow_api.py
[2024-12-06T22:21:39.630-0600] {logging_mixin.py:190} INFO - [2024-12-06T22:21:39.629-0600] {dag.py:3239} INFO - Sync 1 DAGs
[2024-12-06T22:21:39.637-0600] {logging_mixin.py:190} INFO - [2024-12-06T22:21:39.637-0600] {dag.py:4180} INFO - Setting next_dagrun for tutorial_taskflow_api to None, run_after=None
[2024-12-06T22:21:39.650-0600] {processor.py:208} INFO - Processing /home/m9d9v9/PycharmProjects/Airflow-2/Airflow-2/.venv/lib/python3.10/site-packages/airflow/example_dags/tutorial_taskflow_api.py took 0.084 seconds
[2024-12-06T22:22:48.039-0600] {processor.py:186} INFO - Started process (PID=12901) to work on /home/m9d9v9/PycharmProjects/Airflow-2/Airflow-2/.venv/lib/python3.10/site-packages/airflow/example_dags/tutorial_taskflow_api.py
[2024-12-06T22:22:48.046-0600] {processor.py:914} INFO - Processing file /home/m9d9v9/PycharmProjects/Airflow-2/Airflow-2/.venv/lib/python3.10/site-packages/airflow/example_dags/tutorial_taskflow_api.py for tasks to queue
[2024-12-06T22:22:48.048-0600] {logging_mixin.py:190} INFO - [2024-12-06T22:22:48.047-0600] {dagbag.py:588} INFO - Filling up the DagBag from /home/m9d9v9/PycharmProjects/Airflow-2/Airflow-2/.venv/lib/python3.10/site-packages/airflow/example_dags/tutorial_taskflow_api.py
[2024-12-06T22:22:48.061-0600] {processor.py:925} INFO - DAG(s) 'tutorial_taskflow_api' retrieved from /home/m9d9v9/PycharmProjects/Airflow-2/Airflow-2/.venv/lib/python3.10/site-packages/airflow/example_dags/tutorial_taskflow_api.py
[2024-12-06T22:22:48.083-0600] {logging_mixin.py:190} INFO - [2024-12-06T22:22:48.082-0600] {dag.py:3239} INFO - Sync 1 DAGs
[2024-12-06T22:22:48.096-0600] {logging_mixin.py:190} INFO - [2024-12-06T22:22:48.095-0600] {dag.py:4180} INFO - Setting next_dagrun for tutorial_taskflow_api to None, run_after=None
[2024-12-06T22:22:48.109-0600] {processor.py:208} INFO - Processing /home/m9d9v9/PycharmProjects/Airflow-2/Airflow-2/.venv/lib/python3.10/site-packages/airflow/example_dags/tutorial_taskflow_api.py took 0.077 seconds
[2024-12-06T22:23:26.546-0600] {processor.py:186} INFO - Started process (PID=12956) to work on /home/m9d9v9/PycharmProjects/Airflow-2/Airflow-2/.venv/lib/python3.10/site-packages/airflow/example_dags/tutorial_taskflow_api.py
[2024-12-06T22:23:26.548-0600] {processor.py:914} INFO - Processing file /home/m9d9v9/PycharmProjects/Airflow-2/Airflow-2/.venv/lib/python3.10/site-packages/airflow/example_dags/tutorial_taskflow_api.py for tasks to queue
[2024-12-06T22:23:26.551-0600] {logging_mixin.py:190} INFO - [2024-12-06T22:23:26.550-0600] {dagbag.py:588} INFO - Filling up the DagBag from /home/m9d9v9/PycharmProjects/Airflow-2/Airflow-2/.venv/lib/python3.10/site-packages/airflow/example_dags/tutorial_taskflow_api.py
[2024-12-06T22:23:26.568-0600] {processor.py:925} INFO - DAG(s) 'tutorial_taskflow_api' retrieved from /home/m9d9v9/PycharmProjects/Airflow-2/Airflow-2/.venv/lib/python3.10/site-packages/airflow/example_dags/tutorial_taskflow_api.py
[2024-12-06T22:23:26.585-0600] {logging_mixin.py:190} INFO - [2024-12-06T22:23:26.585-0600] {dag.py:3239} INFO - Sync 1 DAGs
[2024-12-06T22:23:26.594-0600] {logging_mixin.py:190} INFO - [2024-12-06T22:23:26.594-0600] {dag.py:4180} INFO - Setting next_dagrun for tutorial_taskflow_api to None, run_after=None
[2024-12-06T22:23:26.606-0600] {processor.py:208} INFO - Processing /home/m9d9v9/PycharmProjects/Airflow-2/Airflow-2/.venv/lib/python3.10/site-packages/airflow/example_dags/tutorial_taskflow_api.py took 0.072 seconds
[2024-12-06T22:24:20.504-0600] {processor.py:186} INFO - Started process (PID=13020) to work on /home/m9d9v9/PycharmProjects/Airflow-2/Airflow-2/.venv/lib/python3.10/site-packages/airflow/example_dags/tutorial_taskflow_api.py
[2024-12-06T22:24:20.510-0600] {processor.py:914} INFO - Processing file /home/m9d9v9/PycharmProjects/Airflow-2/Airflow-2/.venv/lib/python3.10/site-packages/airflow/example_dags/tutorial_taskflow_api.py for tasks to queue
[2024-12-06T22:24:20.512-0600] {logging_mixin.py:190} INFO - [2024-12-06T22:24:20.511-0600] {dagbag.py:588} INFO - Filling up the DagBag from /home/m9d9v9/PycharmProjects/Airflow-2/Airflow-2/.venv/lib/python3.10/site-packages/airflow/example_dags/tutorial_taskflow_api.py
[2024-12-06T22:24:20.519-0600] {processor.py:925} INFO - DAG(s) 'tutorial_taskflow_api' retrieved from /home/m9d9v9/PycharmProjects/Airflow-2/Airflow-2/.venv/lib/python3.10/site-packages/airflow/example_dags/tutorial_taskflow_api.py
[2024-12-06T22:24:20.530-0600] {logging_mixin.py:190} INFO - [2024-12-06T22:24:20.530-0600] {dag.py:3239} INFO - Sync 1 DAGs
[2024-12-06T22:24:20.539-0600] {logging_mixin.py:190} INFO - [2024-12-06T22:24:20.538-0600] {dag.py:4180} INFO - Setting next_dagrun for tutorial_taskflow_api to None, run_after=None
[2024-12-06T22:24:20.551-0600] {processor.py:208} INFO - Processing /home/m9d9v9/PycharmProjects/Airflow-2/Airflow-2/.venv/lib/python3.10/site-packages/airflow/example_dags/tutorial_taskflow_api.py took 0.052 seconds
[2024-12-06T22:25:17.014-0600] {processor.py:186} INFO - Started process (PID=13111) to work on /home/m9d9v9/PycharmProjects/Airflow-2/Airflow-2/.venv/lib/python3.10/site-packages/airflow/example_dags/tutorial_taskflow_api.py
[2024-12-06T22:25:17.021-0600] {processor.py:914} INFO - Processing file /home/m9d9v9/PycharmProjects/Airflow-2/Airflow-2/.venv/lib/python3.10/site-packages/airflow/example_dags/tutorial_taskflow_api.py for tasks to queue
[2024-12-06T22:25:17.023-0600] {logging_mixin.py:190} INFO - [2024-12-06T22:25:17.022-0600] {dagbag.py:588} INFO - Filling up the DagBag from /home/m9d9v9/PycharmProjects/Airflow-2/Airflow-2/.venv/lib/python3.10/site-packages/airflow/example_dags/tutorial_taskflow_api.py
[2024-12-06T22:25:17.040-0600] {processor.py:925} INFO - DAG(s) 'tutorial_taskflow_api' retrieved from /home/m9d9v9/PycharmProjects/Airflow-2/Airflow-2/.venv/lib/python3.10/site-packages/airflow/example_dags/tutorial_taskflow_api.py
[2024-12-06T22:25:17.066-0600] {logging_mixin.py:190} INFO - [2024-12-06T22:25:17.066-0600] {dag.py:3239} INFO - Sync 1 DAGs
[2024-12-06T22:25:17.073-0600] {logging_mixin.py:190} INFO - [2024-12-06T22:25:17.073-0600] {dag.py:4180} INFO - Setting next_dagrun for tutorial_taskflow_api to None, run_after=None
[2024-12-06T22:25:17.084-0600] {processor.py:208} INFO - Processing /home/m9d9v9/PycharmProjects/Airflow-2/Airflow-2/.venv/lib/python3.10/site-packages/airflow/example_dags/tutorial_taskflow_api.py took 0.080 seconds
[2024-12-06T22:26:15.368-0600] {processor.py:186} INFO - Started process (PID=13187) to work on /home/m9d9v9/PycharmProjects/Airflow-2/Airflow-2/.venv/lib/python3.10/site-packages/airflow/example_dags/tutorial_taskflow_api.py
[2024-12-06T22:26:15.369-0600] {processor.py:914} INFO - Processing file /home/m9d9v9/PycharmProjects/Airflow-2/Airflow-2/.venv/lib/python3.10/site-packages/airflow/example_dags/tutorial_taskflow_api.py for tasks to queue
[2024-12-06T22:26:15.371-0600] {logging_mixin.py:190} INFO - [2024-12-06T22:26:15.370-0600] {dagbag.py:588} INFO - Filling up the DagBag from /home/m9d9v9/PycharmProjects/Airflow-2/Airflow-2/.venv/lib/python3.10/site-packages/airflow/example_dags/tutorial_taskflow_api.py
[2024-12-06T22:26:15.379-0600] {processor.py:925} INFO - DAG(s) 'tutorial_taskflow_api' retrieved from /home/m9d9v9/PycharmProjects/Airflow-2/Airflow-2/.venv/lib/python3.10/site-packages/airflow/example_dags/tutorial_taskflow_api.py
[2024-12-06T22:26:15.393-0600] {logging_mixin.py:190} INFO - [2024-12-06T22:26:15.392-0600] {dag.py:3239} INFO - Sync 1 DAGs
[2024-12-06T22:26:15.404-0600] {logging_mixin.py:190} INFO - [2024-12-06T22:26:15.404-0600] {dag.py:4180} INFO - Setting next_dagrun for tutorial_taskflow_api to None, run_after=None
[2024-12-06T22:26:15.419-0600] {processor.py:208} INFO - Processing /home/m9d9v9/PycharmProjects/Airflow-2/Airflow-2/.venv/lib/python3.10/site-packages/airflow/example_dags/tutorial_taskflow_api.py took 0.056 seconds
[2024-12-06T22:36:42.439-0600] {processor.py:186} INFO - Started process (PID=14394) to work on /home/m9d9v9/PycharmProjects/Airflow-2/Airflow-2/.venv/lib/python3.10/site-packages/airflow/example_dags/tutorial_taskflow_api.py
[2024-12-06T22:36:42.445-0600] {processor.py:914} INFO - Processing file /home/m9d9v9/PycharmProjects/Airflow-2/Airflow-2/.venv/lib/python3.10/site-packages/airflow/example_dags/tutorial_taskflow_api.py for tasks to queue
[2024-12-06T22:36:42.447-0600] {logging_mixin.py:190} INFO - [2024-12-06T22:36:42.446-0600] {dagbag.py:588} INFO - Filling up the DagBag from /home/m9d9v9/PycharmProjects/Airflow-2/Airflow-2/.venv/lib/python3.10/site-packages/airflow/example_dags/tutorial_taskflow_api.py
[2024-12-06T22:36:42.454-0600] {processor.py:925} INFO - DAG(s) 'tutorial_taskflow_api' retrieved from /home/m9d9v9/PycharmProjects/Airflow-2/Airflow-2/.venv/lib/python3.10/site-packages/airflow/example_dags/tutorial_taskflow_api.py
[2024-12-06T22:36:42.471-0600] {logging_mixin.py:190} INFO - [2024-12-06T22:36:42.471-0600] {dag.py:3239} INFO - Sync 1 DAGs
[2024-12-06T22:36:42.480-0600] {logging_mixin.py:190} INFO - [2024-12-06T22:36:42.480-0600] {dag.py:4180} INFO - Setting next_dagrun for tutorial_taskflow_api to None, run_after=None
[2024-12-06T22:36:42.496-0600] {processor.py:208} INFO - Processing /home/m9d9v9/PycharmProjects/Airflow-2/Airflow-2/.venv/lib/python3.10/site-packages/airflow/example_dags/tutorial_taskflow_api.py took 0.061 seconds
[2024-12-06T22:37:41.494-0600] {processor.py:186} INFO - Started process (PID=14670) to work on /home/m9d9v9/PycharmProjects/Airflow-2/Airflow-2/.venv/lib/python3.10/site-packages/airflow/example_dags/tutorial_taskflow_api.py
[2024-12-06T22:37:41.501-0600] {processor.py:914} INFO - Processing file /home/m9d9v9/PycharmProjects/Airflow-2/Airflow-2/.venv/lib/python3.10/site-packages/airflow/example_dags/tutorial_taskflow_api.py for tasks to queue
[2024-12-06T22:37:41.506-0600] {logging_mixin.py:190} INFO - [2024-12-06T22:37:41.505-0600] {dagbag.py:588} INFO - Filling up the DagBag from /home/m9d9v9/PycharmProjects/Airflow-2/Airflow-2/.venv/lib/python3.10/site-packages/airflow/example_dags/tutorial_taskflow_api.py
[2024-12-06T22:37:41.522-0600] {processor.py:925} INFO - DAG(s) 'tutorial_taskflow_api' retrieved from /home/m9d9v9/PycharmProjects/Airflow-2/Airflow-2/.venv/lib/python3.10/site-packages/airflow/example_dags/tutorial_taskflow_api.py
[2024-12-06T22:37:41.542-0600] {logging_mixin.py:190} INFO - [2024-12-06T22:37:41.542-0600] {dag.py:3239} INFO - Sync 1 DAGs
[2024-12-06T22:37:41.550-0600] {logging_mixin.py:190} INFO - [2024-12-06T22:37:41.550-0600] {dag.py:4180} INFO - Setting next_dagrun for tutorial_taskflow_api to None, run_after=None
[2024-12-06T22:37:41.562-0600] {processor.py:208} INFO - Processing /home/m9d9v9/PycharmProjects/Airflow-2/Airflow-2/.venv/lib/python3.10/site-packages/airflow/example_dags/tutorial_taskflow_api.py took 0.081 seconds
[2024-12-06T22:38:39.341-0600] {processor.py:186} INFO - Started process (PID=14774) to work on /home/m9d9v9/PycharmProjects/Airflow-2/Airflow-2/.venv/lib/python3.10/site-packages/airflow/example_dags/tutorial_taskflow_api.py
[2024-12-06T22:38:39.342-0600] {processor.py:914} INFO - Processing file /home/m9d9v9/PycharmProjects/Airflow-2/Airflow-2/.venv/lib/python3.10/site-packages/airflow/example_dags/tutorial_taskflow_api.py for tasks to queue
[2024-12-06T22:38:39.345-0600] {logging_mixin.py:190} INFO - [2024-12-06T22:38:39.344-0600] {dagbag.py:588} INFO - Filling up the DagBag from /home/m9d9v9/PycharmProjects/Airflow-2/Airflow-2/.venv/lib/python3.10/site-packages/airflow/example_dags/tutorial_taskflow_api.py
[2024-12-06T22:38:39.354-0600] {processor.py:925} INFO - DAG(s) 'tutorial_taskflow_api' retrieved from /home/m9d9v9/PycharmProjects/Airflow-2/Airflow-2/.venv/lib/python3.10/site-packages/airflow/example_dags/tutorial_taskflow_api.py
[2024-12-06T22:38:39.365-0600] {logging_mixin.py:190} INFO - [2024-12-06T22:38:39.365-0600] {dag.py:3239} INFO - Sync 1 DAGs
[2024-12-06T22:38:39.374-0600] {logging_mixin.py:190} INFO - [2024-12-06T22:38:39.374-0600] {dag.py:4180} INFO - Setting next_dagrun for tutorial_taskflow_api to None, run_after=None
[2024-12-06T22:38:39.391-0600] {processor.py:208} INFO - Processing /home/m9d9v9/PycharmProjects/Airflow-2/Airflow-2/.venv/lib/python3.10/site-packages/airflow/example_dags/tutorial_taskflow_api.py took 0.056 seconds
[2024-12-06T22:39:35.270-0600] {processor.py:186} INFO - Started process (PID=14956) to work on /home/m9d9v9/PycharmProjects/Airflow-2/Airflow-2/.venv/lib/python3.10/site-packages/airflow/example_dags/tutorial_taskflow_api.py
[2024-12-06T22:39:35.272-0600] {processor.py:914} INFO - Processing file /home/m9d9v9/PycharmProjects/Airflow-2/Airflow-2/.venv/lib/python3.10/site-packages/airflow/example_dags/tutorial_taskflow_api.py for tasks to queue
[2024-12-06T22:39:35.277-0600] {logging_mixin.py:190} INFO - [2024-12-06T22:39:35.276-0600] {dagbag.py:588} INFO - Filling up the DagBag from /home/m9d9v9/PycharmProjects/Airflow-2/Airflow-2/.venv/lib/python3.10/site-packages/airflow/example_dags/tutorial_taskflow_api.py
[2024-12-06T22:39:35.291-0600] {processor.py:925} INFO - DAG(s) 'tutorial_taskflow_api' retrieved from /home/m9d9v9/PycharmProjects/Airflow-2/Airflow-2/.venv/lib/python3.10/site-packages/airflow/example_dags/tutorial_taskflow_api.py
[2024-12-06T22:39:35.306-0600] {logging_mixin.py:190} INFO - [2024-12-06T22:39:35.306-0600] {dag.py:3239} INFO - Sync 1 DAGs
[2024-12-06T22:39:35.314-0600] {logging_mixin.py:190} INFO - [2024-12-06T22:39:35.314-0600] {dag.py:4180} INFO - Setting next_dagrun for tutorial_taskflow_api to None, run_after=None
[2024-12-06T22:39:35.326-0600] {processor.py:208} INFO - Processing /home/m9d9v9/PycharmProjects/Airflow-2/Airflow-2/.venv/lib/python3.10/site-packages/airflow/example_dags/tutorial_taskflow_api.py took 0.073 seconds
[2024-12-06T22:40:36.184-0600] {processor.py:186} INFO - Started process (PID=15082) to work on /home/m9d9v9/PycharmProjects/Airflow-2/Airflow-2/.venv/lib/python3.10/site-packages/airflow/example_dags/tutorial_taskflow_api.py
[2024-12-06T22:40:36.188-0600] {processor.py:914} INFO - Processing file /home/m9d9v9/PycharmProjects/Airflow-2/Airflow-2/.venv/lib/python3.10/site-packages/airflow/example_dags/tutorial_taskflow_api.py for tasks to queue
[2024-12-06T22:40:36.194-0600] {logging_mixin.py:190} INFO - [2024-12-06T22:40:36.193-0600] {dagbag.py:588} INFO - Filling up the DagBag from /home/m9d9v9/PycharmProjects/Airflow-2/Airflow-2/.venv/lib/python3.10/site-packages/airflow/example_dags/tutorial_taskflow_api.py
[2024-12-06T22:40:36.216-0600] {processor.py:925} INFO - DAG(s) 'tutorial_taskflow_api' retrieved from /home/m9d9v9/PycharmProjects/Airflow-2/Airflow-2/.venv/lib/python3.10/site-packages/airflow/example_dags/tutorial_taskflow_api.py
[2024-12-06T22:40:36.260-0600] {logging_mixin.py:190} INFO - [2024-12-06T22:40:36.259-0600] {dag.py:3239} INFO - Sync 1 DAGs
[2024-12-06T22:40:36.282-0600] {logging_mixin.py:190} INFO - [2024-12-06T22:40:36.281-0600] {dag.py:4180} INFO - Setting next_dagrun for tutorial_taskflow_api to None, run_after=None
[2024-12-06T22:40:36.309-0600] {processor.py:208} INFO - Processing /home/m9d9v9/PycharmProjects/Airflow-2/Airflow-2/.venv/lib/python3.10/site-packages/airflow/example_dags/tutorial_taskflow_api.py took 0.153 seconds
[2024-12-06T23:24:51.979-0600] {processor.py:186} INFO - Started process (PID=17082) to work on /home/m9d9v9/PycharmProjects/Airflow-2/Airflow-2/.venv/lib/python3.10/site-packages/airflow/example_dags/tutorial_taskflow_api.py
[2024-12-06T23:24:51.980-0600] {processor.py:914} INFO - Processing file /home/m9d9v9/PycharmProjects/Airflow-2/Airflow-2/.venv/lib/python3.10/site-packages/airflow/example_dags/tutorial_taskflow_api.py for tasks to queue
[2024-12-06T23:24:51.981-0600] {logging_mixin.py:190} INFO - [2024-12-06T23:24:51.981-0600] {dagbag.py:588} INFO - Filling up the DagBag from /home/m9d9v9/PycharmProjects/Airflow-2/Airflow-2/.venv/lib/python3.10/site-packages/airflow/example_dags/tutorial_taskflow_api.py
[2024-12-06T23:24:51.988-0600] {processor.py:925} INFO - DAG(s) 'tutorial_taskflow_api' retrieved from /home/m9d9v9/PycharmProjects/Airflow-2/Airflow-2/.venv/lib/python3.10/site-packages/airflow/example_dags/tutorial_taskflow_api.py
[2024-12-06T23:24:52.008-0600] {logging_mixin.py:190} INFO - [2024-12-06T23:24:52.008-0600] {dag.py:3239} INFO - Sync 1 DAGs
[2024-12-06T23:24:52.016-0600] {logging_mixin.py:190} INFO - [2024-12-06T23:24:52.016-0600] {dag.py:4180} INFO - Setting next_dagrun for tutorial_taskflow_api to None, run_after=None
[2024-12-06T23:24:52.028-0600] {processor.py:208} INFO - Processing /home/m9d9v9/PycharmProjects/Airflow-2/Airflow-2/.venv/lib/python3.10/site-packages/airflow/example_dags/tutorial_taskflow_api.py took 0.054 seconds
[2024-12-06T23:25:48.688-0600] {processor.py:186} INFO - Started process (PID=17352) to work on /home/m9d9v9/PycharmProjects/Airflow-2/Airflow-2/.venv/lib/python3.10/site-packages/airflow/example_dags/tutorial_taskflow_api.py
[2024-12-06T23:25:48.690-0600] {processor.py:914} INFO - Processing file /home/m9d9v9/PycharmProjects/Airflow-2/Airflow-2/.venv/lib/python3.10/site-packages/airflow/example_dags/tutorial_taskflow_api.py for tasks to queue
[2024-12-06T23:25:48.692-0600] {logging_mixin.py:190} INFO - [2024-12-06T23:25:48.691-0600] {dagbag.py:588} INFO - Filling up the DagBag from /home/m9d9v9/PycharmProjects/Airflow-2/Airflow-2/.venv/lib/python3.10/site-packages/airflow/example_dags/tutorial_taskflow_api.py
[2024-12-06T23:25:48.698-0600] {processor.py:925} INFO - DAG(s) 'tutorial_taskflow_api' retrieved from /home/m9d9v9/PycharmProjects/Airflow-2/Airflow-2/.venv/lib/python3.10/site-packages/airflow/example_dags/tutorial_taskflow_api.py
[2024-12-06T23:25:48.710-0600] {logging_mixin.py:190} INFO - [2024-12-06T23:25:48.710-0600] {dag.py:3239} INFO - Sync 1 DAGs
[2024-12-06T23:25:48.720-0600] {logging_mixin.py:190} INFO - [2024-12-06T23:25:48.720-0600] {dag.py:4180} INFO - Setting next_dagrun for tutorial_taskflow_api to None, run_after=None
[2024-12-06T23:25:48.734-0600] {processor.py:208} INFO - Processing /home/m9d9v9/PycharmProjects/Airflow-2/Airflow-2/.venv/lib/python3.10/site-packages/airflow/example_dags/tutorial_taskflow_api.py took 0.051 seconds
[2024-12-06T23:26:45.552-0600] {processor.py:186} INFO - Started process (PID=17429) to work on /home/m9d9v9/PycharmProjects/Airflow-2/Airflow-2/.venv/lib/python3.10/site-packages/airflow/example_dags/tutorial_taskflow_api.py
[2024-12-06T23:26:45.558-0600] {processor.py:914} INFO - Processing file /home/m9d9v9/PycharmProjects/Airflow-2/Airflow-2/.venv/lib/python3.10/site-packages/airflow/example_dags/tutorial_taskflow_api.py for tasks to queue
[2024-12-06T23:26:45.558-0600] {logging_mixin.py:190} INFO - [2024-12-06T23:26:45.558-0600] {dagbag.py:588} INFO - Filling up the DagBag from /home/m9d9v9/PycharmProjects/Airflow-2/Airflow-2/.venv/lib/python3.10/site-packages/airflow/example_dags/tutorial_taskflow_api.py
[2024-12-06T23:26:45.564-0600] {processor.py:925} INFO - DAG(s) 'tutorial_taskflow_api' retrieved from /home/m9d9v9/PycharmProjects/Airflow-2/Airflow-2/.venv/lib/python3.10/site-packages/airflow/example_dags/tutorial_taskflow_api.py
[2024-12-06T23:26:45.573-0600] {logging_mixin.py:190} INFO - [2024-12-06T23:26:45.573-0600] {dag.py:3239} INFO - Sync 1 DAGs
[2024-12-06T23:26:45.580-0600] {logging_mixin.py:190} INFO - [2024-12-06T23:26:45.580-0600] {dag.py:4180} INFO - Setting next_dagrun for tutorial_taskflow_api to None, run_after=None
[2024-12-06T23:26:45.592-0600] {processor.py:208} INFO - Processing /home/m9d9v9/PycharmProjects/Airflow-2/Airflow-2/.venv/lib/python3.10/site-packages/airflow/example_dags/tutorial_taskflow_api.py took 0.044 seconds
[2024-12-06T23:27:41.248-0600] {processor.py:186} INFO - Started process (PID=17501) to work on /home/m9d9v9/PycharmProjects/Airflow-2/Airflow-2/.venv/lib/python3.10/site-packages/airflow/example_dags/tutorial_taskflow_api.py
[2024-12-06T23:27:41.254-0600] {processor.py:914} INFO - Processing file /home/m9d9v9/PycharmProjects/Airflow-2/Airflow-2/.venv/lib/python3.10/site-packages/airflow/example_dags/tutorial_taskflow_api.py for tasks to queue
[2024-12-06T23:27:41.255-0600] {logging_mixin.py:190} INFO - [2024-12-06T23:27:41.255-0600] {dagbag.py:588} INFO - Filling up the DagBag from /home/m9d9v9/PycharmProjects/Airflow-2/Airflow-2/.venv/lib/python3.10/site-packages/airflow/example_dags/tutorial_taskflow_api.py
[2024-12-06T23:27:41.260-0600] {processor.py:925} INFO - DAG(s) 'tutorial_taskflow_api' retrieved from /home/m9d9v9/PycharmProjects/Airflow-2/Airflow-2/.venv/lib/python3.10/site-packages/airflow/example_dags/tutorial_taskflow_api.py
[2024-12-06T23:27:41.269-0600] {logging_mixin.py:190} INFO - [2024-12-06T23:27:41.269-0600] {dag.py:3239} INFO - Sync 1 DAGs
[2024-12-06T23:27:41.276-0600] {logging_mixin.py:190} INFO - [2024-12-06T23:27:41.276-0600] {dag.py:4180} INFO - Setting next_dagrun for tutorial_taskflow_api to None, run_after=None
[2024-12-06T23:27:41.288-0600] {processor.py:208} INFO - Processing /home/m9d9v9/PycharmProjects/Airflow-2/Airflow-2/.venv/lib/python3.10/site-packages/airflow/example_dags/tutorial_taskflow_api.py took 0.044 seconds
[2024-12-06T23:28:39.323-0600] {processor.py:186} INFO - Started process (PID=17604) to work on /home/m9d9v9/PycharmProjects/Airflow-2/Airflow-2/.venv/lib/python3.10/site-packages/airflow/example_dags/tutorial_taskflow_api.py
[2024-12-06T23:28:39.329-0600] {processor.py:914} INFO - Processing file /home/m9d9v9/PycharmProjects/Airflow-2/Airflow-2/.venv/lib/python3.10/site-packages/airflow/example_dags/tutorial_taskflow_api.py for tasks to queue
[2024-12-06T23:28:39.330-0600] {logging_mixin.py:190} INFO - [2024-12-06T23:28:39.330-0600] {dagbag.py:588} INFO - Filling up the DagBag from /home/m9d9v9/PycharmProjects/Airflow-2/Airflow-2/.venv/lib/python3.10/site-packages/airflow/example_dags/tutorial_taskflow_api.py
[2024-12-06T23:28:39.339-0600] {processor.py:925} INFO - DAG(s) 'tutorial_taskflow_api' retrieved from /home/m9d9v9/PycharmProjects/Airflow-2/Airflow-2/.venv/lib/python3.10/site-packages/airflow/example_dags/tutorial_taskflow_api.py
[2024-12-06T23:28:39.354-0600] {logging_mixin.py:190} INFO - [2024-12-06T23:28:39.354-0600] {dag.py:3239} INFO - Sync 1 DAGs
[2024-12-06T23:28:39.366-0600] {logging_mixin.py:190} INFO - [2024-12-06T23:28:39.366-0600] {dag.py:4180} INFO - Setting next_dagrun for tutorial_taskflow_api to None, run_after=None
[2024-12-06T23:28:39.382-0600] {processor.py:208} INFO - Processing /home/m9d9v9/PycharmProjects/Airflow-2/Airflow-2/.venv/lib/python3.10/site-packages/airflow/example_dags/tutorial_taskflow_api.py took 0.065 seconds
[2024-12-06T23:29:35.178-0600] {processor.py:186} INFO - Started process (PID=17746) to work on /home/m9d9v9/PycharmProjects/Airflow-2/Airflow-2/.venv/lib/python3.10/site-packages/airflow/example_dags/tutorial_taskflow_api.py
[2024-12-06T23:29:35.185-0600] {processor.py:914} INFO - Processing file /home/m9d9v9/PycharmProjects/Airflow-2/Airflow-2/.venv/lib/python3.10/site-packages/airflow/example_dags/tutorial_taskflow_api.py for tasks to queue
[2024-12-06T23:29:35.187-0600] {logging_mixin.py:190} INFO - [2024-12-06T23:29:35.187-0600] {dagbag.py:588} INFO - Filling up the DagBag from /home/m9d9v9/PycharmProjects/Airflow-2/Airflow-2/.venv/lib/python3.10/site-packages/airflow/example_dags/tutorial_taskflow_api.py
[2024-12-06T23:29:35.203-0600] {processor.py:925} INFO - DAG(s) 'tutorial_taskflow_api' retrieved from /home/m9d9v9/PycharmProjects/Airflow-2/Airflow-2/.venv/lib/python3.10/site-packages/airflow/example_dags/tutorial_taskflow_api.py
[2024-12-06T23:29:35.227-0600] {logging_mixin.py:190} INFO - [2024-12-06T23:29:35.227-0600] {dag.py:3239} INFO - Sync 1 DAGs
[2024-12-06T23:29:35.234-0600] {logging_mixin.py:190} INFO - [2024-12-06T23:29:35.234-0600] {dag.py:4180} INFO - Setting next_dagrun for tutorial_taskflow_api to None, run_after=None
[2024-12-06T23:29:35.246-0600] {processor.py:208} INFO - Processing /home/m9d9v9/PycharmProjects/Airflow-2/Airflow-2/.venv/lib/python3.10/site-packages/airflow/example_dags/tutorial_taskflow_api.py took 0.079 seconds
[2024-12-06T23:30:31.588-0600] {processor.py:186} INFO - Started process (PID=17867) to work on /home/m9d9v9/PycharmProjects/Airflow-2/Airflow-2/.venv/lib/python3.10/site-packages/airflow/example_dags/tutorial_taskflow_api.py
[2024-12-06T23:30:31.590-0600] {processor.py:914} INFO - Processing file /home/m9d9v9/PycharmProjects/Airflow-2/Airflow-2/.venv/lib/python3.10/site-packages/airflow/example_dags/tutorial_taskflow_api.py for tasks to queue
[2024-12-06T23:30:31.592-0600] {logging_mixin.py:190} INFO - [2024-12-06T23:30:31.591-0600] {dagbag.py:588} INFO - Filling up the DagBag from /home/m9d9v9/PycharmProjects/Airflow-2/Airflow-2/.venv/lib/python3.10/site-packages/airflow/example_dags/tutorial_taskflow_api.py
[2024-12-06T23:30:31.607-0600] {processor.py:925} INFO - DAG(s) 'tutorial_taskflow_api' retrieved from /home/m9d9v9/PycharmProjects/Airflow-2/Airflow-2/.venv/lib/python3.10/site-packages/airflow/example_dags/tutorial_taskflow_api.py
[2024-12-06T23:30:31.628-0600] {logging_mixin.py:190} INFO - [2024-12-06T23:30:31.628-0600] {dag.py:3239} INFO - Sync 1 DAGs
[2024-12-06T23:30:31.635-0600] {logging_mixin.py:190} INFO - [2024-12-06T23:30:31.635-0600] {dag.py:4180} INFO - Setting next_dagrun for tutorial_taskflow_api to None, run_after=None
[2024-12-06T23:30:31.647-0600] {processor.py:208} INFO - Processing /home/m9d9v9/PycharmProjects/Airflow-2/Airflow-2/.venv/lib/python3.10/site-packages/airflow/example_dags/tutorial_taskflow_api.py took 0.069 seconds
[2024-12-06T23:31:27.971-0600] {processor.py:186} INFO - Started process (PID=17936) to work on /home/m9d9v9/PycharmProjects/Airflow-2/Airflow-2/.venv/lib/python3.10/site-packages/airflow/example_dags/tutorial_taskflow_api.py
[2024-12-06T23:31:27.972-0600] {processor.py:914} INFO - Processing file /home/m9d9v9/PycharmProjects/Airflow-2/Airflow-2/.venv/lib/python3.10/site-packages/airflow/example_dags/tutorial_taskflow_api.py for tasks to queue
[2024-12-06T23:31:27.975-0600] {logging_mixin.py:190} INFO - [2024-12-06T23:31:27.974-0600] {dagbag.py:588} INFO - Filling up the DagBag from /home/m9d9v9/PycharmProjects/Airflow-2/Airflow-2/.venv/lib/python3.10/site-packages/airflow/example_dags/tutorial_taskflow_api.py
[2024-12-06T23:31:27.990-0600] {processor.py:925} INFO - DAG(s) 'tutorial_taskflow_api' retrieved from /home/m9d9v9/PycharmProjects/Airflow-2/Airflow-2/.venv/lib/python3.10/site-packages/airflow/example_dags/tutorial_taskflow_api.py
[2024-12-06T23:31:28.009-0600] {logging_mixin.py:190} INFO - [2024-12-06T23:31:28.009-0600] {dag.py:3239} INFO - Sync 1 DAGs
[2024-12-06T23:31:28.016-0600] {logging_mixin.py:190} INFO - [2024-12-06T23:31:28.016-0600] {dag.py:4180} INFO - Setting next_dagrun for tutorial_taskflow_api to None, run_after=None
[2024-12-06T23:31:28.027-0600] {processor.py:208} INFO - Processing /home/m9d9v9/PycharmProjects/Airflow-2/Airflow-2/.venv/lib/python3.10/site-packages/airflow/example_dags/tutorial_taskflow_api.py took 0.067 seconds
[2024-12-06T23:32:27.112-0600] {processor.py:186} INFO - Started process (PID=18047) to work on /home/m9d9v9/PycharmProjects/Airflow-2/Airflow-2/.venv/lib/python3.10/site-packages/airflow/example_dags/tutorial_taskflow_api.py
[2024-12-06T23:32:27.114-0600] {processor.py:914} INFO - Processing file /home/m9d9v9/PycharmProjects/Airflow-2/Airflow-2/.venv/lib/python3.10/site-packages/airflow/example_dags/tutorial_taskflow_api.py for tasks to queue
[2024-12-06T23:32:27.116-0600] {logging_mixin.py:190} INFO - [2024-12-06T23:32:27.116-0600] {dagbag.py:588} INFO - Filling up the DagBag from /home/m9d9v9/PycharmProjects/Airflow-2/Airflow-2/.venv/lib/python3.10/site-packages/airflow/example_dags/tutorial_taskflow_api.py
[2024-12-06T23:32:27.133-0600] {processor.py:925} INFO - DAG(s) 'tutorial_taskflow_api' retrieved from /home/m9d9v9/PycharmProjects/Airflow-2/Airflow-2/.venv/lib/python3.10/site-packages/airflow/example_dags/tutorial_taskflow_api.py
[2024-12-06T23:32:27.153-0600] {logging_mixin.py:190} INFO - [2024-12-06T23:32:27.153-0600] {dag.py:3239} INFO - Sync 1 DAGs
[2024-12-06T23:32:27.161-0600] {logging_mixin.py:190} INFO - [2024-12-06T23:32:27.161-0600] {dag.py:4180} INFO - Setting next_dagrun for tutorial_taskflow_api to None, run_after=None
[2024-12-06T23:32:27.172-0600] {processor.py:208} INFO - Processing /home/m9d9v9/PycharmProjects/Airflow-2/Airflow-2/.venv/lib/python3.10/site-packages/airflow/example_dags/tutorial_taskflow_api.py took 0.067 seconds
[2024-12-06T23:33:23.051-0600] {processor.py:186} INFO - Started process (PID=18115) to work on /home/m9d9v9/PycharmProjects/Airflow-2/Airflow-2/.venv/lib/python3.10/site-packages/airflow/example_dags/tutorial_taskflow_api.py
[2024-12-06T23:33:23.058-0600] {processor.py:914} INFO - Processing file /home/m9d9v9/PycharmProjects/Airflow-2/Airflow-2/.venv/lib/python3.10/site-packages/airflow/example_dags/tutorial_taskflow_api.py for tasks to queue
[2024-12-06T23:33:23.060-0600] {logging_mixin.py:190} INFO - [2024-12-06T23:33:23.059-0600] {dagbag.py:588} INFO - Filling up the DagBag from /home/m9d9v9/PycharmProjects/Airflow-2/Airflow-2/.venv/lib/python3.10/site-packages/airflow/example_dags/tutorial_taskflow_api.py
[2024-12-06T23:33:23.077-0600] {processor.py:925} INFO - DAG(s) 'tutorial_taskflow_api' retrieved from /home/m9d9v9/PycharmProjects/Airflow-2/Airflow-2/.venv/lib/python3.10/site-packages/airflow/example_dags/tutorial_taskflow_api.py
[2024-12-06T23:33:23.100-0600] {logging_mixin.py:190} INFO - [2024-12-06T23:33:23.100-0600] {dag.py:3239} INFO - Sync 1 DAGs
[2024-12-06T23:33:23.203-0600] {logging_mixin.py:190} INFO - [2024-12-06T23:33:23.203-0600] {dag.py:4180} INFO - Setting next_dagrun for tutorial_taskflow_api to None, run_after=None
[2024-12-06T23:33:23.221-0600] {processor.py:208} INFO - Processing /home/m9d9v9/PycharmProjects/Airflow-2/Airflow-2/.venv/lib/python3.10/site-packages/airflow/example_dags/tutorial_taskflow_api.py took 0.182 seconds
[2024-12-06T23:34:19.836-0600] {processor.py:186} INFO - Started process (PID=18186) to work on /home/m9d9v9/PycharmProjects/Airflow-2/Airflow-2/.venv/lib/python3.10/site-packages/airflow/example_dags/tutorial_taskflow_api.py
[2024-12-06T23:34:19.843-0600] {processor.py:914} INFO - Processing file /home/m9d9v9/PycharmProjects/Airflow-2/Airflow-2/.venv/lib/python3.10/site-packages/airflow/example_dags/tutorial_taskflow_api.py for tasks to queue
[2024-12-06T23:34:19.845-0600] {logging_mixin.py:190} INFO - [2024-12-06T23:34:19.844-0600] {dagbag.py:588} INFO - Filling up the DagBag from /home/m9d9v9/PycharmProjects/Airflow-2/Airflow-2/.venv/lib/python3.10/site-packages/airflow/example_dags/tutorial_taskflow_api.py
[2024-12-06T23:34:19.862-0600] {processor.py:925} INFO - DAG(s) 'tutorial_taskflow_api' retrieved from /home/m9d9v9/PycharmProjects/Airflow-2/Airflow-2/.venv/lib/python3.10/site-packages/airflow/example_dags/tutorial_taskflow_api.py
[2024-12-06T23:34:19.884-0600] {logging_mixin.py:190} INFO - [2024-12-06T23:34:19.884-0600] {dag.py:3239} INFO - Sync 1 DAGs
[2024-12-06T23:34:19.891-0600] {logging_mixin.py:190} INFO - [2024-12-06T23:34:19.891-0600] {dag.py:4180} INFO - Setting next_dagrun for tutorial_taskflow_api to None, run_after=None
[2024-12-06T23:34:19.905-0600] {processor.py:208} INFO - Processing /home/m9d9v9/PycharmProjects/Airflow-2/Airflow-2/.venv/lib/python3.10/site-packages/airflow/example_dags/tutorial_taskflow_api.py took 0.079 seconds
[2024-12-06T23:35:22.067-0600] {processor.py:186} INFO - Started process (PID=18321) to work on /home/m9d9v9/PycharmProjects/Airflow-2/Airflow-2/.venv/lib/python3.10/site-packages/airflow/example_dags/tutorial_taskflow_api.py
[2024-12-06T23:35:22.073-0600] {processor.py:914} INFO - Processing file /home/m9d9v9/PycharmProjects/Airflow-2/Airflow-2/.venv/lib/python3.10/site-packages/airflow/example_dags/tutorial_taskflow_api.py for tasks to queue
[2024-12-06T23:35:22.075-0600] {logging_mixin.py:190} INFO - [2024-12-06T23:35:22.075-0600] {dagbag.py:588} INFO - Filling up the DagBag from /home/m9d9v9/PycharmProjects/Airflow-2/Airflow-2/.venv/lib/python3.10/site-packages/airflow/example_dags/tutorial_taskflow_api.py
[2024-12-06T23:35:22.092-0600] {processor.py:925} INFO - DAG(s) 'tutorial_taskflow_api' retrieved from /home/m9d9v9/PycharmProjects/Airflow-2/Airflow-2/.venv/lib/python3.10/site-packages/airflow/example_dags/tutorial_taskflow_api.py
[2024-12-06T23:35:22.115-0600] {logging_mixin.py:190} INFO - [2024-12-06T23:35:22.115-0600] {dag.py:3239} INFO - Sync 1 DAGs
[2024-12-06T23:35:22.123-0600] {logging_mixin.py:190} INFO - [2024-12-06T23:35:22.123-0600] {dag.py:4180} INFO - Setting next_dagrun for tutorial_taskflow_api to None, run_after=None
[2024-12-06T23:35:22.136-0600] {processor.py:208} INFO - Processing /home/m9d9v9/PycharmProjects/Airflow-2/Airflow-2/.venv/lib/python3.10/site-packages/airflow/example_dags/tutorial_taskflow_api.py took 0.081 seconds
[2024-12-06T23:35:54.458-0600] {processor.py:186} INFO - Started process (PID=18360) to work on /home/m9d9v9/PycharmProjects/Airflow-2/Airflow-2/.venv/lib/python3.10/site-packages/airflow/example_dags/tutorial_taskflow_api.py
[2024-12-06T23:35:54.465-0600] {processor.py:914} INFO - Processing file /home/m9d9v9/PycharmProjects/Airflow-2/Airflow-2/.venv/lib/python3.10/site-packages/airflow/example_dags/tutorial_taskflow_api.py for tasks to queue
[2024-12-06T23:35:54.467-0600] {logging_mixin.py:190} INFO - [2024-12-06T23:35:54.466-0600] {dagbag.py:588} INFO - Filling up the DagBag from /home/m9d9v9/PycharmProjects/Airflow-2/Airflow-2/.venv/lib/python3.10/site-packages/airflow/example_dags/tutorial_taskflow_api.py
[2024-12-06T23:35:54.482-0600] {processor.py:925} INFO - DAG(s) 'tutorial_taskflow_api' retrieved from /home/m9d9v9/PycharmProjects/Airflow-2/Airflow-2/.venv/lib/python3.10/site-packages/airflow/example_dags/tutorial_taskflow_api.py
[2024-12-06T23:35:54.505-0600] {logging_mixin.py:190} INFO - [2024-12-06T23:35:54.505-0600] {dag.py:3239} INFO - Sync 1 DAGs
[2024-12-06T23:35:54.614-0600] {logging_mixin.py:190} INFO - [2024-12-06T23:35:54.614-0600] {dag.py:4180} INFO - Setting next_dagrun for tutorial_taskflow_api to None, run_after=None
[2024-12-06T23:35:54.627-0600] {processor.py:208} INFO - Processing /home/m9d9v9/PycharmProjects/Airflow-2/Airflow-2/.venv/lib/python3.10/site-packages/airflow/example_dags/tutorial_taskflow_api.py took 0.180 seconds
[2024-12-06T23:36:26.103-0600] {processor.py:186} INFO - Started process (PID=18394) to work on /home/m9d9v9/PycharmProjects/Airflow-2/Airflow-2/.venv/lib/python3.10/site-packages/airflow/example_dags/tutorial_taskflow_api.py
[2024-12-06T23:36:26.109-0600] {processor.py:914} INFO - Processing file /home/m9d9v9/PycharmProjects/Airflow-2/Airflow-2/.venv/lib/python3.10/site-packages/airflow/example_dags/tutorial_taskflow_api.py for tasks to queue
[2024-12-06T23:36:26.112-0600] {logging_mixin.py:190} INFO - [2024-12-06T23:36:26.111-0600] {dagbag.py:588} INFO - Filling up the DagBag from /home/m9d9v9/PycharmProjects/Airflow-2/Airflow-2/.venv/lib/python3.10/site-packages/airflow/example_dags/tutorial_taskflow_api.py
[2024-12-06T23:36:26.127-0600] {processor.py:925} INFO - DAG(s) 'tutorial_taskflow_api' retrieved from /home/m9d9v9/PycharmProjects/Airflow-2/Airflow-2/.venv/lib/python3.10/site-packages/airflow/example_dags/tutorial_taskflow_api.py
[2024-12-06T23:36:26.151-0600] {logging_mixin.py:190} INFO - [2024-12-06T23:36:26.151-0600] {dag.py:3239} INFO - Sync 1 DAGs
[2024-12-06T23:36:26.158-0600] {logging_mixin.py:190} INFO - [2024-12-06T23:36:26.158-0600] {dag.py:4180} INFO - Setting next_dagrun for tutorial_taskflow_api to None, run_after=None
[2024-12-06T23:36:26.170-0600] {processor.py:208} INFO - Processing /home/m9d9v9/PycharmProjects/Airflow-2/Airflow-2/.venv/lib/python3.10/site-packages/airflow/example_dags/tutorial_taskflow_api.py took 0.078 seconds
[2024-12-06T23:37:27.210-0600] {processor.py:186} INFO - Started process (PID=18675) to work on /home/m9d9v9/PycharmProjects/Airflow-2/Airflow-2/.venv/lib/python3.10/site-packages/airflow/example_dags/tutorial_taskflow_api.py
[2024-12-06T23:37:27.211-0600] {processor.py:914} INFO - Processing file /home/m9d9v9/PycharmProjects/Airflow-2/Airflow-2/.venv/lib/python3.10/site-packages/airflow/example_dags/tutorial_taskflow_api.py for tasks to queue
[2024-12-06T23:37:27.212-0600] {logging_mixin.py:190} INFO - [2024-12-06T23:37:27.211-0600] {dagbag.py:588} INFO - Filling up the DagBag from /home/m9d9v9/PycharmProjects/Airflow-2/Airflow-2/.venv/lib/python3.10/site-packages/airflow/example_dags/tutorial_taskflow_api.py
[2024-12-06T23:37:27.218-0600] {processor.py:925} INFO - DAG(s) 'tutorial_taskflow_api' retrieved from /home/m9d9v9/PycharmProjects/Airflow-2/Airflow-2/.venv/lib/python3.10/site-packages/airflow/example_dags/tutorial_taskflow_api.py
[2024-12-06T23:37:27.339-0600] {logging_mixin.py:190} INFO - [2024-12-06T23:37:27.339-0600] {dag.py:3239} INFO - Sync 1 DAGs
[2024-12-06T23:37:27.346-0600] {logging_mixin.py:190} INFO - [2024-12-06T23:37:27.346-0600] {dag.py:4180} INFO - Setting next_dagrun for tutorial_taskflow_api to None, run_after=None
[2024-12-06T23:37:27.363-0600] {processor.py:208} INFO - Processing /home/m9d9v9/PycharmProjects/Airflow-2/Airflow-2/.venv/lib/python3.10/site-packages/airflow/example_dags/tutorial_taskflow_api.py took 0.157 seconds
[2024-12-06T23:38:26.036-0600] {processor.py:186} INFO - Started process (PID=18799) to work on /home/m9d9v9/PycharmProjects/Airflow-2/Airflow-2/.venv/lib/python3.10/site-packages/airflow/example_dags/tutorial_taskflow_api.py
[2024-12-06T23:38:26.043-0600] {processor.py:914} INFO - Processing file /home/m9d9v9/PycharmProjects/Airflow-2/Airflow-2/.venv/lib/python3.10/site-packages/airflow/example_dags/tutorial_taskflow_api.py for tasks to queue
[2024-12-06T23:38:26.046-0600] {logging_mixin.py:190} INFO - [2024-12-06T23:38:26.045-0600] {dagbag.py:588} INFO - Filling up the DagBag from /home/m9d9v9/PycharmProjects/Airflow-2/Airflow-2/.venv/lib/python3.10/site-packages/airflow/example_dags/tutorial_taskflow_api.py
[2024-12-06T23:38:26.061-0600] {processor.py:925} INFO - DAG(s) 'tutorial_taskflow_api' retrieved from /home/m9d9v9/PycharmProjects/Airflow-2/Airflow-2/.venv/lib/python3.10/site-packages/airflow/example_dags/tutorial_taskflow_api.py
[2024-12-06T23:38:26.086-0600] {logging_mixin.py:190} INFO - [2024-12-06T23:38:26.085-0600] {dag.py:3239} INFO - Sync 1 DAGs
[2024-12-06T23:38:26.093-0600] {logging_mixin.py:190} INFO - [2024-12-06T23:38:26.092-0600] {dag.py:4180} INFO - Setting next_dagrun for tutorial_taskflow_api to None, run_after=None
[2024-12-06T23:38:26.103-0600] {processor.py:208} INFO - Processing /home/m9d9v9/PycharmProjects/Airflow-2/Airflow-2/.venv/lib/python3.10/site-packages/airflow/example_dags/tutorial_taskflow_api.py took 0.078 seconds
[2024-12-06T23:39:00.169-0600] {processor.py:186} INFO - Started process (PID=18891) to work on /home/m9d9v9/PycharmProjects/Airflow-2/Airflow-2/.venv/lib/python3.10/site-packages/airflow/example_dags/tutorial_taskflow_api.py
[2024-12-06T23:39:00.176-0600] {processor.py:914} INFO - Processing file /home/m9d9v9/PycharmProjects/Airflow-2/Airflow-2/.venv/lib/python3.10/site-packages/airflow/example_dags/tutorial_taskflow_api.py for tasks to queue
[2024-12-06T23:39:00.178-0600] {logging_mixin.py:190} INFO - [2024-12-06T23:39:00.177-0600] {dagbag.py:588} INFO - Filling up the DagBag from /home/m9d9v9/PycharmProjects/Airflow-2/Airflow-2/.venv/lib/python3.10/site-packages/airflow/example_dags/tutorial_taskflow_api.py
[2024-12-06T23:39:00.188-0600] {processor.py:925} INFO - DAG(s) 'tutorial_taskflow_api' retrieved from /home/m9d9v9/PycharmProjects/Airflow-2/Airflow-2/.venv/lib/python3.10/site-packages/airflow/example_dags/tutorial_taskflow_api.py
[2024-12-06T23:39:00.206-0600] {logging_mixin.py:190} INFO - [2024-12-06T23:39:00.205-0600] {dag.py:3239} INFO - Sync 1 DAGs
[2024-12-06T23:39:00.218-0600] {logging_mixin.py:190} INFO - [2024-12-06T23:39:00.218-0600] {dag.py:4180} INFO - Setting next_dagrun for tutorial_taskflow_api to None, run_after=None
[2024-12-06T23:39:00.233-0600] {processor.py:208} INFO - Processing /home/m9d9v9/PycharmProjects/Airflow-2/Airflow-2/.venv/lib/python3.10/site-packages/airflow/example_dags/tutorial_taskflow_api.py took 0.072 seconds
[2024-12-06T23:39:34.140-0600] {processor.py:186} INFO - Started process (PID=19059) to work on /home/m9d9v9/PycharmProjects/Airflow-2/Airflow-2/.venv/lib/python3.10/site-packages/airflow/example_dags/tutorial_taskflow_api.py
[2024-12-06T23:39:34.146-0600] {processor.py:914} INFO - Processing file /home/m9d9v9/PycharmProjects/Airflow-2/Airflow-2/.venv/lib/python3.10/site-packages/airflow/example_dags/tutorial_taskflow_api.py for tasks to queue
[2024-12-06T23:39:34.149-0600] {logging_mixin.py:190} INFO - [2024-12-06T23:39:34.148-0600] {dagbag.py:588} INFO - Filling up the DagBag from /home/m9d9v9/PycharmProjects/Airflow-2/Airflow-2/.venv/lib/python3.10/site-packages/airflow/example_dags/tutorial_taskflow_api.py
[2024-12-06T23:39:34.158-0600] {processor.py:925} INFO - DAG(s) 'tutorial_taskflow_api' retrieved from /home/m9d9v9/PycharmProjects/Airflow-2/Airflow-2/.venv/lib/python3.10/site-packages/airflow/example_dags/tutorial_taskflow_api.py
[2024-12-06T23:39:34.179-0600] {logging_mixin.py:190} INFO - [2024-12-06T23:39:34.178-0600] {dag.py:3239} INFO - Sync 1 DAGs
[2024-12-06T23:39:34.193-0600] {logging_mixin.py:190} INFO - [2024-12-06T23:39:34.193-0600] {dag.py:4180} INFO - Setting next_dagrun for tutorial_taskflow_api to None, run_after=None
[2024-12-06T23:39:34.204-0600] {processor.py:208} INFO - Processing /home/m9d9v9/PycharmProjects/Airflow-2/Airflow-2/.venv/lib/python3.10/site-packages/airflow/example_dags/tutorial_taskflow_api.py took 0.073 seconds
[2024-12-06T23:40:30.439-0600] {processor.py:186} INFO - Started process (PID=19247) to work on /home/m9d9v9/PycharmProjects/Airflow-2/Airflow-2/.venv/lib/python3.10/site-packages/airflow/example_dags/tutorial_taskflow_api.py
[2024-12-06T23:40:30.445-0600] {processor.py:914} INFO - Processing file /home/m9d9v9/PycharmProjects/Airflow-2/Airflow-2/.venv/lib/python3.10/site-packages/airflow/example_dags/tutorial_taskflow_api.py for tasks to queue
[2024-12-06T23:40:30.447-0600] {logging_mixin.py:190} INFO - [2024-12-06T23:40:30.446-0600] {dagbag.py:588} INFO - Filling up the DagBag from /home/m9d9v9/PycharmProjects/Airflow-2/Airflow-2/.venv/lib/python3.10/site-packages/airflow/example_dags/tutorial_taskflow_api.py
[2024-12-06T23:40:30.459-0600] {processor.py:925} INFO - DAG(s) 'tutorial_taskflow_api' retrieved from /home/m9d9v9/PycharmProjects/Airflow-2/Airflow-2/.venv/lib/python3.10/site-packages/airflow/example_dags/tutorial_taskflow_api.py
[2024-12-06T23:40:30.477-0600] {logging_mixin.py:190} INFO - [2024-12-06T23:40:30.476-0600] {dag.py:3239} INFO - Sync 1 DAGs
[2024-12-06T23:40:30.490-0600] {logging_mixin.py:190} INFO - [2024-12-06T23:40:30.490-0600] {dag.py:4180} INFO - Setting next_dagrun for tutorial_taskflow_api to None, run_after=None
[2024-12-06T23:40:30.504-0600] {processor.py:208} INFO - Processing /home/m9d9v9/PycharmProjects/Airflow-2/Airflow-2/.venv/lib/python3.10/site-packages/airflow/example_dags/tutorial_taskflow_api.py took 0.071 seconds
[2024-12-06T23:41:24.242-0600] {processor.py:186} INFO - Started process (PID=19335) to work on /home/m9d9v9/PycharmProjects/Airflow-2/Airflow-2/.venv/lib/python3.10/site-packages/airflow/example_dags/tutorial_taskflow_api.py
[2024-12-06T23:41:24.248-0600] {processor.py:914} INFO - Processing file /home/m9d9v9/PycharmProjects/Airflow-2/Airflow-2/.venv/lib/python3.10/site-packages/airflow/example_dags/tutorial_taskflow_api.py for tasks to queue
[2024-12-06T23:41:24.250-0600] {logging_mixin.py:190} INFO - [2024-12-06T23:41:24.249-0600] {dagbag.py:588} INFO - Filling up the DagBag from /home/m9d9v9/PycharmProjects/Airflow-2/Airflow-2/.venv/lib/python3.10/site-packages/airflow/example_dags/tutorial_taskflow_api.py
[2024-12-06T23:41:24.257-0600] {processor.py:925} INFO - DAG(s) 'tutorial_taskflow_api' retrieved from /home/m9d9v9/PycharmProjects/Airflow-2/Airflow-2/.venv/lib/python3.10/site-packages/airflow/example_dags/tutorial_taskflow_api.py
[2024-12-06T23:41:24.269-0600] {logging_mixin.py:190} INFO - [2024-12-06T23:41:24.269-0600] {dag.py:3239} INFO - Sync 1 DAGs
[2024-12-06T23:41:24.280-0600] {logging_mixin.py:190} INFO - [2024-12-06T23:41:24.280-0600] {dag.py:4180} INFO - Setting next_dagrun for tutorial_taskflow_api to None, run_after=None
[2024-12-06T23:41:24.294-0600] {processor.py:208} INFO - Processing /home/m9d9v9/PycharmProjects/Airflow-2/Airflow-2/.venv/lib/python3.10/site-packages/airflow/example_dags/tutorial_taskflow_api.py took 0.058 seconds
