[2024-12-06T22:22:44.028-0600] {local_task_job_runner.py:123} INFO - ::group::Pre task execution logs
[2024-12-06T22:22:44.034-0600] {taskinstance.py:2613} INFO - Dependencies all met for dep_context=non-requeueable deps ti=<TaskInstance: example_bash_operator.also_run_this scheduled__2024-12-06T00:00:00+00:00 [queued]>
[2024-12-06T22:22:44.037-0600] {taskinstance.py:2613} INFO - Dependencies all met for dep_context=requeueable deps ti=<TaskInstance: example_bash_operator.also_run_this scheduled__2024-12-06T00:00:00+00:00 [queued]>
[2024-12-06T22:22:44.037-0600] {taskinstance.py:2866} INFO - Starting attempt 1 of 1
[2024-12-06T22:22:44.045-0600] {taskinstance.py:2889} INFO - Executing <Task(BashOperator): also_run_this> on 2024-12-06 00:00:00+00:00
[2024-12-06T22:22:44.047-0600] {standard_task_runner.py:72} INFO - Started process 12886 to run task
[2024-12-06T22:22:44.050-0600] {standard_task_runner.py:104} INFO - Running: ['airflow', 'tasks', 'run', 'example_bash_operator', 'also_run_this', 'scheduled__2024-12-06T00:00:00+00:00', '--job-id', '6', '--raw', '--subdir', '/home/m9d9v9/PycharmProjects/Airflow-2/Airflow-2/.venv/lib/python3.10/site-packages/airflow/example_dags/example_bash_operator.py', '--cfg-path', '/tmp/tmpw98rllgt']
[2024-12-06T22:22:44.051-0600] {standard_task_runner.py:105} INFO - Job 6: Subtask also_run_this
[2024-12-06T22:22:44.081-0600] {task_command.py:467} INFO - Running <TaskInstance: example_bash_operator.also_run_this scheduled__2024-12-06T00:00:00+00:00 [running]> on host m9dv9
[2024-12-06T22:22:44.121-0600] {taskinstance.py:3132} INFO - Exporting env vars: AIRFLOW_CTX_DAG_OWNER='airflow' AIRFLOW_CTX_DAG_ID='example_bash_operator' AIRFLOW_CTX_TASK_ID='also_run_this' AIRFLOW_CTX_EXECUTION_DATE='2024-12-06T00:00:00+00:00' AIRFLOW_CTX_TRY_NUMBER='1' AIRFLOW_CTX_DAG_RUN_ID='scheduled__2024-12-06T00:00:00+00:00'
[2024-12-06T22:22:44.122-0600] {logging_mixin.py:190} INFO - Task instance is in running state
[2024-12-06T22:22:44.123-0600] {logging_mixin.py:190} INFO -  Previous state of the Task instance: queued
[2024-12-06T22:22:44.123-0600] {logging_mixin.py:190} INFO - Current task name:also_run_this state:running start_date:2024-12-07 04:22:44.034570+00:00
[2024-12-06T22:22:44.123-0600] {logging_mixin.py:190} INFO - Dag name:example_bash_operator and current dag run status:running
[2024-12-06T22:22:44.123-0600] {taskinstance.py:731} INFO - ::endgroup::
[2024-12-06T22:22:44.123-0600] {subprocess.py:78} INFO - Tmp dir root location: /tmp
[2024-12-06T22:22:44.124-0600] {subprocess.py:88} INFO - Running command: ['/usr/bin/bash', '-c', 'echo "ti_key=example_bash_operator__also_run_this__20241206"']
[2024-12-06T22:22:44.129-0600] {subprocess.py:99} INFO - Output:
[2024-12-06T22:22:44.130-0600] {subprocess.py:106} INFO - ti_key=example_bash_operator__also_run_this__20241206
[2024-12-06T22:22:44.130-0600] {subprocess.py:110} INFO - Command exited with return code 0
[2024-12-06T22:22:44.146-0600] {taskinstance.py:340} INFO - ::group::Post task execution logs
[2024-12-06T22:22:44.147-0600] {taskinstance.py:352} INFO - Marking task as SUCCESS. dag_id=example_bash_operator, task_id=also_run_this, run_id=scheduled__2024-12-06T00:00:00+00:00, execution_date=20241206T000000, start_date=20241207T042244, end_date=20241207T042244
[2024-12-06T22:22:44.158-0600] {logging_mixin.py:190} INFO - Task instance in success state
[2024-12-06T22:22:44.158-0600] {logging_mixin.py:190} INFO -  Previous state of the Task instance: running
[2024-12-06T22:22:44.158-0600] {logging_mixin.py:190} INFO - Dag name:example_bash_operator queued_at:2024-12-07 04:22:34.033465+00:00
[2024-12-06T22:22:44.158-0600] {logging_mixin.py:190} INFO - Task hostname:m9dv9 operator:BashOperator
[2024-12-06T22:22:44.183-0600] {local_task_job_runner.py:266} INFO - Task exited with return code 0
[2024-12-06T22:22:44.195-0600] {taskinstance.py:3895} INFO - 0 downstream tasks scheduled from follow-on schedule check
[2024-12-06T22:22:44.196-0600] {local_task_job_runner.py:245} INFO - ::endgroup::
