[2024-12-06T22:22:47.530-0600] {local_task_job_runner.py:123} INFO - ::group::Pre task execution logs
[2024-12-06T22:22:47.536-0600] {taskinstance.py:2613} INFO - Dependencies all met for dep_context=non-requeueable deps ti=<TaskInstance: example_bash_operator.run_after_loop scheduled__2024-12-06T00:00:00+00:00 [queued]>
[2024-12-06T22:22:47.540-0600] {taskinstance.py:2613} INFO - Dependencies all met for dep_context=requeueable deps ti=<TaskInstance: example_bash_operator.run_after_loop scheduled__2024-12-06T00:00:00+00:00 [queued]>
[2024-12-06T22:22:47.540-0600] {taskinstance.py:2866} INFO - Starting attempt 1 of 1
[2024-12-06T22:22:47.547-0600] {taskinstance.py:2889} INFO - Executing <Task(BashOperator): run_after_loop> on 2024-12-06 00:00:00+00:00
[2024-12-06T22:22:47.550-0600] {standard_task_runner.py:72} INFO - Started process 12897 to run task
[2024-12-06T22:22:47.553-0600] {standard_task_runner.py:104} INFO - Running: ['airflow', 'tasks', 'run', 'example_bash_operator', 'run_after_loop', 'scheduled__2024-12-06T00:00:00+00:00', '--job-id', '8', '--raw', '--subdir', '/home/m9d9v9/PycharmProjects/Airflow-2/Airflow-2/.venv/lib/python3.10/site-packages/airflow/example_dags/example_bash_operator.py', '--cfg-path', '/tmp/tmp8mfpju5h']
[2024-12-06T22:22:47.554-0600] {standard_task_runner.py:105} INFO - Job 8: Subtask run_after_loop
[2024-12-06T22:22:47.579-0600] {task_command.py:467} INFO - Running <TaskInstance: example_bash_operator.run_after_loop scheduled__2024-12-06T00:00:00+00:00 [running]> on host m9dv9
[2024-12-06T22:22:47.614-0600] {taskinstance.py:3132} INFO - Exporting env vars: AIRFLOW_CTX_DAG_OWNER='airflow' AIRFLOW_CTX_DAG_ID='example_bash_operator' AIRFLOW_CTX_TASK_ID='run_after_loop' AIRFLOW_CTX_EXECUTION_DATE='2024-12-06T00:00:00+00:00' AIRFLOW_CTX_TRY_NUMBER='1' AIRFLOW_CTX_DAG_RUN_ID='scheduled__2024-12-06T00:00:00+00:00'
[2024-12-06T22:22:47.615-0600] {logging_mixin.py:190} INFO - Task instance is in running state
[2024-12-06T22:22:47.615-0600] {logging_mixin.py:190} INFO -  Previous state of the Task instance: queued
[2024-12-06T22:22:47.615-0600] {logging_mixin.py:190} INFO - Current task name:run_after_loop state:running start_date:2024-12-07 04:22:47.537011+00:00
[2024-12-06T22:22:47.615-0600] {logging_mixin.py:190} INFO - Dag name:example_bash_operator and current dag run status:running
[2024-12-06T22:22:47.615-0600] {taskinstance.py:731} INFO - ::endgroup::
[2024-12-06T22:22:47.616-0600] {subprocess.py:78} INFO - Tmp dir root location: /tmp
[2024-12-06T22:22:47.616-0600] {subprocess.py:88} INFO - Running command: ['/usr/bin/bash', '-c', 'echo https://airflow.apache.org/']
[2024-12-06T22:22:47.623-0600] {subprocess.py:99} INFO - Output:
[2024-12-06T22:22:47.625-0600] {subprocess.py:106} INFO - https://airflow.apache.org/
[2024-12-06T22:22:47.625-0600] {subprocess.py:110} INFO - Command exited with return code 0
[2024-12-06T22:22:47.636-0600] {taskinstance.py:340} INFO - ::group::Post task execution logs
[2024-12-06T22:22:47.636-0600] {taskinstance.py:352} INFO - Marking task as SUCCESS. dag_id=example_bash_operator, task_id=run_after_loop, run_id=scheduled__2024-12-06T00:00:00+00:00, execution_date=20241206T000000, start_date=20241207T042247, end_date=20241207T042247
[2024-12-06T22:22:47.642-0600] {logging_mixin.py:190} INFO - Task instance in success state
[2024-12-06T22:22:47.642-0600] {logging_mixin.py:190} INFO -  Previous state of the Task instance: running
[2024-12-06T22:22:47.642-0600] {logging_mixin.py:190} INFO - Dag name:example_bash_operator queued_at:2024-12-07 04:22:34.033465+00:00
[2024-12-06T22:22:47.642-0600] {logging_mixin.py:190} INFO - Task hostname:m9dv9 operator:BashOperator
[2024-12-06T22:22:47.686-0600] {local_task_job_runner.py:266} INFO - Task exited with return code 0
[2024-12-06T22:22:47.695-0600] {taskinstance.py:3895} INFO - 0 downstream tasks scheduled from follow-on schedule check
[2024-12-06T22:22:47.695-0600] {local_task_job_runner.py:245} INFO - ::endgroup::
