[2024-12-06T22:41:12.802-0600] {local_task_job_runner.py:123} INFO - ::group::Pre task execution logs
[2024-12-06T22:41:12.808-0600] {taskinstance.py:2613} INFO - Dependencies all met for dep_context=non-requeueable deps ti=<TaskInstance: reddit_dag.reddit_extraction scheduled__2024-12-06T00:00:00+00:00 [queued]>
[2024-12-06T22:41:12.837-0600] {taskinstance.py:2613} INFO - Dependencies all met for dep_context=requeueable deps ti=<TaskInstance: reddit_dag.reddit_extraction scheduled__2024-12-06T00:00:00+00:00 [queued]>
[2024-12-06T22:41:12.840-0600] {taskinstance.py:2866} INFO - Starting attempt 2 of 2
[2024-12-06T22:41:12.852-0600] {taskinstance.py:2889} INFO - Executing <Task(PythonOperator): reddit_extraction> on 2024-12-06 00:00:00+00:00
[2024-12-06T22:41:12.855-0600] {standard_task_runner.py:72} INFO - Started process 15158 to run task
[2024-12-06T22:41:12.858-0600] {standard_task_runner.py:104} INFO - Running: ['airflow', 'tasks', 'run', 'reddit_dag', 'reddit_extraction', 'scheduled__2024-12-06T00:00:00+00:00', '--job-id', '12', '--raw', '--subdir', 'DAGS_FOLDER/reddit_dag.py', '--cfg-path', '/tmp/tmpkxln6urh']
[2024-12-06T22:41:12.859-0600] {standard_task_runner.py:105} INFO - Job 12: Subtask reddit_extraction
[2024-12-06T22:41:12.883-0600] {task_command.py:467} INFO - Running <TaskInstance: reddit_dag.reddit_extraction scheduled__2024-12-06T00:00:00+00:00 [running]> on host m9dv9
[2024-12-06T22:41:12.930-0600] {taskinstance.py:3132} INFO - Exporting env vars: AIRFLOW_CTX_DAG_OWNER='Misael' AIRFLOW_CTX_DAG_ID='reddit_dag' AIRFLOW_CTX_TASK_ID='reddit_extraction' AIRFLOW_CTX_EXECUTION_DATE='2024-12-06T00:00:00+00:00' AIRFLOW_CTX_TRY_NUMBER='2' AIRFLOW_CTX_DAG_RUN_ID='scheduled__2024-12-06T00:00:00+00:00'
[2024-12-06T22:41:12.931-0600] {logging_mixin.py:190} INFO - Task instance is in running state
[2024-12-06T22:41:12.931-0600] {logging_mixin.py:190} INFO -  Previous state of the Task instance: queued
[2024-12-06T22:41:12.931-0600] {logging_mixin.py:190} INFO - Current task name:reddit_extraction state:running start_date:2024-12-07 04:41:12.808610+00:00
[2024-12-06T22:41:12.931-0600] {logging_mixin.py:190} INFO - Dag name:reddit_dag and current dag run status:running
[2024-12-06T22:41:12.931-0600] {taskinstance.py:731} INFO - ::endgroup::
[2024-12-06T22:41:12.933-0600] {logging_mixin.py:190} INFO - Connected!
[2024-12-06T22:41:13.914-0600] {python.py:240} INFO - Done. Returned value was: dags/data/output/reddit_20241206.csv
[2024-12-06T22:41:13.934-0600] {taskinstance.py:340} INFO - ::group::Post task execution logs
[2024-12-06T22:41:13.935-0600] {taskinstance.py:352} INFO - Marking task as SUCCESS. dag_id=reddit_dag, task_id=reddit_extraction, run_id=scheduled__2024-12-06T00:00:00+00:00, execution_date=20241206T000000, start_date=20241207T044112, end_date=20241207T044113
[2024-12-06T22:41:13.944-0600] {logging_mixin.py:190} INFO - Task instance in success state
[2024-12-06T22:41:13.945-0600] {logging_mixin.py:190} INFO -  Previous state of the Task instance: running
[2024-12-06T22:41:13.945-0600] {logging_mixin.py:190} INFO - Dag name:reddit_dag queued_at:2024-12-07 04:41:10.862471+00:00
[2024-12-06T22:41:13.945-0600] {logging_mixin.py:190} INFO - Task hostname:m9dv9 operator:PythonOperator
[2024-12-06T22:41:13.994-0600] {local_task_job_runner.py:266} INFO - Task exited with return code 0
[2024-12-06T22:41:14.003-0600] {taskinstance.py:3895} INFO - 0 downstream tasks scheduled from follow-on schedule check
[2024-12-06T22:41:14.004-0600] {local_task_job_runner.py:245} INFO - ::endgroup::
